
#-----------------------------------------------------------------------------#
#                                                                             #
#                                EasyHybrid                                   #
#                   - A pDynamo graphical user interface -                    #
#                                                                             #
#-----------------------------------------------------------------------------#
#                                                                             #
#     Developed by Jose Fernando R Bachega and Luis Fernando S M Timmers      #
#                            <ferbachega@gmail.com>                           #
#                                                                             #
#             visit: https://sites.google.com/site/EasyHybrid/                #
#                   Univesity of Sao Paulo - SP, Brazil                       #
#      Pontifical Catholic University of Rio Grande do Sul - RS, Brazil       #
#                                                                             #
#                                                                             #
#   EasyHybrid team:                               Special thanks to:         #
#   - Jose Fernando R Bachega           |         - Fernando V Maluf          #
#   - Michele Silva                     |                                     #
#   - Luis Fernando S M Timmers         |                                     #
#   - Martin Field                      |         - Leonardo R Bachega        #
#   - Troy Wymore                       |         - Lucas Assirati            #
#   - Osmar Norberto de Souza           |         - Richard Garratt           #
#   - Walter R Paixao-Cortes            |                                     #
#                                                                             #
#   Cite this work as:                                                        #
#   J.F.R. Bachega, L.F.S.M. Timmers, L.Assirati, L.B. Bachega, M.J. Field,   #
#   T. Wymore. J. Comput. Chem. 2013, 34, 2190-2196. DOI: 10.1002/jcc.23346   #
#                                                                             #
#-----------------------------------------------------------------------------#

Generated on Wed Jun  5 17:24:14 2019


--------------------------------------------------------------------------------
                       Summary for System "Pruned System"
--------------------------------------------------------------------------------

---------------------------- Atom Container Summary ----------------------------
Number of Atoms        =           2173  Number of Heavy Atoms  =           1040
Number of Hydrogens    =           1133  Number of Unknowns     =              0
--------------------------------------------------------------------------------

----------------------------- Connectivity Summary -----------------------------
Atoms                  =           2173
--------------------------------------------------------------------------------

------------------------------- Electronic State -------------------------------
Charge                 =             -1  Multiplicity           =              1
--------------------------------------------------------------------------------

--------------------------------------------------------------------------------
                    Summary for Energy Model "AMBER/AM1/ABFS"
--------------------------------------------------------------------------------

----------------------------------- Summary for MM Model "AMBER" -----------------------------------
LJ 1-4 Scaling                   =          0.500  El. 1-4 Scaling                  =          0.833
Number of MM Atoms               =           2173  Number of MM Atom Types          =             37
Number of Inactive MM Atoms      =             33  Total MM Charge                  =          -4.00
Harmonic Bond Terms              =           2169  Harmonic Bond Parameters         =             49
Harmonic Bond Inactive           =           1308  Fourier Improper Terms           =            320
Fourier Improper Parameters      =              3  Fourier Improper Inactive        =            164
Harmonic Angle Terms             =           3403  Harmonic Angle Parameters        =            103
Harmonic Angle Inactive          =           1938  Fourier Dihedral Terms           =           6697
Fourier Dihedral Parameters      =             48  Fourier Dihedral Inactive        =           3453
Exclusions                       =          10377  1-4 Interactions                 =           4805
LJ Parameters Form               =          AMBER  LJ Parameters Types              =             21
1-4 Lennard-Jones Form           =          AMBER  1-4 Lennard-Jones Types          =             21
----------------------------------------------------------------------------------------------------

-------------------------- Summary for QC Model "AM1" --------------------------
Number of QC Atoms     =             39  Boundary Atoms         =              6
Nuclear Charge         =            129  Orbital Functions      =            108
Fitting Functions      =              0  Energy Base Line       =      188.36370
QC Parameter Centers   =              6
--------------------------------------------------------------------------------

----------------------------- ABFS NB Model Summary ----------------------------
Dielectric             =       1.000000  El. 1-4 Scaling        =       0.833333
Damping Cutoff         =       0.500000  Inner Cutoff           =       8.000000
List Cutoff            =      13.500000  Outer Cutoff           =      12.000000
QC/MM Coupling         =    RC Coupling  Use Centering          =          False
--------------------------------------------------------------------------------

-------------------------- Pairlist Generator Summary --------------------------
Cell Size              =          6.750  Cutoff                 =         13.500
Cutoff Cell Size Factor =          0.500  Grid Cell/Cell Method  =           True
Minimum Cell Extent    =              2  Minimum Cell Size      =          3.000
Minimum Extent Factor  =          1.500  Minimum Points         =            500
Sort Indices           =          False
--------------------------------------------------------------------------------

----------------------- SoftConstraint Container Summary -----------------------
Multiple Distance      =              2
--------------------------------------------------------------------------------

---------------------------- Hard Constraint Container Summary ---------------------------
Number of Charge Constraints  =            0  Number of Fixed Atoms         =         1351
------------------------------------------------------------------------------------------

------------------------------- Sequence Summary -------------------------------
Number of Atoms            =       2173  Number of Components       =        213
Number of Entities         =          1  Number of Linear Polymers  =          0
Number of Links            =          0  Number of Variants         =          0
--------------------------------------------------------------------------------

-------------------------------  Conjugate Gradient Minimizer Options ------------------------------
Beta Type                        =              1  Initial Step                     =            0.1
Line Searcher                    =           None  Log Frequency                    =              1
Maximum Iterations               =           5000  Maximum Theta                    =          1e+10
Minimum Theta                    =          1e-10  RMS Gradient Tolerance           =            0.1
Steepest Descent Tolerance       =          0.001  Use Spectral Theta               =           True
----------------------------------------------------------------------------------------------------

----------------------------------------------------------------------------------------------------------------
  Iteration       Function          RMS Gradient        Max. |Grad.|          RMS Disp.         Max. |Disp.|
----------------------------------------------------------------------------------------------------------------
     0     I      -9521.33048564         38.77738331       1516.58934851          0.00201374          0.07875769
     1   L1s      -9556.61823913          4.28996679        114.11682058          0.00074072          0.01958890
     2   L1s      -9557.23840435          2.60462615         65.31806836          0.00011772          0.00352488
     3   L1s      -9558.69804306          2.36600461         64.16756448          0.00053422          0.01664834
     4   L1s      -9559.35526513          1.28375717         28.51397323          0.00032582          0.00660558
     5   L1s      -9559.47592279          1.60435275         34.16740651          0.00009535          0.00222411
     6   L1s      -9559.66566177          0.98558636         19.19311061          0.00017805          0.00333615
     7   L1s      -9559.90236049          1.20679840         27.36857777          0.00029423          0.00639434
     8   L1s      -9559.98902198          1.09654323         21.53305405          0.00012248          0.00284809
     9   L1s      -9560.11601408          0.46389393          8.80445472          0.00020267          0.00308514
    10   L1s      -9560.14711818          0.78504382         18.32850089          0.00007396          0.00146241
    11   L1s      -9560.17940827          0.47663987          8.74699031          0.00008370          0.00145997
    12   L1s      -9560.21517204          0.43501589         11.41767316          0.00011090          0.00203966
    13   L1s      -9560.24075668          0.31057140          5.61798627          0.00009262          0.00177004
    14   L1s      -9560.25120796          0.47155437         14.45735953          0.00004660          0.00091184
    15   L1s      -9560.27296343          0.32975447          4.77494438          0.00010397          0.00212428
    16   L1s      -9560.28201741          0.43899868         13.33323799          0.00004877          0.00099321
    17   L1s      -9560.29600738          0.21899752          2.98650887          0.00007968          0.00148049
    18   L0s      -9560.30867566          0.22186971          3.50818162          0.00007968          0.00155860
    19   L1s      -9560.31781655          0.26921979          7.66882421          0.00006760          0.00127450
    20   L1s      -9560.32291638          0.31585987          7.15731249          0.00004231          0.00077673
    21   L1s      -9560.33190261          0.21907777          4.55668047          0.00007807          0.00141523
    22   L1s      -9560.33534632          0.24698433          6.03302199          0.00003253          0.00060533
    23   L1s      -9560.34213411          0.21610140          3.71190795          0.00006789          0.00136256
    24   L1s      -9560.35038658          0.17727104          2.74083374          0.00008815          0.00164303
    25   L1s      -9560.35411460          0.30194804          6.57390678          0.00004331          0.00079963
    26   L1s      -9560.36065562          0.20346842          3.35651137          0.00007803          0.00148187
    27   L1s      -9560.36844094          0.15709639          2.36263317          0.00009787          0.00184567
    28   L1s      -9560.37475528          0.26290721          6.38250441          0.00008590          0.00168038
    29   L1s      -9560.37777494          0.20001708          2.68838905          0.00004213          0.00088171
    30   L1s      -9560.38359395          0.19111583          3.58304259          0.00008459          0.00185008
    31   L1s      -9560.38848177          0.25319178          6.44883696          0.00007415          0.00165309
    32   L1s      -9560.39227431          0.17196987          2.81952477          0.00005876          0.00137393
    33   L1s      -9560.39717647          0.17712138          2.48906060          0.00007940          0.00196417
    34   L1s      -9560.39988480          0.25322073          6.82078204          0.00004555          0.00114256
    35   L1s      -9560.40530846          0.15854722          2.26365773          0.00009289          0.00228065
    36   L1s      -9560.41120957          0.15039598          1.59742088          0.00010645          0.00270395
    37   L1s      -9560.41559957          0.20784957          6.18924173          0.00008243          0.00206125
    38   L1s      -9560.41760323          0.17552409          3.20738914          0.00003841          0.00093247
    39   L1s      -9560.42301862          0.18535030          3.52367476          0.00010671          0.00260084
    40   L1s      -9560.42518276          0.17320825          3.39422093          0.00004350          0.00106939
    41   L1s      -9560.42796695          0.12400238          1.93710471          0.00005753          0.00139927
    42   L1s      -9560.43106930          0.14457189          2.14554629          0.00006734          0.00162353
    43   L1s      -9560.43261690          0.18806351          4.65944517          0.00003465          0.00083834
    44   L1s      -9560.43600623          0.13712045          2.19947036          0.00007731          0.00194166
    45   L0s      -9560.43944985          0.11912946          1.40478012          0.00007731          0.00192009
    46   L0s      -9560.44307020          0.19160096          5.47029082          0.00007731          0.00192511
    47   L1s      -9560.44480118          0.12536469          1.56543597          0.00004031          0.00102030
    48   L1s      -9560.44844599          0.22238272          7.05168268          0.00010618          0.00267004
    49   L1s      -9560.45111748          0.15590251          3.14138183          0.00007851          0.00192962
    50   L1s      -9560.45636971          0.16045338          2.51712811          0.00015710          0.00383411
    51   L1s      -9560.45961634          0.20487672          6.39037041          0.00009899          0.00240234
    52   L1s      -9560.46212678          0.17300912          3.16214061          0.00007706          0.00184156
    53   L1s      -9560.46556094          0.20133791          4.58902877          0.00010673          0.00251244
    54   L1s      -9560.46800221          0.18719199          4.49622161          0.00007645          0.00177449
    55   L1s      -9560.47497421          0.17870520          2.44754370          0.00022079          0.00514800
    56   L1s      -9560.48089207          0.26977939          7.18099065          0.00018925          0.00439757
    57   L1s      -9560.48505912          0.21048996          3.79456730          0.00013378          0.00307237
    58   L1s      -9560.49141610          0.27340185          7.90323612          0.00020616          0.00472000
    59   L1s      -9560.49508249          0.21136069          4.28489966          0.00011939          0.00273213
    60   L1s      -9560.50168152          0.18584873          2.26175691          0.00021620          0.00485303
    61   L1s      -9560.50721417          0.25853521          7.73573877          0.00018435          0.00407836
    62   L1s      -9560.51176047          0.23953215          4.82099282          0.00015189          0.00328376
    63   L1s      -9560.51959968          0.25290517          5.01385949          0.00026388          0.00560857
    64   L1s      -9560.52315431          0.25737960          5.46688481          0.00011966          0.00249804
    65   L1s      -9560.53320635          0.22760286          2.57721329          0.00034018          0.00690697
    66   L0s      -9560.54301224          0.33641272          9.03783108          0.00034018          0.00689309
    67   L1s      -9560.54906501          0.24824616          3.83889234          0.00020765          0.00421047
    68   L1s      -9560.55942787          0.25850745          4.88467291          0.00034124          0.00689819
    69   L1s      -9560.56298697          0.25946057          6.19151434          0.00011755          0.00239071
    70   L1s      -9560.57154681          0.22091298          2.93420597          0.00028526          0.00601699
    71   L1s      -9560.58289737          0.29893754          6.93831033          0.00038624          0.00828281
    72   L1s      -9560.58906676          0.32384953          9.06710552          0.00020679          0.00446692
    73   L1s      -9560.60337644          0.34559602          6.05909062          0.00048495          0.01057557
    74   L1s      -9560.61224401          0.41020504          9.96181117          0.00029533          0.00648866
    75   L1s      -9560.62709155          0.32775821          5.21326912          0.00049699          0.01108383
    76   L1s      -9560.65041403          0.29423990          3.68346024          0.00077218          0.01724764
    77   L1s      -9560.66705598          0.52799418         15.91835010          0.00055971          0.01252642
    78   L1s      -9560.68173097          0.36983516          5.29753453          0.00049148          0.01106151
    79   L1s      -9560.70097118          0.54922028         18.47517030          0.00063197          0.01429756
    80   L1s      -9560.71754285          0.36332167          5.15482004          0.00053061          0.01203130
    81   L1s      -9560.74710569          0.42578986          8.00707630          0.00094990          0.02170987
    82   L0s      -9560.78031637          0.47146904         11.30326303          0.00094990          0.02196168
    83   L1s      -9560.79688134          0.59083206         15.92877541          0.00047323          0.01096788
    84   L1s      -9560.83673573          0.50268914          8.44156585          0.00118692          0.02772650
    85   L1s      -9560.85758111          0.62378148         15.27226121          0.00050726          0.01195871
    86   L1s      -9560.89423902          0.48694167          8.05491157          0.00089893          0.02135606
    87   L0s      -9560.93167635          0.54584644         10.63927115          0.00089893          0.02149476
    88   L1s      -9560.94542304          0.46685836          8.67426911          0.00031124          0.00743990
    89   L1s      -9560.97469793          0.37287451          7.36858304          0.00066692          0.01598614
    90   L1s      -9561.00097270          0.38261504          8.20583523          0.00056547          0.01345734
    91   L1s      -9561.01874181          0.49774188         12.76809242          0.00038079          0.00907574
    92   L1s      -9561.03323555          0.32035996          5.41235678          0.00031112          0.00732585
    93   L1s      -9561.05102434          0.34364091          7.16339019          0.00038183          0.00888378
    94   L1s      -9561.05843802          0.39631503         10.13445747          0.00015774          0.00369568
    95   L1s      -9561.07470692          0.27971808          4.61628405          0.00034684          0.00803332
    96   L0s      -9561.09129562          0.31159224          6.28705375          0.00034684          0.00791200
    97   L1s      -9561.09979687          0.37874751         10.03298246          0.00017999          0.00408219
    98   L1s      -9561.11201588          0.29118156          4.37378865          0.00026848          0.00599063
    99   L1s      -9561.12222023          0.41612491         14.46867161          0.00022410          0.00486768
   100   L1s      -9561.13112606          0.24958091          3.19620843          0.00019612          0.00409296
   101   L1s      -9561.14358635          0.24230542          3.59564148          0.00027903          0.00548554
   102   L1s      -9561.15336919          0.34346177          8.69452394          0.00022257          0.00425919
   103   L1s      -9561.15891039          0.25843727          4.22206308          0.00012625          0.00226111
   104   L1s      -9561.16980622          0.30670166          8.35259581          0.00024989          0.00435380
   105   L1s      -9561.17539831          0.28915338          6.65972587          0.00012868          0.00208627
   106   L1s      -9561.18652489          0.26141168          4.79320402          0.00025784          0.00389745
   107   L1s      -9561.19966162          0.32057920          7.45195838          0.00030588          0.00430057
   108   L1s      -9561.20449802          0.27961908          4.36801535          0.00011325          0.00147422
   109   L1s      -9561.21451595          0.21033424          3.31482545          0.00023638          0.00251410
   110   L1s      -9561.22203162          0.33670393         10.39584559          0.00018042          0.00182671
   111   L1s      -9561.22881450          0.24514445          4.91172930          0.00016353          0.00141686
   112   L1s      -9561.23753068          0.27354685          4.59841763          0.00021179          0.00180680
   113   L1s      -9561.24229359          0.30028203          7.25774423          0.00011636          0.00099124
   114   L1s      -9561.25083315          0.19888663          3.03331763          0.00020993          0.00188265
   115   L1s      -9561.26155697          0.25487861          6.27751797          0.00026750          0.00243605
   116   L1s      -9561.26564283          0.27059071          7.46745862          0.00010278          0.00094002
   117   L1s      -9561.27277852          0.23260194          3.78036019          0.00018076          0.00162451
   118   L1s      -9561.27775226          0.29218056          8.73438846          0.00012719          0.00112552
   119   L1s      -9561.28353271          0.19122798          3.29768968          0.00014868          0.00126611
   120   L1s      -9561.29125961          0.19985849          3.13355723          0.00020147          0.00165641
   121   L1s      -9561.29547711          0.28946520          8.38293535          0.00011131          0.00091399
   122   L1s      -9561.30052083          0.18636293          2.51920637          0.00013386          0.00116588
   123   L1s      -9561.30639446          0.21599442          5.47744071          0.00015800          0.00140260
   124   L1s      -9561.30913095          0.20291569          4.21406474          0.00007432          0.00066274
   125   L1s      -9561.31540070          0.17460632          2.26630208          0.00017214          0.00146240
   126   L1s      -9561.31867340          0.24361909          6.89078189          0.00009115          0.00075593
   127   L0s      -9561.32201589          0.16468005          2.95527727          0.00009115          0.00072968
   128   L1s      -9561.32712508          0.15814528          2.47834268          0.00013705          0.00120072
   129   L1s      -9561.33117196          0.24316463          6.77340018          0.00011356          0.00100247
   130   L1s      -9561.33473969          0.17896915          2.68221724          0.00010083          0.00094103
   131   L1s      -9561.34098336          0.19644771          3.84242940          0.00017879          0.00173818
   132   L1s      -9561.34395729          0.24245019          6.73862361          0.00008604          0.00081172
   133   L1s      -9561.34790986          0.14901950          2.43152773          0.00011513          0.00110561
   134   L1s      -9561.35306448          0.18758309          3.56825099          0.00015287          0.00150289
   135   L1s      -9561.35621189          0.23181635          6.04304543          0.00009430          0.00091251
   136   L1s      -9561.36071522          0.15423056          3.49892214          0.00013588          0.00135011
   137   L0s      -9561.36481370          0.18708125          4.06570500          0.00013588          0.00141936
   138   L1s      -9561.36689792          0.21388939          4.82441572          0.00006789          0.00069783
   139   L1s      -9561.37138541          0.14757509          3.11748401          0.00013911          0.00146355
   140   L0s      -9561.37576182          0.19236180          3.63623696          0.00013911          0.00149222
   141   L1s      -9561.37814516          0.19092420          3.77773461          0.00007617          0.00079007
   142   L1s      -9561.38278089          0.15402661          3.03993920          0.00014841          0.00149220
   143   L0s      -9561.38748223          0.14617868          2.07224258          0.00014841          0.00143330
   144   L0s      -9561.39190668          0.26825157          7.95855620          0.00014841          0.00141101
   145   L1s      -9561.39532913          0.17689007          2.87448034          0.00011249          0.00103691
   146   L0s      -9561.39929178          0.20632893          6.56966531          0.00011249          0.00107484
   147   L1s      -9561.40166781          0.16786368          3.59502723          0.00006903          0.00063331
   148   L1s      -9561.40589775          0.15487143          2.74286549          0.00013384          0.00123996
   149   L1s      -9561.41134052          0.22815923          6.42319392          0.00017470          0.00162985
   150   L1s      -9561.41398212          0.19504460          3.45101473          0.00008530          0.00080186
   151   L1s      -9561.41988642          0.20882874          6.03426642          0.00019224          0.00173820
   152   L1s      -9561.42203852          0.17801220          4.21844099          0.00007057          0.00065749
   153   L1s      -9561.42620039          0.15803636          3.80500973          0.00013782          0.00130352
   154   L1s      -9561.43087134          0.18623089          4.33968304          0.00015649          0.00149549
   155   L1s      -9561.43334129          0.21821631          5.45783819          0.00008346          0.00080099
   156   L1s      -9561.43865192          0.17166241          3.53293275          0.00018057          0.00172168
   157   L1s      -9561.44068831          0.19460884          5.76279726          0.00006990          0.00066022
   158   L1s      -9561.44383487          0.13905050          3.05711758          0.00010878          0.00099644
   159   L1s      -9561.44790616          0.16067942          2.30158107          0.00014272          0.00126922
   160   L1s      -9561.45044317          0.22329033          6.76213741          0.00008981          0.00078514
   161   L1s      -9561.45447424          0.15554768          2.92761398          0.00014345          0.00120420
   162   L1s      -9561.45714918          0.22004804          7.37685365          0.00009619          0.00079095
   163   L0s      -9561.46004119          0.14327108          2.55613577          0.00009619          0.00074566
   164   L1s      -9561.46401464          0.15570792          3.19027710          0.00011869          0.00088704
   165   L1s      -9561.46655903          0.21684623          6.63562854          0.00008181          0.00060328
   166   L1s      -9561.46981159          0.15014871          2.67063814          0.00010529          0.00076634
   167   L1s      -9561.47244303          0.21880657          6.52140696          0.00008635          0.00062867
   168   L0s      -9561.47513714          0.13905133          2.40943048          0.00008635          0.00063753
   169   L1s      -9561.47913457          0.16157202          3.02411091          0.00012470          0.00093758
   170   L1s      -9561.48139361          0.21422277          6.77250865          0.00007278          0.00055314
   171   L1s      -9561.48500153          0.15796834          2.98362320          0.00011704          0.00090626
   172   L1s      -9561.48737928          0.21426410          6.97699306          0.00007809          0.00061002
   173   L1s      -9561.49066937          0.15056046          3.35334312          0.00010877          0.00086095
   174   L1s      -9561.49462355          0.15296463          3.29193059          0.00013248          0.00105162
   175   L1s      -9561.49611034          0.17500517          5.32572900          0.00005043          0.00039965
   176   L1s      -9561.49910107          0.13835676          2.69052215          0.00010239          0.00079749
   177   L1s      -9561.50089252          0.18743023          5.02928495          0.00006223          0.00047808
   178   L1s      -9561.50384121          0.13854920          3.31196348          0.00010323          0.00076359
   179   L0s      -9561.50700152          0.15127576          3.88031132          0.00010323          0.00073286
   180   L1s      -9561.50834755          0.15319604          3.45063972          0.00004523          0.00030844
   181   L1s      -9561.51139963          0.13896952          2.54621626          0.00011248          0.00074310
   182   L1s      -9561.51332937          0.19264183          5.00907620          0.00007202          0.00047279
   183   L1s      -9561.51624928          0.11873546          1.86989967          0.00010966          0.00070360
   184   L0s      -9561.51908947          0.15916452          4.13533464          0.00010966          0.00069024
   185   L1s      -9561.52041193          0.15099576          3.84735423          0.00005125          0.00031471
   186   L1s      -9561.52284713          0.13132541          2.29739033          0.00009414          0.00055662
   187   L1s      -9561.52477302          0.18372384          4.83764398          0.00007539          0.00043687
   188   L1s      -9561.52706559          0.12055080          1.68040528          0.00009031          0.00049856
   189   L1s      -9561.53014613          0.14098097          2.92888912          0.00012311          0.00065901
   190   L1s      -9561.53121306          0.14395621          3.63810354          0.00004308          0.00023450
   191   L1s      -9561.53372559          0.12014198          2.08072023          0.00010242          0.00056653
   192   L1s      -9561.53504227          0.15413136          3.96369561          0.00005440          0.00030317
   193   L1s      -9561.53694000          0.11476778          2.44382691          0.00007906          0.00044421
   194   L1s      -9561.53928640          0.12945484          3.02290050          0.00009916          0.00055639
   195   L1s      -9561.54041702          0.15367348          4.26284148          0.00004831          0.00026994
   196   L1s      -9561.54257499          0.10512236          1.59689724          0.00009292          0.00050774
   197   L1s      -9561.54382186          0.14920404          4.08850162          0.00005454          0.00030581
   198   L1s      -9561.54534383          0.10166785          1.84936241          0.00006708          0.00041085
   199   L1s      -9561.54742475          0.12074846          2.26736241          0.00009320          0.00060308
   200   L1s      -9561.54838167          0.13931523          3.62099686          0.00004333          0.00029098
   201   L1s      -9561.55012082          0.10225955          2.34383410          0.00007940          0.00056381
   202   L1s      -9561.55136165          0.13952619          3.69751258          0.00005750          0.00041782
   203   L0s      -9561.55259232          0.10446929          2.30168688          0.00005750          0.00043063
   204   L1s      -9561.55463386          0.10482858          1.87826233          0.00009674          0.00073906
   205   L1s      -9561.55545829          0.13277424          4.15467876          0.00003957          0.00030558
   206   L1s      -9561.55687031          0.09359198          1.72246655          0.00006833          0.00053721
----------------------------------------------------------------------------------------------------------------

Minimization converged.

-------------------  Conjugate Gradient Minimizer Statistics -------------------
Iterations             =            206  Function Calls         =            395
--------------------------------------------------------------------------------
