
#-----------------------------------------------------------------------------#
#                                                                             #
#                                EasyHybrid                                   #
#                   - A pDynamo graphical user interface -                    #
#                                                                             #
#-----------------------------------------------------------------------------#
#                                                                             #
#     Developed by Jose Fernando R Bachega and Luis Fernando S M Timmers      #
#                            <ferbachega@gmail.com>                           #
#                                                                             #
#             visit: https://sites.google.com/site/EasyHybrid/                #
#                   Univesity of Sao Paulo - SP, Brazil                       #
#      Pontifical Catholic University of Rio Grande do Sul - RS, Brazil       #
#                                                                             #
#                                                                             #
#   EasyHybrid team:                               Special thanks to:         #
#   - Jose Fernando R Bachega           |         - Fernando V Maluf          #
#   - Michele Silva                     |                                     #
#   - Luis Fernando S M Timmers         |                                     #
#   - Martin Field                      |         - Leonardo R Bachega        #
#   - Troy Wymore                       |         - Lucas Assirati            #
#   - Osmar Norberto de Souza           |         - Richard Garratt           #
#   - Walter R Paixao-Cortes            |                                     #
#                                                                             #
#   Cite this work as:                                                        #
#   J.F.R. Bachega, L.F.S.M. Timmers, L.Assirati, L.B. Bachega, M.J. Field,   #
#   T. Wymore. J. Comput. Chem. 2013, 34, 2190-2196. DOI: 10.1002/jcc.23346   #
#                                                                             #
#-----------------------------------------------------------------------------#

Generated on Wed Jun  5 17:29:33 2019


--------------------------------------------------------------------------------
                       Summary for System "Pruned System"
--------------------------------------------------------------------------------

---------------------------- Atom Container Summary ----------------------------
Number of Atoms        =           2173  Number of Heavy Atoms  =           1040
Number of Hydrogens    =           1133  Number of Unknowns     =              0
--------------------------------------------------------------------------------

----------------------------- Connectivity Summary -----------------------------
Atoms                  =           2173
--------------------------------------------------------------------------------

------------------------------- Electronic State -------------------------------
Charge                 =             -1  Multiplicity           =              1
--------------------------------------------------------------------------------

--------------------------------------------------------------------------------
                    Summary for Energy Model "AMBER/AM1/ABFS"
--------------------------------------------------------------------------------

----------------------------------- Summary for MM Model "AMBER" -----------------------------------
LJ 1-4 Scaling                   =          0.500  El. 1-4 Scaling                  =          0.833
Number of MM Atoms               =           2173  Number of MM Atom Types          =             37
Number of Inactive MM Atoms      =             33  Total MM Charge                  =          -4.00
Harmonic Bond Terms              =           2169  Harmonic Bond Parameters         =             49
Harmonic Bond Inactive           =           1308  Fourier Improper Terms           =            320
Fourier Improper Parameters      =              3  Fourier Improper Inactive        =            164
Harmonic Angle Terms             =           3403  Harmonic Angle Parameters        =            103
Harmonic Angle Inactive          =           1938  Fourier Dihedral Terms           =           6697
Fourier Dihedral Parameters      =             48  Fourier Dihedral Inactive        =           3453
Exclusions                       =          10377  1-4 Interactions                 =           4805
LJ Parameters Form               =          AMBER  LJ Parameters Types              =             21
1-4 Lennard-Jones Form           =          AMBER  1-4 Lennard-Jones Types          =             21
----------------------------------------------------------------------------------------------------

-------------------------- Summary for QC Model "AM1" --------------------------
Number of QC Atoms     =             39  Boundary Atoms         =              6
Nuclear Charge         =            129  Orbital Functions      =            108
Fitting Functions      =              0  Energy Base Line       =      188.36370
QC Parameter Centers   =              6
--------------------------------------------------------------------------------

----------------------------- ABFS NB Model Summary ----------------------------
Dielectric             =       1.000000  El. 1-4 Scaling        =       0.833333
Damping Cutoff         =       0.500000  Inner Cutoff           =       8.000000
List Cutoff            =      13.500000  Outer Cutoff           =      12.000000
QC/MM Coupling         =    RC Coupling  Use Centering          =          False
--------------------------------------------------------------------------------

-------------------------- Pairlist Generator Summary --------------------------
Cell Size              =          6.750  Cutoff                 =         13.500
Cutoff Cell Size Factor =          0.500  Grid Cell/Cell Method  =           True
Minimum Cell Extent    =              2  Minimum Cell Size      =          3.000
Minimum Extent Factor  =          1.500  Minimum Points         =            500
Sort Indices           =          False
--------------------------------------------------------------------------------

----------------------- SoftConstraint Container Summary -----------------------
Multiple Distance      =              2
--------------------------------------------------------------------------------

---------------------------- Hard Constraint Container Summary ---------------------------
Number of Charge Constraints  =            0  Number of Fixed Atoms         =         1351
------------------------------------------------------------------------------------------

------------------------------- Sequence Summary -------------------------------
Number of Atoms            =       2173  Number of Components       =        213
Number of Entities         =          1  Number of Linear Polymers  =          0
Number of Links            =          0  Number of Variants         =          0
--------------------------------------------------------------------------------

-------------------------------  Conjugate Gradient Minimizer Options ------------------------------
Beta Type                        =              1  Initial Step                     =            0.1
Line Searcher                    =           None  Log Frequency                    =              1
Maximum Iterations               =           5000  Maximum Theta                    =          1e+10
Minimum Theta                    =          1e-10  RMS Gradient Tolerance           =            0.1
Steepest Descent Tolerance       =          0.001  Use Spectral Theta               =           True
----------------------------------------------------------------------------------------------------

----------------------------------------------------------------------------------------------------------------
  Iteration       Function          RMS Gradient        Max. |Grad.|          RMS Disp.         Max. |Disp.|
----------------------------------------------------------------------------------------------------------------
     0     I      -9415.31057021         38.01203531       1410.67714186          0.00201374          0.07473258
     1   L1s      -9451.39193904          2.39204265         70.52375955          0.00076379          0.02149390
     2   L1s      -9452.78904497          2.71421612         60.28443592          0.00047323          0.01346476
     3   L1s      -9453.10903651          1.91664674         39.19477790          0.00014275          0.00358492
     4   L1s      -9453.54429619          1.02475434         29.21085038          0.00026872          0.00669659
     5   L1s      -9453.76859527          1.71499390         45.04861518          0.00022464          0.00600443
     6   L1s      -9453.92424548          1.15811439         22.37210490          0.00017256          0.00429898
     7   L1s      -9454.09785536          0.78546709         16.34283176          0.00022918          0.00541563
     8   L1s      -9454.20015474          0.72704232         13.94445459          0.00017058          0.00408393
     9   L1s      -9454.22391867          0.53152942         11.08643563          0.00004770          0.00103520
    10   L1s      -9454.26543465          0.46550098         11.96573932          0.00010460          0.00210328
    11   L1s      -9454.29471715          0.53562437         10.36104206          0.00008966          0.00182708
    12   L1s      -9454.31685681          0.61268555         14.38339457          0.00007563          0.00184537
    13   L1s      -9454.35929503          0.37033554          6.18513031          0.00015549          0.00418507
    14   L1s      -9454.41524945          0.64765330         12.91924314          0.00023887          0.00616275
    15   L1s      -9454.43536386          0.49535109         11.98290751          0.00008940          0.00250269
    16   L1s      -9454.47474821          0.40533106          4.45662754          0.00018638          0.00541500
    17   L1s      -9454.50114121          0.56804323         12.59341344          0.00013560          0.00372578
    18   L1s      -9454.51842847          0.40583674          6.29042246          0.00009215          0.00269020
    19   L1s      -9454.54158882          0.32010115          5.83182197          0.00013181          0.00389316
    20   L1s      -9454.55935021          0.36126760          6.10107252          0.00011060          0.00304507
    21   L1s      -9454.56805925          0.37159356          7.24064536          0.00005767          0.00165424
    22   L1s      -9454.58314765          0.25909735          3.06482168          0.00010519          0.00283229
    23   L1s      -9454.59361854          0.24248152          4.44643553          0.00007993          0.00184023
    24   L1s      -9454.59690634          0.23485767          4.66979138          0.00002741          0.00064794
    25   L1s      -9454.60718323          0.21339888          2.74968377          0.00009278          0.00203474
    26   L1s      -9454.61476497          0.21384721          3.45495298          0.00007426          0.00134897
    27   L1s      -9454.61786652          0.22611947          4.87306613          0.00003256          0.00059879
    28   L1s      -9454.62359134          0.18226687          4.10191974          0.00006351          0.00110137
    29   L0s      -9454.62888495          0.18574001          3.42581927          0.00006351          0.00114490
    30   L1s      -9454.63228825          0.24577243          5.86276230          0.00004342          0.00075751
    31   L1s      -9454.63678467          0.15533266          1.83863416          0.00005916          0.00104806
    32   L1s      -9454.64149122          0.14379881          1.55326586          0.00006669          0.00123910
    33   L1s      -9454.64393446          0.22414158          5.49565915          0.00003724          0.00066105
    34   L1s      -9454.64824086          0.13932483          1.74183924          0.00006746          0.00119003
    35   L0s      -9454.65266653          0.12638360          1.86877339          0.00006746          0.00117488
    36   L1s      -9454.65408551          0.17019762          4.10317592          0.00002329          0.00037916
    37   L1s      -9454.65778052          0.11794640          1.41036118          0.00006613          0.00097584
    38   L1s      -9454.66034787          0.14147938          2.44937253          0.00004928          0.00070286
    39   L1s      -9454.66158647          0.13756696          2.76697663          0.00002480          0.00031314
    40   L1s      -9454.66408995          0.11720927          2.16008399          0.00005226          0.00058446
    41   L0s      -9454.66645248          0.11595740          2.09538988          0.00005226          0.00058074
    42   L1s      -9454.66762401          0.14022097          3.36746305          0.00002717          0.00027307
    43   L1s      -9454.66920604          0.11220877          1.89208833          0.00003769          0.00038118
    44   L1s      -9454.67200266          0.13290354          1.58814385          0.00006963          0.00073451
    45   L1s      -9454.67401335          0.19130001          4.61675985          0.00005154          0.00055612
    46   L1s      -9454.67665794          0.11107570          1.16522652          0.00006872          0.00072984
    47   L1s      -9454.68077761          0.12486411          2.18195834          0.00011119          0.00110628
    48   L1s      -9454.68185521          0.14301175          3.04129285          0.00002992          0.00034121
    49   L1s      -9454.68429109          0.11203484          1.49672763          0.00006903          0.00077879
    50   L1s      -9454.68728207          0.15742747          3.11955452          0.00008748          0.00091617
    51   L1s      -9454.68880080          0.15067095          2.86543039          0.00004510          0.00051118
    52   L1s      -9454.69170247          0.12250359          2.12755346          0.00008758          0.00099684
    53   L0s      -9454.69433229          0.14282372          1.65929401          0.00008758          0.00092290
    54   L1s      -9454.69625028          0.18666196          4.70933189          0.00006342          0.00070625
    55   L1s      -9454.69885945          0.12175388          1.59675430          0.00008357          0.00084280
    56   L0s      -9454.70163519          0.11591756          1.52233138          0.00008357          0.00087122
    57   L1s      -9454.70316062          0.16819148          4.26784365          0.00004690          0.00044455
    58   L1s      -9454.70550735          0.10684080          1.30698485          0.00007589          0.00078189
    59   L0s      -9454.70795048          0.13015759          2.09173903          0.00007589          0.00085289
    60   L0s      -9454.71022378          0.19257601          5.10286193          0.00007589          0.00072330
    61   L0s      -9454.71245313          0.12610228          1.63201942          0.00007589          0.00072644
    62   L1s      -9454.71563565          0.13806914          2.06350558          0.00010272          0.00108639
    63   L1s      -9454.71779230          0.19821619          5.76951003          0.00007098          0.00067275
    64   L1s      -9454.72075469          0.13205869          1.56210025          0.00009826          0.00098471
    65   L1s      -9454.72455797          0.14063350          1.89304651          0.00012836          0.00137706
    66   L1s      -9454.72695953          0.20595687          4.90532060          0.00008223          0.00090807
    67   L1s      -9454.72979202          0.13381857          1.82044622          0.00009764          0.00113556
    68   L1s      -9454.73379246          0.16888443          3.03607032          0.00014010          0.00165797
    69   L1s      -9454.73593307          0.18742424          5.26087725          0.00007568          0.00090667
    70   L1s      -9454.73916189          0.14843773          2.61298717          0.00011503          0.00139497
    71   L1s      -9454.74385397          0.14577559          2.54756993          0.00016917          0.00208357
    72   L1s      -9454.74614467          0.20538902          6.03470515          0.00008357          0.00103926
    73   L1s      -9454.74925681          0.12116827          1.53865410          0.00011421          0.00144971
    74   L0s      -9454.75206845          0.15498698          3.18531043          0.00011421          0.00145429
    75   L1s      -9454.75369251          0.16465063          3.39499285          0.00006434          0.00081622
    76   L1s      -9454.75597440          0.12629766          3.15772884          0.00008500          0.00105254
    77   L1s      -9454.75903713          0.12270826          1.80939718          0.00011577          0.00136755
    78   L1s      -9454.76064101          0.17253834          5.45288833          0.00006156          0.00070893
    79   L1s      -9454.76309766          0.12473756          1.94573330          0.00009500          0.00102930
    80   L1s      -9454.76610435          0.11060585          1.69274628          0.00011793          0.00116720
    81   L1s      -9454.76780934          0.15852707          4.99705565          0.00006806          0.00064403
    82   L0s      -9454.76940042          0.13315798          2.57115162          0.00006806          0.00067559
    83   L1s      -9454.77216303          0.12526921          1.31686621          0.00012212          0.00124656
    84   L1s      -9454.77433110          0.16844090          4.80325098          0.00009064          0.00083379
    85   L1s      -9454.77587394          0.12013529          1.89057498          0.00006493          0.00061764
    86   L1s      -9454.77850396          0.10439301          1.34819125          0.00011214          0.00106816
    87   L0s      -9454.78097026          0.14946058          3.03139989          0.00011214          0.00089359
    88   L1s      -9454.78251356          0.14640934          3.92898794          0.00006894          0.00064585
    89   L0s      -9454.78422981          0.10044587          1.58244570          0.00006894          0.00056199
    90   L1s      -9454.78678919          0.11300214          1.48522993          0.00009720          0.00074080
    91   L1s      -9454.78814744          0.14256127          3.51360103          0.00005493          0.00048355
    92   L0s      -9454.78942952          0.10361497          1.34222572          0.00005493          0.00042696
    93   L1s      -9454.79159767          0.10142288          1.41798275          0.00009809          0.00074886
    94   L1s      -9454.79269751          0.14578796          3.63963384          0.00004821          0.00036255
    95   L1s      -9454.79430944          0.09162778          1.20278196          0.00007122          0.00055137
----------------------------------------------------------------------------------------------------------------

Minimization converged.

-------------------  Conjugate Gradient Minimizer Statistics -------------------
Iterations             =             95  Function Calls         =            178
--------------------------------------------------------------------------------
