
#-----------------------------------------------------------------------------#
#                                                                             #
#                                EasyHybrid                                   #
#                   - A pDynamo graphical user interface -                    #
#                                                                             #
#-----------------------------------------------------------------------------#
#                                                                             #
#     Developed by Jose Fernando R Bachega and Luis Fernando S M Timmers      #
#                            <ferbachega@gmail.com>                           #
#                                                                             #
#             visit: https://sites.google.com/site/EasyHybrid/                #
#                   Univesity of Sao Paulo - SP, Brazil                       #
#      Pontifical Catholic University of Rio Grande do Sul - RS, Brazil       #
#                                                                             #
#                                                                             #
#   EasyHybrid team:                               Special thanks to:         #
#   - Jose Fernando R Bachega           |         - Fernando V Maluf          #
#   - Michele Silva                     |                                     #
#   - Luis Fernando S M Timmers         |                                     #
#   - Martin Field                      |         - Leonardo R Bachega        #
#   - Troy Wymore                       |         - Lucas Assirati            #
#   - Osmar Norberto de Souza           |         - Richard Garratt           #
#   - Walter R Paixao-Cortes            |                                     #
#                                                                             #
#   Cite this work as:                                                        #
#   J.F.R. Bachega, L.F.S.M. Timmers, L.Assirati, L.B. Bachega, M.J. Field,   #
#   T. Wymore. J. Comput. Chem. 2013, 34, 2190-2196. DOI: 10.1002/jcc.23346   #
#                                                                             #
#-----------------------------------------------------------------------------#

Generated on Wed Jun  5 17:30:44 2019


--------------------------------------------------------------------------------
                       Summary for System "Pruned System"
--------------------------------------------------------------------------------

---------------------------- Atom Container Summary ----------------------------
Number of Atoms        =           2173  Number of Heavy Atoms  =           1040
Number of Hydrogens    =           1133  Number of Unknowns     =              0
--------------------------------------------------------------------------------

----------------------------- Connectivity Summary -----------------------------
Atoms                  =           2173
--------------------------------------------------------------------------------

------------------------------- Electronic State -------------------------------
Charge                 =             -1  Multiplicity           =              1
--------------------------------------------------------------------------------

--------------------------------------------------------------------------------
                    Summary for Energy Model "AMBER/AM1/ABFS"
--------------------------------------------------------------------------------

----------------------------------- Summary for MM Model "AMBER" -----------------------------------
LJ 1-4 Scaling                   =          0.500  El. 1-4 Scaling                  =          0.833
Number of MM Atoms               =           2173  Number of MM Atom Types          =             37
Number of Inactive MM Atoms      =             33  Total MM Charge                  =          -4.00
Harmonic Bond Terms              =           2169  Harmonic Bond Parameters         =             49
Harmonic Bond Inactive           =           1308  Fourier Improper Terms           =            320
Fourier Improper Parameters      =              3  Fourier Improper Inactive        =            164
Harmonic Angle Terms             =           3403  Harmonic Angle Parameters        =            103
Harmonic Angle Inactive          =           1938  Fourier Dihedral Terms           =           6697
Fourier Dihedral Parameters      =             48  Fourier Dihedral Inactive        =           3453
Exclusions                       =          10377  1-4 Interactions                 =           4805
LJ Parameters Form               =          AMBER  LJ Parameters Types              =             21
1-4 Lennard-Jones Form           =          AMBER  1-4 Lennard-Jones Types          =             21
----------------------------------------------------------------------------------------------------

-------------------------- Summary for QC Model "AM1" --------------------------
Number of QC Atoms     =             39  Boundary Atoms         =              6
Nuclear Charge         =            129  Orbital Functions      =            108
Fitting Functions      =              0  Energy Base Line       =      188.36370
QC Parameter Centers   =              6
--------------------------------------------------------------------------------

----------------------------- ABFS NB Model Summary ----------------------------
Dielectric             =       1.000000  El. 1-4 Scaling        =       0.833333
Damping Cutoff         =       0.500000  Inner Cutoff           =       8.000000
List Cutoff            =      13.500000  Outer Cutoff           =      12.000000
QC/MM Coupling         =    RC Coupling  Use Centering          =          False
--------------------------------------------------------------------------------

-------------------------- Pairlist Generator Summary --------------------------
Cell Size              =          6.750  Cutoff                 =         13.500
Cutoff Cell Size Factor =          0.500  Grid Cell/Cell Method  =           True
Minimum Cell Extent    =              2  Minimum Cell Size      =          3.000
Minimum Extent Factor  =          1.500  Minimum Points         =            500
Sort Indices           =          False
--------------------------------------------------------------------------------

----------------------- SoftConstraint Container Summary -----------------------
Multiple Distance      =              2
--------------------------------------------------------------------------------

---------------------------- Hard Constraint Container Summary ---------------------------
Number of Charge Constraints  =            0  Number of Fixed Atoms         =         1351
------------------------------------------------------------------------------------------

------------------------------- Sequence Summary -------------------------------
Number of Atoms            =       2173  Number of Components       =        213
Number of Entities         =          1  Number of Linear Polymers  =          0
Number of Links            =          0  Number of Variants         =          0
--------------------------------------------------------------------------------

-------------------------------  Conjugate Gradient Minimizer Options ------------------------------
Beta Type                        =              1  Initial Step                     =            0.1
Line Searcher                    =           None  Log Frequency                    =              1
Maximum Iterations               =           5000  Maximum Theta                    =          1e+10
Minimum Theta                    =          1e-10  RMS Gradient Tolerance           =            0.1
Steepest Descent Tolerance       =          0.001  Use Spectral Theta               =           True
----------------------------------------------------------------------------------------------------

----------------------------------------------------------------------------------------------------------------
  Iteration       Function          RMS Gradient        Max. |Grad.|          RMS Disp.         Max. |Disp.|
----------------------------------------------------------------------------------------------------------------
     0     I      -9497.61837870         36.94340675       1366.35321418          0.00201374          0.07447826
     1   L1s      -9532.93179633          2.79847113         71.80248546          0.00076982          0.01857830
     2   L1s      -9534.74891451          3.80118848        109.56989888          0.00052833          0.01303886
     3   L1s      -9535.29977853          2.09319098         48.14027140          0.00019707          0.00519773
     4   L1s      -9535.92860093          1.26187535         31.85930102          0.00033298          0.00861610
     5   L1s      -9536.09483657          1.76050419         48.07957667          0.00013846          0.00395927
     6   L1s      -9536.37007558          1.16783829         22.21179334          0.00026273          0.00672962
     7   L1s      -9536.54785562          0.79445293         16.33458653          0.00021108          0.00480011
     8   L1s      -9536.61683149          0.98703936         29.62793166          0.00010768          0.00241180
     9   L1s      -9536.66492842          0.50624662          8.22705650          0.00008483          0.00168677
    10   L0s      -9536.70299894          0.47052867          9.11618236          0.00008483          0.00161078
    11   L1s      -9536.72755565          0.58836713         15.47853344          0.00007004          0.00146754
    12   L1s      -9536.75482551          0.48995788         10.59883887          0.00008849          0.00226797
    13   L1s      -9536.80953309          0.39994520          6.33849017          0.00019919          0.00554064
    14   L1s      -9536.85264817          0.75828286         19.33589531          0.00017924          0.00476138
    15   L1s      -9536.88136998          0.52068471         12.59115763          0.00012317          0.00321753
    16   L1s      -9536.92079956          0.44918595          8.41300463          0.00017936          0.00512179
    17   L1s      -9536.93699486          0.51842436         13.69128903          0.00007927          0.00202119
    18   L1s      -9536.96339036          0.36376590          4.75344300          0.00013583          0.00362227
    19   L1s      -9536.98440779          0.29465045          4.73066908          0.00011811          0.00300953
    20   L1s      -9536.99785244          0.31169655          6.41475947          0.00008371          0.00184223
    21   L1s      -9537.00396815          0.31307223          6.96449472          0.00004129          0.00093350
    22   L1s      -9537.01541333          0.25838512          3.25452378          0.00008276          0.00193319
    23   L1s      -9537.02218950          0.31493532          8.46579435          0.00005340          0.00104292
    24   L0s      -9537.02818307          0.18606349          2.51891173          0.00005340          0.00104644
    25   L1s      -9537.03683645          0.22546195          3.70880372          0.00009350          0.00152945
    26   L1s      -9537.04197953          0.24418320          5.48819728          0.00005698          0.00092509
    27   L1s      -9537.04535270          0.18670235          3.74062334          0.00003901          0.00051724
    28   L1s      -9537.05113403          0.21106829          4.06121691          0.00007142          0.00090929
    29   L1s      -9537.05404418          0.20561330          4.39114116          0.00003765          0.00046133
    30   L1s      -9537.05964950          0.16133414          2.01110834          0.00007582          0.00097584
    31   L0s      -9537.06518336          0.19425073          5.23527805          0.00007582          0.00094287
    32   L1s      -9537.06801443          0.21643335          4.95066772          0.00004132          0.00052329
    33   L1s      -9537.07288277          0.16042101          2.05836965          0.00007625          0.00101020
    34   L1s      -9537.07607319          0.24730318          6.25550360          0.00005249          0.00064701
    35   L1s      -9537.08148735          0.16609749          2.13660349          0.00009082          0.00111419
    36   L0s      -9537.08643205          0.18842133          4.02498878          0.00009082          0.00101852
    37   L1s      -9537.08987530          0.22130159          5.14581046          0.00006406          0.00070379
    38   L0s      -9537.09318423          0.19164477          3.76174259          0.00006406          0.00062757
    39   L1s      -9537.09768816          0.19196765          3.42695932          0.00009047          0.00076217
    40   L1s      -9537.09980933          0.16484845          3.37829490          0.00004152          0.00036164
    41   L1s      -9537.10513262          0.17532486          2.79356043          0.00010746          0.00092595
    42   L1s      -9537.10867614          0.21601534          3.91007237          0.00007337          0.00061977
    43   L0s      -9537.11223464          0.18826132          4.03709408          0.00007337          0.00059628
    44   L0s      -9537.11592444          0.17021322          3.71096144          0.00007337          0.00056575
    45   L1s      -9537.11873670          0.22363840          4.40396040          0.00005822          0.00043793
    46   L1s      -9537.12475456          0.17716789          2.00581763          0.00013020          0.00096974
    47   L1s      -9537.12930848          0.20785739          4.33411495          0.00010078          0.00075606
    48   L1s      -9537.13237564          0.20512590          3.44580681          0.00006890          0.00052331
    49   L1s      -9537.13698301          0.18778164          3.87332743          0.00010510          0.00080898
    50   L1s      -9537.13994409          0.19120564          4.97881637          0.00006874          0.00053467
    51   L1s      -9537.14241790          0.13219354          1.95348809          0.00005839          0.00046325
    52   L0s      -9537.14492119          0.12468221          1.75764893          0.00005839          0.00047373
    53   L1s      -9537.14687753          0.18448413          5.35137852          0.00004725          0.00038752
    54   L1s      -9537.14975764          0.15060265          2.01470132          0.00007205          0.00059705
    55   L1s      -9537.15225826          0.16264099          3.30989740          0.00006398          0.00052806
    56   L1s      -9537.15392464          0.13390598          2.35221968          0.00004344          0.00034966
    57   L1s      -9537.15639297          0.13299080          1.68391668          0.00006606          0.00049757
    58   L0s      -9537.15900255          0.15132702          3.41229109          0.00006606          0.00045993
    59   L1s      -9537.16071256          0.14501447          3.26217885          0.00004518          0.00029423
    60   L1s      -9537.16319830          0.14352024          3.18006549          0.00007304          0.00048814
    61   L1s      -9537.16479813          0.14490718          2.90915819          0.00004787          0.00032808
    62   L1s      -9537.16675710          0.13271331          1.95075618          0.00005963          0.00041795
    63   L1s      -9537.16929696          0.14516108          2.35961911          0.00007885          0.00055473
    64   L1s      -9537.17110484          0.15723495          3.46331527          0.00005703          0.00039925
    65   L1s      -9537.17345279          0.14531865          2.80874412          0.00007506          0.00051790
    66   L0s      -9537.17572190          0.17810201          4.29037468          0.00007506          0.00051272
    67   L0s      -9537.17777694          0.14426337          2.27591436          0.00007506          0.00051711
    68   L0s      -9537.17993974          0.13218813          1.70982815          0.00007506          0.00050379
    69   L0s      -9537.18239938          0.14976976          3.01560966          0.00007506          0.00050514
    70   L1s      -9537.18388292          0.12290452          1.83968106          0.00004859          0.00033710
    71   L1s      -9537.18580223          0.14476907          3.38278374          0.00006678          0.00046965
    72   L0s      -9537.18752798          0.16034307          4.27691742          0.00006678          0.00047219
    73   L1s      -9537.18910636          0.10757148          1.25298298          0.00006047          0.00043981
    74   L0s      -9537.19117215          0.10413045          1.33024795          0.00006047          0.00046231
    75   L1s      -9537.19259351          0.14860643          3.67632689          0.00004300          0.00033715
    76   L1s      -9537.19438831          0.11490605          2.14279778          0.00005743          0.00046801
    77   L0s      -9537.19610685          0.13689530          3.02457029          0.00005743          0.00047954
    78   L1s      -9537.19738725          0.13963486          3.28219557          0.00004318          0.00036781
    79   L1s      -9537.19934568          0.09868850          1.08494133          0.00006585          0.00057900
----------------------------------------------------------------------------------------------------------------

Minimization converged.

-------------------  Conjugate Gradient Minimizer Statistics -------------------
Iterations             =             79  Function Calls         =            143
--------------------------------------------------------------------------------
