
#-----------------------------------------------------------------------------#
#                                                                             #
#                                EasyHybrid                                   #
#                   - A pDynamo graphical user interface -                    #
#                                                                             #
#-----------------------------------------------------------------------------#
#                                                                             #
#     Developed by Jose Fernando R Bachega and Luis Fernando S M Timmers      #
#                            <ferbachega@gmail.com>                           #
#                                                                             #
#             visit: https://sites.google.com/site/EasyHybrid/                #
#                   Univesity of Sao Paulo - SP, Brazil                       #
#      Pontifical Catholic University of Rio Grande do Sul - RS, Brazil       #
#                                                                             #
#                                                                             #
#   EasyHybrid team:                               Special thanks to:         #
#   - Jose Fernando R Bachega           |         - Fernando V Maluf          #
#   - Michele Silva                     |                                     #
#   - Luis Fernando S M Timmers         |                                     #
#   - Martin Field                      |         - Leonardo R Bachega        #
#   - Troy Wymore                       |         - Lucas Assirati            #
#   - Osmar Norberto de Souza           |         - Richard Garratt           #
#   - Walter R Paixao-Cortes            |                                     #
#                                                                             #
#   Cite this work as:                                                        #
#   J.F.R. Bachega, L.F.S.M. Timmers, L.Assirati, L.B. Bachega, M.J. Field,   #
#   T. Wymore. J. Comput. Chem. 2013, 34, 2190-2196. DOI: 10.1002/jcc.23346   #
#                                                                             #
#-----------------------------------------------------------------------------#

Generated on Wed Jun  5 17:27:06 2019


--------------------------------------------------------------------------------
                       Summary for System "Pruned System"
--------------------------------------------------------------------------------

---------------------------- Atom Container Summary ----------------------------
Number of Atoms        =           2173  Number of Heavy Atoms  =           1040
Number of Hydrogens    =           1133  Number of Unknowns     =              0
--------------------------------------------------------------------------------

----------------------------- Connectivity Summary -----------------------------
Atoms                  =           2173
--------------------------------------------------------------------------------

------------------------------- Electronic State -------------------------------
Charge                 =             -1  Multiplicity           =              1
--------------------------------------------------------------------------------

--------------------------------------------------------------------------------
                    Summary for Energy Model "AMBER/AM1/ABFS"
--------------------------------------------------------------------------------

----------------------------------- Summary for MM Model "AMBER" -----------------------------------
LJ 1-4 Scaling                   =          0.500  El. 1-4 Scaling                  =          0.833
Number of MM Atoms               =           2173  Number of MM Atom Types          =             37
Number of Inactive MM Atoms      =             33  Total MM Charge                  =          -4.00
Harmonic Bond Terms              =           2169  Harmonic Bond Parameters         =             49
Harmonic Bond Inactive           =           1308  Fourier Improper Terms           =            320
Fourier Improper Parameters      =              3  Fourier Improper Inactive        =            164
Harmonic Angle Terms             =           3403  Harmonic Angle Parameters        =            103
Harmonic Angle Inactive          =           1938  Fourier Dihedral Terms           =           6697
Fourier Dihedral Parameters      =             48  Fourier Dihedral Inactive        =           3453
Exclusions                       =          10377  1-4 Interactions                 =           4805
LJ Parameters Form               =          AMBER  LJ Parameters Types              =             21
1-4 Lennard-Jones Form           =          AMBER  1-4 Lennard-Jones Types          =             21
----------------------------------------------------------------------------------------------------

-------------------------- Summary for QC Model "AM1" --------------------------
Number of QC Atoms     =             39  Boundary Atoms         =              6
Nuclear Charge         =            129  Orbital Functions      =            108
Fitting Functions      =              0  Energy Base Line       =      188.36370
QC Parameter Centers   =              6
--------------------------------------------------------------------------------

----------------------------- ABFS NB Model Summary ----------------------------
Dielectric             =       1.000000  El. 1-4 Scaling        =       0.833333
Damping Cutoff         =       0.500000  Inner Cutoff           =       8.000000
List Cutoff            =      13.500000  Outer Cutoff           =      12.000000
QC/MM Coupling         =    RC Coupling  Use Centering          =          False
--------------------------------------------------------------------------------

-------------------------- Pairlist Generator Summary --------------------------
Cell Size              =          6.750  Cutoff                 =         13.500
Cutoff Cell Size Factor =          0.500  Grid Cell/Cell Method  =           True
Minimum Cell Extent    =              2  Minimum Cell Size      =          3.000
Minimum Extent Factor  =          1.500  Minimum Points         =            500
Sort Indices           =          False
--------------------------------------------------------------------------------

----------------------- SoftConstraint Container Summary -----------------------
Multiple Distance      =              2
--------------------------------------------------------------------------------

---------------------------- Hard Constraint Container Summary ---------------------------
Number of Charge Constraints  =            0  Number of Fixed Atoms         =         1351
------------------------------------------------------------------------------------------

------------------------------- Sequence Summary -------------------------------
Number of Atoms            =       2173  Number of Components       =        213
Number of Entities         =          1  Number of Linear Polymers  =          0
Number of Links            =          0  Number of Variants         =          0
--------------------------------------------------------------------------------

-------------------------------  Conjugate Gradient Minimizer Options ------------------------------
Beta Type                        =              1  Initial Step                     =            0.1
Line Searcher                    =           None  Log Frequency                    =              1
Maximum Iterations               =           5000  Maximum Theta                    =          1e+10
Minimum Theta                    =          1e-10  RMS Gradient Tolerance           =            0.1
Steepest Descent Tolerance       =          0.001  Use Spectral Theta               =           True
----------------------------------------------------------------------------------------------------

----------------------------------------------------------------------------------------------------------------
  Iteration       Function          RMS Gradient        Max. |Grad.|          RMS Disp.         Max. |Disp.|
----------------------------------------------------------------------------------------------------------------
     0     I      -9483.23333868         39.38806373       1495.13379030          0.00201374          0.07643968
     1   L1s      -9522.23693029          3.12170835         91.03448055          0.00080075          0.02323885
     2   L1s      -9522.54006882          1.63060050         41.66785891          0.00007903          0.00220537
     3   L1s      -9523.06166473          1.21104045         29.92166978          0.00029365          0.00639663
     4   L1s      -9523.29130321          0.69202194         12.68504341          0.00019981          0.00370311
     5   L1s      -9523.37859526          0.62956114         13.61813041          0.00012722          0.00221845
     6   L1s      -9523.41617654          0.66470929         15.64257697          0.00007317          0.00110558
     7   L1s      -9523.43654648          0.41975351          7.81879330          0.00004684          0.00070674
     8   L1s      -9523.46876029          0.38652223          8.87826232          0.00009683          0.00158581
     9   L1s      -9523.49161167          0.30564849          6.44911649          0.00008377          0.00131397
    10   L1s      -9523.50659441          0.49601574         15.48314937          0.00006785          0.00092351
    11   L1s      -9523.52231123          0.27438452          4.16512748          0.00007564          0.00107530
    12   L1s      -9523.53798524          0.30428468          7.28110991          0.00008860          0.00094577
    13   L1s      -9523.54251056          0.26759017          5.16522819          0.00002826          0.00026896
    14   L1s      -9523.55154601          0.21948898          3.31737399          0.00006273          0.00078859
    15   L1s      -9523.56602419          0.27551639          5.28900125          0.00011386          0.00159142
    16   L0s      -9523.57918924          0.25328522          4.37088069          0.00011386          0.00163431
    17   L1s      -9523.58959867          0.33829973          7.66324053          0.00009612          0.00148739
    18   L1s      -9523.59463167          0.22318857          3.21148261          0.00004737          0.00070018
    19   L1s      -9523.60209824          0.19104805          2.66354469          0.00007531          0.00104526
    20   L1s      -9523.60737659          0.28577416          7.22506249          0.00005776          0.00086403
    21   L0s      -9523.61269415          0.17970280          2.12186372          0.00005776          0.00078368
    22   L1s      -9523.62377710          0.19869218          3.15566045          0.00012414          0.00165704
    23   L1s      -9523.62703596          0.26044547          7.36519354          0.00003960          0.00053548
    24   L1s      -9523.63347638          0.19626388          3.96379732          0.00008078          0.00108165
    25   L1s      -9523.63774925          0.23911818          6.96641153          0.00005639          0.00074390
    26   L1s      -9523.64149445          0.19089272          4.01656487          0.00005105          0.00065510
    27   L1s      -9523.64644619          0.15478238          2.67299128          0.00007070          0.00088587
    28   L0s      -9523.65132127          0.15206739          3.80053632          0.00007070          0.00088606
    29   L1s      -9523.65294796          0.16992711          4.70820953          0.00002522          0.00031864
    30   L1s      -9523.65794509          0.18369200          3.19615455          0.00008383          0.00106604
    31   L1s      -9523.66106149          0.23202879          6.30978986          0.00005408          0.00069235
    32   L0s      -9523.66439418          0.11830274          1.54640159          0.00005408          0.00069653
    33   L1s      -9523.66752011          0.15054181          2.98910156          0.00004343          0.00054897
    34   L1s      -9523.66923356          0.18273067          5.27579220          0.00002633          0.00032363
    35   L1s      -9523.67259868          0.15137703          2.70471268          0.00005382          0.00066080
    36   L1s      -9523.67481951          0.18729754          5.80820619          0.00003746          0.00046264
    37   L1s      -9523.67738276          0.14391631          3.12463783          0.00004463          0.00055494
    38   L1s      -9523.68129852          0.15023660          2.09956398          0.00007168          0.00089517
    39   L1s      -9523.68283681          0.17497157          3.98576740          0.00002935          0.00037502
    40   L1s      -9523.68563968          0.11806840          2.12385471          0.00005503          0.00078943
    41   L0s      -9523.68824874          0.15962342          4.69907839          0.00005503          0.00082864
    42   L1s      -9523.68958389          0.12705086          2.62562585          0.00002877          0.00046104
    43   L1s      -9523.69211648          0.14458176          3.80542790          0.00005584          0.00092960
    44   L1s      -9523.69337256          0.14689874          3.43570561          0.00002858          0.00049253
    45   L1s      -9523.69593685          0.12668701          3.15024776          0.00006004          0.00108491
    46   L1s      -9523.69885188          0.14914711          2.94948560          0.00007074          0.00131432
    47   L1s      -9523.70040878          0.16448316          4.33955385          0.00003872          0.00073086
    48   L1s      -9523.70268128          0.11453300          1.99820980          0.00005761          0.00109418
    49   L1s      -9523.70408518          0.15945482          5.06089922          0.00003695          0.00069789
    50   L1s      -9523.70598766          0.10379799          1.77761710          0.00005100          0.00092836
    51   L1s      -9523.70884611          0.15204220          3.50200010          0.00007983          0.00142156
    52   L1s      -9523.70997758          0.13379062          2.27403936          0.00003217          0.00055744
    53   L1s      -9523.71260162          0.11185357          1.83781048          0.00007629          0.00128982
    54   L1s      -9523.71405792          0.15796621          4.73869989          0.00004364          0.00073053
    55   L1s      -9523.71585299          0.10939955          1.30382221          0.00005457          0.00089878
    56   L1s      -9523.71810404          0.17307430          5.44576788          0.00007042          0.00115582
    57   L1s      -9523.71950678          0.11596253          1.72063504          0.00004437          0.00072655
    58   L1s      -9523.72154080          0.11134112          2.45064635          0.00006584          0.00109144
    59   L1s      -9523.72333519          0.13733039          3.68448118          0.00005951          0.00100387
    60   L1s      -9523.72425698          0.09814353          1.77055029          0.00003105          0.00054495
----------------------------------------------------------------------------------------------------------------

Minimization converged.

-------------------  Conjugate Gradient Minimizer Statistics -------------------
Iterations             =             60  Function Calls         =            116
--------------------------------------------------------------------------------
