
#-----------------------------------------------------------------------------#
#                                                                             #
#                                EasyHybrid                                   #
#                   - A pDynamo graphical user interface -                    #
#                                                                             #
#-----------------------------------------------------------------------------#
#                                                                             #
#     Developed by Jose Fernando R Bachega and Luis Fernando S M Timmers      #
#                            <ferbachega@gmail.com>                           #
#                                                                             #
#             visit: https://sites.google.com/site/EasyHybrid/                #
#                   Univesity of Sao Paulo - SP, Brazil                       #
#      Pontifical Catholic University of Rio Grande do Sul - RS, Brazil       #
#                                                                             #
#                                                                             #
#   EasyHybrid team:                               Special thanks to:         #
#   - Jose Fernando R Bachega           |         - Fernando V Maluf          #
#   - Michele Silva                     |                                     #
#   - Luis Fernando S M Timmers         |                                     #
#   - Martin Field                      |         - Leonardo R Bachega        #
#   - Troy Wymore                       |         - Lucas Assirati            #
#   - Osmar Norberto de Souza           |         - Richard Garratt           #
#   - Walter R Paixao-Cortes            |                                     #
#                                                                             #
#   Cite this work as:                                                        #
#   J.F.R. Bachega, L.F.S.M. Timmers, L.Assirati, L.B. Bachega, M.J. Field,   #
#   T. Wymore. J. Comput. Chem. 2013, 34, 2190-2196. DOI: 10.1002/jcc.23346   #
#                                                                             #
#-----------------------------------------------------------------------------#

Generated on Wed Jun  5 17:25:50 2019


--------------------------------------------------------------------------------
                       Summary for System "Pruned System"
--------------------------------------------------------------------------------

---------------------------- Atom Container Summary ----------------------------
Number of Atoms        =           2173  Number of Heavy Atoms  =           1040
Number of Hydrogens    =           1133  Number of Unknowns     =              0
--------------------------------------------------------------------------------

----------------------------- Connectivity Summary -----------------------------
Atoms                  =           2173
--------------------------------------------------------------------------------

------------------------------- Electronic State -------------------------------
Charge                 =             -1  Multiplicity           =              1
--------------------------------------------------------------------------------

--------------------------------------------------------------------------------
                    Summary for Energy Model "AMBER/AM1/ABFS"
--------------------------------------------------------------------------------

----------------------------------- Summary for MM Model "AMBER" -----------------------------------
LJ 1-4 Scaling                   =          0.500  El. 1-4 Scaling                  =          0.833
Number of MM Atoms               =           2173  Number of MM Atom Types          =             37
Number of Inactive MM Atoms      =             33  Total MM Charge                  =          -4.00
Harmonic Bond Terms              =           2169  Harmonic Bond Parameters         =             49
Harmonic Bond Inactive           =           1308  Fourier Improper Terms           =            320
Fourier Improper Parameters      =              3  Fourier Improper Inactive        =            164
Harmonic Angle Terms             =           3403  Harmonic Angle Parameters        =            103
Harmonic Angle Inactive          =           1938  Fourier Dihedral Terms           =           6697
Fourier Dihedral Parameters      =             48  Fourier Dihedral Inactive        =           3453
Exclusions                       =          10377  1-4 Interactions                 =           4805
LJ Parameters Form               =          AMBER  LJ Parameters Types              =             21
1-4 Lennard-Jones Form           =          AMBER  1-4 Lennard-Jones Types          =             21
----------------------------------------------------------------------------------------------------

-------------------------- Summary for QC Model "AM1" --------------------------
Number of QC Atoms     =             39  Boundary Atoms         =              6
Nuclear Charge         =            129  Orbital Functions      =            108
Fitting Functions      =              0  Energy Base Line       =      188.36370
QC Parameter Centers   =              6
--------------------------------------------------------------------------------

----------------------------- ABFS NB Model Summary ----------------------------
Dielectric             =       1.000000  El. 1-4 Scaling        =       0.833333
Damping Cutoff         =       0.500000  Inner Cutoff           =       8.000000
List Cutoff            =      13.500000  Outer Cutoff           =      12.000000
QC/MM Coupling         =    RC Coupling  Use Centering          =          False
--------------------------------------------------------------------------------

-------------------------- Pairlist Generator Summary --------------------------
Cell Size              =          6.750  Cutoff                 =         13.500
Cutoff Cell Size Factor =          0.500  Grid Cell/Cell Method  =           True
Minimum Cell Extent    =              2  Minimum Cell Size      =          3.000
Minimum Extent Factor  =          1.500  Minimum Points         =            500
Sort Indices           =          False
--------------------------------------------------------------------------------

----------------------- SoftConstraint Container Summary -----------------------
Multiple Distance      =              2
--------------------------------------------------------------------------------

---------------------------- Hard Constraint Container Summary ---------------------------
Number of Charge Constraints  =            0  Number of Fixed Atoms         =         1351
------------------------------------------------------------------------------------------

------------------------------- Sequence Summary -------------------------------
Number of Atoms            =       2173  Number of Components       =        213
Number of Entities         =          1  Number of Linear Polymers  =          0
Number of Links            =          0  Number of Variants         =          0
--------------------------------------------------------------------------------

-------------------------------  Conjugate Gradient Minimizer Options ------------------------------
Beta Type                        =              1  Initial Step                     =            0.1
Line Searcher                    =           None  Log Frequency                    =              1
Maximum Iterations               =           5000  Maximum Theta                    =          1e+10
Minimum Theta                    =          1e-10  RMS Gradient Tolerance           =            0.1
Steepest Descent Tolerance       =          0.001  Use Spectral Theta               =           True
----------------------------------------------------------------------------------------------------

----------------------------------------------------------------------------------------------------------------
  Iteration       Function          RMS Gradient        Max. |Grad.|          RMS Disp.         Max. |Disp.|
----------------------------------------------------------------------------------------------------------------
     0     I      -9511.88717765         39.38131656       1513.91785818          0.00201374          0.07741329
     1   L1s      -9548.50383895          3.29185578         80.33224697          0.00075746          0.01842518
     2   L1s      -9548.91079713          2.19836674         56.05153816          0.00010062          0.00311256
     3   L1s      -9549.66891141          1.92675133         48.85008532          0.00033795          0.01151815
     4   L1s      -9550.30045285          1.12586774         28.44957094          0.00038435          0.00803258
     5   L1s      -9550.46145925          1.44212472         36.01448567          0.00015172          0.00292757
     6   L1s      -9550.55465343          0.87886060         25.24303487          0.00010204          0.00286063
     7   L1s      -9550.67960272          0.71228285         13.69961988          0.00017871          0.00399233
     8   L1s      -9550.82004533          1.17730955         28.17532277          0.00025677          0.00572840
     9   L1s      -9550.88387772          0.62438756         11.17731227          0.00012471          0.00231143
    10   L1s      -9550.92793548          0.55301895         14.08222196          0.00010341          0.00184061
    11   L1s      -9550.99074905          0.55227700          9.14079749          0.00017382          0.00349942
    12   L1s      -9551.00642339          0.54056148         10.77403471          0.00004907          0.00096402
    13   L1s      -9551.05038821          0.37801981          5.84642980          0.00015261          0.00310615
    14   L1s      -9551.08087108          0.33678561          4.57659731          0.00012423          0.00264882
    15   L0s      -9551.10588120          0.44538605         13.30142095          0.00012423          0.00247876
    16   L1s      -9551.11672113          0.39971271          8.16104437          0.00005596          0.00119951
    17   L1s      -9551.13425484          0.31581699          6.00624244          0.00009281          0.00191076
    18   L1s      -9551.14163758          0.35482339          9.90212599          0.00004339          0.00089607
    19   L1s      -9551.15129576          0.24450806          4.38721253          0.00006090          0.00123380
    20   L1s      -9551.16367741          0.24799824          4.31925401          0.00008819          0.00176898
    21   L1s      -9551.17340144          0.21478073          3.59200737          0.00007620          0.00137420
    22   L1s      -9551.17643287          0.23254181          5.79636032          0.00002636          0.00049974
    23   L1s      -9551.18583160          0.18735479          2.63185708          0.00008805          0.00153637
    24   L1s      -9551.19178297          0.29306010          7.12069099          0.00006137          0.00108758
    25   L1s      -9551.19594852          0.19719322          3.50630246          0.00004449          0.00072514
    26   L1s      -9551.20247983          0.15381137          2.55153188          0.00007474          0.00112606
    27   L1s      -9551.20639698          0.22848263          5.54470771          0.00004936          0.00065705
    28   L1s      -9551.20956766          0.17178718          2.60348157          0.00004151          0.00053582
    29   L1s      -9551.21475896          0.15574034          2.69806456          0.00007225          0.00081173
    30   L0s      -9551.21938679          0.18869978          3.43080510          0.00007225          0.00074863
    31   L1s      -9551.22252843          0.23635433          5.92965164          0.00004994          0.00046398
    32   L1s      -9551.22608108          0.14652198          1.92485813          0.00005621          0.00046694
    33   L0s      -9551.22936697          0.18703161          5.38161384          0.00005621          0.00043962
    34   L1s      -9551.23126241          0.15352091          2.60181578          0.00003317          0.00024783
    35   L1s      -9551.23665589          0.12051803          1.40996560          0.00009603          0.00074191
    36   L1s      -9551.23948604          0.20090272          5.55150190          0.00005386          0.00041807
    37   L1s      -9551.24194032          0.17387625          3.05459135          0.00004776          0.00037164
    38   L1s      -9551.24561853          0.16504260          3.41642342          0.00007362          0.00056815
    39   L1s      -9551.24792400          0.20157058          6.12161973          0.00004751          0.00036199
    40   L1s      -9551.25149993          0.13578786          1.58056744          0.00007508          0.00057205
    41   L1s      -9551.25575800          0.14208691          2.02457355          0.00009295          0.00071743
    42   L1s      -9551.25862548          0.23890548          7.54839862          0.00006468          0.00050269
    43   L1s      -9551.26265896          0.15309475          2.27152819          0.00009201          0.00073267
    44   L1s      -9551.26609364          0.22891965          7.20739620          0.00008041          0.00064555
    45   L1s      -9551.26905690          0.16386779          2.56501135          0.00007016          0.00056747
    46   L1s      -9551.27394789          0.12249592          1.66837189          0.00011832          0.00092873
    47   L1s      -9551.27710385          0.20410033          5.27131601          0.00007920          0.00060983
    48   L1s      -9551.27946780          0.15755990          3.16717360          0.00006006          0.00046255
    49   L1s      -9551.28395216          0.18937283          4.77483519          0.00011626          0.00092106
    50   L1s      -9551.28609027          0.18350887          4.75908784          0.00005619          0.00045453
    51   L1s      -9551.28938659          0.13945834          2.34166825          0.00008784          0.00072049
    52   L1s      -9551.29317277          0.14382561          2.57807133          0.00010325          0.00084116
    53   L1s      -9551.29537877          0.19121904          5.25049270          0.00006143          0.00049590
    54   L1s      -9551.29804710          0.13420531          2.00063962          0.00007516          0.00058848
    55   L1s      -9551.30118707          0.17432390          4.92309215          0.00009045          0.00069103
    56   L1s      -9551.30273093          0.15055541          3.26937676          0.00004505          0.00033185
    57   L1s      -9551.30696077          0.14360276          1.69890295          0.00012552          0.00099792
    58   L1s      -9551.31059095          0.17943636          4.08304282          0.00010963          0.00092251
    59   L1s      -9551.31230647          0.13763253          3.24360991          0.00005239          0.00047734
    60   L1s      -9551.31503745          0.14062070          2.63818450          0.00008495          0.00081171
    61   L0s      -9551.31782386          0.18913136          5.59675328          0.00008495          0.00082388
    62   L1s      -9551.31973779          0.13488208          2.11236040          0.00005994          0.00059338
    63   L1s      -9551.32345563          0.11647242          2.07122647          0.00012705          0.00126753
    64   L1s      -9551.32486259          0.17729915          5.11109042          0.00004906          0.00048766
    65   L1s      -9551.32822480          0.13309560          1.44545436          0.00011828          0.00112809
    66   L1s      -9551.33024417          0.17023824          5.35655185          0.00007212          0.00066510
    67   L1s      -9551.33197108          0.12679448          2.22847261          0.00006221          0.00053389
    68   L1s      -9551.33399076          0.09753192          1.09634467          0.00007389          0.00055341
----------------------------------------------------------------------------------------------------------------

Minimization converged.

-------------------  Conjugate Gradient Minimizer Statistics -------------------
Iterations             =             68  Function Calls         =            133
--------------------------------------------------------------------------------
