
#-----------------------------------------------------------------------------#
#                                                                             #
#                                EasyHybrid                                   #
#                   - A pDynamo graphical user interface -                    #
#                                                                             #
#-----------------------------------------------------------------------------#
#                                                                             #
#     Developed by Jose Fernando R Bachega and Luis Fernando S M Timmers      #
#                            <ferbachega@gmail.com>                           #
#                                                                             #
#             visit: https://sites.google.com/site/EasyHybrid/                #
#                   Univesity of Sao Paulo - SP, Brazil                       #
#      Pontifical Catholic University of Rio Grande do Sul - RS, Brazil       #
#                                                                             #
#                                                                             #
#   EasyHybrid team:                               Special thanks to:         #
#   - Jose Fernando R Bachega           |         - Fernando V Maluf          #
#   - Michele Silva                     |                                     #
#   - Luis Fernando S M Timmers         |                                     #
#   - Martin Field                      |         - Leonardo R Bachega        #
#   - Troy Wymore                       |         - Lucas Assirati            #
#   - Osmar Norberto de Souza           |         - Richard Garratt           #
#   - Walter R Paixao-Cortes            |                                     #
#                                                                             #
#   Cite this work as:                                                        #
#   J.F.R. Bachega, L.F.S.M. Timmers, L.Assirati, L.B. Bachega, M.J. Field,   #
#   T. Wymore. J. Comput. Chem. 2013, 34, 2190-2196. DOI: 10.1002/jcc.23346   #
#                                                                             #
#-----------------------------------------------------------------------------#

Generated on Wed Jun  5 17:29:29 2019


--------------------------------------------------------------------------------
                       Summary for System "Pruned System"
--------------------------------------------------------------------------------

---------------------------- Atom Container Summary ----------------------------
Number of Atoms        =           2173  Number of Heavy Atoms  =           1040
Number of Hydrogens    =           1133  Number of Unknowns     =              0
--------------------------------------------------------------------------------

----------------------------- Connectivity Summary -----------------------------
Atoms                  =           2173
--------------------------------------------------------------------------------

------------------------------- Electronic State -------------------------------
Charge                 =             -1  Multiplicity           =              1
--------------------------------------------------------------------------------

--------------------------------------------------------------------------------
                    Summary for Energy Model "AMBER/AM1/ABFS"
--------------------------------------------------------------------------------

----------------------------------- Summary for MM Model "AMBER" -----------------------------------
LJ 1-4 Scaling                   =          0.500  El. 1-4 Scaling                  =          0.833
Number of MM Atoms               =           2173  Number of MM Atom Types          =             37
Number of Inactive MM Atoms      =             33  Total MM Charge                  =          -4.00
Harmonic Bond Terms              =           2169  Harmonic Bond Parameters         =             49
Harmonic Bond Inactive           =           1308  Fourier Improper Terms           =            320
Fourier Improper Parameters      =              3  Fourier Improper Inactive        =            164
Harmonic Angle Terms             =           3403  Harmonic Angle Parameters        =            103
Harmonic Angle Inactive          =           1938  Fourier Dihedral Terms           =           6697
Fourier Dihedral Parameters      =             48  Fourier Dihedral Inactive        =           3453
Exclusions                       =          10377  1-4 Interactions                 =           4805
LJ Parameters Form               =          AMBER  LJ Parameters Types              =             21
1-4 Lennard-Jones Form           =          AMBER  1-4 Lennard-Jones Types          =             21
----------------------------------------------------------------------------------------------------

-------------------------- Summary for QC Model "AM1" --------------------------
Number of QC Atoms     =             39  Boundary Atoms         =              6
Nuclear Charge         =            129  Orbital Functions      =            108
Fitting Functions      =              0  Energy Base Line       =      188.36370
QC Parameter Centers   =              6
--------------------------------------------------------------------------------

----------------------------- ABFS NB Model Summary ----------------------------
Dielectric             =       1.000000  El. 1-4 Scaling        =       0.833333
Damping Cutoff         =       0.500000  Inner Cutoff           =       8.000000
List Cutoff            =      13.500000  Outer Cutoff           =      12.000000
QC/MM Coupling         =    RC Coupling  Use Centering          =          False
--------------------------------------------------------------------------------

-------------------------- Pairlist Generator Summary --------------------------
Cell Size              =          6.750  Cutoff                 =         13.500
Cutoff Cell Size Factor =          0.500  Grid Cell/Cell Method  =           True
Minimum Cell Extent    =              2  Minimum Cell Size      =          3.000
Minimum Extent Factor  =          1.500  Minimum Points         =            500
Sort Indices           =          False
--------------------------------------------------------------------------------

----------------------- SoftConstraint Container Summary -----------------------
Multiple Distance      =              2
--------------------------------------------------------------------------------

---------------------------- Hard Constraint Container Summary ---------------------------
Number of Charge Constraints  =            0  Number of Fixed Atoms         =         1351
------------------------------------------------------------------------------------------

------------------------------- Sequence Summary -------------------------------
Number of Atoms            =       2173  Number of Components       =        213
Number of Entities         =          1  Number of Linear Polymers  =          0
Number of Links            =          0  Number of Variants         =          0
--------------------------------------------------------------------------------

-------------------------------  Conjugate Gradient Minimizer Options ------------------------------
Beta Type                        =              1  Initial Step                     =            0.1
Line Searcher                    =           None  Log Frequency                    =              1
Maximum Iterations               =           5000  Maximum Theta                    =          1e+10
Minimum Theta                    =          1e-10  RMS Gradient Tolerance           =            0.1
Steepest Descent Tolerance       =          0.001  Use Spectral Theta               =           True
----------------------------------------------------------------------------------------------------

----------------------------------------------------------------------------------------------------------------
  Iteration       Function          RMS Gradient        Max. |Grad.|          RMS Disp.         Max. |Disp.|
----------------------------------------------------------------------------------------------------------------
     0     I      -9365.17234058         39.08580209       1459.74517418          0.00201374          0.07520756
     1   L1s      -9401.39320243          2.95915733         86.84730573          0.00074412          0.02058704
     2   L1s      -9402.04210151          3.66462962        103.52929079          0.00017788          0.00622887
     3   L1s      -9403.34200753          1.65319986         46.48496260          0.00045704          0.01177520
     4   L1s      -9403.75185363          1.11733314         23.25975687          0.00024631          0.00442964
     5   L1s      -9403.85555265          1.53841354         43.09417124          0.00009794          0.00185150
     6   L1s      -9404.10450807          1.20132011         28.69643464          0.00026979          0.00609772
     7   L1s      -9404.28557576          0.94556462         20.43090140          0.00023201          0.00393428
     8   L1s      -9404.33833731          0.91522501         19.26361722          0.00008144          0.00149857
     9   L1s      -9404.43479925          0.52001532         11.10468408          0.00017175          0.00236372
    10   L1s      -9404.46534427          0.46712525          7.77016614          0.00007216          0.00089257
    11   L1s      -9404.48736845          0.69540141         15.63174554          0.00006442          0.00095924
    12   L1s      -9404.52803170          0.38402370          6.58064059          0.00012806          0.00204714
    13   L0s      -9404.56027562          0.39258371          6.81152174          0.00012806          0.00205339
    14   L1s      -9404.57883242          0.62452922         18.10672708          0.00008188          0.00152673
    15   L1s      -9404.61098142          0.42837127          6.49933143          0.00014593          0.00267870
    16   L1s      -9404.63773854          0.47655943         11.46935769          0.00013125          0.00256359
    17   L1s      -9404.65066490          0.45180677          9.92085001          0.00006719          0.00129969
    18   L1s      -9404.67756421          0.41374429          7.52076346          0.00014797          0.00291946
    19   L1s      -9404.71201083          0.34773933          4.76660465          0.00020131          0.00426099
    20   L1s      -9404.73485130          0.62865914         21.01386580          0.00014369          0.00306416
    21   L0s      -9404.75715388          0.42710736          5.49972349          0.00014369          0.00305490
    22   L1s      -9404.78708893          0.42432619          9.03623703          0.00020227          0.00431669
    23   L1s      -9404.79806881          0.42050544         11.83724026          0.00007654          0.00168320
    24   L1s      -9404.81717090          0.29771845          3.73539353          0.00013817          0.00304786
    25   L1s      -9404.83958221          0.31401520          4.33298567          0.00017351          0.00387796
    26   L1s      -9404.85047143          0.46014418         13.03147985          0.00008871          0.00205545
    27   L1s      -9404.86565373          0.33673424          7.80455415          0.00012673          0.00289945
    28   L0s      -9404.88024300          0.28085177          5.95712180          0.00012673          0.00288021
    29   L1s      -9404.88802954          0.37621743         10.33462345          0.00007137          0.00170242
    30   L1s      -9404.89994186          0.29126878          3.97920146          0.00011222          0.00266987
    31   L1s      -9404.91947946          0.24391017          2.85553794          0.00019185          0.00481693
    32   L1s      -9404.92689373          0.38068606          9.98364185          0.00007720          0.00185860
    33   L1s      -9404.93687497          0.29911514          4.42788101          0.00010606          0.00264224
    34   L1s      -9404.95767264          0.32442292          5.85808341          0.00022833          0.00587830
    35   L1s      -9404.96773437          0.43681247          9.34198187          0.00011257          0.00283331
    36   L1s      -9404.98491321          0.32212547          7.05432777          0.00019514          0.00505295
    37   L0s      -9404.99994467          0.32786478          4.67959850          0.00019514          0.00502307
    38   L1s      -9405.01254658          0.46960631         10.88590794          0.00016395          0.00436066
    39   L0s      -9405.02455518          0.28898968          3.88877839          0.00016395          0.00434854
    40   L1s      -9405.04053236          0.34608132          7.29156407          0.00024959          0.00664907
    41   L1s      -9405.04796365          0.32617834          9.34290201          0.00011140          0.00297298
    42   L1s      -9405.05940125          0.25460976          3.78448638          0.00017328          0.00464715
    43   L0s      -9405.06958561          0.36686083          9.39393013          0.00017328          0.00459953
    44   L1s      -9405.07595357          0.27663342          4.34817469          0.00010400          0.00279601
    45   L1s      -9405.08979994          0.32652033          5.67113672          0.00019691          0.00515992
    46   L1s      -9405.10077098          0.40619304         12.42754112          0.00015768          0.00427255
    47   L0s      -9405.11180791          0.28467140          4.56252900          0.00015768          0.00418045
    48   L1s      -9405.12798880          0.24731094          2.49869976          0.00023179          0.00623173
    49   L1s      -9405.13836750          0.35972940         11.21892081          0.00015770          0.00407287
    50   L1s      -9405.14504881          0.26109011          4.16265345          0.00010226          0.00269750
    51   L1s      -9405.16168257          0.30816715          7.11427979          0.00025937          0.00679998
    52   L1s      -9405.16814065          0.33495079          9.42037810          0.00010137          0.00264820
    53   L1s      -9405.18006263          0.28464356          3.94328312          0.00018946          0.00492528
    54   L1s      -9405.19486487          0.27978768          4.03853987          0.00023906          0.00613503
    55   L0s      -9405.20808426          0.42016989         12.22271404          0.00023906          0.00615462
    56   L1s      -9405.21646667          0.32608253          5.18268190          0.00014445          0.00368159
    57   L1s      -9405.23326370          0.28223862          3.57040238          0.00025110          0.00628039
    58   L1s      -9405.24254780          0.41500753         13.50334633          0.00014117          0.00359243
    59   L1s      -9405.25491326          0.30019883          4.38535288          0.00019025          0.00473112
    60   L1s      -9405.27316982          0.27510083          4.85300613          0.00028558          0.00697987
    61   L1s      -9405.28812994          0.39509035         10.32450681          0.00024043          0.00601485
    62   L1s      -9405.29730532          0.34719544          7.77636275          0.00014893          0.00361695
    63   L1s      -9405.31176880          0.30451079          5.86658477          0.00023819          0.00580887
    64   L1s      -9405.32922972          0.39617247         11.83034149          0.00029442          0.00716227
    65   L1s      -9405.33708028          0.32842075          6.42070214          0.00013279          0.00322849
    66   L1s      -9405.35975798          0.31662411          3.78739941          0.00038817          0.00940590
    67   L0s      -9405.38143347          0.33950152          4.98725823          0.00038817          0.00956109
    68   L1s      -9405.38921158          0.38017484          9.10407872          0.00013970          0.00338622
    69   L1s      -9405.40526234          0.30210632          4.53578852          0.00028335          0.00689897
    70   L0s      -9405.42239620          0.29155201          5.64629931          0.00028335          0.00704787
    71   L1s      -9405.43054824          0.38860239         10.26887036          0.00013499          0.00327996
    72   L1s      -9405.44402756          0.32236541          4.30016843          0.00023659          0.00581879
    73   L1s      -9405.46626903          0.30353757          3.28752897          0.00039803          0.00991128
    74   L1s      -9405.48103657          0.47710505         14.07688597          0.00026330          0.00642843
    75   L1s      -9405.49324904          0.28170089          3.43388211          0.00021804          0.00540532
    76   L1s      -9405.50901779          0.29669842          4.72805954          0.00028489          0.00708175
    77   L1s      -9405.51937782          0.42318249         12.90849544          0.00018777          0.00467668
    78   L1s      -9405.53105448          0.30991375          5.13116129          0.00021295          0.00532847
    79   L1s      -9405.54879370          0.29545065          6.42791677          0.00032724          0.00823805
    80   L0s      -9405.56485747          0.42429793         10.37284940          0.00032724          0.00822333
    81   L1s      -9405.57415659          0.37317144          8.24834044          0.00018162          0.00460944
    82   L1s      -9405.58962895          0.28623138          4.56242370          0.00027342          0.00706831
    83   L1s      -9405.60776416          0.48079817         14.11029013          0.00032602          0.00830876
    84   L1s      -9405.61912573          0.32854061          4.88560828          0.00020351          0.00529156
    85   L1s      -9405.64217538          0.35865923          7.00802648          0.00041328          0.01089881
    86   L1s      -9405.65728736          0.47294507         14.31989354          0.00027015          0.00702073
    87   L1s      -9405.67063624          0.37134957          6.51073243          0.00023943          0.00632251
    88   L1s      -9405.69613224          0.38894687          6.42147456          0.00046144          0.01232282
    89   L0s      -9405.71924715          0.74066815         25.07680161          0.00046144          0.01217157
    90   L1s      -9405.74732473          0.41913021          5.93949965          0.00051531          0.01353702
    91   L0s      -9405.78155945          0.71593554         18.58143182          0.00051531          0.01368722
    92   L1s      -9405.80629053          0.57261616         11.08340508          0.00035067          0.00919459
    93   L1s      -9405.84916388          0.53828460         14.96468120          0.00054350          0.01416332
    94   L0s      -9405.88777318          0.87823277         23.81583800          0.00054350          0.01430356
    95   L0s      -9405.93028343          0.62376185         11.10868226          0.00054350          0.01424474
    96   L1s      -9406.00380285          0.84854533         21.77330470          0.00076787          0.01990412
    97   L1s      -9406.04127769          0.77782461         13.56853116          0.00039953          0.01044961
    98   L1s      -9406.16562101          1.07023736         23.87051308          0.00131509          0.03476051
    99   L1s      -9406.24458480          1.24582278         33.57287955          0.00079959          0.02103744
   100   L1s      -9406.41755048          1.26420634         36.43239608          0.00184265          0.04865120
   101   L1s      -9406.61226758          1.68426347         45.71733212          0.00227270          0.06029848
   102   L1s      -9406.73412156          0.98660229         16.42384405          0.00101432          0.02649349
   103   L0s      -9406.89169257          0.85464408         11.19614913          0.00101432          0.02611552
   104   L1s      -9406.96633562          1.14833997         27.24568800          0.00048762          0.01234903
   105   L1s      -9407.06665097          0.81379991         13.68484384          0.00065502          0.01618822
   106   L1s      -9407.15472903          0.85486552         17.69926824          0.00057695          0.01396689
   107   L1s      -9407.20458921          0.82355142         17.11423608          0.00032009          0.00750072
   108   L1s      -9407.27516906          0.65934126         11.63529674          0.00045765          0.01033592
   109   L0s      -9407.34303906          0.67715075         14.64338637          0.00045765          0.00991537
   110   L1s      -9407.37572435          0.72935201         18.00981001          0.00021993          0.00462888
   111   L1s      -9407.43246610          0.56744899          8.92248664          0.00037806          0.00749139
   112   L1s      -9407.47373809          0.77823276         18.31708105          0.00027761          0.00525758
   113   L1s      -9407.51005208          0.51283347          6.43107990          0.00024654          0.00426566
   114   L1s      -9407.56049344          0.56712950         10.57065784          0.00034931          0.00547330
   115   L1s      -9407.59291293          0.63779610         18.08591255          0.00022813          0.00334532
   116   L1s      -9407.62110738          0.51194993          9.32240005          0.00020130          0.00298099
   117   L1s      -9407.66203866          0.55809440         13.12794833          0.00029931          0.00446925
   118   L1s      -9407.68619482          0.64451319         18.15594795          0.00018011          0.00269056
   119   L1s      -9407.72902313          0.48727584          5.36324109          0.00032357          0.00469626
   120   L0s      -9407.77357381          0.57037589         13.98478335          0.00032357          0.00450689
   121   L1s      -9407.79546774          0.53070716         10.77752582          0.00016481          0.00216804
   122   L1s      -9407.84097272          0.54314133         10.25389749          0.00037418          0.00468369
   123   L1s      -9407.86908550          0.62545812         18.19399891          0.00023475          0.00282155
   124   L0s      -9407.89791609          0.53712839          8.94074841          0.00023475          0.00262626
   125   L1s      -9407.94415151          0.54218648         10.88975279          0.00037853          0.00389281
   126   L1s      -9407.97087598          0.67241105         18.12583860          0.00022999          0.00221795
   127   L1s      -9408.01696978          0.44202210          4.76267337          0.00040047          0.00336277
   128   L0s      -9408.06002605          0.73697523         15.31736664          0.00040047          0.00324358
   129   L1s      -9408.08691263          0.53315191          9.00968173          0.00024432          0.00200523
   130   L1s      -9408.13337479          0.57222404         11.51406294          0.00039380          0.00352214
   131   L1s      -9408.15782046          0.62094776         14.14967065          0.00021000          0.00201498
   132   L1s      -9408.19689792          0.43240168          5.31504029          0.00033957          0.00348751
   133   L1s      -9408.24401579          0.55650963         12.29838996          0.00041926          0.00442953
   134   L1s      -9408.26809035          0.62600178         13.23067759          0.00021693          0.00229180
   135   L1s      -9408.30824230          0.49379916          8.60769675          0.00036575          0.00383845
   136   L1s      -9408.33777446          0.60295222         14.24586189          0.00027352          0.00287544
   137   L1s      -9408.36066043          0.52431426          8.94859997          0.00021413          0.00235332
   138   L1s      -9408.40340976          0.46976658          6.83735949          0.00040531          0.00467080
   139   L0s      -9408.44369388          0.67709943         18.90980034          0.00040531          0.00518277
   140   L1s      -9408.46718158          0.48496615          8.51172729          0.00023243          0.00289647
   141   L1s      -9408.50928994          0.45654972          6.98184559          0.00038821          0.00498463
   142   L1s      -9408.54251841          0.70850171         21.80034094          0.00031266          0.00395630
   143   L1s      -9408.56920628          0.44686330          7.48036356          0.00025293          0.00324982
   144   L1s      -9408.60893854          0.46922231          7.63585744          0.00038336          0.00506693
   145   L1s      -9408.64006827          0.56322847         12.79823942          0.00030526          0.00377342
   146   L1s      -9408.66064236          0.51424661          7.88705208          0.00020393          0.00262738
   147   L1s      -9408.70061498          0.41454044          5.22943249          0.00040134          0.00505111
   148   L1s      -9408.73417492          0.67974120         19.85375912          0.00034344          0.00415082
   149   L1s      -9408.75719878          0.43885890          6.86240756          0.00023719          0.00282896
   150   L1s      -9408.79956875          0.40402463          4.13170791          0.00044361          0.00457914
   151   L1s      -9408.82647450          0.63064539         19.38355868          0.00028674          0.00309603
   152   L0s      -9408.85196967          0.47709057          8.15023196          0.00028674          0.00299798
   153   L1s      -9408.88266009          0.42342605          7.62344865          0.00036041          0.00382892
   154   L1s      -9408.90698664          0.52948399         14.75094024          0.00027332          0.00293927
   155   L1s      -9408.92135565          0.37353820          6.09658557          0.00016288          0.00179695
   156   L1s      -9408.94551629          0.36961971          5.67556221          0.00027879          0.00314463
   157   L1s      -9408.96037965          0.47320054         10.50877195          0.00017459          0.00198862
   158   L0s      -9408.97628366          0.31679907          3.55061535          0.00017459          0.00200322
   159   L1s      -9409.00493800          0.33002632          4.55087356          0.00029291          0.00336056
   160   L1s      -9409.02680254          0.48465634         13.06922947          0.00024332          0.00279172
   161   L1s      -9409.03867770          0.34936739          5.62246398          0.00013365          0.00153447
   162   L1s      -9409.06048251          0.33677855          6.16145699          0.00025061          0.00287804
   163   L1s      -9409.06975543          0.40965136         10.92542948          0.00010894          0.00124956
   164   L1s      -9409.08553476          0.31550404          6.58323872          0.00018798          0.00213907
   165   L1s      -9409.10293189          0.29537863          7.01329240          0.00021202          0.00237605
   166   L0s      -9409.11858848          0.40453380          9.59135264          0.00021202          0.00235953
   167   L1s      -9409.12899866          0.40929513          9.60794499          0.00013717          0.00151394
   168   L1s      -9409.14804241          0.28982173          4.16231610          0.00023602          0.00256616
   169   L1s      -9409.16447519          0.44816236         12.63552397          0.00020895          0.00225384
   170   L1s      -9409.17458935          0.31605287          6.29458212          0.00012988          0.00137588
   171   L1s      -9409.19492665          0.31376614          6.62146601          0.00026628          0.00276366
   172   L1s      -9409.20724735          0.41390659         12.32002426          0.00016438          0.00168935
   173   L0s      -9409.21846829          0.36560716          7.10791861          0.00016438          0.00167808
   174   L1s      -9409.23608083          0.27923355          3.17726276          0.00026612          0.00269690
   175   L1s      -9409.25186679          0.33856975          8.71856407          0.00021176          0.00213419
   176   L1s      -9409.25973222          0.37924581          9.52606984          0.00010719          0.00107469
   177   L1s      -9409.27707609          0.29730308          4.57600833          0.00023925          0.00237188
   178   L0s      -9409.29434387          0.35915582          9.57544477          0.00023925          0.00236227
   179   L1s      -9409.30154060          0.30894215          7.26396342          0.00010150          0.00100100
   180   L1s      -9409.31984992          0.27034869          2.85344558          0.00026767          0.00267296
   181   L1s      -9409.33494144          0.31460504          6.87463420          0.00022535          0.00226972
   182   L1s      -9409.34222968          0.35032071         10.12916635          0.00011039          0.00111697
   183   L1s      -9409.35274904          0.27058518          4.58603098          0.00016119          0.00163136
   184   L1s      -9409.36795197          0.28149082          2.98249176          0.00023735          0.00238683
   185   L1s      -9409.38009512          0.39879589         12.52556039          0.00019278          0.00193304
   186   L1s      -9409.38939385          0.28014828          3.83788850          0.00014883          0.00148582
   187   L1s      -9409.40410127          0.26775924          2.97157489          0.00023914          0.00237871
   188   L1s      -9409.41356202          0.39409875         13.45091042          0.00015642          0.00155042
   189   L0s      -9409.42301817          0.27331970          3.82884684          0.00015642          0.00153094
   190   L1s      -9409.43569340          0.26227764          4.25098508          0.00021149          0.00202756
   191   L0s      -9409.44802534          0.24633168          3.63707105          0.00021149          0.00197599
   192   L1s      -9409.45525276          0.34522693         10.52704808          0.00012623          0.00116466
   193   L1s      -9409.46336876          0.20526667          2.24528700          0.00014277          0.00127354
   194   L1s      -9409.47438222          0.24588403          5.67983798          0.00019862          0.00172178
   195   L1s      -9409.47836723          0.27104333          7.82373511          0.00007305          0.00061748
   196   L1s      -9409.48648518          0.19146988          2.87966232          0.00015079          0.00120746
   197   L1s      -9409.49542221          0.19929105          2.41656378          0.00017031          0.00139172
   198   L1s      -9409.50250909          0.25369082          6.84153544          0.00013802          0.00113685
   199   L1s      -9409.50630901          0.22016610          4.51781995          0.00007499          0.00062216
   200   L1s      -9409.51368832          0.19702944          3.75365278          0.00014819          0.00122959
   201   L1s      -9409.51886536          0.23850890          6.29783188          0.00010611          0.00087574
   202   L1s      -9409.52247064          0.23269670          5.77463275          0.00007492          0.00061222
   203   L1s      -9409.53008717          0.17259381          1.96383203          0.00016048          0.00129131
   204   L0s      -9409.53819875          0.15952261          1.74693185          0.00016048          0.00127765
   205   L1s      -9409.54308991          0.25623813          7.60355603          0.00009884          0.00078217
   206   L1s      -9409.54724021          0.20606312          3.37900873          0.00008772          0.00068542
   207   L1s      -9409.55437982          0.20052378          3.47308298          0.00015347          0.00118109
   208   L1s      -9409.55913753          0.26319879          8.30255763          0.00010404          0.00079309
   209   L1s      -9409.56303829          0.17287267          3.40878551          0.00008614          0.00064077
   210   L1s      -9409.56789859          0.15722051          1.82042074          0.00010972          0.00078406
   211   L0s      -9409.57278378          0.23660423          6.86626431          0.00010972          0.00076540
   212   L1s      -9409.57605039          0.17504805          3.21792240          0.00007552          0.00051428
   213   L1s      -9409.58250485          0.14900281          1.27340505          0.00016048          0.00112814
   214   L0s      -9409.58853912          0.16799974          3.02066103          0.00016048          0.00118287
   215   L1s      -9409.59247338          0.17899054          3.32541970          0.00010526          0.00077366
   216   L1s      -9409.59484938          0.19402062          3.80338260          0.00006219          0.00044467
   217   L1s      -9409.59818071          0.13826229          1.98518134          0.00008830          0.00057452
   218   L0s      -9409.60124878          0.20766030          5.36511344          0.00008830          0.00056401
   219   L1s      -9409.60341796          0.14484374          1.80125173          0.00006098          0.00040015
   220   L1s      -9409.60753677          0.13928379          2.38772307          0.00010548          0.00075952
   221   L0s      -9409.61169080          0.17531600          3.69575591          0.00010548          0.00074845
   222   L1s      -9409.61353309          0.16251778          3.27614467          0.00004818          0.00035612
   223   L1s      -9409.61771197          0.14193389          1.79646020          0.00011561          0.00088362
   224   L1s      -9409.61999585          0.21515144          5.63821476          0.00006453          0.00049367
   225   L1s      -9409.62361181          0.12650180          1.46637875          0.00010307          0.00074230
   226   L0s      -9409.62724989          0.12427782          1.65684735          0.00010307          0.00071106
   227   L1s      -9409.62985610          0.16093454          4.26240286          0.00007579          0.00052742
   228   L1s      -9409.63145873          0.14796079          2.59997149          0.00004813          0.00034416
   229   L1s      -9409.63414506          0.12671704          2.24181039          0.00008200          0.00061017
   230   L1s      -9409.63595658          0.16603337          4.18182260          0.00005650          0.00042310
   231   L0s      -9409.63769409          0.11997496          1.78407228          0.00005650          0.00041393
   232   L1s      -9409.64082791          0.11540763          1.24897121          0.00010661          0.00072837
   233   L1s      -9409.64344600          0.10833142          1.51176232          0.00008837          0.00056103
   234   L1s      -9409.64476138          0.15004749          4.70337998          0.00004548          0.00027869
   235   L1s      -9409.64634119          0.11596374          2.07893064          0.00005528          0.00032125
   236   L1s      -9409.64836621          0.11697106          2.61492814          0.00007227          0.00039997
   237   L1s      -9409.64948020          0.13750262          3.61117802          0.00004050          0.00022140
   238   L1s      -9409.65131341          0.09634106          1.06491462          0.00006752          0.00036510
----------------------------------------------------------------------------------------------------------------

Minimization converged.

-------------------  Conjugate Gradient Minimizer Statistics -------------------
Iterations             =            238  Function Calls         =            442
--------------------------------------------------------------------------------
