
#-----------------------------------------------------------------------------#
#                                                                             #
#                                EasyHybrid                                   #
#                   - A pDynamo graphical user interface -                    #
#                                                                             #
#-----------------------------------------------------------------------------#
#                                                                             #
#     Developed by Jose Fernando R Bachega and Luis Fernando S M Timmers      #
#                            <ferbachega@gmail.com>                           #
#                                                                             #
#             visit: https://sites.google.com/site/EasyHybrid/                #
#                   Univesity of Sao Paulo - SP, Brazil                       #
#      Pontifical Catholic University of Rio Grande do Sul - RS, Brazil       #
#                                                                             #
#                                                                             #
#   EasyHybrid team:                               Special thanks to:         #
#   - Jose Fernando R Bachega           |         - Fernando V Maluf          #
#   - Michele Silva                     |                                     #
#   - Luis Fernando S M Timmers         |                                     #
#   - Martin Field                      |         - Leonardo R Bachega        #
#   - Troy Wymore                       |         - Lucas Assirati            #
#   - Osmar Norberto de Souza           |         - Richard Garratt           #
#   - Walter R Paixao-Cortes            |                                     #
#                                                                             #
#   Cite this work as:                                                        #
#   J.F.R. Bachega, L.F.S.M. Timmers, L.Assirati, L.B. Bachega, M.J. Field,   #
#   T. Wymore. J. Comput. Chem. 2013, 34, 2190-2196. DOI: 10.1002/jcc.23346   #
#                                                                             #
#-----------------------------------------------------------------------------#

Generated on Wed Jun  5 17:24:00 2019


--------------------------------------------------------------------------------
                       Summary for System "Pruned System"
--------------------------------------------------------------------------------

---------------------------- Atom Container Summary ----------------------------
Number of Atoms        =           2173  Number of Heavy Atoms  =           1040
Number of Hydrogens    =           1133  Number of Unknowns     =              0
--------------------------------------------------------------------------------

----------------------------- Connectivity Summary -----------------------------
Atoms                  =           2173
--------------------------------------------------------------------------------

------------------------------- Electronic State -------------------------------
Charge                 =             -1  Multiplicity           =              1
--------------------------------------------------------------------------------

--------------------------------------------------------------------------------
                    Summary for Energy Model "AMBER/AM1/ABFS"
--------------------------------------------------------------------------------

----------------------------------- Summary for MM Model "AMBER" -----------------------------------
LJ 1-4 Scaling                   =          0.500  El. 1-4 Scaling                  =          0.833
Number of MM Atoms               =           2173  Number of MM Atom Types          =             37
Number of Inactive MM Atoms      =             33  Total MM Charge                  =          -4.00
Harmonic Bond Terms              =           2169  Harmonic Bond Parameters         =             49
Harmonic Bond Inactive           =           1308  Fourier Improper Terms           =            320
Fourier Improper Parameters      =              3  Fourier Improper Inactive        =            164
Harmonic Angle Terms             =           3403  Harmonic Angle Parameters        =            103
Harmonic Angle Inactive          =           1938  Fourier Dihedral Terms           =           6697
Fourier Dihedral Parameters      =             48  Fourier Dihedral Inactive        =           3453
Exclusions                       =          10377  1-4 Interactions                 =           4805
LJ Parameters Form               =          AMBER  LJ Parameters Types              =             21
1-4 Lennard-Jones Form           =          AMBER  1-4 Lennard-Jones Types          =             21
----------------------------------------------------------------------------------------------------

-------------------------- Summary for QC Model "AM1" --------------------------
Number of QC Atoms     =             39  Boundary Atoms         =              6
Nuclear Charge         =            129  Orbital Functions      =            108
Fitting Functions      =              0  Energy Base Line       =      188.36370
QC Parameter Centers   =              6
--------------------------------------------------------------------------------

----------------------------- ABFS NB Model Summary ----------------------------
Dielectric             =       1.000000  El. 1-4 Scaling        =       0.833333
Damping Cutoff         =       0.500000  Inner Cutoff           =       8.000000
List Cutoff            =      13.500000  Outer Cutoff           =      12.000000
QC/MM Coupling         =    RC Coupling  Use Centering          =          False
--------------------------------------------------------------------------------

-------------------------- Pairlist Generator Summary --------------------------
Cell Size              =          6.750  Cutoff                 =         13.500
Cutoff Cell Size Factor =          0.500  Grid Cell/Cell Method  =           True
Minimum Cell Extent    =              2  Minimum Cell Size      =          3.000
Minimum Extent Factor  =          1.500  Minimum Points         =            500
Sort Indices           =          False
--------------------------------------------------------------------------------

----------------------- SoftConstraint Container Summary -----------------------
Multiple Distance      =              2
--------------------------------------------------------------------------------

---------------------------- Hard Constraint Container Summary ---------------------------
Number of Charge Constraints  =            0  Number of Fixed Atoms         =         1351
------------------------------------------------------------------------------------------

------------------------------- Sequence Summary -------------------------------
Number of Atoms            =       2173  Number of Components       =        213
Number of Entities         =          1  Number of Linear Polymers  =          0
Number of Links            =          0  Number of Variants         =          0
--------------------------------------------------------------------------------

-------------------------------  Conjugate Gradient Minimizer Options ------------------------------
Beta Type                        =              1  Initial Step                     =            0.1
Line Searcher                    =           None  Log Frequency                    =              1
Maximum Iterations               =           5000  Maximum Theta                    =          1e+10
Minimum Theta                    =          1e-10  RMS Gradient Tolerance           =            0.1
Steepest Descent Tolerance       =          0.001  Use Spectral Theta               =           True
----------------------------------------------------------------------------------------------------

----------------------------------------------------------------------------------------------------------------
  Iteration       Function          RMS Gradient        Max. |Grad.|          RMS Disp.         Max. |Disp.|
----------------------------------------------------------------------------------------------------------------
     0     I      -9519.74824558         39.07521073       1534.31874247          0.00201374          0.07907109
     1   L1s      -9555.08868814          3.95434799         92.99828817          0.00073641          0.01723758
     2   L1s      -9555.70790175          2.89420620         73.81211621          0.00012766          0.00384645
     3   L1s      -9557.18678589          2.52211590         65.08352598          0.00051525          0.01567837
     4   L1s      -9558.00386547          1.38221930         32.03613425          0.00038397          0.00717334
     5   L1s      -9558.20705315          2.00380243         52.44348890          0.00015137          0.00310380
     6   L1s      -9558.43123684          1.10995399         23.11941196          0.00018986          0.00360200
     7   L1s      -9558.66641127          1.04718816         24.43671403          0.00026114          0.00568129
     8   L1s      -9558.80699590          1.58759107         41.23166288          0.00019014          0.00423730
     9   L1s      -9558.97795816          0.65461691         14.18893109          0.00024709          0.00390648
    10   L1s      -9559.02390226          0.69133491         12.15518630          0.00008771          0.00180606
    11   L1s      -9559.05439496          0.74849836         14.87353626          0.00006825          0.00114775
    12   L1s      -9559.11005773          0.41944811          6.60412731          0.00013849          0.00243868
    13   L0s      -9559.15364568          0.37628436          6.67334298          0.00013849          0.00249902
    14   L1s      -9559.17963090          0.45665560         10.08731961          0.00009964          0.00175927
    15   L1s      -9559.18994490          0.42384246          9.92954991          0.00004344          0.00082222
    16   L1s      -9559.21529737          0.30137355          4.41528545          0.00011729          0.00225105
    17   L1s      -9559.22991900          0.44570902         11.04407199          0.00007827          0.00154219
    18   L1s      -9559.24033480          0.24180722          3.11813030          0.00005890          0.00116804
    19   L1s      -9559.25357080          0.25140444          4.03122601          0.00008706          0.00166134
    20   L1s      -9559.26342524          0.39912334          8.98908491          0.00007221          0.00134406
    21   L1s      -9559.27075608          0.23588974          3.72883485          0.00005575          0.00106134
    22   L1s      -9559.27907498          0.21890380          4.20082565          0.00006944          0.00131226
    23   L1s      -9559.28935238          0.19699531          3.32746379          0.00009391          0.00171982
    24   L0s      -9559.29833355          0.29893196          9.20464507          0.00009391          0.00180094
    25   L1s      -9559.30214230          0.23391194          4.36997286          0.00004012          0.00077601
    26   L1s      -9559.31020991          0.23729748          5.13412849          0.00008436          0.00157454
    27   L1s      -9559.31398009          0.24034755          5.18885753          0.00004146          0.00077801
    28   L1s      -9559.31975758          0.17916423          2.90920523          0.00006647          0.00137840
    29   L1s      -9559.32642271          0.19882371          3.75831792          0.00008243          0.00181887
    30   L1s      -9559.32972533          0.25743857          6.42684705          0.00004298          0.00095602
    31   L1s      -9559.33438950          0.18875941          3.29250532          0.00006247          0.00143651
    32   L1s      -9559.34122077          0.20116734          4.69898153          0.00009610          0.00234923
    33   L1s      -9559.34421429          0.22032137          4.18196312          0.00004385          0.00113053
    34   L1s      -9559.34902316          0.17306457          2.92394543          0.00007262          0.00187367
    35   L1s      -9559.35663836          0.30859445          9.73601754          0.00012065          0.00310243
    36   L1s      -9559.36023644          0.16696901          2.05340739          0.00005778          0.00155950
    37   L1s      -9559.36832410          0.20163059          3.02570045          0.00013541          0.00364146
    38   L0s      -9559.37583871          0.32292244          9.01969943          0.00013541          0.00361322
    39   L1s      -9559.38095310          0.21544551          3.10369612          0.00009070          0.00246285
    40   L1s      -9559.38947147          0.28705768          6.80341729          0.00014111          0.00382184
    41   L1s      -9559.39321206          0.22518077          4.43056195          0.00006298          0.00171122
    42   L1s      -9559.40114898          0.21338333          4.28128859          0.00013669          0.00370816
    43   L0s      -9559.40826872          0.31295670          7.93145992          0.00013669          0.00375681
    44   L1s      -9559.41354210          0.25863256          4.77380119          0.00009763          0.00268833
    45   L1s      -9559.42373760          0.24218501          4.08646365          0.00017135          0.00471721
    46   L1s      -9559.43146236          0.36411764         12.43627895          0.00013224          0.00368361
    47   L1s      -9559.43836602          0.18841824          1.85828599          0.00011915          0.00329102
    48   L1s      -9559.44394553          0.32682096          9.89482671          0.00009966          0.00273687
    49   L1s      -9559.45054772          0.23047980          3.43070141          0.00011901          0.00322658
    50   L1s      -9559.46088012          0.24398041          4.75430554          0.00018998          0.00512114
    51   L1s      -9559.46548386          0.26936407          6.34958828          0.00008606          0.00226752
    52   L1s      -9559.47113096          0.19687836          3.79786562          0.00010696          0.00271446
    53   L1s      -9559.47841333          0.22269178          6.36228891          0.00014123          0.00356083
    54   L1s      -9559.48096564          0.20748916          5.08218034          0.00005042          0.00123057
    55   L1s      -9559.48751128          0.20749403          4.68728032          0.00013176          0.00320470
    56   L1s      -9559.49034378          0.23052795          5.48586939          0.00005794          0.00140551
    57   L1s      -9559.49660256          0.20569528          3.24842269          0.00013000          0.00306629
    58   L1s      -9559.50437958          0.25178984          5.02081118          0.00016459          0.00381550
    59   L1s      -9559.50784811          0.21732638          4.79336156          0.00007428          0.00172185
    60   L1s      -9559.51409096          0.17695584          3.60643281          0.00013571          0.00306471
    61   L1s      -9559.51789427          0.24462656          7.39948282          0.00008464          0.00183192
    62   L0s      -9559.52134936          0.21650543          4.60526266          0.00008464          0.00179359
    63   L1s      -9559.52845267          0.25662877          6.89301140          0.00017968          0.00377570
    64   L1s      -9559.53182209          0.21519129          4.06411840          0.00008141          0.00168847
    65   L1s      -9559.53880037          0.18375024          2.15373115          0.00017021          0.00338274
    66   L0s      -9559.54523703          0.25695169          6.58943102          0.00017021          0.00339275
    67   L1s      -9559.54906039          0.24495953          5.63856645          0.00009860          0.00193036
    68   L1s      -9559.55542852          0.19542497          2.77999272          0.00015494          0.00306634
    69   L1s      -9559.55853399          0.24259420          7.17349678          0.00007650          0.00151391
    70   L1s      -9559.56288033          0.16274463          2.91701913          0.00010811          0.00214883
    71   L1s      -9559.56763884          0.18925763          3.89776155          0.00012071          0.00242005
    72   L1s      -9559.57037999          0.22606096          5.33472288          0.00007056          0.00146320
    73   L1s      -9559.57686010          0.19139153          3.06096283          0.00016850          0.00355423
    74   L1s      -9559.58219072          0.27560648          7.23190652          0.00014107          0.00301001
    75   L1s      -9559.58598201          0.19855399          3.83299838          0.00010076          0.00216859
    76   L1s      -9559.59202071          0.21872281          3.75190369          0.00016242          0.00356793
    77   L1s      -9559.59609285          0.25270244          6.77309584          0.00011029          0.00240355
    78   L1s      -9559.60085947          0.17062607          2.02098022          0.00013013          0.00285417
    79   L1s      -9559.60880687          0.23363960          5.54037352          0.00022025          0.00483014
    80   L1s      -9559.61182126          0.22082320          5.40025959          0.00008444          0.00185520
    81   L1s      -9559.61706020          0.18461536          3.20807233          0.00014810          0.00322177
    82   L1s      -9559.62012770          0.24612026          7.85149997          0.00008783          0.00194239
    83   L1s      -9559.62535717          0.17976563          2.78928714          0.00015078          0.00333456
    84   L0s      -9559.63083450          0.18021816          2.84779077          0.00015078          0.00334865
    85   L1s      -9559.63424724          0.24554356          6.78439274          0.00009505          0.00213114
    86   L1s      -9559.63914811          0.19047428          2.49057589          0.00014236          0.00323310
    87   L1s      -9559.64539101          0.31325166         10.27584855          0.00018350          0.00412953
    88   L1s      -9559.65045265          0.22204764          3.46884356          0.00014947          0.00341087
    89   L1s      -9559.65872584          0.21694974          3.60456196          0.00024572          0.00563245
    90   L1s      -9559.66335628          0.26978802          7.17085793          0.00013975          0.00318514
    91   L1s      -9559.66860003          0.21305614          3.11142505          0.00015902          0.00361848
    92   L1s      -9559.67674895          0.24377746          5.44223181          0.00024957          0.00574981
    93   L1s      -9559.68097603          0.30262385          8.93277905          0.00012984          0.00296398
    94   L1s      -9559.69217223          0.23768753          3.51822751          0.00034656          0.00794228
    95   L1s      -9559.69929121          0.36552576         10.87912039          0.00021854          0.00503818
    96   L1s      -9559.70899765          0.25693054          3.80159958          0.00029941          0.00693423
    97   L1s      -9559.72330277          0.31227981          6.98189179          0.00044523          0.01036087
    98   L1s      -9559.73338651          0.39033824         10.29646185          0.00031300          0.00739482
    99   L0s      -9559.74350873          0.31597813          6.72576078          0.00031300          0.00741032
   100   L1s      -9559.75935715          0.39185074         11.30641496          0.00049415          0.01176764
   101   L1s      -9559.76635560          0.30000281          5.37695796          0.00021446          0.00513933
   102   L1s      -9559.78177233          0.27678751          3.27574305          0.00047208          0.01154672
   103   L1s      -9559.79074302          0.39053020         11.07818830          0.00026885          0.00654883
   104   L1s      -9559.80202809          0.29957063          5.98725209          0.00034102          0.00838177
   105   L1s      -9559.81584031          0.30140730          4.24684716          0.00042159          0.01041639
   106   L1s      -9559.82429283          0.43146834         12.23512875          0.00026199          0.00652884
   107   L1s      -9559.83939329          0.30069686          4.19536355          0.00046754          0.01174828
   108   L0s      -9559.85296857          0.47891963         14.58448008          0.00046754          0.01188323
   109   L1s      -9559.86379361          0.31564679          5.65229467          0.00034080          0.00863985
   110   L1s      -9559.87619863          0.24665388          4.56594312          0.00030322          0.00779028
   111   L1s      -9559.88196533          0.34040666          9.16502154          0.00013877          0.00360178
   112   L1s      -9559.89232399          0.25385275          5.74450102          0.00025050          0.00651799
   113   L1s      -9559.90042558          0.31478227          9.49578194          0.00019812          0.00504811
   114   L1s      -9559.90566361          0.25357972          5.47044657          0.00012889          0.00330731
   115   L1s      -9559.91471392          0.22809395          3.51048578          0.00022524          0.00577983
   116   L1s      -9559.91997988          0.30010400          8.81679162          0.00013284          0.00338284
   117   L1s      -9559.92606113          0.18933538          2.95638159          0.00015381          0.00387893
   118   L0s      -9559.93262439          0.21793187          5.62644175          0.00015381          0.00396088
   119   L1s      -9559.93556898          0.21549451          6.25313598          0.00007162          0.00181137
   120   L1s      -9559.94289734          0.20739978          4.50580130          0.00019807          0.00498551
   121   L1s      -9559.94620558          0.25370490          6.56045574          0.00008962          0.00224306
   122   L1s      -9559.95248405          0.18792988          3.01637602          0.00017144          0.00424479
   123   L1s      -9559.95781084          0.21186771          5.21645347          0.00014682          0.00351459
   124   L1s      -9559.96070395          0.21963072          5.93328096          0.00008038          0.00193628
   125   L1s      -9559.96563050          0.17543700          2.26157200          0.00013821          0.00321871
   126   L1s      -9559.96891551          0.24759481          7.30907856          0.00009376          0.00215266
   127   L1s      -9559.97306878          0.15573802          1.94539971          0.00011914          0.00263461
   128   L1s      -9559.97797130          0.19480241          4.56770105          0.00014260          0.00314755
   129   L1s      -9559.98040854          0.20337670          5.58944706          0.00007142          0.00150203
   130   L1s      -9559.98459164          0.16313259          2.60321858          0.00012369          0.00252187
   131   L1s      -9559.98712249          0.19173518          5.54226882          0.00007571          0.00150253
   132   L1s      -9559.98929912          0.13857196          1.94702957          0.00006578          0.00124279
   133   L1s      -9559.99333351          0.15273992          2.96057369          0.00012416          0.00217764
   134   L1s      -9559.99518661          0.19320660          6.08469852          0.00005788          0.00102064
   135   L1s      -9559.99867072          0.13527255          1.83787674          0.00010987          0.00181882
   136   L1s      -9560.00077837          0.19740200          6.00031061          0.00006781          0.00109405
   137   L1s      -9560.00340780          0.14061961          1.78942484          0.00008521          0.00129907
   138   L1s      -9560.00747334          0.16785463          3.70440812          0.00013377          0.00201524
   139   L1s      -9560.00945531          0.18001897          5.15728968          0.00006589          0.00091753
   140   L1s      -9560.01200105          0.13658537          3.15141477          0.00008538          0.00112712
   141   L0s      -9560.01443728          0.18647969          5.50571995          0.00008538          0.00108534
   142   L1s      -9560.01624087          0.13786307          1.92033938          0.00006281          0.00074314
   143   L1s      -9560.02001001          0.13964437          2.29680877          0.00012627          0.00134080
   144   L1s      -9560.02179750          0.18801070          5.70847528          0.00006079          0.00065763
   145   L1s      -9560.02487005          0.13395332          1.63558285          0.00010536          0.00105868
   146   L1s      -9560.02729754          0.19385548          5.67156692          0.00008456          0.00083531
   147   L1s      -9560.02940111          0.14691373          2.79120497          0.00007378          0.00069243
   148   L1s      -9560.03292716          0.15236304          2.58169345          0.00012520          0.00116582
   149   L1s      -9560.03540282          0.21013565          6.09741022          0.00008892          0.00076336
   150   L1s      -9560.03851197          0.13393757          1.63710741          0.00011235          0.00091226
   151   L0s      -9560.04161044          0.18375963          5.25829099          0.00011235          0.00092302
   152   L1s      -9560.04319864          0.13524732          1.91616492          0.00005829          0.00049313
   153   L1s      -9560.04645348          0.13639529          2.84085183          0.00012325          0.00098436
   154   L1s      -9560.04795950          0.17534503          4.82081547          0.00005773          0.00045170
   155   L1s      -9560.05149725          0.13347670          2.41050697          0.00013662          0.00113383
   156   L1s      -9560.05371679          0.16045360          3.98613085          0.00008674          0.00071143
   157   L1s      -9560.05508482          0.13327785          2.50307473          0.00005391          0.00041045
   158   L1s      -9560.05774169          0.14163363          2.48811654          0.00010597          0.00073615
   159   L1s      -9560.05973122          0.19468612          5.63913077          0.00008019          0.00054072
   160   L1s      -9560.06277524          0.12230960          1.80785571          0.00012334          0.00083873
   161   L1s      -9560.06508166          0.14324420          3.60131696          0.00009471          0.00057027
   162   L1s      -9560.06614181          0.12584512          2.82583596          0.00004395          0.00026190
   163   L1s      -9560.06858603          0.12939583          2.06692510          0.00010256          0.00060684
   164   L1s      -9560.07003857          0.16715694          5.27819932          0.00006163          0.00036513
   165   L1s      -9560.07257924          0.12769205          2.11044040          0.00010848          0.00064835
   166   L1s      -9560.07565972          0.16334516          4.26984285          0.00013297          0.00079836
   167   L1s      -9560.07710755          0.14703700          2.87655567          0.00006292          0.00037972
   168   L1s      -9560.07978375          0.13527402          2.66203396          0.00011725          0.00071155
   169   L1s      -9560.08150029          0.17555634          5.35340433          0.00007590          0.00046193
   170   L1s      -9560.08369485          0.11823062          1.53069905          0.00009755          0.00059684
   171   L1s      -9560.08697263          0.15783606          4.19773938          0.00014744          0.00090311
   172   L1s      -9560.08823144          0.13688120          2.91159292          0.00005699          0.00034934
   173   L1s      -9560.09124882          0.13688376          2.88455363          0.00013776          0.00084372
   174   L1s      -9560.09256338          0.15739290          4.60898899          0.00006052          0.00037036
   175   L1s      -9560.09501324          0.12621628          2.78077635          0.00011350          0.00069314
   176   L0s      -9560.09763809          0.14256883          3.56312472          0.00011350          0.00069107
   177   L1s      -9560.09906021          0.14458469          3.44993665          0.00006317          0.00038384
   178   L1s      -9560.10142770          0.12641076          1.82607221          0.00011440          0.00069262
   179   L1s      -9560.10331272          0.19557431          6.47333311          0.00009187          0.00055524
   180   L1s      -9560.10589282          0.12487125          1.84803394          0.00012622          0.00075893
   181   L1s      -9560.10908882          0.13648819          2.81316289          0.00015774          0.00094448
   182   L1s      -9560.11026828          0.14104758          3.64839706          0.00005865          0.00034987
   183   L1s      -9560.11254683          0.12963245          2.61285840          0.00011405          0.00067766
   184   L1s      -9560.11427286          0.15817834          4.96746467          0.00008707          0.00051596
   185   L1s      -9560.11563222          0.11122095          1.72080673          0.00006893          0.00040606
   186   L1s      -9560.11795784          0.10934261          1.47117654          0.00011911          0.00069702
   187   L1s      -9560.11927887          0.16185499          4.78958502          0.00006834          0.00039874
   188   L1s      -9560.12135690          0.11054558          1.70473414          0.00010802          0.00062656
   189   L1s      -9560.12285459          0.14311659          4.56805981          0.00007862          0.00046978
   190   L1s      -9560.12390825          0.10055028          1.68570747          0.00005564          0.00032519
   191   L1s      -9560.12527896          0.09234021          1.37581615          0.00007322          0.00044239
----------------------------------------------------------------------------------------------------------------

Minimization converged.

-------------------  Conjugate Gradient Minimizer Statistics -------------------
Iterations             =            191  Function Calls         =            370
--------------------------------------------------------------------------------
