
#-----------------------------------------------------------------------------#
#                                                                             #
#                                EasyHybrid                                   #
#                   - A pDynamo graphical user interface -                    #
#                                                                             #
#-----------------------------------------------------------------------------#
#                                                                             #
#     Developed by Jose Fernando R Bachega and Luis Fernando S M Timmers      #
#                            <ferbachega@gmail.com>                           #
#                                                                             #
#             visit: https://sites.google.com/site/EasyHybrid/                #
#                   Univesity of Sao Paulo - SP, Brazil                       #
#      Pontifical Catholic University of Rio Grande do Sul - RS, Brazil       #
#                                                                             #
#                                                                             #
#   EasyHybrid team:                               Special thanks to:         #
#   - Jose Fernando R Bachega           |         - Fernando V Maluf          #
#   - Michele Silva                     |                                     #
#   - Luis Fernando S M Timmers         |                                     #
#   - Martin Field                      |         - Leonardo R Bachega        #
#   - Troy Wymore                       |         - Lucas Assirati            #
#   - Osmar Norberto de Souza           |         - Richard Garratt           #
#   - Walter R Paixao-Cortes            |                                     #
#                                                                             #
#   Cite this work as:                                                        #
#   J.F.R. Bachega, L.F.S.M. Timmers, L.Assirati, L.B. Bachega, M.J. Field,   #
#   T. Wymore. J. Comput. Chem. 2013, 34, 2190-2196. DOI: 10.1002/jcc.23346   #
#                                                                             #
#-----------------------------------------------------------------------------#

Generated on Wed Jun  5 17:31:02 2019


--------------------------------------------------------------------------------
                       Summary for System "Pruned System"
--------------------------------------------------------------------------------

---------------------------- Atom Container Summary ----------------------------
Number of Atoms        =           2173  Number of Heavy Atoms  =           1040
Number of Hydrogens    =           1133  Number of Unknowns     =              0
--------------------------------------------------------------------------------

----------------------------- Connectivity Summary -----------------------------
Atoms                  =           2173
--------------------------------------------------------------------------------

------------------------------- Electronic State -------------------------------
Charge                 =             -1  Multiplicity           =              1
--------------------------------------------------------------------------------

--------------------------------------------------------------------------------
                    Summary for Energy Model "AMBER/AM1/ABFS"
--------------------------------------------------------------------------------

----------------------------------- Summary for MM Model "AMBER" -----------------------------------
LJ 1-4 Scaling                   =          0.500  El. 1-4 Scaling                  =          0.833
Number of MM Atoms               =           2173  Number of MM Atom Types          =             37
Number of Inactive MM Atoms      =             33  Total MM Charge                  =          -4.00
Harmonic Bond Terms              =           2169  Harmonic Bond Parameters         =             49
Harmonic Bond Inactive           =           1308  Fourier Improper Terms           =            320
Fourier Improper Parameters      =              3  Fourier Improper Inactive        =            164
Harmonic Angle Terms             =           3403  Harmonic Angle Parameters        =            103
Harmonic Angle Inactive          =           1938  Fourier Dihedral Terms           =           6697
Fourier Dihedral Parameters      =             48  Fourier Dihedral Inactive        =           3453
Exclusions                       =          10377  1-4 Interactions                 =           4805
LJ Parameters Form               =          AMBER  LJ Parameters Types              =             21
1-4 Lennard-Jones Form           =          AMBER  1-4 Lennard-Jones Types          =             21
----------------------------------------------------------------------------------------------------

-------------------------- Summary for QC Model "AM1" --------------------------
Number of QC Atoms     =             39  Boundary Atoms         =              6
Nuclear Charge         =            129  Orbital Functions      =            108
Fitting Functions      =              0  Energy Base Line       =      188.36370
QC Parameter Centers   =              6
--------------------------------------------------------------------------------

----------------------------- ABFS NB Model Summary ----------------------------
Dielectric             =       1.000000  El. 1-4 Scaling        =       0.833333
Damping Cutoff         =       0.500000  Inner Cutoff           =       8.000000
List Cutoff            =      13.500000  Outer Cutoff           =      12.000000
QC/MM Coupling         =    RC Coupling  Use Centering          =          False
--------------------------------------------------------------------------------

-------------------------- Pairlist Generator Summary --------------------------
Cell Size              =          6.750  Cutoff                 =         13.500
Cutoff Cell Size Factor =          0.500  Grid Cell/Cell Method  =           True
Minimum Cell Extent    =              2  Minimum Cell Size      =          3.000
Minimum Extent Factor  =          1.500  Minimum Points         =            500
Sort Indices           =          False
--------------------------------------------------------------------------------

----------------------- SoftConstraint Container Summary -----------------------
Multiple Distance      =              2
--------------------------------------------------------------------------------

---------------------------- Hard Constraint Container Summary ---------------------------
Number of Charge Constraints  =            0  Number of Fixed Atoms         =         1351
------------------------------------------------------------------------------------------

------------------------------- Sequence Summary -------------------------------
Number of Atoms            =       2173  Number of Components       =        213
Number of Entities         =          1  Number of Linear Polymers  =          0
Number of Links            =          0  Number of Variants         =          0
--------------------------------------------------------------------------------

-------------------------------  Conjugate Gradient Minimizer Options ------------------------------
Beta Type                        =              1  Initial Step                     =            0.1
Line Searcher                    =           None  Log Frequency                    =              1
Maximum Iterations               =           5000  Maximum Theta                    =          1e+10
Minimum Theta                    =          1e-10  RMS Gradient Tolerance           =            0.1
Steepest Descent Tolerance       =          0.001  Use Spectral Theta               =           True
----------------------------------------------------------------------------------------------------

----------------------------------------------------------------------------------------------------------------
  Iteration       Function          RMS Gradient        Max. |Grad.|          RMS Disp.         Max. |Disp.|
----------------------------------------------------------------------------------------------------------------
     0     I      -9317.34903552         36.10949224       1289.34630905          0.00201374          0.07190377
     1   L1s      -9352.17247903          3.70734663         78.80259465          0.00077676          0.01552116
     2   L1s      -9353.22799106          4.75049998        157.10466113          0.00023228          0.00565259
     3   L1s      -9355.36753531          2.22020272         58.84707714          0.00059546          0.01638881
     4   L1s      -9356.16334415          1.10328895         27.62663871          0.00037068          0.00920066
     5   L1s      -9356.35122447          1.89717489         44.09324632          0.00016481          0.00409241
     6   L1s      -9356.58198521          1.07659807         19.81363832          0.00022549          0.00479756
     7   L1s      -9356.69038128          1.03430945         22.69878812          0.00013513          0.00242056
     8   L1s      -9356.75886404          0.82166792         14.43066117          0.00010089          0.00201796
     9   L1s      -9356.84128971          0.51317091          7.88996960          0.00014626          0.00267218
    10   L1s      -9356.88002888          0.54497551         12.20162472          0.00009201          0.00159071
    11   L1s      -9356.89951735          0.58797968         13.24573793          0.00005459          0.00111803
    12   L1s      -9356.93988416          0.47603910          8.23734094          0.00012606          0.00263824
    13   L1s      -9356.98395845          0.43836609          7.18523380          0.00015673          0.00379471
    14   L1s      -9357.00408655          0.62553377         14.07901814          0.00008063          0.00181235
    15   L1s      -9357.04863816          0.47955866         11.18474971          0.00018774          0.00449405
    16   L1s      -9357.06778945          0.52745874         11.49079300          0.00008741          0.00205101
    17   L0s      -9357.08577307          0.36699223          6.52040195          0.00008741          0.00193031
    18   L1s      -9357.10560983          0.30795401          4.14382485          0.00010681          0.00238124
    19   L0s      -9357.12194181          0.31732685         10.11278102          0.00010681          0.00216796
    20   L1s      -9357.12564349          0.23195390          3.61283441          0.00002542          0.00046090
    21   L1s      -9357.13728660          0.21026382          3.41692293          0.00007863          0.00140414
    22   L1s      -9357.14522919          0.29397388          8.11932778          0.00006174          0.00117337
    23   L1s      -9357.14963831          0.17043219          3.02970743          0.00003636          0.00046611
    24   L1s      -9357.15420458          0.22182345          7.84543494          0.00004345          0.00057483
    25   L1s      -9357.15661037          0.16208973          2.45991032          0.00002452          0.00033263
    26   L1s      -9357.16153207          0.16296538          3.17537591          0.00005589          0.00074351
    27   L0s      -9357.16578431          0.16261671          2.51820484          0.00005589          0.00072758
    28   L1s      -9357.16850808          0.21411043          6.23984518          0.00003796          0.00048677
    29   L0s      -9357.17112673          0.14111041          2.66883942          0.00003796          0.00047398
    30   L1s      -9357.17595619          0.14403878          1.77239251          0.00007755          0.00092106
    31   L1s      -9357.17970878          0.17130016          3.98362876          0.00006267          0.00070190
    32   L1s      -9357.18142003          0.15930557          4.35091039          0.00002971          0.00030845
    33   L1s      -9357.18409147          0.12996270          1.96136544          0.00004833          0.00051138
    34   L0s      -9357.18650435          0.18832365          5.42903493          0.00004833          0.00057922
    35   L0s      -9357.18883862          0.14594037          2.07500515          0.00004833          0.00044746
    36   L1s      -9357.19159627          0.11174569          1.92729029          0.00005632          0.00058377
    37   L1s      -9357.19333219          0.19200984          5.94009141          0.00003592          0.00034633
    38   L1s      -9357.19593051          0.10329688          1.46204132          0.00005488          0.00056333
    39   L1s      -9357.19776559          0.12248407          2.62487521          0.00004134          0.00045624
    40   L1s      -9357.19906433          0.13973496          3.25917932          0.00003050          0.00031410
    41   L1s      -9357.20114094          0.11786766          2.05340492          0.00005023          0.00049649
    42   L0s      -9357.20317144          0.15955258          5.20656924          0.00005023          0.00047823
    43   L1s      -9357.20462053          0.12305346          2.29991631          0.00003689          0.00032478
    44   L1s      -9357.20715977          0.12858506          1.68558812          0.00006847          0.00066345
    45   L1s      -9357.21048950          0.17497026          4.42622183          0.00009220          0.00079058
    46   L1s      -9357.21229237          0.15846016          3.05539853          0.00005061          0.00049206
    47   L1s      -9357.21605416          0.15219165          3.93771982          0.00010734          0.00110080
    48   L1s      -9357.21747525          0.14436715          2.93632606          0.00004122          0.00036417
    49   L1s      -9357.22007028          0.10012587          1.55573556          0.00007669          0.00062185
    50   L1s      -9357.22162925          0.12452206          2.60980982          0.00004779          0.00041276
    51   L1s      -9357.22279425          0.13935362          3.04484328          0.00003651          0.00029551
    52   L1s      -9357.22466072          0.10054706          0.93359831          0.00005949          0.00049254
    53   L0s      -9357.22663563          0.14077643          2.94864511          0.00005949          0.00049346
    54   L1s      -9357.22804632          0.10862316          2.51158452          0.00004525          0.00037528
    55   L1s      -9357.22967985          0.10458880          1.88652992          0.00006197          0.00050848
    56   L1s      -9357.23050506          0.11906048          2.96897417          0.00003195          0.00025958
    57   L1s      -9357.23185638          0.09870190          1.40183094          0.00005313          0.00042457
----------------------------------------------------------------------------------------------------------------

Minimization converged.

-------------------  Conjugate Gradient Minimizer Statistics -------------------
Iterations             =             57  Function Calls         =            107
--------------------------------------------------------------------------------
