
#-----------------------------------------------------------------------------#
#                                                                             #
#                                EasyHybrid                                   #
#                   - A pDynamo graphical user interface -                    #
#                                                                             #
#-----------------------------------------------------------------------------#
#                                                                             #
#     Developed by Jose Fernando R Bachega and Luis Fernando S M Timmers      #
#                            <ferbachega@gmail.com>                           #
#                                                                             #
#             visit: https://sites.google.com/site/EasyHybrid/                #
#                   Univesity of Sao Paulo - SP, Brazil                       #
#      Pontifical Catholic University of Rio Grande do Sul - RS, Brazil       #
#                                                                             #
#                                                                             #
#   EasyHybrid team:                               Special thanks to:         #
#   - Jose Fernando R Bachega           |         - Fernando V Maluf          #
#   - Michele Silva                     |                                     #
#   - Luis Fernando S M Timmers         |                                     #
#   - Martin Field                      |         - Leonardo R Bachega        #
#   - Troy Wymore                       |         - Lucas Assirati            #
#   - Osmar Norberto de Souza           |         - Richard Garratt           #
#   - Walter R Paixao-Cortes            |                                     #
#                                                                             #
#   Cite this work as:                                                        #
#   J.F.R. Bachega, L.F.S.M. Timmers, L.Assirati, L.B. Bachega, M.J. Field,   #
#   T. Wymore. J. Comput. Chem. 2013, 34, 2190-2196. DOI: 10.1002/jcc.23346   #
#                                                                             #
#-----------------------------------------------------------------------------#

Generated on Wed Jun  5 17:29:59 2019


--------------------------------------------------------------------------------
                       Summary for System "Pruned System"
--------------------------------------------------------------------------------

---------------------------- Atom Container Summary ----------------------------
Number of Atoms        =           2173  Number of Heavy Atoms  =           1040
Number of Hydrogens    =           1133  Number of Unknowns     =              0
--------------------------------------------------------------------------------

----------------------------- Connectivity Summary -----------------------------
Atoms                  =           2173
--------------------------------------------------------------------------------

------------------------------- Electronic State -------------------------------
Charge                 =             -1  Multiplicity           =              1
--------------------------------------------------------------------------------

--------------------------------------------------------------------------------
                    Summary for Energy Model "AMBER/AM1/ABFS"
--------------------------------------------------------------------------------

----------------------------------- Summary for MM Model "AMBER" -----------------------------------
LJ 1-4 Scaling                   =          0.500  El. 1-4 Scaling                  =          0.833
Number of MM Atoms               =           2173  Number of MM Atom Types          =             37
Number of Inactive MM Atoms      =             33  Total MM Charge                  =          -4.00
Harmonic Bond Terms              =           2169  Harmonic Bond Parameters         =             49
Harmonic Bond Inactive           =           1308  Fourier Improper Terms           =            320
Fourier Improper Parameters      =              3  Fourier Improper Inactive        =            164
Harmonic Angle Terms             =           3403  Harmonic Angle Parameters        =            103
Harmonic Angle Inactive          =           1938  Fourier Dihedral Terms           =           6697
Fourier Dihedral Parameters      =             48  Fourier Dihedral Inactive        =           3453
Exclusions                       =          10377  1-4 Interactions                 =           4805
LJ Parameters Form               =          AMBER  LJ Parameters Types              =             21
1-4 Lennard-Jones Form           =          AMBER  1-4 Lennard-Jones Types          =             21
----------------------------------------------------------------------------------------------------

-------------------------- Summary for QC Model "AM1" --------------------------
Number of QC Atoms     =             39  Boundary Atoms         =              6
Nuclear Charge         =            129  Orbital Functions      =            108
Fitting Functions      =              0  Energy Base Line       =      188.36370
QC Parameter Centers   =              6
--------------------------------------------------------------------------------

----------------------------- ABFS NB Model Summary ----------------------------
Dielectric             =       1.000000  El. 1-4 Scaling        =       0.833333
Damping Cutoff         =       0.500000  Inner Cutoff           =       8.000000
List Cutoff            =      13.500000  Outer Cutoff           =      12.000000
QC/MM Coupling         =    RC Coupling  Use Centering          =          False
--------------------------------------------------------------------------------

-------------------------- Pairlist Generator Summary --------------------------
Cell Size              =          6.750  Cutoff                 =         13.500
Cutoff Cell Size Factor =          0.500  Grid Cell/Cell Method  =           True
Minimum Cell Extent    =              2  Minimum Cell Size      =          3.000
Minimum Extent Factor  =          1.500  Minimum Points         =            500
Sort Indices           =          False
--------------------------------------------------------------------------------

----------------------- SoftConstraint Container Summary -----------------------
Multiple Distance      =              2
--------------------------------------------------------------------------------

---------------------------- Hard Constraint Container Summary ---------------------------
Number of Charge Constraints  =            0  Number of Fixed Atoms         =         1351
------------------------------------------------------------------------------------------

------------------------------- Sequence Summary -------------------------------
Number of Atoms            =       2173  Number of Components       =        213
Number of Entities         =          1  Number of Linear Polymers  =          0
Number of Links            =          0  Number of Variants         =          0
--------------------------------------------------------------------------------

-------------------------------  Conjugate Gradient Minimizer Options ------------------------------
Beta Type                        =              1  Initial Step                     =            0.1
Line Searcher                    =           None  Log Frequency                    =              1
Maximum Iterations               =           5000  Maximum Theta                    =          1e+10
Minimum Theta                    =          1e-10  RMS Gradient Tolerance           =            0.1
Steepest Descent Tolerance       =          0.001  Use Spectral Theta               =           True
----------------------------------------------------------------------------------------------------

----------------------------------------------------------------------------------------------------------------
  Iteration       Function          RMS Gradient        Max. |Grad.|          RMS Disp.         Max. |Disp.|
----------------------------------------------------------------------------------------------------------------
     0     I      -9412.75409345         37.44816948       1381.76000634          0.00201374          0.07430285
     1   L1s      -9448.31238896          2.72796522         75.23530365          0.00076447          0.01992701
     2   L1s      -9449.74123730          4.26071076        141.07101425          0.00042597          0.01158090
     3   L1s      -9450.51125763          1.92438851         50.13641444          0.00027065          0.00681258
     4   L1s      -9451.08363520          1.11636425         30.78287614          0.00031564          0.00789035
     5   L1s      -9451.30148819          1.86234555         54.42427920          0.00019881          0.00533261
     6   L0s      -9451.51518115          1.08948212         18.59593372          0.00019881          0.00447702
     7   L1s      -9451.67198023          0.87150811         20.66834041          0.00017362          0.00353102
     8   L1s      -9451.75992409          0.98791585         25.28343732          0.00013271          0.00284659
     9   L1s      -9451.80710311          0.54255668         10.20365354          0.00008108          0.00154175
    10   L1s      -9451.84976376          0.48339278          8.31235901          0.00009700          0.00171713
    11   L1s      -9451.87497680          0.62292241         15.64388163          0.00007121          0.00147755
    12   L1s      -9451.90047460          0.45754814          8.14277256          0.00007931          0.00181106
    13   L1s      -9451.94938052          0.43556595          7.99761703          0.00017515          0.00485886
    14   L1s      -9451.96271767          0.52654035         12.76656824          0.00005380          0.00139462
    15   L1s      -9452.01493983          0.42559356          7.49664476          0.00022580          0.00609687
    16   L1s      -9452.04202154          0.49510777         12.94603144          0.00012829          0.00394684
    17   L1s      -9452.05619548          0.42544938          9.29131039          0.00007092          0.00205757
    18   L1s      -9452.08028995          0.33781719          6.69444434          0.00012929          0.00376428
    19   L1s      -9452.09639568          0.36787488          7.98322934          0.00009492          0.00293574
    20   L1s      -9452.10417466          0.32029169          5.10377742          0.00004880          0.00137144
    21   L1s      -9452.11682556          0.26016834          4.24812186          0.00008567          0.00223639
    22   L0s      -9452.12794856          0.34342259         10.59335059          0.00008567          0.00241617
    23   L1s      -9452.13338540          0.22822129          3.25268895          0.00004316          0.00105020
    24   L1s      -9452.14146448          0.17968649          2.59234610          0.00006666          0.00135172
    25   L1s      -9452.14588993          0.27885840          8.79202317          0.00004168          0.00091320
    26   L1s      -9452.15151586          0.21101776          2.85232750          0.00005545          0.00101069
    27   L1s      -9452.15861062          0.18718796          3.07331503          0.00007506          0.00118749
    28   L1s      -9452.16330119          0.25422201          7.38019039          0.00005364          0.00085242
    29   L1s      -9452.16721646          0.18957106          2.52443177          0.00004648          0.00081740
    30   L1s      -9452.17287080          0.16575067          2.22187764          0.00007137          0.00137030
    31   L1s      -9452.17640197          0.25410158          7.98423950          0.00004779          0.00089197
    32   L1s      -9452.18072957          0.15378878          2.36136343          0.00006017          0.00114648
    33   L0s      -9452.18497259          0.15092223          2.51691660          0.00006017          0.00117599
    34   L1s      -9452.18676998          0.18261831          4.78306762          0.00002735          0.00050654
    35   L1s      -9452.19129148          0.14707261          3.09269203          0.00007378          0.00130664
    36   L1s      -9452.19459161          0.14895972          2.93777879          0.00005680          0.00097028
    37   L1s      -9452.19653478          0.17389504          4.95047241          0.00003509          0.00053354
    38   L1s      -9452.19890139          0.12402441          2.21468222          0.00004414          0.00058172
    39   L1s      -9452.20218381          0.12181407          2.22056307          0.00006486          0.00098008
    40   L1s      -9452.20337666          0.15108194          4.23888517          0.00002488          0.00026868
    41   L1s      -9452.20582049          0.11751183          2.30423802          0.00005263          0.00051359
    42   L0s      -9452.20829394          0.13736056          3.02931782          0.00005263          0.00058535
    43   L1s      -9452.20941100          0.12048391          2.01830754          0.00002514          0.00020908
    44   L1s      -9452.21199234          0.11328586          1.66786911          0.00006520          0.00055586
    45   L1s      -9452.21478719          0.17626843          4.78214189          0.00007337          0.00075252
    46   L1s      -9452.21671532          0.15881490          2.76449003          0.00005138          0.00040436
    47   L1s      -9452.22024108          0.15236595          3.40503778          0.00009569          0.00076594
    48   L0s      -9452.22364241          0.17705597          4.38141919          0.00009569          0.00092907
    49   L1s      -9452.22521967          0.13754448          1.93934434          0.00004475          0.00036492
    50   L1s      -9452.22832187          0.10129543          1.21435034          0.00008748          0.00073585
    51   L1s      -9452.23010288          0.18119697          5.73374275          0.00005219          0.00046439
    52   L1s      -9452.23236802          0.12179052          1.74983025          0.00006715          0.00053380
    53   L1s      -9452.23521484          0.12941634          2.92221528          0.00008650          0.00069929
    54   L1s      -9452.23744046          0.16361767          3.48523139          0.00006903          0.00059555
    55   L1s      -9452.23906221          0.13354322          2.74793466          0.00005094          0.00042968
    56   L1s      -9452.24188540          0.11925651          1.54044328          0.00009031          0.00076057
    57   L1s      -9452.24378471          0.18001580          4.81641531          0.00006210          0.00051692
    58   L0s      -9452.24580063          0.10479014          1.48819311          0.00006210          0.00047250
    59   L1s      -9452.24834081          0.12612532          3.14559195          0.00007025          0.00076451
    60   L1s      -9452.24934692          0.12741943          3.06127663          0.00002964          0.00024200
    61   L1s      -9452.25140870          0.11820478          2.35242763          0.00006214          0.00053134
    62   L1s      -9452.25387130          0.17629768          4.17608894          0.00007612          0.00068049
    63   L1s      -9452.25559893          0.13457612          2.85775802          0.00005399          0.00040204
    64   L1s      -9452.25780601          0.11394482          2.51528993          0.00007025          0.00054355
    65   L1s      -9452.26022536          0.18056215          5.59951216          0.00007895          0.00074019
    66   L1s      -9452.26190680          0.11241944          1.30269558          0.00005539          0.00045107
    67   L1s      -9452.26468753          0.13135667          2.50292763          0.00009378          0.00081775
    68   L1s      -9452.26585987          0.14723960          3.54538099          0.00004020          0.00035760
    69   L1s      -9452.26843737          0.11290478          1.97559707          0.00008951          0.00083277
    70   L1s      -9452.27072092          0.15547985          4.27141706          0.00008097          0.00076956
    71   L1s      -9452.27217861          0.13748201          3.00319160          0.00005225          0.00051318
    72   L1s      -9452.27472309          0.12315022          2.78212420          0.00009245          0.00094736
    73   L1s      -9452.27692128          0.18321283          4.56431481          0.00008115          0.00084559
    74   L0s      -9452.27891265          0.14776494          3.16728551          0.00008115          0.00086818
    75   L1s      -9452.28173019          0.12066307          1.28721794          0.00012102          0.00133785
    76   L1s      -9452.28381703          0.16975850          5.50084429          0.00007903          0.00088687
    77   L1s      -9452.28537840          0.10205739          1.35219986          0.00005962          0.00070019
    78   L1s      -9452.28847854          0.11915371          1.90884722          0.00012094          0.00144743
    79   L1s      -9452.29017607          0.15873027          4.59293524          0.00006724          0.00080615
    80   L0s      -9452.29194238          0.12349860          2.41177129          0.00006724          0.00079984
    81   L1s      -9452.29464019          0.12730196          2.98226869          0.00010110          0.00117461
    82   L1s      -9452.29683626          0.14961354          4.02984620          0.00008699          0.00098289
    83   L1s      -9452.29805729          0.11506686          2.20347425          0.00004883          0.00052481
    84   L1s      -9452.30047757          0.10202023          1.39036721          0.00009829          0.00098662
    85   L1s      -9452.30216320          0.15266952          4.82312320          0.00006975          0.00071977
    86   L1s      -9452.30351822          0.11171252          1.50581616          0.00005654          0.00053189
    87   L1s      -9452.30615008          0.10891915          1.82838525          0.00011147          0.00102117
    88   L1s      -9452.30750804          0.14173695          3.49360943          0.00005841          0.00057725
    89   L0s      -9452.30887133          0.11357666          2.25304878          0.00005841          0.00053306
    90   L1s      -9452.31109467          0.10841896          1.39999448          0.00009595          0.00079055
    91   L1s      -9452.31248771          0.15581908          4.65924173          0.00006183          0.00059347
    92   L1s      -9452.31421742          0.11128852          1.74083702          0.00007730          0.00067275
    93   L1s      -9452.31646378          0.11816704          2.07826312          0.00010173          0.00090184
    94   L1s      -9452.31780110          0.15737436          3.89428725          0.00006126          0.00055801
    95   L1s      -9452.31997256          0.10925447          1.66377439          0.00010010          0.00085926
    96   L1s      -9452.32251064          0.13265886          2.76993890          0.00011855          0.00109605
    97   L1s      -9452.32375611          0.13866531          3.68039660          0.00005866          0.00051265
    98   L1s      -9452.32568171          0.12050029          2.85506554          0.00009139          0.00080633
    99   L1s      -9452.32821093          0.11780507          2.38804281          0.00012125          0.00115713
   100   L1s      -9452.32948107          0.15550965          4.35199912          0.00006153          0.00055133
   101   L1s      -9452.33178004          0.10294261          1.37539062          0.00011201          0.00100426
   102   L0s      -9452.33427514          0.12356401          3.10912908          0.00011201          0.00113324
   103   L1s      -9452.33527456          0.11845658          2.45606240          0.00004677          0.00041622
   104   L1s      -9452.33739903          0.09253485          1.25845258          0.00011148          0.00098582
----------------------------------------------------------------------------------------------------------------

Minimization converged.

-------------------  Conjugate Gradient Minimizer Statistics -------------------
Iterations             =            104  Function Calls         =            199
--------------------------------------------------------------------------------
