
#-----------------------------------------------------------------------------#
#                                                                             #
#                                EasyHybrid                                   #
#                   - A pDynamo graphical user interface -                    #
#                                                                             #
#-----------------------------------------------------------------------------#
#                                                                             #
#     Developed by Jose Fernando R Bachega and Luis Fernando S M Timmers      #
#                            <ferbachega@gmail.com>                           #
#                                                                             #
#             visit: https://sites.google.com/site/EasyHybrid/                #
#                   Univesity of Sao Paulo - SP, Brazil                       #
#      Pontifical Catholic University of Rio Grande do Sul - RS, Brazil       #
#                                                                             #
#                                                                             #
#   EasyHybrid team:                               Special thanks to:         #
#   - Jose Fernando R Bachega           |         - Fernando V Maluf          #
#   - Michele Silva                     |                                     #
#   - Luis Fernando S M Timmers         |                                     #
#   - Martin Field                      |         - Leonardo R Bachega        #
#   - Troy Wymore                       |         - Lucas Assirati            #
#   - Osmar Norberto de Souza           |         - Richard Garratt           #
#   - Walter R Paixao-Cortes            |                                     #
#                                                                             #
#   Cite this work as:                                                        #
#   J.F.R. Bachega, L.F.S.M. Timmers, L.Assirati, L.B. Bachega, M.J. Field,   #
#   T. Wymore. J. Comput. Chem. 2013, 34, 2190-2196. DOI: 10.1002/jcc.23346   #
#                                                                             #
#-----------------------------------------------------------------------------#

Generated on Wed Jun  5 17:23:39 2019


--------------------------------------------------------------------------------
                       Summary for System "Pruned System"
--------------------------------------------------------------------------------

---------------------------- Atom Container Summary ----------------------------
Number of Atoms        =           2173  Number of Heavy Atoms  =           1040
Number of Hydrogens    =           1133  Number of Unknowns     =              0
--------------------------------------------------------------------------------

----------------------------- Connectivity Summary -----------------------------
Atoms                  =           2173
--------------------------------------------------------------------------------

------------------------------- Electronic State -------------------------------
Charge                 =             -1  Multiplicity           =              1
--------------------------------------------------------------------------------

--------------------------------------------------------------------------------
                    Summary for Energy Model "AMBER/AM1/ABFS"
--------------------------------------------------------------------------------

----------------------------------- Summary for MM Model "AMBER" -----------------------------------
LJ 1-4 Scaling                   =          0.500  El. 1-4 Scaling                  =          0.833
Number of MM Atoms               =           2173  Number of MM Atom Types          =             37
Number of Inactive MM Atoms      =             33  Total MM Charge                  =          -4.00
Harmonic Bond Terms              =           2169  Harmonic Bond Parameters         =             49
Harmonic Bond Inactive           =           1308  Fourier Improper Terms           =            320
Fourier Improper Parameters      =              3  Fourier Improper Inactive        =            164
Harmonic Angle Terms             =           3403  Harmonic Angle Parameters        =            103
Harmonic Angle Inactive          =           1938  Fourier Dihedral Terms           =           6697
Fourier Dihedral Parameters      =             48  Fourier Dihedral Inactive        =           3453
Exclusions                       =          10377  1-4 Interactions                 =           4805
LJ Parameters Form               =          AMBER  LJ Parameters Types              =             21
1-4 Lennard-Jones Form           =          AMBER  1-4 Lennard-Jones Types          =             21
----------------------------------------------------------------------------------------------------

-------------------------- Summary for QC Model "AM1" --------------------------
Number of QC Atoms     =             39  Boundary Atoms         =              6
Nuclear Charge         =            129  Orbital Functions      =            108
Fitting Functions      =              0  Energy Base Line       =      188.36370
QC Parameter Centers   =              6
--------------------------------------------------------------------------------

----------------------------- ABFS NB Model Summary ----------------------------
Dielectric             =       1.000000  El. 1-4 Scaling        =       0.833333
Damping Cutoff         =       0.500000  Inner Cutoff           =       8.000000
List Cutoff            =      13.500000  Outer Cutoff           =      12.000000
QC/MM Coupling         =    RC Coupling  Use Centering          =          False
--------------------------------------------------------------------------------

-------------------------- Pairlist Generator Summary --------------------------
Cell Size              =          6.750  Cutoff                 =         13.500
Cutoff Cell Size Factor =          0.500  Grid Cell/Cell Method  =           True
Minimum Cell Extent    =              2  Minimum Cell Size      =          3.000
Minimum Extent Factor  =          1.500  Minimum Points         =            500
Sort Indices           =          False
--------------------------------------------------------------------------------

----------------------- SoftConstraint Container Summary -----------------------
Multiple Distance      =              2
--------------------------------------------------------------------------------

---------------------------- Hard Constraint Container Summary ---------------------------
Number of Charge Constraints  =            0  Number of Fixed Atoms         =         1351
------------------------------------------------------------------------------------------

------------------------------- Sequence Summary -------------------------------
Number of Atoms            =       2173  Number of Components       =        213
Number of Entities         =          1  Number of Linear Polymers  =          0
Number of Links            =          0  Number of Variants         =          0
--------------------------------------------------------------------------------

-------------------------------  Conjugate Gradient Minimizer Options ------------------------------
Beta Type                        =              1  Initial Step                     =            0.1
Line Searcher                    =           None  Log Frequency                    =              1
Maximum Iterations               =           5000  Maximum Theta                    =          1e+10
Minimum Theta                    =          1e-10  RMS Gradient Tolerance           =            0.1
Steepest Descent Tolerance       =          0.001  Use Spectral Theta               =           True
----------------------------------------------------------------------------------------------------

----------------------------------------------------------------------------------------------------------------
  Iteration       Function          RMS Gradient        Max. |Grad.|          RMS Disp.         Max. |Disp.|
----------------------------------------------------------------------------------------------------------------
     0     I      -9543.44830075         39.28924273       1552.36905271          0.00201374          0.07956550
     1   L1s      -9578.86701990          3.20895319         83.68370161          0.00073408          0.01793608
     2   L1s      -9579.47354845          3.49003070        102.50135135          0.00015343          0.00489695
     3   L1s      -9581.21016915          2.69666606         72.54286813          0.00059763          0.01935786
     4   L1s      -9582.03316615          1.37015944         32.81648541          0.00037015          0.00741369
     5   L1s      -9582.25794900          2.02246374         51.70403465          0.00016425          0.00348260
     6   L0s      -9582.46832181          1.07426591         22.47756004          0.00016425          0.00329682
     7   L1s      -9582.75000821          1.27531388         25.81886159          0.00028530          0.00624594
     8   L1s      -9582.85251480          1.44527005         26.87904452          0.00012263          0.00278414
     9   L1s      -9583.02844089          0.62577455         10.05887904          0.00023244          0.00393216
    10   L1s      -9583.06258588          0.75671943         19.37490213          0.00006320          0.00134981
    11   L1s      -9583.10454610          0.62677026         14.24069479          0.00008968          0.00182095
    12   L1s      -9583.15196906          0.64213481         19.92867660          0.00011852          0.00209108
    13   L1s      -9583.17035268          0.49144743         10.51709217          0.00005146          0.00098225
    14   L1s      -9583.20114246          0.34418526          5.87799263          0.00010002          0.00203055
    15   L1s      -9583.21945595          0.53341068         14.42254009          0.00007340          0.00149423
    16   L1s      -9583.23370466          0.41118660          8.47961849          0.00006105          0.00138034
    17   L1s      -9583.25882891          0.28098248          4.78274948          0.00011852          0.00223628
    18   L1s      -9583.26914620          0.43724833         12.65121462          0.00005711          0.00108719
    19   L0s      -9583.27860536          0.26666590          4.71744494          0.00005711          0.00120541
    20   L1s      -9583.29319576          0.29115536          5.01210702          0.00010223          0.00211787
    21   L1s      -9583.30052196          0.35191122         10.36740355          0.00005442          0.00107609
    22   L1s      -9583.30942951          0.26934320          5.04214347          0.00006929          0.00125498
    23   L0s      -9583.31800544          0.31394437         11.27521626          0.00006929          0.00129881
    24   L1s      -9583.32310693          0.24033476          4.15172665          0.00004370          0.00085479
    25   L1s      -9583.33787203          0.19951789          2.54755984          0.00014225          0.00248599
    26   L1s      -9583.34405488          0.34578742          9.06173139          0.00006454          0.00113355
    27   L1s      -9583.35127436          0.26444192          4.02720976          0.00007724          0.00140042
    28   L1s      -9583.36134011          0.27528381          7.14827824          0.00011206          0.00205940
    29   L1s      -9583.36517083          0.21711996          3.51121115          0.00004405          0.00078351
    30   L1s      -9583.37114027          0.20494007          3.30109319          0.00007218          0.00131528
    31   L1s      -9583.37918156          0.27472688          7.03558580          0.00010230          0.00197015
    32   L1s      -9583.38251745          0.21136796          3.86362382          0.00004356          0.00087653
    33   L1s      -9583.38897543          0.18610591          3.87831452          0.00008787          0.00176003
    34   L1s      -9583.39385783          0.24725632          7.71885929          0.00006963          0.00143046
    35   L1s      -9583.39710120          0.17594130          2.42805165          0.00004748          0.00107246
    36   L1s      -9583.40336288          0.22321573          6.67877922          0.00009614          0.00220303
    37   L1s      -9583.40576746          0.19478410          4.24526969          0.00003792          0.00084990
    38   L1s      -9583.41079243          0.16212030          2.75308575          0.00008194          0.00193259
    39   L0s      -9583.41566269          0.19908395          4.97616622          0.00008194          0.00199579
    40   L1s      -9583.41868847          0.23532572          5.59828161          0.00005260          0.00128453
    41   L1s      -9583.42346022          0.18166523          3.47173808          0.00008529          0.00203082
    42   L1s      -9583.42754317          0.28095221          8.71624776          0.00007524          0.00176654
    43   L1s      -9583.43258849          0.14861380          1.57325531          0.00009419          0.00233470
    44   L1s      -9583.43811619          0.18532671          2.90682570          0.00010705          0.00260703
    45   L1s      -9583.44051864          0.22864914          5.02095830          0.00004774          0.00114109
    46   L1s      -9583.44621889          0.20733966          2.76821570          0.00011508          0.00285721
    47   L1s      -9583.45265038          0.25392077          5.70047923          0.00013194          0.00331626
    48   L1s      -9583.45617098          0.20623894          3.73475633          0.00007312          0.00186545
    49   L1s      -9583.46240829          0.19560993          2.94808863          0.00013203          0.00329575
    50   L1s      -9583.46610169          0.26485262          8.29940317          0.00007988          0.00195929
    51   L1s      -9583.47043027          0.17903302          2.79754589          0.00009461          0.00235281
    52   L1s      -9583.47808174          0.18994778          3.09042869          0.00017075          0.00410060
    53   L1s      -9583.48110149          0.24058654          7.11761226          0.00006867          0.00161662
    54   L1s      -9583.48574424          0.16963198          2.73330690          0.00010677          0.00248464
    55   L1s      -9583.48884783          0.23236581          7.55255875          0.00007297          0.00165260
    56   L0s      -9583.49209586          0.14899923          2.10450852          0.00007297          0.00157102
    57   L1s      -9583.49665186          0.17284214          3.13215228          0.00009721          0.00209310
    58   L1s      -9583.49939443          0.24003956          7.20896805          0.00006201          0.00131834
    59   L1s      -9583.50346499          0.17690138          3.58732930          0.00009308          0.00196736
    60   L1s      -9583.50978076          0.17896896          2.33066583          0.00014741          0.00295322
    61   L1s      -9583.51254681          0.24466806          6.15631987          0.00006585          0.00128305
    62   L1s      -9583.51695068          0.15408470          2.25401464          0.00010586          0.00210310
    63   L1s      -9583.52054443          0.22677796          5.82158683          0.00008830          0.00169749
    64   L1s      -9583.52318893          0.14489279          1.85360045          0.00006567          0.00113703
    65   L1s      -9583.52832589          0.23102235          6.75127770          0.00013092          0.00226474
    66   L1s      -9583.53082853          0.18507472          4.21956410          0.00006439          0.00108484
    67   L1s      -9583.53466328          0.16266989          3.88109333          0.00010005          0.00161384
    68   L1s      -9583.54062219          0.22587154          5.85502709          0.00015821          0.00247822
    69   L1s      -9583.54307858          0.20156473          3.39602660          0.00006583          0.00097862
    70   L1s      -9583.54821363          0.15252773          2.72037834          0.00013913          0.00217227
    71   L1s      -9583.55154277          0.19422908          5.98879849          0.00009173          0.00142920
    72   L1s      -9583.55332288          0.14308602          2.48100475          0.00004960          0.00074698
    73   L1s      -9583.55682193          0.18728220          5.24626148          0.00009950          0.00155934
    74   L1s      -9583.55858168          0.15938561          3.48908894          0.00005059          0.00081464
    75   L1s      -9583.56391263          0.15710904          1.90552794          0.00015557          0.00250420
    76   L1s      -9583.56694587          0.26431236          8.08723276          0.00008970          0.00147108
    77   L1s      -9583.57151103          0.16667121          2.26173096          0.00013577          0.00227413
    78   L1s      -9583.57654396          0.16881624          2.79560049          0.00015209          0.00249712
    79   L1s      -9583.57893183          0.21777578          4.77064595          0.00007294          0.00119723
    80   L1s      -9583.58217508          0.15746251          2.82774475          0.00009986          0.00161126
    81   L1s      -9583.58627971          0.19018404          3.80766484          0.00012826          0.00210711
    82   L1s      -9583.58830077          0.17305084          4.40514817          0.00006367          0.00104957
    83   L1s      -9583.59221495          0.14888820          2.68650145          0.00012469          0.00194761
    84   L1s      -9583.59373532          0.18508183          6.18583206          0.00004913          0.00076814
    85   L1s      -9583.59773619          0.13902311          1.75303360          0.00013058          0.00211412
    86   L0s      -9583.60135752          0.19014934          4.15194489          0.00013058          0.00204685
    87   L1s      -9583.60287652          0.15960007          3.34051707          0.00005303          0.00080980
    88   L1s      -9583.60596973          0.14291695          2.63472753          0.00009787          0.00148992
    89   L1s      -9583.60972049          0.21122079          5.88164728          0.00012065          0.00184551
    90   L1s      -9583.61178841          0.16070566          2.10080045          0.00006697          0.00104648
    91   L1s      -9583.61538491          0.16355441          2.57575090          0.00011786          0.00174480
    92   L1s      -9583.61721935          0.18061730          3.81366315          0.00006086          0.00088418
    93   L1s      -9583.62055820          0.13458657          2.38638241          0.00011185          0.00165454
    94   L1s      -9583.62293713          0.22214814          7.59795285          0.00008098          0.00116818
    95   L1s      -9583.62577904          0.14163309          2.29568564          0.00009732          0.00133919
    96   L1s      -9583.63027146          0.15152714          2.53370593          0.00015615          0.00217582
    97   L1s      -9583.63184648          0.19504704          5.13002917          0.00005545          0.00076087
    98   L1s      -9583.63632750          0.14400649          1.68032379          0.00015885          0.00214604
    99   L1s      -9583.63974492          0.19420132          4.75538155          0.00012241          0.00168535
   100   L1s      -9583.64186000          0.18595172          3.08112656          0.00007627          0.00106690
   101   L1s      -9583.64582810          0.16698668          2.39472610          0.00014409          0.00209150
   102   L1s      -9583.64831624          0.21682484          5.33762666          0.00009113          0.00131416
   103   L1s      -9583.65206880          0.14406560          1.42515041          0.00013824          0.00196345
   104   L1s      -9583.65531332          0.21938753          7.10314719          0.00012099          0.00177629
   105   L1s      -9583.65746538          0.14137360          2.41236986          0.00008060          0.00123753
   106   L1s      -9583.66119766          0.14088708          2.13787524          0.00014118          0.00210915
   107   L1s      -9583.66345284          0.21759692          6.57043447          0.00008622          0.00130362
   108   L1s      -9583.66628268          0.14264973          2.03615817          0.00010873          0.00168833
   109   L1s      -9583.67025315          0.17049620          2.79652388          0.00015424          0.00244384
   110   L1s      -9583.67262538          0.22101805          5.57559774          0.00009270          0.00148806
   111   L1s      -9583.67651163          0.16843684          2.58919061          0.00015255          0.00241847
   112   L1s      -9583.67999116          0.22076957          5.34929608          0.00013792          0.00222562
   113   L1s      -9583.68248534          0.13782225          1.92877775          0.00009922          0.00164695
   114   L1s      -9583.68589867          0.17365498          4.49416159          0.00013711          0.00223826
   115   L1s      -9583.68742055          0.16630080          4.43941654          0.00006152          0.00101521
   116   L1s      -9583.69199113          0.13743472          1.92199277          0.00018638          0.00318886
   117   L1s      -9583.69503530          0.21797494          5.96978896          0.00012604          0.00213707
   118   L1s      -9583.69714380          0.13725374          2.06039783          0.00008764          0.00148837
   119   L1s      -9583.70133191          0.14736665          2.51112511          0.00017649          0.00310807
   120   L1s      -9583.70317345          0.19460455          4.99501297          0.00007841          0.00139417
   121   L1s      -9583.70610325          0.15905549          2.86873083          0.00012530          0.00224769
   122   L1s      -9583.70937148          0.20280786          4.31644166          0.00014086          0.00248944
   123   L1s      -9583.71166275          0.16431232          2.34287807          0.00009933          0.00176030
   124   L1s      -9583.71622982          0.17089909          3.05059902          0.00019928          0.00364785
   125   L1s      -9583.71829116          0.21933160          6.80342421          0.00009051          0.00165239
   126   L1s      -9583.72379592          0.17034806          2.97302470          0.00024280          0.00434631
   127   L0s      -9583.72898334          0.21750977          4.63063322          0.00024280          0.00444150
   128   L1s      -9583.73107163          0.19405722          4.12061986          0.00009625          0.00178361
   129   L1s      -9583.73646438          0.17158207          2.51761437          0.00023200          0.00432337
   130   L1s      -9583.74077520          0.26601614          7.44014590          0.00018563          0.00347517
   131   L1s      -9583.74428674          0.17668848          2.94840450          0.00015168          0.00283287
   132   L1s      -9583.74833925          0.20503387          4.22251943          0.00017628          0.00335378
   133   L1s      -9583.75085939          0.19679515          3.81280464          0.00010984          0.00209981
   134   L1s      -9583.75586929          0.18083279          2.71270812          0.00021918          0.00416907
   135   L1s      -9583.75885157          0.26860982          9.05390139          0.00013074          0.00252171
   136   L1s      -9583.76499708          0.16812192          2.65875750          0.00027057          0.00533540
   137   L0s      -9583.77095184          0.24560260          6.37886041          0.00027057          0.00529649
   138   L1s      -9583.77336274          0.17828947          3.38610279          0.00010889          0.00215453
   139   L1s      -9583.78015155          0.20688619          4.00903250          0.00030605          0.00622177
   140   L1s      -9583.78599578          0.33663224          8.04585117          0.00026563          0.00539718
   141   L0s      -9583.79176447          0.18494658          2.60874138          0.00026563          0.00541234
   142   L1s      -9583.79813086          0.26634773          6.40683870          0.00031146          0.00636383
   143   L1s      -9583.80234104          0.24819532          5.16716911          0.00020627          0.00427938
   144   L1s      -9583.81044708          0.24481979          4.40464731          0.00039504          0.00834771
   145   L1s      -9583.81530150          0.31744863          9.79907343          0.00023568          0.00496634
   146   L1s      -9583.82387126          0.24506375          3.39891230          0.00041977          0.00889682
   147   L1s      -9583.83563603          0.27952607          4.44885104          0.00057563          0.01241237
   148   L1s      -9583.84073767          0.34067211          8.37915230          0.00025198          0.00545136
   149   L1s      -9583.85509211          0.28029457          3.53023447          0.00070857          0.01544246
   150   L1s      -9583.86882294          0.46721657         13.80237530          0.00063829          0.01393397
   151   L1s      -9583.88070529          0.32140815          4.90475897          0.00055374          0.01218225
   152   L0s      -9583.89401330          0.38103898         11.77805935          0.00055374          0.01234011
   153   L1s      -9583.90157733          0.29250628          5.63028619          0.00031319          0.00698445
   154   L1s      -9583.91611125          0.30319750          5.77140762          0.00064056          0.01436263
   155   L1s      -9583.92828729          0.41776804          9.39975583          0.00051792          0.01173165
   156   L1s      -9583.93665100          0.30492105          5.05297068          0.00034941          0.00794277
   157   L1s      -9583.95308375          0.28596862          5.82336056          0.00066227          0.01516732
   158   L1s      -9583.95789309          0.29301393          7.94976658          0.00018584          0.00426987
   159   L1s      -9583.96786868          0.25668394          5.76933843          0.00038565          0.00887049
   160   L1s      -9583.97367250          0.36144095         11.06802969          0.00022144          0.00516430
   161   L1s      -9583.98513629          0.22560846          4.52920045          0.00043648          0.01013508
   162   L1s      -9583.99437926          0.22683485          4.27700774          0.00036947          0.00856389
   163   L1s      -9583.99717343          0.22807507          4.65402667          0.00010888          0.00255399
   164   L1s      -9584.00353504          0.19156547          3.00017743          0.00024939          0.00576591
   165   L1s      -9584.00744681          0.28350882          7.31134102          0.00015552          0.00362507
   166   L1s      -9584.01423140          0.18124533          1.99457756          0.00027076          0.00626895
   167   L0s      -9584.02099852          0.22929031          4.69733760          0.00027076          0.00615758
   168   L1s      -9584.02359586          0.19964662          4.12464419          0.00010334          0.00235112
   169   L1s      -9584.02813991          0.17697025          2.74386667          0.00018325          0.00405963
   170   L0s      -9584.03253736          0.21566710          5.31335547          0.00018325          0.00404763
   171   L1s      -9584.03474990          0.14823848          2.15442979          0.00009163          0.00194564
   172   L1s      -9584.03908633          0.15942752          2.24756041          0.00017264          0.00349543
   173   L1s      -9584.04145194          0.23098384          6.96419402          0.00009465          0.00191801
   174   L1s      -9584.04568172          0.14162358          2.00787661          0.00016988          0.00325840
   175   L0s      -9584.04971085          0.15992408          3.20288936          0.00016988          0.00312216
   176   L1s      -9584.05216572          0.20489950          5.87519179          0.00010311          0.00183724
   177   L1s      -9584.05503900          0.14966039          2.89595788          0.00011894          0.00198883
   178   L1s      -9584.05829635          0.19620192          6.09824358          0.00013588          0.00225968
   179   L1s      -9584.06018153          0.14629062          2.69642113          0.00007894          0.00121115
   180   L1s      -9584.06334012          0.12266542          1.71804346          0.00013340          0.00188137
   181   L0s      -9584.06663880          0.14531360          3.52025038          0.00013340          0.00179660
   182   L1s      -9584.06797173          0.15485944          3.31903245          0.00005533          0.00070086
   183   L1s      -9584.07127226          0.13436852          3.18161271          0.00014490          0.00177654
   184   L1s      -9584.07262823          0.16170286          4.33221560          0.00006008          0.00067719
   185   L1s      -9584.07515632          0.11462004          1.40054349          0.00011270          0.00118393
   186   L1s      -9584.07823607          0.12776663          1.98549111          0.00013882          0.00145662
   187   L1s      -9584.07947930          0.15579301          4.08906382          0.00005660          0.00059370
   188   L1s      -9584.08163034          0.12493177          2.12861822          0.00009858          0.00103383
   189   L1s      -9584.08351756          0.16655726          5.00982380          0.00008735          0.00091523
   190   L1s      -9584.08518679          0.12720106          2.07945091          0.00007770          0.00081137
   191   L1s      -9584.08774424          0.10446337          1.09582774          0.00012013          0.00123892
   192   L1s      -9584.08983183          0.16791239          4.57782748          0.00009942          0.00101828
   193   L1s      -9584.09114478          0.11158766          1.57253117          0.00006285          0.00063188
   194   L1s      -9584.09355597          0.15060489          3.94105165          0.00011677          0.00115743
   195   L1s      -9584.09470399          0.11862925          2.38501980          0.00005594          0.00054059
   196   L1s      -9584.09675668          0.11398683          2.52606034          0.00010100          0.00094740
   197   L0s      -9584.09887794          0.11564119          2.26606678          0.00010100          0.00091802
   198   L1s      -9584.09989721          0.14616151          3.36325061          0.00004917          0.00043816
   199   L1s      -9584.10236256          0.10775050          1.88138024          0.00012294          0.00105829
   200   L1s      -9584.10344382          0.13951984          3.57188282          0.00005451          0.00046034
   201   L1s      -9584.10495209          0.10389548          1.97189224          0.00007653          0.00062668
   202   L1s      -9584.10735988          0.10826584          1.68623545          0.00012360          0.00097813
   203   L1s      -9584.10863335          0.15807079          4.36516722          0.00006609          0.00052386
   204   L1s      -9584.11033113          0.10952007          1.89245621          0.00008854          0.00073682
   205   L0s      -9584.11211433          0.14823517          3.97012763          0.00008854          0.00074683
   206   L1s      -9584.11354611          0.12079444          2.23478731          0.00007353          0.00062345
   207   L1s      -9584.11551518          0.10569003          1.56743432          0.00011139          0.00092893
   208   L1s      -9584.11727689          0.13450628          3.75966971          0.00010059          0.00083082
   209   L1s      -9584.11834416          0.11785975          2.10332824          0.00006127          0.00051042
   210   L1s      -9584.12055830          0.12089397          2.45769763          0.00012804          0.00106586
   211   L1s      -9584.12149499          0.13250359          3.63401204          0.00005453          0.00045637
   212   L1s      -9584.12329816          0.10091304          1.20546768          0.00010555          0.00090853
   213   L1s      -9584.12490000          0.14255578          3.18538707          0.00009470          0.00081930
   214   L1s      -9584.12623541          0.12193775          2.07929249          0.00007930          0.00068724
   215   L1s      -9584.12808160          0.10996343          1.83626153          0.00011033          0.00096112
   216   L0s      -9584.13005497          0.13497709          3.80767325          0.00011033          0.00096756
   217   L1s      -9584.13106581          0.10503011          1.55023093          0.00005833          0.00051797
   218   L1s      -9584.13279973          0.13182245          3.89938152          0.00011381          0.00101134
   219   L1s      -9584.13377952          0.11162340          2.42947749          0.00006458          0.00057072
   220   L1s      -9584.13546056          0.11763072          1.99555635          0.00011142          0.00096987
   221   L0s      -9584.13709365          0.13401766          2.86651060          0.00011142          0.00095567
   222   L1s      -9584.13823408          0.11410062          1.76522926          0.00007770          0.00065266
   223   L1s      -9584.14018566          0.09667002          1.56191871          0.00012941          0.00106217
----------------------------------------------------------------------------------------------------------------

Minimization converged.

-------------------  Conjugate Gradient Minimizer Statistics -------------------
Iterations             =            223  Function Calls         =            429
--------------------------------------------------------------------------------
