
#-----------------------------------------------------------------------------#
#                                                                             #
#                                EasyHybrid                                   #
#                   - A pDynamo graphical user interface -                    #
#                                                                             #
#-----------------------------------------------------------------------------#
#                                                                             #
#     Developed by Jose Fernando R Bachega and Luis Fernando S M Timmers      #
#                            <ferbachega@gmail.com>                           #
#                                                                             #
#             visit: https://sites.google.com/site/EasyHybrid/                #
#                   Univesity of Sao Paulo - SP, Brazil                       #
#      Pontifical Catholic University of Rio Grande do Sul - RS, Brazil       #
#                                                                             #
#                                                                             #
#   EasyHybrid team:                               Special thanks to:         #
#   - Jose Fernando R Bachega           |         - Fernando V Maluf          #
#   - Michele Silva                     |                                     #
#   - Luis Fernando S M Timmers         |                                     #
#   - Martin Field                      |         - Leonardo R Bachega        #
#   - Troy Wymore                       |         - Lucas Assirati            #
#   - Osmar Norberto de Souza           |         - Richard Garratt           #
#   - Walter R Paixao-Cortes            |                                     #
#                                                                             #
#   Cite this work as:                                                        #
#   J.F.R. Bachega, L.F.S.M. Timmers, L.Assirati, L.B. Bachega, M.J. Field,   #
#   T. Wymore. J. Comput. Chem. 2013, 34, 2190-2196. DOI: 10.1002/jcc.23346   #
#                                                                             #
#-----------------------------------------------------------------------------#

Generated on Wed Jun  5 17:30:04 2019


--------------------------------------------------------------------------------
                       Summary for System "Pruned System"
--------------------------------------------------------------------------------

---------------------------- Atom Container Summary ----------------------------
Number of Atoms        =           2173  Number of Heavy Atoms  =           1040
Number of Hydrogens    =           1133  Number of Unknowns     =              0
--------------------------------------------------------------------------------

----------------------------- Connectivity Summary -----------------------------
Atoms                  =           2173
--------------------------------------------------------------------------------

------------------------------- Electronic State -------------------------------
Charge                 =             -1  Multiplicity           =              1
--------------------------------------------------------------------------------

--------------------------------------------------------------------------------
                    Summary for Energy Model "AMBER/AM1/ABFS"
--------------------------------------------------------------------------------

----------------------------------- Summary for MM Model "AMBER" -----------------------------------
LJ 1-4 Scaling                   =          0.500  El. 1-4 Scaling                  =          0.833
Number of MM Atoms               =           2173  Number of MM Atom Types          =             37
Number of Inactive MM Atoms      =             33  Total MM Charge                  =          -4.00
Harmonic Bond Terms              =           2169  Harmonic Bond Parameters         =             49
Harmonic Bond Inactive           =           1308  Fourier Improper Terms           =            320
Fourier Improper Parameters      =              3  Fourier Improper Inactive        =            164
Harmonic Angle Terms             =           3403  Harmonic Angle Parameters        =            103
Harmonic Angle Inactive          =           1938  Fourier Dihedral Terms           =           6697
Fourier Dihedral Parameters      =             48  Fourier Dihedral Inactive        =           3453
Exclusions                       =          10377  1-4 Interactions                 =           4805
LJ Parameters Form               =          AMBER  LJ Parameters Types              =             21
1-4 Lennard-Jones Form           =          AMBER  1-4 Lennard-Jones Types          =             21
----------------------------------------------------------------------------------------------------

-------------------------- Summary for QC Model "AM1" --------------------------
Number of QC Atoms     =             39  Boundary Atoms         =              6
Nuclear Charge         =            129  Orbital Functions      =            108
Fitting Functions      =              0  Energy Base Line       =      188.36370
QC Parameter Centers   =              6
--------------------------------------------------------------------------------

----------------------------- ABFS NB Model Summary ----------------------------
Dielectric             =       1.000000  El. 1-4 Scaling        =       0.833333
Damping Cutoff         =       0.500000  Inner Cutoff           =       8.000000
List Cutoff            =      13.500000  Outer Cutoff           =      12.000000
QC/MM Coupling         =    RC Coupling  Use Centering          =          False
--------------------------------------------------------------------------------

-------------------------- Pairlist Generator Summary --------------------------
Cell Size              =          6.750  Cutoff                 =         13.500
Cutoff Cell Size Factor =          0.500  Grid Cell/Cell Method  =           True
Minimum Cell Extent    =              2  Minimum Cell Size      =          3.000
Minimum Extent Factor  =          1.500  Minimum Points         =            500
Sort Indices           =          False
--------------------------------------------------------------------------------

----------------------- SoftConstraint Container Summary -----------------------
Multiple Distance      =              2
--------------------------------------------------------------------------------

---------------------------- Hard Constraint Container Summary ---------------------------
Number of Charge Constraints  =            0  Number of Fixed Atoms         =         1351
------------------------------------------------------------------------------------------

------------------------------- Sequence Summary -------------------------------
Number of Atoms            =       2173  Number of Components       =        213
Number of Entities         =          1  Number of Linear Polymers  =          0
Number of Links            =          0  Number of Variants         =          0
--------------------------------------------------------------------------------

-------------------------------  Conjugate Gradient Minimizer Options ------------------------------
Beta Type                        =              1  Initial Step                     =            0.1
Line Searcher                    =           None  Log Frequency                    =              1
Maximum Iterations               =           5000  Maximum Theta                    =          1e+10
Minimum Theta                    =          1e-10  RMS Gradient Tolerance           =            0.1
Steepest Descent Tolerance       =          0.001  Use Spectral Theta               =           True
----------------------------------------------------------------------------------------------------

----------------------------------------------------------------------------------------------------------------
  Iteration       Function          RMS Gradient        Max. |Grad.|          RMS Disp.         Max. |Disp.|
----------------------------------------------------------------------------------------------------------------
     0     I      -9397.46933542         37.79462490       1392.43701765          0.00201374          0.07419062
     1   L1s      -9433.32820229          2.62837559         75.34563722          0.00076363          0.02076913
     2   L1s      -9434.51213026          4.14621244        140.31640879          0.00036621          0.01051557
     3   L1s      -9435.29499428          1.80584551         47.35979617          0.00028481          0.00723725
     4   L0s      -9435.79970010          1.01422477         27.07424592          0.00028481          0.00701132
     5   L1s      -9436.02348508          1.75060191         49.79117404          0.00021865          0.00576344
     6   L1s      -9436.19750995          1.17767893         24.05071608          0.00018870          0.00453804
     7   L0s      -9436.35342671          0.75092623         17.35413045          0.00018870          0.00402630
     8   L1s      -9436.45136444          0.74746494         17.15920381          0.00015347          0.00320314
     9   L1s      -9436.47951851          0.59150759         15.88175309          0.00005508          0.00106431
    10   L1s      -9436.51342627          0.45039715          9.50153233          0.00008096          0.00145583
    11   L1s      -9436.54940599          0.54408780         12.19158727          0.00010754          0.00195171
    12   L1s      -9436.56790936          0.53812076         14.59167451          0.00006180          0.00151272
    13   L1s      -9436.61530452          0.37579258          6.18439088          0.00017369          0.00460472
    14   L1s      -9436.66691293          0.61440159         13.69642020          0.00021931          0.00549521
    15   L1s      -9436.69219734          0.58089256         14.74260053          0.00011242          0.00314468
    16   L1s      -9436.71962077          0.42459926         10.43095759          0.00012784          0.00360070
    17   L1s      -9436.74970882          0.45373966         13.11376254          0.00015153          0.00424370
    18   L1s      -9436.76287216          0.46707775          9.62229669          0.00007033          0.00205846
    19   L1s      -9436.78650873          0.29112705          3.76433085          0.00013274          0.00389107
    20   L1s      -9436.80405548          0.31574296          5.44474282          0.00010978          0.00293644
    21   L1s      -9436.81260805          0.38355098         11.30368319          0.00005780          0.00166388
    22   L1s      -9436.82547014          0.23394178          3.69947619          0.00009113          0.00239087
    23   L1s      -9436.83471847          0.19536229          3.86637467          0.00007296          0.00167113
    24   L1s      -9436.83943243          0.24257621          6.74147286          0.00004206          0.00102114
    25   L1s      -9436.84325532          0.22317006          4.20765877          0.00003643          0.00077132
    26   L1s      -9436.85103826          0.18122228          2.64996640          0.00007940          0.00142973
    27   L1s      -9436.85450922          0.25434355          6.30053689          0.00003867          0.00071842
    28   L1s      -9436.85955058          0.16839369          2.06822649          0.00005841          0.00109834
    29   L1s      -9436.86515100          0.16824665          2.44823281          0.00007029          0.00139016
    30   L0s      -9436.87067136          0.21078189          5.66850261          0.00007029          0.00135673
    31   L1s      -9436.87331805          0.17561110          3.34134038          0.00003599          0.00073352
    32   L1s      -9436.87828179          0.14918907          2.64127768          0.00007638          0.00156950
    33   L1s      -9436.88189971          0.18062100          3.31896849          0.00005901          0.00119032
    34   L1s      -9436.88451152          0.21824286          6.27752346          0.00004418          0.00088931
    35   L1s      -9436.88911503          0.13028271          1.68644611          0.00007973          0.00148377
    36   L1s      -9436.89297060          0.13729323          2.01000872          0.00007088          0.00124586
    37   L1s      -9436.89536540          0.19931518          6.05415271          0.00004626          0.00074684
    38   L1s      -9436.89804832          0.11584387          1.46850145          0.00005295          0.00073934
    39   L0s      -9436.90074561          0.12413651          2.38693225          0.00005295          0.00066685
    40   L1s      -9436.90391354          0.15989630          4.41176505          0.00006638          0.00085676
    41   L1s      -9436.90529082          0.14129826          2.85822394          0.00003072          0.00037592
    42   L1s      -9436.90815411          0.11882813          2.12581292          0.00006595          0.00084022
    43   L0s      -9436.91092200          0.13346271          2.08307093          0.00006595          0.00081287
    44   L0s      -9436.91334618          0.23120023          5.95373713          0.00006595          0.00087722
    45   L1s      -9436.91658519          0.14376000          2.05811056          0.00008341          0.00109539
    46   L1s      -9436.91993064          0.17847508          5.37574166          0.00006953          0.00077495
    47   L1s      -9436.92157232          0.13785350          2.50608173          0.00003492          0.00042840
    48   L1s      -9436.92427934          0.11159078          2.63532289          0.00005975          0.00070620
    49   L1s      -9436.92594256          0.13258297          3.26434535          0.00003863          0.00036306
    50   L1s      -9436.92704592          0.12881934          2.63619599          0.00002650          0.00027111
    51   L1s      -9436.92941792          0.10384882          1.40862123          0.00005890          0.00060321
    52   L1s      -9436.93079485          0.16000688          4.30488812          0.00003583          0.00036067
    53   L1s      -9436.93258196          0.10041781          1.57004059          0.00004738          0.00048733
    54   L1s      -9436.93449990          0.10972745          1.90589468          0.00005316          0.00054710
    55   L1s      -9436.93550670          0.13658135          3.77736669          0.00002888          0.00029628
    56   L1s      -9436.93709707          0.09313690          2.01079029          0.00004658          0.00046891
----------------------------------------------------------------------------------------------------------------

Minimization converged.

-------------------  Conjugate Gradient Minimizer Statistics -------------------
Iterations             =             56  Function Calls         =            107
--------------------------------------------------------------------------------
