
#-----------------------------------------------------------------------------#
#                                                                             #
#                                EasyHybrid                                   #
#                   - A pDynamo graphical user interface -                    #
#                                                                             #
#-----------------------------------------------------------------------------#
#                                                                             #
#     Developed by Jose Fernando R Bachega and Luis Fernando S M Timmers      #
#                            <ferbachega@gmail.com>                           #
#                                                                             #
#             visit: https://sites.google.com/site/EasyHybrid/                #
#                   Univesity of Sao Paulo - SP, Brazil                       #
#      Pontifical Catholic University of Rio Grande do Sul - RS, Brazil       #
#                                                                             #
#                                                                             #
#   EasyHybrid team:                               Special thanks to:         #
#   - Jose Fernando R Bachega           |         - Fernando V Maluf          #
#   - Michele Silva                     |                                     #
#   - Luis Fernando S M Timmers         |                                     #
#   - Martin Field                      |         - Leonardo R Bachega        #
#   - Troy Wymore                       |         - Lucas Assirati            #
#   - Osmar Norberto de Souza           |         - Richard Garratt           #
#   - Walter R Paixao-Cortes            |                                     #
#                                                                             #
#   Cite this work as:                                                        #
#   J.F.R. Bachega, L.F.S.M. Timmers, L.Assirati, L.B. Bachega, M.J. Field,   #
#   T. Wymore. J. Comput. Chem. 2013, 34, 2190-2196. DOI: 10.1002/jcc.23346   #
#                                                                             #
#-----------------------------------------------------------------------------#

Generated on Wed Jun  5 17:32:02 2019


--------------------------------------------------------------------------------
                       Summary for System "Pruned System"
--------------------------------------------------------------------------------

---------------------------- Atom Container Summary ----------------------------
Number of Atoms        =           2173  Number of Heavy Atoms  =           1040
Number of Hydrogens    =           1133  Number of Unknowns     =              0
--------------------------------------------------------------------------------

----------------------------- Connectivity Summary -----------------------------
Atoms                  =           2173
--------------------------------------------------------------------------------

------------------------------- Electronic State -------------------------------
Charge                 =             -1  Multiplicity           =              1
--------------------------------------------------------------------------------

--------------------------------------------------------------------------------
                    Summary for Energy Model "AMBER/AM1/ABFS"
--------------------------------------------------------------------------------

----------------------------------- Summary for MM Model "AMBER" -----------------------------------
LJ 1-4 Scaling                   =          0.500  El. 1-4 Scaling                  =          0.833
Number of MM Atoms               =           2173  Number of MM Atom Types          =             37
Number of Inactive MM Atoms      =             33  Total MM Charge                  =          -4.00
Harmonic Bond Terms              =           2169  Harmonic Bond Parameters         =             49
Harmonic Bond Inactive           =           1308  Fourier Improper Terms           =            320
Fourier Improper Parameters      =              3  Fourier Improper Inactive        =            164
Harmonic Angle Terms             =           3403  Harmonic Angle Parameters        =            103
Harmonic Angle Inactive          =           1938  Fourier Dihedral Terms           =           6697
Fourier Dihedral Parameters      =             48  Fourier Dihedral Inactive        =           3453
Exclusions                       =          10377  1-4 Interactions                 =           4805
LJ Parameters Form               =          AMBER  LJ Parameters Types              =             21
1-4 Lennard-Jones Form           =          AMBER  1-4 Lennard-Jones Types          =             21
----------------------------------------------------------------------------------------------------

-------------------------- Summary for QC Model "AM1" --------------------------
Number of QC Atoms     =             39  Boundary Atoms         =              6
Nuclear Charge         =            129  Orbital Functions      =            108
Fitting Functions      =              0  Energy Base Line       =      188.36370
QC Parameter Centers   =              6
--------------------------------------------------------------------------------

----------------------------- ABFS NB Model Summary ----------------------------
Dielectric             =       1.000000  El. 1-4 Scaling        =       0.833333
Damping Cutoff         =       0.500000  Inner Cutoff           =       8.000000
List Cutoff            =      13.500000  Outer Cutoff           =      12.000000
QC/MM Coupling         =    RC Coupling  Use Centering          =          False
--------------------------------------------------------------------------------

-------------------------- Pairlist Generator Summary --------------------------
Cell Size              =          6.750  Cutoff                 =         13.500
Cutoff Cell Size Factor =          0.500  Grid Cell/Cell Method  =           True
Minimum Cell Extent    =              2  Minimum Cell Size      =          3.000
Minimum Extent Factor  =          1.500  Minimum Points         =            500
Sort Indices           =          False
--------------------------------------------------------------------------------

----------------------- SoftConstraint Container Summary -----------------------
Multiple Distance      =              2
--------------------------------------------------------------------------------

---------------------------- Hard Constraint Container Summary ---------------------------
Number of Charge Constraints  =            0  Number of Fixed Atoms         =         1351
------------------------------------------------------------------------------------------

------------------------------- Sequence Summary -------------------------------
Number of Atoms            =       2173  Number of Components       =        213
Number of Entities         =          1  Number of Linear Polymers  =          0
Number of Links            =          0  Number of Variants         =          0
--------------------------------------------------------------------------------

-------------------------------  Conjugate Gradient Minimizer Options ------------------------------
Beta Type                        =              1  Initial Step                     =            0.1
Line Searcher                    =           None  Log Frequency                    =              1
Maximum Iterations               =           5000  Maximum Theta                    =          1e+10
Minimum Theta                    =          1e-10  RMS Gradient Tolerance           =            0.1
Steepest Descent Tolerance       =          0.001  Use Spectral Theta               =           True
----------------------------------------------------------------------------------------------------

----------------------------------------------------------------------------------------------------------------
  Iteration       Function          RMS Gradient        Max. |Grad.|          RMS Disp.         Max. |Disp.|
----------------------------------------------------------------------------------------------------------------
     0     I      -9496.02072930         39.16009040       1514.84463967          0.00201374          0.07789828
     1   L1s      -9531.47362213          3.88294620         93.32462178          0.00073720          0.01763860
     2   L1s      -9532.02430101          2.60553362         65.45628916          0.00011561          0.00332429
     3   L1s      -9533.04263618          2.25701613         58.09581252          0.00038404          0.01245893
     4   L0s      -9533.84444910          1.17693982         26.30716068          0.00038404          0.00728872
     5   L1s      -9534.01556758          1.76029448         46.17085661          0.00013973          0.00263859
     6   L0s      -9534.17458631          0.98284196         29.88382032          0.00013973          0.00382917
     7   L1s      -9534.36440889          1.01608871         24.95943776          0.00021307          0.00459492
     8   L1s      -9534.42570694          1.19304262         28.87941068          0.00008505          0.00176202
     9   L1s      -9534.63299083          0.90837353         18.91656298          0.00031992          0.00646663
    10   L1s      -9534.67278135          0.72700391         15.94319832          0.00007103          0.00167693
    11   L1s      -9534.72852872          0.65575806         15.74047688          0.00011725          0.00273612
    12   L1s      -9534.77029622          0.86780710         22.78895822          0.00010198          0.00249651
    13   L0s      -9534.80998392          0.50870303         11.23384944          0.00010198          0.00251834
    14   L1s      -9534.85105814          0.49842571          9.05477236          0.00012168          0.00282130
    15   L1s      -9534.86813016          0.61912018         12.89952662          0.00005816          0.00141307
    16   L1s      -9534.90011291          0.39561722          8.37894434          0.00011673          0.00273649
    17   L0s      -9534.92878844          0.49116480          9.70186247          0.00011673          0.00260712
    18   L1s      -9534.94008447          0.43087514          7.72948093          0.00005030          0.00119259
    19   L1s      -9534.96562175          0.27149754          5.02884657          0.00012722          0.00288034
    20   L1s      -9534.97388043          0.42524881         12.23420976          0.00004790          0.00108049
    21   L1s      -9534.98622144          0.28259463          5.95108209          0.00007533          0.00183126
    22   L1s      -9534.99354766          0.37428619         10.65991523          0.00004942          0.00112531
    23   L1s      -9535.00369962          0.24080449          6.18846295          0.00007195          0.00165209
    24   L1s      -9535.01062926          0.25355041          5.34826624          0.00005436          0.00131100
    25   L1s      -9535.01425903          0.26883088          5.96061753          0.00003073          0.00069382
    26   L1s      -9535.02299183          0.19598670          3.55124459          0.00007851          0.00176697
    27   L0s      -9535.03018566          0.33534506          8.31854697          0.00007851          0.00183477
    28   L1s      -9535.03387955          0.19312297          2.98988187          0.00003868          0.00080343
    29   L1s      -9535.04032438          0.18603877          2.82198533          0.00005743          0.00106103
    30   L1s      -9535.04211826          0.19466262          4.53397593          0.00001781          0.00034225
    31   L1s      -9535.04626499          0.15151593          3.24287708          0.00004465          0.00079518
    32   L0s      -9535.04977115          0.23516358          5.48282040          0.00004465          0.00072475
    33   L1s      -9535.05201705          0.17063385          3.75369966          0.00002859          0.00045111
    34   L1s      -9535.05604885          0.15957930          3.41693665          0.00005017          0.00074808
    35   L1s      -9535.05787906          0.19806229          4.72654671          0.00002459          0.00033574
    36   L1s      -9535.06073725          0.13852442          2.58662377          0.00004015          0.00056251
    37   L1s      -9535.06265805          0.18404984          4.94594561          0.00002923          0.00039491
    38   L1s      -9535.06481763          0.13191118          1.86167773          0.00003421          0.00046466
    39   L0s      -9535.06686553          0.20896031          7.22418918          0.00003421          0.00050873
    40   L1s      -9535.06944912          0.11251654          1.68294995          0.00004478          0.00067845
    41   L0s      -9535.07192687          0.17527999          4.62157467          0.00004478          0.00064754
    42   L1s      -9535.07349743          0.13919438          2.53526651          0.00003086          0.00047332
    43   L1s      -9535.07676709          0.13740745          3.17335215          0.00007598          0.00118615
    44   L1s      -9535.07907664          0.18885373          4.33414785          0.00005539          0.00084347
    45   L1s      -9535.08071771          0.12907448          2.34043188          0.00003998          0.00062352
    46   L1s      -9535.08361935          0.14843535          2.68205661          0.00007304          0.00108514
    47   L1s      -9535.08482089          0.13858174          3.89884219          0.00003096          0.00045765
    48   L1s      -9535.08770861          0.16725158          3.60298973          0.00007629          0.00116694
    49   L1s      -9535.08924413          0.16699227          5.12363860          0.00004122          0.00059585
    50   L1s      -9535.09274840          0.12741461          1.61602367          0.00009557          0.00133509
    51   L1s      -9535.09512646          0.20022381          5.12430928          0.00006659          0.00095539
    52   L1s      -9535.09684965          0.11314068          1.91141457          0.00004875          0.00066061
    53   L1s      -9535.09932091          0.13706378          3.02762473          0.00007206          0.00094135
    54   L1s      -9535.10097384          0.18646692          5.42501485          0.00004917          0.00064198
    55   L1s      -9535.10333898          0.12767576          2.76771376          0.00007111          0.00084185
    56   L1s      -9535.10515717          0.15925073          4.02554950          0.00005592          0.00066253
    57   L1s      -9535.10659724          0.11465366          1.95003223          0.00004489          0.00048050
    58   L1s      -9535.10866948          0.15770816          4.92790490          0.00006622          0.00064621
    59   L1s      -9535.10968751          0.10654838          1.78729419          0.00003295          0.00031685
    60   L1s      -9535.11202451          0.10954600          1.41487381          0.00007773          0.00072639
    61   L1s      -9535.11314686          0.16153257          3.59203020          0.00003826          0.00035198
    62   L1s      -9535.11492392          0.10657835          1.56853266          0.00006122          0.00053893
    63   L1s      -9535.11733567          0.14985828          4.00845310          0.00008504          0.00075595
    64   L1s      -9535.11848153          0.13426558          2.43419918          0.00004088          0.00038290
    65   L1s      -9535.12028963          0.12212215          3.03160732          0.00006544          0.00064698
    66   L1s      -9535.12130789          0.13079708          2.79811312          0.00003747          0.00038516
    67   L1s      -9535.12296249          0.10454271          1.64208877          0.00006173          0.00066188
    68   L0s      -9535.12445217          0.18912231          6.05148848          0.00006173          0.00066789
    69   L0s      -9535.12603900          0.10476714          1.77122770          0.00006173          0.00067080
    70   L0s      -9535.12794012          0.15155954          3.17144771          0.00006173          0.00066711
    71   L1s      -9535.12873416          0.11016323          1.94502932          0.00002496          0.00026205
    72   L1s      -9535.13059452          0.10729077          2.68996440          0.00005104          0.00050521
    73   L1s      -9535.13137340          0.12953554          2.86444545          0.00002216          0.00020970
    74   L1s      -9535.13256161          0.09326737          2.68312052          0.00003462          0.00029853
----------------------------------------------------------------------------------------------------------------

Minimization converged.

-------------------  Conjugate Gradient Minimizer Statistics -------------------
Iterations             =             74  Function Calls         =            138
--------------------------------------------------------------------------------
