
#-----------------------------------------------------------------------------#
#                                                                             #
#                                EasyHybrid                                   #
#                   - A pDynamo graphical user interface -                    #
#                                                                             #
#-----------------------------------------------------------------------------#
#                                                                             #
#     Developed by Jose Fernando R Bachega and Luis Fernando S M Timmers      #
#                            <ferbachega@gmail.com>                           #
#                                                                             #
#             visit: https://sites.google.com/site/EasyHybrid/                #
#                   Univesity of Sao Paulo - SP, Brazil                       #
#      Pontifical Catholic University of Rio Grande do Sul - RS, Brazil       #
#                                                                             #
#                                                                             #
#   EasyHybrid team:                               Special thanks to:         #
#   - Jose Fernando R Bachega           |         - Fernando V Maluf          #
#   - Michele Silva                     |                                     #
#   - Luis Fernando S M Timmers         |                                     #
#   - Martin Field                      |         - Leonardo R Bachega        #
#   - Troy Wymore                       |         - Lucas Assirati            #
#   - Osmar Norberto de Souza           |         - Richard Garratt           #
#   - Walter R Paixao-Cortes            |                                     #
#                                                                             #
#   Cite this work as:                                                        #
#   J.F.R. Bachega, L.F.S.M. Timmers, L.Assirati, L.B. Bachega, M.J. Field,   #
#   T. Wymore. J. Comput. Chem. 2013, 34, 2190-2196. DOI: 10.1002/jcc.23346   #
#                                                                             #
#-----------------------------------------------------------------------------#

Generated on Wed Jun  5 17:24:26 2019


--------------------------------------------------------------------------------
                       Summary for System "Pruned System"
--------------------------------------------------------------------------------

---------------------------- Atom Container Summary ----------------------------
Number of Atoms        =           2173  Number of Heavy Atoms  =           1040
Number of Hydrogens    =           1133  Number of Unknowns     =              0
--------------------------------------------------------------------------------

----------------------------- Connectivity Summary -----------------------------
Atoms                  =           2173
--------------------------------------------------------------------------------

------------------------------- Electronic State -------------------------------
Charge                 =             -1  Multiplicity           =              1
--------------------------------------------------------------------------------

--------------------------------------------------------------------------------
                    Summary for Energy Model "AMBER/AM1/ABFS"
--------------------------------------------------------------------------------

----------------------------------- Summary for MM Model "AMBER" -----------------------------------
LJ 1-4 Scaling                   =          0.500  El. 1-4 Scaling                  =          0.833
Number of MM Atoms               =           2173  Number of MM Atom Types          =             37
Number of Inactive MM Atoms      =             33  Total MM Charge                  =          -4.00
Harmonic Bond Terms              =           2169  Harmonic Bond Parameters         =             49
Harmonic Bond Inactive           =           1308  Fourier Improper Terms           =            320
Fourier Improper Parameters      =              3  Fourier Improper Inactive        =            164
Harmonic Angle Terms             =           3403  Harmonic Angle Parameters        =            103
Harmonic Angle Inactive          =           1938  Fourier Dihedral Terms           =           6697
Fourier Dihedral Parameters      =             48  Fourier Dihedral Inactive        =           3453
Exclusions                       =          10377  1-4 Interactions                 =           4805
LJ Parameters Form               =          AMBER  LJ Parameters Types              =             21
1-4 Lennard-Jones Form           =          AMBER  1-4 Lennard-Jones Types          =             21
----------------------------------------------------------------------------------------------------

-------------------------- Summary for QC Model "AM1" --------------------------
Number of QC Atoms     =             39  Boundary Atoms         =              6
Nuclear Charge         =            129  Orbital Functions      =            108
Fitting Functions      =              0  Energy Base Line       =      188.36370
QC Parameter Centers   =              6
--------------------------------------------------------------------------------

----------------------------- ABFS NB Model Summary ----------------------------
Dielectric             =       1.000000  El. 1-4 Scaling        =       0.833333
Damping Cutoff         =       0.500000  Inner Cutoff           =       8.000000
List Cutoff            =      13.500000  Outer Cutoff           =      12.000000
QC/MM Coupling         =    RC Coupling  Use Centering          =          False
--------------------------------------------------------------------------------

-------------------------- Pairlist Generator Summary --------------------------
Cell Size              =          6.750  Cutoff                 =         13.500
Cutoff Cell Size Factor =          0.500  Grid Cell/Cell Method  =           True
Minimum Cell Extent    =              2  Minimum Cell Size      =          3.000
Minimum Extent Factor  =          1.500  Minimum Points         =            500
Sort Indices           =          False
--------------------------------------------------------------------------------

----------------------- SoftConstraint Container Summary -----------------------
Multiple Distance      =              2
--------------------------------------------------------------------------------

---------------------------- Hard Constraint Container Summary ---------------------------
Number of Charge Constraints  =            0  Number of Fixed Atoms         =         1351
------------------------------------------------------------------------------------------

------------------------------- Sequence Summary -------------------------------
Number of Atoms            =       2173  Number of Components       =        213
Number of Entities         =          1  Number of Linear Polymers  =          0
Number of Links            =          0  Number of Variants         =          0
--------------------------------------------------------------------------------

-------------------------------  Conjugate Gradient Minimizer Options ------------------------------
Beta Type                        =              1  Initial Step                     =            0.1
Line Searcher                    =           None  Log Frequency                    =              1
Maximum Iterations               =           5000  Maximum Theta                    =          1e+10
Minimum Theta                    =          1e-10  RMS Gradient Tolerance           =            0.1
Steepest Descent Tolerance       =          0.001  Use Spectral Theta               =           True
----------------------------------------------------------------------------------------------------

----------------------------------------------------------------------------------------------------------------
  Iteration       Function          RMS Gradient        Max. |Grad.|          RMS Disp.         Max. |Disp.|
----------------------------------------------------------------------------------------------------------------
     0     I      -9547.67834392         38.95618976       1496.17558787          0.00201374          0.07734096
     1   L1s      -9582.88413559          3.20918192         71.40713652          0.00073580          0.01517553
     2   L1s      -9583.48179921          3.28261882         98.41019837          0.00015108          0.00436665
     3   L1s      -9584.72299800          2.72591057         68.46139418          0.00044072          0.01405209
     4   L0s      -9585.76188981          1.22550226         27.13029374          0.00044072          0.00828743
     5   L1s      -9585.95745312          1.76372927         45.02661662          0.00014630          0.00266594
     6   L0s      -9586.11577820          1.16704533         34.11594883          0.00014630          0.00383747
     7   L1s      -9586.35474372          1.10128376         25.76406075          0.00028024          0.00529061
     8   L1s      -9586.42545122          1.09332820         26.75054302          0.00009776          0.00211725
     9   L1s      -9586.59116363          0.52707705          8.74487041          0.00025999          0.00454041
    10   L1s      -9586.63017425          0.84463883         20.31354333          0.00008520          0.00170657
    11   L1s      -9586.67342514          0.64589661         10.89503339          0.00010316          0.00193410
    12   L1s      -9586.72727591          0.44067511          7.26088226          0.00014531          0.00275354
    13   L1s      -9586.75772791          0.46927008         13.56161559          0.00009920          0.00164433
    14   L1s      -9586.77198887          0.52488424         12.46782632          0.00005261          0.00097911
    15   L1s      -9586.80693200          0.39083659          6.62062501          0.00013981          0.00250762
    16   L1s      -9586.82128346          0.52130525         16.05698544          0.00006473          0.00121691
    17   L1s      -9586.84189522          0.28749343          3.93374623          0.00009830          0.00169832
    18   L0s      -9586.86053773          0.29966940          5.77051428          0.00009830          0.00188246
    19   L1s      -9586.86790355          0.38124134         10.84765090          0.00004419          0.00075531
    20   L1s      -9586.87972997          0.25227779          4.24389970          0.00007726          0.00134402
    21   L0s      -9586.89094483          0.22057118          3.71590654          0.00007726          0.00132186
    22   L1s      -9586.89846761          0.30404108          9.34236486          0.00005856          0.00102114
    23   L1s      -9586.90334077          0.22162306          3.57309159          0.00004099          0.00068643
    24   L1s      -9586.91039858          0.23532392          6.05169248          0.00006476          0.00117107
    25   L1s      -9586.91397517          0.24680209          6.43602909          0.00003505          0.00054960
    26   L1s      -9586.92020065          0.18063868          2.29838806          0.00006434          0.00101482
    27   L1s      -9586.92896425          0.15914177          2.00344000          0.00009880          0.00139629
    28   L1s      -9586.93155367          0.22062386          5.93515690          0.00003204          0.00045502
    29   L1s      -9586.93483067          0.16207068          2.43431854          0.00004230          0.00049426
    30   L1s      -9586.93958225          0.22839182          6.28284693          0.00006576          0.00081902
    31   L1s      -9586.94233370          0.17630979          3.06666953          0.00003930          0.00040861
    32   L1s      -9586.94666970          0.16328125          3.43929662          0.00006511          0.00071197
    33   L1s      -9586.95186597          0.15245939          2.46741023          0.00008219          0.00088537
    34   L1s      -9586.95417225          0.22771376          5.53362588          0.00003849          0.00042039
    35   L1s      -9586.95836637          0.14401331          1.96556197          0.00007156          0.00084709
    36   L0s      -9586.96231079          0.21092939          5.81732764          0.00007156          0.00086351
    37   L1s      -9586.96442870          0.13826816          1.81925281          0.00003908          0.00047974
    38   L1s      -9586.96787895          0.14893122          2.88464514          0.00006554          0.00078304
    39   L1s      -9586.97253956          0.20130893          4.94285679          0.00009208          0.00106896
    40   L1s      -9586.97472148          0.18625815          2.83621463          0.00004399          0.00049208
    41   L1s      -9586.97875191          0.14745893          2.24072393          0.00008314          0.00086860
    42   L1s      -9586.98186299          0.20198201          5.21824310          0.00006643          0.00066267
    43   L1s      -9586.98410770          0.14519487          1.97420048          0.00004877          0.00043808
    44   L1s      -9586.98900799          0.16316482          2.46494856          0.00010989          0.00101389
    45   L0s      -9586.99374944          0.23944098          6.23316710          0.00010989          0.00105761
    46   L1s      -9586.99632941          0.17000612          2.35020714          0.00006013          0.00062471
    47   L1s      -9587.00237958          0.17639580          3.16763376          0.00014157          0.00155840
    48   L1s      -9587.00488962          0.20064230          4.09419877          0.00005983          0.00068425
    49   L1s      -9587.00804684          0.15177646          3.04894133          0.00007631          0.00092103
    50   L1s      -9587.01285452          0.15642251          3.19698881          0.00011899          0.00148345
    51   L1s      -9587.01678748          0.17161460          3.78470677          0.00009949          0.00125854
    52   L1s      -9587.01840756          0.16583078          4.17790282          0.00004169          0.00053289
    53   L1s      -9587.02251658          0.14059339          3.16519959          0.00010763          0.00137218
    54   L1s      -9587.02394393          0.16776843          4.44805456          0.00003828          0.00048553
    55   L1s      -9587.02706773          0.12789776          1.79412572          0.00008512          0.00105857
    56   L0s      -9587.03038142          0.11113234          1.54348604          0.00008512          0.00101280
    57   L1s      -9587.03288282          0.18056432          5.07510753          0.00006535          0.00076393
    58   L1s      -9587.03474089          0.13703270          2.68269352          0.00005075          0.00057651
    59   L1s      -9587.03730128          0.12559918          2.20185850          0.00007157          0.00087530
    60   L1s      -9587.03879304          0.16433888          5.61446219          0.00004279          0.00053986
    61   L1s      -9587.04046898          0.10088762          1.62228921          0.00004878          0.00064361
    62   L1s      -9587.04275949          0.11607097          2.13910624          0.00006915          0.00091991
    63   L1s      -9587.04399068          0.14867390          3.93838150          0.00003816          0.00050860
    64   L1s      -9587.04578443          0.09888033          1.06714767          0.00005645          0.00074992
----------------------------------------------------------------------------------------------------------------

Minimization converged.

-------------------  Conjugate Gradient Minimizer Statistics -------------------
Iterations             =             64  Function Calls         =            122
--------------------------------------------------------------------------------
