
#-----------------------------------------------------------------------------#
#                                                                             #
#                                EasyHybrid                                   #
#                   - A pDynamo graphical user interface -                    #
#                                                                             #
#-----------------------------------------------------------------------------#
#                                                                             #
#     Developed by Jose Fernando R Bachega and Luis Fernando S M Timmers      #
#                            <ferbachega@gmail.com>                           #
#                                                                             #
#             visit: https://sites.google.com/site/EasyHybrid/                #
#                   Univesity of Sao Paulo - SP, Brazil                       #
#      Pontifical Catholic University of Rio Grande do Sul - RS, Brazil       #
#                                                                             #
#                                                                             #
#   EasyHybrid team:                               Special thanks to:         #
#   - Jose Fernando R Bachega           |         - Fernando V Maluf          #
#   - Michele Silva                     |                                     #
#   - Luis Fernando S M Timmers         |                                     #
#   - Martin Field                      |         - Leonardo R Bachega        #
#   - Troy Wymore                       |         - Lucas Assirati            #
#   - Osmar Norberto de Souza           |         - Richard Garratt           #
#   - Walter R Paixao-Cortes            |                                     #
#                                                                             #
#   Cite this work as:                                                        #
#   J.F.R. Bachega, L.F.S.M. Timmers, L.Assirati, L.B. Bachega, M.J. Field,   #
#   T. Wymore. J. Comput. Chem. 2013, 34, 2190-2196. DOI: 10.1002/jcc.23346   #
#                                                                             #
#-----------------------------------------------------------------------------#

Generated on Wed Jun  5 17:30:34 2019


--------------------------------------------------------------------------------
                       Summary for System "Pruned System"
--------------------------------------------------------------------------------

---------------------------- Atom Container Summary ----------------------------
Number of Atoms        =           2173  Number of Heavy Atoms  =           1040
Number of Hydrogens    =           1133  Number of Unknowns     =              0
--------------------------------------------------------------------------------

----------------------------- Connectivity Summary -----------------------------
Atoms                  =           2173
--------------------------------------------------------------------------------

------------------------------- Electronic State -------------------------------
Charge                 =             -1  Multiplicity           =              1
--------------------------------------------------------------------------------

--------------------------------------------------------------------------------
                    Summary for Energy Model "AMBER/AM1/ABFS"
--------------------------------------------------------------------------------

----------------------------------- Summary for MM Model "AMBER" -----------------------------------
LJ 1-4 Scaling                   =          0.500  El. 1-4 Scaling                  =          0.833
Number of MM Atoms               =           2173  Number of MM Atom Types          =             37
Number of Inactive MM Atoms      =             33  Total MM Charge                  =          -4.00
Harmonic Bond Terms              =           2169  Harmonic Bond Parameters         =             49
Harmonic Bond Inactive           =           1308  Fourier Improper Terms           =            320
Fourier Improper Parameters      =              3  Fourier Improper Inactive        =            164
Harmonic Angle Terms             =           3403  Harmonic Angle Parameters        =            103
Harmonic Angle Inactive          =           1938  Fourier Dihedral Terms           =           6697
Fourier Dihedral Parameters      =             48  Fourier Dihedral Inactive        =           3453
Exclusions                       =          10377  1-4 Interactions                 =           4805
LJ Parameters Form               =          AMBER  LJ Parameters Types              =             21
1-4 Lennard-Jones Form           =          AMBER  1-4 Lennard-Jones Types          =             21
----------------------------------------------------------------------------------------------------

-------------------------- Summary for QC Model "AM1" --------------------------
Number of QC Atoms     =             39  Boundary Atoms         =              6
Nuclear Charge         =            129  Orbital Functions      =            108
Fitting Functions      =              0  Energy Base Line       =      188.36370
QC Parameter Centers   =              6
--------------------------------------------------------------------------------

----------------------------- ABFS NB Model Summary ----------------------------
Dielectric             =       1.000000  El. 1-4 Scaling        =       0.833333
Damping Cutoff         =       0.500000  Inner Cutoff           =       8.000000
List Cutoff            =      13.500000  Outer Cutoff           =      12.000000
QC/MM Coupling         =    RC Coupling  Use Centering          =          False
--------------------------------------------------------------------------------

-------------------------- Pairlist Generator Summary --------------------------
Cell Size              =          6.750  Cutoff                 =         13.500
Cutoff Cell Size Factor =          0.500  Grid Cell/Cell Method  =           True
Minimum Cell Extent    =              2  Minimum Cell Size      =          3.000
Minimum Extent Factor  =          1.500  Minimum Points         =            500
Sort Indices           =          False
--------------------------------------------------------------------------------

----------------------- SoftConstraint Container Summary -----------------------
Multiple Distance      =              2
--------------------------------------------------------------------------------

---------------------------- Hard Constraint Container Summary ---------------------------
Number of Charge Constraints  =            0  Number of Fixed Atoms         =         1351
------------------------------------------------------------------------------------------

------------------------------- Sequence Summary -------------------------------
Number of Atoms            =       2173  Number of Components       =        213
Number of Entities         =          1  Number of Linear Polymers  =          0
Number of Links            =          0  Number of Variants         =          0
--------------------------------------------------------------------------------

-------------------------------  Conjugate Gradient Minimizer Options ------------------------------
Beta Type                        =              1  Initial Step                     =            0.1
Line Searcher                    =           None  Log Frequency                    =              1
Maximum Iterations               =           5000  Maximum Theta                    =          1e+10
Minimum Theta                    =          1e-10  RMS Gradient Tolerance           =            0.1
Steepest Descent Tolerance       =          0.001  Use Spectral Theta               =           True
----------------------------------------------------------------------------------------------------

----------------------------------------------------------------------------------------------------------------
  Iteration       Function          RMS Gradient        Max. |Grad.|          RMS Disp.         Max. |Disp.|
----------------------------------------------------------------------------------------------------------------
     0     I      -9486.83273194         36.89127248       1362.07281748          0.00201374          0.07434986
     1   L1s      -9522.08243185          2.80447757         71.13033757          0.00076953          0.01833931
     2   L1s      -9523.88997780          3.80221513        110.09407013          0.00052456          0.01286125
     3   L1s      -9524.44578918          2.10503492         48.20534790          0.00019856          0.00525491
     4   L1s      -9525.08621647          1.25358558         31.34638912          0.00033794          0.00876393
     5   L1s      -9525.25448192          1.74635143         47.12453147          0.00014053          0.00401288
     6   L1s      -9525.51692886          1.20535626         22.53861860          0.00025143          0.00644524
     7   L1s      -9525.68590692          0.81313401         17.36694338          0.00019874          0.00452617
     8   L1s      -9525.76463757          0.94683313         27.57941001          0.00012119          0.00269985
     9   L1s      -9525.80541941          0.53375226          8.70887110          0.00007185          0.00142288
    10   L1s      -9525.84470692          0.45910333          7.25906833          0.00009121          0.00156152
    11   L1s      -9525.87002140          0.59525660         15.77020655          0.00007378          0.00156836
    12   L0s      -9525.89430598          0.43314601          9.44679525          0.00007378          0.00178701
    13   L1s      -9525.94433806          0.41015786          6.69597530          0.00017407          0.00480798
    14   L1s      -9525.96279676          0.64039920         16.30713829          0.00007497          0.00184531
    15   L1s      -9526.01079884          0.47740683          7.25761425          0.00020440          0.00504681
    16   L1s      -9526.03881846          0.56473386         12.16689260          0.00012888          0.00351031
    17   L1s      -9526.05602696          0.42465748          7.18527357          0.00008275          0.00212551
    18   L1s      -9526.08108859          0.36439439          6.76881858          0.00012989          0.00316502
    19   L1s      -9526.09859415          0.41363993         11.93186426          0.00009886          0.00270216
    20   L1s      -9526.10751676          0.27925668          4.20147859          0.00005327          0.00126296
    21   L1s      -9526.11944866          0.22452245          3.31876634          0.00007932          0.00171188
    22   L1s      -9526.12756042          0.31163347          8.32880360          0.00006145          0.00146431
    23   L1s      -9526.13277469          0.22050310          3.19843791          0.00004177          0.00084164
    24   L1s      -9526.13879913          0.17083079          3.14557810          0.00005311          0.00096296
    25   L1s      -9526.14086320          0.19692295          4.27645118          0.00002068          0.00035236
    26   L1s      -9526.14605556          0.16718220          3.04941262          0.00005624          0.00089613
    27   L1s      -9526.14970556          0.13782809          2.06526125          0.00004332          0.00058663
    28   L1s      -9526.15151539          0.17697244          5.47922876          0.00002397          0.00033083
    29   L1s      -9526.15423330          0.11905765          2.04579414          0.00003809          0.00043653
    30   L1s      -9526.15704011          0.13694894          2.64392309          0.00004374          0.00058334
    31   L1s      -9526.15818768          0.14251553          3.44332414          0.00001913          0.00021777
    32   L1s      -9526.16126503          0.12186353          1.46163806          0.00005422          0.00063769
    33   L1s      -9526.16300987          0.16283227          4.62460872          0.00003286          0.00047877
    34   L0s      -9526.16476377          0.11330542          1.29360237          0.00003286          0.00038490
    35   L1s      -9526.16807620          0.13363024          2.96511866          0.00006427          0.00070649
    36   L1s      -9526.16973893          0.15370539          4.70388999          0.00003444          0.00040626
    37   L1s      -9526.17153448          0.12837974          3.21641327          0.00003838          0.00041291
    38   L1s      -9526.17444683          0.12059999          1.91691851          0.00006490          0.00060088
    39   L1s      -9526.17653747          0.16802299          5.04494325          0.00004867          0.00046209
    40   L1s      -9526.17816567          0.11121228          1.34414570          0.00003871          0.00032108
    41   L1s      -9526.18086343          0.12574230          2.15770363          0.00006709          0.00056334
    42   L1s      -9526.18266853          0.18316782          4.86933198          0.00004637          0.00038889
    43   L1s      -9526.18511084          0.11399644          1.65519000          0.00006366          0.00051791
    44   L0s      -9526.18740146          0.17416240          4.20552599          0.00006366          0.00050470
    45   L1s      -9526.18907710          0.14089750          2.20962891          0.00004644          0.00034914
    46   L1s      -9526.19320630          0.13845450          2.43738026          0.00011226          0.00079602
    47   L1s      -9526.19541094          0.19088832          4.94968553          0.00006131          0.00042542
    48   L1s      -9526.19829225          0.16001198          3.54576426          0.00008107          0.00055811
    49   L1s      -9526.20196901          0.13729907          2.47362987          0.00010511          0.00074629
    50   L1s      -9526.20370921          0.16886988          4.07302375          0.00005082          0.00036228
    51   L1s      -9526.20562508          0.10819376          1.51840998          0.00005671          0.00040653
    52   L1s      -9526.20770238          0.14896953          3.82294079          0.00006344          0.00046072
    53   L1s      -9526.20904278          0.13484930          2.40207013          0.00004158          0.00031103
    54   L1s      -9526.21212992          0.11125861          1.84940369          0.00009754          0.00074159
    55   L1s      -9526.21385524          0.14707496          3.77558103          0.00005593          0.00042373
    56   L1s      -9526.21514293          0.11434743          1.96212279          0.00004234          0.00031372
    57   L1s      -9526.21748485          0.12015602          1.93527482          0.00007876          0.00055517
    58   L1s      -9526.21874560          0.14602021          3.26527344          0.00004323          0.00029253
    59   L1s      -9526.22036770          0.10993270          1.74219147          0.00005635          0.00037767
    60   L1s      -9526.22237745          0.11779519          3.06651618          0.00007138          0.00055142
    61   L1s      -9526.22323528          0.11729612          2.50093183          0.00003103          0.00021467
    62   L1s      -9526.22548498          0.10041035          1.71109835          0.00008286          0.00057102
    63   L1s      -9526.22746464          0.15546010          4.08191410          0.00007466          0.00051061
    64   L1s      -9526.22875950          0.11111412          1.51881607          0.00004930          0.00035325
    65   L1s      -9526.23088216          0.12268278          2.40221586          0.00008229          0.00054611
    66   L1s      -9526.23208158          0.14307087          3.58857676          0.00004718          0.00031152
    67   L1s      -9526.23379921          0.10081780          2.03026501          0.00006825          0.00045080
    68   L0s      -9526.23553166          0.11558548          2.53907447          0.00006825          0.00045288
    69   L1s      -9526.23652353          0.12044937          3.14886575          0.00004000          0.00026702
    70   L1s      -9526.23800474          0.09155439          1.69526326          0.00006212          0.00041879
----------------------------------------------------------------------------------------------------------------

Minimization converged.

-------------------  Conjugate Gradient Minimizer Statistics -------------------
Iterations             =             70  Function Calls         =            137
--------------------------------------------------------------------------------
