
#-----------------------------------------------------------------------------#
#                                                                             #
#                                EasyHybrid                                   #
#                   - A pDynamo graphical user interface -                    #
#                                                                             #
#-----------------------------------------------------------------------------#
#                                                                             #
#     Developed by Jose Fernando R Bachega and Luis Fernando S M Timmers      #
#                            <ferbachega@gmail.com>                           #
#                                                                             #
#             visit: https://sites.google.com/site/EasyHybrid/                #
#                   Univesity of Sao Paulo - SP, Brazil                       #
#      Pontifical Catholic University of Rio Grande do Sul - RS, Brazil       #
#                                                                             #
#                                                                             #
#   EasyHybrid team:                               Special thanks to:         #
#   - Jose Fernando R Bachega           |         - Fernando V Maluf          #
#   - Michele Silva                     |                                     #
#   - Luis Fernando S M Timmers         |                                     #
#   - Martin Field                      |         - Leonardo R Bachega        #
#   - Troy Wymore                       |         - Lucas Assirati            #
#   - Osmar Norberto de Souza           |         - Richard Garratt           #
#   - Walter R Paixao-Cortes            |                                     #
#                                                                             #
#   Cite this work as:                                                        #
#   J.F.R. Bachega, L.F.S.M. Timmers, L.Assirati, L.B. Bachega, M.J. Field,   #
#   T. Wymore. J. Comput. Chem. 2013, 34, 2190-2196. DOI: 10.1002/jcc.23346   #
#                                                                             #
#-----------------------------------------------------------------------------#

Generated on Wed Jun  5 17:35:52 2019


--------------------------------------------------------------------------------
                       Summary for System "Pruned System"
--------------------------------------------------------------------------------

---------------------------- Atom Container Summary ----------------------------
Number of Atoms        =           2173  Number of Heavy Atoms  =           1040
Number of Hydrogens    =           1133  Number of Unknowns     =              0
--------------------------------------------------------------------------------

----------------------------- Connectivity Summary -----------------------------
Atoms                  =           2173
--------------------------------------------------------------------------------

------------------------------- Electronic State -------------------------------
Charge                 =             -1  Multiplicity           =              1
--------------------------------------------------------------------------------

--------------------------------------------------------------------------------
                    Summary for Energy Model "AMBER/AM1/ABFS"
--------------------------------------------------------------------------------

----------------------------------- Summary for MM Model "AMBER" -----------------------------------
LJ 1-4 Scaling                   =          0.500  El. 1-4 Scaling                  =          0.833
Number of MM Atoms               =           2173  Number of MM Atom Types          =             37
Number of Inactive MM Atoms      =             33  Total MM Charge                  =          -4.00
Harmonic Bond Terms              =           2169  Harmonic Bond Parameters         =             49
Harmonic Bond Inactive           =           1308  Fourier Improper Terms           =            320
Fourier Improper Parameters      =              3  Fourier Improper Inactive        =            164
Harmonic Angle Terms             =           3403  Harmonic Angle Parameters        =            103
Harmonic Angle Inactive          =           1938  Fourier Dihedral Terms           =           6697
Fourier Dihedral Parameters      =             48  Fourier Dihedral Inactive        =           3453
Exclusions                       =          10377  1-4 Interactions                 =           4805
LJ Parameters Form               =          AMBER  LJ Parameters Types              =             21
1-4 Lennard-Jones Form           =          AMBER  1-4 Lennard-Jones Types          =             21
----------------------------------------------------------------------------------------------------

-------------------------- Summary for QC Model "AM1" --------------------------
Number of QC Atoms     =             39  Boundary Atoms         =              6
Nuclear Charge         =            129  Orbital Functions      =            108
Fitting Functions      =              0  Energy Base Line       =      188.36370
QC Parameter Centers   =              6
--------------------------------------------------------------------------------

----------------------------- ABFS NB Model Summary ----------------------------
Dielectric             =       1.000000  El. 1-4 Scaling        =       0.833333
Damping Cutoff         =       0.500000  Inner Cutoff           =       8.000000
List Cutoff            =      13.500000  Outer Cutoff           =      12.000000
QC/MM Coupling         =    RC Coupling  Use Centering          =          False
--------------------------------------------------------------------------------

-------------------------- Pairlist Generator Summary --------------------------
Cell Size              =          6.750  Cutoff                 =         13.500
Cutoff Cell Size Factor =          0.500  Grid Cell/Cell Method  =           True
Minimum Cell Extent    =              2  Minimum Cell Size      =          3.000
Minimum Extent Factor  =          1.500  Minimum Points         =            500
Sort Indices           =          False
--------------------------------------------------------------------------------

----------------------- SoftConstraint Container Summary -----------------------
Multiple Distance      =              2
--------------------------------------------------------------------------------

---------------------------- Hard Constraint Container Summary ---------------------------
Number of Charge Constraints  =            0  Number of Fixed Atoms         =         1351
------------------------------------------------------------------------------------------

------------------------------- Sequence Summary -------------------------------
Number of Atoms            =       2173  Number of Components       =        213
Number of Entities         =          1  Number of Linear Polymers  =          0
Number of Links            =          0  Number of Variants         =          0
--------------------------------------------------------------------------------

-------------------------------  Conjugate Gradient Minimizer Options ------------------------------
Beta Type                        =              1  Initial Step                     =            0.1
Line Searcher                    =           None  Log Frequency                    =              1
Maximum Iterations               =           5000  Maximum Theta                    =          1e+10
Minimum Theta                    =          1e-10  RMS Gradient Tolerance           =            0.1
Steepest Descent Tolerance       =          0.001  Use Spectral Theta               =           True
----------------------------------------------------------------------------------------------------

----------------------------------------------------------------------------------------------------------------
  Iteration       Function          RMS Gradient        Max. |Grad.|          RMS Disp.         Max. |Disp.|
----------------------------------------------------------------------------------------------------------------
     0     I      -9504.49057421         36.49828738       1357.59188335          0.00201374          0.07490317
     1   L1s      -9539.65074158          3.05264109         72.77726743          0.00077592          0.01722162
     2   L1s      -9541.08090570          5.21451635        171.54214667          0.00038117          0.00906009
     3   L0s      -9542.38134461          1.94492338         52.20564182          0.00038117          0.01037131
     4   L1s      -9543.02632912          1.59210816         37.45803895          0.00030828          0.00811200
     5   L1s      -9543.16089820          1.52802493         33.23252404          0.00009422          0.00278182
     6   L1s      -9543.50699001          1.61722119         30.91072931          0.00030526          0.00923295
     7   L1s      -9543.62569813          1.09534094         23.32176080          0.00012088          0.00313930
     8   L1s      -9543.75335033          0.70657265         15.55425147          0.00016107          0.00380239
     9   L1s      -9543.82711443          0.63439559         15.85615842          0.00012564          0.00275357
    10   L1s      -9543.84431092          0.51041260         10.95091997          0.00003660          0.00068692
    11   L1s      -9543.88447630          0.43532964          9.89369806          0.00010673          0.00246671
    12   L1s      -9543.90599583          0.59430874         16.26909283          0.00006988          0.00149900
    13   L1s      -9543.93733574          0.50952695         11.40650743          0.00011035          0.00287591
    14   L0s      -9543.96729582          0.49383913         11.64444900          0.00011035          0.00294769
    15   L1s      -9543.98252205          0.52628434         12.52763221          0.00006156          0.00153831
    16   L1s      -9544.02799580          0.43802436          7.97787663          0.00020367          0.00492786
    17   L1s      -9544.06004493          0.41104243          8.56349058          0.00015539          0.00440470
    18   L1s      -9544.07263978          0.43902143         11.68629069          0.00006589          0.00166320
    19   L1s      -9544.09420085          0.35571964          6.00901397          0.00011984          0.00309947
    20   L1s      -9544.10903052          0.39005637         10.37695200          0.00008941          0.00231768
    21   L1s      -9544.11597484          0.27842487          4.49042083          0.00004415          0.00105630
    22   L1s      -9544.12697577          0.23369099          2.65705961          0.00007699          0.00170018
    23   L0s      -9544.13597217          0.28481260          7.41532860          0.00007699          0.00192716
    24   L1s      -9544.14018076          0.22666279          4.20904604          0.00003655          0.00071152
    25   L1s      -9544.14583274          0.16393162          3.02427104          0.00004762          0.00072372
    26   L1s      -9544.14863525          0.24061821          7.03987743          0.00002740          0.00041577
    27   L1s      -9544.15295286          0.17807782          3.54722476          0.00004464          0.00059566
    28   L0s      -9544.15697887          0.15418291          2.53449516          0.00004464          0.00049700
    29   L1s      -9544.15912068          0.18337507          5.43696079          0.00002623          0.00027955
    30   L1s      -9544.16222946          0.13414342          2.82030555          0.00004090          0.00040297
    31   L1s      -9544.16637221          0.17731539          4.00555207          0.00006000          0.00064473
    32   L1s      -9544.16784772          0.15013810          4.06505342          0.00002241          0.00022119
    33   L1s      -9544.17204555          0.16937993          3.12054584          0.00006766          0.00060845
    34   L1s      -9544.17442692          0.18765884          5.00717155          0.00004004          0.00045318
    35   L1s      -9544.17750367          0.14572859          2.79372780          0.00005341          0.00048635
    36   L1s      -9544.18219689          0.18710593          4.21224196          0.00008554          0.00078105
    37   L1s      -9544.18582518          0.22619822          5.31841149          0.00006797          0.00061150
    38   L1s      -9544.18860877          0.15828844          3.19958443          0.00005309          0.00045347
    39   L1s      -9544.19320400          0.24156182          6.70852718          0.00009073          0.00078189
    40   L1s      -9544.19634302          0.15868055          2.17714808          0.00006286          0.00055593
    41   L1s      -9544.20149147          0.14107400          1.48997902          0.00010635          0.00099991
    42   L1s      -9544.20474229          0.22148935          5.72256983          0.00006969          0.00067216
    43   L0s      -9544.20780088          0.18542016          2.73720488          0.00006969          0.00069425
    44   L1s      -9544.21145461          0.20067235          3.95825406          0.00008619          0.00087039
    45   L1s      -9544.21393450          0.18000711          3.54098262          0.00005718          0.00058122
    46   L1s      -9544.21801587          0.15436890          2.13164460          0.00009589          0.00096172
    47   L1s      -9544.22433863          0.18002507          2.65139722          0.00015225          0.00150663
    48   L1s      -9544.22860006          0.23137909          7.18830561          0.00010441          0.00102766
    49   L1s      -9544.23134011          0.18443438          2.77208981          0.00006782          0.00066351
    50   L1s      -9544.23718914          0.18709884          4.25320638          0.00014706          0.00142377
    51   L1s      -9544.23999587          0.19174060          4.72625305          0.00007163          0.00068432
    52   L0s      -9544.24291647          0.12462336          1.92382305          0.00007163          0.00064965
    53   L1s      -9544.24564163          0.12792748          2.38947627          0.00006448          0.00057492
    54   L1s      -9544.24781164          0.20549536          6.46959846          0.00005542          0.00049398
    55   L1s      -9544.25046996          0.13497168          1.69611033          0.00006870          0.00060926
    56   L0s      -9544.25283455          0.17640732          4.69879103          0.00006870          0.00060216
    57   L1s      -9544.25436986          0.12128386          2.00364453          0.00004344          0.00036126
    58   L1s      -9544.25645313          0.11054784          2.19399871          0.00005065          0.00039848
    59   L1s      -9544.25824360          0.14192809          3.53940594          0.00004545          0.00034865
    60   L1s      -9544.25949654          0.11439716          2.26324514          0.00003260          0.00024566
    61   L1s      -9544.26143346          0.09386374          1.32046826          0.00005224          0.00040178
----------------------------------------------------------------------------------------------------------------

Minimization converged.

-------------------  Conjugate Gradient Minimizer Statistics -------------------
Iterations             =             61  Function Calls         =            116
--------------------------------------------------------------------------------
