
#-----------------------------------------------------------------------------#
#                                                                             #
#                                EasyHybrid                                   #
#                   - A pDynamo graphical user interface -                    #
#                                                                             #
#-----------------------------------------------------------------------------#
#                                                                             #
#     Developed by Jose Fernando R Bachega and Luis Fernando S M Timmers      #
#                            <ferbachega@gmail.com>                           #
#                                                                             #
#             visit: https://sites.google.com/site/EasyHybrid/                #
#                   Univesity of Sao Paulo - SP, Brazil                       #
#      Pontifical Catholic University of Rio Grande do Sul - RS, Brazil       #
#                                                                             #
#                                                                             #
#   EasyHybrid team:                               Special thanks to:         #
#   - Jose Fernando R Bachega           |         - Fernando V Maluf          #
#   - Michele Silva                     |                                     #
#   - Luis Fernando S M Timmers         |                                     #
#   - Martin Field                      |         - Leonardo R Bachega        #
#   - Troy Wymore                       |         - Lucas Assirati            #
#   - Osmar Norberto de Souza           |         - Richard Garratt           #
#   - Walter R Paixao-Cortes            |                                     #
#                                                                             #
#   Cite this work as:                                                        #
#   J.F.R. Bachega, L.F.S.M. Timmers, L.Assirati, L.B. Bachega, M.J. Field,   #
#   T. Wymore. J. Comput. Chem. 2013, 34, 2190-2196. DOI: 10.1002/jcc.23346   #
#                                                                             #
#-----------------------------------------------------------------------------#

Generated on Wed Jun  5 17:26:33 2019


--------------------------------------------------------------------------------
                       Summary for System "Pruned System"
--------------------------------------------------------------------------------

---------------------------- Atom Container Summary ----------------------------
Number of Atoms        =           2173  Number of Heavy Atoms  =           1040
Number of Hydrogens    =           1133  Number of Unknowns     =              0
--------------------------------------------------------------------------------

----------------------------- Connectivity Summary -----------------------------
Atoms                  =           2173
--------------------------------------------------------------------------------

------------------------------- Electronic State -------------------------------
Charge                 =             -1  Multiplicity           =              1
--------------------------------------------------------------------------------

--------------------------------------------------------------------------------
                    Summary for Energy Model "AMBER/AM1/ABFS"
--------------------------------------------------------------------------------

----------------------------------- Summary for MM Model "AMBER" -----------------------------------
LJ 1-4 Scaling                   =          0.500  El. 1-4 Scaling                  =          0.833
Number of MM Atoms               =           2173  Number of MM Atom Types          =             37
Number of Inactive MM Atoms      =             33  Total MM Charge                  =          -4.00
Harmonic Bond Terms              =           2169  Harmonic Bond Parameters         =             49
Harmonic Bond Inactive           =           1308  Fourier Improper Terms           =            320
Fourier Improper Parameters      =              3  Fourier Improper Inactive        =            164
Harmonic Angle Terms             =           3403  Harmonic Angle Parameters        =            103
Harmonic Angle Inactive          =           1938  Fourier Dihedral Terms           =           6697
Fourier Dihedral Parameters      =             48  Fourier Dihedral Inactive        =           3453
Exclusions                       =          10377  1-4 Interactions                 =           4805
LJ Parameters Form               =          AMBER  LJ Parameters Types              =             21
1-4 Lennard-Jones Form           =          AMBER  1-4 Lennard-Jones Types          =             21
----------------------------------------------------------------------------------------------------

-------------------------- Summary for QC Model "AM1" --------------------------
Number of QC Atoms     =             39  Boundary Atoms         =              6
Nuclear Charge         =            129  Orbital Functions      =            108
Fitting Functions      =              0  Energy Base Line       =      188.36370
QC Parameter Centers   =              6
--------------------------------------------------------------------------------

----------------------------- ABFS NB Model Summary ----------------------------
Dielectric             =       1.000000  El. 1-4 Scaling        =       0.833333
Damping Cutoff         =       0.500000  Inner Cutoff           =       8.000000
List Cutoff            =      13.500000  Outer Cutoff           =      12.000000
QC/MM Coupling         =    RC Coupling  Use Centering          =          False
--------------------------------------------------------------------------------

-------------------------- Pairlist Generator Summary --------------------------
Cell Size              =          6.750  Cutoff                 =         13.500
Cutoff Cell Size Factor =          0.500  Grid Cell/Cell Method  =           True
Minimum Cell Extent    =              2  Minimum Cell Size      =          3.000
Minimum Extent Factor  =          1.500  Minimum Points         =            500
Sort Indices           =          False
--------------------------------------------------------------------------------

----------------------- SoftConstraint Container Summary -----------------------
Multiple Distance      =              2
--------------------------------------------------------------------------------

---------------------------- Hard Constraint Container Summary ---------------------------
Number of Charge Constraints  =            0  Number of Fixed Atoms         =         1351
------------------------------------------------------------------------------------------

------------------------------- Sequence Summary -------------------------------
Number of Atoms            =       2173  Number of Components       =        213
Number of Entities         =          1  Number of Linear Polymers  =          0
Number of Links            =          0  Number of Variants         =          0
--------------------------------------------------------------------------------

-------------------------------  Conjugate Gradient Minimizer Options ------------------------------
Beta Type                        =              1  Initial Step                     =            0.1
Line Searcher                    =           None  Log Frequency                    =              1
Maximum Iterations               =           5000  Maximum Theta                    =          1e+10
Minimum Theta                    =          1e-10  RMS Gradient Tolerance           =            0.1
Steepest Descent Tolerance       =          0.001  Use Spectral Theta               =           True
----------------------------------------------------------------------------------------------------

----------------------------------------------------------------------------------------------------------------
  Iteration       Function          RMS Gradient        Max. |Grad.|          RMS Disp.         Max. |Disp.|
----------------------------------------------------------------------------------------------------------------
     0     I      -9457.21321113         39.36580306       1508.33523765          0.00201374          0.07715822
     1   L1s      -9496.23859166          2.52840552         65.16023011          0.00080561          0.02072671
     2   L1s      -9496.46855776          1.57495983         39.47655030          0.00007382          0.00174103
     3   L1s      -9496.84935698          1.29158220         34.26946742          0.00023212          0.00574877
     4   L1s      -9497.18414403          0.74147060         13.17580439          0.00029059          0.00613521
     5   L1s      -9497.24000246          0.89849697         22.27563673          0.00007817          0.00143507
     6   L1s      -9497.28167074          0.47470186          7.99085863          0.00006935          0.00091612
     7   L1s      -9497.30690080          0.36384663          5.53933921          0.00006025          0.00099458
     8   L0s      -9497.32523341          0.58003583         15.11048897          0.00006025          0.00088882
     9   L1s      -9497.35344766          0.41400894          7.16238297          0.00010045          0.00150178
    10   L0s      -9497.37598147          0.35072298          5.69623349          0.00010045          0.00144886
    11   L0s      -9497.39550379          0.42674409         10.56260089          0.00010045          0.00134771
    12   L1s      -9497.40272897          0.25970807          3.07678133          0.00003768          0.00047303
    13   L1s      -9497.41747204          0.23598062          3.66518290          0.00008599          0.00099870
    14   L1s      -9497.42594488          0.28067176          6.41151819          0.00005732          0.00067691
    15   L1s      -9497.43143016          0.26564077          5.32991646          0.00004036          0.00049021
    16   L1s      -9497.43963460          0.21112047          3.00212416          0.00006536          0.00079634
    17   L1s      -9497.44902092          0.21241997          3.25355223          0.00008300          0.00096499
    18   L1s      -9497.45335081          0.30190095          7.47795121          0.00004170          0.00046476
    19   L1s      -9497.46119574          0.18357860          2.91376302          0.00007844          0.00087463
    20   L0s      -9497.46871922          0.17612312          2.88685867          0.00007844          0.00088608
    21   L1s      -9497.47262592          0.23377788          6.38240420          0.00004467          0.00050634
    22   L0s      -9497.47626877          0.16379543          2.03439377          0.00004467          0.00050422
    23   L1s      -9497.48269375          0.18422036          3.13527542          0.00008519          0.00094989
    24   L1s      -9497.48734023          0.25371918          7.14346439          0.00006482          0.00071395
    25   L1s      -9497.49090944          0.18783401          3.88423945          0.00005107          0.00055252
    26   L1s      -9497.49639224          0.16908158          3.28499518          0.00008196          0.00085485
    27   L0s      -9497.50116261          0.17477297          3.37947730          0.00008196          0.00082249
    28   L1s      -9497.50307761          0.18550529          4.27569661          0.00003364          0.00033247
    29   L1s      -9497.50808334          0.13300529          1.96030655          0.00008444          0.00085791
    30   L0s      -9497.51240404          0.21108077          4.83065789          0.00008444          0.00084032
    31   L1s      -9497.51485572          0.19260386          4.28402448          0.00004630          0.00044408
    32   L1s      -9497.51840289          0.14751882          3.38835002          0.00006273          0.00059926
    33   L1s      -9497.52108037          0.15193155          3.97243955          0.00004958          0.00049445
    34   L1s      -9497.52225605          0.11143270          1.34588295          0.00002266          0.00023793
    35   L1s      -9497.52574523          0.11391533          1.35238424          0.00007195          0.00069253
    36   L1s      -9497.52843753          0.15474762          4.29524273          0.00005873          0.00055558
    37   L1s      -9497.52977825          0.12771746          2.41683260          0.00003007          0.00025742
    38   L1s      -9497.53276964          0.12010617          1.46029280          0.00006972          0.00058950
    39   L1s      -9497.53521661          0.15658713          4.03878226          0.00005939          0.00053603
    40   L1s      -9497.53665848          0.14173647          3.06016171          0.00003578          0.00034247
    41   L1s      -9497.53917103          0.12225262          1.75046786          0.00006399          0.00053538
    42   L1s      -9497.54134095          0.17931058          5.53546784          0.00005712          0.00047661
    43   L0s      -9497.54350512          0.14027411          2.23661001          0.00005712          0.00047909
    44   L1s      -9497.54723702          0.11677061          1.39608101          0.00010015          0.00084760
    45   L1s      -9497.55015680          0.17351844          4.52296813          0.00008215          0.00069727
    46   L1s      -9497.55177296          0.12779735          2.03836818          0.00004610          0.00039257
    47   L1s      -9497.55489438          0.12584209          2.66502832          0.00009122          0.00076939
    48   L1s      -9497.55764452          0.14102020          2.42757424          0.00008230          0.00068315
    49   L1s      -9497.55948103          0.17447001          5.00833355          0.00005596          0.00045826
    50   L1s      -9497.56235139          0.13672330          2.30096900          0.00008847          0.00070285
    51   L1s      -9497.56648389          0.14719296          3.07980967          0.00012973          0.00099473
    52   L1s      -9497.56820641          0.17506588          4.93988007          0.00005490          0.00041049
    53   L1s      -9497.57078710          0.12653517          1.68827370          0.00008312          0.00060660
    54   L1s      -9497.57447158          0.21457692          7.22562320          0.00012098          0.00088668
    55   L1s      -9497.57685421          0.13949478          2.27758945          0.00007875          0.00058234
    56   L1s      -9497.58110510          0.12548552          1.89851267          0.00014268          0.00106270
    57   L1s      -9497.58406699          0.18443163          4.29378724          0.00010123          0.00075246
    58   L1s      -9497.58619761          0.15210032          2.87072511          0.00007342          0.00054306
    59   L1s      -9497.58920513          0.13712247          3.07852089          0.00010487          0.00078908
    60   L1s      -9497.59263541          0.12142760          1.96978190          0.00012138          0.00091512
    61   L1s      -9497.59418881          0.17201699          5.32682633          0.00005594          0.00042195
    62   L1s      -9497.59684582          0.09840467          0.92049960          0.00009650          0.00073363
----------------------------------------------------------------------------------------------------------------

Minimization converged.

-------------------  Conjugate Gradient Minimizer Statistics -------------------
Iterations             =             62  Function Calls         =            117
--------------------------------------------------------------------------------
