
#-----------------------------------------------------------------------------#
#                                                                             #
#                                EasyHybrid                                   #
#                   - A pDynamo graphical user interface -                    #
#                                                                             #
#-----------------------------------------------------------------------------#
#                                                                             #
#     Developed by Jose Fernando R Bachega and Luis Fernando S M Timmers      #
#                            <ferbachega@gmail.com>                           #
#                                                                             #
#             visit: https://sites.google.com/site/EasyHybrid/                #
#                   Univesity of Sao Paulo - SP, Brazil                       #
#      Pontifical Catholic University of Rio Grande do Sul - RS, Brazil       #
#                                                                             #
#                                                                             #
#   EasyHybrid team:                               Special thanks to:         #
#   - Jose Fernando R Bachega           |         - Fernando V Maluf          #
#   - Michele Silva                     |                                     #
#   - Luis Fernando S M Timmers         |                                     #
#   - Martin Field                      |         - Leonardo R Bachega        #
#   - Troy Wymore                       |         - Lucas Assirati            #
#   - Osmar Norberto de Souza           |         - Richard Garratt           #
#   - Walter R Paixao-Cortes            |                                     #
#                                                                             #
#   Cite this work as:                                                        #
#   J.F.R. Bachega, L.F.S.M. Timmers, L.Assirati, L.B. Bachega, M.J. Field,   #
#   T. Wymore. J. Comput. Chem. 2013, 34, 2190-2196. DOI: 10.1002/jcc.23346   #
#                                                                             #
#-----------------------------------------------------------------------------#

Generated on Wed Jun  5 17:27:33 2019


--------------------------------------------------------------------------------
                       Summary for System "Pruned System"
--------------------------------------------------------------------------------

---------------------------- Atom Container Summary ----------------------------
Number of Atoms        =           2173  Number of Heavy Atoms  =           1040
Number of Hydrogens    =           1133  Number of Unknowns     =              0
--------------------------------------------------------------------------------

----------------------------- Connectivity Summary -----------------------------
Atoms                  =           2173
--------------------------------------------------------------------------------

------------------------------- Electronic State -------------------------------
Charge                 =             -1  Multiplicity           =              1
--------------------------------------------------------------------------------

--------------------------------------------------------------------------------
                    Summary for Energy Model "AMBER/AM1/ABFS"
--------------------------------------------------------------------------------

----------------------------------- Summary for MM Model "AMBER" -----------------------------------
LJ 1-4 Scaling                   =          0.500  El. 1-4 Scaling                  =          0.833
Number of MM Atoms               =           2173  Number of MM Atom Types          =             37
Number of Inactive MM Atoms      =             33  Total MM Charge                  =          -4.00
Harmonic Bond Terms              =           2169  Harmonic Bond Parameters         =             49
Harmonic Bond Inactive           =           1308  Fourier Improper Terms           =            320
Fourier Improper Parameters      =              3  Fourier Improper Inactive        =            164
Harmonic Angle Terms             =           3403  Harmonic Angle Parameters        =            103
Harmonic Angle Inactive          =           1938  Fourier Dihedral Terms           =           6697
Fourier Dihedral Parameters      =             48  Fourier Dihedral Inactive        =           3453
Exclusions                       =          10377  1-4 Interactions                 =           4805
LJ Parameters Form               =          AMBER  LJ Parameters Types              =             21
1-4 Lennard-Jones Form           =          AMBER  1-4 Lennard-Jones Types          =             21
----------------------------------------------------------------------------------------------------

-------------------------- Summary for QC Model "AM1" --------------------------
Number of QC Atoms     =             39  Boundary Atoms         =              6
Nuclear Charge         =            129  Orbital Functions      =            108
Fitting Functions      =              0  Energy Base Line       =      188.36370
QC Parameter Centers   =              6
--------------------------------------------------------------------------------

----------------------------- ABFS NB Model Summary ----------------------------
Dielectric             =       1.000000  El. 1-4 Scaling        =       0.833333
Damping Cutoff         =       0.500000  Inner Cutoff           =       8.000000
List Cutoff            =      13.500000  Outer Cutoff           =      12.000000
QC/MM Coupling         =    RC Coupling  Use Centering          =          False
--------------------------------------------------------------------------------

-------------------------- Pairlist Generator Summary --------------------------
Cell Size              =          6.750  Cutoff                 =         13.500
Cutoff Cell Size Factor =          0.500  Grid Cell/Cell Method  =           True
Minimum Cell Extent    =              2  Minimum Cell Size      =          3.000
Minimum Extent Factor  =          1.500  Minimum Points         =            500
Sort Indices           =          False
--------------------------------------------------------------------------------

----------------------- SoftConstraint Container Summary -----------------------
Multiple Distance      =              2
--------------------------------------------------------------------------------

---------------------------- Hard Constraint Container Summary ---------------------------
Number of Charge Constraints  =            0  Number of Fixed Atoms         =         1351
------------------------------------------------------------------------------------------

------------------------------- Sequence Summary -------------------------------
Number of Atoms            =       2173  Number of Components       =        213
Number of Entities         =          1  Number of Linear Polymers  =          0
Number of Links            =          0  Number of Variants         =          0
--------------------------------------------------------------------------------

-------------------------------  Conjugate Gradient Minimizer Options ------------------------------
Beta Type                        =              1  Initial Step                     =            0.1
Line Searcher                    =           None  Log Frequency                    =              1
Maximum Iterations               =           5000  Maximum Theta                    =          1e+10
Minimum Theta                    =          1e-10  RMS Gradient Tolerance           =            0.1
Steepest Descent Tolerance       =          0.001  Use Spectral Theta               =           True
----------------------------------------------------------------------------------------------------

----------------------------------------------------------------------------------------------------------------
  Iteration       Function          RMS Gradient        Max. |Grad.|          RMS Disp.         Max. |Disp.|
----------------------------------------------------------------------------------------------------------------
     0     I      -9478.11719389         39.40818076       1488.78939964          0.00201374          0.07607647
     1   L1s      -9516.93803164          3.08557487         90.67789249          0.00079493          0.02322392
     2   L1s      -9517.26084283          1.85887640         51.44729215          0.00008513          0.00266512
     3   L1s      -9517.92136911          1.29785672         33.64154780          0.00033743          0.00817773
     4   L1s      -9518.17647965          0.73981032         15.21614016          0.00020484          0.00419502
     5   L1s      -9518.28951026          0.72525417         16.06387885          0.00015353          0.00311135
     6   L1s      -9518.35263095          0.79480408         22.38385479          0.00011119          0.00203028
     7   L1s      -9518.38202656          0.56123497         10.93908690          0.00005992          0.00097683
     8   L1s      -9518.42966401          0.53103671         11.75935879          0.00011906          0.00199614
     9   L1s      -9518.45098445          0.51689196         13.37514137          0.00006246          0.00107807
    10   L0s      -9518.46991779          0.36484292          6.74397787          0.00006246          0.00102534
    11   L1s      -9518.50336515          0.31597260          4.86271308          0.00013269          0.00199465
    12   L1s      -9518.52456247          0.34638430          8.07641633          0.00010020          0.00136741
    13   L1s      -9518.53056513          0.30702850          5.50833520          0.00003167          0.00042134
    14   L1s      -9518.54298444          0.27929096          5.69622644          0.00007327          0.00099446
    15   L0s      -9518.55344933          0.47446364         10.91178425          0.00007327          0.00108636
    16   L1s      -9518.56961526          0.29518165          3.89555788          0.00011162          0.00180207
    17   L0s      -9518.58536860          0.32634754          6.10915252          0.00011162          0.00184794
    18   L1s      -9518.59711553          0.38848063          8.65917778          0.00008625          0.00157611
    19   L1s      -9518.60552378          0.25048767          4.01313347          0.00006162          0.00113798
    20   L1s      -9518.61539157          0.27667180          4.71960332          0.00007903          0.00138098
    21   L1s      -9518.62091924          0.33091279          8.27279421          0.00004713          0.00089950
    22   L1s      -9518.63351148          0.25178934          2.93396521          0.00011174          0.00210109
    23   L1s      -9518.64957012          0.31389073          7.13944043          0.00015171          0.00260968
    24   L1s      -9518.65482531          0.25864847          5.17847586          0.00005149          0.00092500
    25   L1s      -9518.66432748          0.23396611          4.64164237          0.00009772          0.00166316
    26   L0s      -9518.67251297          0.21521020          3.07989603          0.00009772          0.00153808
    27   L1s      -9518.67771046          0.26925851          7.24631894          0.00006529          0.00103703
    28   L1s      -9518.68185686          0.18528275          3.12068201          0.00005085          0.00073812
    29   L1s      -9518.68726154          0.21647569          5.58603202          0.00007041          0.00087588
    30   L1s      -9518.68965492          0.18424980          3.70321912          0.00003244          0.00042643
    31   L1s      -9518.69615813          0.17841182          3.64537227          0.00009265          0.00114573
    32   L0s      -9518.70244324          0.15163482          2.00048732          0.00009265          0.00098520
    33   L1s      -9518.70476961          0.19937173          6.37756575          0.00003635          0.00038121
    34   L1s      -9518.70797819          0.17465557          3.20972011          0.00005222          0.00053558
    35   L1s      -9518.71249850          0.22450428          6.43148107          0.00007652          0.00072770
    36   L1s      -9518.71537289          0.19042950          3.66091424          0.00004975          0.00050578
    37   L1s      -9518.72059291          0.15413173          2.39828209          0.00009307          0.00092949
    38   L0s      -9518.72605451          0.15170306          2.25543965          0.00009307          0.00086078
    39   L1s      -9518.72945778          0.22558014          6.68810607          0.00006095          0.00059466
    40   L0s      -9518.73243968          0.15800936          3.14129153          0.00006095          0.00058518
    41   L1s      -9518.73575950          0.20170963          5.36540968          0.00007454          0.00073044
    42   L1s      -9518.73803987          0.15782002          3.13163400          0.00004985          0.00052496
    43   L1s      -9518.74104656          0.13328411          1.62545203          0.00006752          0.00076876
    44   L1s      -9518.74458802          0.15425231          3.18769144          0.00008244          0.00097724
    45   L1s      -9518.74634555          0.16593034          3.72215509          0.00004193          0.00051091
    46   L1s      -9518.74988101          0.13209454          1.61169369          0.00008608          0.00107381
    47   L0s      -9518.75309772          0.18253654          5.06817775          0.00008608          0.00107156
    48   L1s      -9518.75451500          0.12952509          2.50219740          0.00003727          0.00045250
    49   L1s      -9518.75649379          0.12066082          2.19671193          0.00004755          0.00055041
    50   L1s      -9518.75789905          0.14509586          4.11463270          0.00003506          0.00038957
    51   L1s      -9518.75967293          0.12208403          1.77485268          0.00004536          0.00047003
    52   L1s      -9518.76275935          0.11751918          1.41756927          0.00008156          0.00084987
    53   L1s      -9518.76460192          0.17786409          5.59143334          0.00005032          0.00052889
    54   L0s      -9518.76639574          0.11404652          1.45957555          0.00005032          0.00053578
    55   L1s      -9518.76839544          0.14627286          3.66178600          0.00005884          0.00062355
    56   L1s      -9518.76979173          0.13064348          3.26227856          0.00004151          0.00043359
    57   L1s      -9518.77203521          0.11114549          1.89686881          0.00006812          0.00069042
    58   L0s      -9518.77405794          0.11555675          1.67964448          0.00006812          0.00066763
    59   L1s      -9518.77522408          0.14312034          3.99533798          0.00003974          0.00037776
    60   L1s      -9518.77677356          0.09309732          1.20760829          0.00005116          0.00044264
----------------------------------------------------------------------------------------------------------------

Minimization converged.

-------------------  Conjugate Gradient Minimizer Statistics -------------------
Iterations             =             60  Function Calls         =            111
--------------------------------------------------------------------------------
