
#-----------------------------------------------------------------------------#
#                                                                             #
#                                EasyHybrid                                   #
#                   - A pDynamo graphical user interface -                    #
#                                                                             #
#-----------------------------------------------------------------------------#
#                                                                             #
#     Developed by Jose Fernando R Bachega and Luis Fernando S M Timmers      #
#                            <ferbachega@gmail.com>                           #
#                                                                             #
#             visit: https://sites.google.com/site/EasyHybrid/                #
#                   Univesity of Sao Paulo - SP, Brazil                       #
#      Pontifical Catholic University of Rio Grande do Sul - RS, Brazil       #
#                                                                             #
#                                                                             #
#   EasyHybrid team:                               Special thanks to:         #
#   - Jose Fernando R Bachega           |         - Fernando V Maluf          #
#   - Michele Silva                     |                                     #
#   - Luis Fernando S M Timmers         |                                     #
#   - Martin Field                      |         - Leonardo R Bachega        #
#   - Troy Wymore                       |         - Lucas Assirati            #
#   - Osmar Norberto de Souza           |         - Richard Garratt           #
#   - Walter R Paixao-Cortes            |                                     #
#                                                                             #
#   Cite this work as:                                                        #
#   J.F.R. Bachega, L.F.S.M. Timmers, L.Assirati, L.B. Bachega, M.J. Field,   #
#   T. Wymore. J. Comput. Chem. 2013, 34, 2190-2196. DOI: 10.1002/jcc.23346   #
#                                                                             #
#-----------------------------------------------------------------------------#

Generated on Wed Jun  5 17:27:45 2019


--------------------------------------------------------------------------------
                       Summary for System "Pruned System"
--------------------------------------------------------------------------------

---------------------------- Atom Container Summary ----------------------------
Number of Atoms        =           2173  Number of Heavy Atoms  =           1040
Number of Hydrogens    =           1133  Number of Unknowns     =              0
--------------------------------------------------------------------------------

----------------------------- Connectivity Summary -----------------------------
Atoms                  =           2173
--------------------------------------------------------------------------------

------------------------------- Electronic State -------------------------------
Charge                 =             -1  Multiplicity           =              1
--------------------------------------------------------------------------------

--------------------------------------------------------------------------------
                    Summary for Energy Model "AMBER/AM1/ABFS"
--------------------------------------------------------------------------------

----------------------------------- Summary for MM Model "AMBER" -----------------------------------
LJ 1-4 Scaling                   =          0.500  El. 1-4 Scaling                  =          0.833
Number of MM Atoms               =           2173  Number of MM Atom Types          =             37
Number of Inactive MM Atoms      =             33  Total MM Charge                  =          -4.00
Harmonic Bond Terms              =           2169  Harmonic Bond Parameters         =             49
Harmonic Bond Inactive           =           1308  Fourier Improper Terms           =            320
Fourier Improper Parameters      =              3  Fourier Improper Inactive        =            164
Harmonic Angle Terms             =           3403  Harmonic Angle Parameters        =            103
Harmonic Angle Inactive          =           1938  Fourier Dihedral Terms           =           6697
Fourier Dihedral Parameters      =             48  Fourier Dihedral Inactive        =           3453
Exclusions                       =          10377  1-4 Interactions                 =           4805
LJ Parameters Form               =          AMBER  LJ Parameters Types              =             21
1-4 Lennard-Jones Form           =          AMBER  1-4 Lennard-Jones Types          =             21
----------------------------------------------------------------------------------------------------

-------------------------- Summary for QC Model "AM1" --------------------------
Number of QC Atoms     =             39  Boundary Atoms         =              6
Nuclear Charge         =            129  Orbital Functions      =            108
Fitting Functions      =              0  Energy Base Line       =      188.36370
QC Parameter Centers   =              6
--------------------------------------------------------------------------------

----------------------------- ABFS NB Model Summary ----------------------------
Dielectric             =       1.000000  El. 1-4 Scaling        =       0.833333
Damping Cutoff         =       0.500000  Inner Cutoff           =       8.000000
List Cutoff            =      13.500000  Outer Cutoff           =      12.000000
QC/MM Coupling         =    RC Coupling  Use Centering          =          False
--------------------------------------------------------------------------------

-------------------------- Pairlist Generator Summary --------------------------
Cell Size              =          6.750  Cutoff                 =         13.500
Cutoff Cell Size Factor =          0.500  Grid Cell/Cell Method  =           True
Minimum Cell Extent    =              2  Minimum Cell Size      =          3.000
Minimum Extent Factor  =          1.500  Minimum Points         =            500
Sort Indices           =          False
--------------------------------------------------------------------------------

----------------------- SoftConstraint Container Summary -----------------------
Multiple Distance      =              2
--------------------------------------------------------------------------------

---------------------------- Hard Constraint Container Summary ---------------------------
Number of Charge Constraints  =            0  Number of Fixed Atoms         =         1351
------------------------------------------------------------------------------------------

------------------------------- Sequence Summary -------------------------------
Number of Atoms            =       2173  Number of Components       =        213
Number of Entities         =          1  Number of Linear Polymers  =          0
Number of Links            =          0  Number of Variants         =          0
--------------------------------------------------------------------------------

-------------------------------  Conjugate Gradient Minimizer Options ------------------------------
Beta Type                        =              1  Initial Step                     =            0.1
Line Searcher                    =           None  Log Frequency                    =              1
Maximum Iterations               =           5000  Maximum Theta                    =          1e+10
Minimum Theta                    =          1e-10  RMS Gradient Tolerance           =            0.1
Steepest Descent Tolerance       =          0.001  Use Spectral Theta               =           True
----------------------------------------------------------------------------------------------------

----------------------------------------------------------------------------------------------------------------
  Iteration       Function          RMS Gradient        Max. |Grad.|          RMS Disp.         Max. |Disp.|
----------------------------------------------------------------------------------------------------------------
     0     I      -9410.95078787         39.30504107       1485.10099739          0.00201374          0.07608713
     1   L1s      -9449.35619015          2.60826487         69.41478027          0.00078608          0.01982357
     2   L1s      -9449.75137637          2.72887538         73.50484665          0.00012290          0.00422403
     3   L1s      -9450.66768368          1.54565442         41.87174894          0.00039405          0.01042238
     4   L1s      -9451.02514195          0.86988308         21.52778421          0.00024080          0.00488959
     5   L0s      -9451.22126722          1.42955810         40.19920896          0.00024080          0.00495858
     6   L1s      -9451.31382501          1.07727759         18.68370523          0.00011959          0.00280440
     7   L1s      -9451.43665881          0.73811126         16.52809489          0.00017231          0.00300756
     8   L0s      -9451.52628983          1.01596150         30.28735242          0.00017231          0.00285738
     9   L1s      -9451.56595626          0.48906613          8.53525408          0.00007896          0.00105223
    10   L1s      -9451.59745513          0.47951240         13.23542116          0.00006912          0.00104802
    11   L1s      -9451.63073512          0.62616556         19.35069465          0.00009217          0.00148570
    12   L1s      -9451.64889652          0.37393289          5.77248890          0.00005551          0.00074140
    13   L1s      -9451.67395601          0.34458430          7.13289453          0.00009380          0.00133912
    14   L1s      -9451.68370988          0.43535178         10.95437954          0.00004314          0.00064468
    15   L1s      -9451.70375435          0.29976121          5.36156340          0.00009620          0.00150326
    16   L1s      -9451.72608242          0.34226577          5.75901585          0.00012281          0.00190207
    17   L1s      -9451.73428074          0.39483666         11.74780155          0.00004911          0.00076536
    18   L1s      -9451.75326952          0.32259822          5.58545688          0.00012025          0.00191743
    19   L1s      -9451.76554999          0.35605978         11.61111109          0.00008361          0.00156171
    20   L1s      -9451.77287646          0.31351007          5.48676557          0.00005259          0.00095289
    21   L1s      -9451.79302318          0.31652931          4.95182521          0.00015373          0.00288222
    22   L1s      -9451.80851885          0.34626764          7.47856881          0.00012473          0.00257412
    23   L1s      -9451.81666725          0.37261817         10.78140182          0.00006833          0.00133322
    24   L1s      -9451.83479015          0.28482533          5.12243074          0.00015705          0.00306906
    25   L1s      -9451.84590848          0.40136419         12.97843398          0.00010138          0.00199765
    26   L1s      -9451.85430945          0.24710353          4.15131252          0.00007845          0.00150386
    27   L1s      -9451.86798274          0.25966158          5.49362987          0.00013515          0.00243238
    28   L1s      -9451.87468883          0.26585074          5.90714690          0.00006949          0.00130202
    29   L1s      -9451.87899731          0.23205367          3.55420554          0.00004655          0.00081149
    30   L1s      -9451.88934104          0.20944636          2.66516325          0.00011750          0.00210118
    31   L1s      -9451.89461174          0.32801136         10.68416561          0.00006320          0.00113377
    32   L1s      -9451.90218830          0.17813469          2.03282972          0.00009276          0.00162476
    33   L0s      -9451.90886908          0.22092277          4.26119749          0.00009276          0.00179308
    34   L1s      -9451.91200964          0.23774539          4.87917317          0.00004405          0.00080781
    35   L1s      -9451.91914816          0.19600793          2.79470470          0.00009868          0.00188946
    36   L1s      -9451.92725392          0.24635820          5.80219306          0.00011719          0.00230854
    37   L1s      -9451.93076925          0.23352221          6.21634536          0.00005210          0.00102458
    38   L1s      -9451.93761851          0.22019885          5.80898607          0.00010430          0.00201271
    39   L0s      -9451.94456825          0.23618337          6.64774015          0.00010430          0.00215067
    40   L1s      -9451.94797072          0.21744878          4.60304641          0.00005275          0.00100985
    41   L1s      -9451.95672356          0.18061236          2.80106329          0.00014635          0.00270603
    42   L1s      -9451.96267166          0.17702216          3.42497873          0.00010336          0.00193806
    43   L1s      -9451.96529273          0.22919574          6.59797496          0.00004702          0.00078627
    44   L1s      -9451.97072901          0.17462907          2.19617373          0.00009946          0.00157493
    45   L0s      -9451.97560793          0.24897738          6.98362183          0.00009946          0.00158321
    46   L1s      -9451.97871869          0.19367817          3.09803491          0.00006174          0.00090252
    47   L1s      -9451.98400888          0.17208592          4.67008759          0.00009591          0.00137340
    48   L1s      -9451.98802878          0.16463099          3.29702993          0.00007538          0.00104510
    49   L1s      -9451.98970817          0.16965235          4.57542273          0.00003254          0.00047200
    50   L1s      -9451.99376998          0.14082863          1.66513074          0.00008109          0.00125473
    51   L1s      -9451.99670410          0.23624718          8.36923300          0.00006097          0.00088016
    52   L1s      -9452.00033487          0.14086347          1.66096501          0.00007648          0.00115978
    53   L1s      -9452.00525887          0.15884721          2.44019687          0.00010753          0.00170791
    54   L1s      -9452.00768888          0.20499843          6.26768569          0.00005451          0.00079813
    55   L1s      -9452.01078585          0.14799462          2.51940582          0.00007054          0.00103380
    56   L0s      -9452.01388138          0.14893790          3.11525146          0.00007054          0.00100858
    57   L1s      -9452.01554670          0.16992158          4.23368302          0.00003908          0.00051128
    58   L1s      -9452.01868474          0.12386062          1.87644786          0.00007669          0.00088882
    59   L0s      -9452.02180573          0.13275925          2.43878903          0.00007669          0.00083596
    60   L1s      -9452.02327075          0.15983880          4.26760845          0.00003728          0.00040895
    61   L1s      -9452.02556722          0.12222948          1.75838183          0.00006074          0.00068629
    62   L1s      -9452.02826992          0.16631644          4.72134825          0.00007371          0.00083230
    63   L1s      -9452.02978211          0.13859302          3.08934613          0.00004189          0.00046793
    64   L1s      -9452.03259297          0.13094300          2.49780895          0.00007958          0.00086784
    65   L0s      -9452.03558525          0.13143818          2.84037586          0.00007958          0.00083808
    66   L1s      -9452.03697377          0.15752379          4.73111543          0.00003806          0.00039078
    67   L1s      -9452.03999377          0.10817367          1.45110239          0.00008927          0.00085005
    68   L1s      -9452.04167412          0.17271984          5.67535973          0.00005117          0.00046833
    69   L1s      -9452.04360150          0.12036444          1.96551451          0.00005939          0.00054331
    70   L1s      -9452.04573942          0.11379337          2.03575254          0.00006744          0.00063188
    71   L0s      -9452.04786254          0.12168215          2.65182045          0.00006744          0.00064154
    72   L1s      -9452.04886940          0.13325201          3.32109949          0.00003278          0.00031560
    73   L1s      -9452.05129519          0.10300248          1.31650778          0.00008145          0.00079991
    74   L1s      -9452.05265643          0.15789006          4.91039354          0.00004693          0.00046509
    75   L1s      -9452.05434073          0.10107546          1.37172267          0.00005871          0.00059612
    76   L0s      -9452.05584065          0.09947604          2.05055706          0.00005871          0.00061379
----------------------------------------------------------------------------------------------------------------

Minimization converged.

-------------------  Conjugate Gradient Minimizer Statistics -------------------
Iterations             =             76  Function Calls         =            143
--------------------------------------------------------------------------------
