
#-----------------------------------------------------------------------------#
#                                                                             #
#                                EasyHybrid                                   #
#                   - A pDynamo graphical user interface -                    #
#                                                                             #
#-----------------------------------------------------------------------------#
#                                                                             #
#     Developed by Jose Fernando R Bachega and Luis Fernando S M Timmers      #
#                            <ferbachega@gmail.com>                           #
#                                                                             #
#             visit: https://sites.google.com/site/EasyHybrid/                #
#                   Univesity of Sao Paulo - SP, Brazil                       #
#      Pontifical Catholic University of Rio Grande do Sul - RS, Brazil       #
#                                                                             #
#                                                                             #
#   EasyHybrid team:                               Special thanks to:         #
#   - Jose Fernando R Bachega           |         - Fernando V Maluf          #
#   - Michele Silva                     |                                     #
#   - Luis Fernando S M Timmers         |                                     #
#   - Martin Field                      |         - Leonardo R Bachega        #
#   - Troy Wymore                       |         - Lucas Assirati            #
#   - Osmar Norberto de Souza           |         - Richard Garratt           #
#   - Walter R Paixao-Cortes            |                                     #
#                                                                             #
#   Cite this work as:                                                        #
#   J.F.R. Bachega, L.F.S.M. Timmers, L.Assirati, L.B. Bachega, M.J. Field,   #
#   T. Wymore. J. Comput. Chem. 2013, 34, 2190-2196. DOI: 10.1002/jcc.23346   #
#                                                                             #
#-----------------------------------------------------------------------------#

Generated on Wed Jun  5 17:23:47 2019


--------------------------------------------------------------------------------
                       Summary for System "Pruned System"
--------------------------------------------------------------------------------

---------------------------- Atom Container Summary ----------------------------
Number of Atoms        =           2173  Number of Heavy Atoms  =           1040
Number of Hydrogens    =           1133  Number of Unknowns     =              0
--------------------------------------------------------------------------------

----------------------------- Connectivity Summary -----------------------------
Atoms                  =           2173
--------------------------------------------------------------------------------

------------------------------- Electronic State -------------------------------
Charge                 =             -1  Multiplicity           =              1
--------------------------------------------------------------------------------

--------------------------------------------------------------------------------
                    Summary for Energy Model "AMBER/AM1/ABFS"
--------------------------------------------------------------------------------

----------------------------------- Summary for MM Model "AMBER" -----------------------------------
LJ 1-4 Scaling                   =          0.500  El. 1-4 Scaling                  =          0.833
Number of MM Atoms               =           2173  Number of MM Atom Types          =             37
Number of Inactive MM Atoms      =             33  Total MM Charge                  =          -4.00
Harmonic Bond Terms              =           2169  Harmonic Bond Parameters         =             49
Harmonic Bond Inactive           =           1308  Fourier Improper Terms           =            320
Fourier Improper Parameters      =              3  Fourier Improper Inactive        =            164
Harmonic Angle Terms             =           3403  Harmonic Angle Parameters        =            103
Harmonic Angle Inactive          =           1938  Fourier Dihedral Terms           =           6697
Fourier Dihedral Parameters      =             48  Fourier Dihedral Inactive        =           3453
Exclusions                       =          10377  1-4 Interactions                 =           4805
LJ Parameters Form               =          AMBER  LJ Parameters Types              =             21
1-4 Lennard-Jones Form           =          AMBER  1-4 Lennard-Jones Types          =             21
----------------------------------------------------------------------------------------------------

-------------------------- Summary for QC Model "AM1" --------------------------
Number of QC Atoms     =             39  Boundary Atoms         =              6
Nuclear Charge         =            129  Orbital Functions      =            108
Fitting Functions      =              0  Energy Base Line       =      188.36370
QC Parameter Centers   =              6
--------------------------------------------------------------------------------

----------------------------- ABFS NB Model Summary ----------------------------
Dielectric             =       1.000000  El. 1-4 Scaling        =       0.833333
Damping Cutoff         =       0.500000  Inner Cutoff           =       8.000000
List Cutoff            =      13.500000  Outer Cutoff           =      12.000000
QC/MM Coupling         =    RC Coupling  Use Centering          =          False
--------------------------------------------------------------------------------

-------------------------- Pairlist Generator Summary --------------------------
Cell Size              =          6.750  Cutoff                 =         13.500
Cutoff Cell Size Factor =          0.500  Grid Cell/Cell Method  =           True
Minimum Cell Extent    =              2  Minimum Cell Size      =          3.000
Minimum Extent Factor  =          1.500  Minimum Points         =            500
Sort Indices           =          False
--------------------------------------------------------------------------------

----------------------- SoftConstraint Container Summary -----------------------
Multiple Distance      =              2
--------------------------------------------------------------------------------

---------------------------- Hard Constraint Container Summary ---------------------------
Number of Charge Constraints  =            0  Number of Fixed Atoms         =         1351
------------------------------------------------------------------------------------------

------------------------------- Sequence Summary -------------------------------
Number of Atoms            =       2173  Number of Components       =        213
Number of Entities         =          1  Number of Linear Polymers  =          0
Number of Links            =          0  Number of Variants         =          0
--------------------------------------------------------------------------------

-------------------------------  Conjugate Gradient Minimizer Options ------------------------------
Beta Type                        =              1  Initial Step                     =            0.1
Line Searcher                    =           None  Log Frequency                    =              1
Maximum Iterations               =           5000  Maximum Theta                    =          1e+10
Minimum Theta                    =          1e-10  RMS Gradient Tolerance           =            0.1
Steepest Descent Tolerance       =          0.001  Use Spectral Theta               =           True
----------------------------------------------------------------------------------------------------

----------------------------------------------------------------------------------------------------------------
  Iteration       Function          RMS Gradient        Max. |Grad.|          RMS Disp.         Max. |Disp.|
----------------------------------------------------------------------------------------------------------------
     0     I      -9524.00131399         38.62310439       1505.64906025          0.00201374          0.07850188
     1   L1s      -9559.43104280          4.54621448        120.83426711          0.00074672          0.01971788
     2   L1s      -9560.13202778          2.81422652         70.45805726          0.00012567          0.00379393
     3   L1s      -9562.12034160          2.10984484         52.57791191          0.00062834          0.02010128
     4   L1s      -9562.66442535          1.60082742         29.28257797          0.00027067          0.00534403
     5   L1s      -9562.78674397          1.48370720         26.37378226          0.00008957          0.00198011
     6   L1s      -9563.04388495          1.04860563         19.22718534          0.00023509          0.00453185
     7   L1s      -9563.27086416          1.61706368         47.77383935          0.00027062          0.00575324
     8   L1s      -9563.39875549          0.97415530         18.31611552          0.00016527          0.00385048
     9   L0s      -9563.50696243          0.89260594         32.70585258          0.00016527          0.00386939
    10   L1s      -9563.53408722          0.45201027          9.01696866          0.00004812          0.00070679
    11   L1s      -9563.58441686          0.43763711          6.78079818          0.00012917          0.00225584
    12   L1s      -9563.62071187          0.52390279         15.26295700          0.00011493          0.00236795
    13   L1s      -9563.63386057          0.42003990          9.75828243          0.00004633          0.00092337
    14   L1s      -9563.64983036          0.35644095          6.23485220          0.00006418          0.00132667
    15   L1s      -9563.65970036          0.42459914         11.05279217          0.00004557          0.00095026
    16   L1s      -9563.68039871          0.30294948          5.05316592          0.00010343          0.00207404
    17   L1s      -9563.69501428          0.26165100          3.61614291          0.00008293          0.00155330
    18   L1s      -9563.70113225          0.34753446          8.38488406          0.00003956          0.00071236
    19   L1s      -9563.70849771          0.22614511          3.51655724          0.00005063          0.00082443
    20   L1s      -9563.71887926          0.26166499          5.37652834          0.00008055          0.00121776
    21   L1s      -9563.72255593          0.22141657          5.26946664          0.00003071          0.00042147
    22   L1s      -9563.73125188          0.16166362          2.61036020          0.00007929          0.00141624
    23   L1s      -9563.73382289          0.26182679          6.51613975          0.00002672          0.00039679
    24   L1s      -9563.74032349          0.17436865          2.70588988          0.00007051          0.00108785
    25   L1s      -9563.74471302          0.15623247          2.54692465          0.00005182          0.00089154
    26   L1s      -9563.74800841          0.24433545          7.47193801          0.00004249          0.00061766
    27   L1s      -9563.75249109          0.17049631          3.52461244          0.00005968          0.00082557
    28   L1s      -9563.75533820          0.20138714          5.21198208          0.00004026          0.00047525
    29   L1s      -9563.75753726          0.16450775          3.37327489          0.00003233          0.00042314
    30   L1s      -9563.76275333          0.14676865          1.81403753          0.00008090          0.00107344
    31   L1s      -9563.76720888          0.17046280          3.77048072          0.00007340          0.00098424
    32   L1s      -9563.76930105          0.20711522          5.32787825          0.00003587          0.00053019
    33   L1s      -9563.77338766          0.15356404          3.50177449          0.00007187          0.00110189
    34   L1s      -9563.77503746          0.18112825          5.45383348          0.00003031          0.00048334
    35   L1s      -9563.77998568          0.14631483          1.80052520          0.00009357          0.00143531
    36   L0s      -9563.78485366          0.15797174          2.57427543          0.00009357          0.00161172
    37   L1s      -9563.78705563          0.22360395          6.05531251          0.00004401          0.00077336
    38   L1s      -9563.79099468          0.14069813          1.88694760          0.00008109          0.00134266
    39   L1s      -9563.79425133          0.20347892          4.26385015          0.00007000          0.00114927
    40   L1s      -9563.79690155          0.16405900          2.76095028          0.00005791          0.00093903
    41   L1s      -9563.80019158          0.12301026          1.91381916          0.00007374          0.00117553
    42   L1s      -9563.80189056          0.16910765          4.44994873          0.00003975          0.00060260
    43   L1s      -9563.80330034          0.10927073          1.49479185          0.00003366          0.00045350
    44   L1s      -9563.80603662          0.10816147          1.63534603          0.00006844          0.00100819
    45   L1s      -9563.80802985          0.15121848          3.95399070          0.00005202          0.00076869
    46   L1s      -9563.80921290          0.11148061          2.01222573          0.00003152          0.00045300
    47   L1s      -9563.81102313          0.15313739          4.71097207          0.00005001          0.00073168
    48   L1s      -9563.81217147          0.11435666          2.39453127          0.00003230          0.00051762
    49   L1s      -9563.81454830          0.09683643          1.01099697          0.00006894          0.00099760
----------------------------------------------------------------------------------------------------------------

Minimization converged.

-------------------  Conjugate Gradient Minimizer Statistics -------------------
Iterations             =             49  Function Calls         =             97
--------------------------------------------------------------------------------
