
#-----------------------------------------------------------------------------#
#                                                                             #
#                                EasyHybrid                                   #
#                   - A pDynamo graphical user interface -                    #
#                                                                             #
#-----------------------------------------------------------------------------#
#                                                                             #
#     Developed by Jose Fernando R Bachega and Luis Fernando S M Timmers      #
#                            <ferbachega@gmail.com>                           #
#                                                                             #
#             visit: https://sites.google.com/site/EasyHybrid/                #
#                   Univesity of Sao Paulo - SP, Brazil                       #
#      Pontifical Catholic University of Rio Grande do Sul - RS, Brazil       #
#                                                                             #
#                                                                             #
#   EasyHybrid team:                               Special thanks to:         #
#   - Jose Fernando R Bachega           |         - Fernando V Maluf          #
#   - Michele Silva                     |                                     #
#   - Luis Fernando S M Timmers         |                                     #
#   - Martin Field                      |         - Leonardo R Bachega        #
#   - Troy Wymore                       |         - Lucas Assirati            #
#   - Osmar Norberto de Souza           |         - Richard Garratt           #
#   - Walter R Paixao-Cortes            |                                     #
#                                                                             #
#   Cite this work as:                                                        #
#   J.F.R. Bachega, L.F.S.M. Timmers, L.Assirati, L.B. Bachega, M.J. Field,   #
#   T. Wymore. J. Comput. Chem. 2013, 34, 2190-2196. DOI: 10.1002/jcc.23346   #
#                                                                             #
#-----------------------------------------------------------------------------#

Generated on Wed Jun  5 17:23:39 2019


--------------------------------------------------------------------------------
                       Summary for System "Pruned System"
--------------------------------------------------------------------------------

---------------------------- Atom Container Summary ----------------------------
Number of Atoms        =           2173  Number of Heavy Atoms  =           1040
Number of Hydrogens    =           1133  Number of Unknowns     =              0
--------------------------------------------------------------------------------

----------------------------- Connectivity Summary -----------------------------
Atoms                  =           2173
--------------------------------------------------------------------------------

------------------------------- Electronic State -------------------------------
Charge                 =             -1  Multiplicity           =              1
--------------------------------------------------------------------------------

--------------------------------------------------------------------------------
                    Summary for Energy Model "AMBER/AM1/ABFS"
--------------------------------------------------------------------------------

----------------------------------- Summary for MM Model "AMBER" -----------------------------------
LJ 1-4 Scaling                   =          0.500  El. 1-4 Scaling                  =          0.833
Number of MM Atoms               =           2173  Number of MM Atom Types          =             37
Number of Inactive MM Atoms      =             33  Total MM Charge                  =          -4.00
Harmonic Bond Terms              =           2169  Harmonic Bond Parameters         =             49
Harmonic Bond Inactive           =           1308  Fourier Improper Terms           =            320
Fourier Improper Parameters      =              3  Fourier Improper Inactive        =            164
Harmonic Angle Terms             =           3403  Harmonic Angle Parameters        =            103
Harmonic Angle Inactive          =           1938  Fourier Dihedral Terms           =           6697
Fourier Dihedral Parameters      =             48  Fourier Dihedral Inactive        =           3453
Exclusions                       =          10377  1-4 Interactions                 =           4805
LJ Parameters Form               =          AMBER  LJ Parameters Types              =             21
1-4 Lennard-Jones Form           =          AMBER  1-4 Lennard-Jones Types          =             21
----------------------------------------------------------------------------------------------------

-------------------------- Summary for QC Model "AM1" --------------------------
Number of QC Atoms     =             39  Boundary Atoms         =              6
Nuclear Charge         =            129  Orbital Functions      =            108
Fitting Functions      =              0  Energy Base Line       =      188.36370
QC Parameter Centers   =              6
--------------------------------------------------------------------------------

----------------------------- ABFS NB Model Summary ----------------------------
Dielectric             =       1.000000  El. 1-4 Scaling        =       0.833333
Damping Cutoff         =       0.500000  Inner Cutoff           =       8.000000
List Cutoff            =      13.500000  Outer Cutoff           =      12.000000
QC/MM Coupling         =    RC Coupling  Use Centering          =          False
--------------------------------------------------------------------------------

-------------------------- Pairlist Generator Summary --------------------------
Cell Size              =          6.750  Cutoff                 =         13.500
Cutoff Cell Size Factor =          0.500  Grid Cell/Cell Method  =           True
Minimum Cell Extent    =              2  Minimum Cell Size      =          3.000
Minimum Extent Factor  =          1.500  Minimum Points         =            500
Sort Indices           =          False
--------------------------------------------------------------------------------

----------------------- SoftConstraint Container Summary -----------------------
Multiple Distance      =              2
--------------------------------------------------------------------------------

---------------------------- Hard Constraint Container Summary ---------------------------
Number of Charge Constraints  =            0  Number of Fixed Atoms         =         1351
------------------------------------------------------------------------------------------

------------------------------- Sequence Summary -------------------------------
Number of Atoms            =       2173  Number of Components       =        213
Number of Entities         =          1  Number of Linear Polymers  =          0
Number of Links            =          0  Number of Variants         =          0
--------------------------------------------------------------------------------

-------------------------------  Conjugate Gradient Minimizer Options ------------------------------
Beta Type                        =              1  Initial Step                     =            0.1
Line Searcher                    =           None  Log Frequency                    =              1
Maximum Iterations               =           5000  Maximum Theta                    =          1e+10
Minimum Theta                    =          1e-10  RMS Gradient Tolerance           =            0.1
Steepest Descent Tolerance       =          0.001  Use Spectral Theta               =           True
----------------------------------------------------------------------------------------------------

----------------------------------------------------------------------------------------------------------------
  Iteration       Function          RMS Gradient        Max. |Grad.|          RMS Disp.         Max. |Disp.|
----------------------------------------------------------------------------------------------------------------
     0     I      -9541.14049105         38.95474254       1513.02799428          0.00201374          0.07821501
     1   L1s      -9576.45027490          3.36569122         76.29032874          0.00073803          0.01549886
     2   L1s      -9577.08538532          3.41721300        100.33053876          0.00015327          0.00443017
     3   L1s      -9578.69473971          2.87305556         76.32987363          0.00054647          0.01648167
     4   L1s      -9579.69536879          1.33908544         32.14418711          0.00043424          0.00863897
     5   L1s      -9579.91203948          1.97476188         47.28744137          0.00015901          0.00309660
     6   L0s      -9580.11949812          1.10462210         24.73917743          0.00015901          0.00310845
     7   L1s      -9580.37656850          1.26638956         34.65820427          0.00025137          0.00510669
     8   L1s      -9580.46241609          1.27046391         25.75941703          0.00010102          0.00222924
     9   L1s      -9580.66220508          0.85685138         21.67190730          0.00026715          0.00481219
    10   L1s      -9580.69611153          0.66720735         12.71396425          0.00005547          0.00109176
    11   L1s      -9580.74609617          0.61785635         14.91125293          0.00010179          0.00204376
    12   L0s      -9580.79144850          0.76294372         24.87331000          0.00010179          0.00184435
    13   L1s      -9580.82180121          0.44821489          9.13488966          0.00007785          0.00140340
    14   L1s      -9580.85153346          0.36971216          6.95920400          0.00010699          0.00198606
    15   L0s      -9580.87717780          0.43549317          8.50198005          0.00010699          0.00230173
    16   L1s      -9580.89010669          0.48835813         10.05215226          0.00005923          0.00138252
    17   L1s      -9580.91101530          0.32804264          6.17213099          0.00010250          0.00233148
    18   L1s      -9580.92215467          0.39840551          8.81120203          0.00006122          0.00131280
    19   L0s      -9580.93241655          0.29780773          6.40447746          0.00006122          0.00137688
    20   L1s      -9580.94393346          0.27271299          5.31021700          0.00007607          0.00187457
    21   L0s      -9580.95541469          0.33946677          7.49406353          0.00007607          0.00176412
    22   L1s      -9580.96136229          0.25393881          6.72259355          0.00004325          0.00094195
    23   L1s      -9580.97409237          0.28261339          6.88515965          0.00011333          0.00241745
    24   L1s      -9580.98100812          0.27900380          8.11298677          0.00006479          0.00146398
    25   L1s      -9580.98664072          0.27357217          5.83817333          0.00005511          0.00124354
    26   L1s      -9580.99701486          0.25572564          5.83245240          0.00010612          0.00233569
    27   L1s      -9581.00171165          0.30382663          5.96188667          0.00005029          0.00106626
    28   L1s      -9581.01183265          0.25797875          5.01226382          0.00011173          0.00244643
    29   L0s      -9581.02102695          0.27055908          5.66275983          0.00011173          0.00250302
    30   L1s      -9581.02675684          0.28696487          6.62837181          0.00007109          0.00162119
    31   L0s      -9581.03205206          0.24659693          3.98681981          0.00007109          0.00161803
    32   L1s      -9581.04017166          0.33535333          9.95175627          0.00011512          0.00272010
    33   L1s      -9581.04670238          0.23488039          4.84954963          0.00008951          0.00219815
    34   L0s      -9581.05300053          0.25008891          4.79866654          0.00008951          0.00231851
    35   L1s      -9581.05997460          0.28671359          7.57220924          0.00010143          0.00263754
    36   L1s      -9581.06562457          0.24684570          5.27881101          0.00008346          0.00226804
    37   L1s      -9581.07211252          0.26126411          4.64874360          0.00009815          0.00272055
    38   L1s      -9581.07683691          0.25653446          4.89461561          0.00007309          0.00208714
    39   L1s      -9581.08432594          0.25746539          4.95208418          0.00011820          0.00337457
    40   L0s      -9581.09151249          0.27483936          6.08051799          0.00011820          0.00338559
    41   L1s      -9581.09699441          0.26610754          4.88101358          0.00009135          0.00263027
    42   L1s      -9581.10472295          0.28181518          5.17445761          0.00012852          0.00380068
    43   L0s      -9581.11207194          0.36093855         10.15436743          0.00012852          0.00376848
    44   L1s      -9581.12193495          0.27251105          5.14561582          0.00017202          0.00499945
    45   L1s      -9581.13075412          0.27641187          5.50958848          0.00014685          0.00419950
    46   L1s      -9581.13732186          0.29726089          7.35844533          0.00011139          0.00327007
    47   L0s      -9581.14432994          0.23781253          4.47284760          0.00011139          0.00332717
    48   L1s      -9581.15375865          0.36448275          7.18411084          0.00014724          0.00441365
    49   L0s      -9581.16203842          0.35952458          8.30119466          0.00014724          0.00434146
    50   L1s      -9581.17733755          0.31373891          5.36917014          0.00027630          0.00816799
    51   L1s      -9581.18870635          0.30391551          6.56487369          0.00018312          0.00548212
    52   L1s      -9581.19544017          0.35695839          6.64776829          0.00010886          0.00333120
    53   L1s      -9581.20874113          0.25551186          3.43295447          0.00021759          0.00650840
    54   L1s      -9581.21671958          0.32355352          9.15887146          0.00013559          0.00406973
    55   L0s      -9581.22475814          0.33218368          7.33032877          0.00013559          0.00400375
    56   L1s      -9581.23801227          0.27349812          3.86283754          0.00022642          0.00673734
    57   L1s      -9581.24451280          0.32495872          7.16372373          0.00011457          0.00335873
    58   L1s      -9581.25197633          0.26090372          3.65240242          0.00013312          0.00382504
    59   L1s      -9581.26423803          0.27083572          3.75372798          0.00022296          0.00628311
    60   L1s      -9581.27102114          0.33560079          7.87226391          0.00012582          0.00358045
    61   L1s      -9581.27908886          0.29828237          4.65480772          0.00015066          0.00426793
    62   L1s      -9581.29375836          0.31079761          5.16685609          0.00027669          0.00789100
    63   L1s      -9581.30479203          0.43074692         13.26495436          0.00020722          0.00582790
    64   L1s      -9581.31735530          0.30820213          4.58988945          0.00023825          0.00672476
    65   L0s      -9581.33028491          0.36062007          8.47917808          0.00023825          0.00665095
    66   L1s      -9581.33983635          0.36462382          7.66530253          0.00018030          0.00501706
    67   L1s      -9581.35260280          0.31288398          3.40496794          0.00025143          0.00690770
    68   L1s      -9581.37232946          0.45690030         10.18438535          0.00039419          0.01089606
    69   L1s      -9581.38400556          0.40364248          7.72221579          0.00023123          0.00631145
    70   L1s      -9581.40401905          0.37853718          8.53206684          0.00040039          0.01089644
    71   L0s      -9581.42536354          0.44001253          9.37502020          0.00040039          0.01076530
    72   L1s      -9581.44109905          0.49303661         13.51861423          0.00030243          0.00824402
    73   L1s      -9581.46559785          0.42278514          6.70719801          0.00049144          0.01346339
    74   L1s      -9581.48240259          0.47980690         12.06874608          0.00034235          0.00946940
    75   L1s      -9581.49714623          0.37435199          6.43956756          0.00029637          0.00819015
    76   L1s      -9581.51818414          0.41704167          7.98284081          0.00043272          0.01205557
    77   L1s      -9581.53511450          0.46333616         10.81530924          0.00034228          0.00955114
    78   L1s      -9581.54966647          0.42436940          5.36460505          0.00028981          0.00822775
    79   L1s      -9581.57776969          0.52309495         14.84763725          0.00055795          0.01571706
    80   L1s      -9581.59560801          0.48226326         10.56301598          0.00035924          0.01023397
    81   L1s      -9581.62240494          0.47492263         10.84340288          0.00054539          0.01547286
    82   L1s      -9581.64196221          0.41803652          7.85147657          0.00040199          0.01161451
    83   L1s      -9581.65361536          0.40686265         10.18435688          0.00022079          0.00634372
    84   L1s      -9581.67226005          0.38652344          8.31796948          0.00035495          0.01024306
    85   L1s      -9581.68479642          0.40388668          7.07302598          0.00023978          0.00685877
    86   L0s      -9581.69841960          0.32603279          6.50215122          0.00023978          0.00683651
    87   L0s      -9581.71197697          0.35323579          7.11855705          0.00023978          0.00670581
    88   L1s      -9581.72047995          0.37818173          7.05035573          0.00016151          0.00452880
    89   L1s      -9581.73329953          0.27079344          3.30187388          0.00023156          0.00620105
    90   L0s      -9581.74535578          0.42326180         13.19109708          0.00023156          0.00622100
    91   L1s      -9581.75468703          0.27178572          4.54395068          0.00017587          0.00443886
    92   L0s      -9581.76487872          0.28967577          4.74936650          0.00017587          0.00430136
    93   L1s      -9581.77217244          0.36056597          9.70630612          0.00012706          0.00298881
    94   L1s      -9581.78354952          0.28373062          5.29391033          0.00020111          0.00456065
    95   L0s      -9581.79559743          0.26196673          4.70225402          0.00020111          0.00421875
    96   L1s      -9581.80222684          0.36084643          9.75401489          0.00011172          0.00232995
    97   L1s      -9581.81336882          0.25053622          3.59277912          0.00019623          0.00373683
    98   L0s      -9581.82398231          0.28258045          4.25907471          0.00019623          0.00356320
    99   L1s      -9581.83046803          0.33552602          7.48614673          0.00012003          0.00201425
   100   L1s      -9581.83882567          0.25485586          4.70520633          0.00015291          0.00235372
   101   L1s      -9581.84955511          0.26304710          4.08615291          0.00019964          0.00266539
   102   L1s      -9581.85641111          0.35302854         10.25660199          0.00012961          0.00169486
   103   L1s      -9581.86489228          0.21847695          2.79449033          0.00016147          0.00175172
   104   L0s      -9581.87296183          0.28526646          4.72741293          0.00016147          0.00161881
   105   L1s      -9581.87911183          0.31901921          8.03246761          0.00012247          0.00119091
   106   L1s      -9581.88795195          0.24085674          3.29116764          0.00017309          0.00166340
   107   L1s      -9581.89561263          0.27265085          8.22507342          0.00015221          0.00144298
   108   L1s      -9581.89963695          0.22767183          4.67785807          0.00008085          0.00074954
   109   L1s      -9581.90763243          0.22315702          3.25839103          0.00016317          0.00146748
   110   L1s      -9581.91392597          0.29397240          6.06295323          0.00013052          0.00115197
   111   L1s      -9581.91874771          0.21781331          3.63096036          0.00010086          0.00085904
   112   L1s      -9581.92518986          0.20909987          2.73363467          0.00013691          0.00111702
   113   L1s      -9581.93228625          0.31380604          8.56149977          0.00015332          0.00122331
   114   L1s      -9581.93754018          0.22928018          3.99345034          0.00011432          0.00087235
   115   L1s      -9581.94575208          0.22338383          3.64807044          0.00018096          0.00131927
   116   L1s      -9581.95170544          0.29066361          6.73131862          0.00013300          0.00094381
   117   L1s      -9581.95683793          0.23294352          3.32906858          0.00011555          0.00081552
   118   L1s      -9581.96395657          0.20650286          3.83288554          0.00016218          0.00113831
   119   L1s      -9581.96831220          0.27551951          8.21830545          0.00010066          0.00070485
   120   L1s      -9581.97386856          0.20337306          2.76573345          0.00012947          0.00090424
   121   L1s      -9581.98114022          0.25321326          5.46344793          0.00017186          0.00119824
   122   L1s      -9581.98507036          0.23708569          4.82018601          0.00009377          0.00065268
   123   L1s      -9581.99033405          0.19704958          2.83737346          0.00012689          0.00088216
   124   L1s      -9581.99691574          0.21984784          4.28687122          0.00016104          0.00111913
   125   L1s      -9581.99984865          0.22500895          5.83447134          0.00007255          0.00050359
   126   L1s      -9582.00616548          0.19805233          2.75162735          0.00015791          0.00108984
   127   L0s      -9582.01267717          0.23545543          4.64061292          0.00015791          0.00108871
   128   L1s      -9582.01632698          0.23040965          4.59245095          0.00009063          0.00061847
   129   L1s      -9582.02160340          0.20003500          3.10563566          0.00013831          0.00098995
   130   L1s      -9582.02836799          0.25516111          7.24096011          0.00017948          0.00122012
   131   L1s      -9582.03217655          0.23295362          4.78849361          0.00010172          0.00076005
   132   L1s      -9582.03921482          0.19531802          2.34695131          0.00018963          0.00139641
   133   L1s      -9582.04318606          0.25066280          6.23426071          0.00010815          0.00082868
   134   L0s      -9582.04742752          0.18645342          3.82121658          0.00010815          0.00081056
   135   L1s      -9582.05308501          0.18633858          3.56297187          0.00013787          0.00108054
   136   L1s      -9582.05774962          0.25034979          7.74981009          0.00012318          0.00088914
   137   L1s      -9582.06092918          0.16915689          2.68807005          0.00008457          0.00064005
   138   L1s      -9582.06593927          0.17062983          4.00413626          0.00013538          0.00100515
   139   L1s      -9582.06836975          0.22056050          5.46697766          0.00006666          0.00049459
   140   L1s      -9582.07382614          0.16692862          2.81357692          0.00015099          0.00107749
   141   L1s      -9582.07751659          0.20357124          5.62363544          0.00010368          0.00079698
   142   L1s      -9582.07995544          0.18260402          3.91607457          0.00006922          0.00048737
   143   L1s      -9582.08370848          0.15041586          2.54526728          0.00010784          0.00075661
   144   L1s      -9582.08871326          0.20307286          5.10118142          0.00014629          0.00096764
   145   L1s      -9582.09084290          0.17766305          3.18251614          0.00006283          0.00041739
   146   L1s      -9582.09566600          0.16230377          3.01808798          0.00014400          0.00085467
   147   L1s      -9582.09815251          0.19630527          5.69289177          0.00007525          0.00047942
   148   L0s      -9582.10080020          0.14022037          1.81036226          0.00007525          0.00044169
   149   L1s      -9582.10467063          0.15877362          3.18887652          0.00010473          0.00061257
   150   L1s      -9582.10739151          0.22291461          6.48041415          0.00007864          0.00045894
   151   L1s      -9582.11102158          0.17097440          3.09893769          0.00010575          0.00061388
   152   L1s      -9582.11555163          0.18585483          4.63609424          0.00013371          0.00077096
   153   L1s      -9582.11746474          0.17412497          4.38771664          0.00005707          0.00033042
   154   L1s      -9582.12245398          0.14845842          1.95290155          0.00015065          0.00087893
   155   L1s      -9582.12626493          0.22719249          6.53586721          0.00011699          0.00068463
   156   L1s      -9582.12916990          0.17805386          2.85617978          0.00008977          0.00052772
   157   L1s      -9582.13301293          0.15137122          2.82315846          0.00012005          0.00070929
   158   L1s      -9582.13516438          0.19492963          5.97173198          0.00006815          0.00040373
   159   L1s      -9582.13788762          0.13234514          1.62724659          0.00008701          0.00051801
   160   L1s      -9582.14225422          0.16720397          3.36736500          0.00014209          0.00084779
   161   L1s      -9582.14416989          0.18053039          5.04065079          0.00006303          0.00037672
   162   L1s      -9582.14699265          0.12113374          1.81708172          0.00009374          0.00056419
   163   L1s      -9582.14910824          0.17361870          5.25644401          0.00007167          0.00044177
   164   L1s      -9582.15081397          0.13115418          2.21992474          0.00005833          0.00037321
   165   L1s      -9582.15359752          0.13024331          2.68427198          0.00009675          0.00063673
   166   L1s      -9582.15601839          0.17398711          5.27439585          0.00008544          0.00056925
   167   L1s      -9582.15758009          0.12184146          1.82543587          0.00005560          0.00037851
   168   L1s      -9582.15966152          0.11098723          2.09577695          0.00007538          0.00052526
   169   L1s      -9582.16062568          0.14121091          4.24240867          0.00003563          0.00025141
   170   L1s      -9582.16291425          0.10780945          1.46305530          0.00008558          0.00061232
   171   L1s      -9582.16568291          0.15881410          3.97650155          0.00010569          0.00075672
   172   L1s      -9582.16699428          0.13123707          3.13955503          0.00005049          0.00036080
   173   L1s      -9582.16917098          0.11315307          2.15635780          0.00008488          0.00060234
   174   L1s      -9582.17039183          0.13301552          4.27417198          0.00004840          0.00034126
   175   L1s      -9582.17145049          0.09749698          1.70849830          0.00004246          0.00029530
----------------------------------------------------------------------------------------------------------------

Minimization converged.

-------------------  Conjugate Gradient Minimizer Statistics -------------------
Iterations             =            175  Function Calls         =            326
--------------------------------------------------------------------------------
