
#-----------------------------------------------------------------------------#
#                                                                             #
#                                EasyHybrid                                   #
#                   - A pDynamo graphical user interface -                    #
#                                                                             #
#-----------------------------------------------------------------------------#
#                                                                             #
#     Developed by Jose Fernando R Bachega and Luis Fernando S M Timmers      #
#                            <ferbachega@gmail.com>                           #
#                                                                             #
#             visit: https://sites.google.com/site/EasyHybrid/                #
#                   Univesity of Sao Paulo - SP, Brazil                       #
#      Pontifical Catholic University of Rio Grande do Sul - RS, Brazil       #
#                                                                             #
#                                                                             #
#   EasyHybrid team:                               Special thanks to:         #
#   - Jose Fernando R Bachega           |         - Fernando V Maluf          #
#   - Michele Silva                     |                                     #
#   - Luis Fernando S M Timmers         |                                     #
#   - Martin Field                      |         - Leonardo R Bachega        #
#   - Troy Wymore                       |         - Lucas Assirati            #
#   - Osmar Norberto de Souza           |         - Richard Garratt           #
#   - Walter R Paixao-Cortes            |                                     #
#                                                                             #
#   Cite this work as:                                                        #
#   J.F.R. Bachega, L.F.S.M. Timmers, L.Assirati, L.B. Bachega, M.J. Field,   #
#   T. Wymore. J. Comput. Chem. 2013, 34, 2190-2196. DOI: 10.1002/jcc.23346   #
#                                                                             #
#-----------------------------------------------------------------------------#

Generated on Wed Jun  5 17:26:10 2019


--------------------------------------------------------------------------------
                       Summary for System "Pruned System"
--------------------------------------------------------------------------------

---------------------------- Atom Container Summary ----------------------------
Number of Atoms        =           2173  Number of Heavy Atoms  =           1040
Number of Hydrogens    =           1133  Number of Unknowns     =              0
--------------------------------------------------------------------------------

----------------------------- Connectivity Summary -----------------------------
Atoms                  =           2173
--------------------------------------------------------------------------------

------------------------------- Electronic State -------------------------------
Charge                 =             -1  Multiplicity           =              1
--------------------------------------------------------------------------------

--------------------------------------------------------------------------------
                    Summary for Energy Model "AMBER/AM1/ABFS"
--------------------------------------------------------------------------------

----------------------------------- Summary for MM Model "AMBER" -----------------------------------
LJ 1-4 Scaling                   =          0.500  El. 1-4 Scaling                  =          0.833
Number of MM Atoms               =           2173  Number of MM Atom Types          =             37
Number of Inactive MM Atoms      =             33  Total MM Charge                  =          -4.00
Harmonic Bond Terms              =           2169  Harmonic Bond Parameters         =             49
Harmonic Bond Inactive           =           1308  Fourier Improper Terms           =            320
Fourier Improper Parameters      =              3  Fourier Improper Inactive        =            164
Harmonic Angle Terms             =           3403  Harmonic Angle Parameters        =            103
Harmonic Angle Inactive          =           1938  Fourier Dihedral Terms           =           6697
Fourier Dihedral Parameters      =             48  Fourier Dihedral Inactive        =           3453
Exclusions                       =          10377  1-4 Interactions                 =           4805
LJ Parameters Form               =          AMBER  LJ Parameters Types              =             21
1-4 Lennard-Jones Form           =          AMBER  1-4 Lennard-Jones Types          =             21
----------------------------------------------------------------------------------------------------

-------------------------- Summary for QC Model "AM1" --------------------------
Number of QC Atoms     =             39  Boundary Atoms         =              6
Nuclear Charge         =            129  Orbital Functions      =            108
Fitting Functions      =              0  Energy Base Line       =      188.36370
QC Parameter Centers   =              6
--------------------------------------------------------------------------------

----------------------------- ABFS NB Model Summary ----------------------------
Dielectric             =       1.000000  El. 1-4 Scaling        =       0.833333
Damping Cutoff         =       0.500000  Inner Cutoff           =       8.000000
List Cutoff            =      13.500000  Outer Cutoff           =      12.000000
QC/MM Coupling         =    RC Coupling  Use Centering          =          False
--------------------------------------------------------------------------------

-------------------------- Pairlist Generator Summary --------------------------
Cell Size              =          6.750  Cutoff                 =         13.500
Cutoff Cell Size Factor =          0.500  Grid Cell/Cell Method  =           True
Minimum Cell Extent    =              2  Minimum Cell Size      =          3.000
Minimum Extent Factor  =          1.500  Minimum Points         =            500
Sort Indices           =          False
--------------------------------------------------------------------------------

----------------------- SoftConstraint Container Summary -----------------------
Multiple Distance      =              2
--------------------------------------------------------------------------------

---------------------------- Hard Constraint Container Summary ---------------------------
Number of Charge Constraints  =            0  Number of Fixed Atoms         =         1351
------------------------------------------------------------------------------------------

------------------------------- Sequence Summary -------------------------------
Number of Atoms            =       2173  Number of Components       =        213
Number of Entities         =          1  Number of Linear Polymers  =          0
Number of Links            =          0  Number of Variants         =          0
--------------------------------------------------------------------------------

-------------------------------  Conjugate Gradient Minimizer Options ------------------------------
Beta Type                        =              1  Initial Step                     =            0.1
Line Searcher                    =           None  Log Frequency                    =              1
Maximum Iterations               =           5000  Maximum Theta                    =          1e+10
Minimum Theta                    =          1e-10  RMS Gradient Tolerance           =            0.1
Steepest Descent Tolerance       =          0.001  Use Spectral Theta               =           True
----------------------------------------------------------------------------------------------------

----------------------------------------------------------------------------------------------------------------
  Iteration       Function          RMS Gradient        Max. |Grad.|          RMS Disp.         Max. |Disp.|
----------------------------------------------------------------------------------------------------------------
     0     I      -9486.83640869         39.39480934       1512.58855730          0.00201374          0.07731883
     1   L1s      -9525.28503402          3.27106962         84.56250220          0.00079432          0.02047071
     2   L1s      -9525.63026670          1.82383666         45.95677534          0.00008592          0.00259066
     3   L1s      -9526.27795777          1.55336385         39.18502364          0.00033095          0.01018341
     4   L0s      -9526.69187632          1.00855141         20.54262965          0.00033095          0.00681774
     5   L1s      -9526.79806586          1.24821664         32.23346622          0.00011982          0.00224689
     6   L1s      -9526.87135757          0.65176028         10.82398562          0.00009253          0.00199350
     7   L0s      -9526.92390465          0.68206417         11.77936700          0.00009253          0.00176379
     8   L0s      -9526.96362836          0.89358101         22.73948579          0.00009253          0.00198568
     9   L1s      -9527.04407591          0.57828488          9.19024474          0.00019205          0.00363364
    10   L1s      -9527.08804913          0.52562051          8.48263154          0.00011100          0.00164319
    11   L1s      -9527.10723761          0.59309182         12.13635738          0.00005673          0.00086846
    12   L1s      -9527.13620661          0.31553232          4.98162711          0.00009438          0.00144883
    13   L1s      -9527.16273420          0.45990589         11.03311269          0.00011016          0.00165629
    14   L1s      -9527.17311118          0.32228639          5.18230796          0.00004682          0.00069919
    15   L1s      -9527.18811609          0.26868868          4.57997764          0.00007750          0.00100910
    16   L1s      -9527.19489753          0.38633007          9.31473842          0.00004057          0.00053867
    17   L1s      -9527.20816352          0.25833498          3.84031786          0.00008411          0.00102868
    18   L0s      -9527.22066100          0.22044502          2.37698494          0.00008411          0.00107054
    19   L1s      -9527.22724401          0.29267494          7.67261861          0.00005023          0.00064772
    20   L1s      -9527.23230283          0.21957866          4.23850147          0.00004197          0.00052370
    21   L1s      -9527.23963976          0.26791860          6.58081720          0.00006664          0.00084612
    22   L1s      -9527.24343637          0.21319680          5.15252286          0.00003635          0.00049763
    23   L1s      -9527.24879486          0.17563671          2.31490532          0.00005519          0.00085132
    24   L1s      -9527.25748359          0.19968894          3.71937438          0.00009805          0.00142253
    25   L1s      -9527.26121068          0.26039284          7.00112322          0.00004469          0.00062950
    26   L1s      -9527.26676457          0.18585436          3.12011777          0.00006881          0.00095614
    27   L1s      -9527.27052189          0.23022179          7.27666317          0.00004934          0.00066128
    28   L1s      -9527.27353334          0.15698797          2.72880528          0.00004094          0.00048423
    29   L1s      -9527.27766177          0.15127560          2.67821856          0.00006005          0.00061389
    30   L1s      -9527.28229242          0.16758666          2.77924950          0.00007178          0.00069512
    31   L1s      -9527.28429508          0.18872421          5.83576664          0.00003252          0.00030469
    32   L1s      -9527.28831531          0.16691245          2.21916351          0.00006753          0.00063698
    33   L1s      -9527.29104187          0.21286243          6.86876244          0.00004768          0.00044899
    34   L0s      -9527.29391793          0.11076095          1.48088361          0.00004768          0.00043700
    35   L0s      -9527.29701689          0.14106670          2.74308672          0.00004768          0.00044329
    36   L1s      -9527.29867305          0.17753025          5.46068644          0.00002770          0.00025477
    37   L1s      -9527.30150646          0.12563225          2.15725284          0.00004853          0.00046333
    38   L1s      -9527.30309789          0.17953246          4.63745811          0.00002914          0.00028741
    39   L1s      -9527.30604709          0.15494015          2.62301631          0.00005562          0.00055433
    40   L1s      -9527.30984540          0.13764249          1.92917119          0.00007433          0.00071127
    41   L1s      -9527.31278444          0.21252685          6.46593654          0.00006007          0.00057083
    42   L1s      -9527.31525838          0.13638489          1.98941084          0.00005144          0.00049450
    43   L1s      -9527.31807081          0.19113206          6.12990267          0.00006082          0.00059052
    44   L1s      -9527.32009510          0.15032321          2.65610505          0.00004461          0.00043761
    45   L1s      -9527.32478568          0.15046593          2.93004932          0.00010643          0.00101066
    46   L1s      -9527.32829163          0.19382967          5.99818884          0.00008174          0.00077477
    47   L1s      -9527.33039633          0.16241247          2.94229046          0.00004986          0.00048197
    48   L1s      -9527.33352415          0.15509927          3.14127934          0.00007573          0.00076199
    49   L1s      -9527.33521673          0.16772344          4.09945571          0.00004192          0.00042907
    50   L1s      -9527.33802660          0.12681700          1.44318198          0.00007091          0.00068455
    51   L1s      -9527.34277530          0.16700855          3.39824226          0.00012364          0.00109291
    52   L1s      -9527.34453773          0.18042778          4.82591333          0.00004667          0.00038575
    53   L1s      -9527.34857724          0.14716876          3.06251765          0.00010851          0.00090229
    54   L1s      -9527.35016718          0.17752007          5.39742845          0.00004360          0.00036655
    55   L1s      -9527.35399908          0.12614211          1.34597490          0.00010654          0.00087342
    56   L0s      -9527.35739228          0.18161535          3.95307547          0.00010654          0.00084772
    57   L1s      -9527.35951294          0.18471471          4.87457194          0.00006397          0.00049328
    58   L1s      -9527.36209816          0.13589672          1.81685485          0.00007245          0.00058357
    59   L0s      -9527.36446850          0.21112045          5.95054843          0.00007245          0.00058076
    60   L0s      -9527.36696327          0.13300804          1.52027933          0.00007245          0.00057865
    61   L1s      -9527.37067598          0.14911868          2.57966693          0.00009150          0.00078370
    62   L1s      -9527.37210362          0.15279805          3.60372293          0.00003647          0.00032766
    63   L1s      -9527.37457765          0.12564928          1.68567150          0.00006455          0.00059841
    64   L1s      -9527.37624819          0.18081760          5.99933398          0.00004490          0.00042140
    65   L1s      -9527.37865578          0.12599737          2.55247278          0.00006559          0.00063071
    66   L0s      -9527.38112396          0.12380844          2.38754122          0.00006559          0.00064042
    67   L1s      -9527.38254797          0.15643694          4.83289346          0.00003901          0.00038149
    68   L1s      -9527.38471636          0.11868761          1.72173221          0.00006235          0.00059056
    69   L1s      -9527.38655958          0.16938656          5.21209803          0.00005448          0.00050303
    70   L1s      -9527.38804981          0.10525468          1.66812282          0.00004462          0.00038100
    71   L1s      -9527.39023887          0.10163504          1.90512184          0.00006767          0.00054283
    72   L1s      -9527.39094369          0.11732332          2.29154684          0.00002250          0.00017814
    73   L1s      -9527.39313292          0.10481813          1.85792011          0.00007150          0.00058779
    74   L1s      -9527.39407471          0.14295030          4.28542292          0.00003161          0.00026470
    75   L1s      -9527.39593832          0.09497624          1.45846037          0.00006344          0.00055021
----------------------------------------------------------------------------------------------------------------

Minimization converged.

-------------------  Conjugate Gradient Minimizer Statistics -------------------
Iterations             =             75  Function Calls         =            141
--------------------------------------------------------------------------------
