
#-----------------------------------------------------------------------------#
#                                                                             #
#                                EasyHybrid                                   #
#                   - A pDynamo graphical user interface -                    #
#                                                                             #
#-----------------------------------------------------------------------------#
#                                                                             #
#     Developed by Jose Fernando R Bachega and Luis Fernando S M Timmers      #
#                            <ferbachega@gmail.com>                           #
#                                                                             #
#             visit: https://sites.google.com/site/EasyHybrid/                #
#                   Univesity of Sao Paulo - SP, Brazil                       #
#      Pontifical Catholic University of Rio Grande do Sul - RS, Brazil       #
#                                                                             #
#                                                                             #
#   EasyHybrid team:                               Special thanks to:         #
#   - Jose Fernando R Bachega           |         - Fernando V Maluf          #
#   - Michele Silva                     |                                     #
#   - Luis Fernando S M Timmers         |                                     #
#   - Martin Field                      |         - Leonardo R Bachega        #
#   - Troy Wymore                       |         - Lucas Assirati            #
#   - Osmar Norberto de Souza           |         - Richard Garratt           #
#   - Walter R Paixao-Cortes            |                                     #
#                                                                             #
#   Cite this work as:                                                        #
#   J.F.R. Bachega, L.F.S.M. Timmers, L.Assirati, L.B. Bachega, M.J. Field,   #
#   T. Wymore. J. Comput. Chem. 2013, 34, 2190-2196. DOI: 10.1002/jcc.23346   #
#                                                                             #
#-----------------------------------------------------------------------------#

Generated on Wed Jun  5 17:25:01 2019


--------------------------------------------------------------------------------
                       Summary for System "Pruned System"
--------------------------------------------------------------------------------

---------------------------- Atom Container Summary ----------------------------
Number of Atoms        =           2173  Number of Heavy Atoms  =           1040
Number of Hydrogens    =           1133  Number of Unknowns     =              0
--------------------------------------------------------------------------------

----------------------------- Connectivity Summary -----------------------------
Atoms                  =           2173
--------------------------------------------------------------------------------

------------------------------- Electronic State -------------------------------
Charge                 =             -1  Multiplicity           =              1
--------------------------------------------------------------------------------

--------------------------------------------------------------------------------
                    Summary for Energy Model "AMBER/AM1/ABFS"
--------------------------------------------------------------------------------

----------------------------------- Summary for MM Model "AMBER" -----------------------------------
LJ 1-4 Scaling                   =          0.500  El. 1-4 Scaling                  =          0.833
Number of MM Atoms               =           2173  Number of MM Atom Types          =             37
Number of Inactive MM Atoms      =             33  Total MM Charge                  =          -4.00
Harmonic Bond Terms              =           2169  Harmonic Bond Parameters         =             49
Harmonic Bond Inactive           =           1308  Fourier Improper Terms           =            320
Fourier Improper Parameters      =              3  Fourier Improper Inactive        =            164
Harmonic Angle Terms             =           3403  Harmonic Angle Parameters        =            103
Harmonic Angle Inactive          =           1938  Fourier Dihedral Terms           =           6697
Fourier Dihedral Parameters      =             48  Fourier Dihedral Inactive        =           3453
Exclusions                       =          10377  1-4 Interactions                 =           4805
LJ Parameters Form               =          AMBER  LJ Parameters Types              =             21
1-4 Lennard-Jones Form           =          AMBER  1-4 Lennard-Jones Types          =             21
----------------------------------------------------------------------------------------------------

-------------------------- Summary for QC Model "AM1" --------------------------
Number of QC Atoms     =             39  Boundary Atoms         =              6
Nuclear Charge         =            129  Orbital Functions      =            108
Fitting Functions      =              0  Energy Base Line       =      188.36370
QC Parameter Centers   =              6
--------------------------------------------------------------------------------

----------------------------- ABFS NB Model Summary ----------------------------
Dielectric             =       1.000000  El. 1-4 Scaling        =       0.833333
Damping Cutoff         =       0.500000  Inner Cutoff           =       8.000000
List Cutoff            =      13.500000  Outer Cutoff           =      12.000000
QC/MM Coupling         =    RC Coupling  Use Centering          =          False
--------------------------------------------------------------------------------

-------------------------- Pairlist Generator Summary --------------------------
Cell Size              =          6.750  Cutoff                 =         13.500
Cutoff Cell Size Factor =          0.500  Grid Cell/Cell Method  =           True
Minimum Cell Extent    =              2  Minimum Cell Size      =          3.000
Minimum Extent Factor  =          1.500  Minimum Points         =            500
Sort Indices           =          False
--------------------------------------------------------------------------------

----------------------- SoftConstraint Container Summary -----------------------
Multiple Distance      =              2
--------------------------------------------------------------------------------

---------------------------- Hard Constraint Container Summary ---------------------------
Number of Charge Constraints  =            0  Number of Fixed Atoms         =         1351
------------------------------------------------------------------------------------------

------------------------------- Sequence Summary -------------------------------
Number of Atoms            =       2173  Number of Components       =        213
Number of Entities         =          1  Number of Linear Polymers  =          0
Number of Links            =          0  Number of Variants         =          0
--------------------------------------------------------------------------------

-------------------------------  Conjugate Gradient Minimizer Options ------------------------------
Beta Type                        =              1  Initial Step                     =            0.1
Line Searcher                    =           None  Log Frequency                    =              1
Maximum Iterations               =           5000  Maximum Theta                    =          1e+10
Minimum Theta                    =          1e-10  RMS Gradient Tolerance           =            0.1
Steepest Descent Tolerance       =          0.001  Use Spectral Theta               =           True
----------------------------------------------------------------------------------------------------

----------------------------------------------------------------------------------------------------------------
  Iteration       Function          RMS Gradient        Max. |Grad.|          RMS Disp.         Max. |Disp.|
----------------------------------------------------------------------------------------------------------------
     0     I      -9510.52109445         39.28257965       1520.09856851          0.00201374          0.07792471
     1   L1s      -9546.19348308          3.62875846         87.32442964          0.00073955          0.01772651
     2   L1s      -9546.68026604          2.43257471         61.30639078          0.00010928          0.00327483
     3   L1s      -9547.56973064          2.09894395         54.03878243          0.00035893          0.01205866
     4   L0s      -9548.27539526          1.10520891         24.56732680          0.00035893          0.00710360
     5   L1s      -9548.43784245          1.63118030         42.80555493          0.00014065          0.00270626
     6   L0s      -9548.56661550          1.05617581         29.76258741          0.00014065          0.00364563
     7   L1s      -9548.73162646          0.83316928         21.03293547          0.00022773          0.00454069
     8   L1s      -9548.82970393          1.39018521         39.75227850          0.00016252          0.00342313
     9   L1s      -9548.94716113          0.81385025         17.82078552          0.00020630          0.00401427
    10   L1s      -9549.00835212          0.64495408         19.35968310          0.00012427          0.00275095
    11   L1s      -9549.03789578          0.73018854         17.81782356          0.00007046          0.00148449
    12   L1s      -9549.10757053          0.54145421          8.18881272          0.00018354          0.00409908
    13   L1s      -9549.13311680          0.67852985         16.01834367          0.00007730          0.00167321
    14   L1s      -9549.16337956          0.45629312          8.81624535          0.00009840          0.00221394
    15   L1s      -9549.20148604          0.41948296          8.78482910          0.00014135          0.00302108
    16   L1s      -9549.21480465          0.53724662         10.34199495          0.00005568          0.00126586
    17   L1s      -9549.24306967          0.39532081          6.82279213          0.00012563          0.00273230
    18   L0s      -9549.26838318          0.37155957          6.83465306          0.00012563          0.00286614
    19   L1s      -9549.27608325          0.37709124          7.30815707          0.00004178          0.00091345
    20   L1s      -9549.29145950          0.26651890          3.63038010          0.00008875          0.00201085
    21   L1s      -9549.30298426          0.36450744         10.77825543          0.00007522          0.00158246
    22   L1s      -9549.31083734          0.31874512          6.88779675          0.00005412          0.00119719
    23   L1s      -9549.32063803          0.23178371          4.23162533          0.00007200          0.00156163
    24   L1s      -9549.32508033          0.29472234          7.84728416          0.00003613          0.00078961
    25   L1s      -9549.33349500          0.22095944          3.66463626          0.00007226          0.00154286
    26   L0s      -9549.34162791          0.25109374          5.94520793          0.00007226          0.00158709
    27   L1s      -9549.34513739          0.23263717          5.34466950          0.00003368          0.00068256
    28   L1s      -9549.35281070          0.18838341          2.87150418          0.00008238          0.00164826
    29   L1s      -9549.35757335          0.23736187          5.04158662          0.00005514          0.00102002
    30   L1s      -9549.36027220          0.17162571          2.11721212          0.00003258          0.00058799
    31   L1s      -9549.36533781          0.16825150          2.78641958          0.00006565          0.00104707
    32   L1s      -9549.36855307          0.23129480          6.06235812          0.00004446          0.00072645
    33   L0s      -9549.37176925          0.16715107          2.19848831          0.00004446          0.00064348
    34   L1s      -9549.37670454          0.17057408          3.12838822          0.00007066          0.00094646
    35   L1s      -9549.37896827          0.19960206          4.73729983          0.00003491          0.00043047
    36   L1s      -9549.38226257          0.14507112          2.01069098          0.00005254          0.00064943
    37   L0s      -9549.38509181          0.23329468          7.74902147          0.00005254          0.00059223
    38   L1s      -9549.38769268          0.14757831          1.72217561          0.00004631          0.00053389
    39   L1s      -9549.39129642          0.12986041          1.79102235          0.00005478          0.00063025
    40   L1s      -9549.39323908          0.19445740          5.71400065          0.00003193          0.00036264
    41   L1s      -9549.39647373          0.15973596          2.73578666          0.00005485          0.00059606
    42   L1s      -9549.40007621          0.17244381          4.27794131          0.00006377          0.00072136
    43   L1s      -9549.40166142          0.16335278          4.25790154          0.00002903          0.00030204
    44   L1s      -9549.40527374          0.13256211          1.66548693          0.00006854          0.00072245
    45   L1s      -9549.40820358          0.17874660          4.68229671          0.00005840          0.00063788
    46   L1s      -9549.41000247          0.15099734          2.79704082          0.00003678          0.00038432
    47   L1s      -9549.41483320          0.15981196          3.16974229          0.00010210          0.00102267
    48   L1s      -9549.41710095          0.21758641          6.57230313          0.00004929          0.00048827
    49   L1s      -9549.42065870          0.14608128          2.50192449          0.00007846          0.00070567
    50   L0s      -9549.42401358          0.16023628          3.96625504          0.00007846          0.00070699
    51   L1s      -9549.42553188          0.15508467          2.81963326          0.00003612          0.00034279
    52   L1s      -9549.42879593          0.14924079          3.24424916          0.00007739          0.00076820
    53   L1s      -9549.43254696          0.18872531          5.30890916          0.00009123          0.00092020
    54   L1s      -9549.43419768          0.14762552          3.35155903          0.00004077          0.00041845
    55   L1s      -9549.43741450          0.13657696          2.78924919          0.00008139          0.00083708
    56   L1s      -9549.43912661          0.17783682          5.58235047          0.00004449          0.00045602
    57   L1s      -9549.44168156          0.11002723          1.25992995          0.00006741          0.00067419
    58   L1s      -9549.44448786          0.14250886          3.42754849          0.00007687          0.00075250
    59   L1s      -9549.44585157          0.16372763          4.70987874          0.00003816          0.00036679
    60   L1s      -9549.44880690          0.12787164          2.56513629          0.00008397          0.00081937
    61   L1s      -9549.45049260          0.18180963          4.78399654          0.00004907          0.00049346
    62   L1s      -9549.45317460          0.13291843          2.84265238          0.00007898          0.00084580
    63   L0s      -9549.45582572          0.11862407          2.19943829          0.00007898          0.00089763
    64   L1s      -9549.45758167          0.16851580          5.80829374          0.00005358          0.00061766
    65   L0s      -9549.45924650          0.12365863          1.84698277          0.00005358          0.00061867
    66   L1s      -9549.46180024          0.17651969          5.33292986          0.00008623          0.00098748
    67   L1s      -9549.46327238          0.12241230          1.95060387          0.00004934          0.00055278
    68   L1s      -9549.46615263          0.10511665          1.15878993          0.00009838          0.00107224
    69   L1s      -9549.46854886          0.14973297          4.14946909          0.00008392          0.00088348
    70   L1s      -9549.46965736          0.12491245          2.83439965          0.00003928          0.00038764
    71   L1s      -9549.47165129          0.11505224          2.14341256          0.00007182          0.00064006
    72   L1s      -9549.47265463          0.12626235          3.16197826          0.00003682          0.00033068
    73   L1s      -9549.47390540          0.08463716          1.04052039          0.00004660          0.00044382
----------------------------------------------------------------------------------------------------------------

Minimization converged.

-------------------  Conjugate Gradient Minimizer Statistics -------------------
Iterations             =             73  Function Calls         =            138
--------------------------------------------------------------------------------
