
#-----------------------------------------------------------------------------#
#                                                                             #
#                                EasyHybrid                                   #
#                   - A pDynamo graphical user interface -                    #
#                                                                             #
#-----------------------------------------------------------------------------#
#                                                                             #
#     Developed by Jose Fernando R Bachega and Luis Fernando S M Timmers      #
#                            <ferbachega@gmail.com>                           #
#                                                                             #
#             visit: https://sites.google.com/site/EasyHybrid/                #
#                   Univesity of Sao Paulo - SP, Brazil                       #
#      Pontifical Catholic University of Rio Grande do Sul - RS, Brazil       #
#                                                                             #
#                                                                             #
#   EasyHybrid team:                               Special thanks to:         #
#   - Jose Fernando R Bachega           |         - Fernando V Maluf          #
#   - Michele Silva                     |                                     #
#   - Luis Fernando S M Timmers         |                                     #
#   - Martin Field                      |         - Leonardo R Bachega        #
#   - Troy Wymore                       |         - Lucas Assirati            #
#   - Osmar Norberto de Souza           |         - Richard Garratt           #
#   - Walter R Paixao-Cortes            |                                     #
#                                                                             #
#   Cite this work as:                                                        #
#   J.F.R. Bachega, L.F.S.M. Timmers, L.Assirati, L.B. Bachega, M.J. Field,   #
#   T. Wymore. J. Comput. Chem. 2013, 34, 2190-2196. DOI: 10.1002/jcc.23346   #
#                                                                             #
#-----------------------------------------------------------------------------#

Generated on Wed Jun  5 17:25:23 2019


--------------------------------------------------------------------------------
                       Summary for System "Pruned System"
--------------------------------------------------------------------------------

---------------------------- Atom Container Summary ----------------------------
Number of Atoms        =           2173  Number of Heavy Atoms  =           1040
Number of Hydrogens    =           1133  Number of Unknowns     =              0
--------------------------------------------------------------------------------

----------------------------- Connectivity Summary -----------------------------
Atoms                  =           2173
--------------------------------------------------------------------------------

------------------------------- Electronic State -------------------------------
Charge                 =             -1  Multiplicity           =              1
--------------------------------------------------------------------------------

--------------------------------------------------------------------------------
                    Summary for Energy Model "AMBER/AM1/ABFS"
--------------------------------------------------------------------------------

----------------------------------- Summary for MM Model "AMBER" -----------------------------------
LJ 1-4 Scaling                   =          0.500  El. 1-4 Scaling                  =          0.833
Number of MM Atoms               =           2173  Number of MM Atom Types          =             37
Number of Inactive MM Atoms      =             33  Total MM Charge                  =          -4.00
Harmonic Bond Terms              =           2169  Harmonic Bond Parameters         =             49
Harmonic Bond Inactive           =           1308  Fourier Improper Terms           =            320
Fourier Improper Parameters      =              3  Fourier Improper Inactive        =            164
Harmonic Angle Terms             =           3403  Harmonic Angle Parameters        =            103
Harmonic Angle Inactive          =           1938  Fourier Dihedral Terms           =           6697
Fourier Dihedral Parameters      =             48  Fourier Dihedral Inactive        =           3453
Exclusions                       =          10377  1-4 Interactions                 =           4805
LJ Parameters Form               =          AMBER  LJ Parameters Types              =             21
1-4 Lennard-Jones Form           =          AMBER  1-4 Lennard-Jones Types          =             21
----------------------------------------------------------------------------------------------------

-------------------------- Summary for QC Model "AM1" --------------------------
Number of QC Atoms     =             39  Boundary Atoms         =              6
Nuclear Charge         =            129  Orbital Functions      =            108
Fitting Functions      =              0  Energy Base Line       =      188.36370
QC Parameter Centers   =              6
--------------------------------------------------------------------------------

----------------------------- ABFS NB Model Summary ----------------------------
Dielectric             =       1.000000  El. 1-4 Scaling        =       0.833333
Damping Cutoff         =       0.500000  Inner Cutoff           =       8.000000
List Cutoff            =      13.500000  Outer Cutoff           =      12.000000
QC/MM Coupling         =    RC Coupling  Use Centering          =          False
--------------------------------------------------------------------------------

-------------------------- Pairlist Generator Summary --------------------------
Cell Size              =          6.750  Cutoff                 =         13.500
Cutoff Cell Size Factor =          0.500  Grid Cell/Cell Method  =           True
Minimum Cell Extent    =              2  Minimum Cell Size      =          3.000
Minimum Extent Factor  =          1.500  Minimum Points         =            500
Sort Indices           =          False
--------------------------------------------------------------------------------

----------------------- SoftConstraint Container Summary -----------------------
Multiple Distance      =              2
--------------------------------------------------------------------------------

---------------------------- Hard Constraint Container Summary ---------------------------
Number of Charge Constraints  =            0  Number of Fixed Atoms         =         1351
------------------------------------------------------------------------------------------

------------------------------- Sequence Summary -------------------------------
Number of Atoms            =       2173  Number of Components       =        213
Number of Entities         =          1  Number of Linear Polymers  =          0
Number of Links            =          0  Number of Variants         =          0
--------------------------------------------------------------------------------

-------------------------------  Conjugate Gradient Minimizer Options ------------------------------
Beta Type                        =              1  Initial Step                     =            0.1
Line Searcher                    =           None  Log Frequency                    =              1
Maximum Iterations               =           5000  Maximum Theta                    =          1e+10
Minimum Theta                    =          1e-10  RMS Gradient Tolerance           =            0.1
Steepest Descent Tolerance       =          0.001  Use Spectral Theta               =           True
----------------------------------------------------------------------------------------------------

----------------------------------------------------------------------------------------------------------------
  Iteration       Function          RMS Gradient        Max. |Grad.|          RMS Disp.         Max. |Disp.|
----------------------------------------------------------------------------------------------------------------
     0     I      -9521.22857615         39.32332743       1532.77687247          0.00201374          0.07849322
     1   L1s      -9557.09419681          2.81088285         62.28821462          0.00074275          0.01556919
     2   L1s      -9557.48021417          2.48965702         70.39963819          0.00011125          0.00341746
     3   L1s      -9558.17721012          2.07383056         54.35771858          0.00030460          0.01092621
     4   L1s      -9558.92638926          1.14918498         30.51302872          0.00043328          0.00993557
     5   L1s      -9559.06859975          1.36524041         34.43436633          0.00012999          0.00252921
     6   L1s      -9559.15364933          0.84708364         25.54427513          0.00009247          0.00251363
     7   L1s      -9559.30130531          0.77386250         14.17750736          0.00021433          0.00476603
     8   L1s      -9559.37080201          1.15469940         29.70283521          0.00012446          0.00295597
     9   L1s      -9559.46439834          0.47439692          9.65048718          0.00018014          0.00365688
    10   L1s      -9559.49755026          0.49355470         13.71270574          0.00008518          0.00145601
    11   L1s      -9559.54200866          0.59674185         15.36345653          0.00013551          0.00239641
    12   L1s      -9559.55675920          0.42249496          8.80075366          0.00004919          0.00089664
    13   L1s      -9559.58633580          0.27764970          3.72711386          0.00011372          0.00198588
    14   L1s      -9559.60237768          0.50827918         12.83558274          0.00007733          0.00131909
    15   L0s      -9559.61683126          0.32914946          5.82681232          0.00007733          0.00123746
    16   L1s      -9559.63461717          0.23912668          2.79196430          0.00010983          0.00173347
    17   L1s      -9559.64196494          0.35226033         12.32169738          0.00004895          0.00077627
    18   L0s      -9559.64885255          0.22772073          2.41667507          0.00004895          0.00071519
    19   L1s      -9559.65678286          0.27845706          7.59869688          0.00006347          0.00092358
    20   L1s      -9559.66105809          0.23016792          4.57841248          0.00003629          0.00054098
    21   L1s      -9559.66810227          0.16507224          2.50250858          0.00006474          0.00099623
    22   L1s      -9559.67275148          0.19101124          3.70991120          0.00004841          0.00075499
    23   L1s      -9559.67585369          0.22936935          4.61539240          0.00003488          0.00055223
    24   L1s      -9559.68093768          0.15239924          1.90989500          0.00005994          0.00097695
    25   L0s      -9559.68555853          0.16002973          1.97192080          0.00005994          0.00091588
    26   L1s      -9559.68876219          0.23492471          5.85707541          0.00004458          0.00064285
    27   L1s      -9559.69236501          0.11475185          1.37075845          0.00005160          0.00073845
    28   L1s      -9559.69618770          0.14182105          1.74488803          0.00006106          0.00081407
    29   L1s      -9559.69832355          0.19343952          4.62054408          0.00003623          0.00050395
    30   L1s      -9559.70121676          0.12914943          1.54035243          0.00005056          0.00064297
    31   L1s      -9559.70453059          0.14324885          2.90360825          0.00006153          0.00079764
    32   L1s      -9559.70594851          0.15509185          4.10580568          0.00002752          0.00031622
    33   L1s      -9559.70782974          0.11704047          2.19041137          0.00003782          0.00041410
    34   L1s      -9559.70982735          0.14172067          4.40212321          0.00004248          0.00045420
    35   L1s      -9559.71093805          0.11462441          1.68130256          0.00002446          0.00025434
    36   L1s      -9559.71309158          0.08972430          0.98230522          0.00004981          0.00052609
----------------------------------------------------------------------------------------------------------------

Minimization converged.

-------------------  Conjugate Gradient Minimizer Statistics -------------------
Iterations             =             36  Function Calls         =             70
--------------------------------------------------------------------------------
