
#-----------------------------------------------------------------------------#
#                                                                             #
#                                EasyHybrid                                   #
#                   - A pDynamo graphical user interface -                    #
#                                                                             #
#-----------------------------------------------------------------------------#
#                                                                             #
#     Developed by Jose Fernando R Bachega and Luis Fernando S M Timmers      #
#                            <ferbachega@gmail.com>                           #
#                                                                             #
#             visit: https://sites.google.com/site/EasyHybrid/                #
#                   Univesity of Sao Paulo - SP, Brazil                       #
#      Pontifical Catholic University of Rio Grande do Sul - RS, Brazil       #
#                                                                             #
#                                                                             #
#   EasyHybrid team:                               Special thanks to:         #
#   - Jose Fernando R Bachega           |         - Fernando V Maluf          #
#   - Michele Silva                     |                                     #
#   - Luis Fernando S M Timmers         |                                     #
#   - Martin Field                      |         - Leonardo R Bachega        #
#   - Troy Wymore                       |         - Lucas Assirati            #
#   - Osmar Norberto de Souza           |         - Richard Garratt           #
#   - Walter R Paixao-Cortes            |                                     #
#                                                                             #
#   Cite this work as:                                                        #
#   J.F.R. Bachega, L.F.S.M. Timmers, L.Assirati, L.B. Bachega, M.J. Field,   #
#   T. Wymore. J. Comput. Chem. 2013, 34, 2190-2196. DOI: 10.1002/jcc.23346   #
#                                                                             #
#-----------------------------------------------------------------------------#

Generated on Wed Jun  5 17:25:23 2019


--------------------------------------------------------------------------------
                       Summary for System "Pruned System"
--------------------------------------------------------------------------------

---------------------------- Atom Container Summary ----------------------------
Number of Atoms        =           2173  Number of Heavy Atoms  =           1040
Number of Hydrogens    =           1133  Number of Unknowns     =              0
--------------------------------------------------------------------------------

----------------------------- Connectivity Summary -----------------------------
Atoms                  =           2173
--------------------------------------------------------------------------------

------------------------------- Electronic State -------------------------------
Charge                 =             -1  Multiplicity           =              1
--------------------------------------------------------------------------------

--------------------------------------------------------------------------------
                    Summary for Energy Model "AMBER/AM1/ABFS"
--------------------------------------------------------------------------------

----------------------------------- Summary for MM Model "AMBER" -----------------------------------
LJ 1-4 Scaling                   =          0.500  El. 1-4 Scaling                  =          0.833
Number of MM Atoms               =           2173  Number of MM Atom Types          =             37
Number of Inactive MM Atoms      =             33  Total MM Charge                  =          -4.00
Harmonic Bond Terms              =           2169  Harmonic Bond Parameters         =             49
Harmonic Bond Inactive           =           1308  Fourier Improper Terms           =            320
Fourier Improper Parameters      =              3  Fourier Improper Inactive        =            164
Harmonic Angle Terms             =           3403  Harmonic Angle Parameters        =            103
Harmonic Angle Inactive          =           1938  Fourier Dihedral Terms           =           6697
Fourier Dihedral Parameters      =             48  Fourier Dihedral Inactive        =           3453
Exclusions                       =          10377  1-4 Interactions                 =           4805
LJ Parameters Form               =          AMBER  LJ Parameters Types              =             21
1-4 Lennard-Jones Form           =          AMBER  1-4 Lennard-Jones Types          =             21
----------------------------------------------------------------------------------------------------

-------------------------- Summary for QC Model "AM1" --------------------------
Number of QC Atoms     =             39  Boundary Atoms         =              6
Nuclear Charge         =            129  Orbital Functions      =            108
Fitting Functions      =              0  Energy Base Line       =      188.36370
QC Parameter Centers   =              6
--------------------------------------------------------------------------------

----------------------------- ABFS NB Model Summary ----------------------------
Dielectric             =       1.000000  El. 1-4 Scaling        =       0.833333
Damping Cutoff         =       0.500000  Inner Cutoff           =       8.000000
List Cutoff            =      13.500000  Outer Cutoff           =      12.000000
QC/MM Coupling         =    RC Coupling  Use Centering          =          False
--------------------------------------------------------------------------------

-------------------------- Pairlist Generator Summary --------------------------
Cell Size              =          6.750  Cutoff                 =         13.500
Cutoff Cell Size Factor =          0.500  Grid Cell/Cell Method  =           True
Minimum Cell Extent    =              2  Minimum Cell Size      =          3.000
Minimum Extent Factor  =          1.500  Minimum Points         =            500
Sort Indices           =          False
--------------------------------------------------------------------------------

----------------------- SoftConstraint Container Summary -----------------------
Multiple Distance      =              2
--------------------------------------------------------------------------------

---------------------------- Hard Constraint Container Summary ---------------------------
Number of Charge Constraints  =            0  Number of Fixed Atoms         =         1351
------------------------------------------------------------------------------------------

------------------------------- Sequence Summary -------------------------------
Number of Atoms            =       2173  Number of Components       =        213
Number of Entities         =          1  Number of Linear Polymers  =          0
Number of Links            =          0  Number of Variants         =          0
--------------------------------------------------------------------------------

-------------------------------  Conjugate Gradient Minimizer Options ------------------------------
Beta Type                        =              1  Initial Step                     =            0.1
Line Searcher                    =           None  Log Frequency                    =              1
Maximum Iterations               =           5000  Maximum Theta                    =          1e+10
Minimum Theta                    =          1e-10  RMS Gradient Tolerance           =            0.1
Steepest Descent Tolerance       =          0.001  Use Spectral Theta               =           True
----------------------------------------------------------------------------------------------------

----------------------------------------------------------------------------------------------------------------
  Iteration       Function          RMS Gradient        Max. |Grad.|          RMS Disp.         Max. |Disp.|
----------------------------------------------------------------------------------------------------------------
     0     I      -9515.12993343         39.31997282       1523.08834127          0.00201374          0.07800373
     1   L1s      -9551.57370386          2.73343835         57.97335847          0.00075489          0.01592833
     2   L1s      -9551.92884176          2.33304337         66.90454152          0.00010526          0.00316147
     3   L1s      -9552.56171637          1.98023476         52.01803878          0.00029057          0.01035275
     4   L1s      -9553.28251269          1.11397256         29.72238604          0.00043752          0.01026489
     5   L1s      -9553.41126199          1.28576666         32.93364542          0.00012241          0.00241452
     6   L1s      -9553.48914816          0.81650832         24.46547000          0.00008861          0.00235503
     7   L1s      -9553.62334029          0.71101447         14.12083837          0.00020322          0.00461646
     8   L1s      -9553.69631915          1.14975757         29.91364064          0.00013845          0.00332037
     9   L1s      -9553.78148398          0.53196333         12.71335774          0.00017239          0.00357177
    10   L1s      -9553.81279935          0.44140198         10.40293863          0.00007930          0.00140140
    11   L1s      -9553.86555369          0.50972088         10.77875021          0.00016496          0.00301602
    12   L1s      -9553.87842139          0.46635916         11.77770894          0.00004510          0.00083991
    13   L1s      -9553.90653478          0.29314721          4.40376243          0.00010997          0.00197058
    14   L1s      -9553.92735647          0.44136519          9.98465917          0.00009961          0.00172701
    15   L1s      -9553.93757882          0.34635304          6.55109312          0.00005240          0.00085490
    16   L1s      -9553.95792549          0.27844399          5.50953859          0.00011465          0.00170023
    17   L1s      -9553.96907418          0.26823179          4.31779693          0.00007063          0.00102158
    18   L1s      -9553.97545692          0.34909688          8.26333616          0.00004482          0.00066703
    19   L1s      -9553.98419512          0.22076808          4.01245719          0.00006465          0.00092458
    20   L1s      -9553.99683840          0.21157249          2.95179779          0.00010447          0.00152016
    21   L1s      -9554.00173316          0.28758870          7.09673928          0.00004457          0.00065350
    22   L1s      -9554.00742835          0.18483615          2.78549597          0.00005428          0.00088322
    23   L1s      -9554.01947258          0.21810588          3.67341190          0.00012636          0.00186983
    24   L1s      -9554.02355697          0.29667066          7.54009523          0.00004546          0.00065212
    25   L1s      -9554.03131786          0.21457754          4.49867748          0.00008896          0.00133416
    26   L0s      -9554.03940197          0.15490213          1.58495461          0.00008896          0.00105705
    27   L1s      -9554.04530860          0.29853409          7.84096129          0.00006766          0.00081055
    28   L0s      -9554.05052226          0.22969655          4.39215011          0.00006766          0.00079029
    29   L1s      -9554.05827596          0.21764120          3.70819591          0.00010864          0.00114939
    30   L1s      -9554.06268987          0.28073687          6.88476163          0.00005952          0.00059166
    31   L1s      -9554.06829615          0.22116688          4.40365325          0.00007730          0.00070123
    32   L1s      -9554.07646022          0.17931359          2.21431134          0.00011649          0.00102827
    33   L1s      -9554.08010908          0.25998875          7.11136821          0.00005462          0.00047557
    34   L1s      -9554.08551763          0.16695423          1.68326770          0.00008270          0.00069593
    35   L1s      -9554.09219080          0.16539549          1.85814886          0.00010706          0.00094015
    36   L1s      -9554.09647454          0.24072069          5.18025837          0.00007186          0.00063758
    37   L1s      -9554.10020017          0.19752569          3.12951738          0.00006375          0.00056114
    38   L1s      -9554.10702268          0.17178104          2.08994300          0.00012004          0.00101966
    39   L1s      -9554.11266987          0.19975836          4.50253484          0.00010284          0.00084975
    40   L1s      -9554.11538119          0.20609854          5.77568566          0.00005058          0.00040566
    41   L1s      -9554.11953297          0.17461581          1.89388680          0.00007916          0.00061190
    42   L0s      -9554.12396699          0.24876656          7.86571211          0.00007916          0.00062564
    43   L0s      -9554.12842959          0.16843906          2.48387440          0.00007916          0.00069110
    44   L1s      -9554.13492856          0.18424565          2.34514764          0.00013298          0.00125512
    45   L1s      -9554.13847856          0.25128134          7.75945773          0.00007894          0.00077342
    46   L1s      -9554.14381723          0.16458193          2.04937422          0.00011997          0.00126513
    47   L1s      -9554.14848911          0.21891551          3.52659890          0.00010748          0.00117156
    48   L1s      -9554.15124486          0.20351708          4.10744053          0.00006421          0.00072275
    49   L1s      -9554.15709892          0.18414317          2.96022071          0.00013840          0.00159632
    50   L1s      -9554.16071860          0.23263111          6.86001818          0.00008711          0.00101425
    51   L0s      -9554.16451394          0.15925782          1.83606713          0.00008711          0.00101954
    52   L1s      -9554.16927414          0.15039269          1.90120689          0.00010495          0.00122475
    53   L0s      -9554.17356330          0.23747812          7.27311515          0.00010495          0.00121972
    54   L1s      -9554.17623036          0.16112729          2.67984262          0.00006505          0.00074533
    55   L1s      -9554.18097128          0.19740625          4.78758096          0.00011306          0.00127869
    56   L1s      -9554.18363238          0.20875062          5.31523789          0.00006439          0.00071886
    57   L1s      -9554.18866452          0.16402778          2.23047966          0.00012332          0.00134405
    58   L1s      -9554.19474788          0.14966434          2.24417216          0.00015211          0.00161264
    59   L1s      -9554.19854911          0.18981115          4.63942137          0.00009724          0.00103946
    60   L1s      -9554.20090115          0.18588365          3.78899513          0.00006100          0.00066249
    61   L1s      -9554.20556488          0.15819570          2.05195686          0.00012268          0.00133474
    62   L1s      -9554.20896953          0.22686748          6.57945220          0.00009123          0.00099136
    63   L1s      -9554.21159000          0.14519930          2.05012659          0.00007084          0.00076565
    64   L1s      -9554.21727141          0.16893711          1.95637416          0.00015683          0.00166122
    65   L0s      -9554.22233153          0.22342394          4.90571229          0.00015683          0.00165219
    66   L1s      -9554.22456896          0.16228019          2.63085090          0.00006685          0.00071948
    67   L1s      -9554.22767537          0.12468454          2.18626174          0.00007826          0.00087504
    68   L0s      -9554.23053732          0.13696303          2.43799767          0.00007826          0.00090322
    69   L1s      -9554.23239803          0.20520525          5.81469917          0.00005152          0.00060148
    70   L1s      -9554.23626155          0.14943560          2.95250057          0.00010585          0.00125745
    71   L1s      -9554.23933639          0.16893431          4.46122274          0.00008588          0.00102992
    72   L1s      -9554.24095598          0.14868138          3.10680022          0.00004590          0.00055541
    73   L1s      -9554.24472205          0.13136827          2.07226354          0.00010869          0.00131576
    74   L1s      -9554.24806831          0.11986571          1.58781062          0.00009877          0.00118188
    75   L1s      -9554.24948124          0.15214316          4.75720548          0.00004279          0.00050707
    76   L1s      -9554.25113872          0.11933882          1.81074496          0.00005097          0.00059237
    77   L1s      -9554.25335400          0.12722545          3.67524243          0.00006976          0.00079445
    78   L1s      -9554.25426262          0.12242352          2.91671340          0.00002919          0.00032503
    79   L1s      -9554.25631119          0.08872471          1.02032190          0.00006721          0.00071580
----------------------------------------------------------------------------------------------------------------

Minimization converged.

-------------------  Conjugate Gradient Minimizer Statistics -------------------
Iterations             =             79  Function Calls         =            151
--------------------------------------------------------------------------------
