
#-----------------------------------------------------------------------------#
#                                                                             #
#                                EasyHybrid                                   #
#                   - A pDynamo graphical user interface -                    #
#                                                                             #
#-----------------------------------------------------------------------------#
#                                                                             #
#     Developed by Jose Fernando R Bachega and Luis Fernando S M Timmers      #
#                            <ferbachega@gmail.com>                           #
#                                                                             #
#             visit: https://sites.google.com/site/EasyHybrid/                #
#                   Univesity of Sao Paulo - SP, Brazil                       #
#      Pontifical Catholic University of Rio Grande do Sul - RS, Brazil       #
#                                                                             #
#                                                                             #
#   EasyHybrid team:                               Special thanks to:         #
#   - Jose Fernando R Bachega           |         - Fernando V Maluf          #
#   - Michele Silva                     |                                     #
#   - Luis Fernando S M Timmers         |                                     #
#   - Martin Field                      |         - Leonardo R Bachega        #
#   - Troy Wymore                       |         - Lucas Assirati            #
#   - Osmar Norberto de Souza           |         - Richard Garratt           #
#   - Walter R Paixao-Cortes            |                                     #
#                                                                             #
#   Cite this work as:                                                        #
#   J.F.R. Bachega, L.F.S.M. Timmers, L.Assirati, L.B. Bachega, M.J. Field,   #
#   T. Wymore. J. Comput. Chem. 2013, 34, 2190-2196. DOI: 10.1002/jcc.23346   #
#                                                                             #
#-----------------------------------------------------------------------------#

Generated on Wed Jun  5 17:28:30 2019


--------------------------------------------------------------------------------
                       Summary for System "Pruned System"
--------------------------------------------------------------------------------

---------------------------- Atom Container Summary ----------------------------
Number of Atoms        =           2173  Number of Heavy Atoms  =           1040
Number of Hydrogens    =           1133  Number of Unknowns     =              0
--------------------------------------------------------------------------------

----------------------------- Connectivity Summary -----------------------------
Atoms                  =           2173
--------------------------------------------------------------------------------

------------------------------- Electronic State -------------------------------
Charge                 =             -1  Multiplicity           =              1
--------------------------------------------------------------------------------

--------------------------------------------------------------------------------
                    Summary for Energy Model "AMBER/AM1/ABFS"
--------------------------------------------------------------------------------

----------------------------------- Summary for MM Model "AMBER" -----------------------------------
LJ 1-4 Scaling                   =          0.500  El. 1-4 Scaling                  =          0.833
Number of MM Atoms               =           2173  Number of MM Atom Types          =             37
Number of Inactive MM Atoms      =             33  Total MM Charge                  =          -4.00
Harmonic Bond Terms              =           2169  Harmonic Bond Parameters         =             49
Harmonic Bond Inactive           =           1308  Fourier Improper Terms           =            320
Fourier Improper Parameters      =              3  Fourier Improper Inactive        =            164
Harmonic Angle Terms             =           3403  Harmonic Angle Parameters        =            103
Harmonic Angle Inactive          =           1938  Fourier Dihedral Terms           =           6697
Fourier Dihedral Parameters      =             48  Fourier Dihedral Inactive        =           3453
Exclusions                       =          10377  1-4 Interactions                 =           4805
LJ Parameters Form               =          AMBER  LJ Parameters Types              =             21
1-4 Lennard-Jones Form           =          AMBER  1-4 Lennard-Jones Types          =             21
----------------------------------------------------------------------------------------------------

-------------------------- Summary for QC Model "AM1" --------------------------
Number of QC Atoms     =             39  Boundary Atoms         =              6
Nuclear Charge         =            129  Orbital Functions      =            108
Fitting Functions      =              0  Energy Base Line       =      188.36370
QC Parameter Centers   =              6
--------------------------------------------------------------------------------

----------------------------- ABFS NB Model Summary ----------------------------
Dielectric             =       1.000000  El. 1-4 Scaling        =       0.833333
Damping Cutoff         =       0.500000  Inner Cutoff           =       8.000000
List Cutoff            =      13.500000  Outer Cutoff           =      12.000000
QC/MM Coupling         =    RC Coupling  Use Centering          =          False
--------------------------------------------------------------------------------

-------------------------- Pairlist Generator Summary --------------------------
Cell Size              =          6.750  Cutoff                 =         13.500
Cutoff Cell Size Factor =          0.500  Grid Cell/Cell Method  =           True
Minimum Cell Extent    =              2  Minimum Cell Size      =          3.000
Minimum Extent Factor  =          1.500  Minimum Points         =            500
Sort Indices           =          False
--------------------------------------------------------------------------------

----------------------- SoftConstraint Container Summary -----------------------
Multiple Distance      =              2
--------------------------------------------------------------------------------

---------------------------- Hard Constraint Container Summary ---------------------------
Number of Charge Constraints  =            0  Number of Fixed Atoms         =         1351
------------------------------------------------------------------------------------------

------------------------------- Sequence Summary -------------------------------
Number of Atoms            =       2173  Number of Components       =        213
Number of Entities         =          1  Number of Linear Polymers  =          0
Number of Links            =          0  Number of Variants         =          0
--------------------------------------------------------------------------------

-------------------------------  Conjugate Gradient Minimizer Options ------------------------------
Beta Type                        =              1  Initial Step                     =            0.1
Line Searcher                    =           None  Log Frequency                    =              1
Maximum Iterations               =           5000  Maximum Theta                    =          1e+10
Minimum Theta                    =          1e-10  RMS Gradient Tolerance           =            0.1
Steepest Descent Tolerance       =          0.001  Use Spectral Theta               =           True
----------------------------------------------------------------------------------------------------

----------------------------------------------------------------------------------------------------------------
  Iteration       Function          RMS Gradient        Max. |Grad.|          RMS Disp.         Max. |Disp.|
----------------------------------------------------------------------------------------------------------------
     0     I      -9348.62352971         39.26011828       1477.32270619          0.00201374          0.07577522
     1   L1s      -9385.86797844          3.13694483         84.18953122          0.00076159          0.02026342
     2   L1s      -9386.35918827          2.96161021         79.72387457          0.00012703          0.00458134
     3   L1s      -9387.60339773          1.60482138         44.64671527          0.00046819          0.01210924
     4   L1s      -9387.98247816          1.01475448         22.21457682          0.00023661          0.00436209
     5   L1s      -9388.10257561          1.63985192         39.92101195          0.00012202          0.00237552
     6   L1s      -9388.30524883          1.13929384         25.69225567          0.00022933          0.00512568
     7   L0s      -9388.48703398          0.76037258         18.77559101          0.00022933          0.00393403
     8   L1s      -9388.57075503          1.11111573         31.98333867          0.00013468          0.00246468
     9   L1s      -9388.63786662          0.52519394         10.26863219          0.00012068          0.00166769
    10   L1s      -9388.66871882          0.48194523          9.35579360          0.00007279          0.00090659
    11   L0s      -9388.69367332          0.72683348         21.68263329          0.00007279          0.00091267
    12   L1s      -9388.73106346          0.38434465          5.22947337          0.00011625          0.00164392
    13   L0s      -9388.76355431          0.34541652          6.04210614          0.00011625          0.00178735
    14   L1s      -9388.78324632          0.61572005         19.07173102          0.00008455          0.00131900
    15   L1s      -9388.80809318          0.40816456          8.20323493          0.00011243          0.00176640
    16   L0s      -9388.83273674          0.46861825         13.49090980          0.00011243          0.00176226
    17   L1s      -9388.84541663          0.37960916          9.17135653          0.00006341          0.00097542
    18   L1s      -9388.87152928          0.38737965          7.00090377          0.00015681          0.00239399
    19   L0s      -9388.89796841          0.34258950          6.89461644          0.00015681          0.00246527
    20   L1s      -9388.91014455          0.47865745         14.38690057          0.00007695          0.00118839
    21   L1s      -9388.93216283          0.39587986          5.22061722          0.00014885          0.00237285
    22   L0s      -9388.95214494          0.49804360         15.49712272          0.00014885          0.00235049
    23   L1s      -9388.96328491          0.34263837          4.64455243          0.00008318          0.00129103
    24   L1s      -9388.98179166          0.25640895          3.10445705          0.00013110          0.00199031
    25   L1s      -9388.99578569          0.37212533         11.20775105          0.00010857          0.00180575
    26   L1s      -9389.00190582          0.26126349          3.81828410          0.00004931          0.00074420
    27   L1s      -9389.01524242          0.32520131          7.50751702          0.00011521          0.00171766
    28   L1s      -9389.02217123          0.29652260          5.84281230          0.00006232          0.00094735
    29   L0s      -9389.02864508          0.20870151          4.02343525          0.00006232          0.00095419
    30   L1s      -9389.03860866          0.25425912          4.27390965          0.00010529          0.00159325
    31   L1s      -9389.04445542          0.34534949          8.63964516          0.00006388          0.00099461
    32   L1s      -9389.05348635          0.18922745          2.14792741          0.00010093          0.00160122
    33   L1s      -9389.06029266          0.32252369          6.85906053          0.00008169          0.00123318
    34   L0s      -9389.06686585          0.25623512          4.25801767          0.00008169          0.00126510
    35   L1s      -9389.07893937          0.25547455          3.31067933          0.00015599          0.00228413
    36   L1s      -9389.08838730          0.41607735         10.03484978          0.00012469          0.00185645
    37   L0s      -9389.09796156          0.22885930          2.65172490          0.00012469          0.00176303
    38   L0s      -9389.10770701          0.29285927          5.68627664          0.00012469          0.00188650
    39   L1s      -9389.11304825          0.26962297          5.24875188          0.00007086          0.00100267
    40   L1s      -9389.12177240          0.22693821          4.99046856          0.00011953          0.00175005
    41   L1s      -9389.12903377          0.28997745          7.65781795          0.00010298          0.00141804
    42   L1s      -9389.13332092          0.22930826          3.71699650          0.00006190          0.00086583
    43   L1s      -9389.14041091          0.17401674          2.45406812          0.00010535          0.00147741
    44   L1s      -9389.14547641          0.25702056          8.04708809          0.00007879          0.00097553
    45   L1s      -9389.14894649          0.17124012          2.54188245          0.00005505          0.00071321
    46   L1s      -9389.15559387          0.25262979          7.13709523          0.00011007          0.00136406
    47   L1s      -9389.15890168          0.21591218          4.50372831          0.00005576          0.00068522
    48   L1s      -9389.16476279          0.16877702          3.26231685          0.00010122          0.00122841
    49   L1s      -9389.16943965          0.17897682          3.91659217          0.00008379          0.00087073
    50   L1s      -9389.17159814          0.19060015          5.42837983          0.00003990          0.00045664
    51   L1s      -9389.17512641          0.15427929          2.34815731          0.00006692          0.00071151
    52   L1s      -9389.17819334          0.23960174          7.66074787          0.00006033          0.00060724
    53   L1s      -9389.18200803          0.14499546          1.84760960          0.00007615          0.00074141
    54   L1s      -9389.18658064          0.14646667          2.25317637          0.00009477          0.00091626
    55   L1s      -9389.18879004          0.22000149          5.83801400          0.00004738          0.00046199
    56   L1s      -9389.19273541          0.14298570          2.07326289          0.00008587          0.00085694
    57   L1s      -9389.19567105          0.19548365          5.08257155          0.00006601          0.00066990
    58   L1s      -9389.19798470          0.15501613          2.28363338          0.00005290          0.00054981
    59   L1s      -9389.20132299          0.12723862          2.33890781          0.00007830          0.00083053
    60   L1s      -9389.20362340          0.19242383          4.33347542          0.00005591          0.00059646
    61   L0s      -9389.20567349          0.15491787          2.87741406          0.00005591          0.00060206
    62   L1s      -9389.20838513          0.12879300          1.82513073          0.00007877          0.00084923
    63   L1s      -9389.21087476          0.19538081          5.03875518          0.00006456          0.00069518
    64   L0s      -9389.21321649          0.13167152          1.57669920          0.00006456          0.00069316
    65   L1s      -9389.21630823          0.13900353          2.47126880          0.00009184          0.00097630
    66   L1s      -9389.21840144          0.15425951          3.92301852          0.00006084          0.00063829
    67   L1s      -9389.22012540          0.14735115          2.88937353          0.00005092          0.00052389
    68   L1s      -9389.22301847          0.13102883          2.09968520          0.00008691          0.00086269
    69   L1s      -9389.22448056          0.16898071          3.75134943          0.00004484          0.00043466
    70   L1s      -9389.22695320          0.11184714          1.48070788          0.00007676          0.00070084
    71   L1s      -9389.22889596          0.15272655          4.02859058          0.00006195          0.00054656
    72   L1s      -9389.23045999          0.12937500          2.66191926          0.00005056          0.00044075
    73   L1s      -9389.23235933          0.11178954          2.06318490          0.00006254          0.00053282
    74   L1s      -9389.23454581          0.13259067          3.27559252          0.00007371          0.00063865
    75   L1s      -9389.23579267          0.13680920          3.19008111          0.00004272          0.00037924
    76   L1s      -9389.23800810          0.10910692          1.70332606          0.00007703          0.00070546
    77   L1s      -9389.23949664          0.15263294          3.17143561          0.00005292          0.00049070
    78   L0s      -9389.24084865          0.11543362          2.35048671          0.00005292          0.00050003
    79   L0s      -9389.24222380          0.09887005          1.72748212          0.00005292          0.00050532
----------------------------------------------------------------------------------------------------------------

Minimization converged.

-------------------  Conjugate Gradient Minimizer Statistics -------------------
Iterations             =             79  Function Calls         =            145
--------------------------------------------------------------------------------
