
#-----------------------------------------------------------------------------#
#                                                                             #
#                                EasyHybrid                                   #
#                   - A pDynamo graphical user interface -                    #
#                                                                             #
#-----------------------------------------------------------------------------#
#                                                                             #
#     Developed by Jose Fernando R Bachega and Luis Fernando S M Timmers      #
#                            <ferbachega@gmail.com>                           #
#                                                                             #
#             visit: https://sites.google.com/site/EasyHybrid/                #
#                   Univesity of Sao Paulo - SP, Brazil                       #
#      Pontifical Catholic University of Rio Grande do Sul - RS, Brazil       #
#                                                                             #
#                                                                             #
#   EasyHybrid team:                               Special thanks to:         #
#   - Jose Fernando R Bachega           |         - Fernando V Maluf          #
#   - Michele Silva                     |                                     #
#   - Luis Fernando S M Timmers         |                                     #
#   - Martin Field                      |         - Leonardo R Bachega        #
#   - Troy Wymore                       |         - Lucas Assirati            #
#   - Osmar Norberto de Souza           |         - Richard Garratt           #
#   - Walter R Paixao-Cortes            |                                     #
#                                                                             #
#   Cite this work as:                                                        #
#   J.F.R. Bachega, L.F.S.M. Timmers, L.Assirati, L.B. Bachega, M.J. Field,   #
#   T. Wymore. J. Comput. Chem. 2013, 34, 2190-2196. DOI: 10.1002/jcc.23346   #
#                                                                             #
#-----------------------------------------------------------------------------#

Generated on Wed Jun  5 17:32:42 2019


--------------------------------------------------------------------------------
                       Summary for System "Pruned System"
--------------------------------------------------------------------------------

---------------------------- Atom Container Summary ----------------------------
Number of Atoms        =           2173  Number of Heavy Atoms  =           1040
Number of Hydrogens    =           1133  Number of Unknowns     =              0
--------------------------------------------------------------------------------

----------------------------- Connectivity Summary -----------------------------
Atoms                  =           2173
--------------------------------------------------------------------------------

------------------------------- Electronic State -------------------------------
Charge                 =             -1  Multiplicity           =              1
--------------------------------------------------------------------------------

--------------------------------------------------------------------------------
                    Summary for Energy Model "AMBER/AM1/ABFS"
--------------------------------------------------------------------------------

----------------------------------- Summary for MM Model "AMBER" -----------------------------------
LJ 1-4 Scaling                   =          0.500  El. 1-4 Scaling                  =          0.833
Number of MM Atoms               =           2173  Number of MM Atom Types          =             37
Number of Inactive MM Atoms      =             33  Total MM Charge                  =          -4.00
Harmonic Bond Terms              =           2169  Harmonic Bond Parameters         =             49
Harmonic Bond Inactive           =           1308  Fourier Improper Terms           =            320
Fourier Improper Parameters      =              3  Fourier Improper Inactive        =            164
Harmonic Angle Terms             =           3403  Harmonic Angle Parameters        =            103
Harmonic Angle Inactive          =           1938  Fourier Dihedral Terms           =           6697
Fourier Dihedral Parameters      =             48  Fourier Dihedral Inactive        =           3453
Exclusions                       =          10377  1-4 Interactions                 =           4805
LJ Parameters Form               =          AMBER  LJ Parameters Types              =             21
1-4 Lennard-Jones Form           =          AMBER  1-4 Lennard-Jones Types          =             21
----------------------------------------------------------------------------------------------------

-------------------------- Summary for QC Model "AM1" --------------------------
Number of QC Atoms     =             39  Boundary Atoms         =              6
Nuclear Charge         =            129  Orbital Functions      =            108
Fitting Functions      =              0  Energy Base Line       =      188.36370
QC Parameter Centers   =              6
--------------------------------------------------------------------------------

----------------------------- ABFS NB Model Summary ----------------------------
Dielectric             =       1.000000  El. 1-4 Scaling        =       0.833333
Damping Cutoff         =       0.500000  Inner Cutoff           =       8.000000
List Cutoff            =      13.500000  Outer Cutoff           =      12.000000
QC/MM Coupling         =    RC Coupling  Use Centering          =          False
--------------------------------------------------------------------------------

-------------------------- Pairlist Generator Summary --------------------------
Cell Size              =          6.750  Cutoff                 =         13.500
Cutoff Cell Size Factor =          0.500  Grid Cell/Cell Method  =           True
Minimum Cell Extent    =              2  Minimum Cell Size      =          3.000
Minimum Extent Factor  =          1.500  Minimum Points         =            500
Sort Indices           =          False
--------------------------------------------------------------------------------

----------------------- SoftConstraint Container Summary -----------------------
Multiple Distance      =              2
--------------------------------------------------------------------------------

---------------------------- Hard Constraint Container Summary ---------------------------
Number of Charge Constraints  =            0  Number of Fixed Atoms         =         1351
------------------------------------------------------------------------------------------

------------------------------- Sequence Summary -------------------------------
Number of Atoms            =       2173  Number of Components       =        213
Number of Entities         =          1  Number of Linear Polymers  =          0
Number of Links            =          0  Number of Variants         =          0
--------------------------------------------------------------------------------

-------------------------------  Conjugate Gradient Minimizer Options ------------------------------
Beta Type                        =              1  Initial Step                     =            0.1
Line Searcher                    =           None  Log Frequency                    =              1
Maximum Iterations               =           5000  Maximum Theta                    =          1e+10
Minimum Theta                    =          1e-10  RMS Gradient Tolerance           =            0.1
Steepest Descent Tolerance       =          0.001  Use Spectral Theta               =           True
----------------------------------------------------------------------------------------------------

----------------------------------------------------------------------------------------------------------------
  Iteration       Function          RMS Gradient        Max. |Grad.|          RMS Disp.         Max. |Disp.|
----------------------------------------------------------------------------------------------------------------
     0     I      -9458.93439557         39.45143114       1522.61278701          0.00201374          0.07771953
     1   L1s      -9496.35941014          3.50746775         87.84758697          0.00077287          0.01928622
     2   L1s      -9496.76466914          2.07008349         53.84078349          0.00009410          0.00295359
     3   L1s      -9497.55652824          1.83783567         45.87644249          0.00036198          0.01205691
     4   L0s      -9498.11644051          1.07633568         25.55668966          0.00036198          0.00757191
     5   L1s      -9498.25328192          1.48444110         36.87914659          0.00013607          0.00270040
     6   L1s      -9498.36075130          0.85845786         23.28433306          0.00012099          0.00334007
     7   L1s      -9498.46909276          0.82875717         15.32927202          0.00015892          0.00319576
     8   L1s      -9498.52676274          1.06483590         25.72169127          0.00010167          0.00228536
     9   L1s      -9498.68918204          0.62046398         12.51158756          0.00031179          0.00533787
    10   L1s      -9498.74125432          0.56923395         14.57239305          0.00012045          0.00210093
    11   L1s      -9498.80211006          0.51562657          8.30643582          0.00016523          0.00287973
    12   L1s      -9498.81880404          0.60461518         11.40049396          0.00005237          0.00101667
    13   L1s      -9498.86479017          0.40142759          6.25657975          0.00015694          0.00315968
    14   L1s      -9498.88875150          0.50171470         13.26689775          0.00009524          0.00182059
    15   L1s      -9498.90266494          0.37669286          5.36988175          0.00005968          0.00123508
    16   L1s      -9498.93029311          0.35569056          5.25058318          0.00013261          0.00272026
    17   L1s      -9498.95173223          0.31675701          4.55679990          0.00011390          0.00216580
    18   L1s      -9498.95954918          0.38372408          8.52876284          0.00004609          0.00090449
    19   L1s      -9498.96965215          0.25219170          3.79147373          0.00006328          0.00116409
    20   L1s      -9498.98331319          0.26455294          3.74853471          0.00009620          0.00162979
    21   L1s      -9498.99202909          0.30904062          8.18692455          0.00006695          0.00116509
    22   L1s      -9498.99701883          0.19809757          2.44211643          0.00004049          0.00069569
    23   L1s      -9499.00908851          0.22099576          3.20210131          0.00010969          0.00175355
    24   L1s      -9499.01343639          0.31135648          7.23264993          0.00004263          0.00066538
    25   L1s      -9499.02099480          0.17854463          2.44905089          0.00007669          0.00121155
    26   L0s      -9499.02817293          0.14971420          1.75834420          0.00007669          0.00098859
    27   L1s      -9499.03256929          0.19116079          3.84410363          0.00005232          0.00062739
    28   L1s      -9499.03501502          0.19058436          3.76650899          0.00003147          0.00035635
    29   L1s      -9499.03969043          0.16325542          3.13954834          0.00006336          0.00064461
    30   L1s      -9499.04318151          0.24085545          6.04093399          0.00005039          0.00048604
    31   L0s      -9499.04638302          0.18337530          3.73198594          0.00005039          0.00047224
    32   L1s      -9499.05063360          0.14202516          2.27756131          0.00007189          0.00068493
    33   L1s      -9499.05417052          0.17164583          4.86443907          0.00005818          0.00054879
    34   L1s      -9499.05568801          0.15489702          2.54439221          0.00002597          0.00025218
    35   L1s      -9499.05976152          0.14285722          3.63316418          0.00007290          0.00062179
    36   L1s      -9499.06103115          0.14381393          3.84288023          0.00002384          0.00023628
    37   L1s      -9499.06375114          0.14729476          3.46972415          0.00005333          0.00050371
    38   L1s      -9499.06718169          0.16250827          2.33701503          0.00006988          0.00067358
    39   L1s      -9499.06884082          0.17095243          4.49944072          0.00003479          0.00031619
    40   L1s      -9499.07160182          0.12127510          1.24578545          0.00005936          0.00052174
    41   L1s      -9499.07498384          0.13957671          3.04996032          0.00007613          0.00057063
    42   L1s      -9499.07642052          0.17112737          4.63695092          0.00003340          0.00026798
    43   L1s      -9499.07998128          0.15248546          2.95571449          0.00008450          0.00061736
    44   L1s      -9499.08211758          0.18942248          5.10731460          0.00005196          0.00035685
    45   L1s      -9499.08485449          0.14404163          2.82771858          0.00006759          0.00049108
    46   L1s      -9499.08821694          0.14022586          2.67826854          0.00008517          0.00064121
    47   L1s      -9499.09031467          0.17402780          4.00558686          0.00005450          0.00041851
    48   L1s      -9499.09187282          0.12055738          1.47373443          0.00004113          0.00034775
    49   L1s      -9499.09593465          0.14267173          2.53803512          0.00011064          0.00098883
    50   L1s      -9499.09822898          0.20373597          6.02770792          0.00006383          0.00058193
    51   L1s      -9499.10119541          0.13713034          1.47777470          0.00008337          0.00077960
    52   L1s      -9499.10343969          0.17926336          5.14272272          0.00006448          0.00060754
    53   L1s      -9499.10543323          0.15059022          2.76881243          0.00005798          0.00054815
    54   L1s      -9499.10845173          0.12783205          1.71800794          0.00008930          0.00083842
    55   L1s      -9499.11188528          0.17988653          3.90587122          0.00010389          0.00096779
    56   L1s      -9499.11350166          0.15454147          3.20875081          0.00004944          0.00045467
    57   L1s      -9499.11696095          0.13941919          1.39469452          0.00010736          0.00096603
    58   L0s      -9499.12010708          0.21675270          6.78910951          0.00010736          0.00095615
    59   L1s      -9499.12256495          0.16257280          2.62944271          0.00008061          0.00076780
    60   L1s      -9499.12605292          0.15541959          3.24503130          0.00010149          0.00102956
    61   L1s      -9499.12769594          0.17131878          4.59316741          0.00004856          0.00051021
    62   L1s      -9499.13056316          0.14073431          1.91283557          0.00008583          0.00091618
    63   L1s      -9499.13448265          0.18791426          5.74607811          0.00011949          0.00127947
    64   L1s      -9499.13631526          0.15229914          3.09911519          0.00005643          0.00060732
    65   L1s      -9499.13982373          0.13750233          2.67828462          0.00010963          0.00118632
    66   L1s      -9499.14131948          0.17596884          4.70862885          0.00004757          0.00051315
    67   L1s      -9499.14448140          0.14255344          3.49606656          0.00010161          0.00105700
    68   L1s      -9499.14703755          0.13696156          3.02687568          0.00008343          0.00081358
    69   L1s      -9499.14830583          0.14329614          4.13528312          0.00004206          0.00038500
    70   L1s      -9499.15040613          0.09962212          1.15653058          0.00007066          0.00066563
----------------------------------------------------------------------------------------------------------------

Minimization converged.

-------------------  Conjugate Gradient Minimizer Statistics -------------------
Iterations             =             70  Function Calls         =            137
--------------------------------------------------------------------------------
