
#-----------------------------------------------------------------------------#
#                                                                             #
#                                EasyHybrid                                   #
#                   - A pDynamo graphical user interface -                    #
#                                                                             #
#-----------------------------------------------------------------------------#
#                                                                             #
#     Developed by Jose Fernando R Bachega and Luis Fernando S M Timmers      #
#                            <ferbachega@gmail.com>                           #
#                                                                             #
#             visit: https://sites.google.com/site/EasyHybrid/                #
#                   Univesity of Sao Paulo - SP, Brazil                       #
#      Pontifical Catholic University of Rio Grande do Sul - RS, Brazil       #
#                                                                             #
#                                                                             #
#   EasyHybrid team:                               Special thanks to:         #
#   - Jose Fernando R Bachega           |         - Fernando V Maluf          #
#   - Michele Silva                     |                                     #
#   - Luis Fernando S M Timmers         |                                     #
#   - Martin Field                      |         - Leonardo R Bachega        #
#   - Troy Wymore                       |         - Lucas Assirati            #
#   - Osmar Norberto de Souza           |         - Richard Garratt           #
#   - Walter R Paixao-Cortes            |                                     #
#                                                                             #
#   Cite this work as:                                                        #
#   J.F.R. Bachega, L.F.S.M. Timmers, L.Assirati, L.B. Bachega, M.J. Field,   #
#   T. Wymore. J. Comput. Chem. 2013, 34, 2190-2196. DOI: 10.1002/jcc.23346   #
#                                                                             #
#-----------------------------------------------------------------------------#

Generated on Wed Jun  5 17:30:14 2019


--------------------------------------------------------------------------------
                       Summary for System "Pruned System"
--------------------------------------------------------------------------------

---------------------------- Atom Container Summary ----------------------------
Number of Atoms        =           2173  Number of Heavy Atoms  =           1040
Number of Hydrogens    =           1133  Number of Unknowns     =              0
--------------------------------------------------------------------------------

----------------------------- Connectivity Summary -----------------------------
Atoms                  =           2173
--------------------------------------------------------------------------------

------------------------------- Electronic State -------------------------------
Charge                 =             -1  Multiplicity           =              1
--------------------------------------------------------------------------------

--------------------------------------------------------------------------------
                    Summary for Energy Model "AMBER/AM1/ABFS"
--------------------------------------------------------------------------------

----------------------------------- Summary for MM Model "AMBER" -----------------------------------
LJ 1-4 Scaling                   =          0.500  El. 1-4 Scaling                  =          0.833
Number of MM Atoms               =           2173  Number of MM Atom Types          =             37
Number of Inactive MM Atoms      =             33  Total MM Charge                  =          -4.00
Harmonic Bond Terms              =           2169  Harmonic Bond Parameters         =             49
Harmonic Bond Inactive           =           1308  Fourier Improper Terms           =            320
Fourier Improper Parameters      =              3  Fourier Improper Inactive        =            164
Harmonic Angle Terms             =           3403  Harmonic Angle Parameters        =            103
Harmonic Angle Inactive          =           1938  Fourier Dihedral Terms           =           6697
Fourier Dihedral Parameters      =             48  Fourier Dihedral Inactive        =           3453
Exclusions                       =          10377  1-4 Interactions                 =           4805
LJ Parameters Form               =          AMBER  LJ Parameters Types              =             21
1-4 Lennard-Jones Form           =          AMBER  1-4 Lennard-Jones Types          =             21
----------------------------------------------------------------------------------------------------

-------------------------- Summary for QC Model "AM1" --------------------------
Number of QC Atoms     =             39  Boundary Atoms         =              6
Nuclear Charge         =            129  Orbital Functions      =            108
Fitting Functions      =              0  Energy Base Line       =      188.36370
QC Parameter Centers   =              6
--------------------------------------------------------------------------------

----------------------------- ABFS NB Model Summary ----------------------------
Dielectric             =       1.000000  El. 1-4 Scaling        =       0.833333
Damping Cutoff         =       0.500000  Inner Cutoff           =       8.000000
List Cutoff            =      13.500000  Outer Cutoff           =      12.000000
QC/MM Coupling         =    RC Coupling  Use Centering          =          False
--------------------------------------------------------------------------------

-------------------------- Pairlist Generator Summary --------------------------
Cell Size              =          6.750  Cutoff                 =         13.500
Cutoff Cell Size Factor =          0.500  Grid Cell/Cell Method  =           True
Minimum Cell Extent    =              2  Minimum Cell Size      =          3.000
Minimum Extent Factor  =          1.500  Minimum Points         =            500
Sort Indices           =          False
--------------------------------------------------------------------------------

----------------------- SoftConstraint Container Summary -----------------------
Multiple Distance      =              2
--------------------------------------------------------------------------------

---------------------------- Hard Constraint Container Summary ---------------------------
Number of Charge Constraints  =            0  Number of Fixed Atoms         =         1351
------------------------------------------------------------------------------------------

------------------------------- Sequence Summary -------------------------------
Number of Atoms            =       2173  Number of Components       =        213
Number of Entities         =          1  Number of Linear Polymers  =          0
Number of Links            =          0  Number of Variants         =          0
--------------------------------------------------------------------------------

-------------------------------  Conjugate Gradient Minimizer Options ------------------------------
Beta Type                        =              1  Initial Step                     =            0.1
Line Searcher                    =           None  Log Frequency                    =              1
Maximum Iterations               =           5000  Maximum Theta                    =          1e+10
Minimum Theta                    =          1e-10  RMS Gradient Tolerance           =            0.1
Steepest Descent Tolerance       =          0.001  Use Spectral Theta               =           True
----------------------------------------------------------------------------------------------------

----------------------------------------------------------------------------------------------------------------
  Iteration       Function          RMS Gradient        Max. |Grad.|          RMS Disp.         Max. |Disp.|
----------------------------------------------------------------------------------------------------------------
     0     I      -9517.78840583         37.85228969       1424.39781977          0.00201374          0.07577791
     1   L1s      -9553.58867522          2.37260696         65.34694803          0.00076139          0.01997408
     2   L1s      -9554.76426592          3.31897295        101.67906398          0.00040218          0.01121073
     3   L1s      -9555.18097695          1.72813205         40.40338685          0.00017380          0.00416461
     4   L1s      -9555.64055656          1.17688132         26.52819870          0.00028959          0.00728445
     5   L1s      -9555.76139739          1.51835557         40.98641089          0.00011276          0.00321245
     6   L1s      -9555.98025163          1.18534639         24.35785422          0.00023582          0.00648502
     7   L0s      -9556.16916232          0.80323082         16.90220531          0.00023582          0.00612884
     8   L1s      -9556.23979230          1.00489387         29.28633239          0.00011241          0.00299665
     9   L1s      -9556.29048888          0.55800186         10.11356264          0.00009129          0.00240868
    10   L0s      -9556.33131020          0.49354103          7.75423660          0.00009129          0.00221252
    11   L1s      -9556.35682368          0.65987998         18.93134112          0.00007101          0.00181090
    12   L1s      -9556.39054857          0.45619437          8.90470770          0.00010380          0.00241009
    13   L1s      -9556.45125685          0.41742393          6.23583520          0.00021517          0.00572714
    14   L1s      -9556.48487086          0.76753850         17.92785816          0.00013585          0.00340792
    15   L1s      -9556.52146895          0.55105602         10.62472968          0.00015295          0.00397912
    16   L1s      -9556.56258593          0.56512808         11.78787452          0.00018212          0.00511623
    17   L1s      -9556.58325140          0.56970200         10.82138920          0.00009629          0.00258841
    18   L1s      -9556.61522999          0.41302312          5.87748872          0.00015582          0.00444199
    19   L1s      -9556.65026457          0.35157518          3.79919202          0.00018398          0.00548135
    20   L1s      -9556.66827582          0.47365764         14.18468816          0.00010322          0.00281547
    21   L1s      -9556.67986558          0.30082734          3.08309266          0.00006928          0.00200629
    22   L1s      -9556.69822264          0.35092070          6.24367499          0.00012048          0.00355589
    23   L1s      -9556.70662650          0.36739230          9.78500039          0.00005844          0.00162157
    24   L1s      -9556.71620413          0.20400915          3.86096096          0.00006988          0.00182316
    25   L1s      -9556.72358604          0.22328100          4.51191139          0.00006134          0.00158745
    26   L0s      -9556.73077355          0.25705588          7.65911427          0.00006134          0.00134320
    27   L1s      -9556.73429399          0.16061844          2.87607449          0.00003265          0.00073107
    28   L1s      -9556.74009516          0.16251265          3.63540690          0.00006861          0.00132219
    29   L1s      -9556.74327147          0.24487631          7.78290346          0.00004075          0.00078325
    30   L1s      -9556.74717238          0.15357790          3.30580090          0.00005168          0.00096852
    31   L0s      -9556.75086622          0.20863377          5.19865894          0.00005168          0.00085118
    32   L1s      -9556.75379183          0.17759368          3.45782046          0.00004290          0.00075933
    33   L1s      -9556.75709736          0.13528046          2.08263051          0.00005194          0.00079575
    34   L1s      -9556.76135424          0.18980136          4.04941738          0.00007160          0.00116137
    35   L1s      -9556.76423189          0.21046617          5.65507983          0.00004992          0.00074189
    36   L1s      -9556.76862524          0.15513423          2.07210196          0.00007808          0.00116293
    37   L0s      -9556.77318238          0.22716770          6.89758210          0.00007808          0.00116523
    38   L1s      -9556.77618448          0.16870309          2.76162039          0.00005485          0.00081231
    39   L1s      -9556.78039613          0.17963188          2.90047413          0.00009070          0.00128113
    40   L1s      -9556.78315153          0.18670206          3.68907848          0.00006062          0.00084112
    41   L0s      -9556.78575763          0.15382288          2.36174698          0.00006062          0.00078146
    42   L1s      -9556.78972232          0.18458216          4.71901175          0.00009591          0.00115896
    43   L1s      -9556.79175991          0.16497689          3.59623652          0.00004897          0.00057051
    44   L1s      -9556.79470563          0.14942117          2.43453643          0.00007224          0.00085595
    45   L1s      -9556.79657793          0.16269008          3.29790660          0.00004703          0.00049284
    46   L1s      -9556.79892049          0.14627921          2.16030091          0.00005999          0.00067120
    47   L1s      -9556.80214631          0.15904146          2.97051740          0.00008453          0.00086259
    48   L1s      -9556.80397950          0.16391574          3.57333088          0.00004894          0.00053283
    49   L1s      -9556.80682635          0.14660929          3.13912061          0.00007730          0.00081551
    50   L1s      -9556.80874102          0.16986066          3.66398772          0.00005306          0.00051051
    51   L1s      -9556.81096058          0.13214889          2.41805005          0.00006241          0.00060676
    52   L0s      -9556.81313242          0.12956385          2.37357001          0.00006241          0.00052387
    53   L1s      -9556.81444995          0.14043280          2.71651780          0.00003875          0.00035212
    54   L1s      -9556.81686802          0.14574486          2.76994857          0.00007257          0.00064156
    55   L0s      -9556.81928906          0.17682239          5.04386212          0.00007257          0.00064344
    56   L1s      -9556.82118059          0.12387229          1.83022966          0.00005771          0.00050731
    57   L1s      -9556.82328719          0.14500645          2.40039994          0.00006803          0.00058591
    58   L1s      -9556.82485195          0.13915628          3.13630356          0.00005128          0.00042718
    59   L1s      -9556.82708890          0.14010512          1.72351521          0.00007445          0.00062886
    60   L0s      -9556.82933179          0.15558522          3.64868977          0.00007445          0.00063619
    61   L1s      -9556.83082192          0.12350194          3.15247281          0.00005025          0.00042840
    62   L1s      -9556.83276595          0.13988850          2.58773902          0.00006857          0.00057162
    63   L1s      -9556.83413315          0.12960131          2.18386788          0.00004887          0.00039456
    64   L1s      -9556.83613403          0.12565321          2.07066570          0.00007260          0.00056807
    65   L1s      -9556.83774081          0.13798744          2.70728433          0.00005922          0.00045130
    66   L0s      -9556.83925149          0.14074103          2.68936740          0.00005922          0.00045558
    67   L1s      -9556.84118947          0.13125741          3.36091070          0.00007654          0.00060345
    68   L1s      -9556.84238035          0.12459087          2.44252485          0.00004514          0.00035508
    69   L1s      -9556.84398163          0.11633085          1.83964062          0.00006159          0.00048465
    70   L1s      -9556.84530827          0.11665456          2.42347996          0.00005186          0.00042474
    71   L1s      -9556.84638152          0.10840221          1.59205851          0.00004261          0.00034674
    72   L1s      -9556.84772638          0.11963719          2.24475202          0.00005433          0.00042777
    73   L0s      -9556.84894304          0.13751830          4.17821229          0.00005433          0.00041325
    74   L0s      -9556.85013535          0.10287740          1.50894200          0.00005433          0.00042974
    75   L0s      -9556.85152977          0.12430177          2.67273594          0.00005433          0.00043047
    76   L1s      -9556.85273242          0.10483136          2.08050509          0.00004741          0.00037482
    77   L0s      -9556.85380726          0.10288002          1.47548051          0.00004741          0.00036366
    78   L1s      -9556.85500600          0.11958241          2.46315444          0.00005371          0.00039297
    79   L1s      -9556.85593593          0.09473412          2.40321394          0.00004121          0.00028533
----------------------------------------------------------------------------------------------------------------

Minimization converged.

-------------------  Conjugate Gradient Minimizer Statistics -------------------
Iterations             =             79  Function Calls         =            145
--------------------------------------------------------------------------------
