
#-----------------------------------------------------------------------------#
#                                                                             #
#                                EasyHybrid                                   #
#                   - A pDynamo graphical user interface -                    #
#                                                                             #
#-----------------------------------------------------------------------------#
#                                                                             #
#     Developed by Jose Fernando R Bachega and Luis Fernando S M Timmers      #
#                            <ferbachega@gmail.com>                           #
#                                                                             #
#             visit: https://sites.google.com/site/EasyHybrid/                #
#                   Univesity of Sao Paulo - SP, Brazil                       #
#      Pontifical Catholic University of Rio Grande do Sul - RS, Brazil       #
#                                                                             #
#                                                                             #
#   EasyHybrid team:                               Special thanks to:         #
#   - Jose Fernando R Bachega           |         - Fernando V Maluf          #
#   - Michele Silva                     |                                     #
#   - Luis Fernando S M Timmers         |                                     #
#   - Martin Field                      |         - Leonardo R Bachega        #
#   - Troy Wymore                       |         - Lucas Assirati            #
#   - Osmar Norberto de Souza           |         - Richard Garratt           #
#   - Walter R Paixao-Cortes            |                                     #
#                                                                             #
#   Cite this work as:                                                        #
#   J.F.R. Bachega, L.F.S.M. Timmers, L.Assirati, L.B. Bachega, M.J. Field,   #
#   T. Wymore. J. Comput. Chem. 2013, 34, 2190-2196. DOI: 10.1002/jcc.23346   #
#                                                                             #
#-----------------------------------------------------------------------------#

Generated on Wed Jun  5 17:27:06 2019


--------------------------------------------------------------------------------
                       Summary for System "Pruned System"
--------------------------------------------------------------------------------

---------------------------- Atom Container Summary ----------------------------
Number of Atoms        =           2173  Number of Heavy Atoms  =           1040
Number of Hydrogens    =           1133  Number of Unknowns     =              0
--------------------------------------------------------------------------------

----------------------------- Connectivity Summary -----------------------------
Atoms                  =           2173
--------------------------------------------------------------------------------

------------------------------- Electronic State -------------------------------
Charge                 =             -1  Multiplicity           =              1
--------------------------------------------------------------------------------

--------------------------------------------------------------------------------
                    Summary for Energy Model "AMBER/AM1/ABFS"
--------------------------------------------------------------------------------

----------------------------------- Summary for MM Model "AMBER" -----------------------------------
LJ 1-4 Scaling                   =          0.500  El. 1-4 Scaling                  =          0.833
Number of MM Atoms               =           2173  Number of MM Atom Types          =             37
Number of Inactive MM Atoms      =             33  Total MM Charge                  =          -4.00
Harmonic Bond Terms              =           2169  Harmonic Bond Parameters         =             49
Harmonic Bond Inactive           =           1308  Fourier Improper Terms           =            320
Fourier Improper Parameters      =              3  Fourier Improper Inactive        =            164
Harmonic Angle Terms             =           3403  Harmonic Angle Parameters        =            103
Harmonic Angle Inactive          =           1938  Fourier Dihedral Terms           =           6697
Fourier Dihedral Parameters      =             48  Fourier Dihedral Inactive        =           3453
Exclusions                       =          10377  1-4 Interactions                 =           4805
LJ Parameters Form               =          AMBER  LJ Parameters Types              =             21
1-4 Lennard-Jones Form           =          AMBER  1-4 Lennard-Jones Types          =             21
----------------------------------------------------------------------------------------------------

-------------------------- Summary for QC Model "AM1" --------------------------
Number of QC Atoms     =             39  Boundary Atoms         =              6
Nuclear Charge         =            129  Orbital Functions      =            108
Fitting Functions      =              0  Energy Base Line       =      188.36370
QC Parameter Centers   =              6
--------------------------------------------------------------------------------

----------------------------- ABFS NB Model Summary ----------------------------
Dielectric             =       1.000000  El. 1-4 Scaling        =       0.833333
Damping Cutoff         =       0.500000  Inner Cutoff           =       8.000000
List Cutoff            =      13.500000  Outer Cutoff           =      12.000000
QC/MM Coupling         =    RC Coupling  Use Centering          =          False
--------------------------------------------------------------------------------

-------------------------- Pairlist Generator Summary --------------------------
Cell Size              =          6.750  Cutoff                 =         13.500
Cutoff Cell Size Factor =          0.500  Grid Cell/Cell Method  =           True
Minimum Cell Extent    =              2  Minimum Cell Size      =          3.000
Minimum Extent Factor  =          1.500  Minimum Points         =            500
Sort Indices           =          False
--------------------------------------------------------------------------------

----------------------- SoftConstraint Container Summary -----------------------
Multiple Distance      =              2
--------------------------------------------------------------------------------

---------------------------- Hard Constraint Container Summary ---------------------------
Number of Charge Constraints  =            0  Number of Fixed Atoms         =         1351
------------------------------------------------------------------------------------------

------------------------------- Sequence Summary -------------------------------
Number of Atoms            =       2173  Number of Components       =        213
Number of Entities         =          1  Number of Linear Polymers  =          0
Number of Links            =          0  Number of Variants         =          0
--------------------------------------------------------------------------------

-------------------------------  Conjugate Gradient Minimizer Options ------------------------------
Beta Type                        =              1  Initial Step                     =            0.1
Line Searcher                    =           None  Log Frequency                    =              1
Maximum Iterations               =           5000  Maximum Theta                    =          1e+10
Minimum Theta                    =          1e-10  RMS Gradient Tolerance           =            0.1
Steepest Descent Tolerance       =          0.001  Use Spectral Theta               =           True
----------------------------------------------------------------------------------------------------

----------------------------------------------------------------------------------------------------------------
  Iteration       Function          RMS Gradient        Max. |Grad.|          RMS Disp.         Max. |Disp.|
----------------------------------------------------------------------------------------------------------------
     0     I      -9471.53380627         39.37520446       1495.85885045          0.00201374          0.07650173
     1   L1s      -9510.67560564          2.95663275         84.53296970          0.00080615          0.02298012
     2   L1s      -9510.95444651          1.54100914         32.24730294          0.00007672          0.00176068
     3   L1s      -9511.38037671          1.18798909         31.11315975          0.00025369          0.00521973
     4   L1s      -9511.63397819          0.67517873         12.60149775          0.00022873          0.00353481
     5   L1s      -9511.70004524          0.85627529         27.00899973          0.00009922          0.00235529
     6   L1s      -9511.73144641          0.43224960          7.10830513          0.00005575          0.00078381
     7   L0s      -9511.75087867          0.43623088          8.68860638          0.00005575          0.00096284
     8   L1s      -9511.76343916          0.44172062         10.03919434          0.00004114          0.00054923
     9   L1s      -9511.78291895          0.30445627          6.30645913          0.00006994          0.00088915
    10   L0s      -9511.79966477          0.28753183          5.47612482          0.00006994          0.00105786
    11   L1s      -9511.81072297          0.39328774          9.69690559          0.00005637          0.00080447
    12   L0s      -9511.81988087          0.24494154          3.93542277          0.00005637          0.00085707
    13   L1s      -9511.83082387          0.28264245          5.34239325          0.00008258          0.00096236
    14   L1s      -9511.83425356          0.20343007          3.64398647          0.00002677          0.00036003
    15   L1s      -9511.84219573          0.20604193          3.05221304          0.00006960          0.00098742
    16   L0s      -9511.84888497          0.30954864          8.36491875          0.00006960          0.00112455
    17   L1s      -9511.85463121          0.24260359          3.98551429          0.00005879          0.00088590
    18   L1s      -9511.86277233          0.20159511          4.13337377          0.00007895          0.00116685
    19   L0s      -9511.87037499          0.16822724          3.00229549          0.00007895          0.00115719
    20   L1s      -9511.87436831          0.25533691          6.12602128          0.00004562          0.00060684
    21   L1s      -9511.87863103          0.15858252          2.13584024          0.00005075          0.00063722
    22   L0s      -9511.88269637          0.21255570          4.89976077          0.00005075          0.00069637
    23   L1s      -9511.88550081          0.18923028          4.16081250          0.00003728          0.00046043
    24   L1s      -9511.89028951          0.15232942          3.31401588          0.00006972          0.00086055
    25   L0s      -9511.89485645          0.17007814          2.37164027          0.00006972          0.00081738
    26   L1s      -9511.89778751          0.22047986          7.14922202          0.00004707          0.00051125
    27   L1s      -9511.90114096          0.14295962          2.33123589          0.00005570          0.00053417
    28   L1s      -9511.90400340          0.18524885          6.25530852          0.00005026          0.00046810
    29   L1s      -9511.90588349          0.12982658          2.51610494          0.00003402          0.00035374
    30   L1s      -9511.90883063          0.10408538          1.53560835          0.00005641          0.00058666
    31   L1s      -9511.91125252          0.17657370          4.59838933          0.00005005          0.00050644
    32   L1s      -9511.91328533          0.17080978          3.50166006          0.00004304          0.00042755
    33   L1s      -9511.91647584          0.12449408          1.75057603          0.00006923          0.00068691
    34   L1s      -9511.91831172          0.16330092          5.06496536          0.00004159          0.00041527
    35   L0s      -9511.92002546          0.11439114          1.97848468          0.00004159          0.00042303
    36   L1s      -9511.92348480          0.13860796          1.93310740          0.00009082          0.00094749
    37   L1s      -9511.92519185          0.18460135          4.25764050          0.00004481          0.00048523
    38   L1s      -9511.92819004          0.14086590          2.49361256          0.00007982          0.00085150
    39   L1s      -9511.93148652          0.14200366          2.43370139          0.00008977          0.00092573
    40   L1s      -9511.93345444          0.17357761          4.26476277          0.00005477          0.00056022
    41   L1s      -9511.93592664          0.13080134          2.24672342          0.00006977          0.00070257
    42   L0s      -9511.93846084          0.14940731          3.02590597          0.00006977          0.00070430
    43   L1s      -9511.93988563          0.14776038          2.95254859          0.00004050          0.00039964
    44   L1s      -9511.94348173          0.12364293          1.36875838          0.00010919          0.00103325
    45   L0s      -9511.94692689          0.20191938          5.27010324          0.00010919          0.00106810
    46   L1s      -9511.94893686          0.14352724          1.91699081          0.00006340          0.00067093
    47   L1s      -9511.95177027          0.15511749          2.72558210          0.00008740          0.00099132
    48   L1s      -9511.95417988          0.18461855          4.73758238          0.00007540          0.00089176
    49   L0s      -9511.95658791          0.12137420          1.76386099          0.00007540          0.00095536
    50   L1s      -9511.95964116          0.14527908          2.62897188          0.00009670          0.00123635
    51   L1s      -9511.96094350          0.15118082          2.65225973          0.00004213          0.00053602
    52   L1s      -9511.96394104          0.13570292          1.80792080          0.00009833          0.00120790
    53   L0s      -9511.96716009          0.12517141          1.76869955          0.00009833          0.00113648
    54   L1s      -9511.96909137          0.18196145          4.27991311          0.00005955          0.00066739
    55   L1s      -9511.97125118          0.12176144          1.49663952          0.00007006          0.00072912
    56   L1s      -9511.97422957          0.16125444          3.67201443          0.00009865          0.00097709
    57   L1s      -9511.97624049          0.17346492          3.49518003          0.00006737          0.00063788
    58   L1s      -9511.97946400          0.11887742          1.98565296          0.00010903          0.00094357
    59   L1s      -9511.98211114          0.16410671          3.49031804          0.00009135          0.00080625
    60   L1s      -9511.98355528          0.13993108          2.08267256          0.00005034          0.00045361
    61   L1s      -9511.98617909          0.12233055          2.29594011          0.00009272          0.00083542
    62   L0s      -9511.98888315          0.11707504          1.91851171          0.00009272          0.00081520
    63   L1s      -9511.99103056          0.17247378          4.95382796          0.00007493          0.00064526
    64   L1s      -9511.99254430          0.10582096          1.38541668          0.00005444          0.00043613
    65   L1s      -9511.99464831          0.14266256          3.28234286          0.00007738          0.00059348
    66   L1s      -9511.99582563          0.11651448          2.43736912          0.00004381          0.00032375
    67   L1s      -9511.99784714          0.11138102          2.24826837          0.00007653          0.00056945
    68   L1s      -9512.00020365          0.10450589          1.23821379          0.00009085          0.00068281
    69   L1s      -9512.00163784          0.14429654          3.84836481          0.00005639          0.00042703
    70   L1s      -9512.00270629          0.09449511          1.05492178          0.00004244          0.00032847
----------------------------------------------------------------------------------------------------------------

Minimization converged.

-------------------  Conjugate Gradient Minimizer Statistics -------------------
Iterations             =             70  Function Calls         =            128
--------------------------------------------------------------------------------
