
#-----------------------------------------------------------------------------#
#                                                                             #
#                                EasyHybrid                                   #
#                   - A pDynamo graphical user interface -                    #
#                                                                             #
#-----------------------------------------------------------------------------#
#                                                                             #
#     Developed by Jose Fernando R Bachega and Luis Fernando S M Timmers      #
#                            <ferbachega@gmail.com>                           #
#                                                                             #
#             visit: https://sites.google.com/site/EasyHybrid/                #
#                   Univesity of Sao Paulo - SP, Brazil                       #
#      Pontifical Catholic University of Rio Grande do Sul - RS, Brazil       #
#                                                                             #
#                                                                             #
#   EasyHybrid team:                               Special thanks to:         #
#   - Jose Fernando R Bachega           |         - Fernando V Maluf          #
#   - Michele Silva                     |                                     #
#   - Luis Fernando S M Timmers         |                                     #
#   - Martin Field                      |         - Leonardo R Bachega        #
#   - Troy Wymore                       |         - Lucas Assirati            #
#   - Osmar Norberto de Souza           |         - Richard Garratt           #
#   - Walter R Paixao-Cortes            |                                     #
#                                                                             #
#   Cite this work as:                                                        #
#   J.F.R. Bachega, L.F.S.M. Timmers, L.Assirati, L.B. Bachega, M.J. Field,   #
#   T. Wymore. J. Comput. Chem. 2013, 34, 2190-2196. DOI: 10.1002/jcc.23346   #
#                                                                             #
#-----------------------------------------------------------------------------#

Generated on Wed Jun  5 17:25:59 2019


--------------------------------------------------------------------------------
                       Summary for System "Pruned System"
--------------------------------------------------------------------------------

---------------------------- Atom Container Summary ----------------------------
Number of Atoms        =           2173  Number of Heavy Atoms  =           1040
Number of Hydrogens    =           1133  Number of Unknowns     =              0
--------------------------------------------------------------------------------

----------------------------- Connectivity Summary -----------------------------
Atoms                  =           2173
--------------------------------------------------------------------------------

------------------------------- Electronic State -------------------------------
Charge                 =             -1  Multiplicity           =              1
--------------------------------------------------------------------------------

--------------------------------------------------------------------------------
                    Summary for Energy Model "AMBER/AM1/ABFS"
--------------------------------------------------------------------------------

----------------------------------- Summary for MM Model "AMBER" -----------------------------------
LJ 1-4 Scaling                   =          0.500  El. 1-4 Scaling                  =          0.833
Number of MM Atoms               =           2173  Number of MM Atom Types          =             37
Number of Inactive MM Atoms      =             33  Total MM Charge                  =          -4.00
Harmonic Bond Terms              =           2169  Harmonic Bond Parameters         =             49
Harmonic Bond Inactive           =           1308  Fourier Improper Terms           =            320
Fourier Improper Parameters      =              3  Fourier Improper Inactive        =            164
Harmonic Angle Terms             =           3403  Harmonic Angle Parameters        =            103
Harmonic Angle Inactive          =           1938  Fourier Dihedral Terms           =           6697
Fourier Dihedral Parameters      =             48  Fourier Dihedral Inactive        =           3453
Exclusions                       =          10377  1-4 Interactions                 =           4805
LJ Parameters Form               =          AMBER  LJ Parameters Types              =             21
1-4 Lennard-Jones Form           =          AMBER  1-4 Lennard-Jones Types          =             21
----------------------------------------------------------------------------------------------------

-------------------------- Summary for QC Model "AM1" --------------------------
Number of QC Atoms     =             39  Boundary Atoms         =              6
Nuclear Charge         =            129  Orbital Functions      =            108
Fitting Functions      =              0  Energy Base Line       =      188.36370
QC Parameter Centers   =              6
--------------------------------------------------------------------------------

----------------------------- ABFS NB Model Summary ----------------------------
Dielectric             =       1.000000  El. 1-4 Scaling        =       0.833333
Damping Cutoff         =       0.500000  Inner Cutoff           =       8.000000
List Cutoff            =      13.500000  Outer Cutoff           =      12.000000
QC/MM Coupling         =    RC Coupling  Use Centering          =          False
--------------------------------------------------------------------------------

-------------------------- Pairlist Generator Summary --------------------------
Cell Size              =          6.750  Cutoff                 =         13.500
Cutoff Cell Size Factor =          0.500  Grid Cell/Cell Method  =           True
Minimum Cell Extent    =              2  Minimum Cell Size      =          3.000
Minimum Extent Factor  =          1.500  Minimum Points         =            500
Sort Indices           =          False
--------------------------------------------------------------------------------

----------------------- SoftConstraint Container Summary -----------------------
Multiple Distance      =              2
--------------------------------------------------------------------------------

---------------------------- Hard Constraint Container Summary ---------------------------
Number of Charge Constraints  =            0  Number of Fixed Atoms         =         1351
------------------------------------------------------------------------------------------

------------------------------- Sequence Summary -------------------------------
Number of Atoms            =       2173  Number of Components       =        213
Number of Entities         =          1  Number of Linear Polymers  =          0
Number of Links            =          0  Number of Variants         =          0
--------------------------------------------------------------------------------

-------------------------------  Conjugate Gradient Minimizer Options ------------------------------
Beta Type                        =              1  Initial Step                     =            0.1
Line Searcher                    =           None  Log Frequency                    =              1
Maximum Iterations               =           5000  Maximum Theta                    =          1e+10
Minimum Theta                    =          1e-10  RMS Gradient Tolerance           =            0.1
Steepest Descent Tolerance       =          0.001  Use Spectral Theta               =           True
----------------------------------------------------------------------------------------------------

----------------------------------------------------------------------------------------------------------------
  Iteration       Function          RMS Gradient        Max. |Grad.|          RMS Disp.         Max. |Disp.|
----------------------------------------------------------------------------------------------------------------
     0     I      -9491.85948229         39.35176444       1510.74594522          0.00201374          0.07730911
     1   L1s      -9529.57823295          2.84733510         67.65898418          0.00078063          0.01850709
     2   L1s      -9529.90143302          2.03562247         54.67831728          0.00009218          0.00276712
     3   L1s      -9530.53890416          1.82366434         45.81853922          0.00031393          0.01068382
     4   L1s      -9531.14014077          1.02899719         25.79311432          0.00039467          0.00862992
     5   L1s      -9531.25758060          1.25925037         29.41670478          0.00012024          0.00238227
     6   L1s      -9531.33481957          0.76656461         22.05707743          0.00009324          0.00249965
     7   L1s      -9531.43442043          0.61566907         13.03999767          0.00016002          0.00370511
     8   L1s      -9531.57577632          0.78105612         16.49436962          0.00029404          0.00631907
     9   L1s      -9531.60552989          0.56442929         12.77105584          0.00006919          0.00119349
    10   L1s      -9531.64117544          0.52922981         14.46557197          0.00009742          0.00159987
    11   L1s      -9531.68594127          0.49248932          9.01946033          0.00014036          0.00247049
    12   L1s      -9531.70042978          0.51452417         11.22871754          0.00005129          0.00093434
    13   L1s      -9531.73182836          0.32684002          5.24709228          0.00012167          0.00209528
    14   L0s      -9531.75627201          0.30174452          4.71090676          0.00012167          0.00193177
    15   L1s      -9531.77431834          0.36601392         10.56788178          0.00010084          0.00163114
    16   L1s      -9531.78286919          0.34410524          7.23823789          0.00004976          0.00073452
    17   L1s      -9531.79527268          0.25615217          4.34615823          0.00007790          0.00097608
    18   L1s      -9531.80308882          0.33673516          9.71606360          0.00005496          0.00068252
    19   L1s      -9531.80928118          0.22479013          3.30806885          0.00004602          0.00050270
    20   L1s      -9531.81869379          0.21631186          3.46245462          0.00007775          0.00080453
    21   L1s      -9531.82645777          0.18821178          3.43185426          0.00007040          0.00086606
    22   L1s      -9531.82972130          0.24876602          5.42848197          0.00003276          0.00042455
    23   L1s      -9531.83691277          0.19128074          3.72744829          0.00007589          0.00089291
    24   L1s      -9531.84526081          0.19314566          2.74872185          0.00009494          0.00107358
    25   L1s      -9531.84886421          0.27805334          6.68800003          0.00004368          0.00048295
    26   L1s      -9531.85526640          0.15748059          1.53220676          0.00007982          0.00074098
    27   L0s      -9531.86085404          0.26153267          6.14272303          0.00007982          0.00072598
    28   L1s      -9531.86492634          0.22444538          3.57078153          0.00005735          0.00050251
    29   L1s      -9531.87122742          0.18332261          3.42455905          0.00008567          0.00070902
    30   L1s      -9531.87845397          0.19874551          4.19818845          0.00010328          0.00083634
    31   L0s      -9531.88544770          0.21580125          4.24432760          0.00010328          0.00086629
    32   L1s      -9531.88848598          0.21328333          5.64783056          0.00004636          0.00040394
    33   L1s      -9531.89344379          0.16282047          2.01635955          0.00007845          0.00071675
    34   L1s      -9531.89704069          0.27024030          8.68746123          0.00005967          0.00055229
    35   L1s      -9531.90205974          0.15247501          1.61797594          0.00008462          0.00080364
    36   L1s      -9531.90771796          0.16140930          1.79600898          0.00010005          0.00095996
    37   L1s      -9531.91396833          0.22328497          4.49097053          0.00011493          0.00110420
    38   L1s      -9531.91718200          0.20924696          4.38283124          0.00006023          0.00057835
    39   L1s      -9531.92232235          0.16671554          2.78189567          0.00009838          0.00093805
    40   L0s      -9531.92742791          0.16448337          1.96608462          0.00009838          0.00092390
    41   L0s      -9531.93217969          0.28076207          7.47403844          0.00009838          0.00091929
    42   L1s      -9531.93619191          0.19649181          2.33339057          0.00008240          0.00076004
    43   L1s      -9531.94310571          0.18396452          2.46130833          0.00013424          0.00123520
    44   L1s      -9531.94595550          0.22838446          5.45573494          0.00005674          0.00052735
    45   L1s      -9531.95127405          0.16802383          2.75966790          0.00010758          0.00101228
    46   L1s      -9531.95503735          0.22977864          6.41280403          0.00007824          0.00073739
    47   L1s      -9531.95801271          0.18296878          3.49080342          0.00006275          0.00058900
    48   L1s      -9531.96353579          0.18562023          3.63661695          0.00011904          0.00111362
    49   L1s      -9531.97048006          0.23002517          5.99910710          0.00015266          0.00143398
    50   L1s      -9531.97318233          0.20269455          4.48797033          0.00006016          0.00056802
    51   L1s      -9531.97943188          0.19200750          4.18246630          0.00014137          0.00134244
    52   L1s      -9531.98292121          0.24897609          6.12223033          0.00008028          0.00076412
    53   L1s      -9531.98828774          0.17783719          2.91208207          0.00012470          0.00118730
    54   L1s      -9531.99554916          0.23148038          5.35542123          0.00017198          0.00169592
    55   L1s      -9531.99822296          0.20887798          4.25374230          0.00006403          0.00066308
    56   L1s      -9532.00615668          0.18618945          2.62239919          0.00019247          0.00210956
    57   L0s      -9532.01365533          0.29527419          8.55219179          0.00019247          0.00213622
    58   L1s      -9532.01762226          0.19788381          3.36396883          0.00009985          0.00112328
    59   L1s      -9532.02276674          0.21358918          5.34464846          0.00012000          0.00135304
    60   L1s      -9532.02611001          0.23366048          6.22657802          0.00007902          0.00089609
    61   L1s      -9532.03142510          0.17654927          2.98349069          0.00012699          0.00145734
    62   L1s      -9532.03758505          0.17487021          4.54250518          0.00014985          0.00174192
    63   L1s      -9532.03945706          0.19079728          4.79960661          0.00004636          0.00054471
    64   L1s      -9532.04476535          0.17833490          2.69800303          0.00013339          0.00154413
    65   L1s      -9532.04821395          0.24084061          6.86118169          0.00008805          0.00100124
    66   L1s      -9532.05218429          0.14484198          2.25480078          0.00010225          0.00108607
    67   L0s      -9532.05588911          0.15262441          2.95097608          0.00010225          0.00104076
    68   L1s      -9532.05742853          0.16660447          4.29517463          0.00004299          0.00044247
    69   L1s      -9532.05986714          0.14444505          3.57734740          0.00006664          0.00068915
    70   L1s      -9532.06362480          0.16614349          4.10239314          0.00010483          0.00108257
    71   L1s      -9532.06531910          0.16019314          2.74589436          0.00004799          0.00049440
    72   L1s      -9532.06908618          0.12379489          1.10670824          0.00010838          0.00111442
    73   L1s      -9532.07148430          0.21129850          7.16330036          0.00007074          0.00072487
    74   L0s      -9532.07401165          0.11845302          1.64299309          0.00007074          0.00070120
    75   L0s      -9532.07664435          0.14492687          3.47821108          0.00007074          0.00068298
    76   L1s      -9532.07791775          0.15058780          3.63319662          0.00003533          0.00033252
    77   L1s      -9532.08055845          0.12547590          2.41139413          0.00007044          0.00065462
    78   L1s      -9532.08182198          0.14647695          4.10116688          0.00003467          0.00032030
    79   L1s      -9532.08342055          0.10336664          2.37181645          0.00004475          0.00041418
    80   L1s      -9532.08520973          0.11784086          2.21185047          0.00005202          0.00049391
    81   L1s      -9532.08639473          0.15183601          4.08219639          0.00003541          0.00034232
    82   L1s      -9532.08837056          0.10846186          1.82198338          0.00005998          0.00060251
    83   L1s      -9532.09002934          0.15964602          4.65512146          0.00005185          0.00052823
    84   L0s      -9532.09151930          0.11966788          1.93716765          0.00005185          0.00053961
    85   L1s      -9532.09461490          0.13534970          2.47139445          0.00011679          0.00122291
    86   L1s      -9532.09577681          0.15053086          3.83263023          0.00004150          0.00043573
    87   L1s      -9532.09828614          0.10869217          1.66523356          0.00009064          0.00094729
    88   L1s      -9532.10024966          0.11573736          2.23804854          0.00007241          0.00074688
    89   L1s      -9532.10165385          0.15476370          4.74917684          0.00005272          0.00053831
    90   L1s      -9532.10325781          0.11454947          1.67236936          0.00006081          0.00060759
    91   L1s      -9532.10527486          0.14080744          3.78580141          0.00007781          0.00076802
    92   L1s      -9532.10627740          0.10031893          1.46585423          0.00003910          0.00037881
    93   L1s      -9532.10817712          0.10050864          1.21759587          0.00007568          0.00072698
    94   L1s      -9532.10956059          0.14462882          3.68615578          0.00005622          0.00053822
    95   L1s      -9532.11065218          0.09839899          1.52283420          0.00004478          0.00042852
----------------------------------------------------------------------------------------------------------------

Minimization converged.

-------------------  Conjugate Gradient Minimizer Statistics -------------------
Iterations             =             95  Function Calls         =            181
--------------------------------------------------------------------------------
