
#-----------------------------------------------------------------------------#
#                                                                             #
#                                EasyHybrid                                   #
#                   - A pDynamo graphical user interface -                    #
#                                                                             #
#-----------------------------------------------------------------------------#
#                                                                             #
#     Developed by Jose Fernando R Bachega and Luis Fernando S M Timmers      #
#                            <ferbachega@gmail.com>                           #
#                                                                             #
#             visit: https://sites.google.com/site/EasyHybrid/                #
#                   Univesity of Sao Paulo - SP, Brazil                       #
#      Pontifical Catholic University of Rio Grande do Sul - RS, Brazil       #
#                                                                             #
#                                                                             #
#   EasyHybrid team:                               Special thanks to:         #
#   - Jose Fernando R Bachega           |         - Fernando V Maluf          #
#   - Michele Silva                     |                                     #
#   - Luis Fernando S M Timmers         |                                     #
#   - Martin Field                      |         - Leonardo R Bachega        #
#   - Troy Wymore                       |         - Lucas Assirati            #
#   - Osmar Norberto de Souza           |         - Richard Garratt           #
#   - Walter R Paixao-Cortes            |                                     #
#                                                                             #
#   Cite this work as:                                                        #
#   J.F.R. Bachega, L.F.S.M. Timmers, L.Assirati, L.B. Bachega, M.J. Field,   #
#   T. Wymore. J. Comput. Chem. 2013, 34, 2190-2196. DOI: 10.1002/jcc.23346   #
#                                                                             #
#-----------------------------------------------------------------------------#

Generated on Wed Jun  5 17:31:14 2019


--------------------------------------------------------------------------------
                       Summary for System "Pruned System"
--------------------------------------------------------------------------------

---------------------------- Atom Container Summary ----------------------------
Number of Atoms        =           2173  Number of Heavy Atoms  =           1040
Number of Hydrogens    =           1133  Number of Unknowns     =              0
--------------------------------------------------------------------------------

----------------------------- Connectivity Summary -----------------------------
Atoms                  =           2173
--------------------------------------------------------------------------------

------------------------------- Electronic State -------------------------------
Charge                 =             -1  Multiplicity           =              1
--------------------------------------------------------------------------------

--------------------------------------------------------------------------------
                    Summary for Energy Model "AMBER/AM1/ABFS"
--------------------------------------------------------------------------------

----------------------------------- Summary for MM Model "AMBER" -----------------------------------
LJ 1-4 Scaling                   =          0.500  El. 1-4 Scaling                  =          0.833
Number of MM Atoms               =           2173  Number of MM Atom Types          =             37
Number of Inactive MM Atoms      =             33  Total MM Charge                  =          -4.00
Harmonic Bond Terms              =           2169  Harmonic Bond Parameters         =             49
Harmonic Bond Inactive           =           1308  Fourier Improper Terms           =            320
Fourier Improper Parameters      =              3  Fourier Improper Inactive        =            164
Harmonic Angle Terms             =           3403  Harmonic Angle Parameters        =            103
Harmonic Angle Inactive          =           1938  Fourier Dihedral Terms           =           6697
Fourier Dihedral Parameters      =             48  Fourier Dihedral Inactive        =           3453
Exclusions                       =          10377  1-4 Interactions                 =           4805
LJ Parameters Form               =          AMBER  LJ Parameters Types              =             21
1-4 Lennard-Jones Form           =          AMBER  1-4 Lennard-Jones Types          =             21
----------------------------------------------------------------------------------------------------

-------------------------- Summary for QC Model "AM1" --------------------------
Number of QC Atoms     =             39  Boundary Atoms         =              6
Nuclear Charge         =            129  Orbital Functions      =            108
Fitting Functions      =              0  Energy Base Line       =      188.36370
QC Parameter Centers   =              6
--------------------------------------------------------------------------------

----------------------------- ABFS NB Model Summary ----------------------------
Dielectric             =       1.000000  El. 1-4 Scaling        =       0.833333
Damping Cutoff         =       0.500000  Inner Cutoff           =       8.000000
List Cutoff            =      13.500000  Outer Cutoff           =      12.000000
QC/MM Coupling         =    RC Coupling  Use Centering          =          False
--------------------------------------------------------------------------------

-------------------------- Pairlist Generator Summary --------------------------
Cell Size              =          6.750  Cutoff                 =         13.500
Cutoff Cell Size Factor =          0.500  Grid Cell/Cell Method  =           True
Minimum Cell Extent    =              2  Minimum Cell Size      =          3.000
Minimum Extent Factor  =          1.500  Minimum Points         =            500
Sort Indices           =          False
--------------------------------------------------------------------------------

----------------------- SoftConstraint Container Summary -----------------------
Multiple Distance      =              2
--------------------------------------------------------------------------------

---------------------------- Hard Constraint Container Summary ---------------------------
Number of Charge Constraints  =            0  Number of Fixed Atoms         =         1351
------------------------------------------------------------------------------------------

------------------------------- Sequence Summary -------------------------------
Number of Atoms            =       2173  Number of Components       =        213
Number of Entities         =          1  Number of Linear Polymers  =          0
Number of Links            =          0  Number of Variants         =          0
--------------------------------------------------------------------------------

-------------------------------  Conjugate Gradient Minimizer Options ------------------------------
Beta Type                        =              1  Initial Step                     =            0.1
Line Searcher                    =           None  Log Frequency                    =              1
Maximum Iterations               =           5000  Maximum Theta                    =          1e+10
Minimum Theta                    =          1e-10  RMS Gradient Tolerance           =            0.1
Steepest Descent Tolerance       =          0.001  Use Spectral Theta               =           True
----------------------------------------------------------------------------------------------------

----------------------------------------------------------------------------------------------------------------
  Iteration       Function          RMS Gradient        Max. |Grad.|          RMS Disp.         Max. |Disp.|
----------------------------------------------------------------------------------------------------------------
     0     I      -9331.38606157         36.34703727       1303.77226238          0.00201374          0.07223309
     1   L1s      -9366.32177134          3.59647800         79.65496558          0.00077410          0.01556803
     2   L1s      -9367.36852147          4.73416982        158.37890987          0.00023736          0.00593527
     3   L1s      -9369.41721559          2.18278159         58.19088329          0.00058148          0.01557360
     4   L1s      -9370.17722292          1.12329828         28.99258769          0.00035964          0.00891573
     5   L1s      -9370.38315921          1.85181092         41.35155147          0.00017921          0.00448504
     6   L1s      -9370.59122558          1.17337588         19.71468848          0.00020298          0.00443217
     7   L1s      -9370.72293772          1.00843096         23.67263723          0.00015869          0.00287950
     8   L1s      -9370.78209973          0.82737035         14.66017724          0.00008570          0.00175174
     9   L1s      -9370.86908615          0.52099348          9.89697056          0.00015233          0.00262456
    10   L1s      -9370.90622122          0.47559866          7.95352004          0.00008700          0.00154147
    11   L1s      -9370.93095435          0.67193977         17.40522682          0.00007158          0.00150715
    12   L1s      -9370.96218200          0.46690298          8.22099945          0.00009794          0.00211106
    13   L1s      -9371.00692833          0.43752136          7.09345513          0.00016039          0.00408566
    14   L1s      -9371.02395940          0.57361990         13.84295672          0.00006867          0.00156471
    15   L1s      -9371.07392140          0.42006960          8.53315546          0.00021379          0.00487586
    16   L1s      -9371.09626760          0.53183933         13.33740857          0.00010599          0.00256509
    17   L1s      -9371.11049875          0.35183003          5.24646120          0.00007073          0.00164256
    18   L1s      -9371.12933885          0.31389101          6.20541573          0.00010332          0.00237804
    19   L1s      -9371.14420217          0.21598107          4.59192902          0.00009026          0.00179937
    20   L1s      -9371.14977405          0.34519786          9.89773444          0.00003971          0.00079498
    21   L1s      -9371.15892525          0.22542491          2.68597576          0.00006868          0.00126813
    22   L1s      -9371.17013621          0.19744532          3.17061544          0.00009328          0.00168577
    23   L1s      -9371.17555265          0.27240158          6.80345422          0.00005028          0.00085097
    24   L1s      -9371.17991874          0.18005831          2.31751725          0.00004256          0.00054752
    25   L1s      -9371.18532619          0.26024774          8.32021282          0.00005807          0.00071984
    26   L1s      -9371.18905715          0.19279142          3.33472057          0.00004172          0.00045531
    27   L1s      -9371.19606661          0.17169048          2.33946135          0.00008374          0.00096365
    28   L1s      -9371.20102775          0.17710134          3.06955295          0.00006372          0.00074391
    29   L1s      -9371.20394401          0.23622793          7.51411591          0.00003977          0.00046125
    30   L1s      -9371.20857038          0.17914427          3.22372569          0.00006507          0.00071892
    31   L1s      -9371.21399182          0.14782258          2.18747641          0.00008010          0.00088459
    32   L1s      -9371.21816523          0.17452058          4.60097127          0.00006579          0.00077867
    33   L1s      -9371.21993004          0.16827997          4.61412773          0.00002900          0.00030561
    34   L1s      -9371.22405805          0.16030458          2.65023809          0.00007069          0.00086051
    35   L1s      -9371.22649418          0.19146717          5.28334354          0.00004350          0.00045675
    36   L1s      -9371.22937502          0.12264708          1.48553186          0.00005287          0.00046292
    37   L1s      -9371.23339102          0.14820267          3.05016271          0.00007832          0.00068133
    38   L1s      -9371.23513212          0.15297003          4.63633307          0.00003526          0.00033431
    39   L1s      -9371.23656141          0.11815938          1.92673746          0.00002992          0.00027388
    40   L1s      -9371.24025383          0.10623742          1.31448711          0.00008133          0.00074524
    41   L1s      -9371.24337749          0.16408901          3.32894959          0.00007280          0.00066088
    42   L1s      -9371.24462508          0.12427485          2.86918087          0.00002972          0.00026279
    43   L1s      -9371.24809537          0.14711601          2.84025265          0.00008572          0.00082180
    44   L1s      -9371.24985316          0.17527071          4.21623647          0.00004449          0.00038025
    45   L1s      -9371.25415460          0.13402472          1.64523669          0.00011067          0.00098404
    46   L1s      -9371.25750086          0.15564293          3.82828407          0.00008854          0.00083422
    47   L1s      -9371.25894283          0.14576096          3.13116702          0.00003887          0.00032671
    48   L1s      -9371.26076770          0.09524235          1.56961206          0.00005023          0.00040106
----------------------------------------------------------------------------------------------------------------

Minimization converged.

-------------------  Conjugate Gradient Minimizer Statistics -------------------
Iterations             =             48  Function Calls         =             97
--------------------------------------------------------------------------------
