
#-----------------------------------------------------------------------------#
#                                                                             #
#                                EasyHybrid                                   #
#                   - A pDynamo graphical user interface -                    #
#                                                                             #
#-----------------------------------------------------------------------------#
#                                                                             #
#     Developed by Jose Fernando R Bachega and Luis Fernando S M Timmers      #
#                            <ferbachega@gmail.com>                           #
#                                                                             #
#             visit: https://sites.google.com/site/EasyHybrid/                #
#                   Univesity of Sao Paulo - SP, Brazil                       #
#      Pontifical Catholic University of Rio Grande do Sul - RS, Brazil       #
#                                                                             #
#                                                                             #
#   EasyHybrid team:                               Special thanks to:         #
#   - Jose Fernando R Bachega           |         - Fernando V Maluf          #
#   - Michele Silva                     |                                     #
#   - Luis Fernando S M Timmers         |                                     #
#   - Martin Field                      |         - Leonardo R Bachega        #
#   - Troy Wymore                       |         - Lucas Assirati            #
#   - Osmar Norberto de Souza           |         - Richard Garratt           #
#   - Walter R Paixao-Cortes            |                                     #
#                                                                             #
#   Cite this work as:                                                        #
#   J.F.R. Bachega, L.F.S.M. Timmers, L.Assirati, L.B. Bachega, M.J. Field,   #
#   T. Wymore. J. Comput. Chem. 2013, 34, 2190-2196. DOI: 10.1002/jcc.23346   #
#                                                                             #
#-----------------------------------------------------------------------------#

Generated on Wed Jun  5 17:25:48 2019


--------------------------------------------------------------------------------
                       Summary for System "Pruned System"
--------------------------------------------------------------------------------

---------------------------- Atom Container Summary ----------------------------
Number of Atoms        =           2173  Number of Heavy Atoms  =           1040
Number of Hydrogens    =           1133  Number of Unknowns     =              0
--------------------------------------------------------------------------------

----------------------------- Connectivity Summary -----------------------------
Atoms                  =           2173
--------------------------------------------------------------------------------

------------------------------- Electronic State -------------------------------
Charge                 =             -1  Multiplicity           =              1
--------------------------------------------------------------------------------

--------------------------------------------------------------------------------
                    Summary for Energy Model "AMBER/AM1/ABFS"
--------------------------------------------------------------------------------

----------------------------------- Summary for MM Model "AMBER" -----------------------------------
LJ 1-4 Scaling                   =          0.500  El. 1-4 Scaling                  =          0.833
Number of MM Atoms               =           2173  Number of MM Atom Types          =             37
Number of Inactive MM Atoms      =             33  Total MM Charge                  =          -4.00
Harmonic Bond Terms              =           2169  Harmonic Bond Parameters         =             49
Harmonic Bond Inactive           =           1308  Fourier Improper Terms           =            320
Fourier Improper Parameters      =              3  Fourier Improper Inactive        =            164
Harmonic Angle Terms             =           3403  Harmonic Angle Parameters        =            103
Harmonic Angle Inactive          =           1938  Fourier Dihedral Terms           =           6697
Fourier Dihedral Parameters      =             48  Fourier Dihedral Inactive        =           3453
Exclusions                       =          10377  1-4 Interactions                 =           4805
LJ Parameters Form               =          AMBER  LJ Parameters Types              =             21
1-4 Lennard-Jones Form           =          AMBER  1-4 Lennard-Jones Types          =             21
----------------------------------------------------------------------------------------------------

-------------------------- Summary for QC Model "AM1" --------------------------
Number of QC Atoms     =             39  Boundary Atoms         =              6
Nuclear Charge         =            129  Orbital Functions      =            108
Fitting Functions      =              0  Energy Base Line       =      188.36370
QC Parameter Centers   =              6
--------------------------------------------------------------------------------

----------------------------- ABFS NB Model Summary ----------------------------
Dielectric             =       1.000000  El. 1-4 Scaling        =       0.833333
Damping Cutoff         =       0.500000  Inner Cutoff           =       8.000000
List Cutoff            =      13.500000  Outer Cutoff           =      12.000000
QC/MM Coupling         =    RC Coupling  Use Centering          =          False
--------------------------------------------------------------------------------

-------------------------- Pairlist Generator Summary --------------------------
Cell Size              =          6.750  Cutoff                 =         13.500
Cutoff Cell Size Factor =          0.500  Grid Cell/Cell Method  =           True
Minimum Cell Extent    =              2  Minimum Cell Size      =          3.000
Minimum Extent Factor  =          1.500  Minimum Points         =            500
Sort Indices           =          False
--------------------------------------------------------------------------------

----------------------- SoftConstraint Container Summary -----------------------
Multiple Distance      =              2
--------------------------------------------------------------------------------

---------------------------- Hard Constraint Container Summary ---------------------------
Number of Charge Constraints  =            0  Number of Fixed Atoms         =         1351
------------------------------------------------------------------------------------------

------------------------------- Sequence Summary -------------------------------
Number of Atoms            =       2173  Number of Components       =        213
Number of Entities         =          1  Number of Linear Polymers  =          0
Number of Links            =          0  Number of Variants         =          0
--------------------------------------------------------------------------------

-------------------------------  Conjugate Gradient Minimizer Options ------------------------------
Beta Type                        =              1  Initial Step                     =            0.1
Line Searcher                    =           None  Log Frequency                    =              1
Maximum Iterations               =           5000  Maximum Theta                    =          1e+10
Minimum Theta                    =          1e-10  RMS Gradient Tolerance           =            0.1
Steepest Descent Tolerance       =          0.001  Use Spectral Theta               =           True
----------------------------------------------------------------------------------------------------

----------------------------------------------------------------------------------------------------------------
  Iteration       Function          RMS Gradient        Max. |Grad.|          RMS Disp.         Max. |Disp.|
----------------------------------------------------------------------------------------------------------------
     0     I      -9503.19132941         39.33853612       1518.37049093          0.00201374          0.07772541
     1   L1s      -9540.25500984          2.71629846         59.99642650          0.00076744          0.01691551
     2   L1s      -9540.58787906          2.20958868         62.47065734          0.00009933          0.00295517
     3   L1s      -9541.20618936          1.91853460         49.69512931          0.00029402          0.01031881
     4   L1s      -9541.89517292          1.08278576         28.54765580          0.00043272          0.00999438
     5   L1s      -9542.01561808          1.24451097         31.40446038          0.00011794          0.00230321
     6   L1s      -9542.09022559          0.79298316         23.50554063          0.00008752          0.00231117
     7   L1s      -9542.21199648          0.65829068         13.98291991          0.00019003          0.00439927
     8   L0s      -9542.31300302          1.05000742         26.42659530          0.00019003          0.00448377
     9   L1s      -9542.37192778          0.53828515         10.33960879          0.00012430          0.00263194
    10   L1s      -9542.40242509          0.44440844          9.73698135          0.00009048          0.00155158
    11   L1s      -9542.45128713          0.48781594         11.59135126          0.00017011          0.00301464
    12   L1s      -9542.46468952          0.47121247         11.38537579          0.00005170          0.00092753
    13   L1s      -9542.49047411          0.32691137          6.44142159          0.00010891          0.00215850
    14   L1s      -9542.49967648          0.42706852         15.87842313          0.00004507          0.00081084
    15   L1s      -9542.51820963          0.28177103          4.64910503          0.00009736          0.00184297
    16   L1s      -9542.53714287          0.29299005          4.92253588          0.00011332          0.00203144
    17   L1s      -9542.54522236          0.31316824          7.11918229          0.00005330          0.00100373
    18   L1s      -9542.55170166          0.24429785          4.04873981          0.00004591          0.00081281
    19   L1s      -9542.56092641          0.20539186          3.72301472          0.00007216          0.00118037
    20   L1s      -9542.56590261          0.30071662          7.18071474          0.00004360          0.00074549
    21   L1s      -9542.57129630          0.17037562          2.38485352          0.00004944          0.00072901
    22   L0s      -9542.57633668          0.16767099          4.14444300          0.00004944          0.00073724
    23   L1s      -9542.57854578          0.19449807          3.89912357          0.00002433          0.00036282
    24   L1s      -9542.58393827          0.17108715          2.90318312          0.00006549          0.00092676
    25   L1s      -9542.58826753          0.15109792          1.91115632          0.00005644          0.00075172
    26   L1s      -9542.59106116          0.21032963          6.54644158          0.00003938          0.00051790
    27   L0s      -9542.59387852          0.12655193          1.45518291          0.00003938          0.00049362
    28   L1s      -9542.59624079          0.16493849          4.86701769          0.00003416          0.00039354
    29   L1s      -9542.59791111          0.15582488          3.38179393          0.00002600          0.00030127
    30   L1s      -9542.60178928          0.11054438          1.21088756          0.00006365          0.00067946
    31   L0s      -9542.60533472          0.12210772          1.65046387          0.00006365          0.00066826
    32   L1s      -9542.60798662          0.16024278          4.87068871          0.00005077          0.00048875
    33   L1s      -9542.60920878          0.11601005          1.92997966          0.00002421          0.00021321
    34   L1s      -9542.61092315          0.10930788          1.71541358          0.00003602          0.00030055
    35   L0s      -9542.61242421          0.16884210          4.95205909          0.00003602          0.00029833
    36   L0s      -9542.61407245          0.09878076          1.19312264          0.00003602          0.00028469
----------------------------------------------------------------------------------------------------------------

Minimization converged.

-------------------  Conjugate Gradient Minimizer Statistics -------------------
Iterations             =             36  Function Calls         =             67
--------------------------------------------------------------------------------
