
#-----------------------------------------------------------------------------#
#                                                                             #
#                                EasyHybrid                                   #
#                   - A pDynamo graphical user interface -                    #
#                                                                             #
#-----------------------------------------------------------------------------#
#                                                                             #
#     Developed by Jose Fernando R Bachega and Luis Fernando S M Timmers      #
#                            <ferbachega@gmail.com>                           #
#                                                                             #
#             visit: https://sites.google.com/site/EasyHybrid/                #
#                   Univesity of Sao Paulo - SP, Brazil                       #
#      Pontifical Catholic University of Rio Grande do Sul - RS, Brazil       #
#                                                                             #
#                                                                             #
#   EasyHybrid team:                               Special thanks to:         #
#   - Jose Fernando R Bachega           |         - Fernando V Maluf          #
#   - Michele Silva                     |                                     #
#   - Luis Fernando S M Timmers         |                                     #
#   - Martin Field                      |         - Leonardo R Bachega        #
#   - Troy Wymore                       |         - Lucas Assirati            #
#   - Osmar Norberto de Souza           |         - Richard Garratt           #
#   - Walter R Paixao-Cortes            |                                     #
#                                                                             #
#   Cite this work as:                                                        #
#   J.F.R. Bachega, L.F.S.M. Timmers, L.Assirati, L.B. Bachega, M.J. Field,   #
#   T. Wymore. J. Comput. Chem. 2013, 34, 2190-2196. DOI: 10.1002/jcc.23346   #
#                                                                             #
#-----------------------------------------------------------------------------#

Generated on Wed Jun  5 17:30:38 2019


--------------------------------------------------------------------------------
                       Summary for System "Pruned System"
--------------------------------------------------------------------------------

---------------------------- Atom Container Summary ----------------------------
Number of Atoms        =           2173  Number of Heavy Atoms  =           1040
Number of Hydrogens    =           1133  Number of Unknowns     =              0
--------------------------------------------------------------------------------

----------------------------- Connectivity Summary -----------------------------
Atoms                  =           2173
--------------------------------------------------------------------------------

------------------------------- Electronic State -------------------------------
Charge                 =             -1  Multiplicity           =              1
--------------------------------------------------------------------------------

--------------------------------------------------------------------------------
                    Summary for Energy Model "AMBER/AM1/ABFS"
--------------------------------------------------------------------------------

----------------------------------- Summary for MM Model "AMBER" -----------------------------------
LJ 1-4 Scaling                   =          0.500  El. 1-4 Scaling                  =          0.833
Number of MM Atoms               =           2173  Number of MM Atom Types          =             37
Number of Inactive MM Atoms      =             33  Total MM Charge                  =          -4.00
Harmonic Bond Terms              =           2169  Harmonic Bond Parameters         =             49
Harmonic Bond Inactive           =           1308  Fourier Improper Terms           =            320
Fourier Improper Parameters      =              3  Fourier Improper Inactive        =            164
Harmonic Angle Terms             =           3403  Harmonic Angle Parameters        =            103
Harmonic Angle Inactive          =           1938  Fourier Dihedral Terms           =           6697
Fourier Dihedral Parameters      =             48  Fourier Dihedral Inactive        =           3453
Exclusions                       =          10377  1-4 Interactions                 =           4805
LJ Parameters Form               =          AMBER  LJ Parameters Types              =             21
1-4 Lennard-Jones Form           =          AMBER  1-4 Lennard-Jones Types          =             21
----------------------------------------------------------------------------------------------------

-------------------------- Summary for QC Model "AM1" --------------------------
Number of QC Atoms     =             39  Boundary Atoms         =              6
Nuclear Charge         =            129  Orbital Functions      =            108
Fitting Functions      =              0  Energy Base Line       =      188.36370
QC Parameter Centers   =              6
--------------------------------------------------------------------------------

----------------------------- ABFS NB Model Summary ----------------------------
Dielectric             =       1.000000  El. 1-4 Scaling        =       0.833333
Damping Cutoff         =       0.500000  Inner Cutoff           =       8.000000
List Cutoff            =      13.500000  Outer Cutoff           =      12.000000
QC/MM Coupling         =    RC Coupling  Use Centering          =          False
--------------------------------------------------------------------------------

-------------------------- Pairlist Generator Summary --------------------------
Cell Size              =          6.750  Cutoff                 =         13.500
Cutoff Cell Size Factor =          0.500  Grid Cell/Cell Method  =           True
Minimum Cell Extent    =              2  Minimum Cell Size      =          3.000
Minimum Extent Factor  =          1.500  Minimum Points         =            500
Sort Indices           =          False
--------------------------------------------------------------------------------

----------------------- SoftConstraint Container Summary -----------------------
Multiple Distance      =              2
--------------------------------------------------------------------------------

---------------------------- Hard Constraint Container Summary ---------------------------
Number of Charge Constraints  =            0  Number of Fixed Atoms         =         1351
------------------------------------------------------------------------------------------

------------------------------- Sequence Summary -------------------------------
Number of Atoms            =       2173  Number of Components       =        213
Number of Entities         =          1  Number of Linear Polymers  =          0
Number of Links            =          0  Number of Variants         =          0
--------------------------------------------------------------------------------

-------------------------------  Conjugate Gradient Minimizer Options ------------------------------
Beta Type                        =              1  Initial Step                     =            0.1
Line Searcher                    =           None  Log Frequency                    =              1
Maximum Iterations               =           5000  Maximum Theta                    =          1e+10
Minimum Theta                    =          1e-10  RMS Gradient Tolerance           =            0.1
Steepest Descent Tolerance       =          0.001  Use Spectral Theta               =           True
----------------------------------------------------------------------------------------------------

----------------------------------------------------------------------------------------------------------------
  Iteration       Function          RMS Gradient        Max. |Grad.|          RMS Disp.         Max. |Disp.|
----------------------------------------------------------------------------------------------------------------
     0     I      -9452.24249139         36.53670111       1337.82312312          0.00201374          0.07373485
     1   L1s      -9487.37923944          3.00164154         72.80494246          0.00077453          0.01752550
     2   L1s      -9489.21388980          4.60636362        148.06518043          0.00049776          0.01182474
     3   L1s      -9490.06682666          2.14596154         53.33037139          0.00027430          0.00736702
     4   L1s      -9490.77788264          1.26592552         31.74402932          0.00035533          0.00896767
     5   L1s      -9490.95954127          1.76342255         46.79848924          0.00014779          0.00409014
     6   L1s      -9491.21648351          1.21604158         21.31268704          0.00024077          0.00577120
     7   L1s      -9491.38229945          0.84101813         17.46901760          0.00019152          0.00393296
     8   L1s      -9491.44925403          1.00678462         30.38672515          0.00010065          0.00197924
     9   L0s      -9491.50536888          0.55602875          8.98173876          0.00010065          0.00173840
    10   L0s      -9491.54697482          0.47041533          6.99022159          0.00010065          0.00187870
    11   L1s      -9491.57293893          0.61682980         13.48260092          0.00007540          0.00178356
    12   L0s      -9491.59809240          0.45027361          8.76428261          0.00007540          0.00176271
    13   L1s      -9491.64363777          0.59862824         13.97567712          0.00015499          0.00426953
    14   L1s      -9491.66130808          0.44258437          8.20450855          0.00006552          0.00163025
    15   L1s      -9491.70927683          0.55152551         11.95255611          0.00019847          0.00490029
    16   L1s      -9491.74101312          0.53524892         12.26458708          0.00013953          0.00370147
    17   L1s      -9491.75611984          0.41402529          7.90938983          0.00007004          0.00176338
    18   L1s      -9491.78336582          0.37533026          5.60418214          0.00013748          0.00318425
    19   L1s      -9491.79503047          0.42691029          9.92949949          0.00006422          0.00164919
    20   L1s      -9491.80953221          0.25818410          3.55692237          0.00008438          0.00190690
    21   L1s      -9491.81982966          0.26787236          4.98860782          0.00006788          0.00144985
    22   L1s      -9491.82493667          0.28735357          5.82729011          0.00003706          0.00071139
    23   L1s      -9491.83270133          0.21690111          4.10715314          0.00006046          0.00104951
    24   L0s      -9491.83914454          0.24307762          4.80613914          0.00006046          0.00115252
    25   L1s      -9491.84183087          0.17489553          2.62791820          0.00002605          0.00039506
    26   L1s      -9491.84661069          0.17657289          3.06082238          0.00004562          0.00064086
    27   L0s      -9491.85107353          0.21753887          5.60095267          0.00004562          0.00062290
    28   L1s      -9491.85353692          0.12952707          1.70197153          0.00002720          0.00036682
    29   L1s      -9491.85764518          0.16985172          4.17038983          0.00005604          0.00076870
    30   L1s      -9491.85907065          0.13724311          2.74784256          0.00002060          0.00025026
    31   L1s      -9491.86217677          0.12137802          1.70237313          0.00004851          0.00064772
    32   L1s      -9491.86451333          0.16147340          4.18506742          0.00003969          0.00058274
    33   L1s      -9491.86613321          0.13194892          2.11482385          0.00002869          0.00038519
    34   L1s      -9491.86807980          0.10875472          1.81505798          0.00003648          0.00050676
    35   L1s      -9491.86947292          0.15468237          3.75448045          0.00002810          0.00030878
    36   L1s      -9491.87111951          0.10275099          1.56144718          0.00003432          0.00033879
    37   L0s      -9491.87277551          0.08511464          1.20937545          0.00003432          0.00036931
----------------------------------------------------------------------------------------------------------------

Minimization converged.

-------------------  Conjugate Gradient Minimizer Statistics -------------------
Iterations             =             37  Function Calls         =             69
--------------------------------------------------------------------------------
