
#-----------------------------------------------------------------------------#
#                                                                             #
#                                EasyHybrid                                   #
#                   - A pDynamo graphical user interface -                    #
#                                                                             #
#-----------------------------------------------------------------------------#
#                                                                             #
#     Developed by Jose Fernando R Bachega and Luis Fernando S M Timmers      #
#                            <ferbachega@gmail.com>                           #
#                                                                             #
#             visit: https://sites.google.com/site/EasyHybrid/                #
#                   Univesity of Sao Paulo - SP, Brazil                       #
#      Pontifical Catholic University of Rio Grande do Sul - RS, Brazil       #
#                                                                             #
#                                                                             #
#   EasyHybrid team:                               Special thanks to:         #
#   - Jose Fernando R Bachega           |         - Fernando V Maluf          #
#   - Michele Silva                     |                                     #
#   - Luis Fernando S M Timmers         |                                     #
#   - Martin Field                      |         - Leonardo R Bachega        #
#   - Troy Wymore                       |         - Lucas Assirati            #
#   - Osmar Norberto de Souza           |         - Richard Garratt           #
#   - Walter R Paixao-Cortes            |                                     #
#                                                                             #
#   Cite this work as:                                                        #
#   J.F.R. Bachega, L.F.S.M. Timmers, L.Assirati, L.B. Bachega, M.J. Field,   #
#   T. Wymore. J. Comput. Chem. 2013, 34, 2190-2196. DOI: 10.1002/jcc.23346   #
#                                                                             #
#-----------------------------------------------------------------------------#

Generated on Wed Jun  5 17:28:58 2019


--------------------------------------------------------------------------------
                       Summary for System "Pruned System"
--------------------------------------------------------------------------------

---------------------------- Atom Container Summary ----------------------------
Number of Atoms        =           2173  Number of Heavy Atoms  =           1040
Number of Hydrogens    =           1133  Number of Unknowns     =              0
--------------------------------------------------------------------------------

----------------------------- Connectivity Summary -----------------------------
Atoms                  =           2173
--------------------------------------------------------------------------------

------------------------------- Electronic State -------------------------------
Charge                 =             -1  Multiplicity           =              1
--------------------------------------------------------------------------------

--------------------------------------------------------------------------------
                    Summary for Energy Model "AMBER/AM1/ABFS"
--------------------------------------------------------------------------------

----------------------------------- Summary for MM Model "AMBER" -----------------------------------
LJ 1-4 Scaling                   =          0.500  El. 1-4 Scaling                  =          0.833
Number of MM Atoms               =           2173  Number of MM Atom Types          =             37
Number of Inactive MM Atoms      =             33  Total MM Charge                  =          -4.00
Harmonic Bond Terms              =           2169  Harmonic Bond Parameters         =             49
Harmonic Bond Inactive           =           1308  Fourier Improper Terms           =            320
Fourier Improper Parameters      =              3  Fourier Improper Inactive        =            164
Harmonic Angle Terms             =           3403  Harmonic Angle Parameters        =            103
Harmonic Angle Inactive          =           1938  Fourier Dihedral Terms           =           6697
Fourier Dihedral Parameters      =             48  Fourier Dihedral Inactive        =           3453
Exclusions                       =          10377  1-4 Interactions                 =           4805
LJ Parameters Form               =          AMBER  LJ Parameters Types              =             21
1-4 Lennard-Jones Form           =          AMBER  1-4 Lennard-Jones Types          =             21
----------------------------------------------------------------------------------------------------

-------------------------- Summary for QC Model "AM1" --------------------------
Number of QC Atoms     =             39  Boundary Atoms         =              6
Nuclear Charge         =            129  Orbital Functions      =            108
Fitting Functions      =              0  Energy Base Line       =      188.36370
QC Parameter Centers   =              6
--------------------------------------------------------------------------------

----------------------------- ABFS NB Model Summary ----------------------------
Dielectric             =       1.000000  El. 1-4 Scaling        =       0.833333
Damping Cutoff         =       0.500000  Inner Cutoff           =       8.000000
List Cutoff            =      13.500000  Outer Cutoff           =      12.000000
QC/MM Coupling         =    RC Coupling  Use Centering          =          False
--------------------------------------------------------------------------------

-------------------------- Pairlist Generator Summary --------------------------
Cell Size              =          6.750  Cutoff                 =         13.500
Cutoff Cell Size Factor =          0.500  Grid Cell/Cell Method  =           True
Minimum Cell Extent    =              2  Minimum Cell Size      =          3.000
Minimum Extent Factor  =          1.500  Minimum Points         =            500
Sort Indices           =          False
--------------------------------------------------------------------------------

----------------------- SoftConstraint Container Summary -----------------------
Multiple Distance      =              2
--------------------------------------------------------------------------------

---------------------------- Hard Constraint Container Summary ---------------------------
Number of Charge Constraints  =            0  Number of Fixed Atoms         =         1351
------------------------------------------------------------------------------------------

------------------------------- Sequence Summary -------------------------------
Number of Atoms            =       2173  Number of Components       =        213
Number of Entities         =          1  Number of Linear Polymers  =          0
Number of Links            =          0  Number of Variants         =          0
--------------------------------------------------------------------------------

-------------------------------  Conjugate Gradient Minimizer Options ------------------------------
Beta Type                        =              1  Initial Step                     =            0.1
Line Searcher                    =           None  Log Frequency                    =              1
Maximum Iterations               =           5000  Maximum Theta                    =          1e+10
Minimum Theta                    =          1e-10  RMS Gradient Tolerance           =            0.1
Steepest Descent Tolerance       =          0.001  Use Spectral Theta               =           True
----------------------------------------------------------------------------------------------------

----------------------------------------------------------------------------------------------------------------
  Iteration       Function          RMS Gradient        Max. |Grad.|          RMS Disp.         Max. |Disp.|
----------------------------------------------------------------------------------------------------------------
     0     I      -9411.42079003         38.76379191       1451.90277419          0.00201374          0.07542490
     1   L1s      -9448.52352493          2.29527634         71.47575969          0.00076920          0.02295706
     2   L1s      -9449.36555309          3.63793947        114.15694143          0.00029713          0.00962921
     3   L1s      -9450.01181267          1.62167386         42.59965848          0.00026847          0.00704385
     4   L0s      -9450.40941223          1.03130129         28.99316803          0.00026847          0.00556789
     5   L0s      -9450.69386819          1.20312297         25.90712161          0.00026847          0.00615685
     6   L1s      -9450.84053016          1.46071453         44.95193390          0.00017743          0.00374660
     7   L0s      -9450.97839753          0.80001916         18.23993445          0.00017743          0.00386050
     8   L0s      -9451.09999765          0.76728490         16.03239169          0.00017743          0.00440875
     9   L1s      -9451.13470799          0.68788536         18.08790459          0.00006459          0.00149881
    10   L1s      -9451.17312936          0.53273955         14.56451610          0.00008531          0.00218914
    11   L1s      -9451.22927141          0.56630115          9.68918846          0.00015123          0.00424868
    12   L1s      -9451.25633235          0.73788045         21.83831739          0.00008252          0.00219007
    13   L1s      -9451.30867622          0.44902455          8.70910315          0.00016965          0.00450900
    14   L1s      -9451.36237660          0.74585944         18.09411115          0.00019975          0.00556446
    15   L1s      -9451.39659182          0.72146439         17.07795739          0.00013255          0.00350957
    16   L1s      -9451.46292478          0.52812755          9.89309787          0.00026739          0.00685908
    17   L1s      -9451.51834248          0.75461174         18.61787703          0.00024209          0.00636606
    18   L1s      -9451.55352402          0.71128427         18.05168055          0.00015830          0.00420527
    19   L1s      -9451.61477053          0.56815600         13.57694143          0.00028433          0.00791910
    20   L0s      -9451.67063992          0.65640862         14.44173604          0.00028433          0.00777217
    21   L1s      -9451.70260004          0.78110941         20.36175935          0.00016499          0.00480040
    22   L1s      -9451.76752020          0.51835933          8.12293912          0.00033491          0.00978936
    23   L1s      -9451.82021751          0.54091815         13.82310362          0.00028712          0.00777102
    24   L1s      -9451.83600024          0.49858054         11.97915519          0.00008802          0.00248438
    25   L1s      -9451.87315533          0.41955163          8.20017958          0.00021630          0.00606096
    26   L1s      -9451.90413798          0.48460765         11.77243243          0.00019097          0.00500570
    27   L1s      -9451.92016521          0.48600456         12.85860187          0.00010228          0.00279914
    28   L1s      -9451.93975379          0.33364148          5.47257573          0.00012918          0.00329321
    29   L1s      -9451.96717876          0.38518262          7.30203454          0.00019286          0.00457989
    30   L1s      -9451.97939122          0.47576052         14.08356654          0.00008945          0.00225113
    31   L1s      -9452.00026692          0.33976329          5.62356273          0.00015711          0.00378000
    32   L0s      -9452.02194522          0.27878116          4.75728758          0.00015711          0.00349731
    33   L1s      -9452.03028822          0.41550884         12.90258767          0.00006278          0.00135074
    34   L1s      -9452.04899074          0.34702081          7.12192855          0.00015079          0.00323532
    35   L1s      -9452.06967524          0.34294787          6.96723814          0.00017429          0.00380308
    36   L1s      -9452.08348189          0.42906597         12.92843173          0.00012046          0.00248899
    37   L1s      -9452.09374480          0.29402856          4.54004422          0.00009154          0.00190032
    38   L1s      -9452.11302023          0.26711902          3.13406920          0.00017971          0.00363157
    39   L1s      -9452.12226639          0.36980449         11.77602834          0.00009028          0.00168055
    40   L1s      -9452.13015507          0.24981846          3.47955647          0.00007893          0.00141469
    41   L1s      -9452.14210312          0.23768201          5.27140549          0.00012559          0.00211835
    42   L1s      -9452.14994110          0.30253090          9.80436739          0.00008648          0.00136418
    43   L1s      -9452.15502014          0.23230752          4.68397812          0.00005766          0.00082530
    44   L1s      -9452.16359191          0.23356083          4.64656760          0.00010178          0.00142330
    45   L1s      -9452.17523764          0.29356882          8.09870761          0.00014406          0.00223265
    46   L1s      -9452.17966570          0.24690834          5.81034440          0.00005612          0.00079018
    47   L1s      -9452.18983604          0.19062731          2.79032279          0.00013313          0.00181036
    48   L1s      -9452.19679945          0.25626712          6.94381146          0.00009578          0.00144590
    49   L1s      -9452.20027183          0.20659738          4.43708194          0.00004900          0.00066949
    50   L1s      -9452.20679398          0.20345760          5.40674566          0.00009550          0.00128509
    51   L1s      -9452.21411754          0.22381760          5.38386915          0.00011116          0.00160406
    52   L1s      -9452.21775855          0.25305421          6.62484779          0.00005681          0.00073102
    53   L1s      -9452.22443076          0.16600806          2.38198584          0.00010628          0.00135841
    54   L0s      -9452.23034957          0.21009105          4.94352873          0.00010628          0.00146127
    55   L1s      -9452.23316322          0.22047634          5.37836105          0.00005012          0.00060234
    56   L1s      -9452.23779367          0.15475201          2.70159408          0.00007927          0.00090688
    57   L0s      -9452.24256730          0.15578847          2.95778855          0.00007927          0.00093548
    58   L1s      -9452.24527809          0.21615302          6.50878652          0.00004746          0.00047038
    59   L1s      -9452.24886256          0.15552511          2.71908518          0.00006660          0.00064760
    60   L1s      -9452.25325957          0.15733781          2.31632231          0.00008488          0.00080726
    61   L1s      -9452.25691038          0.25088982          7.91409084          0.00007293          0.00068614
    62   L0s      -9452.26074218          0.14525270          1.99098254          0.00007293          0.00064746
    63   L0s      -9452.26527415          0.15126607          3.41545404          0.00007293          0.00076842
    64   L1s      -9452.26712804          0.18491646          5.50445885          0.00003306          0.00028965
    65   L1s      -9452.27145724          0.16073432          4.37068365          0.00008439          0.00073043
    66   L1s      -9452.27503221          0.15875724          3.23749540          0.00007196          0.00064031
    67   L1s      -9452.27700773          0.19571606          5.55866020          0.00004102          0.00037294
    68   L1s      -9452.28127120          0.13686606          2.33800075          0.00009028          0.00096085
    69   L0s      -9452.28500123          0.20982763          6.32422844          0.00009028          0.00086190
    70   L1s      -9452.28700615          0.16357211          2.64188465          0.00004645          0.00045681
    71   L1s      -9452.29043805          0.13144126          2.81035043          0.00007039          0.00068956
    72   L1s      -9452.29278064          0.19421912          6.33284672          0.00005019          0.00048069
    73   L0s      -9452.29507977          0.14226277          3.07081229          0.00005019          0.00049947
    74   L1s      -9452.29797508          0.12039040          2.09081269          0.00006535          0.00069063
    75   L1s      -9452.29941951          0.16082346          5.00151601          0.00003403          0.00036786
    76   L1s      -9452.30121579          0.10906987          1.75001794          0.00004327          0.00046699
    77   L1s      -9452.30395826          0.13567205          3.57833799          0.00006914          0.00071769
    78   L1s      -9452.30499313          0.13214268          3.30777664          0.00002682          0.00026609
    79   L1s      -9452.30766921          0.11428319          2.92938753          0.00007126          0.00064142
    80   L1s      -9452.30936057          0.14481877          3.89562163          0.00004660          0.00040241
    81   L1s      -9452.31062295          0.12657621          2.97664987          0.00003550          0.00030617
    82   L1s      -9452.31277832          0.10111525          1.92026044          0.00006217          0.00053176
    83   L1s      -9452.31433450          0.16746930          5.26935952          0.00004657          0.00038894
    84   L0s      -9452.31600762          0.09750976          1.54214150          0.00004657          0.00037752
----------------------------------------------------------------------------------------------------------------

Minimization converged.

-------------------  Conjugate Gradient Minimizer Statistics -------------------
Iterations             =             84  Function Calls         =            156
--------------------------------------------------------------------------------
