
#-----------------------------------------------------------------------------#
#                                                                             #
#                                EasyHybrid                                   #
#                   - A pDynamo graphical user interface -                    #
#                                                                             #
#-----------------------------------------------------------------------------#
#                                                                             #
#     Developed by Jose Fernando R Bachega and Luis Fernando S M Timmers      #
#                            <ferbachega@gmail.com>                           #
#                                                                             #
#             visit: https://sites.google.com/site/EasyHybrid/                #
#                   Univesity of Sao Paulo - SP, Brazil                       #
#      Pontifical Catholic University of Rio Grande do Sul - RS, Brazil       #
#                                                                             #
#                                                                             #
#   EasyHybrid team:                               Special thanks to:         #
#   - Jose Fernando R Bachega           |         - Fernando V Maluf          #
#   - Michele Silva                     |                                     #
#   - Luis Fernando S M Timmers         |                                     #
#   - Martin Field                      |         - Leonardo R Bachega        #
#   - Troy Wymore                       |         - Lucas Assirati            #
#   - Osmar Norberto de Souza           |         - Richard Garratt           #
#   - Walter R Paixao-Cortes            |                                     #
#                                                                             #
#   Cite this work as:                                                        #
#   J.F.R. Bachega, L.F.S.M. Timmers, L.Assirati, L.B. Bachega, M.J. Field,   #
#   T. Wymore. J. Comput. Chem. 2013, 34, 2190-2196. DOI: 10.1002/jcc.23346   #
#                                                                             #
#-----------------------------------------------------------------------------#

Generated on Wed Jun  5 17:23:39 2019


--------------------------------------------------------------------------------
                       Summary for System "Pruned System"
--------------------------------------------------------------------------------

---------------------------- Atom Container Summary ----------------------------
Number of Atoms        =           2173  Number of Heavy Atoms  =           1040
Number of Hydrogens    =           1133  Number of Unknowns     =              0
--------------------------------------------------------------------------------

----------------------------- Connectivity Summary -----------------------------
Atoms                  =           2173
--------------------------------------------------------------------------------

------------------------------- Electronic State -------------------------------
Charge                 =             -1  Multiplicity           =              1
--------------------------------------------------------------------------------

--------------------------------------------------------------------------------
                    Summary for Energy Model "AMBER/AM1/ABFS"
--------------------------------------------------------------------------------

----------------------------------- Summary for MM Model "AMBER" -----------------------------------
LJ 1-4 Scaling                   =          0.500  El. 1-4 Scaling                  =          0.833
Number of MM Atoms               =           2173  Number of MM Atom Types          =             37
Number of Inactive MM Atoms      =             33  Total MM Charge                  =          -4.00
Harmonic Bond Terms              =           2169  Harmonic Bond Parameters         =             49
Harmonic Bond Inactive           =           1308  Fourier Improper Terms           =            320
Fourier Improper Parameters      =              3  Fourier Improper Inactive        =            164
Harmonic Angle Terms             =           3403  Harmonic Angle Parameters        =            103
Harmonic Angle Inactive          =           1938  Fourier Dihedral Terms           =           6697
Fourier Dihedral Parameters      =             48  Fourier Dihedral Inactive        =           3453
Exclusions                       =          10377  1-4 Interactions                 =           4805
LJ Parameters Form               =          AMBER  LJ Parameters Types              =             21
1-4 Lennard-Jones Form           =          AMBER  1-4 Lennard-Jones Types          =             21
----------------------------------------------------------------------------------------------------

-------------------------- Summary for QC Model "AM1" --------------------------
Number of QC Atoms     =             39  Boundary Atoms         =              6
Nuclear Charge         =            129  Orbital Functions      =            108
Fitting Functions      =              0  Energy Base Line       =      188.36370
QC Parameter Centers   =              6
--------------------------------------------------------------------------------

----------------------------- ABFS NB Model Summary ----------------------------
Dielectric             =       1.000000  El. 1-4 Scaling        =       0.833333
Damping Cutoff         =       0.500000  Inner Cutoff           =       8.000000
List Cutoff            =      13.500000  Outer Cutoff           =      12.000000
QC/MM Coupling         =    RC Coupling  Use Centering          =          False
--------------------------------------------------------------------------------

-------------------------- Pairlist Generator Summary --------------------------
Cell Size              =          6.750  Cutoff                 =         13.500
Cutoff Cell Size Factor =          0.500  Grid Cell/Cell Method  =           True
Minimum Cell Extent    =              2  Minimum Cell Size      =          3.000
Minimum Extent Factor  =          1.500  Minimum Points         =            500
Sort Indices           =          False
--------------------------------------------------------------------------------

----------------------- SoftConstraint Container Summary -----------------------
Multiple Distance      =              2
--------------------------------------------------------------------------------

---------------------------- Hard Constraint Container Summary ---------------------------
Number of Charge Constraints  =            0  Number of Fixed Atoms         =         1351
------------------------------------------------------------------------------------------

------------------------------- Sequence Summary -------------------------------
Number of Atoms            =       2173  Number of Components       =        213
Number of Entities         =          1  Number of Linear Polymers  =          0
Number of Links            =          0  Number of Variants         =          0
--------------------------------------------------------------------------------

-------------------------------  Conjugate Gradient Minimizer Options ------------------------------
Beta Type                        =              1  Initial Step                     =            0.1
Line Searcher                    =           None  Log Frequency                    =              1
Maximum Iterations               =           5000  Maximum Theta                    =          1e+10
Minimum Theta                    =          1e-10  RMS Gradient Tolerance           =            0.1
Steepest Descent Tolerance       =          0.001  Use Spectral Theta               =           True
----------------------------------------------------------------------------------------------------

----------------------------------------------------------------------------------------------------------------
  Iteration       Function          RMS Gradient        Max. |Grad.|          RMS Disp.         Max. |Disp.|
----------------------------------------------------------------------------------------------------------------
     0     I      -9527.13315488         38.82042335       1505.54248150          0.00201374          0.07809733
     1   L1s      -9562.42514845          3.58678116         76.12480612          0.00074018          0.01550779
     2   L1s      -9563.06884841          3.28989950         92.19333803          0.00014601          0.00412786
     3   L1s      -9564.71965369          2.85233850         75.59728318          0.00055463          0.01660802
     4   L1s      -9565.72437858          1.37964664         32.52861177          0.00043551          0.00848083
     5   L1s      -9565.94170866          2.02036476         49.83047252          0.00015658          0.00301714
     6   L1s      -9566.17051800          1.21441949         26.31015797          0.00018852          0.00346054
     7   L1s      -9566.45252158          0.98508735         16.89587477          0.00029804          0.00669479
     8   L1s      -9566.63357750          1.59296144         43.30693641          0.00024191          0.00532513
     9   L1s      -9566.75544772          0.57302475          9.06086228          0.00017465          0.00283060
    10   L1s      -9566.80363848          0.68949215         14.32243757          0.00009726          0.00195782
    11   L1s      -9566.84079595          0.81233376         23.66116944          0.00008677          0.00146579
    12   L1s      -9566.88548108          0.40265518          6.30616909          0.00011346          0.00201707
    13   L0s      -9566.91892448          0.36360535          5.94709816          0.00011346          0.00209206
    14   L0s      -9566.94662867          0.39148838          7.32366008          0.00011346          0.00219627
    15   L1s      -9566.95634449          0.43347904         13.37042597          0.00004352          0.00087482
    16   L1s      -9566.97315393          0.29877517          4.56949501          0.00008074          0.00162147
    17   L1s      -9566.98462283          0.35783426          9.21101126          0.00006328          0.00129983
    18   L1s      -9566.99184629          0.26378575          4.37759667          0.00004309          0.00090753
    19   L1s      -9567.00259203          0.22532338          3.31801581          0.00007212          0.00156724
    20   L1s      -9567.01345093          0.22398402          3.15879052          0.00008272          0.00165747
    21   L0s      -9567.02240343          0.29043692          7.31438996          0.00008272          0.00173979
    22   L1s      -9567.02570061          0.22948910          3.40690712          0.00003048          0.00064559
    23   L1s      -9567.03527361          0.19608913          2.74252425          0.00008427          0.00165496
    24   L1s      -9567.04180900          0.31063714          9.36326719          0.00006351          0.00125877
    25   L1s      -9567.04709372          0.24136229          4.06734968          0.00005318          0.00108273
    26   L1s      -9567.05597832          0.31002902          9.92266591          0.00009426          0.00195718
    27   L1s      -9567.06075035          0.22769233          3.52892436          0.00005209          0.00103649
    28   L1s      -9567.06938662          0.21203716          3.78351358          0.00009916          0.00207869
    29   L1s      -9567.07560934          0.30558677          8.78183999          0.00007525          0.00166495
    30   L1s      -9567.08035222          0.23138017          3.90432003          0.00005869          0.00134169
    31   L1s      -9567.08921902          0.20599220          3.55504377          0.00011402          0.00262767
    32   L1s      -9567.09643538          0.27922755          8.29135221          0.00009689          0.00235474
    33   L1s      -9567.10008716          0.22336684          4.18634881          0.00005013          0.00126965
    34   L1s      -9567.10761584          0.18253719          2.56617942          0.00010682          0.00272164
    35   L1s      -9567.11093823          0.26560697          6.83334305          0.00004928          0.00127865
    36   L1s      -9567.11862313          0.20553386          3.61776637          0.00011648          0.00302271
    37   L1s      -9567.12241472          0.23732338          5.76589693          0.00005953          0.00157015
    38   L1s      -9567.12577330          0.20747979          3.48179211          0.00005391          0.00142279
    39   L1s      -9567.13520907          0.19246983          1.78868459          0.00015604          0.00404832
    40   L1s      -9567.14081905          0.31180280          8.36070476          0.00009559          0.00252378
    41   L1s      -9567.14545333          0.18186697          2.10031491          0.00007983          0.00215984
    42   L1s      -9567.15177911          0.16888089          1.99032743          0.00011236          0.00298566
    43   L1s      -9567.15581530          0.27969423          5.98858954          0.00007414          0.00200063
    44   L0s      -9567.16012329          0.17029785          2.31654481          0.00007414          0.00206126
    45   L1s      -9567.16652756          0.26654779          7.41362700          0.00010000          0.00278033
    46   L1s      -9567.17033848          0.22328284          4.49487580          0.00006208          0.00170399
    47   L1s      -9567.17717044          0.24795648          7.53595788          0.00011421          0.00309976
    48   L1s      -9567.18001790          0.18990645          3.62279271          0.00004849          0.00135687
    49   L1s      -9567.18472270          0.18067955          3.03910171          0.00008256          0.00228296
    50   L0s      -9567.18965311          0.27329303          8.24048719          0.00008256          0.00221855
    51   L0s      -9567.19395785          0.20263866          3.98668527          0.00008256          0.00221690
    52   L1s      -9567.20034840          0.18737900          3.32465608          0.00015258          0.00415349
    53   L1s      -9567.20434545          0.23796752          6.62575838          0.00008863          0.00239515
    54   L0s      -9567.20792710          0.19909740          3.81256424          0.00008863          0.00233565
    55   L1s      -9567.21265421          0.20477059          4.75346809          0.00012308          0.00323897
    56   L1s      -9567.21527336          0.19979594          5.39554896          0.00006309          0.00163505
    57   L1s      -9567.21908911          0.18446910          2.81693394          0.00009314          0.00246801
    58   L1s      -9567.22531123          0.20755680          4.06698802          0.00015417          0.00398631
    59   L1s      -9567.22878525          0.24435295          7.39420833          0.00008735          0.00226247
    60   L1s      -9567.23444818          0.20932979          3.39733590          0.00014378          0.00367451
    61   L1s      -9567.23825650          0.22075613          5.32700858          0.00009816          0.00251254
    62   L1s      -9567.24152463          0.18891895          3.07691358          0.00008485          0.00215026
    63   L1s      -9567.24673876          0.17618737          2.15962223          0.00013740          0.00337434
    64   L1s      -9567.25108837          0.25732208          6.26602069          0.00011631          0.00281415
    65   L0s      -9567.25525988          0.21627221          3.48645501          0.00011631          0.00283414
    66   L1s      -9567.26033106          0.22649379          5.02124332          0.00014427          0.00346825
    67   L1s      -9567.26453051          0.24693823          6.96447386          0.00011708          0.00282711
    68   L1s      -9567.27033017          0.20884407          3.27740188          0.00016277          0.00382465
    69   L1s      -9567.27697898          0.24047524          6.16191589          0.00019003          0.00452462
    70   L1s      -9567.28048672          0.22334592          5.22387035          0.00010043          0.00238174
    71   L1s      -9567.28555944          0.21662934          3.58961163          0.00014615          0.00350731
    72   L0s      -9567.29024956          0.26204485          6.36695670          0.00014615          0.00352273
    73   L1s      -9567.29448905          0.20511903          3.53437630          0.00013006          0.00317307
    74   L1s      -9567.30152539          0.21758752          3.19907897          0.00019440          0.00486747
    75   L1s      -9567.30768982          0.34884653          8.62847165          0.00017209          0.00439571
    76   L1s      -9567.31578822          0.25231690          3.54903514          0.00022634          0.00583248
    77   L1s      -9567.32608747          0.26388572          3.93670647          0.00029262          0.00768512
    78   L1s      -9567.33523966          0.32744763         10.32071068          0.00025781          0.00676867
    79   L1s      -9567.34170798          0.29040779          5.16242918          0.00018339          0.00490560
    80   L1s      -9567.35437767          0.31192665          7.85289800          0.00036199          0.00965117
    81   L1s      -9567.36043766          0.31562376          6.59177445          0.00017741          0.00473187
    82   L1s      -9567.37453464          0.29224324          5.06855045          0.00041546          0.01115251
    83   L1s      -9567.38564195          0.29775597          5.24175899          0.00033018          0.00896233
    84   L1s      -9567.39274935          0.36449678          7.23491094          0.00020771          0.00561245
    85   L1s      -9567.40478999          0.29061753          4.24289002          0.00035523          0.00966070
    86   L1s      -9567.41917768          0.37787688         11.14362708          0.00042402          0.01153001
    87   L1s      -9567.42752620          0.32026801          5.61451680          0.00024754          0.00688444
    88   L1s      -9567.44281280          0.35752174          5.36444934          0.00044587          0.01239141
    89   L0s      -9567.45641185          0.53575939         11.33400819          0.00044587          0.01245975
    90   L1s      -9567.47287153          0.37404947          6.29529537          0.00050832          0.01419362
    91   L0s      -9567.49275908          0.32309967          5.07903252          0.00050832          0.01425464
    92   L0s      -9567.51251960          0.41219762         11.05703074          0.00050832          0.01436963
    93   L1s      -9567.52055138          0.35916139          7.71639952          0.00019944          0.00554637
    94   L1s      -9567.53808230          0.33435309          6.97676263          0.00039703          0.01103272
    95   L1s      -9567.54532698          0.36384777         10.23073740          0.00016036          0.00447158
    96   L1s      -9567.56327484          0.26529281          3.72248083          0.00039821          0.01105077
    97   L1s      -9567.57926468          0.33800287          7.41857646          0.00035678          0.00995879
    98   L1s      -9567.58626052          0.35845363          6.61612060          0.00015607          0.00432154
    99   L1s      -9567.59968762          0.28159961          4.53090586          0.00030030          0.00830287
   100   L1s      -9567.60996119          0.35111363          8.40503111          0.00022812          0.00618132
   101   L1s      -9567.61715122          0.26349684          4.72983747          0.00016066          0.00433147
   102   L1s      -9567.62866518          0.24211438          2.99581488          0.00025945          0.00694041
   103   L1s      -9567.63686944          0.34198767         10.46879574          0.00018664          0.00486034
   104   L1s      -9567.64217797          0.19822648          2.82661435          0.00012126          0.00309628
   105   L1s      -9567.65104387          0.20854962          3.15495145          0.00020778          0.00521707
   106   L1s      -9567.65873506          0.31075272          7.42080836          0.00018319          0.00446526
   107   L1s      -9567.66381820          0.19719983          2.67178663          0.00012148          0.00287412
   108   L1s      -9567.67364100          0.24408155          3.74984281          0.00023942          0.00544784
   109   L1s      -9567.67845158          0.31610173          6.75113419          0.00011856          0.00268559
   110   L1s      -9567.68698036          0.21615877          2.98127974          0.00021077          0.00453195
   111   L0s      -9567.69466538          0.20538635          3.26077351          0.00021077          0.00429030
   112   L0s      -9567.70161613          0.21367722          2.49075306          0.00021077          0.00398853
   113   L1s      -9567.70686217          0.27655894          7.48087763          0.00014579          0.00271644
   114   L1s      -9567.71152776          0.18814825          2.79054310          0.00012444          0.00207026
   115   L1s      -9567.71820099          0.23870441          4.46249856          0.00018042          0.00290287
   116   L1s      -9567.72109547          0.21056790          3.64105402          0.00007880          0.00116068
   117   L1s      -9567.72782053          0.17434259          2.29388193          0.00018476          0.00245004
   118   L1s      -9567.73346352          0.23304531          5.01714315          0.00015706          0.00200146
   119   L1s      -9567.73746320          0.23588506          5.08310158          0.00011217          0.00132320
   120   L1s      -9567.74362974          0.19724121          3.13515438          0.00017418          0.00186464
   121   L1s      -9567.75149952          0.23806700          4.92898081          0.00022469          0.00228483
   122   L1s      -9567.75443383          0.22255560          3.50877615          0.00008441          0.00074188
   123   L1s      -9567.76204516          0.18865644          2.46843661          0.00022072          0.00179469
   124   L1s      -9567.76643278          0.26304432          6.20932472          0.00012848          0.00102056
   125   L1s      -9567.77154369          0.20298401          3.05259786          0.00015046          0.00114599
   126   L1s      -9567.77807037          0.17347574          2.36245621          0.00019391          0.00138575
   127   L1s      -9567.78322633          0.21541850          5.07580789          0.00015501          0.00107200
   128   L1s      -9567.78636054          0.22999319          5.98893880          0.00009496          0.00062005
   129   L1s      -9567.79199311          0.18622796          2.90671153          0.00017182          0.00104197
   130   L1s      -9567.79505103          0.23265258          6.52527605          0.00009422          0.00056583
   131   L1s      -9567.79959516          0.15322146          2.25705063          0.00014091          0.00088762
   132   L1s      -9567.80547544          0.16534694          2.16222720          0.00018496          0.00110068
   133   L1s      -9567.80958308          0.23761480          6.45869512          0.00013078          0.00077760
   134   L1s      -9567.81296139          0.16375805          2.52509520          0.00010818          0.00064123
   135   L1s      -9567.81697229          0.19785427          3.76264708          0.00012996          0.00078968
   136   L1s      -9567.81991527          0.23266497          6.17363727          0.00009611          0.00056343
   137   L1s      -9567.82504732          0.16261567          2.10140831          0.00016855          0.00097743
   138   L0s      -9567.83022194          0.16535512          2.96753145          0.00016855          0.00098178
   139   L1s      -9567.83287523          0.21179641          4.53431232          0.00008751          0.00049910
   140   L1s      -9567.83692840          0.15513006          2.12717358          0.00013619          0.00076542
   141   L1s      -9567.84213093          0.17273256          2.95026246          0.00017698          0.00099992
   142   L1s      -9567.84429169          0.20770805          5.41748317          0.00007418          0.00043859
   143   L1s      -9567.84858631          0.17651012          3.29107716          0.00014839          0.00091272
   144   L0s      -9567.85322191          0.18386003          4.68074409          0.00014839          0.00091749
   145   L1s      -9567.85593246          0.19738830          4.61078052          0.00008830          0.00058211
   146   L1s      -9567.86099060          0.16105160          2.31727856          0.00017870          0.00118671
   147   L1s      -9567.86662907          0.19897782          3.17021865          0.00020117          0.00138919
   148   L1s      -9567.86968858          0.20975733          6.24646713          0.00010990          0.00075229
   149   L1s      -9567.87376741          0.16669028          2.78238556          0.00014740          0.00101094
   150   L1s      -9567.87712887          0.19528562          4.83448537          0.00012259          0.00090003
   151   L1s      -9567.87925254          0.17168270          3.32028305          0.00007795          0.00054805
   152   L1s      -9567.88381740          0.15654539          2.34559083          0.00016897          0.00126287
   153   L1s      -9567.88694195          0.22379203          5.51386737          0.00011693          0.00083884
   154   L1s      -9567.89077446          0.16771670          2.53749661          0.00014407          0.00106831
   155   L1s      -9567.89525868          0.15234974          2.21092661          0.00017004          0.00122707
   156   L1s      -9567.89859487          0.20484195          4.87846349          0.00012760          0.00097098
   157   L0s      -9567.90162840          0.21116767          4.73722249          0.00012760          0.00092365
   158   L1s      -9567.90615100          0.17692050          3.11814386          0.00018991          0.00140697
   159   L1s      -9567.90836730          0.19715824          4.17672372          0.00008270          0.00058621
   160   L1s      -9567.91175043          0.14663692          2.21061123          0.00012698          0.00088580
   161   L0s      -9567.91525823          0.16028371          3.91019034          0.00012698          0.00088648
   162   L1s      -9567.91739332          0.16702569          3.92222289          0.00007869          0.00052695
   163   L1s      -9567.92008195          0.15364305          1.96010027          0.00010433          0.00067998
   164   L1s      -9567.92410334          0.19938045          3.79439176          0.00015749          0.00106437
   165   L1s      -9567.92621177          0.17121212          3.56940753          0.00008301          0.00054330
   166   L1s      -9567.93012348          0.15231297          3.17994086          0.00015517          0.00102098
   167   L1s      -9567.93228184          0.17373120          3.85883022          0.00008639          0.00056604
   168   L0s      -9567.93458085          0.12243551          1.82911014          0.00008639          0.00054578
   169   L1s      -9567.93737064          0.13909871          2.13630304          0.00009901          0.00059798
   170   L0s      -9567.94018212          0.18550537          5.54468019          0.00009901          0.00057931
   171   L1s      -9567.94223521          0.14048181          1.93520970          0.00007514          0.00044817
   172   L1s      -9567.94540887          0.16380200          3.76197542          0.00013218          0.00080932
   173   L1s      -9567.94720423          0.16090856          3.63898107          0.00007527          0.00047279
   174   L1s      -9567.95044123          0.14454356          2.46838133          0.00013669          0.00088358
   175   L1s      -9567.95281888          0.15661853          2.99387843          0.00010125          0.00066867
   176   L1s      -9567.95437544          0.15219824          2.93978058          0.00006677          0.00045007
   177   L1s      -9567.95713150          0.13647327          2.68025649          0.00011914          0.00082052
   178   L1s      -9567.95907136          0.17783174          4.96203756          0.00008467          0.00058987
   179   L1s      -9567.96157312          0.12067811          1.67524450          0.00010979          0.00078189
   180   L1s      -9567.96345333          0.13620887          3.12214482          0.00008353          0.00060353
   181   L1s      -9567.96475979          0.14130475          2.75069423          0.00005854          0.00042772
   182   L1s      -9567.96648100          0.10845714          1.24175986          0.00007777          0.00057591
   183   L0s      -9567.96818342          0.14466553          4.14175671          0.00007777          0.00057879
   184   L1s      -9567.96945841          0.10792658          2.00740559          0.00005875          0.00043986
   185   L1s      -9567.97129869          0.12347841          1.88256978          0.00008627          0.00064687
   186   L1s      -9567.97243604          0.13326871          3.05696801          0.00005384          0.00040349
   187   L1s      -9567.97385451          0.11105633          1.76462567          0.00006770          0.00050543
   188   L1s      -9567.97558873          0.11337161          2.85298381          0.00008375          0.00062059
   189   L1s      -9567.97639688          0.10635234          2.48961036          0.00003945          0.00028933
   190   L1s      -9567.97800427          0.10757142          1.56192373          0.00007942          0.00057498
   191   L1s      -9567.97907129          0.12888401          2.76045577          0.00005333          0.00038218
   192   L0s      -9567.98019332          0.09582441          1.22139184          0.00005333          0.00037350
----------------------------------------------------------------------------------------------------------------

Minimization converged.

-------------------  Conjugate Gradient Minimizer Statistics -------------------
Iterations             =            192  Function Calls         =            363
--------------------------------------------------------------------------------
