
#-----------------------------------------------------------------------------#
#                                                                             #
#                                EasyHybrid                                   #
#                   - A pDynamo graphical user interface -                    #
#                                                                             #
#-----------------------------------------------------------------------------#
#                                                                             #
#     Developed by Jose Fernando R Bachega and Luis Fernando S M Timmers      #
#                            <ferbachega@gmail.com>                           #
#                                                                             #
#             visit: https://sites.google.com/site/EasyHybrid/                #
#                   Univesity of Sao Paulo - SP, Brazil                       #
#      Pontifical Catholic University of Rio Grande do Sul - RS, Brazil       #
#                                                                             #
#                                                                             #
#   EasyHybrid team:                               Special thanks to:         #
#   - Jose Fernando R Bachega           |         - Fernando V Maluf          #
#   - Michele Silva                     |                                     #
#   - Luis Fernando S M Timmers         |                                     #
#   - Martin Field                      |         - Leonardo R Bachega        #
#   - Troy Wymore                       |         - Lucas Assirati            #
#   - Osmar Norberto de Souza           |         - Richard Garratt           #
#   - Walter R Paixao-Cortes            |                                     #
#                                                                             #
#   Cite this work as:                                                        #
#   J.F.R. Bachega, L.F.S.M. Timmers, L.Assirati, L.B. Bachega, M.J. Field,   #
#   T. Wymore. J. Comput. Chem. 2013, 34, 2190-2196. DOI: 10.1002/jcc.23346   #
#                                                                             #
#-----------------------------------------------------------------------------#

Generated on Wed Jun  5 17:31:10 2019


--------------------------------------------------------------------------------
                       Summary for System "Pruned System"
--------------------------------------------------------------------------------

---------------------------- Atom Container Summary ----------------------------
Number of Atoms        =           2173  Number of Heavy Atoms  =           1040
Number of Hydrogens    =           1133  Number of Unknowns     =              0
--------------------------------------------------------------------------------

----------------------------- Connectivity Summary -----------------------------
Atoms                  =           2173
--------------------------------------------------------------------------------

------------------------------- Electronic State -------------------------------
Charge                 =             -1  Multiplicity           =              1
--------------------------------------------------------------------------------

--------------------------------------------------------------------------------
                    Summary for Energy Model "AMBER/AM1/ABFS"
--------------------------------------------------------------------------------

----------------------------------- Summary for MM Model "AMBER" -----------------------------------
LJ 1-4 Scaling                   =          0.500  El. 1-4 Scaling                  =          0.833
Number of MM Atoms               =           2173  Number of MM Atom Types          =             37
Number of Inactive MM Atoms      =             33  Total MM Charge                  =          -4.00
Harmonic Bond Terms              =           2169  Harmonic Bond Parameters         =             49
Harmonic Bond Inactive           =           1308  Fourier Improper Terms           =            320
Fourier Improper Parameters      =              3  Fourier Improper Inactive        =            164
Harmonic Angle Terms             =           3403  Harmonic Angle Parameters        =            103
Harmonic Angle Inactive          =           1938  Fourier Dihedral Terms           =           6697
Fourier Dihedral Parameters      =             48  Fourier Dihedral Inactive        =           3453
Exclusions                       =          10377  1-4 Interactions                 =           4805
LJ Parameters Form               =          AMBER  LJ Parameters Types              =             21
1-4 Lennard-Jones Form           =          AMBER  1-4 Lennard-Jones Types          =             21
----------------------------------------------------------------------------------------------------

-------------------------- Summary for QC Model "AM1" --------------------------
Number of QC Atoms     =             39  Boundary Atoms         =              6
Nuclear Charge         =            129  Orbital Functions      =            108
Fitting Functions      =              0  Energy Base Line       =      188.36370
QC Parameter Centers   =              6
--------------------------------------------------------------------------------

----------------------------- ABFS NB Model Summary ----------------------------
Dielectric             =       1.000000  El. 1-4 Scaling        =       0.833333
Damping Cutoff         =       0.500000  Inner Cutoff           =       8.000000
List Cutoff            =      13.500000  Outer Cutoff           =      12.000000
QC/MM Coupling         =    RC Coupling  Use Centering          =          False
--------------------------------------------------------------------------------

-------------------------- Pairlist Generator Summary --------------------------
Cell Size              =          6.750  Cutoff                 =         13.500
Cutoff Cell Size Factor =          0.500  Grid Cell/Cell Method  =           True
Minimum Cell Extent    =              2  Minimum Cell Size      =          3.000
Minimum Extent Factor  =          1.500  Minimum Points         =            500
Sort Indices           =          False
--------------------------------------------------------------------------------

----------------------- SoftConstraint Container Summary -----------------------
Multiple Distance      =              2
--------------------------------------------------------------------------------

---------------------------- Hard Constraint Container Summary ---------------------------
Number of Charge Constraints  =            0  Number of Fixed Atoms         =         1351
------------------------------------------------------------------------------------------

------------------------------- Sequence Summary -------------------------------
Number of Atoms            =       2173  Number of Components       =        213
Number of Entities         =          1  Number of Linear Polymers  =          0
Number of Links            =          0  Number of Variants         =          0
--------------------------------------------------------------------------------

-------------------------------  Conjugate Gradient Minimizer Options ------------------------------
Beta Type                        =              1  Initial Step                     =            0.1
Line Searcher                    =           None  Log Frequency                    =              1
Maximum Iterations               =           5000  Maximum Theta                    =          1e+10
Minimum Theta                    =          1e-10  RMS Gradient Tolerance           =            0.1
Steepest Descent Tolerance       =          0.001  Use Spectral Theta               =           True
----------------------------------------------------------------------------------------------------

----------------------------------------------------------------------------------------------------------------
  Iteration       Function          RMS Gradient        Max. |Grad.|          RMS Disp.         Max. |Disp.|
----------------------------------------------------------------------------------------------------------------
     0     I      -9462.78800873         36.07052234       1315.62091628          0.00201374          0.07344831
     1   L1s      -9497.79195316          3.19186059         70.60246376          0.00078171          0.01596716
     2   L1s      -9499.42893292          5.22875673        176.41868076          0.00041780          0.00953238
     3   L0s      -9500.74074142          2.32407194         56.73069923          0.00041780          0.01170176
     4   L1s      -9501.46516032          1.51933707         27.28512158          0.00037344          0.00935684
     5   L1s      -9501.60416331          1.56104144         40.75995350          0.00010203          0.00259307
     6   L1s      -9501.92083878          1.18823784         20.95887822          0.00028550          0.00609691
     7   L1s      -9502.06867477          1.18740289         29.98454883          0.00016725          0.00286791
     8   L1s      -9502.14301962          0.77459481         14.50339458          0.00009846          0.00194423
     9   L1s      -9502.20945152          0.63253528         13.03730494          0.00011220          0.00223994
    10   L1s      -9502.23669015          0.61076176         12.75409663          0.00005782          0.00095465
    11   L1s      -9502.26927147          0.42444932          8.13379438          0.00008153          0.00192013
    12   L1s      -9502.29949343          0.59588784         18.73610429          0.00009502          0.00234483
    13   L1s      -9502.32124265          0.52507200         11.23820339          0.00007446          0.00171505
    14   L1s      -9502.36085466          0.41537630          6.10573421          0.00014878          0.00373801
    15   L1s      -9502.38581196          0.66327189         20.27052965          0.00010564          0.00254641
    16   L1s      -9502.41499863          0.45036604         10.67141479          0.00012859          0.00341703
    17   L1s      -9502.45192455          0.44709440         12.92734045          0.00017554          0.00424587
    18   L1s      -9502.46195186          0.36274273          6.46643279          0.00005078          0.00127912
    19   L1s      -9502.48684394          0.36179250          6.77476728          0.00013801          0.00342613
    20   L1s      -9502.49497825          0.34553246          7.02155871          0.00004873          0.00106957
    21   L1s      -9502.50699150          0.23142236          3.22657456          0.00007722          0.00157788
    22   L1s      -9502.51464563          0.29912552          7.97660567          0.00005597          0.00119091
    23   L1s      -9502.51999716          0.24700094          5.45452957          0.00004174          0.00084912
    24   L1s      -9502.52720208          0.18543755          2.53336693          0.00006097          0.00098020
    25   L1s      -9502.53202753          0.23359609          6.18740313          0.00004598          0.00070603
    26   L1s      -9502.53475616          0.15774884          2.87826132          0.00002767          0.00036926
    27   L1s      -9502.54096704          0.18284916          4.25856003          0.00007061          0.00087922
    28   L1s      -9502.54316464          0.17743486          4.00701290          0.00002681          0.00031749
    29   L1s      -9502.54608692          0.14234123          2.42375497          0.00003808          0.00043551
    30   L0s      -9502.54868481          0.18213334          3.83254980          0.00003808          0.00047069
    31   L1s      -9502.55070337          0.14492139          2.20045742          0.00003051          0.00031508
    32   L1s      -9502.55355827          0.12419755          1.98978732          0.00004429          0.00054332
    33   L1s      -9502.55546098          0.19152535          6.13271618          0.00003202          0.00035012
    34   L1s      -9502.55815775          0.10783294          1.45368885          0.00004680          0.00049096
    35   L1s      -9502.56039071          0.14507756          2.75767015          0.00004223          0.00046583
    36   L1s      -9502.56160711          0.12410008          2.58854968          0.00002399          0.00023287
    37   L1s      -9502.56385104          0.11045543          1.56672043          0.00004661          0.00048223
    38   L1s      -9502.56479151          0.12031573          3.25603873          0.00002072          0.00019250
    39   L1s      -9502.56613280          0.10243775          1.84309752          0.00003090          0.00029152
    40   L1s      -9502.56779692          0.10878681          2.08286801          0.00004055          0.00039116
    41   L1s      -9502.56850598          0.10312230          2.26312778          0.00001807          0.00017815
    42   L1s      -9502.56982541          0.08294218          1.45580317          0.00003518          0.00035030
----------------------------------------------------------------------------------------------------------------

Minimization converged.

-------------------  Conjugate Gradient Minimizer Statistics -------------------
Iterations             =             42  Function Calls         =             83
--------------------------------------------------------------------------------
