
#-----------------------------------------------------------------------------#
#                                                                             #
#                                EasyHybrid                                   #
#                   - A pDynamo graphical user interface -                    #
#                                                                             #
#-----------------------------------------------------------------------------#
#                                                                             #
#     Developed by Jose Fernando R Bachega and Luis Fernando S M Timmers      #
#                            <ferbachega@gmail.com>                           #
#                                                                             #
#             visit: https://sites.google.com/site/EasyHybrid/                #
#                   Univesity of Sao Paulo - SP, Brazil                       #
#      Pontifical Catholic University of Rio Grande do Sul - RS, Brazil       #
#                                                                             #
#                                                                             #
#   EasyHybrid team:                               Special thanks to:         #
#   - Jose Fernando R Bachega           |         - Fernando V Maluf          #
#   - Michele Silva                     |                                     #
#   - Luis Fernando S M Timmers         |                                     #
#   - Martin Field                      |         - Leonardo R Bachega        #
#   - Troy Wymore                       |         - Lucas Assirati            #
#   - Osmar Norberto de Souza           |         - Richard Garratt           #
#   - Walter R Paixao-Cortes            |                                     #
#                                                                             #
#   Cite this work as:                                                        #
#   J.F.R. Bachega, L.F.S.M. Timmers, L.Assirati, L.B. Bachega, M.J. Field,   #
#   T. Wymore. J. Comput. Chem. 2013, 34, 2190-2196. DOI: 10.1002/jcc.23346   #
#                                                                             #
#-----------------------------------------------------------------------------#

Generated on Wed Jun  5 17:25:44 2019


--------------------------------------------------------------------------------
                       Summary for System "Pruned System"
--------------------------------------------------------------------------------

---------------------------- Atom Container Summary ----------------------------
Number of Atoms        =           2173  Number of Heavy Atoms  =           1040
Number of Hydrogens    =           1133  Number of Unknowns     =              0
--------------------------------------------------------------------------------

----------------------------- Connectivity Summary -----------------------------
Atoms                  =           2173
--------------------------------------------------------------------------------

------------------------------- Electronic State -------------------------------
Charge                 =             -1  Multiplicity           =              1
--------------------------------------------------------------------------------

--------------------------------------------------------------------------------
                    Summary for Energy Model "AMBER/AM1/ABFS"
--------------------------------------------------------------------------------

----------------------------------- Summary for MM Model "AMBER" -----------------------------------
LJ 1-4 Scaling                   =          0.500  El. 1-4 Scaling                  =          0.833
Number of MM Atoms               =           2173  Number of MM Atom Types          =             37
Number of Inactive MM Atoms      =             33  Total MM Charge                  =          -4.00
Harmonic Bond Terms              =           2169  Harmonic Bond Parameters         =             49
Harmonic Bond Inactive           =           1308  Fourier Improper Terms           =            320
Fourier Improper Parameters      =              3  Fourier Improper Inactive        =            164
Harmonic Angle Terms             =           3403  Harmonic Angle Parameters        =            103
Harmonic Angle Inactive          =           1938  Fourier Dihedral Terms           =           6697
Fourier Dihedral Parameters      =             48  Fourier Dihedral Inactive        =           3453
Exclusions                       =          10377  1-4 Interactions                 =           4805
LJ Parameters Form               =          AMBER  LJ Parameters Types              =             21
1-4 Lennard-Jones Form           =          AMBER  1-4 Lennard-Jones Types          =             21
----------------------------------------------------------------------------------------------------

-------------------------- Summary for QC Model "AM1" --------------------------
Number of QC Atoms     =             39  Boundary Atoms         =              6
Nuclear Charge         =            129  Orbital Functions      =            108
Fitting Functions      =              0  Energy Base Line       =      188.36370
QC Parameter Centers   =              6
--------------------------------------------------------------------------------

----------------------------- ABFS NB Model Summary ----------------------------
Dielectric             =       1.000000  El. 1-4 Scaling        =       0.833333
Damping Cutoff         =       0.500000  Inner Cutoff           =       8.000000
List Cutoff            =      13.500000  Outer Cutoff           =      12.000000
QC/MM Coupling         =    RC Coupling  Use Centering          =          False
--------------------------------------------------------------------------------

-------------------------- Pairlist Generator Summary --------------------------
Cell Size              =          6.750  Cutoff                 =         13.500
Cutoff Cell Size Factor =          0.500  Grid Cell/Cell Method  =           True
Minimum Cell Extent    =              2  Minimum Cell Size      =          3.000
Minimum Extent Factor  =          1.500  Minimum Points         =            500
Sort Indices           =          False
--------------------------------------------------------------------------------

----------------------- SoftConstraint Container Summary -----------------------
Multiple Distance      =              2
--------------------------------------------------------------------------------

---------------------------- Hard Constraint Container Summary ---------------------------
Number of Charge Constraints  =            0  Number of Fixed Atoms         =         1351
------------------------------------------------------------------------------------------

------------------------------- Sequence Summary -------------------------------
Number of Atoms            =       2173  Number of Components       =        213
Number of Entities         =          1  Number of Linear Polymers  =          0
Number of Links            =          0  Number of Variants         =          0
--------------------------------------------------------------------------------

-------------------------------  Conjugate Gradient Minimizer Options ------------------------------
Beta Type                        =              1  Initial Step                     =            0.1
Line Searcher                    =           None  Log Frequency                    =              1
Maximum Iterations               =           5000  Maximum Theta                    =          1e+10
Minimum Theta                    =          1e-10  RMS Gradient Tolerance           =            0.1
Steepest Descent Tolerance       =          0.001  Use Spectral Theta               =           True
----------------------------------------------------------------------------------------------------

----------------------------------------------------------------------------------------------------------------
  Iteration       Function          RMS Gradient        Max. |Grad.|          RMS Disp.         Max. |Disp.|
----------------------------------------------------------------------------------------------------------------
     0     I      -9503.34941389         39.33814627       1515.76030772          0.00201374          0.07759256
     1   L1s      -9540.46417289          2.76460548         61.50347681          0.00076851          0.01706028
     2   L1s      -9540.80228658          2.19352212         61.69517104          0.00009918          0.00293198
     3   L1s      -9541.42577408          1.92120398         49.65323038          0.00029582          0.01032891
     4   L1s      -9542.11656249          1.09056356         28.32695113          0.00043317          0.01006426
     5   L1s      -9542.23871969          1.25701373         31.10552120          0.00011906          0.00231691
     6   L1s      -9542.31595530          0.81260147         23.54911710          0.00009005          0.00232489
     7   L1s      -9542.43763173          0.67024233         14.02568514          0.00018721          0.00424471
     8   L0s      -9542.53441563          1.04562182         23.21305358          0.00018721          0.00438595
     9   L1s      -9542.59782236          0.70444038         15.56099057          0.00013320          0.00285661
    10   L1s      -9542.63681722          0.41413716          6.92596426          0.00009519          0.00161194
    11   L1s      -9542.69430600          0.47652600          7.27329835          0.00017992          0.00335931
    12   L1s      -9542.70845575          0.52285286         12.76303555          0.00005037          0.00088453
    13   L1s      -9542.73662574          0.30714786          5.03485319          0.00010940          0.00201106
    14   L0s      -9542.76052314          0.29275726          3.98007724          0.00010940          0.00197368
    15   L1s      -9542.77389182          0.42793158          9.95684481          0.00007187          0.00137665
    16   L0s      -9542.78539908          0.34446116          6.32603090          0.00007187          0.00132478
    17   L1s      -9542.79746547          0.24232293          3.38497993          0.00008255          0.00141110
    18   L1s      -9542.80576010          0.33285060          8.27571047          0.00005641          0.00102408
    19   L1s      -9542.81118119          0.21703620          3.97276084          0.00003916          0.00063417
    20   L1s      -9542.82023140          0.20302177          3.22680399          0.00007361          0.00117402
    21   L1s      -9542.82495252          0.25482128          6.42347821          0.00004277          0.00058520
    22   L1s      -9542.82896896          0.16552729          2.51751695          0.00003856          0.00058236
    23   L1s      -9542.83481704          0.18626278          2.93062260          0.00006303          0.00092443
    24   L0s      -9542.84074727          0.18597202          4.71719151          0.00006303          0.00084798
    25   L1s      -9542.84338833          0.20644926          5.64104454          0.00003063          0.00039931
    26   L1s      -9542.84788742          0.17053419          2.92387865          0.00005870          0.00080606
    27   L1s      -9542.85105097          0.20963273          6.12009271          0.00004393          0.00058316
    28   L1s      -9542.85372908          0.14854763          2.38782084          0.00003860          0.00041891
    29   L1s      -9542.85939903          0.15506679          2.07891842          0.00008741          0.00085821
    30   L1s      -9542.86258275          0.19395803          3.73742024          0.00005183          0.00047246
    31   L1s      -9542.86531467          0.18104702          3.34877347          0.00004592          0.00040377
    32   L1s      -9542.86946491          0.14699375          1.78458002          0.00007220          0.00060767
    33   L0s      -9542.87321578          0.17052829          4.21213294          0.00007220          0.00060114
    34   L1s      -9542.87453623          0.13898955          2.25603325          0.00002576          0.00020911
    35   L1s      -9542.87777428          0.14815663          3.25124119          0.00006141          0.00048470
    36   L1s      -9542.87978592          0.18364599          4.91926382          0.00003970          0.00030740
    37   L1s      -9542.88257041          0.12106880          1.43012440          0.00005632          0.00041827
    38   L1s      -9542.88595183          0.15282802          3.21961526          0.00007205          0.00051611
    39   L0s      -9542.88936741          0.17571801          4.14258329          0.00007205          0.00050262
    40   L1s      -9542.89117085          0.15170155          3.24809301          0.00003937          0.00027818
    41   L1s      -9542.89452470          0.14385301          3.08337283          0.00007929          0.00059330
    42   L1s      -9542.89595679          0.15741575          4.61746830          0.00003480          0.00028040
    43   L1s      -9542.89905145          0.13818383          2.13497124          0.00007690          0.00053412
    44   L1s      -9542.90315319          0.16709691          3.12680837          0.00010474          0.00067200
    45   L1s      -9542.90578109          0.17460900          3.56543413          0.00006828          0.00046800
    46   L1s      -9542.90782404          0.13661533          2.07478186          0.00005392          0.00041271
    47   L1s      -9542.91167017          0.11961556          1.85881547          0.00010404          0.00089238
    48   L1s      -9542.91408556          0.17733023          4.97699887          0.00006738          0.00060236
    49   L1s      -9542.91615912          0.14877741          2.61794248          0.00005862          0.00054953
    50   L1s      -9542.91934932          0.15172507          2.47779343          0.00009183          0.00088744
    51   L1s      -9542.92147871          0.18363702          4.61233305          0.00006234          0.00061073
    52   L0s      -9542.92366555          0.12480998          1.59537189          0.00006234          0.00061933
    53   L1s      -9542.92685838          0.13353847          2.30549473          0.00008951          0.00088918
    54   L1s      -9542.92863705          0.17267728          4.18716465          0.00005249          0.00051949
    55   L1s      -9542.93111430          0.12863692          2.23786192          0.00007403          0.00072201
    56   L1s      -9542.93428510          0.17951113          4.58520420          0.00009685          0.00093350
    57   L1s      -9542.93588051          0.14294494          2.13503570          0.00004926          0.00046481
    58   L1s      -9542.93925897          0.14062513          2.58266400          0.00010606          0.00097426
    59   L0s      -9542.94225275          0.18799883          4.03822013          0.00010606          0.00095984
    60   L1s      -9542.94417111          0.15738222          3.05350976          0.00006536          0.00061289
    61   L1s      -9542.94680764          0.11597619          1.44876873          0.00007901          0.00080251
    62   L1s      -9542.94871259          0.20220505          5.69132653          0.00005862          0.00060519
    63   L1s      -9542.95150933          0.11486073          1.43726414          0.00008680          0.00091235
    64   L1s      -9542.95466456          0.11485634          1.39199347          0.00010042          0.00107579
    65   L1s      -9542.95663356          0.17506537          5.15281168          0.00006419          0.00069122
    66   L0s      -9542.95856054          0.14009986          2.18139152          0.00006419          0.00069052
    67   L1s      -9542.96153686          0.15142423          3.88412491          0.00010123          0.00106104
    68   L1s      -9542.96279758          0.12702520          3.25662769          0.00004301          0.00042899
    69   L1s      -9542.96431184          0.09325161          1.60886853          0.00005255          0.00048316
----------------------------------------------------------------------------------------------------------------

Minimization converged.

-------------------  Conjugate Gradient Minimizer Statistics -------------------
Iterations             =             69  Function Calls         =            130
--------------------------------------------------------------------------------
