
#-----------------------------------------------------------------------------#
#                                                                             #
#                                EasyHybrid                                   #
#                   - A pDynamo graphical user interface -                    #
#                                                                             #
#-----------------------------------------------------------------------------#
#                                                                             #
#     Developed by Jose Fernando R Bachega and Luis Fernando S M Timmers      #
#                            <ferbachega@gmail.com>                           #
#                                                                             #
#             visit: https://sites.google.com/site/EasyHybrid/                #
#                   Univesity of Sao Paulo - SP, Brazil                       #
#      Pontifical Catholic University of Rio Grande do Sul - RS, Brazil       #
#                                                                             #
#                                                                             #
#   EasyHybrid team:                               Special thanks to:         #
#   - Jose Fernando R Bachega           |         - Fernando V Maluf          #
#   - Michele Silva                     |                                     #
#   - Luis Fernando S M Timmers         |                                     #
#   - Martin Field                      |         - Leonardo R Bachega        #
#   - Troy Wymore                       |         - Lucas Assirati            #
#   - Osmar Norberto de Souza           |         - Richard Garratt           #
#   - Walter R Paixao-Cortes            |                                     #
#                                                                             #
#   Cite this work as:                                                        #
#   J.F.R. Bachega, L.F.S.M. Timmers, L.Assirati, L.B. Bachega, M.J. Field,   #
#   T. Wymore. J. Comput. Chem. 2013, 34, 2190-2196. DOI: 10.1002/jcc.23346   #
#                                                                             #
#-----------------------------------------------------------------------------#

Generated on Wed Jun  5 17:27:05 2019


--------------------------------------------------------------------------------
                       Summary for System "Pruned System"
--------------------------------------------------------------------------------

---------------------------- Atom Container Summary ----------------------------
Number of Atoms        =           2173  Number of Heavy Atoms  =           1040
Number of Hydrogens    =           1133  Number of Unknowns     =              0
--------------------------------------------------------------------------------

----------------------------- Connectivity Summary -----------------------------
Atoms                  =           2173
--------------------------------------------------------------------------------

------------------------------- Electronic State -------------------------------
Charge                 =             -1  Multiplicity           =              1
--------------------------------------------------------------------------------

--------------------------------------------------------------------------------
                    Summary for Energy Model "AMBER/AM1/ABFS"
--------------------------------------------------------------------------------

----------------------------------- Summary for MM Model "AMBER" -----------------------------------
LJ 1-4 Scaling                   =          0.500  El. 1-4 Scaling                  =          0.833
Number of MM Atoms               =           2173  Number of MM Atom Types          =             37
Number of Inactive MM Atoms      =             33  Total MM Charge                  =          -4.00
Harmonic Bond Terms              =           2169  Harmonic Bond Parameters         =             49
Harmonic Bond Inactive           =           1308  Fourier Improper Terms           =            320
Fourier Improper Parameters      =              3  Fourier Improper Inactive        =            164
Harmonic Angle Terms             =           3403  Harmonic Angle Parameters        =            103
Harmonic Angle Inactive          =           1938  Fourier Dihedral Terms           =           6697
Fourier Dihedral Parameters      =             48  Fourier Dihedral Inactive        =           3453
Exclusions                       =          10377  1-4 Interactions                 =           4805
LJ Parameters Form               =          AMBER  LJ Parameters Types              =             21
1-4 Lennard-Jones Form           =          AMBER  1-4 Lennard-Jones Types          =             21
----------------------------------------------------------------------------------------------------

-------------------------- Summary for QC Model "AM1" --------------------------
Number of QC Atoms     =             39  Boundary Atoms         =              6
Nuclear Charge         =            129  Orbital Functions      =            108
Fitting Functions      =              0  Energy Base Line       =      188.36370
QC Parameter Centers   =              6
--------------------------------------------------------------------------------

----------------------------- ABFS NB Model Summary ----------------------------
Dielectric             =       1.000000  El. 1-4 Scaling        =       0.833333
Damping Cutoff         =       0.500000  Inner Cutoff           =       8.000000
List Cutoff            =      13.500000  Outer Cutoff           =      12.000000
QC/MM Coupling         =    RC Coupling  Use Centering          =          False
--------------------------------------------------------------------------------

-------------------------- Pairlist Generator Summary --------------------------
Cell Size              =          6.750  Cutoff                 =         13.500
Cutoff Cell Size Factor =          0.500  Grid Cell/Cell Method  =           True
Minimum Cell Extent    =              2  Minimum Cell Size      =          3.000
Minimum Extent Factor  =          1.500  Minimum Points         =            500
Sort Indices           =          False
--------------------------------------------------------------------------------

----------------------- SoftConstraint Container Summary -----------------------
Multiple Distance      =              2
--------------------------------------------------------------------------------

---------------------------- Hard Constraint Container Summary ---------------------------
Number of Charge Constraints  =            0  Number of Fixed Atoms         =         1351
------------------------------------------------------------------------------------------

------------------------------- Sequence Summary -------------------------------
Number of Atoms            =       2173  Number of Components       =        213
Number of Entities         =          1  Number of Linear Polymers  =          0
Number of Links            =          0  Number of Variants         =          0
--------------------------------------------------------------------------------

-------------------------------  Conjugate Gradient Minimizer Options ------------------------------
Beta Type                        =              1  Initial Step                     =            0.1
Line Searcher                    =           None  Log Frequency                    =              1
Maximum Iterations               =           5000  Maximum Theta                    =          1e+10
Minimum Theta                    =          1e-10  RMS Gradient Tolerance           =            0.1
Steepest Descent Tolerance       =          0.001  Use Spectral Theta               =           True
----------------------------------------------------------------------------------------------------

----------------------------------------------------------------------------------------------------------------
  Iteration       Function          RMS Gradient        Max. |Grad.|          RMS Disp.         Max. |Disp.|
----------------------------------------------------------------------------------------------------------------
     0     I      -9388.85307888         39.47665369       1502.32032575          0.00201374          0.07663474
     1   L1s      -9427.96950805          3.14117264         94.11392277          0.00080092          0.02387759
     2   L1s      -9428.29940097          1.79077143         54.44145146          0.00008522          0.00293683
     3   L1s      -9428.85180658          1.32860219         38.50586617          0.00028920          0.00729142
     4   L1s      -9429.14214976          0.72569856         15.71011761          0.00023027          0.00440821
     5   L1s      -9429.19399976          1.06410549         29.21985649          0.00007102          0.00140840
     6   L1s      -9429.28182857          0.62628069         13.62739803          0.00013788          0.00255021
     7   L1s      -9429.33097447          0.50264692         12.38124719          0.00010055          0.00152468
     8   L1s      -9429.38496368          0.41826616          5.22366812          0.00014084          0.00212244
     9   L1s      -9429.40356140          0.47380761         14.71578266          0.00006046          0.00094565
    10   L1s      -9429.41619890          0.38332847          5.68853783          0.00004642          0.00077437
    11   L1s      -9429.44239426          0.44248788         14.14073227          0.00011109          0.00196121
    12   L1s      -9429.45232464          0.34209423          6.62811618          0.00004588          0.00078160
    13   L1s      -9429.46952506          0.22240375          3.48256581          0.00008929          0.00159662
    14   L0s      -9429.48395471          0.24875556          4.57261717          0.00008929          0.00164065
    15   L1s      -9429.49452546          0.41988731         11.61981316          0.00007462          0.00137187
    16   L1s      -9429.50337942          0.23918436          3.70468422          0.00006525          0.00117287
    17   L1s      -9429.51943692          0.27328755          4.59355430          0.00013031          0.00222201
    18   L1s      -9429.52962684          0.23206882          3.78247035          0.00008800          0.00138898
    19   L1s      -9429.53393915          0.26582788          7.41135764          0.00004019          0.00060185
    20   L1s      -9429.54011331          0.21952777          2.61568367          0.00006057          0.00086242
    21   L1s      -9429.54703173          0.34470161         10.95975411          0.00007253          0.00102193
    22   L0s      -9429.55430798          0.20564578          2.47538711          0.00007253          0.00096846
    23   L1s      -9429.56449144          0.23884051          4.33046015          0.00009673          0.00118594
    24   L1s      -9429.56994490          0.31926640          8.57642237          0.00005700          0.00065562
    25   L1s      -9429.57680640          0.21206683          3.09276534          0.00007380          0.00088007
    26   L1s      -9429.58466109          0.27879190          7.02067813          0.00008966          0.00111696
    27   L1s      -9429.58898102          0.20936876          3.88638448          0.00005088          0.00066827
    28   L1s      -9429.59399007          0.18104382          3.49388065          0.00006211          0.00084018
    29   L1s      -9429.59772938          0.26448042          7.44596782          0.00004931          0.00067023
    30   L1s      -9429.60232813          0.19558187          2.60632811          0.00006227          0.00084202
    31   L1s      -9429.61245173          0.20882260          2.94970928          0.00014335          0.00189887
    32   L1s      -9429.61654289          0.28329080          9.45952375          0.00006007          0.00078356
    33   L1s      -9429.62272849          0.19440524          2.56396358          0.00009253          0.00114843
    34   L1s      -9429.62777117          0.29373330         10.33522264          0.00007831          0.00094350
    35   L1s      -9429.63360357          0.20676324          2.50443024          0.00009202          0.00102742
    36   L1s      -9429.64289522          0.21396909          3.26488154          0.00015111          0.00166773
    37   L1s      -9429.64600522          0.25937102          6.01844907          0.00005199          0.00057384
    38   L1s      -9429.65452179          0.21445493          3.94077711          0.00014483          0.00156509
    39   L1s      -9429.66079847          0.22409894          5.14560267          0.00010922          0.00114688
    40   L1s      -9429.66436906          0.23870231          6.51980288          0.00006346          0.00068077
    41   L1s      -9429.67049467          0.20502047          4.34406060          0.00011085          0.00123336
    42   L1s      -9429.67441135          0.27124995          8.68493161          0.00007255          0.00082095
    43   L1s      -9429.67973740          0.14014017          1.53791729          0.00009994          0.00118519
    44   L0s      -9429.68515485          0.19015544          4.12249074          0.00009994          0.00122283
    45   L1s      -9429.68754044          0.20441306          5.87006790          0.00004655          0.00058662
    46   L1s      -9429.69262787          0.19386605          3.45538213          0.00010682          0.00137962
    47   L0s      -9429.69763432          0.22830754          6.75478834          0.00010682          0.00138054
    48   L1s      -9429.70045345          0.15885369          2.22443340          0.00006104          0.00077116
    49   L1s      -9429.70442832          0.15985447          2.27940927          0.00008902          0.00105481
    50   L1s      -9429.70614284          0.17883570          4.56233306          0.00003937          0.00043868
    51   L1s      -9429.70920847          0.13645354          2.02808810          0.00007175          0.00070813
    52   L1s      -9429.71378748          0.15274093          3.13860952          0.00011060          0.00101722
    53   L1s      -9429.71533127          0.17475449          4.28376180          0.00003818          0.00035471
    54   L1s      -9429.71872118          0.13296751          1.86701402          0.00008533          0.00081833
    55   L1s      -9429.72055877          0.18099712          4.67122019          0.00004758          0.00046154
    56   L1s      -9429.72323060          0.12641624          1.80719012          0.00007022          0.00068425
    57   L0s      -9429.72608303          0.14227326          3.25324211          0.00007022          0.00067119
    58   L1s      -9429.72756746          0.16039187          4.06599255          0.00003840          0.00035875
    59   L1s      -9429.73034180          0.12245661          2.41962611          0.00007866          0.00070470
    60   L0s      -9429.73287653          0.13505279          1.90276600          0.00007866          0.00069262
    61   L1s      -9429.73419535          0.15404345          3.81371265          0.00004113          0.00035030
    62   L1s      -9429.73675566          0.11860399          1.70292551          0.00007737          0.00061306
    63   L1s      -9429.73833939          0.17733136          5.61914753          0.00004906          0.00039744
    64   L1s      -9429.74060530          0.11992984          2.25048310          0.00007096          0.00058381
    65   L1s      -9429.74350375          0.13203046          2.48353950          0.00009287          0.00076121
    66   L1s      -9429.74577995          0.17656593          5.85556550          0.00007423          0.00060537
    67   L1s      -9429.74764973          0.13349955          2.58520336          0.00006158          0.00049572
    68   L1s      -9429.75003873          0.14121602          4.03326141          0.00008000          0.00062877
    69   L1s      -9429.75107062          0.11831605          2.28087978          0.00003505          0.00026252
    70   L1s      -9429.75354872          0.10183764          1.03105927          0.00008591          0.00063282
    71   L0s      -9429.75574743          0.15489266          4.56955527          0.00008591          0.00065030
    72   L1s      -9429.75681992          0.12272474          1.95793781          0.00004007          0.00031017
    73   L1s      -9429.75886310          0.12079151          2.80682446          0.00006744          0.00052267
    74   L1s      -9429.75994282          0.13267465          3.66852914          0.00003637          0.00028041
    75   L1s      -9429.76168226          0.10333708          1.98935695          0.00005955          0.00044561
    76   L1s      -9429.76358632          0.11049526          2.65582708          0.00006687          0.00047221
    77   L1s      -9429.76441077          0.11944502          3.03454708          0.00002959          0.00021202
    78   L1s      -9429.76574078          0.08972484          1.29539180          0.00004857          0.00035505
----------------------------------------------------------------------------------------------------------------

Minimization converged.

-------------------  Conjugate Gradient Minimizer Statistics -------------------
Iterations             =             78  Function Calls         =            150
--------------------------------------------------------------------------------
