
#-----------------------------------------------------------------------------#
#                                                                             #
#                                EasyHybrid                                   #
#                   - A pDynamo graphical user interface -                    #
#                                                                             #
#-----------------------------------------------------------------------------#
#                                                                             #
#     Developed by Jose Fernando R Bachega and Luis Fernando S M Timmers      #
#                            <ferbachega@gmail.com>                           #
#                                                                             #
#             visit: https://sites.google.com/site/EasyHybrid/                #
#                   Univesity of Sao Paulo - SP, Brazil                       #
#      Pontifical Catholic University of Rio Grande do Sul - RS, Brazil       #
#                                                                             #
#                                                                             #
#   EasyHybrid team:                               Special thanks to:         #
#   - Jose Fernando R Bachega           |         - Fernando V Maluf          #
#   - Michele Silva                     |                                     #
#   - Luis Fernando S M Timmers         |                                     #
#   - Martin Field                      |         - Leonardo R Bachega        #
#   - Troy Wymore                       |         - Lucas Assirati            #
#   - Osmar Norberto de Souza           |         - Richard Garratt           #
#   - Walter R Paixao-Cortes            |                                     #
#                                                                             #
#   Cite this work as:                                                        #
#   J.F.R. Bachega, L.F.S.M. Timmers, L.Assirati, L.B. Bachega, M.J. Field,   #
#   T. Wymore. J. Comput. Chem. 2013, 34, 2190-2196. DOI: 10.1002/jcc.23346   #
#                                                                             #
#-----------------------------------------------------------------------------#

Generated on Wed Jun  5 17:31:17 2019


--------------------------------------------------------------------------------
                       Summary for System "Pruned System"
--------------------------------------------------------------------------------

---------------------------- Atom Container Summary ----------------------------
Number of Atoms        =           2173  Number of Heavy Atoms  =           1040
Number of Hydrogens    =           1133  Number of Unknowns     =              0
--------------------------------------------------------------------------------

----------------------------- Connectivity Summary -----------------------------
Atoms                  =           2173
--------------------------------------------------------------------------------

------------------------------- Electronic State -------------------------------
Charge                 =             -1  Multiplicity           =              1
--------------------------------------------------------------------------------

--------------------------------------------------------------------------------
                    Summary for Energy Model "AMBER/AM1/ABFS"
--------------------------------------------------------------------------------

----------------------------------- Summary for MM Model "AMBER" -----------------------------------
LJ 1-4 Scaling                   =          0.500  El. 1-4 Scaling                  =          0.833
Number of MM Atoms               =           2173  Number of MM Atom Types          =             37
Number of Inactive MM Atoms      =             33  Total MM Charge                  =          -4.00
Harmonic Bond Terms              =           2169  Harmonic Bond Parameters         =             49
Harmonic Bond Inactive           =           1308  Fourier Improper Terms           =            320
Fourier Improper Parameters      =              3  Fourier Improper Inactive        =            164
Harmonic Angle Terms             =           3403  Harmonic Angle Parameters        =            103
Harmonic Angle Inactive          =           1938  Fourier Dihedral Terms           =           6697
Fourier Dihedral Parameters      =             48  Fourier Dihedral Inactive        =           3453
Exclusions                       =          10377  1-4 Interactions                 =           4805
LJ Parameters Form               =          AMBER  LJ Parameters Types              =             21
1-4 Lennard-Jones Form           =          AMBER  1-4 Lennard-Jones Types          =             21
----------------------------------------------------------------------------------------------------

-------------------------- Summary for QC Model "AM1" --------------------------
Number of QC Atoms     =             39  Boundary Atoms         =              6
Nuclear Charge         =            129  Orbital Functions      =            108
Fitting Functions      =              0  Energy Base Line       =      188.36370
QC Parameter Centers   =              6
--------------------------------------------------------------------------------

----------------------------- ABFS NB Model Summary ----------------------------
Dielectric             =       1.000000  El. 1-4 Scaling        =       0.833333
Damping Cutoff         =       0.500000  Inner Cutoff           =       8.000000
List Cutoff            =      13.500000  Outer Cutoff           =      12.000000
QC/MM Coupling         =    RC Coupling  Use Centering          =          False
--------------------------------------------------------------------------------

-------------------------- Pairlist Generator Summary --------------------------
Cell Size              =          6.750  Cutoff                 =         13.500
Cutoff Cell Size Factor =          0.500  Grid Cell/Cell Method  =           True
Minimum Cell Extent    =              2  Minimum Cell Size      =          3.000
Minimum Extent Factor  =          1.500  Minimum Points         =            500
Sort Indices           =          False
--------------------------------------------------------------------------------

----------------------- SoftConstraint Container Summary -----------------------
Multiple Distance      =              2
--------------------------------------------------------------------------------

---------------------------- Hard Constraint Container Summary ---------------------------
Number of Charge Constraints  =            0  Number of Fixed Atoms         =         1351
------------------------------------------------------------------------------------------

------------------------------- Sequence Summary -------------------------------
Number of Atoms            =       2173  Number of Components       =        213
Number of Entities         =          1  Number of Linear Polymers  =          0
Number of Links            =          0  Number of Variants         =          0
--------------------------------------------------------------------------------

-------------------------------  Conjugate Gradient Minimizer Options ------------------------------
Beta Type                        =              1  Initial Step                     =            0.1
Line Searcher                    =           None  Log Frequency                    =              1
Maximum Iterations               =           5000  Maximum Theta                    =          1e+10
Minimum Theta                    =          1e-10  RMS Gradient Tolerance           =            0.1
Steepest Descent Tolerance       =          0.001  Use Spectral Theta               =           True
----------------------------------------------------------------------------------------------------

----------------------------------------------------------------------------------------------------------------
  Iteration       Function          RMS Gradient        Max. |Grad.|          RMS Disp.         Max. |Disp.|
----------------------------------------------------------------------------------------------------------------
     0     I      -9489.23331474         38.92251452       1526.34884189          0.00201374          0.07896895
     1   L1s      -9524.65410006          4.23171508        101.53133000          0.00074096          0.01767822
     2   L1s      -9525.31602550          2.94975905         73.46608817          0.00012764          0.00383353
     3   L1s      -9527.04435849          2.54154700         65.80173971          0.00058073          0.01813942
     4   L1s      -9527.81426370          1.39475418         30.91009506          0.00035387          0.00674745
     5   L1s      -9527.99848044          2.01082747         48.81425487          0.00013516          0.00287888
     6   L1s      -9528.26302546          1.13233764         24.07726317          0.00022154          0.00424761
     7   L1s      -9528.49136340          1.27002143         29.60092377          0.00024937          0.00517433
     8   L1s      -9528.59332680          1.26957118         29.03000925          0.00012886          0.00291335
     9   L1s      -9528.82071417          0.54334005          9.31513925          0.00032211          0.00506269
    10   L1s      -9528.85341855          0.84481475         19.36570160          0.00006771          0.00139302
    11   L1s      -9528.89753305          0.53093532          8.12812912          0.00010065          0.00171235
    12   L0s      -9528.93706148          0.40059252          7.09666439          0.00010065          0.00185958
    13   L0s      -9528.97088835          0.41423376          9.88947127          0.00010065          0.00190356
    14   L1s      -9528.98335925          0.46512911         13.88510233          0.00004657          0.00089709
    15   L1s      -9529.00288414          0.39108502          7.63786189          0.00008433          0.00160841
    16   L1s      -9529.01616572          0.48992639         13.72362258          0.00006363          0.00119504
    17   L1s      -9529.03470723          0.29615306          3.97831422          0.00009398          0.00163983
    18   L1s      -9529.05374803          0.27392095          4.25787912          0.00010977          0.00184636
    19   L1s      -9529.05891731          0.33275036          9.24615063          0.00003350          0.00056982
    20   L1s      -9529.06849838          0.26565067          4.39211445          0.00006635          0.00110190
    21   L1s      -9529.07886000          0.30098310          6.18668189          0.00007837          0.00125845
    22   L1s      -9529.08401167          0.24473752          5.39262324          0.00004136          0.00066070
    23   L1s      -9529.09114467          0.19621639          2.28847868          0.00006195          0.00099633
    24   L1s      -9529.09595449          0.32908138          7.84789155          0.00004627          0.00074824
    25   L1s      -9529.10245716          0.17600019          2.51861740          0.00006458          0.00101225
    26   L1s      -9529.11046040          0.19242072          3.19653857          0.00008765          0.00140084
    27   L1s      -9529.11376979          0.25527604          8.60434793          0.00003883          0.00063088
    28   L1s      -9529.11942271          0.18987618          2.84872052          0.00006872          0.00106997
    29   L1s      -9529.12217242          0.22746571          6.93931022          0.00003546          0.00055572
    30   L1s      -9529.12623869          0.17128823          3.17756898          0.00005441          0.00095460
    31   L1s      -9529.13160396          0.16562513          3.32033766          0.00007616          0.00141250
    32   L1s      -9529.13570231          0.24581978          7.52050336          0.00006152          0.00116045
    33   L1s      -9529.13865322          0.18292759          2.56721564          0.00004534          0.00086741
    34   L1s      -9529.14375471          0.18982198          4.83255306          0.00008157          0.00168853
    35   L1s      -9529.14596252          0.18287701          3.24997833          0.00003651          0.00081625
    36   L1s      -9529.15070144          0.17431183          2.40798379          0.00008114          0.00176725
    37   L1s      -9529.15662260          0.27288297          6.56036131          0.00010523          0.00231817
    38   L1s      -9529.15938419          0.14399048          1.96735321          0.00004973          0.00115035
    39   L1s      -9529.16659652          0.20137970          2.78494240          0.00013585          0.00306381
    40   L1s      -9529.17012030          0.23649292          7.34025157          0.00006778          0.00151887
    41   L1s      -9529.17422151          0.17186702          2.31620750          0.00008020          0.00178081
    42   L1s      -9529.17761617          0.24569018          7.23385231          0.00006836          0.00152042
    43   L0s      -9529.18094673          0.16228435          2.31471553          0.00006836          0.00151567
    44   L1s      -9529.18487249          0.13962919          1.95092921          0.00008362          0.00179446
    45   L0s      -9529.18891530          0.18620758          5.19970383          0.00008362          0.00181548
    46   L1s      -9529.19087518          0.17585979          4.30914944          0.00004254          0.00092968
    47   L1s      -9529.19515156          0.17905112          4.53702602          0.00010099          0.00221312
    48   L1s      -9529.19698583          0.16431051          3.32698910          0.00004411          0.00097021
    49   L1s      -9529.20047698          0.11756929          1.23845355          0.00008575          0.00184465
    50   L1s      -9529.20330880          0.16449263          3.89852656          0.00007231          0.00154275
    51   L1s      -9529.20536121          0.19192880          5.24372765          0.00005340          0.00111233
    52   L1s      -9529.20821144          0.13660117          2.54794170          0.00007514          0.00148529
    53   L1s      -9529.20973323          0.16160091          4.27649380          0.00004115          0.00078355
    54   L1s      -9529.21187011          0.10702819          1.02620300          0.00005878          0.00100874
    55   L1s      -9529.21457042          0.11167010          2.32788838          0.00007708          0.00125072
    56   L1s      -9529.21570415          0.15246662          4.71457237          0.00003340          0.00052142
    57   L1s      -9529.21757258          0.11865226          2.52296557          0.00005593          0.00085615
    58   L1s      -9529.21890713          0.15900796          4.18692663          0.00004099          0.00062039
    59   L1s      -9529.22096997          0.11227791          1.27654370          0.00006423          0.00092368
    60   L1s      -9529.22352850          0.11910645          2.39195027          0.00008179          0.00115341
    61   L1s      -9529.22504129          0.13455407          4.24387626          0.00004945          0.00070404
    62   L1s      -9529.22600691          0.10521792          1.80359218          0.00003210          0.00041689
    63   L1s      -9529.22751529          0.14068563          4.16281172          0.00005146          0.00063572
    64   L1s      -9529.22859194          0.10992191          1.52303004          0.00003725          0.00044419
    65   L1s      -9529.23140315          0.09932591          1.12170763          0.00009948          0.00107176
----------------------------------------------------------------------------------------------------------------

Minimization converged.

-------------------  Conjugate Gradient Minimizer Statistics -------------------
Iterations             =             65  Function Calls         =            127
--------------------------------------------------------------------------------
