
#-----------------------------------------------------------------------------#
#                                                                             #
#                                EasyHybrid                                   #
#                   - A pDynamo graphical user interface -                    #
#                                                                             #
#-----------------------------------------------------------------------------#
#                                                                             #
#     Developed by Jose Fernando R Bachega and Luis Fernando S M Timmers      #
#                            <ferbachega@gmail.com>                           #
#                                                                             #
#             visit: https://sites.google.com/site/EasyHybrid/                #
#                   Univesity of Sao Paulo - SP, Brazil                       #
#      Pontifical Catholic University of Rio Grande do Sul - RS, Brazil       #
#                                                                             #
#                                                                             #
#   EasyHybrid team:                               Special thanks to:         #
#   - Jose Fernando R Bachega           |         - Fernando V Maluf          #
#   - Michele Silva                     |                                     #
#   - Luis Fernando S M Timmers         |                                     #
#   - Martin Field                      |         - Leonardo R Bachega        #
#   - Troy Wymore                       |         - Lucas Assirati            #
#   - Osmar Norberto de Souza           |         - Richard Garratt           #
#   - Walter R Paixao-Cortes            |                                     #
#                                                                             #
#   Cite this work as:                                                        #
#   J.F.R. Bachega, L.F.S.M. Timmers, L.Assirati, L.B. Bachega, M.J. Field,   #
#   T. Wymore. J. Comput. Chem. 2013, 34, 2190-2196. DOI: 10.1002/jcc.23346   #
#                                                                             #
#-----------------------------------------------------------------------------#

Generated on Wed Jun  5 17:33:36 2019


--------------------------------------------------------------------------------
                       Summary for System "Pruned System"
--------------------------------------------------------------------------------

---------------------------- Atom Container Summary ----------------------------
Number of Atoms        =           2173  Number of Heavy Atoms  =           1040
Number of Hydrogens    =           1133  Number of Unknowns     =              0
--------------------------------------------------------------------------------

----------------------------- Connectivity Summary -----------------------------
Atoms                  =           2173
--------------------------------------------------------------------------------

------------------------------- Electronic State -------------------------------
Charge                 =             -1  Multiplicity           =              1
--------------------------------------------------------------------------------

--------------------------------------------------------------------------------
                    Summary for Energy Model "AMBER/AM1/ABFS"
--------------------------------------------------------------------------------

----------------------------------- Summary for MM Model "AMBER" -----------------------------------
LJ 1-4 Scaling                   =          0.500  El. 1-4 Scaling                  =          0.833
Number of MM Atoms               =           2173  Number of MM Atom Types          =             37
Number of Inactive MM Atoms      =             33  Total MM Charge                  =          -4.00
Harmonic Bond Terms              =           2169  Harmonic Bond Parameters         =             49
Harmonic Bond Inactive           =           1308  Fourier Improper Terms           =            320
Fourier Improper Parameters      =              3  Fourier Improper Inactive        =            164
Harmonic Angle Terms             =           3403  Harmonic Angle Parameters        =            103
Harmonic Angle Inactive          =           1938  Fourier Dihedral Terms           =           6697
Fourier Dihedral Parameters      =             48  Fourier Dihedral Inactive        =           3453
Exclusions                       =          10377  1-4 Interactions                 =           4805
LJ Parameters Form               =          AMBER  LJ Parameters Types              =             21
1-4 Lennard-Jones Form           =          AMBER  1-4 Lennard-Jones Types          =             21
----------------------------------------------------------------------------------------------------

-------------------------- Summary for QC Model "AM1" --------------------------
Number of QC Atoms     =             39  Boundary Atoms         =              6
Nuclear Charge         =            129  Orbital Functions      =            108
Fitting Functions      =              0  Energy Base Line       =      188.36370
QC Parameter Centers   =              6
--------------------------------------------------------------------------------

----------------------------- ABFS NB Model Summary ----------------------------
Dielectric             =       1.000000  El. 1-4 Scaling        =       0.833333
Damping Cutoff         =       0.500000  Inner Cutoff           =       8.000000
List Cutoff            =      13.500000  Outer Cutoff           =      12.000000
QC/MM Coupling         =    RC Coupling  Use Centering          =          False
--------------------------------------------------------------------------------

-------------------------- Pairlist Generator Summary --------------------------
Cell Size              =          6.750  Cutoff                 =         13.500
Cutoff Cell Size Factor =          0.500  Grid Cell/Cell Method  =           True
Minimum Cell Extent    =              2  Minimum Cell Size      =          3.000
Minimum Extent Factor  =          1.500  Minimum Points         =            500
Sort Indices           =          False
--------------------------------------------------------------------------------

----------------------- SoftConstraint Container Summary -----------------------
Multiple Distance      =              2
--------------------------------------------------------------------------------

---------------------------- Hard Constraint Container Summary ---------------------------
Number of Charge Constraints  =            0  Number of Fixed Atoms         =         1351
------------------------------------------------------------------------------------------

------------------------------- Sequence Summary -------------------------------
Number of Atoms            =       2173  Number of Components       =        213
Number of Entities         =          1  Number of Linear Polymers  =          0
Number of Links            =          0  Number of Variants         =          0
--------------------------------------------------------------------------------

-------------------------------  Conjugate Gradient Minimizer Options ------------------------------
Beta Type                        =              1  Initial Step                     =            0.1
Line Searcher                    =           None  Log Frequency                    =              1
Maximum Iterations               =           5000  Maximum Theta                    =          1e+10
Minimum Theta                    =          1e-10  RMS Gradient Tolerance           =            0.1
Steepest Descent Tolerance       =          0.001  Use Spectral Theta               =           True
----------------------------------------------------------------------------------------------------

----------------------------------------------------------------------------------------------------------------
  Iteration       Function          RMS Gradient        Max. |Grad.|          RMS Disp.         Max. |Disp.|
----------------------------------------------------------------------------------------------------------------
     0     I      -9473.03558302         39.38606201       1492.58692625          0.00201374          0.07631335
     1   L1s      -9511.67269327          3.31076507         97.82985643          0.00079135          0.02323116
     2   L1s      -9512.01223064          1.81722381         52.29111279          0.00008350          0.00264397
     3   L1s      -9512.67744408          1.27690271         32.31175458          0.00033973          0.00804155
     4   L1s      -9512.91946501          0.74732125         14.32974657          0.00019633          0.00393534
     5   L1s      -9513.01208292          0.98048413         24.91138330          0.00012546          0.00257680
     6   L1s      -9513.06170378          0.74237949         15.83771037          0.00007884          0.00151953
     7   L1s      -9513.11850014          0.62872844         15.49726678          0.00010959          0.00201944
     8   L1s      -9513.14095496          0.59425144         12.16072871          0.00005218          0.00078168
     9   L1s      -9513.18555564          0.43344559          9.93010578          0.00012018          0.00218628
    10   L1s      -9513.20981027          0.34477032          6.20121336          0.00007960          0.00138807
    11   L1s      -9513.24307995          0.34215956          5.30538401          0.00013425          0.00261364
    12   L1s      -9513.25420814          0.43985141         14.00789141          0.00005208          0.00064417
    13   L1s      -9513.26690749          0.25833041          5.17837602          0.00006388          0.00072129
    14   L1s      -9513.27413372          0.36956044         12.28921506          0.00004288          0.00052472
    15   L1s      -9513.28362841          0.25922530          4.91427898          0.00006006          0.00085329
    16   L1s      -9513.30270053          0.26396989          4.12938820          0.00013456          0.00216788
    17   L1s      -9513.31694755          0.24761624          3.53221832          0.00010962          0.00180120
    18   L1s      -9513.32698901          0.37263712         12.69583601          0.00008400          0.00155716
    19   L1s      -9513.33362436          0.19401939          3.31418812          0.00005734          0.00106477
    20   L0s      -9513.33998947          0.32702395          9.75805700          0.00005734          0.00104792
    21   L1s      -9513.34717898          0.21783045          3.29285571          0.00007009          0.00132065
    22   L1s      -9513.35739635          0.25936229          4.84961967          0.00012022          0.00221061
    23   L1s      -9513.36502717          0.29218200          9.52613571          0.00009295          0.00170538
    24   L1s      -9513.36927112          0.20098157          2.67677531          0.00005303          0.00095793
    25   L1s      -9513.37513201          0.24934366          6.94429581          0.00007696          0.00124074
    26   L1s      -9513.37829440          0.17779965          3.60240369          0.00004277          0.00070068
    27   L1s      -9513.38410893          0.15072616          1.89804780          0.00008298          0.00114703
    28   L1s      -9513.38713561          0.22116969          5.51099016          0.00004616          0.00066827
    29   L0s      -9513.38992088          0.16007642          3.15449168          0.00004616          0.00061466
    30   L0s      -9513.39258685          0.16595593          3.85996386          0.00004616          0.00056673
    31   L1s      -9513.39463685          0.16610865          3.09340697          0.00003555          0.00044896
    32   L1s      -9513.39842937          0.14012684          2.29603280          0.00007064          0.00080580
    33   L1s      -9513.40031809          0.14375823          4.24058017          0.00003686          0.00042815
    34   L1s      -9513.40153311          0.11513152          1.79468223          0.00002468          0.00029725
    35   L1s      -9513.40341360          0.16551736          4.54214645          0.00004043          0.00048479
    36   L0s      -9513.40512917          0.13720594          2.62990094          0.00004043          0.00046903
    37   L1s      -9513.40728385          0.12184096          2.37322510          0.00005355          0.00057645
    38   L1s      -9513.40873852          0.13626288          3.50745626          0.00003481          0.00036510
    39   L0s      -9513.41008911          0.12806879          1.89869605          0.00003481          0.00034616
    40   L1s      -9513.41172159          0.13910837          3.30905926          0.00004344          0.00041636
    41   L1s      -9513.41286236          0.10607365          2.35821762          0.00003007          0.00028722
    42   L1s      -9513.41431270          0.11172392          2.54696809          0.00003981          0.00038881
    43   L1s      -9513.41545705          0.12326207          2.08656897          0.00003248          0.00032413
    44   L1s      -9513.41690793          0.11447417          2.86134534          0.00004228          0.00042562
    45   L1s      -9513.41806678          0.12928455          2.81833403          0.00003475          0.00034449
    46   L0s      -9513.41929110          0.10894379          1.70526805          0.00003475          0.00032244
    47   L1s      -9513.42117370          0.13554474          3.70341329          0.00005377          0.00047045
    48   L1s      -9513.42252217          0.13096786          3.04323922          0.00004107          0.00037679
    49   L1s      -9513.42500130          0.11853861          2.17781217          0.00007706          0.00075458
    50   L1s      -9513.42639407          0.14933552          3.24613191          0.00004433          0.00043995
    51   L0s      -9513.42782237          0.10084180          1.86547831          0.00004433          0.00042116
    52   L1s      -9513.42906567          0.14262319          3.50926126          0.00003816          0.00034822
    53   L1s      -9513.43066745          0.11776581          1.61693079          0.00005087          0.00044248
    54   L1s      -9513.43283844          0.11872934          2.01215499          0.00007055          0.00061946
    55   L1s      -9513.43466485          0.17152392          4.94147138          0.00006065          0.00053797
    56   L0s      -9513.43646889          0.11377607          1.40300428          0.00006065          0.00055576
    57   L1s      -9513.43799249          0.16078009          4.60252027          0.00005250          0.00048881
    58   L1s      -9513.43974040          0.11581642          1.84068110          0.00006080          0.00058194
    59   L1s      -9513.44228718          0.13287771          2.31456246          0.00009037          0.00087806
    60   L1s      -9513.44414999          0.17027231          5.17235006          0.00006707          0.00065652
    61   L1s      -9513.44632287          0.12789674          1.91467827          0.00007892          0.00078059
    62   L1s      -9513.44817105          0.17043873          4.87760255          0.00006812          0.00067729
    63   L0s      -9513.44983809          0.12532928          2.18191567          0.00006812          0.00068488
    64   L1s      -9513.45162754          0.11617770          2.11919314          0.00007945          0.00080512
    65   L1s      -9513.45313073          0.15538404          4.00594177          0.00006043          0.00061471
    66   L1s      -9513.45508931          0.13557313          2.46160846          0.00007940          0.00081191
    67   L1s      -9513.45727546          0.18397372          4.32186264          0.00008958          0.00091967
    68   L0s      -9513.45943721          0.13606932          2.10357930          0.00008958          0.00092872
    69   L1s      -9513.46197247          0.15228387          3.33908576          0.00010661          0.00111572
    70   L1s      -9513.46424250          0.17510328          4.26644361          0.00009583          0.00100966
    71   L0s      -9513.46645934          0.13856309          2.19016076          0.00009583          0.00101830
    72   L0s      -9513.46853073          0.19635287          5.69227871          0.00009583          0.00102033
    73   L1s      -9513.47097228          0.13781248          1.67109081          0.00010963          0.00116407
    74   L1s      -9513.47419499          0.16977982          3.07206987          0.00013269          0.00140573
    75   L1s      -9513.47638154          0.17015295          4.19030565          0.00009063          0.00096017
    76   L1s      -9513.47919544          0.15075526          2.55863906          0.00011741          0.00125293
    77   L1s      -9513.48138665          0.18772951          3.65064252          0.00009220          0.00099264
    78   L0s      -9513.48370633          0.13661480          1.63040011          0.00009220          0.00101533
    79   L1s      -9513.48748329          0.16599420          4.03791478          0.00014345          0.00160692
    80   L1s      -9513.48952719          0.17047697          4.42697320          0.00008134          0.00092381
    81   L1s      -9513.49248847          0.11211403          1.37944668          0.00011869          0.00137312
    82   L1s      -9513.49479890          0.16031615          3.40507695          0.00009412          0.00109249
    83   L1s      -9513.49619138          0.13651072          2.21977631          0.00005716          0.00066401
    84   L1s      -9513.49835026          0.13197628          2.85077530          0.00008954          0.00103754
    85   L1s      -9513.49966573          0.13882042          2.88066298          0.00005515          0.00063739
    86   L1s      -9513.50151269          0.10774063          1.31425546          0.00007818          0.00090090
    87   L1s      -9513.50396750          0.11228411          1.84407898          0.00010554          0.00121582
    88   L1s      -9513.50495245          0.13384668          3.56181713          0.00004294          0.00049507
    89   L1s      -9513.50707520          0.12414550          1.50851879          0.00009343          0.00108201
    90   L1s      -9513.50832148          0.15167337          3.87546542          0.00005545          0.00064554
    91   L1s      -9513.51028244          0.12641869          1.59246515          0.00008789          0.00103694
    92   L1s      -9513.51309327          0.12596470          2.49911219          0.00012727          0.00153390
    93   L1s      -9513.51449213          0.14049617          4.08674237          0.00006397          0.00078462
    94   L1s      -9513.51608038          0.10647713          1.35030444          0.00007320          0.00092289
    95   L1s      -9513.51817111          0.13930750          2.86901337          0.00009767          0.00124258
    96   L1s      -9513.51922627          0.13285188          2.33345214          0.00004968          0.00063574
    97   L1s      -9513.52185489          0.11464755          2.32246374          0.00012479          0.00159065
    98   L1s      -9513.52295700          0.13762169          3.16089773          0.00005289          0.00067146
    99   L1s      -9513.52504437          0.11269125          1.24735439          0.00010093          0.00127314
   100   L0s      -9513.52705255          0.11254653          2.08365089          0.00010093          0.00126822
   101   L1s      -9513.52807452          0.12615403          3.65828968          0.00005185          0.00064966
   102   L0s      -9513.52918624          0.08953149          1.03564646          0.00005185          0.00064382
----------------------------------------------------------------------------------------------------------------

Minimization converged.

-------------------  Conjugate Gradient Minimizer Statistics -------------------
Iterations             =            102  Function Calls         =            190
--------------------------------------------------------------------------------
