
#-----------------------------------------------------------------------------#
#                                                                             #
#                                EasyHybrid                                   #
#                   - A pDynamo graphical user interface -                    #
#                                                                             #
#-----------------------------------------------------------------------------#
#                                                                             #
#     Developed by Jose Fernando R Bachega and Luis Fernando S M Timmers      #
#                            <ferbachega@gmail.com>                           #
#                                                                             #
#             visit: https://sites.google.com/site/EasyHybrid/                #
#                   Univesity of Sao Paulo - SP, Brazil                       #
#      Pontifical Catholic University of Rio Grande do Sul - RS, Brazil       #
#                                                                             #
#                                                                             #
#   EasyHybrid team:                               Special thanks to:         #
#   - Jose Fernando R Bachega           |         - Fernando V Maluf          #
#   - Michele Silva                     |                                     #
#   - Luis Fernando S M Timmers         |                                     #
#   - Martin Field                      |         - Leonardo R Bachega        #
#   - Troy Wymore                       |         - Lucas Assirati            #
#   - Osmar Norberto de Souza           |         - Richard Garratt           #
#   - Walter R Paixao-Cortes            |                                     #
#                                                                             #
#   Cite this work as:                                                        #
#   J.F.R. Bachega, L.F.S.M. Timmers, L.Assirati, L.B. Bachega, M.J. Field,   #
#   T. Wymore. J. Comput. Chem. 2013, 34, 2190-2196. DOI: 10.1002/jcc.23346   #
#                                                                             #
#-----------------------------------------------------------------------------#

Generated on Wed Jun  5 17:31:09 2019


--------------------------------------------------------------------------------
                       Summary for System "Pruned System"
--------------------------------------------------------------------------------

---------------------------- Atom Container Summary ----------------------------
Number of Atoms        =           2173  Number of Heavy Atoms  =           1040
Number of Hydrogens    =           1133  Number of Unknowns     =              0
--------------------------------------------------------------------------------

----------------------------- Connectivity Summary -----------------------------
Atoms                  =           2173
--------------------------------------------------------------------------------

------------------------------- Electronic State -------------------------------
Charge                 =             -1  Multiplicity           =              1
--------------------------------------------------------------------------------

--------------------------------------------------------------------------------
                    Summary for Energy Model "AMBER/AM1/ABFS"
--------------------------------------------------------------------------------

----------------------------------- Summary for MM Model "AMBER" -----------------------------------
LJ 1-4 Scaling                   =          0.500  El. 1-4 Scaling                  =          0.833
Number of MM Atoms               =           2173  Number of MM Atom Types          =             37
Number of Inactive MM Atoms      =             33  Total MM Charge                  =          -4.00
Harmonic Bond Terms              =           2169  Harmonic Bond Parameters         =             49
Harmonic Bond Inactive           =           1308  Fourier Improper Terms           =            320
Fourier Improper Parameters      =              3  Fourier Improper Inactive        =            164
Harmonic Angle Terms             =           3403  Harmonic Angle Parameters        =            103
Harmonic Angle Inactive          =           1938  Fourier Dihedral Terms           =           6697
Fourier Dihedral Parameters      =             48  Fourier Dihedral Inactive        =           3453
Exclusions                       =          10377  1-4 Interactions                 =           4805
LJ Parameters Form               =          AMBER  LJ Parameters Types              =             21
1-4 Lennard-Jones Form           =          AMBER  1-4 Lennard-Jones Types          =             21
----------------------------------------------------------------------------------------------------

-------------------------- Summary for QC Model "AM1" --------------------------
Number of QC Atoms     =             39  Boundary Atoms         =              6
Nuclear Charge         =            129  Orbital Functions      =            108
Fitting Functions      =              0  Energy Base Line       =      188.36370
QC Parameter Centers   =              6
--------------------------------------------------------------------------------

----------------------------- ABFS NB Model Summary ----------------------------
Dielectric             =       1.000000  El. 1-4 Scaling        =       0.833333
Damping Cutoff         =       0.500000  Inner Cutoff           =       8.000000
List Cutoff            =      13.500000  Outer Cutoff           =      12.000000
QC/MM Coupling         =    RC Coupling  Use Centering          =          False
--------------------------------------------------------------------------------

-------------------------- Pairlist Generator Summary --------------------------
Cell Size              =          6.750  Cutoff                 =         13.500
Cutoff Cell Size Factor =          0.500  Grid Cell/Cell Method  =           True
Minimum Cell Extent    =              2  Minimum Cell Size      =          3.000
Minimum Extent Factor  =          1.500  Minimum Points         =            500
Sort Indices           =          False
--------------------------------------------------------------------------------

----------------------- SoftConstraint Container Summary -----------------------
Multiple Distance      =              2
--------------------------------------------------------------------------------

---------------------------- Hard Constraint Container Summary ---------------------------
Number of Charge Constraints  =            0  Number of Fixed Atoms         =         1351
------------------------------------------------------------------------------------------

------------------------------- Sequence Summary -------------------------------
Number of Atoms            =       2173  Number of Components       =        213
Number of Entities         =          1  Number of Linear Polymers  =          0
Number of Links            =          0  Number of Variants         =          0
--------------------------------------------------------------------------------

-------------------------------  Conjugate Gradient Minimizer Options ------------------------------
Beta Type                        =              1  Initial Step                     =            0.1
Line Searcher                    =           None  Log Frequency                    =              1
Maximum Iterations               =           5000  Maximum Theta                    =          1e+10
Minimum Theta                    =          1e-10  RMS Gradient Tolerance           =            0.1
Steepest Descent Tolerance       =          0.001  Use Spectral Theta               =           True
----------------------------------------------------------------------------------------------------

----------------------------------------------------------------------------------------------------------------
  Iteration       Function          RMS Gradient        Max. |Grad.|          RMS Disp.         Max. |Disp.|
----------------------------------------------------------------------------------------------------------------
     0     I      -9418.46456601         35.81160226       1297.47063683          0.00201374          0.07295873
     1   L1s      -9453.35955268          3.34903045         70.92030275          0.00078499          0.01612954
     2   L1s      -9455.11401482          5.48479346        187.33485357          0.00042702          0.00989317
     3   L0s      -9456.61643078          2.21250869         58.64391608          0.00042702          0.01168706
     4   L1s      -9457.40503297          1.23296489         31.95603528          0.00037081          0.00860499
     5   L1s      -9457.60999330          1.79474077         44.31868063          0.00016622          0.00421762
     6   L1s      -9457.84545405          1.15165473         18.01176974          0.00021905          0.00437932
     7   L1s      -9457.97704769          0.99569552         25.42600043          0.00015446          0.00250179
     8   L1s      -9458.03116300          0.83402951         18.07022734          0.00007725          0.00154692
     9   L1s      -9458.10606147          0.50328186          9.10471617          0.00012950          0.00256658
    10   L1s      -9458.14599982          0.45042353          7.65062479          0.00009448          0.00208006
    11   L0s      -9458.17489774          0.62308440         15.29966038          0.00009448          0.00253490
    12   L1s      -9458.19413517          0.49652430         10.37617159          0.00006395          0.00153268
    13   L1s      -9458.23531976          0.53002814         13.67402160          0.00013834          0.00328011
    14   L1s      -9458.24975949          0.40969811          8.89711322          0.00005320          0.00146023
    15   L1s      -9458.29525440          0.45188487          8.00365204          0.00019072          0.00545404
    16   L1s      -9458.31504780          0.49834040         16.45163630          0.00009069          0.00243147
    17   L1s      -9458.32838747          0.35596593          7.43057541          0.00006466          0.00167566
    18   L1s      -9458.34977969          0.36522622          6.86317596          0.00011471          0.00328530
    19   L1s      -9458.35985988          0.35724094          9.79239817          0.00005842          0.00128078
    20   L1s      -9458.37061823          0.24818024          5.29217411          0.00006690          0.00147135
    21   L0s      -9458.37981094          0.28979555          7.47820951          0.00006690          0.00161546
    22   L1s      -9458.38417550          0.25887457          4.36851134          0.00003363          0.00071215
    23   L1s      -9458.39365759          0.18774338          2.92067954          0.00007627          0.00129946
    24   L1s      -9458.39876684          0.25279647          6.46939154          0.00004658          0.00100358
    25   L1s      -9458.40233630          0.16904390          2.27836492          0.00003450          0.00059577
    26   L1s      -9458.40734655          0.26451824          7.66226355          0.00005405          0.00075662
    27   L1s      -9458.41113966          0.17720139          3.03103773          0.00004253          0.00061522
    28   L1s      -9458.41540774          0.15484315          3.99093847          0.00005170          0.00065751
    29   L0s      -9458.41927679          0.20577241          5.48508085          0.00005170          0.00067981
    30   L1s      -9458.42141949          0.15840880          3.23662568          0.00002967          0.00037088
    31   L1s      -9458.42481330          0.15526697          2.64003264          0.00004926          0.00061832
    32   L1s      -9458.42690551          0.18266515          5.28581288          0.00003228          0.00044454
    33   L1s      -9458.43023182          0.13005580          2.00995388          0.00005340          0.00067824
    34   L1s      -9458.43265818          0.17232458          4.54498109          0.00004177          0.00048611
    35   L1s      -9458.43408228          0.11695126          1.79660075          0.00002542          0.00026906
    36   L1s      -9458.43714704          0.10992696          1.96612666          0.00005868          0.00092886
    37   L1s      -9458.43811752          0.12125792          3.09080636          0.00001991          0.00019696
    38   L1s      -9458.43938871          0.10857095          2.58975740          0.00002743          0.00030782
    39   L1s      -9458.44076074          0.12987805          3.36976023          0.00003133          0.00039651
    40   L1s      -9458.44168037          0.08722387          1.84224325          0.00002177          0.00026271
----------------------------------------------------------------------------------------------------------------

Minimization converged.

-------------------  Conjugate Gradient Minimizer Statistics -------------------
Iterations             =             40  Function Calls         =             77
--------------------------------------------------------------------------------
