
#-----------------------------------------------------------------------------#
#                                                                             #
#                                EasyHybrid                                   #
#                   - A pDynamo graphical user interface -                    #
#                                                                             #
#-----------------------------------------------------------------------------#
#                                                                             #
#     Developed by Jose Fernando R Bachega and Luis Fernando S M Timmers      #
#                            <ferbachega@gmail.com>                           #
#                                                                             #
#             visit: https://sites.google.com/site/EasyHybrid/                #
#                   Univesity of Sao Paulo - SP, Brazil                       #
#      Pontifical Catholic University of Rio Grande do Sul - RS, Brazil       #
#                                                                             #
#                                                                             #
#   EasyHybrid team:                               Special thanks to:         #
#   - Jose Fernando R Bachega           |         - Fernando V Maluf          #
#   - Michele Silva                     |                                     #
#   - Luis Fernando S M Timmers         |                                     #
#   - Martin Field                      |         - Leonardo R Bachega        #
#   - Troy Wymore                       |         - Lucas Assirati            #
#   - Osmar Norberto de Souza           |         - Richard Garratt           #
#   - Walter R Paixao-Cortes            |                                     #
#                                                                             #
#   Cite this work as:                                                        #
#   J.F.R. Bachega, L.F.S.M. Timmers, L.Assirati, L.B. Bachega, M.J. Field,   #
#   T. Wymore. J. Comput. Chem. 2013, 34, 2190-2196. DOI: 10.1002/jcc.23346   #
#                                                                             #
#-----------------------------------------------------------------------------#

Generated on Wed Jun  5 17:26:27 2019


--------------------------------------------------------------------------------
                       Summary for System "Pruned System"
--------------------------------------------------------------------------------

---------------------------- Atom Container Summary ----------------------------
Number of Atoms        =           2173  Number of Heavy Atoms  =           1040
Number of Hydrogens    =           1133  Number of Unknowns     =              0
--------------------------------------------------------------------------------

----------------------------- Connectivity Summary -----------------------------
Atoms                  =           2173
--------------------------------------------------------------------------------

------------------------------- Electronic State -------------------------------
Charge                 =             -1  Multiplicity           =              1
--------------------------------------------------------------------------------

--------------------------------------------------------------------------------
                    Summary for Energy Model "AMBER/AM1/ABFS"
--------------------------------------------------------------------------------

----------------------------------- Summary for MM Model "AMBER" -----------------------------------
LJ 1-4 Scaling                   =          0.500  El. 1-4 Scaling                  =          0.833
Number of MM Atoms               =           2173  Number of MM Atom Types          =             37
Number of Inactive MM Atoms      =             33  Total MM Charge                  =          -4.00
Harmonic Bond Terms              =           2169  Harmonic Bond Parameters         =             49
Harmonic Bond Inactive           =           1308  Fourier Improper Terms           =            320
Fourier Improper Parameters      =              3  Fourier Improper Inactive        =            164
Harmonic Angle Terms             =           3403  Harmonic Angle Parameters        =            103
Harmonic Angle Inactive          =           1938  Fourier Dihedral Terms           =           6697
Fourier Dihedral Parameters      =             48  Fourier Dihedral Inactive        =           3453
Exclusions                       =          10377  1-4 Interactions                 =           4805
LJ Parameters Form               =          AMBER  LJ Parameters Types              =             21
1-4 Lennard-Jones Form           =          AMBER  1-4 Lennard-Jones Types          =             21
----------------------------------------------------------------------------------------------------

-------------------------- Summary for QC Model "AM1" --------------------------
Number of QC Atoms     =             39  Boundary Atoms         =              6
Nuclear Charge         =            129  Orbital Functions      =            108
Fitting Functions      =              0  Energy Base Line       =      188.36370
QC Parameter Centers   =              6
--------------------------------------------------------------------------------

----------------------------- ABFS NB Model Summary ----------------------------
Dielectric             =       1.000000  El. 1-4 Scaling        =       0.833333
Damping Cutoff         =       0.500000  Inner Cutoff           =       8.000000
List Cutoff            =      13.500000  Outer Cutoff           =      12.000000
QC/MM Coupling         =    RC Coupling  Use Centering          =          False
--------------------------------------------------------------------------------

-------------------------- Pairlist Generator Summary --------------------------
Cell Size              =          6.750  Cutoff                 =         13.500
Cutoff Cell Size Factor =          0.500  Grid Cell/Cell Method  =           True
Minimum Cell Extent    =              2  Minimum Cell Size      =          3.000
Minimum Extent Factor  =          1.500  Minimum Points         =            500
Sort Indices           =          False
--------------------------------------------------------------------------------

----------------------- SoftConstraint Container Summary -----------------------
Multiple Distance      =              2
--------------------------------------------------------------------------------

---------------------------- Hard Constraint Container Summary ---------------------------
Number of Charge Constraints  =            0  Number of Fixed Atoms         =         1351
------------------------------------------------------------------------------------------

------------------------------- Sequence Summary -------------------------------
Number of Atoms            =       2173  Number of Components       =        213
Number of Entities         =          1  Number of Linear Polymers  =          0
Number of Links            =          0  Number of Variants         =          0
--------------------------------------------------------------------------------

-------------------------------  Conjugate Gradient Minimizer Options ------------------------------
Beta Type                        =              1  Initial Step                     =            0.1
Line Searcher                    =           None  Log Frequency                    =              1
Maximum Iterations               =           5000  Maximum Theta                    =          1e+10
Minimum Theta                    =          1e-10  RMS Gradient Tolerance           =            0.1
Steepest Descent Tolerance       =          0.001  Use Spectral Theta               =           True
----------------------------------------------------------------------------------------------------

----------------------------------------------------------------------------------------------------------------
  Iteration       Function          RMS Gradient        Max. |Grad.|          RMS Disp.         Max. |Disp.|
----------------------------------------------------------------------------------------------------------------
     0     I      -9487.10758023         39.37636154       1506.94851988          0.00201374          0.07706662
     1   L1s      -9525.90788122          3.13869884         84.02498849          0.00080125          0.02139168
     2   L1s      -9526.22060874          1.66077285         38.57858790          0.00008109          0.00218527
     3   L1s      -9526.74762539          1.37970189         35.33184498          0.00029214          0.00813353
     4   L0s      -9527.08693776          0.88553556         17.41957822          0.00029214          0.00580058
     5   L1s      -9527.16864729          1.05243669         28.93840482          0.00010259          0.00185622
     6   L1s      -9527.22125486          0.55888534         12.00437395          0.00007572          0.00108849
     7   L1s      -9527.25274192          0.51221494          8.62820999          0.00006432          0.00100336
     8   L0s      -9527.27726078          0.67197590         16.62407911          0.00006432          0.00117681
     9   L1s      -9527.32902093          0.45475108          7.62820280          0.00014829          0.00255980
    10   L1s      -9527.36466225          0.40786569          6.80252868          0.00011866          0.00180422
    11   L1s      -9527.38087386          0.51975997         13.30160785          0.00006282          0.00094439
    12   L0s      -9527.39562172          0.26673413          3.39231011          0.00006282          0.00088881
    13   L1s      -9527.41577892          0.27015817          4.61541447          0.00010861          0.00144182
    14   L1s      -9527.42350367          0.33721570          7.32924802          0.00004749          0.00062970
    15   L1s      -9527.42989959          0.23143349          4.08835675          0.00004221          0.00047803
    16   L1s      -9527.43769870          0.24102171          4.62316006          0.00005826          0.00056983
    17   L1s      -9527.44348930          0.29467589          6.94157939          0.00004745          0.00043844
    18   L1s      -9527.45015165          0.20270214          3.76889277          0.00005759          0.00063070
    19   L1s      -9527.45751542          0.23445495          4.58039195          0.00007015          0.00070053
    20   L1s      -9527.46023414          0.20115484          3.71662479          0.00002755          0.00028623
    21   L1s      -9527.46720059          0.16361472          2.93721977          0.00007598          0.00086523
    22   L1s      -9527.47192044          0.16967052          2.36663391          0.00005653          0.00066793
    23   L1s      -9527.47415218          0.21983245          5.57869730          0.00002878          0.00033991
    24   L1s      -9527.48005558          0.17212405          2.97267232          0.00007919          0.00091357
    25   L1s      -9527.48508288          0.18682811          3.99703293          0.00007148          0.00079322
    26   L1s      -9527.48865267          0.22292327          5.51272898          0.00005305          0.00055704
    27   L1s      -9527.49163807          0.14617222          2.63903078          0.00004568          0.00045632
    28   L1s      -9527.49475945          0.19377231          5.56013705          0.00005081          0.00049624
    29   L1s      -9527.49680987          0.14423363          2.66103337          0.00003446          0.00033663
    30   L1s      -9527.50134734          0.12235639          2.03658307          0.00008043          0.00081327
    31   L1s      -9527.50403160          0.21732862          5.96022962          0.00005081          0.00051705
    32   L0s      -9527.50667873          0.14252346          2.00343326          0.00005081          0.00051263
    33   L1s      -9527.50998886          0.12561110          2.60704888          0.00006590          0.00067626
    34   L1s      -9527.51223999          0.12731282          2.51849151          0.00004736          0.00049867
    35   L1s      -9527.51353757          0.16394609          4.43233278          0.00002852          0.00030042
    36   L1s      -9527.51657259          0.12190853          2.20101019          0.00006838          0.00070230
    37   L1s      -9527.51879440          0.17679039          5.56034190          0.00005221          0.00055102
    38   L0s      -9527.52089982          0.14682946          2.74060327          0.00005221          0.00056218
    39   L1s      -9527.52438741          0.14125808          2.13114053          0.00008976          0.00094736
    40   L1s      -9527.52638911          0.19980967          4.70599717          0.00005104          0.00053495
    41   L1s      -9527.52943761          0.13108770          1.88912052          0.00007872          0.00082781
    42   L1s      -9527.53210223          0.12879866          1.98429918          0.00007077          0.00073902
    43   L1s      -9527.53424610          0.18681768          5.08792617          0.00005852          0.00060083
    44   L1s      -9527.53679098          0.14775270          2.12990988          0.00007033          0.00069018
    45   L1s      -9527.54015469          0.19690555          5.78641073          0.00009478          0.00092155
    46   L1s      -9527.54208213          0.13364736          2.19684727          0.00005489          0.00053966
    47   L1s      -9527.54557614          0.12447428          2.05693346          0.00010175          0.00105774
    48   L1s      -9527.54770506          0.14894009          3.43082968          0.00006352          0.00066032
    49   L1s      -9527.54915498          0.15193333          2.35115080          0.00004398          0.00044199
    50   L1s      -9527.55200473          0.13306552          2.03353719          0.00008777          0.00078320
    51   L1s      -9527.55409101          0.18652025          4.67366886          0.00006550          0.00055449
    52   L1s      -9527.55676940          0.12447765          1.84466379          0.00008489          0.00068266
    53   L0s      -9527.55957392          0.12665736          2.53569021          0.00008489          0.00066810
    54   L1s      -9527.56088121          0.15826514          2.88425363          0.00004063          0.00031401
    55   L1s      -9527.56339820          0.11557485          1.19931429          0.00008267          0.00059197
    56   L1s      -9527.56654440          0.15020268          3.41398445          0.00010566          0.00081248
    57   L1s      -9527.56813728          0.14756511          3.83950813          0.00005418          0.00043971
    58   L1s      -9527.56998379          0.12295696          2.00205827          0.00006363          0.00051772
    59   L0s      -9527.57187811          0.15605734          4.51424016          0.00006363          0.00050113
    60   L1s      -9527.57348858          0.12452253          2.14496799          0.00005569          0.00042128
    61   L1s      -9527.57664566          0.12134625          1.85777661          0.00011859          0.00096393
    62   L1s      -9527.57811161          0.15781108          4.29091063          0.00005593          0.00046858
    63   L1s      -9527.57989795          0.12034577          1.43942038          0.00006878          0.00059354
    64   L1s      -9527.58187903          0.14199431          4.00136392          0.00007743          0.00067776
    65   L1s      -9527.58314236          0.11923963          2.66928237          0.00004990          0.00044361
    66   L1s      -9527.58513652          0.11782270          1.93933561          0.00007993          0.00071538
    67   L1s      -9527.58680302          0.14455322          3.47314285          0.00006777          0.00060206
    68   L1s      -9527.58795756          0.11041804          1.42923454          0.00004739          0.00040974
    69   L1s      -9527.58989324          0.10288343          1.84158574          0.00008072          0.00065989
    70   L1s      -9527.59081001          0.12322778          3.27122074          0.00003891          0.00030534
    71   L1s      -9527.59227054          0.08913613          1.31464800          0.00006272          0.00045857
----------------------------------------------------------------------------------------------------------------

Minimization converged.

-------------------  Conjugate Gradient Minimizer Statistics -------------------
Iterations             =             71  Function Calls         =            136
--------------------------------------------------------------------------------
