
#-----------------------------------------------------------------------------#
#                                                                             #
#                                EasyHybrid                                   #
#                   - A pDynamo graphical user interface -                    #
#                                                                             #
#-----------------------------------------------------------------------------#
#                                                                             #
#     Developed by Jose Fernando R Bachega and Luis Fernando S M Timmers      #
#                            <ferbachega@gmail.com>                           #
#                                                                             #
#             visit: https://sites.google.com/site/EasyHybrid/                #
#                   Univesity of Sao Paulo - SP, Brazil                       #
#      Pontifical Catholic University of Rio Grande do Sul - RS, Brazil       #
#                                                                             #
#                                                                             #
#   EasyHybrid team:                               Special thanks to:         #
#   - Jose Fernando R Bachega           |         - Fernando V Maluf          #
#   - Michele Silva                     |                                     #
#   - Luis Fernando S M Timmers         |                                     #
#   - Martin Field                      |         - Leonardo R Bachega        #
#   - Troy Wymore                       |         - Lucas Assirati            #
#   - Osmar Norberto de Souza           |         - Richard Garratt           #
#   - Walter R Paixao-Cortes            |                                     #
#                                                                             #
#   Cite this work as:                                                        #
#   J.F.R. Bachega, L.F.S.M. Timmers, L.Assirati, L.B. Bachega, M.J. Field,   #
#   T. Wymore. J. Comput. Chem. 2013, 34, 2190-2196. DOI: 10.1002/jcc.23346   #
#                                                                             #
#-----------------------------------------------------------------------------#

Generated on Wed Jun  5 17:35:29 2019


--------------------------------------------------------------------------------
                       Summary for System "Pruned System"
--------------------------------------------------------------------------------

---------------------------- Atom Container Summary ----------------------------
Number of Atoms        =           2173  Number of Heavy Atoms  =           1040
Number of Hydrogens    =           1133  Number of Unknowns     =              0
--------------------------------------------------------------------------------

----------------------------- Connectivity Summary -----------------------------
Atoms                  =           2173
--------------------------------------------------------------------------------

------------------------------- Electronic State -------------------------------
Charge                 =             -1  Multiplicity           =              1
--------------------------------------------------------------------------------

--------------------------------------------------------------------------------
                    Summary for Energy Model "AMBER/AM1/ABFS"
--------------------------------------------------------------------------------

----------------------------------- Summary for MM Model "AMBER" -----------------------------------
LJ 1-4 Scaling                   =          0.500  El. 1-4 Scaling                  =          0.833
Number of MM Atoms               =           2173  Number of MM Atom Types          =             37
Number of Inactive MM Atoms      =             33  Total MM Charge                  =          -4.00
Harmonic Bond Terms              =           2169  Harmonic Bond Parameters         =             49
Harmonic Bond Inactive           =           1308  Fourier Improper Terms           =            320
Fourier Improper Parameters      =              3  Fourier Improper Inactive        =            164
Harmonic Angle Terms             =           3403  Harmonic Angle Parameters        =            103
Harmonic Angle Inactive          =           1938  Fourier Dihedral Terms           =           6697
Fourier Dihedral Parameters      =             48  Fourier Dihedral Inactive        =           3453
Exclusions                       =          10377  1-4 Interactions                 =           4805
LJ Parameters Form               =          AMBER  LJ Parameters Types              =             21
1-4 Lennard-Jones Form           =          AMBER  1-4 Lennard-Jones Types          =             21
----------------------------------------------------------------------------------------------------

-------------------------- Summary for QC Model "AM1" --------------------------
Number of QC Atoms     =             39  Boundary Atoms         =              6
Nuclear Charge         =            129  Orbital Functions      =            108
Fitting Functions      =              0  Energy Base Line       =      188.36370
QC Parameter Centers   =              6
--------------------------------------------------------------------------------

----------------------------- ABFS NB Model Summary ----------------------------
Dielectric             =       1.000000  El. 1-4 Scaling        =       0.833333
Damping Cutoff         =       0.500000  Inner Cutoff           =       8.000000
List Cutoff            =      13.500000  Outer Cutoff           =      12.000000
QC/MM Coupling         =    RC Coupling  Use Centering          =          False
--------------------------------------------------------------------------------

-------------------------- Pairlist Generator Summary --------------------------
Cell Size              =          6.750  Cutoff                 =         13.500
Cutoff Cell Size Factor =          0.500  Grid Cell/Cell Method  =           True
Minimum Cell Extent    =              2  Minimum Cell Size      =          3.000
Minimum Extent Factor  =          1.500  Minimum Points         =            500
Sort Indices           =          False
--------------------------------------------------------------------------------

----------------------- SoftConstraint Container Summary -----------------------
Multiple Distance      =              2
--------------------------------------------------------------------------------

---------------------------- Hard Constraint Container Summary ---------------------------
Number of Charge Constraints  =            0  Number of Fixed Atoms         =         1351
------------------------------------------------------------------------------------------

------------------------------- Sequence Summary -------------------------------
Number of Atoms            =       2173  Number of Components       =        213
Number of Entities         =          1  Number of Linear Polymers  =          0
Number of Links            =          0  Number of Variants         =          0
--------------------------------------------------------------------------------

-------------------------------  Conjugate Gradient Minimizer Options ------------------------------
Beta Type                        =              1  Initial Step                     =            0.1
Line Searcher                    =           None  Log Frequency                    =              1
Maximum Iterations               =           5000  Maximum Theta                    =          1e+10
Minimum Theta                    =          1e-10  RMS Gradient Tolerance           =            0.1
Steepest Descent Tolerance       =          0.001  Use Spectral Theta               =           True
----------------------------------------------------------------------------------------------------

----------------------------------------------------------------------------------------------------------------
  Iteration       Function          RMS Gradient        Max. |Grad.|          RMS Disp.         Max. |Disp.|
----------------------------------------------------------------------------------------------------------------
     0     I      -9519.04254330         36.99398200       1382.25511378          0.00201374          0.07524204
     1   L1s      -9554.27867217          2.77595345         72.43262244          0.00076710          0.01884954
     2   L1s      -9556.05618677          3.96024990        116.59497524          0.00052055          0.01290300
     3   L1s      -9556.62014101          2.01928345         47.74099601          0.00020014          0.00542741
     4   L1s      -9557.22067092          1.35776898         30.89302592          0.00032328          0.00851444
     5   L1s      -9557.36149170          1.62657868         41.78448582          0.00011315          0.00334098
     6   L1s      -9557.68779977          1.15537297         23.41981313          0.00030964          0.00831746
     7   L1s      -9557.86155883          0.83451571         15.78329492          0.00020616          0.00494395
     8   L1s      -9557.91316271          0.98110994         27.46031796          0.00007887          0.00185972
     9   L1s      -9557.97967483          0.45325593          8.42768650          0.00011560          0.00248363
    10   L1s      -9558.01522684          0.62133231         18.66185627          0.00008866          0.00160764
    11   L1s      -9558.03668689          0.45198678          6.93258720          0.00006034          0.00122696
    12   L1s      -9558.07342826          0.51527445         12.14465816          0.00012241          0.00301356
    13   L1s      -9558.11188254          0.53567987         13.56113770          0.00014164          0.00378048
    14   L1s      -9558.12646672          0.49789832         10.71422078          0.00005802          0.00154682
    15   L1s      -9558.17939544          0.47044240          7.57394383          0.00022767          0.00552653
    16   L1s      -9558.20476236          0.58713439         17.74382753          0.00011738          0.00321643
    17   L1s      -9558.22631824          0.38455998          4.65854203          0.00010408          0.00273113
    18   L1s      -9558.25240566          0.40234161          6.98635736          0.00013784          0.00366993
    19   L1s      -9558.26785640          0.46620816         12.91374638          0.00008753          0.00237628
    20   L1s      -9558.27860632          0.27087120          3.40363416          0.00006367          0.00164944
    21   L1s      -9558.29314607          0.23849910          3.51033306          0.00009652          0.00212939
    22   L1s      -9558.29967920          0.33857066         10.21591738          0.00004869          0.00121151
    23   L1s      -9558.30829762          0.19040210          2.63706436          0.00006753          0.00148723
    24   L1s      -9558.31342761          0.21561396          6.53708219          0.00004580          0.00090616
    25   L1s      -9558.31564423          0.17618842          3.56092605          0.00002148          0.00040750
    26   L1s      -9558.32179328          0.14199719          2.31011483          0.00006597          0.00110997
    27   L1s      -9558.32535226          0.15933922          3.82529897          0.00004326          0.00055442
    28   L1s      -9558.32676423          0.13956844          2.97995410          0.00001860          0.00023343
    29   L1s      -9558.33011698          0.14848180          2.87055268          0.00004828          0.00056763
    30   L1s      -9558.33153150          0.14967160          3.46890208          0.00002179          0.00023656
    31   L1s      -9558.33341213          0.12752377          2.77641137          0.00003071          0.00033641
    32   L1s      -9558.33694732          0.11720300          1.64336111          0.00006195          0.00065705
    33   L1s      -9558.33920147          0.15536034          3.67624376          0.00004247          0.00053075
    34   L1s      -9558.34068099          0.14937569          3.15343915          0.00002893          0.00033283
    35   L1s      -9558.34453028          0.16520448          3.71387121          0.00007811          0.00085803
    36   L1s      -9558.34591050          0.14084562          2.50254638          0.00002882          0.00032916
    37   L1s      -9558.34966042          0.13869835          1.93250483          0.00008127          0.00087536
    38   L0s      -9558.35355343          0.13194018          2.25886882          0.00008127          0.00076036
    39   L1s      -9558.35537697          0.17508196          4.12823648          0.00003955          0.00036215
    40   L1s      -9558.35748284          0.13906426          2.28494218          0.00004854          0.00043792
    41   L1s      -9558.36063225          0.18170642          4.84347089          0.00007486          0.00068025
    42   L1s      -9558.36242599          0.13813385          2.14925877          0.00004338          0.00039679
    43   L1s      -9558.36611420          0.11411103          1.24999657          0.00009180          0.00084698
    44   L0s      -9558.36960441          0.16713631          2.86703251          0.00009180          0.00085661
    45   L1s      -9558.37166290          0.19307028          4.75965108          0.00005456          0.00051398
    46   L1s      -9558.37479662          0.14152351          2.02521123          0.00008314          0.00079671
    47   L1s      -9558.37741084          0.21573710          5.59960635          0.00007097          0.00068337
    48   L1s      -9558.38093334          0.15707133          2.26960027          0.00009654          0.00093280
    49   L1s      -9558.38515348          0.12725738          2.17259234          0.00011768          0.00114208
    50   L1s      -9558.38782025          0.12954827          1.89352618          0.00007630          0.00074933
    51   L1s      -9558.38940501          0.17212262          3.99083863          0.00004642          0.00045948
    52   L1s      -9558.39200575          0.14221097          2.19765069          0.00007716          0.00077198
    53   L0s      -9558.39443584          0.20934097          4.90287942          0.00007716          0.00077298
    54   L0s      -9558.39680895          0.12241040          1.82969333          0.00007716          0.00076407
    55   L0s      -9558.39936062          0.11919294          2.22096286          0.00007716          0.00074444
    56   L0s      -9558.40171166          0.16375345          4.96412828          0.00007716          0.00073760
    57   L1s      -9558.40310745          0.13722227          1.97153463          0.00004504          0.00042518
    58   L1s      -9558.40574438          0.11784764          1.43918267          0.00007622          0.00071955
    59   L1s      -9558.40677477          0.14262119          3.24726178          0.00003062          0.00028981
    60   L1s      -9558.40871463          0.11060767          1.74855552          0.00005869          0.00055857
    61   L0s      -9558.41063439          0.14002844          4.04305813          0.00005869          0.00055792
    62   L1s      -9558.41177272          0.11494430          1.98542295          0.00003567          0.00033775
    63   L1s      -9558.41426805          0.11102172          1.94180500          0.00008219          0.00077135
    64   L1s      -9558.41615373          0.14398944          3.97847294          0.00006362          0.00059578
    65   L1s      -9558.41741593          0.12423392          2.25020234          0.00004318          0.00040489
    66   L1s      -9558.41962874          0.10592870          1.52973728          0.00007707          0.00073204
    67   L1s      -9558.42056478          0.13829923          3.10691496          0.00003338          0.00031972
    68   L1s      -9558.42227770          0.10878829          2.41955537          0.00006189          0.00060098
    69   L0s      -9558.42411334          0.11653726          3.10624011          0.00006189          0.00060441
    70   L1s      -9558.42504850          0.10786346          2.50542692          0.00003266          0.00032149
    71   L1s      -9558.42658306          0.09163804          1.32497627          0.00006060          0.00059899
----------------------------------------------------------------------------------------------------------------

Minimization converged.

-------------------  Conjugate Gradient Minimizer Statistics -------------------
Iterations             =             71  Function Calls         =            135
--------------------------------------------------------------------------------
