
#-----------------------------------------------------------------------------#
#                                                                             #
#                                EasyHybrid                                   #
#                   - A pDynamo graphical user interface -                    #
#                                                                             #
#-----------------------------------------------------------------------------#
#                                                                             #
#     Developed by Jose Fernando R Bachega and Luis Fernando S M Timmers      #
#                            <ferbachega@gmail.com>                           #
#                                                                             #
#             visit: https://sites.google.com/site/EasyHybrid/                #
#                   Univesity of Sao Paulo - SP, Brazil                       #
#      Pontifical Catholic University of Rio Grande do Sul - RS, Brazil       #
#                                                                             #
#                                                                             #
#   EasyHybrid team:                               Special thanks to:         #
#   - Jose Fernando R Bachega           |         - Fernando V Maluf          #
#   - Michele Silva                     |                                     #
#   - Luis Fernando S M Timmers         |                                     #
#   - Martin Field                      |         - Leonardo R Bachega        #
#   - Troy Wymore                       |         - Lucas Assirati            #
#   - Osmar Norberto de Souza           |         - Richard Garratt           #
#   - Walter R Paixao-Cortes            |                                     #
#                                                                             #
#   Cite this work as:                                                        #
#   J.F.R. Bachega, L.F.S.M. Timmers, L.Assirati, L.B. Bachega, M.J. Field,   #
#   T. Wymore. J. Comput. Chem. 2013, 34, 2190-2196. DOI: 10.1002/jcc.23346   #
#                                                                             #
#-----------------------------------------------------------------------------#

Generated on Wed Jun  5 17:24:35 2019


--------------------------------------------------------------------------------
                       Summary for System "Pruned System"
--------------------------------------------------------------------------------

---------------------------- Atom Container Summary ----------------------------
Number of Atoms        =           2173  Number of Heavy Atoms  =           1040
Number of Hydrogens    =           1133  Number of Unknowns     =              0
--------------------------------------------------------------------------------

----------------------------- Connectivity Summary -----------------------------
Atoms                  =           2173
--------------------------------------------------------------------------------

------------------------------- Electronic State -------------------------------
Charge                 =             -1  Multiplicity           =              1
--------------------------------------------------------------------------------

--------------------------------------------------------------------------------
                    Summary for Energy Model "AMBER/AM1/ABFS"
--------------------------------------------------------------------------------

----------------------------------- Summary for MM Model "AMBER" -----------------------------------
LJ 1-4 Scaling                   =          0.500  El. 1-4 Scaling                  =          0.833
Number of MM Atoms               =           2173  Number of MM Atom Types          =             37
Number of Inactive MM Atoms      =             33  Total MM Charge                  =          -4.00
Harmonic Bond Terms              =           2169  Harmonic Bond Parameters         =             49
Harmonic Bond Inactive           =           1308  Fourier Improper Terms           =            320
Fourier Improper Parameters      =              3  Fourier Improper Inactive        =            164
Harmonic Angle Terms             =           3403  Harmonic Angle Parameters        =            103
Harmonic Angle Inactive          =           1938  Fourier Dihedral Terms           =           6697
Fourier Dihedral Parameters      =             48  Fourier Dihedral Inactive        =           3453
Exclusions                       =          10377  1-4 Interactions                 =           4805
LJ Parameters Form               =          AMBER  LJ Parameters Types              =             21
1-4 Lennard-Jones Form           =          AMBER  1-4 Lennard-Jones Types          =             21
----------------------------------------------------------------------------------------------------

-------------------------- Summary for QC Model "AM1" --------------------------
Number of QC Atoms     =             39  Boundary Atoms         =              6
Nuclear Charge         =            129  Orbital Functions      =            108
Fitting Functions      =              0  Energy Base Line       =      188.36370
QC Parameter Centers   =              6
--------------------------------------------------------------------------------

----------------------------- ABFS NB Model Summary ----------------------------
Dielectric             =       1.000000  El. 1-4 Scaling        =       0.833333
Damping Cutoff         =       0.500000  Inner Cutoff           =       8.000000
List Cutoff            =      13.500000  Outer Cutoff           =      12.000000
QC/MM Coupling         =    RC Coupling  Use Centering          =          False
--------------------------------------------------------------------------------

-------------------------- Pairlist Generator Summary --------------------------
Cell Size              =          6.750  Cutoff                 =         13.500
Cutoff Cell Size Factor =          0.500  Grid Cell/Cell Method  =           True
Minimum Cell Extent    =              2  Minimum Cell Size      =          3.000
Minimum Extent Factor  =          1.500  Minimum Points         =            500
Sort Indices           =          False
--------------------------------------------------------------------------------

----------------------- SoftConstraint Container Summary -----------------------
Multiple Distance      =              2
--------------------------------------------------------------------------------

---------------------------- Hard Constraint Container Summary ---------------------------
Number of Charge Constraints  =            0  Number of Fixed Atoms         =         1351
------------------------------------------------------------------------------------------

------------------------------- Sequence Summary -------------------------------
Number of Atoms            =       2173  Number of Components       =        213
Number of Entities         =          1  Number of Linear Polymers  =          0
Number of Links            =          0  Number of Variants         =          0
--------------------------------------------------------------------------------

-------------------------------  Conjugate Gradient Minimizer Options ------------------------------
Beta Type                        =              1  Initial Step                     =            0.1
Line Searcher                    =           None  Log Frequency                    =              1
Maximum Iterations               =           5000  Maximum Theta                    =          1e+10
Minimum Theta                    =          1e-10  RMS Gradient Tolerance           =            0.1
Steepest Descent Tolerance       =          0.001  Use Spectral Theta               =           True
----------------------------------------------------------------------------------------------------

----------------------------------------------------------------------------------------------------------------
  Iteration       Function          RMS Gradient        Max. |Grad.|          RMS Disp.         Max. |Disp.|
----------------------------------------------------------------------------------------------------------------
     0     I      -9544.53914722         39.02924125       1497.51844726          0.00201374          0.07726549
     1   L1s      -9579.87608161          3.16166722         68.29266809          0.00073711          0.01474022
     2   L1s      -9580.41636613          3.03128957         89.28954907          0.00013865          0.00401230
     3   L1s      -9581.50906897          2.55903308         65.27908547          0.00040699          0.01321493
     4   L1s      -9582.47246803          1.25026974         31.50866747          0.00046327          0.00972110
     5   L1s      -9582.65273233          1.65882725         38.95369735          0.00014478          0.00270488
     6   L1s      -9582.78905729          1.05526863         32.11684787          0.00012791          0.00350835
     7   L1s      -9582.99747875          0.92094926         19.56100433          0.00025309          0.00515699
     8   L1s      -9583.06173745          1.12229920         24.02282677          0.00009640          0.00219033
     9   L1s      -9583.20933281          0.48650135          7.49503591          0.00024570          0.00475772
    10   L1s      -9583.25977478          0.62880893         17.19278078          0.00011813          0.00224707
    11   L1s      -9583.30925017          0.74081717         21.91743514          0.00013225          0.00287640
    12   L1s      -9583.33242843          0.43457288          8.20934484          0.00006688          0.00133375
    13   L1s      -9583.36296052          0.42375583          8.25272433          0.00010476          0.00201328
    14   L1s      -9583.37603002          0.49651302         13.57434619          0.00005134          0.00102136
    15   L1s      -9583.40835593          0.34105212          5.40541141          0.00013753          0.00261023
    16   L1s      -9583.43188848          0.32036994          6.03897046          0.00011475          0.00229119
    17   L1s      -9583.44351415          0.42403225          9.43366673          0.00006388          0.00117779
    18   L1s      -9583.45264108          0.27201616          2.94950685          0.00005312          0.00102516
    19   L1s      -9583.46669054          0.27999593          4.48252669          0.00009187          0.00164314
    20   L1s      -9583.47212677          0.29226742          6.21735065          0.00003887          0.00075907
    21   L1s      -9583.48023832          0.22327867          3.91860895          0.00006221          0.00119726
    22   L1s      -9583.48841282          0.18124614          2.45331116          0.00006937          0.00124523
    23   L1s      -9583.49431279          0.28069566          9.69230707          0.00005658          0.00111749
    24   L1s      -9583.49782299          0.18002473          3.19114430          0.00003516          0.00063865
    25   L1s      -9583.50439617          0.17868259          2.92987215          0.00007221          0.00122045
    26   L1s      -9583.50759849          0.24862506          7.26440362          0.00003806          0.00065567
    27   L1s      -9583.51274653          0.12647004          1.42054208          0.00006346          0.00095469
    28   L0s      -9583.51692783          0.16569192          3.48003722          0.00006346          0.00092806
    29   L1s      -9583.51933519          0.20566802          4.67083482          0.00003676          0.00046402
    30   L0s      -9583.52193921          0.14892891          3.28823793          0.00003676          0.00043328
    31   L1s      -9583.52611583          0.14350708          2.26728001          0.00006027          0.00064209
    32   L1s      -9583.52873466          0.21074793          6.11737569          0.00004250          0.00045008
    33   L1s      -9583.53164866          0.14374666          2.24380978          0.00004861          0.00050404
    34   L1s      -9583.53476337          0.17748256          4.80103561          0.00005484          0.00059084
    35   L1s      -9583.53643599          0.16319046          4.13231143          0.00003043          0.00034554
    36   L1s      -9583.54090440          0.11725816          1.75552735          0.00008427          0.00098771
    37   L1s      -9583.54414727          0.16631675          4.05835612          0.00006516          0.00075620
    38   L1s      -9583.54579754          0.17529238          4.92613893          0.00003412          0.00038949
    39   L1s      -9583.55016340          0.17109151          3.85361635          0.00009251          0.00101980
    40   L1s      -9583.55279436          0.19763797          6.17695618          0.00005712          0.00060961
    41   L0s      -9583.55543125          0.14291044          3.03699688          0.00005712          0.00056412
    42   L1s      -9583.55912199          0.13158078          1.98229195          0.00008136          0.00076219
    43   L1s      -9583.56136935          0.23954343          5.06133046          0.00005245          0.00050961
    44   L1s      -9583.56625000          0.15658473          2.24043838          0.00011512          0.00121664
    45   L0s      -9583.57055426          0.22243807          4.18629852          0.00011512          0.00126833
    46   L1s      -9583.57341378          0.21665804          5.18429374          0.00007324          0.00083827
    47   L1s      -9583.57881858          0.15197550          3.34779126          0.00012675          0.00154785
    48   L1s      -9583.58135555          0.21179671          6.56609854          0.00006101          0.00076650
    49   L1s      -9583.58415711          0.17077484          3.96723857          0.00006822          0.00088882
    50   L1s      -9583.58941490          0.16763270          2.79165885          0.00013039          0.00173968
    51   L1s      -9583.59180624          0.20831914          4.94563492          0.00006042          0.00081515
    52   L1s      -9583.59543388          0.14045797          2.10067703          0.00009276          0.00126471
    53   L0s      -9583.59888413          0.19652874          5.02456149          0.00009276          0.00126450
    54   L1s      -9583.60061103          0.15076436          2.54541709          0.00004638          0.00062837
    55   L1s      -9583.60454185          0.13655526          2.56713282          0.00010341          0.00137621
    56   L1s      -9583.60640602          0.18436656          5.45556690          0.00005030          0.00066158
    57   L1s      -9583.60903919          0.14546228          3.12798204          0.00007198          0.00092539
    58   L1s      -9583.61238388          0.18232447          5.50210162          0.00009333          0.00118022
    59   L1s      -9583.61399734          0.14732207          3.22962841          0.00004559          0.00056197
    60   L1s      -9583.61679593          0.11961579          2.19695178          0.00008058          0.00095757
    61   L1s      -9583.61901061          0.16311357          4.65398734          0.00006553          0.00076610
    62   L1s      -9583.62038811          0.12437038          2.22953078          0.00004133          0.00049072
    63   L1s      -9583.62319969          0.14201643          3.79216167          0.00008632          0.00103663
    64   L1s      -9583.62412825          0.11772315          2.42379671          0.00002900          0.00035229
    65   L1s      -9583.62665463          0.11390607          2.09863365          0.00008081          0.00097664
    66   L1s      -9583.62880069          0.17037865          5.35974836          0.00007034          0.00083954
    67   L1s      -9583.63036182          0.12860367          2.87939906          0.00005169          0.00059457
    68   L1s      -9583.63220572          0.11244444          2.54176172          0.00006216          0.00072593
    69   L1s      -9583.63303654          0.12447599          3.09217331          0.00002865          0.00034174
    70   L1s      -9583.63481640          0.09093836          1.52728595          0.00006247          0.00077787
----------------------------------------------------------------------------------------------------------------

Minimization converged.

-------------------  Conjugate Gradient Minimizer Statistics -------------------
Iterations             =             70  Function Calls         =            136
--------------------------------------------------------------------------------
