
#-----------------------------------------------------------------------------#
#                                                                             #
#                                EasyHybrid                                   #
#                   - A pDynamo graphical user interface -                    #
#                                                                             #
#-----------------------------------------------------------------------------#
#                                                                             #
#     Developed by Jose Fernando R Bachega and Luis Fernando S M Timmers      #
#                            <ferbachega@gmail.com>                           #
#                                                                             #
#             visit: https://sites.google.com/site/EasyHybrid/                #
#                   Univesity of Sao Paulo - SP, Brazil                       #
#      Pontifical Catholic University of Rio Grande do Sul - RS, Brazil       #
#                                                                             #
#                                                                             #
#   EasyHybrid team:                               Special thanks to:         #
#   - Jose Fernando R Bachega           |         - Fernando V Maluf          #
#   - Michele Silva                     |                                     #
#   - Luis Fernando S M Timmers         |                                     #
#   - Martin Field                      |         - Leonardo R Bachega        #
#   - Troy Wymore                       |         - Lucas Assirati            #
#   - Osmar Norberto de Souza           |         - Richard Garratt           #
#   - Walter R Paixao-Cortes            |                                     #
#                                                                             #
#   Cite this work as:                                                        #
#   J.F.R. Bachega, L.F.S.M. Timmers, L.Assirati, L.B. Bachega, M.J. Field,   #
#   T. Wymore. J. Comput. Chem. 2013, 34, 2190-2196. DOI: 10.1002/jcc.23346   #
#                                                                             #
#-----------------------------------------------------------------------------#

Generated on Wed Jun  5 17:25:27 2019


--------------------------------------------------------------------------------
                       Summary for System "Pruned System"
--------------------------------------------------------------------------------

---------------------------- Atom Container Summary ----------------------------
Number of Atoms        =           2173  Number of Heavy Atoms  =           1040
Number of Hydrogens    =           1133  Number of Unknowns     =              0
--------------------------------------------------------------------------------

----------------------------- Connectivity Summary -----------------------------
Atoms                  =           2173
--------------------------------------------------------------------------------

------------------------------- Electronic State -------------------------------
Charge                 =             -1  Multiplicity           =              1
--------------------------------------------------------------------------------

--------------------------------------------------------------------------------
                    Summary for Energy Model "AMBER/AM1/ABFS"
--------------------------------------------------------------------------------

----------------------------------- Summary for MM Model "AMBER" -----------------------------------
LJ 1-4 Scaling                   =          0.500  El. 1-4 Scaling                  =          0.833
Number of MM Atoms               =           2173  Number of MM Atom Types          =             37
Number of Inactive MM Atoms      =             33  Total MM Charge                  =          -4.00
Harmonic Bond Terms              =           2169  Harmonic Bond Parameters         =             49
Harmonic Bond Inactive           =           1308  Fourier Improper Terms           =            320
Fourier Improper Parameters      =              3  Fourier Improper Inactive        =            164
Harmonic Angle Terms             =           3403  Harmonic Angle Parameters        =            103
Harmonic Angle Inactive          =           1938  Fourier Dihedral Terms           =           6697
Fourier Dihedral Parameters      =             48  Fourier Dihedral Inactive        =           3453
Exclusions                       =          10377  1-4 Interactions                 =           4805
LJ Parameters Form               =          AMBER  LJ Parameters Types              =             21
1-4 Lennard-Jones Form           =          AMBER  1-4 Lennard-Jones Types          =             21
----------------------------------------------------------------------------------------------------

-------------------------- Summary for QC Model "AM1" --------------------------
Number of QC Atoms     =             39  Boundary Atoms         =              6
Nuclear Charge         =            129  Orbital Functions      =            108
Fitting Functions      =              0  Energy Base Line       =      188.36370
QC Parameter Centers   =              6
--------------------------------------------------------------------------------

----------------------------- ABFS NB Model Summary ----------------------------
Dielectric             =       1.000000  El. 1-4 Scaling        =       0.833333
Damping Cutoff         =       0.500000  Inner Cutoff           =       8.000000
List Cutoff            =      13.500000  Outer Cutoff           =      12.000000
QC/MM Coupling         =    RC Coupling  Use Centering          =          False
--------------------------------------------------------------------------------

-------------------------- Pairlist Generator Summary --------------------------
Cell Size              =          6.750  Cutoff                 =         13.500
Cutoff Cell Size Factor =          0.500  Grid Cell/Cell Method  =           True
Minimum Cell Extent    =              2  Minimum Cell Size      =          3.000
Minimum Extent Factor  =          1.500  Minimum Points         =            500
Sort Indices           =          False
--------------------------------------------------------------------------------

----------------------- SoftConstraint Container Summary -----------------------
Multiple Distance      =              2
--------------------------------------------------------------------------------

---------------------------- Hard Constraint Container Summary ---------------------------
Number of Charge Constraints  =            0  Number of Fixed Atoms         =         1351
------------------------------------------------------------------------------------------

------------------------------- Sequence Summary -------------------------------
Number of Atoms            =       2173  Number of Components       =        213
Number of Entities         =          1  Number of Linear Polymers  =          0
Number of Links            =          0  Number of Variants         =          0
--------------------------------------------------------------------------------

-------------------------------  Conjugate Gradient Minimizer Options ------------------------------
Beta Type                        =              1  Initial Step                     =            0.1
Line Searcher                    =           None  Log Frequency                    =              1
Maximum Iterations               =           5000  Maximum Theta                    =          1e+10
Minimum Theta                    =          1e-10  RMS Gradient Tolerance           =            0.1
Steepest Descent Tolerance       =          0.001  Use Spectral Theta               =           True
----------------------------------------------------------------------------------------------------

----------------------------------------------------------------------------------------------------------------
  Iteration       Function          RMS Gradient        Max. |Grad.|          RMS Disp.         Max. |Disp.|
----------------------------------------------------------------------------------------------------------------
     0     I      -9525.04400907         39.34158324       1528.99047308          0.00201374          0.07826299
     1   L1s      -9561.02925635          2.78989635         61.02624367          0.00074487          0.01546057
     2   L1s      -9561.41556343          2.48748369         71.33829549          0.00011216          0.00339699
     3   L1s      -9562.10498100          2.07719108         55.01309209          0.00030245          0.01076015
     4   L1s      -9562.86057631          1.13639484         30.42060543          0.00043756          0.00993828
     5   L1s      -9562.99774820          1.34809387         33.93317746          0.00012636          0.00249900
     6   L1s      -9563.08219929          0.84498163         25.95511969          0.00009266          0.00253686
     7   L1s      -9563.22976278          0.75495284         14.00371453          0.00021564          0.00480523
     8   L1s      -9563.29376485          1.13732556         28.94538656          0.00011613          0.00276712
     9   L1s      -9563.39305484          0.41084705          6.91798619          0.00019365          0.00354173
    10   L1s      -9563.43992900          0.52839254          9.88102394          0.00012971          0.00226947
    11   L1s      -9563.47024967          0.60289657         16.14928893          0.00009591          0.00173094
    12   L1s      -9563.48787776          0.42527056          7.98989579          0.00006055          0.00111740
    13   L1s      -9563.51303970          0.29833590          4.02037272          0.00009878          0.00177477
    14   L1s      -9563.52800080          0.52066348         14.17185970          0.00007137          0.00125962
    15   L1s      -9563.54531448          0.31814189          4.94260521          0.00008688          0.00141936
    16   L1s      -9563.56481460          0.25924735          3.62205748          0.00010982          0.00178729
    17   L1s      -9563.57351960          0.34147613          7.66366340          0.00005603          0.00088327
    18   L1s      -9563.57973106          0.27248055          4.86172459          0.00004263          0.00069776
    19   L1s      -9563.58991107          0.21841829          3.41312822          0.00007617          0.00124959
    20   L0s      -9563.59933455          0.22742885          4.78250893          0.00007617          0.00133259
    21   L1s      -9563.60265055          0.22320079          4.87623551          0.00002950          0.00049337
    22   L1s      -9563.60810726          0.17325139          3.21567658          0.00005390          0.00089201
    23   L1s      -9563.61540123          0.22830961          6.65660830          0.00007972          0.00141074
    24   L1s      -9563.61789951          0.19716170          3.99051234          0.00002871          0.00047291
    25   L1s      -9563.62328096          0.15965134          2.71824087          0.00006569          0.00105230
    26   L1s      -9563.63022361          0.12683243          1.50560140          0.00009179          0.00141690
    27   L1s      -9563.63333495          0.20705606          6.26510250          0.00004569          0.00063151
    28   L1s      -9563.63578266          0.16874984          3.48054992          0.00003721          0.00052695
    29   L1s      -9563.63914977          0.15755902          3.19454019          0.00005369          0.00070803
    30   L1s      -9563.64148377          0.20305074          6.17197784          0.00003909          0.00049294
    31   L1s      -9563.64452756          0.13278482          2.06642664          0.00005241          0.00060267
    32   L1s      -9563.64826168          0.11066500          1.77466570          0.00006822          0.00077746
    33   L1s      -9563.65123300          0.13609343          2.84191121          0.00005850          0.00058189
    34   L1s      -9563.65231125          0.14073887          2.60511097          0.00002218          0.00021501
    35   L1s      -9563.65438435          0.09583340          1.91105375          0.00004428          0.00043145
----------------------------------------------------------------------------------------------------------------

Minimization converged.

-------------------  Conjugate Gradient Minimizer Statistics -------------------
Iterations             =             35  Function Calls         =             70
--------------------------------------------------------------------------------
