
#-----------------------------------------------------------------------------#
#                                                                             #
#                                EasyHybrid                                   #
#                   - A pDynamo graphical user interface -                    #
#                                                                             #
#-----------------------------------------------------------------------------#
#                                                                             #
#     Developed by Jose Fernando R Bachega and Luis Fernando S M Timmers      #
#                            <ferbachega@gmail.com>                           #
#                                                                             #
#             visit: https://sites.google.com/site/EasyHybrid/                #
#                   Univesity of Sao Paulo - SP, Brazil                       #
#      Pontifical Catholic University of Rio Grande do Sul - RS, Brazil       #
#                                                                             #
#                                                                             #
#   EasyHybrid team:                               Special thanks to:         #
#   - Jose Fernando R Bachega           |         - Fernando V Maluf          #
#   - Michele Silva                     |                                     #
#   - Luis Fernando S M Timmers         |                                     #
#   - Martin Field                      |         - Leonardo R Bachega        #
#   - Troy Wymore                       |         - Lucas Assirati            #
#   - Osmar Norberto de Souza           |         - Richard Garratt           #
#   - Walter R Paixao-Cortes            |                                     #
#                                                                             #
#   Cite this work as:                                                        #
#   J.F.R. Bachega, L.F.S.M. Timmers, L.Assirati, L.B. Bachega, M.J. Field,   #
#   T. Wymore. J. Comput. Chem. 2013, 34, 2190-2196. DOI: 10.1002/jcc.23346   #
#                                                                             #
#-----------------------------------------------------------------------------#

Generated on Wed Jun  5 17:35:10 2019


--------------------------------------------------------------------------------
                       Summary for System "Pruned System"
--------------------------------------------------------------------------------

---------------------------- Atom Container Summary ----------------------------
Number of Atoms        =           2173  Number of Heavy Atoms  =           1040
Number of Hydrogens    =           1133  Number of Unknowns     =              0
--------------------------------------------------------------------------------

----------------------------- Connectivity Summary -----------------------------
Atoms                  =           2173
--------------------------------------------------------------------------------

------------------------------- Electronic State -------------------------------
Charge                 =             -1  Multiplicity           =              1
--------------------------------------------------------------------------------

--------------------------------------------------------------------------------
                    Summary for Energy Model "AMBER/AM1/ABFS"
--------------------------------------------------------------------------------

----------------------------------- Summary for MM Model "AMBER" -----------------------------------
LJ 1-4 Scaling                   =          0.500  El. 1-4 Scaling                  =          0.833
Number of MM Atoms               =           2173  Number of MM Atom Types          =             37
Number of Inactive MM Atoms      =             33  Total MM Charge                  =          -4.00
Harmonic Bond Terms              =           2169  Harmonic Bond Parameters         =             49
Harmonic Bond Inactive           =           1308  Fourier Improper Terms           =            320
Fourier Improper Parameters      =              3  Fourier Improper Inactive        =            164
Harmonic Angle Terms             =           3403  Harmonic Angle Parameters        =            103
Harmonic Angle Inactive          =           1938  Fourier Dihedral Terms           =           6697
Fourier Dihedral Parameters      =             48  Fourier Dihedral Inactive        =           3453
Exclusions                       =          10377  1-4 Interactions                 =           4805
LJ Parameters Form               =          AMBER  LJ Parameters Types              =             21
1-4 Lennard-Jones Form           =          AMBER  1-4 Lennard-Jones Types          =             21
----------------------------------------------------------------------------------------------------

-------------------------- Summary for QC Model "AM1" --------------------------
Number of QC Atoms     =             39  Boundary Atoms         =              6
Nuclear Charge         =            129  Orbital Functions      =            108
Fitting Functions      =              0  Energy Base Line       =      188.36370
QC Parameter Centers   =              6
--------------------------------------------------------------------------------

----------------------------- ABFS NB Model Summary ----------------------------
Dielectric             =       1.000000  El. 1-4 Scaling        =       0.833333
Damping Cutoff         =       0.500000  Inner Cutoff           =       8.000000
List Cutoff            =      13.500000  Outer Cutoff           =      12.000000
QC/MM Coupling         =    RC Coupling  Use Centering          =          False
--------------------------------------------------------------------------------

-------------------------- Pairlist Generator Summary --------------------------
Cell Size              =          6.750  Cutoff                 =         13.500
Cutoff Cell Size Factor =          0.500  Grid Cell/Cell Method  =           True
Minimum Cell Extent    =              2  Minimum Cell Size      =          3.000
Minimum Extent Factor  =          1.500  Minimum Points         =            500
Sort Indices           =          False
--------------------------------------------------------------------------------

----------------------- SoftConstraint Container Summary -----------------------
Multiple Distance      =              2
--------------------------------------------------------------------------------

---------------------------- Hard Constraint Container Summary ---------------------------
Number of Charge Constraints  =            0  Number of Fixed Atoms         =         1351
------------------------------------------------------------------------------------------

------------------------------- Sequence Summary -------------------------------
Number of Atoms            =       2173  Number of Components       =        213
Number of Entities         =          1  Number of Linear Polymers  =          0
Number of Links            =          0  Number of Variants         =          0
--------------------------------------------------------------------------------

-------------------------------  Conjugate Gradient Minimizer Options ------------------------------
Beta Type                        =              1  Initial Step                     =            0.1
Line Searcher                    =           None  Log Frequency                    =              1
Maximum Iterations               =           5000  Maximum Theta                    =          1e+10
Minimum Theta                    =          1e-10  RMS Gradient Tolerance           =            0.1
Steepest Descent Tolerance       =          0.001  Use Spectral Theta               =           True
----------------------------------------------------------------------------------------------------

----------------------------------------------------------------------------------------------------------------
  Iteration       Function          RMS Gradient        Max. |Grad.|          RMS Disp.         Max. |Disp.|
----------------------------------------------------------------------------------------------------------------
     0     I      -9505.20801272         38.21617883       1448.88581308          0.00201374          0.07634672
     1   L1s      -9541.25411666          2.37572106         64.50098938          0.00075888          0.01961494
     2   L1s      -9541.90669948          3.69020613        114.15331689          0.00022311          0.00654981
     3   L1s      -9542.70465242          1.55297206         40.70835224          0.00032303          0.00776671
     4   L1s      -9543.11962254          1.19378629         25.90417555          0.00027380          0.00635642
     5   L1s      -9543.22888210          1.45152802         39.13501760          0.00010357          0.00285064
     6   L1s      -9543.45707748          1.20761927         23.88715520          0.00025160          0.00684329
     7   L0s      -9543.64447234          1.06604725         25.29620780          0.00025160          0.00680896
     8   L1s      -9543.70071629          0.95884976         22.31082462          0.00008657          0.00240193
     9   L1s      -9543.78908583          0.58506951         12.31155147          0.00015013          0.00429844
    10   L1s      -9543.83819429          0.54993147          8.85715839          0.00010763          0.00291863
    11   L1s      -9543.86990910          0.75070818         22.97778780          0.00008358          0.00242313
    12   L1s      -9543.91320907          0.49583045          8.80412028          0.00012342          0.00329853
    13   L1s      -9543.98354280          0.45373792          6.72004264          0.00023021          0.00586928
    14   L1s      -9544.03084182          0.76727223         20.65249171          0.00017637          0.00437784
    15   L1s      -9544.06560159          0.63517983         13.73988678          0.00013489          0.00345003
    16   L1s      -9544.12833624          0.51481514          7.60854143          0.00025598          0.00674565
    17   L1s      -9544.17492200          0.63575310         13.17107681          0.00020520          0.00546256
    18   L1s      -9544.19806326          0.62190160         14.55949488          0.00010621          0.00301549
    19   L1s      -9544.23955495          0.44347855          7.67255524          0.00019811          0.00593054
    20   L1s      -9544.27160845          0.47404963         11.54147115          0.00016363          0.00462038
    21   L1s      -9544.28670688          0.49485025         11.98317541          0.00008119          0.00249809
    22   L1s      -9544.31646506          0.39259323          4.95635144          0.00016740          0.00515247
    23   L1s      -9544.34972359          0.29507456          4.24739313          0.00019959          0.00590446
    24   L1s      -9544.36092042          0.37720932          6.54103091          0.00007388          0.00225872
    25   L1s      -9544.36970747          0.35878854          6.72987987          0.00006097          0.00176485
    26   L1s      -9544.38541934          0.26805514          4.76074426          0.00011464          0.00300852
    27   L1s      -9544.39128493          0.32532911          8.53392748          0.00004633          0.00129170
    28   L1s      -9544.40065008          0.23859472          3.65361343          0.00007757          0.00203398
    29   L1s      -9544.41424386          0.22789605          3.59312133          0.00012175          0.00303057
    30   L1s      -9544.42519848          0.26936564          5.79755153          0.00010555          0.00270763
    31   L1s      -9544.43003632          0.29791908          6.17358726          0.00004882          0.00115155
    32   L1s      -9544.43939612          0.20071807          2.45400603          0.00009785          0.00215530
    33   L1s      -9544.44331773          0.29376603          7.28524818          0.00004395          0.00101653
    34   L1s      -9544.45220868          0.24075353          4.70662709          0.00010263          0.00222879
    35   L0s      -9544.46152756          0.19376554          3.77846917          0.00010263          0.00201636
    36   L0s      -9544.47025219          0.23684092          4.11514879          0.00010263          0.00207177
    37   L1s      -9544.47540911          0.28501852          8.25544413          0.00006549          0.00116828
    38   L0s      -9544.48101365          0.17674357          2.34107875          0.00006549          0.00110056
    39   L1s      -9544.48775958          0.19897901          3.52096198          0.00007490          0.00126409
    40   L1s      -9544.49018884          0.21478660          5.04799714          0.00003004          0.00044415
    41   L1s      -9544.49636575          0.19015591          4.01625050          0.00007988          0.00117143
    42   L1s      -9544.50025484          0.23516866          7.19088379          0.00005294          0.00073122
    43   L1s      -9544.50334790          0.15638243          3.44439639          0.00004342          0.00057922
    44   L1s      -9544.50744805          0.15737707          3.43416577          0.00006137          0.00081872
    45   L0s      -9544.51124686          0.22759417          7.03924716          0.00006137          0.00076067
    46   L1s      -9544.51387557          0.15179196          2.43898655          0.00004301          0.00058062
    47   L1s      -9544.51839262          0.15426666          2.52505922          0.00007477          0.00101224
    48   L1s      -9544.52030082          0.19326595          4.52850924          0.00003312          0.00042524
    49   L1s      -9544.52340895          0.12964488          2.42708077          0.00005551          0.00068790
    50   L1s      -9544.52571870          0.15976338          4.59179038          0.00004372          0.00055854
    51   L1s      -9544.52707884          0.12982877          2.38675024          0.00002666          0.00030062
    52   L1s      -9544.53035024          0.13697311          3.37952724          0.00006729          0.00073309
    53   L1s      -9544.53282912          0.16573176          4.76830662          0.00005305          0.00055866
    54   L1s      -9544.53428788          0.12464482          2.50934398          0.00003203          0.00034128
    55   L1s      -9544.53668042          0.10987413          1.59995792          0.00005479          0.00061694
    56   L1s      -9544.53838248          0.17642067          4.06148763          0.00004095          0.00042686
    57   L0s      -9544.54018905          0.09998187          1.40208041          0.00004095          0.00039157
----------------------------------------------------------------------------------------------------------------

Minimization converged.

-------------------  Conjugate Gradient Minimizer Statistics -------------------
Iterations             =             57  Function Calls         =            109
--------------------------------------------------------------------------------
