
#-----------------------------------------------------------------------------#
#                                                                             #
#                                EasyHybrid                                   #
#                   - A pDynamo graphical user interface -                    #
#                                                                             #
#-----------------------------------------------------------------------------#
#                                                                             #
#     Developed by Jose Fernando R Bachega and Luis Fernando S M Timmers      #
#                            <ferbachega@gmail.com>                           #
#                                                                             #
#             visit: https://sites.google.com/site/EasyHybrid/                #
#                   Univesity of Sao Paulo - SP, Brazil                       #
#      Pontifical Catholic University of Rio Grande do Sul - RS, Brazil       #
#                                                                             #
#                                                                             #
#   EasyHybrid team:                               Special thanks to:         #
#   - Jose Fernando R Bachega           |         - Fernando V Maluf          #
#   - Michele Silva                     |                                     #
#   - Luis Fernando S M Timmers         |                                     #
#   - Martin Field                      |         - Leonardo R Bachega        #
#   - Troy Wymore                       |         - Lucas Assirati            #
#   - Osmar Norberto de Souza           |         - Richard Garratt           #
#   - Walter R Paixao-Cortes            |                                     #
#                                                                             #
#   Cite this work as:                                                        #
#   J.F.R. Bachega, L.F.S.M. Timmers, L.Assirati, L.B. Bachega, M.J. Field,   #
#   T. Wymore. J. Comput. Chem. 2013, 34, 2190-2196. DOI: 10.1002/jcc.23346   #
#                                                                             #
#-----------------------------------------------------------------------------#

Generated on Wed Jun  5 17:23:03 2019


--------------------------------------------------------------------------------
                       Summary for System "Pruned System"
--------------------------------------------------------------------------------

---------------------------- Atom Container Summary ----------------------------
Number of Atoms        =           2173  Number of Heavy Atoms  =           1040
Number of Hydrogens    =           1133  Number of Unknowns     =              0
--------------------------------------------------------------------------------

----------------------------- Connectivity Summary -----------------------------
Atoms                  =           2173
--------------------------------------------------------------------------------

------------------------------- Electronic State -------------------------------
Charge                 =             -1  Multiplicity           =              1
--------------------------------------------------------------------------------

--------------------------------------------------------------------------------
                    Summary for Energy Model "AMBER/AM1/ABFS"
--------------------------------------------------------------------------------

----------------------------------- Summary for MM Model "AMBER" -----------------------------------
LJ 1-4 Scaling                   =          0.500  El. 1-4 Scaling                  =          0.833
Number of MM Atoms               =           2173  Number of MM Atom Types          =             37
Number of Inactive MM Atoms      =             33  Total MM Charge                  =          -4.00
Harmonic Bond Terms              =           2169  Harmonic Bond Parameters         =             49
Harmonic Bond Inactive           =           1308  Fourier Improper Terms           =            320
Fourier Improper Parameters      =              3  Fourier Improper Inactive        =            164
Harmonic Angle Terms             =           3403  Harmonic Angle Parameters        =            103
Harmonic Angle Inactive          =           1938  Fourier Dihedral Terms           =           6697
Fourier Dihedral Parameters      =             48  Fourier Dihedral Inactive        =           3453
Exclusions                       =          10377  1-4 Interactions                 =           4805
LJ Parameters Form               =          AMBER  LJ Parameters Types              =             21
1-4 Lennard-Jones Form           =          AMBER  1-4 Lennard-Jones Types          =             21
----------------------------------------------------------------------------------------------------

-------------------------- Summary for QC Model "AM1" --------------------------
Number of QC Atoms     =             39  Boundary Atoms         =              6
Nuclear Charge         =            129  Orbital Functions      =            108
Fitting Functions      =              0  Energy Base Line       =      188.36370
QC Parameter Centers   =              6
--------------------------------------------------------------------------------

----------------------------- ABFS NB Model Summary ----------------------------
Dielectric             =       1.000000  El. 1-4 Scaling        =       0.833333
Damping Cutoff         =       0.500000  Inner Cutoff           =       8.000000
List Cutoff            =      13.500000  Outer Cutoff           =      12.000000
QC/MM Coupling         =    RC Coupling  Use Centering          =          False
--------------------------------------------------------------------------------

-------------------------- Pairlist Generator Summary --------------------------
Cell Size              =          6.750  Cutoff                 =         13.500
Cutoff Cell Size Factor =          0.500  Grid Cell/Cell Method  =           True
Minimum Cell Extent    =              2  Minimum Cell Size      =          3.000
Minimum Extent Factor  =          1.500  Minimum Points         =            500
Sort Indices           =          False
--------------------------------------------------------------------------------

----------------------- SoftConstraint Container Summary -----------------------
Multiple Distance      =              2
--------------------------------------------------------------------------------

---------------------------- Hard Constraint Container Summary ---------------------------
Number of Charge Constraints  =            0  Number of Fixed Atoms         =         1351
------------------------------------------------------------------------------------------

------------------------------- Sequence Summary -------------------------------
Number of Atoms            =       2173  Number of Components       =        213
Number of Entities         =          1  Number of Linear Polymers  =          0
Number of Links            =          0  Number of Variants         =          0
--------------------------------------------------------------------------------

-------------------------------  Conjugate Gradient Minimizer Options ------------------------------
Beta Type                        =              1  Initial Step                     =            0.1
Line Searcher                    =           None  Log Frequency                    =              1
Maximum Iterations               =           5000  Maximum Theta                    =          1e+10
Minimum Theta                    =          1e-10  RMS Gradient Tolerance           =            0.1
Steepest Descent Tolerance       =          0.001  Use Spectral Theta               =           True
----------------------------------------------------------------------------------------------------

----------------------------------------------------------------------------------------------------------------
  Iteration       Function          RMS Gradient        Max. |Grad.|          RMS Disp.         Max. |Disp.|
----------------------------------------------------------------------------------------------------------------
     0     I      -9501.51900603         39.46332575       1371.48175992          0.00201374          0.06998417
     1   L1s      -9538.36304271          4.09620512        129.83434735          0.00075308          0.02367292
     2   L1s      -9538.89668104          2.09058593         46.15688267          0.00010594          0.00245463
     3   L1s      -9539.42538319          1.49709033         35.78558199          0.00023092          0.00574040
     4   L1s      -9539.93255042          1.15743717         28.96271039          0.00035244          0.00635454
     5   L1s      -9540.19100755          1.07067428         25.14168976          0.00025177          0.00466265
     6   L1s      -9540.26683001          1.11172902         27.43537469          0.00009392          0.00177297
     7   L1s      -9540.35994357          0.74376804         17.33705914          0.00013407          0.00229148
     8   L1s      -9540.40828376          0.99897122         29.43521567          0.00008734          0.00146181
     9   L1s      -9540.49746121          0.65010666         14.44693767          0.00017664          0.00304205
    10   L1s      -9540.55746357          0.56820202         13.24716853          0.00014037          0.00239421
    11   L1s      -9540.61601796          0.41832795          5.69600476          0.00016028          0.00254413
    12   L1s      -9540.64723585          0.71299659         18.17001540          0.00010466          0.00186115
    13   L0s      -9540.67918738          0.41908670          6.27218626          0.00010466          0.00198483
    14   L0s      -9540.70762596          0.41586288          6.73487609          0.00010466          0.00212960
    15   L0s      -9540.73040389          0.63260673         22.74205460          0.00010466          0.00214478
    16   L1s      -9540.74748403          0.30370349          3.70754601          0.00007627          0.00144278
    17   L1s      -9540.76003708          0.49096350         16.07893495          0.00005332          0.00098375
    18   L1s      -9540.77513837          0.31398072          3.67601942          0.00006884          0.00118351
    19   L0s      -9540.78843386          0.28186415          5.95739834          0.00006884          0.00108589
    20   L1s      -9540.79440394          0.32412534          9.08062892          0.00003538          0.00052874
    21   L1s      -9540.80464579          0.25724956          4.34632289          0.00006632          0.00092331
    22   L0s      -9540.81309445          0.35703155         10.80254585          0.00006632          0.00090633
    23   L1s      -9540.81854103          0.25037657          3.42905386          0.00004249          0.00059363
    24   L1s      -9540.82908626          0.27082384          6.70148366          0.00007793          0.00112605
    25   L1s      -9540.83291821          0.22981094          3.99166285          0.00003056          0.00045273
    26   L1s      -9540.83953978          0.20395318          3.99600313          0.00005774          0.00084343
    27   L1s      -9540.84483292          0.30218109         10.50254033          0.00005072          0.00072794
    28   L0s      -9540.84953713          0.19719995          4.28012585          0.00005072          0.00070070
    29   L1s      -9540.85462808          0.25346114          6.27952057          0.00006340          0.00085951
    30   L1s      -9540.85825141          0.20780848          4.28072661          0.00004482          0.00063233
    31   L1s      -9540.86387307          0.16329211          2.63227570          0.00007293          0.00108448
    32   L1s      -9540.86819727          0.20595335          5.74240798          0.00006009          0.00091677
    33   L1s      -9540.87038139          0.16523338          2.65625547          0.00003155          0.00049711
    34   L1s      -9540.87486893          0.19050907          5.53583091          0.00006846          0.00109169
    35   L1s      -9540.87660144          0.16298687          3.92793147          0.00002744          0.00044197
    36   L1s      -9540.88082165          0.14743977          2.38202893          0.00007007          0.00111937
    37   L1s      -9540.88400623          0.19686125          5.21686438          0.00005569          0.00089876
    38   L1s      -9540.88623251          0.15141458          2.30718509          0.00004000          0.00068797
    39   L1s      -9540.88961440          0.15154287          2.52592445          0.00006340          0.00113211
    40   L1s      -9540.89157227          0.19872331          5.23541942          0.00003817          0.00068864
    41   L1s      -9540.89439419          0.13145846          1.96251671          0.00005621          0.00100304
    42   L0s      -9540.89733555          0.17049529          4.47423001          0.00005621          0.00098127
    43   L1s      -9540.89937885          0.15657464          2.37029488          0.00004180          0.00071060
    44   L1s      -9540.90322002          0.13401757          1.66130923          0.00008941          0.00145943
    45   L1s      -9540.90607581          0.20945323          5.54517250          0.00006866          0.00110292
    46   L1s      -9540.90832609          0.16160429          3.18241040          0.00005479          0.00085709
    47   L1s      -9540.91163152          0.13591257          1.81112255          0.00008219          0.00123200
    48   L1s      -9540.91631442          0.22645758          5.58835415          0.00011980          0.00176188
    49   L1s      -9540.91915681          0.17506747          3.76101382          0.00007342          0.00104433
    50   L1s      -9540.92320248          0.15823928          2.35601539          0.00010614          0.00146322
    51   L1s      -9540.92475580          0.17889330          4.44322862          0.00004152          0.00056156
    52   L1s      -9540.92850084          0.16024108          4.10428940          0.00010154          0.00136094
    53   L0s      -9540.93239608          0.12887827          1.76467595          0.00010154          0.00133954
    54   L1s      -9540.93528227          0.18226403          5.63133853          0.00007526          0.00097233
    55   L1s      -9540.93690740          0.13212572          1.68094085          0.00004412          0.00053865
    56   L1s      -9540.93933630          0.16926226          5.37008644          0.00006762          0.00078998
    57   L1s      -9540.94086513          0.13622695          2.40421194          0.00004318          0.00047118
    58   L1s      -9540.94387074          0.12165614          1.49859761          0.00008677          0.00090314
    59   L0s      -9540.94665538          0.16507452          4.30108756          0.00008677          0.00090433
    60   L1s      -9540.94806437          0.15567690          3.23803068          0.00004341          0.00045618
    61   L1s      -9540.95033957          0.12068093          2.26446259          0.00006742          0.00071823
    62   L1s      -9540.95206963          0.16050600          4.66767803          0.00005257          0.00055867
    63   L0s      -9540.95374565          0.11717414          1.84568151          0.00005257          0.00054754
    64   L1s      -9540.95619658          0.12026912          1.89577917          0.00007984          0.00081245
    65   L1s      -9540.95729526          0.15579919          3.24723031          0.00003599          0.00036285
    66   L1s      -9540.95936654          0.10466140          2.07333364          0.00006870          0.00069547
    67   L1s      -9540.96110765          0.10332754          1.34054928          0.00005930          0.00060083
    68   L1s      -9540.96222854          0.13740246          3.91291366          0.00003917          0.00039138
    69   L1s      -9540.96361925          0.10469400          1.56033231          0.00004929          0.00046198
    70   L0s      -9540.96487136          0.14879147          4.99742362          0.00004929          0.00043876
    71   L1s      -9540.96584089          0.09395391          1.30194881          0.00003695          0.00031092
----------------------------------------------------------------------------------------------------------------

Minimization converged.

-------------------  Conjugate Gradient Minimizer Statistics -------------------
Iterations             =             71  Function Calls         =            132
--------------------------------------------------------------------------------
