
#-----------------------------------------------------------------------------#
#                                                                             #
#                                EasyHybrid                                   #
#                   - A pDynamo graphical user interface -                    #
#                                                                             #
#-----------------------------------------------------------------------------#
#                                                                             #
#     Developed by Jose Fernando R Bachega and Luis Fernando S M Timmers      #
#                            <ferbachega@gmail.com>                           #
#                                                                             #
#             visit: https://sites.google.com/site/EasyHybrid/                #
#                   Univesity of Sao Paulo - SP, Brazil                       #
#      Pontifical Catholic University of Rio Grande do Sul - RS, Brazil       #
#                                                                             #
#                                                                             #
#   EasyHybrid team:                               Special thanks to:         #
#   - Jose Fernando R Bachega           |         - Fernando V Maluf          #
#   - Michele Silva                     |                                     #
#   - Luis Fernando S M Timmers         |                                     #
#   - Martin Field                      |         - Leonardo R Bachega        #
#   - Troy Wymore                       |         - Lucas Assirati            #
#   - Osmar Norberto de Souza           |         - Richard Garratt           #
#   - Walter R Paixao-Cortes            |                                     #
#                                                                             #
#   Cite this work as:                                                        #
#   J.F.R. Bachega, L.F.S.M. Timmers, L.Assirati, L.B. Bachega, M.J. Field,   #
#   T. Wymore. J. Comput. Chem. 2013, 34, 2190-2196. DOI: 10.1002/jcc.23346   #
#                                                                             #
#-----------------------------------------------------------------------------#

Generated on Wed Jun  5 17:25:03 2019


--------------------------------------------------------------------------------
                       Summary for System "Pruned System"
--------------------------------------------------------------------------------

---------------------------- Atom Container Summary ----------------------------
Number of Atoms        =           2173  Number of Heavy Atoms  =           1040
Number of Hydrogens    =           1133  Number of Unknowns     =              0
--------------------------------------------------------------------------------

----------------------------- Connectivity Summary -----------------------------
Atoms                  =           2173
--------------------------------------------------------------------------------

------------------------------- Electronic State -------------------------------
Charge                 =             -1  Multiplicity           =              1
--------------------------------------------------------------------------------

--------------------------------------------------------------------------------
                    Summary for Energy Model "AMBER/AM1/ABFS"
--------------------------------------------------------------------------------

----------------------------------- Summary for MM Model "AMBER" -----------------------------------
LJ 1-4 Scaling                   =          0.500  El. 1-4 Scaling                  =          0.833
Number of MM Atoms               =           2173  Number of MM Atom Types          =             37
Number of Inactive MM Atoms      =             33  Total MM Charge                  =          -4.00
Harmonic Bond Terms              =           2169  Harmonic Bond Parameters         =             49
Harmonic Bond Inactive           =           1308  Fourier Improper Terms           =            320
Fourier Improper Parameters      =              3  Fourier Improper Inactive        =            164
Harmonic Angle Terms             =           3403  Harmonic Angle Parameters        =            103
Harmonic Angle Inactive          =           1938  Fourier Dihedral Terms           =           6697
Fourier Dihedral Parameters      =             48  Fourier Dihedral Inactive        =           3453
Exclusions                       =          10377  1-4 Interactions                 =           4805
LJ Parameters Form               =          AMBER  LJ Parameters Types              =             21
1-4 Lennard-Jones Form           =          AMBER  1-4 Lennard-Jones Types          =             21
----------------------------------------------------------------------------------------------------

-------------------------- Summary for QC Model "AM1" --------------------------
Number of QC Atoms     =             39  Boundary Atoms         =              6
Nuclear Charge         =            129  Orbital Functions      =            108
Fitting Functions      =              0  Energy Base Line       =      188.36370
QC Parameter Centers   =              6
--------------------------------------------------------------------------------

----------------------------- ABFS NB Model Summary ----------------------------
Dielectric             =       1.000000  El. 1-4 Scaling        =       0.833333
Damping Cutoff         =       0.500000  Inner Cutoff           =       8.000000
List Cutoff            =      13.500000  Outer Cutoff           =      12.000000
QC/MM Coupling         =    RC Coupling  Use Centering          =          False
--------------------------------------------------------------------------------

-------------------------- Pairlist Generator Summary --------------------------
Cell Size              =          6.750  Cutoff                 =         13.500
Cutoff Cell Size Factor =          0.500  Grid Cell/Cell Method  =           True
Minimum Cell Extent    =              2  Minimum Cell Size      =          3.000
Minimum Extent Factor  =          1.500  Minimum Points         =            500
Sort Indices           =          False
--------------------------------------------------------------------------------

----------------------- SoftConstraint Container Summary -----------------------
Multiple Distance      =              2
--------------------------------------------------------------------------------

---------------------------- Hard Constraint Container Summary ---------------------------
Number of Charge Constraints  =            0  Number of Fixed Atoms         =         1351
------------------------------------------------------------------------------------------

------------------------------- Sequence Summary -------------------------------
Number of Atoms            =       2173  Number of Components       =        213
Number of Entities         =          1  Number of Linear Polymers  =          0
Number of Links            =          0  Number of Variants         =          0
--------------------------------------------------------------------------------

-------------------------------  Conjugate Gradient Minimizer Options ------------------------------
Beta Type                        =              1  Initial Step                     =            0.1
Line Searcher                    =           None  Log Frequency                    =              1
Maximum Iterations               =           5000  Maximum Theta                    =          1e+10
Minimum Theta                    =          1e-10  RMS Gradient Tolerance           =            0.1
Steepest Descent Tolerance       =          0.001  Use Spectral Theta               =           True
----------------------------------------------------------------------------------------------------

----------------------------------------------------------------------------------------------------------------
  Iteration       Function          RMS Gradient        Max. |Grad.|          RMS Disp.         Max. |Disp.|
----------------------------------------------------------------------------------------------------------------
     0     I      -9525.75091702         39.38950143       1541.58224421          0.00201374          0.07881152
     1   L1s      -9561.33520687          2.90285219         66.70762070          0.00073559          0.01579284
     2   L1s      -9561.75744807          2.65476456         74.67865325          0.00011786          0.00369186
     3   L1s      -9562.55147254          2.19704166         57.38040968          0.00033010          0.01184893
     4   L1s      -9563.34387571          1.19184259         31.26174198          0.00043419          0.00983116
     5   L1s      -9563.50132628          1.46850442         35.51047720          0.00013744          0.00266743
     6   L1s      -9563.59957616          0.91025232         26.88368399          0.00010125          0.00269688
     7   L1s      -9563.77137042          0.85284991         14.68084610          0.00023437          0.00514959
     8   L1s      -9563.84725952          1.19337512         29.54724510          0.00012616          0.00297455
     9   L1s      -9563.94849130          0.52574561         11.34990393          0.00018197          0.00378878
    10   L1s      -9563.98530773          0.50807151         12.53632563          0.00008702          0.00141100
    11   L1s      -9564.03637643          0.67152120         18.39417494          0.00014560          0.00245373
    12   L1s      -9564.05379510          0.42437235          8.32614370          0.00005389          0.00095665
    13   L1s      -9564.08671323          0.29317927          4.08057109          0.00011962          0.00203139
    14   L1s      -9564.10226035          0.53147611         13.84049074          0.00007092          0.00117851
    15   L1s      -9564.11994784          0.33033631          5.47343513          0.00008506          0.00130239
    16   L0s      -9564.13601209          0.25722210          4.21678071          0.00008506          0.00142075
    17   L1s      -9564.14455726          0.33086256          7.66720132          0.00005242          0.00089646
    18   L1s      -9564.14983691          0.24395863          3.82207159          0.00003518          0.00060163
    19   L1s      -9564.15958120          0.20195185          2.59945943          0.00007256          0.00111687
    20   L0s      -9564.16734476          0.26258856          6.29918219          0.00007256          0.00119793
    21   L1s      -9564.17042945          0.20578865          3.80737334          0.00002891          0.00051609
    22   L1s      -9564.17526028          0.16100314          2.71904870          0.00004341          0.00071552
    23   L0s      -9564.17921272          0.29255876         10.42852796          0.00004341          0.00070974
    24   L0s      -9564.18319938          0.14718621          2.01515563          0.00004341          0.00070107
    25   L0s      -9564.18740946          0.17869743          3.62442797          0.00004341          0.00064640
    26   L1s      -9564.18967812          0.20660621          5.65063538          0.00002551          0.00035418
    27   L1s      -9564.19389520          0.14900335          2.75425838          0.00005023          0.00063710
    28   L1s      -9564.19578302          0.18026215          5.41381351          0.00002472          0.00032277
    29   L1s      -9564.19798394          0.14582659          2.79497777          0.00003048          0.00039570
    30   L1s      -9564.20257366          0.14261740          2.61017743          0.00006847          0.00080436
    31   L1s      -9564.20449734          0.21384753          5.85185651          0.00003071          0.00034662
    32   L1s      -9564.20837071          0.13494512          1.69903012          0.00006356          0.00067716
    33   L1s      -9564.21094784          0.19107819          4.46575921          0.00004504          0.00047877
    34   L1s      -9564.21292966          0.13721785          1.76908546          0.00003564          0.00039054
    35   L1s      -9564.21656434          0.15398307          2.91309522          0.00006881          0.00077827
    36   L1s      -9564.21810835          0.16722201          5.25586150          0.00003033          0.00035093
    37   L1s      -9564.22022777          0.11575111          2.46169508          0.00004289          0.00050796
    38   L1s      -9564.22304188          0.14394435          3.21883475          0.00006027          0.00070943
    39   L1s      -9564.22443553          0.16092046          4.59458120          0.00003086          0.00035888
    40   L1s      -9564.22713099          0.13525277          2.53184509          0.00006122          0.00068997
    41   L1s      -9564.22913735          0.19234582          5.63033144          0.00004714          0.00052348
    42   L0s      -9564.23130701          0.09916126          1.20817230          0.00004714          0.00046677
----------------------------------------------------------------------------------------------------------------

Minimization converged.

-------------------  Conjugate Gradient Minimizer Statistics -------------------
Iterations             =             42  Function Calls         =             79
--------------------------------------------------------------------------------
