
#-----------------------------------------------------------------------------#
#                                                                             #
#                                EasyHybrid                                   #
#                   - A pDynamo graphical user interface -                    #
#                                                                             #
#-----------------------------------------------------------------------------#
#                                                                             #
#     Developed by Jose Fernando R Bachega and Luis Fernando S M Timmers      #
#                            <ferbachega@gmail.com>                           #
#                                                                             #
#             visit: https://sites.google.com/site/EasyHybrid/                #
#                   Univesity of Sao Paulo - SP, Brazil                       #
#      Pontifical Catholic University of Rio Grande do Sul - RS, Brazil       #
#                                                                             #
#                                                                             #
#   EasyHybrid team:                               Special thanks to:         #
#   - Jose Fernando R Bachega           |         - Fernando V Maluf          #
#   - Michele Silva                     |                                     #
#   - Luis Fernando S M Timmers         |                                     #
#   - Martin Field                      |         - Leonardo R Bachega        #
#   - Troy Wymore                       |         - Lucas Assirati            #
#   - Osmar Norberto de Souza           |         - Richard Garratt           #
#   - Walter R Paixao-Cortes            |                                     #
#                                                                             #
#   Cite this work as:                                                        #
#   J.F.R. Bachega, L.F.S.M. Timmers, L.Assirati, L.B. Bachega, M.J. Field,   #
#   T. Wymore. J. Comput. Chem. 2013, 34, 2190-2196. DOI: 10.1002/jcc.23346   #
#                                                                             #
#-----------------------------------------------------------------------------#

Generated on Wed Jun  5 17:25:58 2019


--------------------------------------------------------------------------------
                       Summary for System "Pruned System"
--------------------------------------------------------------------------------

---------------------------- Atom Container Summary ----------------------------
Number of Atoms        =           2173  Number of Heavy Atoms  =           1040
Number of Hydrogens    =           1133  Number of Unknowns     =              0
--------------------------------------------------------------------------------

----------------------------- Connectivity Summary -----------------------------
Atoms                  =           2173
--------------------------------------------------------------------------------

------------------------------- Electronic State -------------------------------
Charge                 =             -1  Multiplicity           =              1
--------------------------------------------------------------------------------

--------------------------------------------------------------------------------
                    Summary for Energy Model "AMBER/AM1/ABFS"
--------------------------------------------------------------------------------

----------------------------------- Summary for MM Model "AMBER" -----------------------------------
LJ 1-4 Scaling                   =          0.500  El. 1-4 Scaling                  =          0.833
Number of MM Atoms               =           2173  Number of MM Atom Types          =             37
Number of Inactive MM Atoms      =             33  Total MM Charge                  =          -4.00
Harmonic Bond Terms              =           2169  Harmonic Bond Parameters         =             49
Harmonic Bond Inactive           =           1308  Fourier Improper Terms           =            320
Fourier Improper Parameters      =              3  Fourier Improper Inactive        =            164
Harmonic Angle Terms             =           3403  Harmonic Angle Parameters        =            103
Harmonic Angle Inactive          =           1938  Fourier Dihedral Terms           =           6697
Fourier Dihedral Parameters      =             48  Fourier Dihedral Inactive        =           3453
Exclusions                       =          10377  1-4 Interactions                 =           4805
LJ Parameters Form               =          AMBER  LJ Parameters Types              =             21
1-4 Lennard-Jones Form           =          AMBER  1-4 Lennard-Jones Types          =             21
----------------------------------------------------------------------------------------------------

-------------------------- Summary for QC Model "AM1" --------------------------
Number of QC Atoms     =             39  Boundary Atoms         =              6
Nuclear Charge         =            129  Orbital Functions      =            108
Fitting Functions      =              0  Energy Base Line       =      188.36370
QC Parameter Centers   =              6
--------------------------------------------------------------------------------

----------------------------- ABFS NB Model Summary ----------------------------
Dielectric             =       1.000000  El. 1-4 Scaling        =       0.833333
Damping Cutoff         =       0.500000  Inner Cutoff           =       8.000000
List Cutoff            =      13.500000  Outer Cutoff           =      12.000000
QC/MM Coupling         =    RC Coupling  Use Centering          =          False
--------------------------------------------------------------------------------

-------------------------- Pairlist Generator Summary --------------------------
Cell Size              =          6.750  Cutoff                 =         13.500
Cutoff Cell Size Factor =          0.500  Grid Cell/Cell Method  =           True
Minimum Cell Extent    =              2  Minimum Cell Size      =          3.000
Minimum Extent Factor  =          1.500  Minimum Points         =            500
Sort Indices           =          False
--------------------------------------------------------------------------------

----------------------- SoftConstraint Container Summary -----------------------
Multiple Distance      =              2
--------------------------------------------------------------------------------

---------------------------- Hard Constraint Container Summary ---------------------------
Number of Charge Constraints  =            0  Number of Fixed Atoms         =         1351
------------------------------------------------------------------------------------------

------------------------------- Sequence Summary -------------------------------
Number of Atoms            =       2173  Number of Components       =        213
Number of Entities         =          1  Number of Linear Polymers  =          0
Number of Links            =          0  Number of Variants         =          0
--------------------------------------------------------------------------------

-------------------------------  Conjugate Gradient Minimizer Options ------------------------------
Beta Type                        =              1  Initial Step                     =            0.1
Line Searcher                    =           None  Log Frequency                    =              1
Maximum Iterations               =           5000  Maximum Theta                    =          1e+10
Minimum Theta                    =          1e-10  RMS Gradient Tolerance           =            0.1
Steepest Descent Tolerance       =          0.001  Use Spectral Theta               =           True
----------------------------------------------------------------------------------------------------

----------------------------------------------------------------------------------------------------------------
  Iteration       Function          RMS Gradient        Max. |Grad.|          RMS Disp.         Max. |Disp.|
----------------------------------------------------------------------------------------------------------------
     0     I      -9484.05969306         39.38140896       1526.60440891          0.00201374          0.07806183
     1   L1s      -9521.62189992          2.67906578         61.42775674          0.00077679          0.01777396
     2   L1s      -9521.92709143          2.08460375         57.11211671          0.00009233          0.00276408
     3   L1s      -9522.50683629          1.82702582         46.29919291          0.00028733          0.01011442
     4   L1s      -9523.14000533          1.05683566         27.06251471          0.00041578          0.00995128
     5   L1s      -9523.25069776          1.19924156         30.87336304          0.00011181          0.00220975
     6   L1s      -9523.31964364          0.73883547         20.75683891          0.00008360          0.00209064
     7   L1s      -9523.42340377          0.63875077         13.40519576          0.00017004          0.00394014
     8   L1s      -9523.53633681          0.74242771         19.75550564          0.00023432          0.00551433
     9   L1s      -9523.58182986          0.58356269         14.20516577          0.00010675          0.00219178
    10   L1s      -9523.59902218          0.43525946          8.58843713          0.00004687          0.00081078
    11   L1s      -9523.64116601          0.48471562         11.80543787          0.00013923          0.00248035
    12   L1s      -9523.65285609          0.42947216         11.12749728          0.00004326          0.00078156
    13   L1s      -9523.67987189          0.26907688          3.99047197          0.00011223          0.00190692
    14   L1s      -9523.69700220          0.27817494          4.57896300          0.00008773          0.00138933
    15   L0s      -9523.71135346          0.32577318          5.43522385          0.00008773          0.00128454
    16   L1s      -9523.71900870          0.36116318          9.11133375          0.00004984          0.00067430
    17   L1s      -9523.72813813          0.21914172          3.25236194          0.00006142          0.00077992
    18   L1s      -9523.73741514          0.23956281          5.80186806          0.00007123          0.00095410
    19   L1s      -9523.74139040          0.26172126          5.90495319          0.00003335          0.00045103
    20   L1s      -9523.75094048          0.19971167          4.20682703          0.00008542          0.00103072
    21   L1s      -9523.75828010          0.16837159          2.99526253          0.00007201          0.00109823
    22   L1s      -9523.76635394          0.25327400          4.98180385          0.00008821          0.00132007
    23   L1s      -9523.77031582          0.26856887          4.88735082          0.00004510          0.00064714
    24   L1s      -9523.77911529          0.20235517          2.93747830          0.00010363          0.00141450
    25   L0s      -9523.78732625          0.21072291          4.79315251          0.00010363          0.00137160
    26   L1s      -9523.79405531          0.17403437          2.01690781          0.00008855          0.00104913
    27   L1s      -9523.80311757          0.28784265          9.21482800          0.00012439          0.00146070
    28   L1s      -9523.80720772          0.21932307          3.54030869          0.00005732          0.00064515
    29   L1s      -9523.81590749          0.23069831          5.28289792          0.00012606          0.00130899
    30   L1s      -9523.81949989          0.26136059          7.20937194          0.00005357          0.00052150
    31   L1s      -9523.82806199          0.19554358          2.99549252          0.00013040          0.00118844
    32   L1s      -9523.83432013          0.16991474          3.41697018          0.00009874          0.00091085
    33   L0s      -9523.83979998          0.18004268          2.65855336          0.00009874          0.00086439
    34   L0s      -9523.84573733          0.16601005          2.59969812          0.00009874          0.00090757
    35   L1s      -9523.84818846          0.22722485          4.82349776          0.00003883          0.00035782
    36   L1s      -9523.85370987          0.16789980          1.89880187          0.00009362          0.00080747
    37   L1s      -9523.85992643          0.17834232          2.66146839          0.00010958          0.00093687
    38   L1s      -9523.86348072          0.22475994          6.67226365          0.00006469          0.00054752
    39   L0s      -9523.86685196          0.18053167          2.88972760          0.00006469          0.00055027
    40   L1s      -9523.87104533          0.17055476          2.95660198          0.00008390          0.00069754
    41   L1s      -9523.87358786          0.23097284          6.45722280          0.00005056          0.00040639
    42   L1s      -9523.87918869          0.15943328          2.69777700          0.00011311          0.00084151
    43   L0s      -9523.88441980          0.18062816          3.07270958          0.00011311          0.00091112
    44   L1s      -9523.88767532          0.22228892          6.86410741          0.00007122          0.00059951
    45   L0s      -9523.89102160          0.16187947          2.21406173          0.00007122          0.00063880
    46   L1s      -9523.89503012          0.19570149          4.12950105          0.00008634          0.00081525
    47   L1s      -9523.89749965          0.19464619          4.81903623          0.00005479          0.00054028
    48   L1s      -9523.90195085          0.15775520          2.13672389          0.00010047          0.00103712
    49   L1s      -9523.90715283          0.15824341          2.21393371          0.00012046          0.00127089
    50   L1s      -9523.91002748          0.22736877          6.34491877          0.00006817          0.00072307
    51   L1s      -9523.91336654          0.14579072          1.70180085          0.00008008          0.00084953
    52   L0s      -9523.91686959          0.17336609          4.09074671          0.00008008          0.00084273
    53   L1s      -9523.91935090          0.18661419          5.27830145          0.00005929          0.00061908
    54   L1s      -9523.92307124          0.16642530          2.17878844          0.00009620          0.00098887
    55   L1s      -9523.92925456          0.17641482          3.53121867          0.00016271          0.00163626
    56   L1s      -9523.93135046          0.20356978          4.10562536          0.00005599          0.00055302
    57   L1s      -9523.93654614          0.17270220          2.80597960          0.00014034          0.00134762
    58   L1s      -9523.94023165          0.19442354          4.71383266          0.00010103          0.00099076
    59   L1s      -9523.94269213          0.17496259          2.97266958          0.00006823          0.00069605
    60   L1s      -9523.94684258          0.15452873          2.26378343          0.00011670          0.00121953
    61   L0s      -9523.95100504          0.19219642          4.58498172          0.00011670          0.00122941
    62   L1s      -9523.95304349          0.17069794          2.76503384          0.00005821          0.00061844
    63   L1s      -9523.95750007          0.15687717          2.06018965          0.00013220          0.00140699
    64   L1s      -9523.96096348          0.22915520          7.51842949          0.00010429          0.00110219
    65   L0s      -9523.96447536          0.16126423          2.41103685          0.00010429          0.00106451
    66   L0s      -9523.96796241          0.14767024          2.73305383          0.00010429          0.00100302
    67   L1s      -9523.97025680          0.17795175          4.64019562          0.00007154          0.00066052
    68   L1s      -9523.97191766          0.11492734          1.31578393          0.00005187          0.00049910
    69   L1s      -9523.97576498          0.15228787          2.61113289          0.00012320          0.00121150
    70   L1s      -9523.97809999          0.19873227          6.17619628          0.00007579          0.00075416
    71   L1s      -9523.98122556          0.13942091          2.21558991          0.00010224          0.00103904
    72   L1s      -9523.98384995          0.16519287          3.27340282          0.00008720          0.00089710
    73   L1s      -9523.98581863          0.17879059          4.22183578          0.00006612          0.00068586
    74   L1s      -9523.98904315          0.12137738          1.96064036          0.00010930          0.00114321
    75   L0s      -9523.99200500          0.13872772          3.20724659          0.00010930          0.00114189
    76   L1s      -9523.99313811          0.14026935          3.69983358          0.00004164          0.00043254
    77   L1s      -9523.99540723          0.11560013          1.60315093          0.00007943          0.00081290
    78   L1s      -9523.99682765          0.14446506          4.42160308          0.00005070          0.00051334
    79   L0s      -9523.99822545          0.11527558          2.14981657          0.00005070          0.00050411
    80   L1s      -9524.00012458          0.10173390          1.11499539          0.00007029          0.00068171
    81   L0s      -9524.00211530          0.14313268          3.51132868          0.00007029          0.00067248
    82   L1s      -9524.00331412          0.11678655          1.97519237          0.00004433          0.00041683
    83   L1s      -9524.00542089          0.11484861          1.68865205          0.00008723          0.00080676
    84   L1s      -9524.00693616          0.14595504          4.13756973          0.00006364          0.00058332
    85   L0s      -9524.00842042          0.12399232          2.37282892          0.00006364          0.00057741
    86   L1s      -9524.01043454          0.11795539          1.61839530          0.00008773          0.00078899
    87   L1s      -9524.01164879          0.13930662          3.93578677          0.00005288          0.00047302
    88   L1s      -9524.01304281          0.09291004          1.12878164          0.00006125          0.00054227
----------------------------------------------------------------------------------------------------------------

Minimization converged.

-------------------  Conjugate Gradient Minimizer Statistics -------------------
Iterations             =             88  Function Calls         =            162
--------------------------------------------------------------------------------
