
#-----------------------------------------------------------------------------#
#                                                                             #
#                                EasyHybrid                                   #
#                   - A pDynamo graphical user interface -                    #
#                                                                             #
#-----------------------------------------------------------------------------#
#                                                                             #
#     Developed by Jose Fernando R Bachega and Luis Fernando S M Timmers      #
#                            <ferbachega@gmail.com>                           #
#                                                                             #
#             visit: https://sites.google.com/site/EasyHybrid/                #
#                   Univesity of Sao Paulo - SP, Brazil                       #
#      Pontifical Catholic University of Rio Grande do Sul - RS, Brazil       #
#                                                                             #
#                                                                             #
#   EasyHybrid team:                               Special thanks to:         #
#   - Jose Fernando R Bachega           |         - Fernando V Maluf          #
#   - Michele Silva                     |                                     #
#   - Luis Fernando S M Timmers         |                                     #
#   - Martin Field                      |         - Leonardo R Bachega        #
#   - Troy Wymore                       |         - Lucas Assirati            #
#   - Osmar Norberto de Souza           |         - Richard Garratt           #
#   - Walter R Paixao-Cortes            |                                     #
#                                                                             #
#   Cite this work as:                                                        #
#   J.F.R. Bachega, L.F.S.M. Timmers, L.Assirati, L.B. Bachega, M.J. Field,   #
#   T. Wymore. J. Comput. Chem. 2013, 34, 2190-2196. DOI: 10.1002/jcc.23346   #
#                                                                             #
#-----------------------------------------------------------------------------#

Generated on Wed Jun  5 17:30:16 2019


--------------------------------------------------------------------------------
                       Summary for System "Pruned System"
--------------------------------------------------------------------------------

---------------------------- Atom Container Summary ----------------------------
Number of Atoms        =           2173  Number of Heavy Atoms  =           1040
Number of Hydrogens    =           1133  Number of Unknowns     =              0
--------------------------------------------------------------------------------

----------------------------- Connectivity Summary -----------------------------
Atoms                  =           2173
--------------------------------------------------------------------------------

------------------------------- Electronic State -------------------------------
Charge                 =             -1  Multiplicity           =              1
--------------------------------------------------------------------------------

--------------------------------------------------------------------------------
                    Summary for Energy Model "AMBER/AM1/ABFS"
--------------------------------------------------------------------------------

----------------------------------- Summary for MM Model "AMBER" -----------------------------------
LJ 1-4 Scaling                   =          0.500  El. 1-4 Scaling                  =          0.833
Number of MM Atoms               =           2173  Number of MM Atom Types          =             37
Number of Inactive MM Atoms      =             33  Total MM Charge                  =          -4.00
Harmonic Bond Terms              =           2169  Harmonic Bond Parameters         =             49
Harmonic Bond Inactive           =           1308  Fourier Improper Terms           =            320
Fourier Improper Parameters      =              3  Fourier Improper Inactive        =            164
Harmonic Angle Terms             =           3403  Harmonic Angle Parameters        =            103
Harmonic Angle Inactive          =           1938  Fourier Dihedral Terms           =           6697
Fourier Dihedral Parameters      =             48  Fourier Dihedral Inactive        =           3453
Exclusions                       =          10377  1-4 Interactions                 =           4805
LJ Parameters Form               =          AMBER  LJ Parameters Types              =             21
1-4 Lennard-Jones Form           =          AMBER  1-4 Lennard-Jones Types          =             21
----------------------------------------------------------------------------------------------------

-------------------------- Summary for QC Model "AM1" --------------------------
Number of QC Atoms     =             39  Boundary Atoms         =              6
Nuclear Charge         =            129  Orbital Functions      =            108
Fitting Functions      =              0  Energy Base Line       =      188.36370
QC Parameter Centers   =              6
--------------------------------------------------------------------------------

----------------------------- ABFS NB Model Summary ----------------------------
Dielectric             =       1.000000  El. 1-4 Scaling        =       0.833333
Damping Cutoff         =       0.500000  Inner Cutoff           =       8.000000
List Cutoff            =      13.500000  Outer Cutoff           =      12.000000
QC/MM Coupling         =    RC Coupling  Use Centering          =          False
--------------------------------------------------------------------------------

-------------------------- Pairlist Generator Summary --------------------------
Cell Size              =          6.750  Cutoff                 =         13.500
Cutoff Cell Size Factor =          0.500  Grid Cell/Cell Method  =           True
Minimum Cell Extent    =              2  Minimum Cell Size      =          3.000
Minimum Extent Factor  =          1.500  Minimum Points         =            500
Sort Indices           =          False
--------------------------------------------------------------------------------

----------------------- SoftConstraint Container Summary -----------------------
Multiple Distance      =              2
--------------------------------------------------------------------------------

---------------------------- Hard Constraint Container Summary ---------------------------
Number of Charge Constraints  =            0  Number of Fixed Atoms         =         1351
------------------------------------------------------------------------------------------

------------------------------- Sequence Summary -------------------------------
Number of Atoms            =       2173  Number of Components       =        213
Number of Entities         =          1  Number of Linear Polymers  =          0
Number of Links            =          0  Number of Variants         =          0
--------------------------------------------------------------------------------

-------------------------------  Conjugate Gradient Minimizer Options ------------------------------
Beta Type                        =              1  Initial Step                     =            0.1
Line Searcher                    =           None  Log Frequency                    =              1
Maximum Iterations               =           5000  Maximum Theta                    =          1e+10
Minimum Theta                    =          1e-10  RMS Gradient Tolerance           =            0.1
Steepest Descent Tolerance       =          0.001  Use Spectral Theta               =           True
----------------------------------------------------------------------------------------------------

----------------------------------------------------------------------------------------------------------------
  Iteration       Function          RMS Gradient        Max. |Grad.|          RMS Disp.         Max. |Disp.|
----------------------------------------------------------------------------------------------------------------
     0     I      -9458.08599220         37.10221939       1366.56940375          0.00201374          0.07417119
     1   L1s      -9493.47868788          2.70251091         69.83420462          0.00076823          0.01871039
     2   L1s      -9495.27907331          3.04717643         71.40311438          0.00054239          0.01369575
     3   L1s      -9495.67968475          2.19926454         54.45161904          0.00015914          0.00406887
     4   L1s      -9496.26680997          1.18197011         30.39978684          0.00031924          0.00819389
     5   L1s      -9496.42705133          1.72591308         45.93814530          0.00014042          0.00393123
     6   L1s      -9496.66777481          1.14861253         18.53701510          0.00023994          0.00608911
     7   L1s      -9496.83404573          0.78970956         16.49782006          0.00020429          0.00464917
     8   L1s      -9496.91414785          0.85648939         22.82322455          0.00012801          0.00286713
     9   L1s      -9496.94778535          0.55088221         10.53312820          0.00006252          0.00123970
    10   L1s      -9496.98575724          0.46388896          7.61516267          0.00008995          0.00158711
    11   L1s      -9497.01136905          0.59999942         15.16688003          0.00007533          0.00158563
    12   L0s      -9497.03559394          0.45225199          9.77199650          0.00007533          0.00187877
    13   L1s      -9497.08825229          0.40271061          5.72295828          0.00018628          0.00518290
    14   L1s      -9497.11190245          0.71078787         18.94378791          0.00009745          0.00245849
    15   L1s      -9497.15711521          0.49553021          7.51640453          0.00019336          0.00502558
    16   L1s      -9497.19026813          0.50298893          9.88382481          0.00015207          0.00426885
    17   L1s      -9497.20586256          0.49031397          9.05494393          0.00007565          0.00197671
    18   L1s      -9497.23257964          0.34807988          4.57802776          0.00013709          0.00346553
    19   L1s      -9497.25178089          0.37382554          9.12072077          0.00010838          0.00299855
    20   L1s      -9497.26025285          0.32800334          6.95502311          0.00005112          0.00122216
    21   L1s      -9497.27092186          0.22216016          2.49971648          0.00006961          0.00160176
    22   L1s      -9497.28247120          0.27029720          5.57705555          0.00008648          0.00207718
    23   L1s      -9497.28667251          0.24582345          4.22716518          0.00003388          0.00067127
    24   L1s      -9497.29266632          0.16243686          2.41274493          0.00005222          0.00085437
    25   L1s      -9497.29619248          0.24141051          5.94947269          0.00003542          0.00064493
    26   L1s      -9497.30037265          0.19125744          3.96460403          0.00004428          0.00069208
    27   L1s      -9497.30473473          0.13272922          2.09646125          0.00004977          0.00071873
    28   L1s      -9497.30821385          0.17838230          5.37570273          0.00004503          0.00067345
    29   L1s      -9497.30990415          0.13774515          2.19310893          0.00002318          0.00030369
    30   L1s      -9497.31300210          0.11820209          1.51342282          0.00004625          0.00065635
    31   L1s      -9497.31498326          0.18612241          5.50509587          0.00003254          0.00042313
    32   L0s      -9497.31703315          0.10234688          1.20713765          0.00003254          0.00045418
    33   L0s      -9497.31907867          0.11960612          2.64922618          0.00003254          0.00059385
    34   L1s      -9497.32003651          0.12819753          3.08585190          0.00001695          0.00021499
    35   L1s      -9497.32221741          0.10711883          2.16646262          0.00004045          0.00049769
    36   L1s      -9497.32349169          0.13559473          3.09894802          0.00002552          0.00032693
    37   L0s      -9497.32460203          0.11732620          2.64977670          0.00002552          0.00030336
    38   L1s      -9497.32654127          0.10163461          1.46205841          0.00004738          0.00048933
    39   L1s      -9497.32801608          0.13171665          3.60947026          0.00003459          0.00036389
    40   L1s      -9497.32903548          0.10104622          1.52888639          0.00002472          0.00022926
    41   L1s      -9497.33082305          0.09661337          1.91197234          0.00004565          0.00043613
----------------------------------------------------------------------------------------------------------------

Minimization converged.

-------------------  Conjugate Gradient Minimizer Statistics -------------------
Iterations             =             41  Function Calls         =             79
--------------------------------------------------------------------------------
