
#-----------------------------------------------------------------------------#
#                                                                             #
#                                EasyHybrid                                   #
#                   - A pDynamo graphical user interface -                    #
#                                                                             #
#-----------------------------------------------------------------------------#
#                                                                             #
#     Developed by Jose Fernando R Bachega and Luis Fernando S M Timmers      #
#                            <ferbachega@gmail.com>                           #
#                                                                             #
#             visit: https://sites.google.com/site/EasyHybrid/                #
#                   Univesity of Sao Paulo - SP, Brazil                       #
#      Pontifical Catholic University of Rio Grande do Sul - RS, Brazil       #
#                                                                             #
#                                                                             #
#   EasyHybrid team:                               Special thanks to:         #
#   - Jose Fernando R Bachega           |         - Fernando V Maluf          #
#   - Michele Silva                     |                                     #
#   - Luis Fernando S M Timmers         |                                     #
#   - Martin Field                      |         - Leonardo R Bachega        #
#   - Troy Wymore                       |         - Lucas Assirati            #
#   - Osmar Norberto de Souza           |         - Richard Garratt           #
#   - Walter R Paixao-Cortes            |                                     #
#                                                                             #
#   Cite this work as:                                                        #
#   J.F.R. Bachega, L.F.S.M. Timmers, L.Assirati, L.B. Bachega, M.J. Field,   #
#   T. Wymore. J. Comput. Chem. 2013, 34, 2190-2196. DOI: 10.1002/jcc.23346   #
#                                                                             #
#-----------------------------------------------------------------------------#

Generated on Wed Jun  5 17:29:17 2019


--------------------------------------------------------------------------------
                       Summary for System "Pruned System"
--------------------------------------------------------------------------------

---------------------------- Atom Container Summary ----------------------------
Number of Atoms        =           2173  Number of Heavy Atoms  =           1040
Number of Hydrogens    =           1133  Number of Unknowns     =              0
--------------------------------------------------------------------------------

----------------------------- Connectivity Summary -----------------------------
Atoms                  =           2173
--------------------------------------------------------------------------------

------------------------------- Electronic State -------------------------------
Charge                 =             -1  Multiplicity           =              1
--------------------------------------------------------------------------------

--------------------------------------------------------------------------------
                    Summary for Energy Model "AMBER/AM1/ABFS"
--------------------------------------------------------------------------------

----------------------------------- Summary for MM Model "AMBER" -----------------------------------
LJ 1-4 Scaling                   =          0.500  El. 1-4 Scaling                  =          0.833
Number of MM Atoms               =           2173  Number of MM Atom Types          =             37
Number of Inactive MM Atoms      =             33  Total MM Charge                  =          -4.00
Harmonic Bond Terms              =           2169  Harmonic Bond Parameters         =             49
Harmonic Bond Inactive           =           1308  Fourier Improper Terms           =            320
Fourier Improper Parameters      =              3  Fourier Improper Inactive        =            164
Harmonic Angle Terms             =           3403  Harmonic Angle Parameters        =            103
Harmonic Angle Inactive          =           1938  Fourier Dihedral Terms           =           6697
Fourier Dihedral Parameters      =             48  Fourier Dihedral Inactive        =           3453
Exclusions                       =          10377  1-4 Interactions                 =           4805
LJ Parameters Form               =          AMBER  LJ Parameters Types              =             21
1-4 Lennard-Jones Form           =          AMBER  1-4 Lennard-Jones Types          =             21
----------------------------------------------------------------------------------------------------

-------------------------- Summary for QC Model "AM1" --------------------------
Number of QC Atoms     =             39  Boundary Atoms         =              6
Nuclear Charge         =            129  Orbital Functions      =            108
Fitting Functions      =              0  Energy Base Line       =      188.36370
QC Parameter Centers   =              6
--------------------------------------------------------------------------------

----------------------------- ABFS NB Model Summary ----------------------------
Dielectric             =       1.000000  El. 1-4 Scaling        =       0.833333
Damping Cutoff         =       0.500000  Inner Cutoff           =       8.000000
List Cutoff            =      13.500000  Outer Cutoff           =      12.000000
QC/MM Coupling         =    RC Coupling  Use Centering          =          False
--------------------------------------------------------------------------------

-------------------------- Pairlist Generator Summary --------------------------
Cell Size              =          6.750  Cutoff                 =         13.500
Cutoff Cell Size Factor =          0.500  Grid Cell/Cell Method  =           True
Minimum Cell Extent    =              2  Minimum Cell Size      =          3.000
Minimum Extent Factor  =          1.500  Minimum Points         =            500
Sort Indices           =          False
--------------------------------------------------------------------------------

----------------------- SoftConstraint Container Summary -----------------------
Multiple Distance      =              2
--------------------------------------------------------------------------------

---------------------------- Hard Constraint Container Summary ---------------------------
Number of Charge Constraints  =            0  Number of Fixed Atoms         =         1351
------------------------------------------------------------------------------------------

------------------------------- Sequence Summary -------------------------------
Number of Atoms            =       2173  Number of Components       =        213
Number of Entities         =          1  Number of Linear Polymers  =          0
Number of Links            =          0  Number of Variants         =          0
--------------------------------------------------------------------------------

-------------------------------  Conjugate Gradient Minimizer Options ------------------------------
Beta Type                        =              1  Initial Step                     =            0.1
Line Searcher                    =           None  Log Frequency                    =              1
Maximum Iterations               =           5000  Maximum Theta                    =          1e+10
Minimum Theta                    =          1e-10  RMS Gradient Tolerance           =            0.1
Steepest Descent Tolerance       =          0.001  Use Spectral Theta               =           True
----------------------------------------------------------------------------------------------------

----------------------------------------------------------------------------------------------------------------
  Iteration       Function          RMS Gradient        Max. |Grad.|          RMS Disp.         Max. |Disp.|
----------------------------------------------------------------------------------------------------------------
     0     I      -9492.46623228         39.08404234       1478.15621174          0.00201374          0.07615954
     1   L1s      -9529.68060782          2.84660006         73.15546826          0.00076517          0.01951547
     2   L1s      -9530.08016966          2.71960164         66.20552161          0.00011416          0.00374909
     3   L1s      -9531.13101449          1.53151296         40.74302661          0.00043351          0.01089909
     4   L1s      -9531.50745004          1.01987175         23.52092240          0.00025181          0.00518302
     5   L0s      -9531.73391683          1.43952709         25.95261499          0.00025181          0.00526209
     6   L1s      -9531.87775850          1.47197201         40.04868702          0.00017224          0.00359500
     7   L1s      -9532.04478655          0.85174044         18.84115027          0.00021213          0.00449390
     8   L0s      -9532.17111230          0.83292913         16.55869611          0.00021213          0.00472530
     9   L1s      -9532.21949880          0.83656459         21.70457105          0.00009255          0.00226208
    10   L1s      -9532.25837748          0.55617726          9.01311978          0.00008026          0.00205661
    11   L1s      -9532.33146168          0.54116832         10.36769773          0.00018475          0.00510501
    12   L1s      -9532.36750792          0.80836273         28.75091384          0.00010588          0.00263937
    13   L1s      -9532.41070601          0.47397417          8.28727252          0.00013398          0.00350228
    14   L1s      -9532.45390461          0.71519071         23.01677197          0.00015320          0.00399527
    15   L1s      -9532.48497431          0.68592427         14.79248098          0.00011558          0.00301533
    16   L1s      -9532.54897379          0.57961871         12.23425243          0.00024972          0.00642744
    17   L1s      -9532.60311979          0.56930835          9.73168443          0.00022424          0.00580828
    18   L0s      -9532.65336520          0.91071319         21.73314356          0.00022424          0.00553702
    19   L1s      -9532.69414578          0.53877501          8.29011526          0.00018315          0.00458268
    20   L1s      -9532.74987956          0.55062805          8.93780975          0.00025151          0.00651914
    21   L1s      -9532.78711204          0.85434818         21.67467645          0.00017609          0.00473341
    22   L1s      -9532.84643540          0.56456842          7.20819686          0.00028619          0.00779194
    23   L1s      -9532.91884514          0.51403327         11.11987432          0.00037062          0.01040912
    24   L1s      -9532.95403033          0.47134117          9.64136386          0.00018706          0.00533318
    25   L0s      -9532.99082070          0.64979662         20.34009074          0.00018706          0.00537336
    26   L1s      -9533.01396960          0.40688221          7.31833534          0.00012665          0.00362087
    27   L1s      -9533.04690480          0.48174969          8.91815770          0.00023416          0.00702291
    28   L1s      -9533.06308587          0.50947992         12.26827049          0.00011784          0.00342243
    29   L1s      -9533.09128595          0.45456058          7.79900663          0.00021045          0.00632910
    30   L0s      -9533.11743611          0.49792988          8.14681738          0.00021045          0.00626055
    31   L1s      -9533.13387123          0.54552341         14.20687184          0.00013373          0.00406055
    32   L1s      -9533.16886919          0.35302032          4.07663480          0.00027809          0.00850516
    33   L1s      -9533.18401386          0.48765862         12.28734213          0.00012647          0.00380203
    34   L1s      -9533.20222425          0.46116138         10.76060564          0.00015510          0.00462969
    35   L1s      -9533.23434217          0.47308749          6.54081043          0.00027939          0.00827305
    36   L1s      -9533.25513327          0.59080129         12.09225435          0.00018425          0.00523711
    37   L1s      -9533.28013166          0.39972636          5.37632763          0.00022440          0.00627792
    38   L1s      -9533.31111282          0.46115409          8.05550603          0.00028472          0.00755817
    39   L1s      -9533.32566060          0.48510114         10.28210543          0.00013676          0.00367317
    40   L1s      -9533.34922468          0.38627354          7.74378212          0.00022518          0.00574377
    41   L1s      -9533.36614170          0.44029901         13.18834844          0.00016633          0.00424948
    42   L1s      -9533.37931810          0.42824612          6.84863714          0.00013111          0.00331553
    43   L1s      -9533.40419673          0.32649149          6.92023538          0.00025196          0.00625821
    44   L1s      -9533.41709407          0.43316876         12.98777871          0.00013453          0.00331862
    45   L1s      -9533.42822872          0.31801572          4.62077711          0.00011795          0.00282393
    46   L1s      -9533.44653580          0.38014136          7.46367652          0.00019974          0.00486029
    47   L1s      -9533.45658625          0.37174369          7.63115347          0.00011179          0.00260145
    48   L1s      -9533.46872019          0.31209046          5.89440396          0.00013744          0.00321746
    49   L1s      -9533.48344135          0.32146246          6.56443793          0.00017155          0.00388245
    50   L1s      -9533.48954263          0.31423494          8.48737676          0.00007249          0.00163049
    51   L1s      -9533.50319708          0.27033941          4.48377045          0.00016596          0.00358362
    52   L1s      -9533.51245956          0.36286128         10.36771031          0.00011565          0.00238982
    53   L0s      -9533.52147458          0.31069565          6.40615688          0.00011565          0.00229679
    54   L1s      -9533.53401666          0.29323767          4.24602896          0.00016477          0.00313227
    55   L1s      -9533.54203575          0.34900383          8.41845272          0.00010632          0.00188414
    56   L0s      -9533.54994715          0.23007439          3.09699027          0.00010632          0.00182750
    57   L1s      -9533.55931351          0.26928622          5.61574564          0.00012991          0.00231020
    58   L1s      -9533.56480985          0.29102049          5.15246837          0.00007804          0.00127146
    59   L1s      -9533.57235080          0.22667697          3.11097888          0.00010909          0.00169399
    60   L0s      -9533.57952963          0.29088085          8.17386108          0.00010909          0.00162994
    61   L1s      -9533.58410775          0.22229281          3.91012053          0.00007018          0.00097125
    62   L1s      -9533.59085048          0.20336929          3.19898495          0.00010304          0.00136543
    63   L0s      -9533.59675610          0.30714982          8.80352708          0.00010304          0.00134063
    64   L1s      -9533.60151725          0.23846195          3.30393103          0.00007938          0.00101613
    65   L1s      -9533.61150887          0.23968788          4.00969659          0.00014636          0.00201808
    66   L1s      -9533.61619848          0.26955159          8.35163465          0.00007050          0.00086998
    67   L1s      -9533.62204901          0.21570446          3.38622880          0.00008969          0.00115840
    68   L1s      -9533.62993069          0.17509663          2.19742694          0.00012439          0.00155417
    69   L1s      -9533.63436614          0.26498345          8.11279927          0.00007293          0.00092143
    70   L1s      -9533.63807546          0.17305767          2.77056222          0.00006203          0.00075983
    71   L1s      -9533.64509048          0.17248876          2.31599331          0.00012183          0.00147700
    72   L1s      -9533.65073656          0.21445566          4.59944725          0.00010158          0.00110813
    73   L1s      -9533.65371336          0.21129753          4.75299242          0.00005472          0.00060339
    74   L1s      -9533.65781974          0.15861922          3.09125167          0.00007712          0.00076052
    75   L0s      -9533.66145346          0.24302710          6.63871634          0.00007712          0.00077720
    76   L1s      -9533.66442169          0.17598332          2.99007028          0.00006063          0.00064591
    77   L1s      -9533.66852923          0.12915195          1.91210776          0.00007403          0.00070518
    78   L1s      -9533.67200963          0.20792717          4.73099090          0.00006641          0.00060350
    79   L1s      -9533.67423899          0.15087575          2.25627106          0.00004342          0.00039542
    80   L1s      -9533.67812379          0.15935574          3.02781348          0.00007849          0.00068245
    81   L1s      -9533.68000675          0.18316733          4.48953318          0.00003924          0.00034026
    82   L1s      -9533.68294683          0.13897988          2.45005436          0.00006263          0.00057101
    83   L1s      -9533.68710505          0.15103573          2.45272846          0.00009185          0.00087114
    84   L1s      -9533.68970485          0.21135961          6.46992391          0.00005910          0.00055804
    85   L1s      -9533.69263552          0.14200765          1.94896509          0.00006756          0.00064389
    86   L1s      -9533.69625901          0.18522135          4.22960097          0.00008607          0.00081560
    87   L1s      -9533.69815586          0.16989339          3.58293292          0.00004581          0.00042830
    88   L1s      -9533.70268316          0.13539593          2.62606236          0.00011147          0.00100497
    89   L1s      -9533.70606159          0.17054733          2.97528151          0.00008562          0.00075116
    90   L1s      -9533.70795229          0.16940282          3.72710334          0.00004874          0.00041524
    91   L1s      -9533.71084292          0.14079512          2.96350807          0.00007578          0.00067003
    92   L1s      -9533.71405951          0.21705468          6.15478525          0.00008636          0.00077990
    93   L1s      -9533.71652393          0.14677080          2.05025679          0.00006681          0.00061380
    94   L1s      -9533.72104362          0.13592566          1.54162455          0.00012502          0.00111972
    95   L1s      -9533.72420696          0.21413702          6.70006984          0.00008951          0.00078091
    96   L1s      -9533.72663414          0.13539369          2.12610489          0.00006929          0.00054896
    97   L0s      -9533.72915293          0.12365241          2.44302718          0.00006929          0.00049277
    98   L1s      -9533.73040303          0.15492906          4.20455707          0.00003505          0.00025624
    99   L1s      -9533.73305292          0.12718968          1.93991358          0.00007829          0.00057367
   100   L1s      -9533.73619151          0.13036458          2.01418594          0.00009486          0.00068889
   101   L1s      -9533.73787530          0.17499573          4.94536037          0.00005195          0.00037961
   102   L1s      -9533.74034055          0.12438129          1.92926603          0.00007692          0.00057427
   103   L1s      -9533.74327958          0.13614012          2.14093200          0.00009367          0.00070560
   104   L1s      -9533.74457145          0.15882526          3.93054731          0.00004189          0.00032214
   105   L1s      -9533.74732700          0.11940839          2.66127333          0.00009046          0.00070971
   106   L1s      -9533.74945222          0.13426529          3.13322451          0.00007122          0.00056390
   107   L1s      -9533.75061663          0.13362714          2.77424877          0.00003966          0.00031631
   108   L1s      -9533.75277263          0.10626896          1.90482136          0.00007460          0.00060035
   109   L1s      -9533.75512145          0.11588497          2.13962529          0.00008322          0.00066417
   110   L1s      -9533.75598762          0.12665565          3.10628831          0.00003128          0.00024696
   111   L1s      -9533.75789055          0.10303912          1.39359345          0.00006979          0.00053644
   112   L1s      -9533.75946148          0.15540443          4.83634857          0.00005892          0.00046049
   113   L1s      -9533.76084458          0.10798072          1.51666503          0.00005238          0.00042221
   114   L1s      -9533.76301153          0.10318585          1.80552725          0.00008366          0.00065933
   115   L1s      -9533.76464497          0.12740997          3.40738107          0.00006435          0.00050331
   116   L1s      -9533.76565835          0.12366798          2.94109615          0.00004044          0.00031879
   117   L1s      -9533.76794976          0.10143541          1.26084718          0.00009270          0.00078529
   118   L1s      -9533.76917634          0.14992606          4.49773036          0.00005059          0.00043621
   119   L1s      -9533.77053908          0.08876136          1.41522401          0.00005668          0.00048597
----------------------------------------------------------------------------------------------------------------

Minimization converged.

-------------------  Conjugate Gradient Minimizer Statistics -------------------
Iterations             =            119  Function Calls         =            228
--------------------------------------------------------------------------------
