
#-----------------------------------------------------------------------------#
#                                                                             #
#                                EasyHybrid                                   #
#                   - A pDynamo graphical user interface -                    #
#                                                                             #
#-----------------------------------------------------------------------------#
#                                                                             #
#     Developed by Jose Fernando R Bachega and Luis Fernando S M Timmers      #
#                            <ferbachega@gmail.com>                           #
#                                                                             #
#             visit: https://sites.google.com/site/EasyHybrid/                #
#                   Univesity of Sao Paulo - SP, Brazil                       #
#      Pontifical Catholic University of Rio Grande do Sul - RS, Brazil       #
#                                                                             #
#                                                                             #
#   EasyHybrid team:                               Special thanks to:         #
#   - Jose Fernando R Bachega           |         - Fernando V Maluf          #
#   - Michele Silva                     |                                     #
#   - Luis Fernando S M Timmers         |                                     #
#   - Martin Field                      |         - Leonardo R Bachega        #
#   - Troy Wymore                       |         - Lucas Assirati            #
#   - Osmar Norberto de Souza           |         - Richard Garratt           #
#   - Walter R Paixao-Cortes            |                                     #
#                                                                             #
#   Cite this work as:                                                        #
#   J.F.R. Bachega, L.F.S.M. Timmers, L.Assirati, L.B. Bachega, M.J. Field,   #
#   T. Wymore. J. Comput. Chem. 2013, 34, 2190-2196. DOI: 10.1002/jcc.23346   #
#                                                                             #
#-----------------------------------------------------------------------------#

Generated on Wed Jun  5 17:27:44 2019


--------------------------------------------------------------------------------
                       Summary for System "Pruned System"
--------------------------------------------------------------------------------

---------------------------- Atom Container Summary ----------------------------
Number of Atoms        =           2173  Number of Heavy Atoms  =           1040
Number of Hydrogens    =           1133  Number of Unknowns     =              0
--------------------------------------------------------------------------------

----------------------------- Connectivity Summary -----------------------------
Atoms                  =           2173
--------------------------------------------------------------------------------

------------------------------- Electronic State -------------------------------
Charge                 =             -1  Multiplicity           =              1
--------------------------------------------------------------------------------

--------------------------------------------------------------------------------
                    Summary for Energy Model "AMBER/AM1/ABFS"
--------------------------------------------------------------------------------

----------------------------------- Summary for MM Model "AMBER" -----------------------------------
LJ 1-4 Scaling                   =          0.500  El. 1-4 Scaling                  =          0.833
Number of MM Atoms               =           2173  Number of MM Atom Types          =             37
Number of Inactive MM Atoms      =             33  Total MM Charge                  =          -4.00
Harmonic Bond Terms              =           2169  Harmonic Bond Parameters         =             49
Harmonic Bond Inactive           =           1308  Fourier Improper Terms           =            320
Fourier Improper Parameters      =              3  Fourier Improper Inactive        =            164
Harmonic Angle Terms             =           3403  Harmonic Angle Parameters        =            103
Harmonic Angle Inactive          =           1938  Fourier Dihedral Terms           =           6697
Fourier Dihedral Parameters      =             48  Fourier Dihedral Inactive        =           3453
Exclusions                       =          10377  1-4 Interactions                 =           4805
LJ Parameters Form               =          AMBER  LJ Parameters Types              =             21
1-4 Lennard-Jones Form           =          AMBER  1-4 Lennard-Jones Types          =             21
----------------------------------------------------------------------------------------------------

-------------------------- Summary for QC Model "AM1" --------------------------
Number of QC Atoms     =             39  Boundary Atoms         =              6
Nuclear Charge         =            129  Orbital Functions      =            108
Fitting Functions      =              0  Energy Base Line       =      188.36370
QC Parameter Centers   =              6
--------------------------------------------------------------------------------

----------------------------- ABFS NB Model Summary ----------------------------
Dielectric             =       1.000000  El. 1-4 Scaling        =       0.833333
Damping Cutoff         =       0.500000  Inner Cutoff           =       8.000000
List Cutoff            =      13.500000  Outer Cutoff           =      12.000000
QC/MM Coupling         =    RC Coupling  Use Centering          =          False
--------------------------------------------------------------------------------

-------------------------- Pairlist Generator Summary --------------------------
Cell Size              =          6.750  Cutoff                 =         13.500
Cutoff Cell Size Factor =          0.500  Grid Cell/Cell Method  =           True
Minimum Cell Extent    =              2  Minimum Cell Size      =          3.000
Minimum Extent Factor  =          1.500  Minimum Points         =            500
Sort Indices           =          False
--------------------------------------------------------------------------------

----------------------- SoftConstraint Container Summary -----------------------
Multiple Distance      =              2
--------------------------------------------------------------------------------

---------------------------- Hard Constraint Container Summary ---------------------------
Number of Charge Constraints  =            0  Number of Fixed Atoms         =         1351
------------------------------------------------------------------------------------------

------------------------------- Sequence Summary -------------------------------
Number of Atoms            =       2173  Number of Components       =        213
Number of Entities         =          1  Number of Linear Polymers  =          0
Number of Links            =          0  Number of Variants         =          0
--------------------------------------------------------------------------------

-------------------------------  Conjugate Gradient Minimizer Options ------------------------------
Beta Type                        =              1  Initial Step                     =            0.1
Line Searcher                    =           None  Log Frequency                    =              1
Maximum Iterations               =           5000  Maximum Theta                    =          1e+10
Minimum Theta                    =          1e-10  RMS Gradient Tolerance           =            0.1
Steepest Descent Tolerance       =          0.001  Use Spectral Theta               =           True
----------------------------------------------------------------------------------------------------

----------------------------------------------------------------------------------------------------------------
  Iteration       Function          RMS Gradient        Max. |Grad.|          RMS Disp.         Max. |Disp.|
----------------------------------------------------------------------------------------------------------------
     0     I      -9479.05311914         39.32119505       1485.27729846          0.00201374          0.07606490
     1   L1s      -9517.35108399          3.08338221         88.65367505          0.00078438          0.02240002
     2   L1s      -9517.70552286          2.14962979         60.07997913          0.00009354          0.00308788
     3   L1s      -9518.53532689          1.42472751         36.91084763          0.00038249          0.00941235
     4   L1s      -9518.83793721          0.84183287         18.08719871          0.00022072          0.00465673
     5   L1s      -9518.99344023          0.91991082         20.95414139          0.00018812          0.00403722
     6   L1s      -9519.10148072          1.05962015         29.68851459          0.00016201          0.00333888
     7   L1s      -9519.15701912          0.70675921         14.68946318          0.00009365          0.00158522
     8   L1s      -9519.22782605          0.76757279         20.63569939          0.00014446          0.00232429
     9   L1s      -9519.25929397          0.61547753         13.16253968          0.00007233          0.00132717
    10   L1s      -9519.29246873          0.42331250          7.05809079          0.00008787          0.00140624
    11   L1s      -9519.34104185          0.38143650          6.07837846          0.00015868          0.00258272
    12   L1s      -9519.37170042          0.34457878          6.93599583          0.00011945          0.00165216
    13   L1s      -9519.38224484          0.43969821         12.74969741          0.00004797          0.00080067
    14   L1s      -9519.39856841          0.33568194          6.22267766          0.00008015          0.00123985
    15   L1s      -9519.41649864          0.55575067         16.08664505          0.00009806          0.00151747
    16   L0s      -9519.43403331          0.32661848          4.33485760          0.00009806          0.00155621
    17   L1s      -9519.45456249          0.32682433          6.42874198          0.00012337          0.00216913
    18   L0s      -9519.47513299          0.29203713          4.49843336          0.00012337          0.00230924
    19   L1s      -9519.48322216          0.37945602         10.66710146          0.00005307          0.00105125
    20   L1s      -9519.49381344          0.29160083          4.27571605          0.00007646          0.00153605
    21   L1s      -9519.51165381          0.41815478         11.91572506          0.00013803          0.00301922
    22   L1s      -9519.52099123          0.33070466          6.06809763          0.00007442          0.00155371
    23   L1s      -9519.54289199          0.25754358          4.76893628          0.00018271          0.00363761
    24   L1s      -9519.54952103          0.37549573          8.48342576          0.00005913          0.00123985
    25   L1s      -9519.55969011          0.23662026          4.09125100          0.00009334          0.00188761
    26   L0s      -9519.56897553          0.20805163          4.01114874          0.00009334          0.00178095
    27   L1s      -9519.57486332          0.26477160          7.31252758          0.00006363          0.00130937
    28   L1s      -9519.57854091          0.20522491          3.64849629          0.00004075          0.00078591
    29   L1s      -9519.58406971          0.20418941          4.01844541          0.00006502          0.00122493
    30   L1s      -9519.58730690          0.23687032          4.99430644          0.00004017          0.00080477
    31   L1s      -9519.59330497          0.18477914          3.92825192          0.00007721          0.00152317
    32   L0s      -9519.59949216          0.13971475          1.85697039          0.00007721          0.00149937
    33   L1s      -9519.60129432          0.20549706          6.27211022          0.00002369          0.00043417
    34   L1s      -9519.60628724          0.17216929          2.34868770          0.00007094          0.00125604
    35   L1s      -9519.61256404          0.19096637          3.33178720          0.00009395          0.00153157
    36   L1s      -9519.61630588          0.24228921          5.54908265          0.00005822          0.00097874
    37   L1s      -9519.62054329          0.18189968          2.63283089          0.00006743          0.00108716
    38   L1s      -9519.62582043          0.23773888          5.78306426          0.00008727          0.00132269
    39   L1s      -9519.62883677          0.20071489          3.88064727          0.00005092          0.00077719
    40   L1s      -9519.63406727          0.15448241          2.17540110          0.00009081          0.00131108
    41   L1s      -9519.64008808          0.16710621          2.23401119          0.00010939          0.00157792
    42   L1s      -9519.64284649          0.22036982          5.53955488          0.00005181          0.00071631
    43   L1s      -9519.64597180          0.15841817          2.78820974          0.00005982          0.00077158
    44   L1s      -9519.64970645          0.17037344          2.52427103          0.00007405          0.00100125
    45   L1s      -9519.65205312          0.19649938          4.31491430          0.00004782          0.00058708
    46   L1s      -9519.65590266          0.13910627          1.81194188          0.00008006          0.00096220
    47   L1s      -9519.66023787          0.15085400          2.95638403          0.00009375          0.00105386
    48   L1s      -9519.66138191          0.14193429          3.87744761          0.00002547          0.00028308
    49   L1s      -9519.66436379          0.11005080          1.39978854          0.00006856          0.00068910
    50   L0s      -9519.66745980          0.13505992          2.55565283          0.00006856          0.00068264
    51   L1s      -9519.66936513          0.17765925          4.77445037          0.00004516          0.00045294
    52   L1s      -9519.67198154          0.14712964          3.41638824          0.00006633          0.00070138
    53   L0s      -9519.67465233          0.16749114          4.77877484          0.00006633          0.00072149
    54   L1s      -9519.67626161          0.13443849          2.87568712          0.00004117          0.00046266
    55   L1s      -9519.67962607          0.12591930          1.57141267          0.00009422          0.00105376
    56   L1s      -9519.68347595          0.12945382          1.40374901          0.00011068          0.00119014
    57   L1s      -9519.68549207          0.18542468          5.28084609          0.00005930          0.00062011
    58   L1s      -9519.68786975          0.13291342          2.05797895          0.00007071          0.00068619
    59   L0s      -9519.69026572          0.15986627          4.53061107          0.00007071          0.00064726
    60   L1s      -9519.69166708          0.12260724          2.27749574          0.00004235          0.00035278
    61   L1s      -9519.69388617          0.12147686          1.73017183          0.00007185          0.00063432
    62   L1s      -9519.69760211          0.13548576          2.48840243          0.00012283          0.00107209
    63   L1s      -9519.69941210          0.17706454          5.31066171          0.00006081          0.00052086
    64   L1s      -9519.70196163          0.13472107          2.27737542          0.00008645          0.00075141
    65   L1s      -9519.70423873          0.16222650          4.67756142          0.00007843          0.00069265
    66   L1s      -9519.70565076          0.12706239          2.28847765          0.00004913          0.00044230
    67   L1s      -9519.70819666          0.11169621          1.75791630          0.00009007          0.00081554
    68   L1s      -9519.71039545          0.11813802          1.91181040          0.00007940          0.00071874
    69   L1s      -9519.71189270          0.16367195          4.30768602          0.00005504          0.00049956
    70   L1s      -9519.71412607          0.11597230          1.83693386          0.00008285          0.00076654
    71   L1s      -9519.71608042          0.16140678          4.05295243          0.00007377          0.00069520
    72   L1s      -9519.71737737          0.10907624          1.63226663          0.00004938          0.00048883
    73   L1s      -9519.72016537          0.11950886          2.34848141          0.00010819          0.00112017
    74   L1s      -9519.72222229          0.12524550          3.01788320          0.00008099          0.00086722
    75   L1s      -9519.72340072          0.13101997          3.37634731          0.00004702          0.00051573
    76   L1s      -9519.72499490          0.09889833          1.24073234          0.00006437          0.00072443
----------------------------------------------------------------------------------------------------------------

Minimization converged.

-------------------  Conjugate Gradient Minimizer Statistics -------------------
Iterations             =             76  Function Calls         =            146
--------------------------------------------------------------------------------
