
#-----------------------------------------------------------------------------#
#                                                                             #
#                                EasyHybrid                                   #
#                   - A pDynamo graphical user interface -                    #
#                                                                             #
#-----------------------------------------------------------------------------#
#                                                                             #
#     Developed by Jose Fernando R Bachega and Luis Fernando S M Timmers      #
#                            <ferbachega@gmail.com>                           #
#                                                                             #
#             visit: https://sites.google.com/site/EasyHybrid/                #
#                   Univesity of Sao Paulo - SP, Brazil                       #
#      Pontifical Catholic University of Rio Grande do Sul - RS, Brazil       #
#                                                                             #
#                                                                             #
#   EasyHybrid team:                               Special thanks to:         #
#   - Jose Fernando R Bachega           |         - Fernando V Maluf          #
#   - Michele Silva                     |                                     #
#   - Luis Fernando S M Timmers         |                                     #
#   - Martin Field                      |         - Leonardo R Bachega        #
#   - Troy Wymore                       |         - Lucas Assirati            #
#   - Osmar Norberto de Souza           |         - Richard Garratt           #
#   - Walter R Paixao-Cortes            |                                     #
#                                                                             #
#   Cite this work as:                                                        #
#   J.F.R. Bachega, L.F.S.M. Timmers, L.Assirati, L.B. Bachega, M.J. Field,   #
#   T. Wymore. J. Comput. Chem. 2013, 34, 2190-2196. DOI: 10.1002/jcc.23346   #
#                                                                             #
#-----------------------------------------------------------------------------#

Generated on Wed Jun  5 17:28:13 2019


--------------------------------------------------------------------------------
                       Summary for System "Pruned System"
--------------------------------------------------------------------------------

---------------------------- Atom Container Summary ----------------------------
Number of Atoms        =           2173  Number of Heavy Atoms  =           1040
Number of Hydrogens    =           1133  Number of Unknowns     =              0
--------------------------------------------------------------------------------

----------------------------- Connectivity Summary -----------------------------
Atoms                  =           2173
--------------------------------------------------------------------------------

------------------------------- Electronic State -------------------------------
Charge                 =             -1  Multiplicity           =              1
--------------------------------------------------------------------------------

--------------------------------------------------------------------------------
                    Summary for Energy Model "AMBER/AM1/ABFS"
--------------------------------------------------------------------------------

----------------------------------- Summary for MM Model "AMBER" -----------------------------------
LJ 1-4 Scaling                   =          0.500  El. 1-4 Scaling                  =          0.833
Number of MM Atoms               =           2173  Number of MM Atom Types          =             37
Number of Inactive MM Atoms      =             33  Total MM Charge                  =          -4.00
Harmonic Bond Terms              =           2169  Harmonic Bond Parameters         =             49
Harmonic Bond Inactive           =           1308  Fourier Improper Terms           =            320
Fourier Improper Parameters      =              3  Fourier Improper Inactive        =            164
Harmonic Angle Terms             =           3403  Harmonic Angle Parameters        =            103
Harmonic Angle Inactive          =           1938  Fourier Dihedral Terms           =           6697
Fourier Dihedral Parameters      =             48  Fourier Dihedral Inactive        =           3453
Exclusions                       =          10377  1-4 Interactions                 =           4805
LJ Parameters Form               =          AMBER  LJ Parameters Types              =             21
1-4 Lennard-Jones Form           =          AMBER  1-4 Lennard-Jones Types          =             21
----------------------------------------------------------------------------------------------------

-------------------------- Summary for QC Model "AM1" --------------------------
Number of QC Atoms     =             39  Boundary Atoms         =              6
Nuclear Charge         =            129  Orbital Functions      =            108
Fitting Functions      =              0  Energy Base Line       =      188.36370
QC Parameter Centers   =              6
--------------------------------------------------------------------------------

----------------------------- ABFS NB Model Summary ----------------------------
Dielectric             =       1.000000  El. 1-4 Scaling        =       0.833333
Damping Cutoff         =       0.500000  Inner Cutoff           =       8.000000
List Cutoff            =      13.500000  Outer Cutoff           =      12.000000
QC/MM Coupling         =    RC Coupling  Use Centering          =          False
--------------------------------------------------------------------------------

-------------------------- Pairlist Generator Summary --------------------------
Cell Size              =          6.750  Cutoff                 =         13.500
Cutoff Cell Size Factor =          0.500  Grid Cell/Cell Method  =           True
Minimum Cell Extent    =              2  Minimum Cell Size      =          3.000
Minimum Extent Factor  =          1.500  Minimum Points         =            500
Sort Indices           =          False
--------------------------------------------------------------------------------

----------------------- SoftConstraint Container Summary -----------------------
Multiple Distance      =              2
--------------------------------------------------------------------------------

---------------------------- Hard Constraint Container Summary ---------------------------
Number of Charge Constraints  =            0  Number of Fixed Atoms         =         1351
------------------------------------------------------------------------------------------

------------------------------- Sequence Summary -------------------------------
Number of Atoms            =       2173  Number of Components       =        213
Number of Entities         =          1  Number of Linear Polymers  =          0
Number of Links            =          0  Number of Variants         =          0
--------------------------------------------------------------------------------

-------------------------------  Conjugate Gradient Minimizer Options ------------------------------
Beta Type                        =              1  Initial Step                     =            0.1
Line Searcher                    =           None  Log Frequency                    =              1
Maximum Iterations               =           5000  Maximum Theta                    =          1e+10
Minimum Theta                    =          1e-10  RMS Gradient Tolerance           =            0.1
Steepest Descent Tolerance       =          0.001  Use Spectral Theta               =           True
----------------------------------------------------------------------------------------------------

----------------------------------------------------------------------------------------------------------------
  Iteration       Function          RMS Gradient        Max. |Grad.|          RMS Disp.         Max. |Disp.|
----------------------------------------------------------------------------------------------------------------
     0     I      -9494.42317090         39.11963992       1484.71025532          0.00201374          0.07642762
     1   L1s      -9531.58069733          2.90268914         75.26641704          0.00076325          0.01963791
     2   L1s      -9531.98173129          2.70112532         67.22200227          0.00011238          0.00372039
     3   L1s      -9533.04048471          1.52116555         40.59155437          0.00043443          0.01094919
     4   L1s      -9533.41325637          0.99873473         23.63268776          0.00024991          0.00521020
     5   L0s      -9533.64158215          1.47546242         32.01742920          0.00024991          0.00527315
     6   L1s      -9533.77030731          1.35330118         35.34769766          0.00015422          0.00353882
     7   L1s      -9533.95082783          0.81197917         18.03560239          0.00023561          0.00471058
     8   L1s      -9534.05856076          1.14328049         35.89781723          0.00017626          0.00356474
     9   L1s      -9534.11131972          0.57979047         10.15603969          0.00009407          0.00220610
    10   L1s      -9534.16649260          0.59984591         15.37828830          0.00012487          0.00297427
    11   L1s      -9534.22274226          0.68605838         15.04571680          0.00014811          0.00397996
    12   L1s      -9534.25031313          0.61868989         15.22589941          0.00007952          0.00195029
    13   L1s      -9534.30127505          0.44798422          6.33551665          0.00016138          0.00401506
    14   L1s      -9534.35108980          0.54795446         10.35755407          0.00018190          0.00479385
    15   L1s      -9534.38760864          0.85396366         26.55504545          0.00014401          0.00352881
    16   L1s      -9534.43546482          0.50792597          5.77675587          0.00019381          0.00476995
    17   L0s      -9534.47908719          0.73911669         19.54539581          0.00019381          0.00493757
    18   L1s      -9534.51011146          0.61589268          8.96952070          0.00014071          0.00343085
    19   L1s      -9534.56673134          0.49509399          9.80797442          0.00026349          0.00652514
    20   L1s      -9534.61329927          0.54447109          7.98373451          0.00023099          0.00588791
    21   L0s      -9534.66061837          0.81397946         25.22998687          0.00023099          0.00620515
    22   L0s      -9534.70421341          0.57901830         10.50618912          0.00023099          0.00614696
    23   L1s      -9534.76889942          0.57136272          9.52494837          0.00040796          0.01138995
    24   L1s      -9534.78485540          0.51000421         13.62467444          0.00009870          0.00272947
    25   L1s      -9534.82536381          0.49798439          6.81310504          0.00025849          0.00706391
    26   L1s      -9534.85007407          0.57412531         11.64101848          0.00016170          0.00460608
    27   L1s      -9534.87147749          0.41407984          6.54844303          0.00014276          0.00399109
    28   L1s      -9534.90056781          0.41522363          5.80831601          0.00020280          0.00590157
    29   L1s      -9534.92468132          0.58158576         13.32257216          0.00017435          0.00500068
    30   L1s      -9534.94482168          0.41539042          7.88327326          0.00014846          0.00435533
    31   L1s      -9534.97311974          0.53046903         12.53930821          0.00021532          0.00655211
    32   L1s      -9534.98823305          0.44391598          8.75729263          0.00011715          0.00344204
    33   L1s      -9535.01272637          0.32765759          3.21777250          0.00019490          0.00589935
    34   L1s      -9535.03301494          0.59073079         19.09370610          0.00016843          0.00486639
    35   L1s      -9535.05902952          0.47386179          6.94071309          0.00021981          0.00643461
    36   L1s      -9535.09323448          0.45073111          6.62135099          0.00029437          0.00820977
    37   L1s      -9535.12078249          0.58217215         17.15269040          0.00024485          0.00700650
    38   L1s      -9535.14077875          0.45566573          7.42575997          0.00017881          0.00485752
    39   L1s      -9535.17365708          0.49629583         11.09762640          0.00029979          0.00798910
    40   L1s      -9535.18663439          0.44236985         11.77884645          0.00011927          0.00310142
    41   L1s      -9535.21630989          0.37763170          6.30127340          0.00027882          0.00682019
    42   L1s      -9535.23881554          0.55837404         14.36299222          0.00021633          0.00534437
    43   L1s      -9535.25840434          0.40328744          5.79862958          0.00018944          0.00454360
    44   L0s      -9535.27832057          0.31865022          4.84525400          0.00018944          0.00442478
    45   L0s      -9535.29825533          0.48104174         12.98133589          0.00018944          0.00447093
    46   L1s      -9535.31093854          0.36818514          6.86172249          0.00012521          0.00292941
    47   L1s      -9535.33032144          0.38545143          7.42258148          0.00019998          0.00449622
    48   L1s      -9535.34011414          0.39678038         10.42407207          0.00010308          0.00241385
    49   L1s      -9535.35678945          0.27117428          3.86336474          0.00017878          0.00409226
    50   L0s      -9535.37279691          0.36882668         10.12598142          0.00017878          0.00424688
    51   L1s      -9535.38066633          0.31840032          7.12191162          0.00008941          0.00199934
    52   L1s      -9535.39553576          0.29557195          4.79509094          0.00017173          0.00379575
    53   L0s      -9535.41110749          0.31821234          6.97770315          0.00017173          0.00351698
    54   L1s      -9535.42048323          0.36650402         10.03675661          0.00010716          0.00224241
    55   L1s      -9535.43150206          0.23524042          2.66077057          0.00013583          0.00257287
    56   L1s      -9535.44487303          0.27511629          4.86645611          0.00017105          0.00320144
    57   L1s      -9535.45132676          0.33304661         10.44771567          0.00008483          0.00143488
    58   L1s      -9535.46211567          0.25865879          3.57795004          0.00014425          0.00235344
    59   L1s      -9535.47154183          0.29844531          6.48016816          0.00012968          0.00200237
    60   L1s      -9535.47652081          0.26913885          6.57900397          0.00006976          0.00102659
    61   L1s      -9535.48566979          0.22823351          2.93386446          0.00013112          0.00181247
    62   L1s      -9535.49218853          0.29853803          7.40077823          0.00009623          0.00142476
    63   L0s      -9535.49806174          0.26368152          4.16893033          0.00009623          0.00134594
    64   L1s      -9535.50941754          0.23342763          3.10676169          0.00019295          0.00287951
    65   L1s      -9535.51524235          0.28798712          7.59214277          0.00009132          0.00127250
    66   L0s      -9535.52134987          0.20904102          3.03955065          0.00009132          0.00134613
    67   L0s      -9535.52801250          0.18771415          3.61347270          0.00009132          0.00134187
    68   L1s      -9535.53190813          0.25840529          7.57484435          0.00005882          0.00086193
    69   L1s      -9535.53641976          0.18318762          1.89645414          0.00007202          0.00110383
    70   L1s      -9535.54231026          0.23938750          6.85053415          0.00009758          0.00134334
    71   L1s      -9535.54550970          0.19873259          4.20463573          0.00005408          0.00079421
    72   L1s      -9535.55251849          0.17125887          2.89107822          0.00012187          0.00161497
    73   L1s      -9535.55732972          0.21301639          5.02777332          0.00008661          0.00117405
    74   L1s      -9535.55987606          0.18178499          3.06188609          0.00004685          0.00056773
    75   L1s      -9535.56511975          0.19160130          3.04413955          0.00009931          0.00106522
    76   L1s      -9535.56755143          0.19244258          4.29191525          0.00004720          0.00052991
    77   L1s      -9535.57055734          0.14989261          2.07223230          0.00005969          0.00056309
    78   L1s      -9535.57503536          0.15833975          2.86506216          0.00009217          0.00087738
    79   L1s      -9535.57737248          0.20741657          5.52107248          0.00004957          0.00038527
    80   L1s      -9535.58140893          0.12751721          1.54331108          0.00008706          0.00066813
    81   L1s      -9535.58470860          0.20032769          5.13685618          0.00007422          0.00057948
    82   L1s      -9535.58685154          0.16523343          3.97019966          0.00004898          0.00039080
    83   L1s      -9535.59092870          0.16559516          3.04755581          0.00009532          0.00074736
    84   L1s      -9535.59374729          0.21066651          6.24483870          0.00006732          0.00053182
    85   L1s      -9535.59705741          0.15601727          2.45630699          0.00008010          0.00063831
    86   L1s      -9535.60174584          0.15964469          2.01150722          0.00011604          0.00092806
    87   L1s      -9535.60519363          0.23743067          7.24228978          0.00008713          0.00069758
    88   L0s      -9535.60865908          0.15411198          2.21831669          0.00008713          0.00069887
    89   L0s      -9535.61228708          0.19017703          5.08347800          0.00008713          0.00070044
    90   L1s      -9535.61434813          0.15754322          2.71342658          0.00005158          0.00042457
    91   L1s      -9535.62009529          0.17201177          2.33481773          0.00015724          0.00131544
    92   L1s      -9535.62398735          0.21665110          6.24739780          0.00010808          0.00092124
    93   L1s      -9535.62720192          0.19266228          3.88412560          0.00009006          0.00077168
    94   L1s      -9535.63224417          0.16937593          1.72884044          0.00014282          0.00123479
    95   L1s      -9535.63646459          0.24948353          5.66863740          0.00012124          0.00105956
    96   L1s      -9535.63960941          0.14545773          2.68098246          0.00009093          0.00081834
    97   L1s      -9535.64308340          0.17695266          4.12176371          0.00010232          0.00093531
    98   L1s      -9535.64496914          0.16428890          2.79627539          0.00005620          0.00052149
    99   L1s      -9535.64980288          0.15582376          1.87476124          0.00014601          0.00136575
   100   L1s      -9535.65361234          0.18786767          3.82041244          0.00011676          0.00109505
   101   L1s      -9535.65597799          0.18567048          2.82714272          0.00007322          0.00068796
   102   L1s      -9535.66086219          0.17124816          2.63693314          0.00015270          0.00143726
   103   L1s      -9535.66402032          0.22990864          6.49699578          0.00009987          0.00094112
   104   L0s      -9535.66743083          0.15954050          1.78536091          0.00009987          0.00096598
   105   L1s      -9535.67264218          0.16975214          3.19375318          0.00014096          0.00137590
   106   L1s      -9535.67480520          0.19811075          4.82130806          0.00006324          0.00061832
   107   L1s      -9535.67925744          0.14923158          1.82651568          0.00013142          0.00127676
   108   L1s      -9535.68218907          0.22530030          5.46620984          0.00008797          0.00085467
   109   L0s      -9535.68510913          0.15047532          2.73670988          0.00008797          0.00086809
   110   L1s      -9535.68848876          0.14321605          3.23047443          0.00010305          0.00103606
   111   L0s      -9535.69187665          0.20562032          5.19270895          0.00010305          0.00104396
   112   L1s      -9535.69423095          0.15260297          2.59940948          0.00007307          0.00075060
   113   L1s      -9535.69788821          0.18279357          3.95180211          0.00011977          0.00123856
   114   L1s      -9535.69997054          0.18402500          4.37789239          0.00006881          0.00071666
   115   L1s      -9535.70424855          0.13656992          1.51145129          0.00014262          0.00150298
   116   L0s      -9535.70837276          0.20869928          5.40530663          0.00014262          0.00151076
   117   L1s      -9535.71056628          0.17002885          3.39840566          0.00007543          0.00080654
   118   L1s      -9535.71490482          0.17231386          3.53374942          0.00014613          0.00159991
   119   L1s      -9535.71673223          0.17133154          4.65047675          0.00006214          0.00069631
   120   L1s      -9535.72002917          0.14206962          2.58569092          0.00011319          0.00130219
   121   L1s      -9535.72365745          0.16003073          3.23721208          0.00012630          0.00147175
   122   L1s      -9535.72565906          0.20165696          5.90001119          0.00007040          0.00082543
   123   L1s      -9535.72967587          0.14068423          1.67732632          0.00014219          0.00168101
   124   L1s      -9535.73185346          0.17640642          5.61809278          0.00007808          0.00092735
   125   L1s      -9535.73379963          0.13057463          1.85947558          0.00007034          0.00084188
   126   L1s      -9535.73698369          0.12885231          2.00540544          0.00011678          0.00140560
   127   L1s      -9535.73858269          0.17723398          5.51963843          0.00005949          0.00071803
   128   L1s      -9535.74092973          0.13540277          2.48107968          0.00008799          0.00106791
   129   L1s      -9535.74373670          0.14608069          3.45222933          0.00010655          0.00130551
   130   L1s      -9535.74541932          0.17096582          4.27026582          0.00006454          0.00079861
   131   L1s      -9535.74856447          0.12784567          1.52250428          0.00012159          0.00154584
   132   L0s      -9535.75154598          0.22710926          6.82189724          0.00012159          0.00156063
   133   L1s      -9535.75390566          0.13703155          2.14288222          0.00009397          0.00123640
   134   L1s      -9535.75816647          0.14517485          2.85463933          0.00015385          0.00204700
   135   L1s      -9535.75964169          0.17012224          3.87541796          0.00005387          0.00072105
   136   L1s      -9535.76289803          0.15016054          2.02077278          0.00011992          0.00161081
   137   L1s      -9535.76512986          0.19215535          5.63410076          0.00008305          0.00111850
   138   L1s      -9535.76759865          0.13875290          2.37929344          0.00009245          0.00125535
   139   L1s      -9535.77073375          0.13684086          2.44162194          0.00011882          0.00163635
   140   L1s      -9535.77236320          0.18310697          4.80376334          0.00006249          0.00086784
   141   L1s      -9535.77502969          0.13259408          2.23532228          0.00010295          0.00145217
   142   L1s      -9535.77833597          0.16481644          3.39339692          0.00012926          0.00183528
   143   L1s      -9535.78002022          0.16412143          3.59415323          0.00006637          0.00094688
   144   L1s      -9535.78325312          0.13951394          1.86040818          0.00012840          0.00183712
   145   L1s      -9535.78485277          0.17710009          4.67639962          0.00006421          0.00092038
   146   L1s      -9535.78757511          0.13207209          2.25844501          0.00010997          0.00158396
   147   L1s      -9535.79069859          0.15044830          2.86431870          0.00012763          0.00184914
   148   L1s      -9535.79250711          0.19403288          5.75256955          0.00007454          0.00108428
   149   L1s      -9535.79595763          0.13855116          1.76379034          0.00014295          0.00209716
   150   L1s      -9535.79891804          0.18241449          5.19243488          0.00012384          0.00182560
   151   L1s      -9535.80060304          0.12932718          1.47422919          0.00007086          0.00105472
   152   L1s      -9535.80393927          0.16739090          3.49121702          0.00014186          0.00212368
   153   L1s      -9535.80559200          0.17334348          3.51241901          0.00007072          0.00106415
   154   L1s      -9535.80952450          0.12752165          1.54896343          0.00016923          0.00257219
   155   L1s      -9535.81285613          0.20412131          6.03122686          0.00014492          0.00221454
   156   L1s      -9535.81487514          0.14759375          2.64426315          0.00008818          0.00135986
   157   L1s      -9535.81775996          0.15284428          3.07270392          0.00012699          0.00197224
   158   L1s      -9535.81984590          0.18608629          5.49607564          0.00009249          0.00144235
   159   L1s      -9535.82266803          0.14508660          2.38726986          0.00012574          0.00197148
   160   L1s      -9535.82671773          0.19800282          4.88070736          0.00018193          0.00285823
   161   L1s      -9535.82844108          0.14614622          2.11963734          0.00007774          0.00122553
   162   L1s      -9535.83286356          0.14368091          1.76314352          0.00020110          0.00320796
   163   L1s      -9535.83558683          0.21793520          6.18417457          0.00012482          0.00200222
   164   L1s      -9535.83866948          0.17818312          2.76004253          0.00014174          0.00228682
   165   L1s      -9535.84341211          0.21026333          5.79379326          0.00021903          0.00353771
   166   L1s      -9535.84585714          0.18282742          4.07349615          0.00011320          0.00183077
   167   L1s      -9535.85064612          0.15848179          2.29689929          0.00022261          0.00364125
   168   L1s      -9535.85416295          0.24016650          7.10895289          0.00016458          0.00270371
   169   L1s      -9535.85730888          0.17566044          2.20548451          0.00014758          0.00244092
   170   L1s      -9535.86301431          0.16316713          2.06890765          0.00026921          0.00447169
   171   L1s      -9535.86552848          0.22811608          5.66445849          0.00011946          0.00198744
   172   L1s      -9535.87027778          0.16398376          2.08386275          0.00022633          0.00377049
   173   L1s      -9535.87342614          0.24579716          7.05722895          0.00015107          0.00251768
   174   L1s      -9535.87782485          0.19570164          3.77237301          0.00021162          0.00352821
   175   L1s      -9535.88445427          0.20291310          4.19588736          0.00032009          0.00535051
   176   L1s      -9535.88876657          0.28056432          7.96701939          0.00020875          0.00350567
   177   L1s      -9535.89364222          0.19030169          2.96537677          0.00023633          0.00399869
   178   L1s      -9535.89990943          0.22309293          5.06942230          0.00030431          0.00515859
   179   L1s      -9535.90350115          0.25186504          5.22189813          0.00017465          0.00296042
   180   L1s      -9535.91088724          0.19799452          3.44957185          0.00035968          0.00609198
   181   L1s      -9535.91514497          0.30609319          7.30766615          0.00020774          0.00352759
   182   L1s      -9535.92244289          0.19581489          1.97359304          0.00035655          0.00609034
   183   L1s      -9535.93174021          0.25216776          5.61839812          0.00045616          0.00780837
   184   L1s      -9535.93561730          0.26318595          6.65664438          0.00019073          0.00326918
   185   L1s      -9535.94306764          0.23353063          5.22097925          0.00036748          0.00629974
   186   L0s      -9535.94984287          0.33091828         10.47818068          0.00036748          0.00629692
   187   L1s      -9535.95509014          0.21322125          3.00737062          0.00027237          0.00465060
   188   L1s      -9535.96292588          0.25393220          4.75223426          0.00032630          0.00559833
   189   L1s      -9535.96701880          0.27926899          6.00920196          0.00017092          0.00294206
   190   L1s      -9535.97608361          0.21933124          3.29900008          0.00037947          0.00653852
   191   L0s      -9535.98533942          0.33741490          9.71007318          0.00037947          0.00653069
   192   L1s      -9535.99194553          0.29004395          5.79268324          0.00027471          0.00471503
   193   L1s      -9536.00508701          0.30422676          6.08673169          0.00056443          0.00965501
   194   L1s      -9536.01122200          0.32436806          7.29456916          0.00026304          0.00448765
   195   L1s      -9536.02118383          0.25705744          6.33492494          0.00042687          0.00727059
   196   L1s      -9536.03313928          0.29421247          6.76094270          0.00051315          0.00876041
   197   L1s      -9536.03849260          0.32870659          8.06278023          0.00023006          0.00393880
   198   L1s      -9536.05406464          0.28203747          4.20413815          0.00067070          0.01155254
   199   L1s      -9536.06502556          0.38758473         10.16582071          0.00047314          0.00817088
   200   L1s      -9536.07390105          0.31081077          5.17827826          0.00038343          0.00663790
   201   L1s      -9536.08782157          0.30024041          5.59137264          0.00060187          0.01040948
   202   L1s      -9536.09384464          0.34616170          8.31865750          0.00026031          0.00449498
   203   L1s      -9536.10779835          0.26899060          4.03611190          0.00060341          0.01036760
   204   L0s      -9536.12265523          0.32791037          7.43226822          0.00060341          0.01033262
   205   L1s      -9536.12882346          0.31285389          6.09676972          0.00025567          0.00440269
   206   L1s      -9536.14401241          0.29354922          4.90227731          0.00067541          0.01168340
   207   L1s      -9536.15265401          0.38041671         10.37032354          0.00038320          0.00664182
   208   L1s      -9536.16255321          0.26230132          3.85669870          0.00043840          0.00762279
   209   L1s      -9536.17810908          0.32143609          6.36301428          0.00068882          0.01200805
   210   L1s      -9536.18477888          0.34921607          9.76228387          0.00029478          0.00515378
   211   L1s      -9536.19589027          0.25041283          4.98221890          0.00049063          0.00865600
   212   L0s      -9536.20794826          0.24919334          3.71276327          0.00049063          0.00875525
   213   L1s      -9536.21371305          0.33969579          8.44541187          0.00023392          0.00420080
   214   L1s      -9536.22574672          0.26205441          3.87652879          0.00051010          0.00923945
   215   L1s      -9536.23359915          0.34808786         10.42966627          0.00033372          0.00606437
   216   L1s      -9536.24060618          0.23538355          4.55552704          0.00029840          0.00544228
   217   L1s      -9536.24940404          0.22127687          5.06836196          0.00037709          0.00686914
   218   L1s      -9536.25702255          0.32955163          7.80651607          0.00032837          0.00596850
   219   L1s      -9536.26281498          0.26361683          4.61619174          0.00025019          0.00452586
   220   L1s      -9536.27575173          0.23890845          2.75957136          0.00056067          0.01007443
   221   L1s      -9536.28419520          0.34838517         11.50971069          0.00036635          0.00656821
   222   L1s      -9536.29071364          0.23674206          2.70788101          0.00028287          0.00506002
   223   L1s      -9536.30067544          0.30773496          7.70774935          0.00043265          0.00775293
   224   L1s      -9536.30588164          0.28031639          5.08460267          0.00022608          0.00406718
   225   L1s      -9536.31819855          0.26238085          5.78723867          0.00053496          0.00969873
   226   L0s      -9536.32958311          0.30681112          6.30844863          0.00053496          0.00975594
   227   L1s      -9536.33463910          0.31620532          8.37332590          0.00023189          0.00424806
   228   L1s      -9536.34652138          0.21617667          3.37600874          0.00050654          0.00932130
   229   L1s      -9536.35664085          0.33265222          8.82318219          0.00043153          0.00794244
   230   L1s      -9536.36205312          0.24687113          3.89716005          0.00023106          0.00424865
   231   L1s      -9536.37048534          0.24860446          5.12115413          0.00036137          0.00662690
   232   L1s      -9536.37495877          0.28092933          7.65011774          0.00019229          0.00351550
   233   L1s      -9536.38240136          0.20249436          3.87296531          0.00032066          0.00580706
   234   L1s      -9536.39134271          0.26065420          6.24725762          0.00038687          0.00696757
   235   L1s      -9536.39491239          0.24928254          4.22195138          0.00015477          0.00281483
   236   L1s      -9536.40404932          0.21051442          3.76723508          0.00039727          0.00732114
   237   L0s      -9536.41238636          0.29351683          6.91067716          0.00039727          0.00736349
   238   L1s      -9536.41656592          0.26312460          4.08624453          0.00019082          0.00355681
   239   L1s      -9536.42477221          0.21846922          3.63248262          0.00033699          0.00631403
   240   L1s      -9536.42982055          0.31210028          8.59020736          0.00020768          0.00389877
   241   L1s      -9536.43751389          0.21451396          3.53788622          0.00031694          0.00596570
   242   L0s      -9536.44561838          0.24894288          6.56423370          0.00031694          0.00597276
   243   L1s      -9536.44940581          0.25186107          5.90373070          0.00015079          0.00284577
   244   L1s      -9536.45757671          0.20504011          2.64823873          0.00034477          0.00652014
   245   L1s      -9536.46688736          0.29452585          5.78694072          0.00039518          0.00748349
   246   L1s      -9536.47177714          0.26687508          4.87113383          0.00020813          0.00394868
   247   L1s      -9536.48160164          0.25240156          5.52229367          0.00041985          0.00798458
   248   L1s      -9536.48703983          0.29880812          8.24944892          0.00023327          0.00444273
   249   L1s      -9536.49311825          0.21761149          4.93373624          0.00026122          0.00498276
   250   L1s      -9536.50319102          0.23469760          3.95286653          0.00043424          0.00826527
   251   L1s      -9536.50990138          0.36254723          9.01291648          0.00028985          0.00550644
   252   L1s      -9536.51829358          0.23038703          2.90357920          0.00036278          0.00684115
   253   L0s      -9536.52658655          0.26811676          5.99226089          0.00036278          0.00680424
   254   L1s      -9536.53096888          0.26056650          6.11884068          0.00019141          0.00357184
   255   L1s      -9536.53944614          0.20417022          3.05301492          0.00036672          0.00681434
   256   L1s      -9536.54660669          0.32586084         10.01518303          0.00031102          0.00577636
   257   L1s      -9536.55193547          0.22394440          3.96472829          0.00023185          0.00430751
   258   L1s      -9536.55994703          0.21091446          3.72247374          0.00035000          0.00651000
   259   L1s      -9536.56647263          0.30846789          7.75016264          0.00028618          0.00532537
   260   L1s      -9536.57154730          0.19929015          2.47499565          0.00022295          0.00415204
   261   L1s      -9536.58066180          0.30319835          7.59769669          0.00040204          0.00748986
   262   L1s      -9536.58513814          0.24281874          4.72604002          0.00019776          0.00368538
   263   L1s      -9536.59543001          0.22458080          4.85777805          0.00045588          0.00848671
   264   L1s      -9536.60349869          0.27856015          6.65083270          0.00035838          0.00665998
   265   L1s      -9536.60767504          0.24753472          4.42984193          0.00018563          0.00344011
   266   L1s      -9536.61591757          0.21306586          3.14172655          0.00036729          0.00677523
   267   L1s      -9536.62034726          0.28941305          7.45642625          0.00019810          0.00364525
   268   L1s      -9536.62692495          0.19110782          2.98928320          0.00029467          0.00539271
   269   L1s      -9536.63512385          0.23588613          5.75657504          0.00036889          0.00671781
   270   L1s      -9536.63855602          0.25527968          6.45542598          0.00015485          0.00280557
   271   L1s      -9536.64601912          0.19451399          3.02095820          0.00033756          0.00603447
   272   L1s      -9536.65225927          0.24983915          6.59925291          0.00028336          0.00501772
   273   L1s      -9536.65565632          0.20673661          3.40882485          0.00015466          0.00270055
   274   L1s      -9536.66229285          0.20486669          2.84769308          0.00030341          0.00523613
   275   L1s      -9536.66666326          0.28884255          7.44109473          0.00020066          0.00344697
   276   L1s      -9536.67229557          0.19439021          3.20630190          0.00025919          0.00442173
   277   L1s      -9536.67998903          0.20404470          3.26229382          0.00035603          0.00604133
   278   L1s      -9536.68456559          0.29103526          8.75143089          0.00021272          0.00359804
   279   L1s      -9536.69037634          0.20347223          4.65431079          0.00027061          0.00453804
   280   L0s      -9536.69643989          0.24361664          5.88779567          0.00027061          0.00450387
   281   L1s      -9536.70006281          0.21611890          3.72581130          0.00016448          0.00270981
   282   L1s      -9536.70623610          0.17458369          2.55351874          0.00029828          0.00482318
   283   L0s      -9536.71263283          0.21521553          4.61712676          0.00029828          0.00475053
   284   L1s      -9536.71551477          0.22556520          6.34647237          0.00013669          0.00214481
   285   L1s      -9536.72189586          0.18287953          3.15898997          0.00031478          0.00481204
   286   L0s      -9536.72824913          0.24452875          6.77592046          0.00031478          0.00474362
   287   L1s      -9536.73147306          0.19842556          3.58850797          0.00015995          0.00236076
   288   L1s      -9536.73718764          0.17307342          2.73808671          0.00028401          0.00409745
   289   L1s      -9536.74127855          0.25120991          5.81066413          0.00020417          0.00291696
   290   L1s      -9536.74485148          0.19617397          3.34625008          0.00017869          0.00251416
   291   L1s      -9536.75161354          0.17686533          2.70975534          0.00033930          0.00467974
   292   L1s      -9536.75764859          0.22745482          6.42051399          0.00030405          0.00414113
   293   L1s      -9536.76044178          0.19788826          3.98920665          0.00014106          0.00189003
   294   L1s      -9536.76621660          0.20886232          4.45805433          0.00029258          0.00387047
   295   L1s      -9536.77033094          0.25191363          6.59497589          0.00020913          0.00274446
   296   L0s      -9536.77428970          0.18287186          2.91505964          0.00020913          0.00270726
   297   L1s      -9536.78116791          0.16363984          1.76248082          0.00037623          0.00476434
   298   L1s      -9536.78721568          0.18882232          2.79275341          0.00031718          0.00392976
   299   L1s      -9536.79053117          0.25521475          7.52469094          0.00017439          0.00213243
   300   L1s      -9536.79537455          0.17378292          2.44251124          0.00025519          0.00308165
   301   L0s      -9536.80060636          0.16654288          2.77937187          0.00025519          0.00310284
   302   L1s      -9536.80352648          0.21475022          6.45626975          0.00014219          0.00173958
   303   L1s      -9536.80711724          0.16428715          3.30576984          0.00018415          0.00228351
   304   L1s      -9536.81257100          0.17525413          2.17377345          0.00028107          0.00353043
   305   L1s      -9536.81607773          0.25270335          6.24372205          0.00018149          0.00229230
   306   L1s      -9536.81997713          0.16178900          2.42200992          0.00020223          0.00258142
   307   L1s      -9536.82454973          0.16582404          2.60546801          0.00023823          0.00305722
   308   L1s      -9536.82773184          0.22199145          6.70943677          0.00016651          0.00213913
   309   L0s      -9536.83099662          0.15918044          2.14245481          0.00016651          0.00213598
   310   L1s      -9536.83706070          0.17021259          2.97700488          0.00030262          0.00387167
   311   L1s      -9536.83966744          0.22373287          6.46239533          0.00013375          0.00171005
   312   L1s      -9536.84334149          0.15298387          2.22048180          0.00018897          0.00242370
   313   L1s      -9536.84784413          0.19041866          4.73409427          0.00023282          0.00300594
   314   L1s      -9536.85008500          0.18609751          4.83268071          0.00011627          0.00151363
   315   L1s      -9536.85447663          0.15568495          3.04062640          0.00022868          0.00301265
   316   L0s      -9536.85922568          0.17552858          3.12129593          0.00022868          0.00302687
   317   L1s      -9536.86204228          0.22670585          5.82155831          0.00013883          0.00184053
   318   L1s      -9536.86639244          0.15644381          2.20962582          0.00022633          0.00299552
   319   L1s      -9536.87019194          0.20990699          4.65242761          0.00019865          0.00262527
   320   L1s      -9536.87252966          0.15835778          2.52383294          0.00012254          0.00161515
   321   L1s      -9536.87674404          0.15324461          2.47709621          0.00022194          0.00291659
   322   L0s      -9536.88101125          0.19488574          5.25960757          0.00022194          0.00290600
   323   L1s      -9536.88307779          0.16831278          3.56303297          0.00010854          0.00141255
   324   L1s      -9536.88624814          0.12539625          1.76000777          0.00017113          0.00219520
   325   L1s      -9536.88821798          0.19160569          6.12639591          0.00010710          0.00136612
   326   L1s      -9536.89080178          0.13119069          1.61800133          0.00014091          0.00178148
   327   L1s      -9536.89468978          0.13824477          2.09919619          0.00021340          0.00269335
   328   L1s      -9536.89725834          0.20666947          5.58635900          0.00014178          0.00178894
   329   L0s      -9536.89973220          0.14718213          2.74403582          0.00014178          0.00178844
   330   L1s      -9536.90278675          0.15733712          2.73731296          0.00018172          0.00228604
   331   L1s      -9536.90469900          0.17876809          3.63831325          0.00011069          0.00138854
   332   L1s      -9536.90756002          0.12758062          1.94790196          0.00016612          0.00207051
   333   L1s      -9536.91092942          0.12177523          1.55446230          0.00019680          0.00244445
   334   L1s      -9536.91366103          0.15409273          3.94972703          0.00016054          0.00199045
   335   L1s      -9536.91483668          0.12450099          2.62954962          0.00006937          0.00085640
   336   L1s      -9536.91717798          0.13127842          2.35190525          0.00013904          0.00169673
   337   L1s      -9536.91896612          0.16998436          5.08325518          0.00010675          0.00128867
   338   L0s      -9536.92092589          0.11282585          1.74452574          0.00010675          0.00123767
   339   L1s      -9536.92375510          0.12548861          2.04068296          0.00013593          0.00152690
   340   L1s      -9536.92518235          0.16367550          4.83608828          0.00007380          0.00081501
   341   L1s      -9536.92721275          0.11719626          2.51307183          0.00010547          0.00113311
   342   L0s      -9536.92934813          0.14733578          3.12971311          0.00010547          0.00111550
   343   L1s      -9536.93071570          0.13171121          2.31487941          0.00006953          0.00072243
   344   L1s      -9536.93332855          0.11537180          2.00662751          0.00014408          0.00146375
   345   L0s      -9536.93571952          0.15716428          3.99806769          0.00014408          0.00144968
   346   L1s      -9536.93701051          0.14909586          3.43235687          0.00007524          0.00074942
   347   L1s      -9536.93939934          0.10797657          1.58155348          0.00012834          0.00125746
   348   L1s      -9536.94134615          0.16328658          4.91385067          0.00010560          0.00102386
   349   L1s      -9536.94277277          0.11010598          1.46221266          0.00007772          0.00073021
   350   L1s      -9536.94486426          0.11952474          2.03870629          0.00011497          0.00103617
   351   L1s      -9536.94595562          0.14413806          3.36266361          0.00006044          0.00052705
   352   L1s      -9536.94771408          0.10611441          1.88252713          0.00009788          0.00080629
   353   L1s      -9536.95010333          0.11608233          2.17641966          0.00013425          0.00109311
   354   L1s      -9536.95121308          0.14722678          4.18730987          0.00006284          0.00050796
   355   L1s      -9536.95322577          0.11609307          2.30488270          0.00011452          0.00091810
   356   L1s      -9536.95501589          0.15600626          3.89404325          0.00010262          0.00082055
   357   L1s      -9536.95635164          0.11482324          2.09537116          0.00007689          0.00061316
   358   L1s      -9536.95841353          0.10605912          2.29557693          0.00011958          0.00095202
   359   L1s      -9536.96010435          0.13928607          4.01000677          0.00009886          0.00078822
   360   L1s      -9536.96108877          0.11344295          2.10925889          0.00005785          0.00046305
   361   L1s      -9536.96341184          0.11095476          1.92344276          0.00013750          0.00110683
   362   L1s      -9536.96459620          0.15186595          4.54718577          0.00007063          0.00056953
   363   L1s      -9536.96661610          0.10660845          1.75346236          0.00012094          0.00097433
   364   L0s      -9536.96850502          0.13839595          2.56656915          0.00012094          0.00097726
   365   L1s      -9536.96951119          0.13019576          2.18472144          0.00006315          0.00051276
   366   L1s      -9536.97141390          0.10051503          1.83507160          0.00011258          0.00092407
   367   L0s      -9536.97335424          0.12982037          3.64950663          0.00011258          0.00092232
   368   L1s      -9536.97426402          0.11359794          2.24623169          0.00005372          0.00043733
   369   L1s      -9536.97642549          0.12015861          1.96081306          0.00013354          0.00107637
   370   L1s      -9536.97743522          0.13245934          3.14965345          0.00006276          0.00050265
   371   L1s      -9536.97908812          0.10488404          2.55212075          0.00010323          0.00082466
   372   L1s      -9536.98093929          0.11044509          2.31577135          0.00011649          0.00092787
   373   L1s      -9536.98187256          0.13711953          3.79520872          0.00005912          0.00047147
   374   L1s      -9536.98353225          0.10109460          1.50208420          0.00010560          0.00086089
   375   L1s      -9536.98574588          0.11564589          2.20497076          0.00014196          0.00117780
   376   L1s      -9536.98655869          0.11909232          2.63892899          0.00005244          0.00044203
   377   L1s      -9536.98821609          0.10371133          1.88971837          0.00010751          0.00092332
   378   L1s      -9536.98936760          0.14402370          4.46253193          0.00007524          0.00065170
   379   L1s      -9536.99078172          0.10016754          1.93860256          0.00009275          0.00081521
   380   L1s      -9536.99253339          0.09914287          1.44819294          0.00011576          0.00102991
----------------------------------------------------------------------------------------------------------------

Minimization converged.

-------------------  Conjugate Gradient Minimizer Statistics -------------------
Iterations             =            380  Function Calls         =            721
--------------------------------------------------------------------------------
