
#-----------------------------------------------------------------------------#
#                                                                             #
#                                EasyHybrid                                   #
#                   - A pDynamo graphical user interface -                    #
#                                                                             #
#-----------------------------------------------------------------------------#
#                                                                             #
#     Developed by Jose Fernando R Bachega and Luis Fernando S M Timmers      #
#                            <ferbachega@gmail.com>                           #
#                                                                             #
#             visit: https://sites.google.com/site/EasyHybrid/                #
#                   Univesity of Sao Paulo - SP, Brazil                       #
#      Pontifical Catholic University of Rio Grande do Sul - RS, Brazil       #
#                                                                             #
#                                                                             #
#   EasyHybrid team:                               Special thanks to:         #
#   - Jose Fernando R Bachega           |         - Fernando V Maluf          #
#   - Michele Silva                     |                                     #
#   - Luis Fernando S M Timmers         |                                     #
#   - Martin Field                      |         - Leonardo R Bachega        #
#   - Troy Wymore                       |         - Lucas Assirati            #
#   - Osmar Norberto de Souza           |         - Richard Garratt           #
#   - Walter R Paixao-Cortes            |                                     #
#                                                                             #
#   Cite this work as:                                                        #
#   J.F.R. Bachega, L.F.S.M. Timmers, L.Assirati, L.B. Bachega, M.J. Field,   #
#   T. Wymore. J. Comput. Chem. 2013, 34, 2190-2196. DOI: 10.1002/jcc.23346   #
#                                                                             #
#-----------------------------------------------------------------------------#

Generated on Wed Jun  5 17:31:06 2019


--------------------------------------------------------------------------------
                       Summary for System "Pruned System"
--------------------------------------------------------------------------------

---------------------------- Atom Container Summary ----------------------------
Number of Atoms        =           2173  Number of Heavy Atoms  =           1040
Number of Hydrogens    =           1133  Number of Unknowns     =              0
--------------------------------------------------------------------------------

----------------------------- Connectivity Summary -----------------------------
Atoms                  =           2173
--------------------------------------------------------------------------------

------------------------------- Electronic State -------------------------------
Charge                 =             -1  Multiplicity           =              1
--------------------------------------------------------------------------------

--------------------------------------------------------------------------------
                    Summary for Energy Model "AMBER/AM1/ABFS"
--------------------------------------------------------------------------------

----------------------------------- Summary for MM Model "AMBER" -----------------------------------
LJ 1-4 Scaling                   =          0.500  El. 1-4 Scaling                  =          0.833
Number of MM Atoms               =           2173  Number of MM Atom Types          =             37
Number of Inactive MM Atoms      =             33  Total MM Charge                  =          -4.00
Harmonic Bond Terms              =           2169  Harmonic Bond Parameters         =             49
Harmonic Bond Inactive           =           1308  Fourier Improper Terms           =            320
Fourier Improper Parameters      =              3  Fourier Improper Inactive        =            164
Harmonic Angle Terms             =           3403  Harmonic Angle Parameters        =            103
Harmonic Angle Inactive          =           1938  Fourier Dihedral Terms           =           6697
Fourier Dihedral Parameters      =             48  Fourier Dihedral Inactive        =           3453
Exclusions                       =          10377  1-4 Interactions                 =           4805
LJ Parameters Form               =          AMBER  LJ Parameters Types              =             21
1-4 Lennard-Jones Form           =          AMBER  1-4 Lennard-Jones Types          =             21
----------------------------------------------------------------------------------------------------

-------------------------- Summary for QC Model "AM1" --------------------------
Number of QC Atoms     =             39  Boundary Atoms         =              6
Nuclear Charge         =            129  Orbital Functions      =            108
Fitting Functions      =              0  Energy Base Line       =      188.36370
QC Parameter Centers   =              6
--------------------------------------------------------------------------------

----------------------------- ABFS NB Model Summary ----------------------------
Dielectric             =       1.000000  El. 1-4 Scaling        =       0.833333
Damping Cutoff         =       0.500000  Inner Cutoff           =       8.000000
List Cutoff            =      13.500000  Outer Cutoff           =      12.000000
QC/MM Coupling         =    RC Coupling  Use Centering          =          False
--------------------------------------------------------------------------------

-------------------------- Pairlist Generator Summary --------------------------
Cell Size              =          6.750  Cutoff                 =         13.500
Cutoff Cell Size Factor =          0.500  Grid Cell/Cell Method  =           True
Minimum Cell Extent    =              2  Minimum Cell Size      =          3.000
Minimum Extent Factor  =          1.500  Minimum Points         =            500
Sort Indices           =          False
--------------------------------------------------------------------------------

----------------------- SoftConstraint Container Summary -----------------------
Multiple Distance      =              2
--------------------------------------------------------------------------------

---------------------------- Hard Constraint Container Summary ---------------------------
Number of Charge Constraints  =            0  Number of Fixed Atoms         =         1351
------------------------------------------------------------------------------------------

------------------------------- Sequence Summary -------------------------------
Number of Atoms            =       2173  Number of Components       =        213
Number of Entities         =          1  Number of Linear Polymers  =          0
Number of Links            =          0  Number of Variants         =          0
--------------------------------------------------------------------------------

-------------------------------  Conjugate Gradient Minimizer Options ------------------------------
Beta Type                        =              1  Initial Step                     =            0.1
Line Searcher                    =           None  Log Frequency                    =              1
Maximum Iterations               =           5000  Maximum Theta                    =          1e+10
Minimum Theta                    =          1e-10  RMS Gradient Tolerance           =            0.1
Steepest Descent Tolerance       =          0.001  Use Spectral Theta               =           True
----------------------------------------------------------------------------------------------------

----------------------------------------------------------------------------------------------------------------
  Iteration       Function          RMS Gradient        Max. |Grad.|          RMS Disp.         Max. |Disp.|
----------------------------------------------------------------------------------------------------------------
     0     I      -9335.17103443         36.66677083       1317.12827293          0.00201374          0.07233673
     1   L1s      -9370.37886420          3.44502366         79.00242675          0.00077324          0.01621987
     2   L1s      -9371.37226148          4.60652593        154.67388728          0.00023505          0.00604926
     3   L1s      -9373.23390833          2.11923338         56.22986305          0.00054816          0.01454711
     4   L1s      -9373.95611055          1.10794288         28.17769423          0.00035285          0.00893010
     5   L1s      -9374.15514420          1.81189976         41.34446000          0.00017643          0.00450440
     6   L1s      -9374.35852886          1.20041548         21.55150800          0.00020225          0.00461622
     7   L1s      -9374.49123150          0.96098836         21.41107286          0.00016054          0.00310816
     8   L1s      -9374.54944518          0.87950536         17.01272354          0.00008588          0.00173103
     9   L1s      -9374.63305264          0.52921833          8.85848409          0.00014558          0.00232816
    10   L1s      -9374.67350164          0.45340814          7.03034728          0.00009373          0.00161290
    11   L1s      -9374.70012990          0.68542727         17.06139169          0.00007788          0.00156371
    12   L1s      -9374.72970482          0.47049678          8.13145789          0.00009335          0.00209106
    13   L1s      -9374.77395554          0.47102283          8.86970682          0.00015915          0.00420261
    14   L1s      -9374.78951786          0.52342687         11.42053097          0.00006202          0.00149446
    15   L1s      -9374.84367511          0.40704809          7.50129596          0.00023184          0.00558038
    16   L1s      -9374.86995995          0.54711981         15.31449865          0.00012495          0.00320168
    17   L1s      -9374.88319658          0.32956310          5.13417908          0.00006583          0.00165544
    18   L1s      -9374.90815889          0.27892539          3.92693530          0.00013886          0.00325717
    19   L1s      -9374.91819485          0.27218401          6.84932013          0.00006309          0.00151260
    20   L1s      -9374.92398728          0.30632876          7.09231913          0.00004026          0.00088830
    21   L1s      -9374.93335700          0.25561279          3.03775726          0.00006969          0.00140638
    22   L1s      -9374.94066133          0.33158237          9.91074985          0.00005908          0.00131037
    23   L0s      -9374.94743543          0.19357617          3.03987549          0.00005908          0.00109168
    24   L1s      -9374.95454221          0.17779498          1.82566351          0.00007172          0.00120849
    25   L1s      -9374.95881360          0.26394898          8.13285338          0.00004621          0.00068057
    26   L0s      -9374.96306152          0.18539170          2.64247558          0.00004621          0.00059714
    27   L1s      -9374.96883093          0.18050589          2.33542100          0.00006590          0.00082099
    28   L1s      -9374.97241019          0.21336232          5.20877212          0.00004500          0.00052528
    29   L0s      -9374.97554224          0.17221131          2.65058710          0.00004500          0.00054165
    30   L1s      -9374.98057725          0.16628452          2.77412327          0.00007845          0.00097499
    31   L1s      -9374.98366573          0.22163785          6.91775128          0.00004708          0.00059164
    32   L0s      -9374.98666857          0.14089421          2.46473258          0.00004708          0.00060465
    33   L0s      -9374.98949129          0.17741733          4.93140468          0.00004708          0.00067750
    34   L1s      -9374.99147375          0.13829255          2.31600072          0.00003430          0.00043941
    35   L1s      -9374.99494779          0.14448674          1.98313372          0.00006358          0.00078610
    36   L1s      -9374.99758574          0.13638756          3.18324791          0.00005050          0.00057509
    37   L1s      -9374.99883519          0.13688530          2.45160632          0.00002504          0.00025729
    38   L1s      -9375.00138163          0.13914171          4.06780832          0.00005322          0.00052621
    39   L1s      -9375.00265097          0.12993805          2.89908127          0.00002754          0.00025492
    40   L1s      -9375.00412373          0.09511776          1.40116072          0.00003325          0.00032308
----------------------------------------------------------------------------------------------------------------

Minimization converged.

-------------------  Conjugate Gradient Minimizer Statistics -------------------
Iterations             =             40  Function Calls         =             76
--------------------------------------------------------------------------------
