
#-----------------------------------------------------------------------------#
#                                                                             #
#                                EasyHybrid                                   #
#                   - A pDynamo graphical user interface -                    #
#                                                                             #
#-----------------------------------------------------------------------------#
#                                                                             #
#     Developed by Jose Fernando R Bachega and Luis Fernando S M Timmers      #
#                            <ferbachega@gmail.com>                           #
#                                                                             #
#             visit: https://sites.google.com/site/EasyHybrid/                #
#                   Univesity of Sao Paulo - SP, Brazil                       #
#      Pontifical Catholic University of Rio Grande do Sul - RS, Brazil       #
#                                                                             #
#                                                                             #
#   EasyHybrid team:                               Special thanks to:         #
#   - Jose Fernando R Bachega           |         - Fernando V Maluf          #
#   - Michele Silva                     |                                     #
#   - Luis Fernando S M Timmers         |                                     #
#   - Martin Field                      |         - Leonardo R Bachega        #
#   - Troy Wymore                       |         - Lucas Assirati            #
#   - Osmar Norberto de Souza           |         - Richard Garratt           #
#   - Walter R Paixao-Cortes            |                                     #
#                                                                             #
#   Cite this work as:                                                        #
#   J.F.R. Bachega, L.F.S.M. Timmers, L.Assirati, L.B. Bachega, M.J. Field,   #
#   T. Wymore. J. Comput. Chem. 2013, 34, 2190-2196. DOI: 10.1002/jcc.23346   #
#                                                                             #
#-----------------------------------------------------------------------------#

Generated on Wed Jun  5 17:26:38 2019


--------------------------------------------------------------------------------
                       Summary for System "Pruned System"
--------------------------------------------------------------------------------

---------------------------- Atom Container Summary ----------------------------
Number of Atoms        =           2173  Number of Heavy Atoms  =           1040
Number of Hydrogens    =           1133  Number of Unknowns     =              0
--------------------------------------------------------------------------------

----------------------------- Connectivity Summary -----------------------------
Atoms                  =           2173
--------------------------------------------------------------------------------

------------------------------- Electronic State -------------------------------
Charge                 =             -1  Multiplicity           =              1
--------------------------------------------------------------------------------

--------------------------------------------------------------------------------
                    Summary for Energy Model "AMBER/AM1/ABFS"
--------------------------------------------------------------------------------

----------------------------------- Summary for MM Model "AMBER" -----------------------------------
LJ 1-4 Scaling                   =          0.500  El. 1-4 Scaling                  =          0.833
Number of MM Atoms               =           2173  Number of MM Atom Types          =             37
Number of Inactive MM Atoms      =             33  Total MM Charge                  =          -4.00
Harmonic Bond Terms              =           2169  Harmonic Bond Parameters         =             49
Harmonic Bond Inactive           =           1308  Fourier Improper Terms           =            320
Fourier Improper Parameters      =              3  Fourier Improper Inactive        =            164
Harmonic Angle Terms             =           3403  Harmonic Angle Parameters        =            103
Harmonic Angle Inactive          =           1938  Fourier Dihedral Terms           =           6697
Fourier Dihedral Parameters      =             48  Fourier Dihedral Inactive        =           3453
Exclusions                       =          10377  1-4 Interactions                 =           4805
LJ Parameters Form               =          AMBER  LJ Parameters Types              =             21
1-4 Lennard-Jones Form           =          AMBER  1-4 Lennard-Jones Types          =             21
----------------------------------------------------------------------------------------------------

-------------------------- Summary for QC Model "AM1" --------------------------
Number of QC Atoms     =             39  Boundary Atoms         =              6
Nuclear Charge         =            129  Orbital Functions      =            108
Fitting Functions      =              0  Energy Base Line       =      188.36370
QC Parameter Centers   =              6
--------------------------------------------------------------------------------

----------------------------- ABFS NB Model Summary ----------------------------
Dielectric             =       1.000000  El. 1-4 Scaling        =       0.833333
Damping Cutoff         =       0.500000  Inner Cutoff           =       8.000000
List Cutoff            =      13.500000  Outer Cutoff           =      12.000000
QC/MM Coupling         =    RC Coupling  Use Centering          =          False
--------------------------------------------------------------------------------

-------------------------- Pairlist Generator Summary --------------------------
Cell Size              =          6.750  Cutoff                 =         13.500
Cutoff Cell Size Factor =          0.500  Grid Cell/Cell Method  =           True
Minimum Cell Extent    =              2  Minimum Cell Size      =          3.000
Minimum Extent Factor  =          1.500  Minimum Points         =            500
Sort Indices           =          False
--------------------------------------------------------------------------------

----------------------- SoftConstraint Container Summary -----------------------
Multiple Distance      =              2
--------------------------------------------------------------------------------

---------------------------- Hard Constraint Container Summary ---------------------------
Number of Charge Constraints  =            0  Number of Fixed Atoms         =         1351
------------------------------------------------------------------------------------------

------------------------------- Sequence Summary -------------------------------
Number of Atoms            =       2173  Number of Components       =        213
Number of Entities         =          1  Number of Linear Polymers  =          0
Number of Links            =          0  Number of Variants         =          0
--------------------------------------------------------------------------------

-------------------------------  Conjugate Gradient Minimizer Options ------------------------------
Beta Type                        =              1  Initial Step                     =            0.1
Line Searcher                    =           None  Log Frequency                    =              1
Maximum Iterations               =           5000  Maximum Theta                    =          1e+10
Minimum Theta                    =          1e-10  RMS Gradient Tolerance           =            0.1
Steepest Descent Tolerance       =          0.001  Use Spectral Theta               =           True
----------------------------------------------------------------------------------------------------

----------------------------------------------------------------------------------------------------------------
  Iteration       Function          RMS Gradient        Max. |Grad.|          RMS Disp.         Max. |Disp.|
----------------------------------------------------------------------------------------------------------------
     0     I      -9440.52541723         39.40164163       1513.01453583          0.00201374          0.07732719
     1   L1s      -9479.82705968          2.36358353         60.01897916          0.00080972          0.02052859
     2   L1s      -9480.03925179          1.58614377         40.28160176          0.00007280          0.00175816
     3   L1s      -9480.38895576          1.21104990         32.91315599          0.00021634          0.00432741
     4   L1s      -9480.68102140          0.68390760         12.55849845          0.00026378          0.00513948
     5   L1s      -9480.73119959          0.88226908         22.22847629          0.00007491          0.00148338
     6   L0s      -9480.77271507          0.46420704          8.74370091          0.00007491          0.00122707
     7   L1s      -9480.79462811          0.33092736          6.41774263          0.00005648          0.00102157
     8   L1s      -9480.80907621          0.48712939         12.65266299          0.00005073          0.00067442
     9   L1s      -9480.82656892          0.32957283          4.89967794          0.00006798          0.00085555
    10   L0s      -9480.84166036          0.28464235          4.39790927          0.00006798          0.00095524
    11   L0s      -9480.85405580          0.46542498         11.16573264          0.00006798          0.00114280
    12   L0s      -9480.86500636          0.25474052          3.23017480          0.00006798          0.00109064
    13   L1s      -9480.87632630          0.21433037          3.10151604          0.00008400          0.00140735
    14   L1s      -9480.88039144          0.26388688          6.06791998          0.00003165          0.00043882
    15   L1s      -9480.88628389          0.22117326          3.36858746          0.00004932          0.00068066
    16   L1s      -9480.89392276          0.24339084          5.08720401          0.00006981          0.00089452
    17   L1s      -9480.89879296          0.27613297          7.58677723          0.00004737          0.00059379
    18   L1s      -9480.90584950          0.20510743          3.78348404          0.00007171          0.00085550
    19   L1s      -9480.91381272          0.26642105          5.56059925          0.00008687          0.00107832
    20   L1s      -9480.91739405          0.20245175          3.84664886          0.00004056          0.00043703
    21   L1s      -9480.92374428          0.18765000          2.95385571          0.00007630          0.00077683
    22   L0s      -9480.92976459          0.25056081          5.46767541          0.00007630          0.00075755
    23   L1s      -9480.93339618          0.21315673          4.00283612          0.00004768          0.00050090
    24   L1s      -9480.94092865          0.21424970          3.28423651          0.00010395          0.00114365
    25   L1s      -9480.94618600          0.26812338          7.46732475          0.00007524          0.00084012
    26   L0s      -9480.95103869          0.22705048          4.15671512          0.00007524          0.00084021
    27   L1s      -9480.95851055          0.22885124          4.44115384          0.00012103          0.00129312
    28   L1s      -9480.96305530          0.27335850          5.16249554          0.00007167          0.00074364
    29   L1s      -9480.96910247          0.17186744          2.25301500          0.00009706          0.00104151
    30   L1s      -9480.97356087          0.20575060          4.24403351          0.00007459          0.00083790
    31   L1s      -9480.97669548          0.20896044          4.27907464          0.00005389          0.00061148
    32   L1s      -9480.98127142          0.19078933          2.73222655          0.00008065          0.00086915
    33   L1s      -9480.98703737          0.27824313          7.68529367          0.00010454          0.00108364
    34   L1s      -9480.99160536          0.18844998          4.00762310          0.00008388          0.00080415
    35   L1s      -9480.99668235          0.16548602          2.77017113          0.00009576          0.00089030
    36   L1s      -9480.99904918          0.18728326          4.64297219          0.00004613          0.00041945
    37   L1s      -9481.00186943          0.16493793          2.80294061          0.00005631          0.00053319
    38   L1s      -9481.00658653          0.19389332          4.73773123          0.00009700          0.00097750
    39   L1s      -9481.00900479          0.17686782          3.91566120          0.00005076          0.00053585
    40   L1s      -9481.01255391          0.16073561          3.01689561          0.00007626          0.00077728
    41   L0s      -9481.01630558          0.17710342          4.47055937          0.00007626          0.00071916
    42   L1s      -9481.01828877          0.14465691          2.60333302          0.00004205          0.00038862
    43   L1s      -9481.02127954          0.15477654          2.90126513          0.00007351          0.00066917
    44   L1s      -9481.02374874          0.17475458          4.74289682          0.00006205          0.00054600
    45   L0s      -9481.02613136          0.16111686          2.97935952          0.00006205          0.00053077
    46   L1s      -9481.02920878          0.15309279          2.75133694          0.00008182          0.00061870
    47   L1s      -9481.03113732          0.17273360          3.13171356          0.00005131          0.00034779
    48   L1s      -9481.03425597          0.14783761          2.22183732          0.00008425          0.00060317
    49   L1s      -9481.03662608          0.16073265          3.44213852          0.00006534          0.00045460
    50   L1s      -9481.03867811          0.15845283          2.66001719          0.00005751          0.00042979
    51   L1s      -9481.04142471          0.13889872          2.69647406          0.00007824          0.00061691
    52   L1s      -9481.04314693          0.15283569          3.55913966          0.00005008          0.00039703
    53   L1s      -9481.04506226          0.13094023          2.39681697          0.00005662          0.00042640
    54   L1s      -9481.04749712          0.15211956          3.72152968          0.00007354          0.00054616
    55   L1s      -9481.04933605          0.15901783          3.52776897          0.00005640          0.00042183
    56   L1s      -9481.05203024          0.13734440          2.15928702          0.00008376          0.00061376
    57   L1s      -9481.05376373          0.14483617          2.80915249          0.00005488          0.00041689
    58   L0s      -9481.05548415          0.14106233          2.15577514          0.00005488          0.00045357
    59   L1s      -9481.05826891          0.14377869          2.87360308          0.00009025          0.00076614
    60   L1s      -9481.06015731          0.17318738          3.16115016          0.00006254          0.00053533
    61   L1s      -9481.06314855          0.14646809          2.23550821          0.00010005          0.00086750
    62   L1s      -9481.06533552          0.15346251          3.87714106          0.00007416          0.00065816
    63   L1s      -9481.06704836          0.14021325          2.83476152          0.00005878          0.00053087
    64   L1s      -9481.06944976          0.13290644          2.63040120          0.00008358          0.00073795
    65   L1s      -9481.07117855          0.14907079          3.78868112          0.00006109          0.00052332
    66   L0s      -9481.07283457          0.12885776          2.04135001          0.00006109          0.00050272
    67   L1s      -9481.07494327          0.14046829          2.28804540          0.00007964          0.00061998
    68   L1s      -9481.07631082          0.12452544          2.69191985          0.00005097          0.00036238
    69   L1s      -9481.07794082          0.11593766          1.81958754          0.00006167          0.00043330
    70   L1s      -9481.07934046          0.12700758          2.19546534          0.00005384          0.00036772
    71   L0s      -9481.08067245          0.13438552          2.51867083          0.00005384          0.00036790
    72   L1s      -9481.08277776          0.13092866          2.69567756          0.00008565          0.00058017
    73   L1s      -9481.08409852          0.12299545          2.97239881          0.00005247          0.00035348
    74   L0s      -9481.08543103          0.10682017          2.13295703          0.00005247          0.00036257
    75   L0s      -9481.08682756          0.11269274          2.40393106          0.00005247          0.00036410
    76   L1s      -9481.08803203          0.12445490          2.81003256          0.00004725          0.00032363
    77   L1s      -9481.08948987          0.11148335          1.77302877          0.00006077          0.00043932
    78   L0s      -9481.09079492          0.13064513          3.15755358          0.00006077          0.00045389
    79   L1s      -9481.09181550          0.10389901          1.38286526          0.00004666          0.00034956
    80   L1s      -9481.09334504          0.10288748          1.40791886          0.00006144          0.00043739
    81   L1s      -9481.09435154          0.12495192          2.72285336          0.00004119          0.00029108
    82   L1s      -9481.09559301          0.09642249          1.37143366          0.00005144          0.00037301
----------------------------------------------------------------------------------------------------------------

Minimization converged.

-------------------  Conjugate Gradient Minimizer Statistics -------------------
Iterations             =             82  Function Calls         =            151
--------------------------------------------------------------------------------
