
#-----------------------------------------------------------------------------#
#                                                                             #
#                                EasyHybrid                                   #
#                   - A pDynamo graphical user interface -                    #
#                                                                             #
#-----------------------------------------------------------------------------#
#                                                                             #
#     Developed by Jose Fernando R Bachega and Luis Fernando S M Timmers      #
#                            <ferbachega@gmail.com>                           #
#                                                                             #
#             visit: https://sites.google.com/site/EasyHybrid/                #
#                   Univesity of Sao Paulo - SP, Brazil                       #
#      Pontifical Catholic University of Rio Grande do Sul - RS, Brazil       #
#                                                                             #
#                                                                             #
#   EasyHybrid team:                               Special thanks to:         #
#   - Jose Fernando R Bachega           |         - Fernando V Maluf          #
#   - Michele Silva                     |                                     #
#   - Luis Fernando S M Timmers         |                                     #
#   - Martin Field                      |         - Leonardo R Bachega        #
#   - Troy Wymore                       |         - Lucas Assirati            #
#   - Osmar Norberto de Souza           |         - Richard Garratt           #
#   - Walter R Paixao-Cortes            |                                     #
#                                                                             #
#   Cite this work as:                                                        #
#   J.F.R. Bachega, L.F.S.M. Timmers, L.Assirati, L.B. Bachega, M.J. Field,   #
#   T. Wymore. J. Comput. Chem. 2013, 34, 2190-2196. DOI: 10.1002/jcc.23346   #
#                                                                             #
#-----------------------------------------------------------------------------#

Generated on Wed Jun  5 17:33:16 2019


--------------------------------------------------------------------------------
                       Summary for System "Pruned System"
--------------------------------------------------------------------------------

---------------------------- Atom Container Summary ----------------------------
Number of Atoms        =           2173  Number of Heavy Atoms  =           1040
Number of Hydrogens    =           1133  Number of Unknowns     =              0
--------------------------------------------------------------------------------

----------------------------- Connectivity Summary -----------------------------
Atoms                  =           2173
--------------------------------------------------------------------------------

------------------------------- Electronic State -------------------------------
Charge                 =             -1  Multiplicity           =              1
--------------------------------------------------------------------------------

--------------------------------------------------------------------------------
                    Summary for Energy Model "AMBER/AM1/ABFS"
--------------------------------------------------------------------------------

----------------------------------- Summary for MM Model "AMBER" -----------------------------------
LJ 1-4 Scaling                   =          0.500  El. 1-4 Scaling                  =          0.833
Number of MM Atoms               =           2173  Number of MM Atom Types          =             37
Number of Inactive MM Atoms      =             33  Total MM Charge                  =          -4.00
Harmonic Bond Terms              =           2169  Harmonic Bond Parameters         =             49
Harmonic Bond Inactive           =           1308  Fourier Improper Terms           =            320
Fourier Improper Parameters      =              3  Fourier Improper Inactive        =            164
Harmonic Angle Terms             =           3403  Harmonic Angle Parameters        =            103
Harmonic Angle Inactive          =           1938  Fourier Dihedral Terms           =           6697
Fourier Dihedral Parameters      =             48  Fourier Dihedral Inactive        =           3453
Exclusions                       =          10377  1-4 Interactions                 =           4805
LJ Parameters Form               =          AMBER  LJ Parameters Types              =             21
1-4 Lennard-Jones Form           =          AMBER  1-4 Lennard-Jones Types          =             21
----------------------------------------------------------------------------------------------------

-------------------------- Summary for QC Model "AM1" --------------------------
Number of QC Atoms     =             39  Boundary Atoms         =              6
Nuclear Charge         =            129  Orbital Functions      =            108
Fitting Functions      =              0  Energy Base Line       =      188.36370
QC Parameter Centers   =              6
--------------------------------------------------------------------------------

----------------------------- ABFS NB Model Summary ----------------------------
Dielectric             =       1.000000  El. 1-4 Scaling        =       0.833333
Damping Cutoff         =       0.500000  Inner Cutoff           =       8.000000
List Cutoff            =      13.500000  Outer Cutoff           =      12.000000
QC/MM Coupling         =    RC Coupling  Use Centering          =          False
--------------------------------------------------------------------------------

-------------------------- Pairlist Generator Summary --------------------------
Cell Size              =          6.750  Cutoff                 =         13.500
Cutoff Cell Size Factor =          0.500  Grid Cell/Cell Method  =           True
Minimum Cell Extent    =              2  Minimum Cell Size      =          3.000
Minimum Extent Factor  =          1.500  Minimum Points         =            500
Sort Indices           =          False
--------------------------------------------------------------------------------

----------------------- SoftConstraint Container Summary -----------------------
Multiple Distance      =              2
--------------------------------------------------------------------------------

---------------------------- Hard Constraint Container Summary ---------------------------
Number of Charge Constraints  =            0  Number of Fixed Atoms         =         1351
------------------------------------------------------------------------------------------

------------------------------- Sequence Summary -------------------------------
Number of Atoms            =       2173  Number of Components       =        213
Number of Entities         =          1  Number of Linear Polymers  =          0
Number of Links            =          0  Number of Variants         =          0
--------------------------------------------------------------------------------

-------------------------------  Conjugate Gradient Minimizer Options ------------------------------
Beta Type                        =              1  Initial Step                     =            0.1
Line Searcher                    =           None  Log Frequency                    =              1
Maximum Iterations               =           5000  Maximum Theta                    =          1e+10
Minimum Theta                    =          1e-10  RMS Gradient Tolerance           =            0.1
Steepest Descent Tolerance       =          0.001  Use Spectral Theta               =           True
----------------------------------------------------------------------------------------------------

----------------------------------------------------------------------------------------------------------------
  Iteration       Function          RMS Gradient        Max. |Grad.|          RMS Disp.         Max. |Disp.|
----------------------------------------------------------------------------------------------------------------
     0     I      -9479.70616136         39.40398747       1501.85787390          0.00201374          0.07675243
     1   L1s      -9518.87510947          3.17416901         90.74838768          0.00080559          0.02294202
     2   L1s      -9519.17358712          1.51869104         32.03474756          0.00007654          0.00175042
     3   L1s      -9519.61423678          1.16878459         29.12039392          0.00026172          0.00526417
     4   L1s      -9519.84703581          0.66895222         11.44812418          0.00021164          0.00355050
     5   L1s      -9519.91951088          0.75779814         21.03346841          0.00010971          0.00268442
     6   L1s      -9519.94407995          0.48873052          7.46896595          0.00004556          0.00059971
     7   L1s      -9519.96560175          0.36307087          5.75009514          0.00005361          0.00088336
     8   L1s      -9519.97793218          0.46232645         10.60221674          0.00004128          0.00054080
     9   L1s      -9519.99782102          0.32261397          5.56979716          0.00007517          0.00091082
    10   L0s      -9520.01381439          0.29129235          4.80499510          0.00007517          0.00107106
    11   L1s      -9520.03150723          0.25177791          4.37017866          0.00009623          0.00125982
    12   L1s      -9520.03631051          0.32042759          6.49791685          0.00002979          0.00040725
    13   L1s      -9520.04553697          0.20044843          3.55962397          0.00006180          0.00068414
    14   L1s      -9520.05120718          0.22215842          4.85930481          0.00004436          0.00043701
    15   L1s      -9520.05489476          0.23634315          4.85622946          0.00003184          0.00041168
    16   L1s      -9520.06292413          0.21864911          3.42053527          0.00007460          0.00100188
    17   L1s      -9520.07201747          0.18106669          3.01889656          0.00009096          0.00120368
    18   L0s      -9520.08015790          0.16498409          1.90096720          0.00009096          0.00104525
    19   L1s      -9520.08452276          0.23220867          6.38194655          0.00005328          0.00065902
    20   L1s      -9520.08772677          0.16683106          2.61027113          0.00004036          0.00042027
    21   L1s      -9520.09228573          0.15048374          1.66470662          0.00006157          0.00066941
    22   L1s      -9520.09504292          0.25447232          6.55126772          0.00004010          0.00044802
    23   L1s      -9520.10001379          0.14415880          1.72797157          0.00007402          0.00085678
    24   L1s      -9520.10580072          0.17167503          3.25171640          0.00009209          0.00108058
    25   L1s      -9520.10922956          0.22022043          6.09329527          0.00005691          0.00070165
    26   L0s      -9520.11285747          0.16268867          3.51938124          0.00005691          0.00075220
    27   L0s      -9520.11684831          0.12718071          2.48712855          0.00005691          0.00080685
    28   L1s      -9520.12070147          0.16045344          4.33747692          0.00006339          0.00092254
    29   L1s      -9520.12207402          0.13481305          2.71518561          0.00002471          0.00036998
    30   L1s      -9520.12642706          0.16263252          3.88088406          0.00008260          0.00125794
    31   L0s      -9520.13042068          0.17637615          3.07936416          0.00008260          0.00127506
    32   L1s      -9520.13215628          0.15780124          4.02337817          0.00003641          0.00056638
    33   L1s      -9520.13469857          0.12697282          2.24317400          0.00005171          0.00079905
    34   L1s      -9520.13655535          0.20072237          6.24391969          0.00003958          0.00060656
    35   L1s      -9520.13986963          0.13609811          2.38109477          0.00007192          0.00106406
    36   L1s      -9520.14346412          0.17423650          3.27775128          0.00008090          0.00118221
    37   L1s      -9520.14583897          0.19810428          4.39267519          0.00005458          0.00079679
    38   L1s      -9520.15017529          0.14143224          2.75234480          0.00010125          0.00152293
    39   L0s      -9520.15400598          0.19287675          4.85114728          0.00010125          0.00156649
    40   L1s      -9520.15604476          0.18054259          4.28697895          0.00005215          0.00083212
    41   L1s      -9520.15961070          0.16052703          3.41120583          0.00008388          0.00139275
    42   L1s      -9520.16245127          0.23010337          7.11437003          0.00006835          0.00115798
    43   L1s      -9520.16635969          0.16804302          3.37397874          0.00009505          0.00168036
    44   L1s      -9520.17217471          0.19610779          4.89908140          0.00014420          0.00265215
    45   L1s      -9520.17490399          0.22208811          5.82315086          0.00006862          0.00130186
    46   L1s      -9520.18212823          0.19243573          4.11041527          0.00018357          0.00361777
    47   L1s      -9520.18728765          0.25422401          6.70691305          0.00013309          0.00266265
    48   L1s      -9520.19095124          0.20889801          4.43977260          0.00009522          0.00193147
    49   L1s      -9520.19674263          0.19953475          4.09771016          0.00015227          0.00308967
    50   L1s      -9520.20007174          0.25628614          7.73306515          0.00008858          0.00179180
    51   L1s      -9520.20765159          0.18969306          3.33558039          0.00020320          0.00405693
    52   L1s      -9520.21440437          0.25169838          5.30541347          0.00018311          0.00363246
    53   L1s      -9520.21810162          0.21976580          3.68138353          0.00010097          0.00198732
    54   L1s      -9520.22454270          0.19415539          3.85157604          0.00017744          0.00345037
    55   L1s      -9520.22898590          0.29665624          9.12395245          0.00012377          0.00239181
    56   L1s      -9520.23540311          0.22013123          4.59646859          0.00017963          0.00342539
    57   L1s      -9520.24302732          0.25543496          5.08166246          0.00021516          0.00407265
    58   L1s      -9520.24716694          0.24692642          4.54009443          0.00011738          0.00221180
    59   L1s      -9520.25480349          0.19173639          4.04107341          0.00021781          0.00413369
    60   L1s      -9520.26111365          0.26208093          8.06635416          0.00018157          0.00347621
    61   L1s      -9520.26479023          0.20789171          4.00375400          0.00010631          0.00206736
    62   L1s      -9520.27265248          0.24752534          5.98357793          0.00022940          0.00449127
    63   L1s      -9520.27645806          0.24849390          5.40961037          0.00011173          0.00219559
    64   L1s      -9520.28283367          0.19527649          4.51710677          0.00018819          0.00368913
    65   L0s      -9520.28898620          0.24795845          6.84136239          0.00018819          0.00367888
    66   L1s      -9520.29261484          0.22852567          5.12325568          0.00011039          0.00215069
    67   L1s      -9520.30120450          0.20230858          3.56389024          0.00025521          0.00496704
    68   L1s      -9520.30597996          0.28855908          8.68882360          0.00014271          0.00277586
    69   L1s      -9520.31133914          0.19671444          3.87849119          0.00016074          0.00311650
    70   L0s      -9520.31679301          0.22936641          7.09391782          0.00016074          0.00309804
    71   L1s      -9520.31990384          0.20433674          4.06400409          0.00009285          0.00177352
    72   L1s      -9520.32672476          0.18593467          4.14536539          0.00021158          0.00398855
    73   L1s      -9520.33112871          0.23887789          5.54071774          0.00013782          0.00257909
    74   L1s      -9520.33442817          0.18019466          3.22796814          0.00010371          0.00191796
    75   L1s      -9520.33957038          0.18685185          4.46329335          0.00016330          0.00298521
    76   L1s      -9520.34152215          0.17748314          4.40428482          0.00006254          0.00112689
    77   L1s      -9520.34544486          0.14167255          2.45349323          0.00012693          0.00221430
    78   L1s      -9520.34836876          0.20506938          4.79627225          0.00009594          0.00164500
    79   L1s      -9520.35100307          0.15736956          3.44835436          0.00008703          0.00144953
    80   L1s      -9520.35479075          0.15462174          2.65895255          0.00012652          0.00206592
    81   L1s      -9520.35701049          0.20028570          5.94541261          0.00007496          0.00121673
    82   L1s      -9520.35978569          0.11988758          1.75725922          0.00009435          0.00153659
    83   L1s      -9520.36200368          0.17307515          4.71117814          0.00007685          0.00125473
    84   L1s      -9520.36367084          0.12459640          1.99241943          0.00005827          0.00095299
    85   L1s      -9520.36703975          0.14305757          3.04881371          0.00011974          0.00193312
    86   L1s      -9520.36892478          0.17045812          5.24600582          0.00006781          0.00108023
    87   L0s      -9520.37089061          0.11956340          2.45378779          0.00006781          0.00104144
    88   L1s      -9520.37322158          0.15526895          3.84690003          0.00007784          0.00117454
    89   L1s      -9520.37444498          0.11701888          2.12807044          0.00004247          0.00062400
    90   L1s      -9520.37673046          0.11651099          2.57820389          0.00008090          0.00115976
    91   L1s      -9520.37809215          0.14979658          4.78202485          0.00004912          0.00069186
    92   L1s      -9520.37973189          0.11032770          2.45750717          0.00005981          0.00080714
    93   L1s      -9520.38189830          0.12288469          2.89037390          0.00008062          0.00104127
    94   L1s      -9520.38275563          0.11683189          2.42833331          0.00003240          0.00039849
    95   L1s      -9520.38462861          0.11337416          2.40321051          0.00007197          0.00085006
    96   L1s      -9520.38599755          0.15448062          5.20994651          0.00005349          0.00062159
    97   L1s      -9520.38766596          0.10964505          2.42172028          0.00006577          0.00074833
    98   L1s      -9520.38975080          0.11801442          2.16930758          0.00008360          0.00093204
    99   L1s      -9520.39058175          0.11212221          2.14103249          0.00003381          0.00036661
   100   L1s      -9520.39209516          0.09109319          1.88665307          0.00006254          0.00063555
----------------------------------------------------------------------------------------------------------------

Minimization converged.

-------------------  Conjugate Gradient Minimizer Statistics -------------------
Iterations             =            100  Function Calls         =            192
--------------------------------------------------------------------------------
