
#-----------------------------------------------------------------------------#
#                                                                             #
#                                EasyHybrid                                   #
#                   - A pDynamo graphical user interface -                    #
#                                                                             #
#-----------------------------------------------------------------------------#
#                                                                             #
#     Developed by Jose Fernando R Bachega and Luis Fernando S M Timmers      #
#                            <ferbachega@gmail.com>                           #
#                                                                             #
#             visit: https://sites.google.com/site/EasyHybrid/                #
#                   Univesity of Sao Paulo - SP, Brazil                       #
#      Pontifical Catholic University of Rio Grande do Sul - RS, Brazil       #
#                                                                             #
#                                                                             #
#   EasyHybrid team:                               Special thanks to:         #
#   - Jose Fernando R Bachega           |         - Fernando V Maluf          #
#   - Michele Silva                     |                                     #
#   - Luis Fernando S M Timmers         |                                     #
#   - Martin Field                      |         - Leonardo R Bachega        #
#   - Troy Wymore                       |         - Lucas Assirati            #
#   - Osmar Norberto de Souza           |         - Richard Garratt           #
#   - Walter R Paixao-Cortes            |                                     #
#                                                                             #
#   Cite this work as:                                                        #
#   J.F.R. Bachega, L.F.S.M. Timmers, L.Assirati, L.B. Bachega, M.J. Field,   #
#   T. Wymore. J. Comput. Chem. 2013, 34, 2190-2196. DOI: 10.1002/jcc.23346   #
#                                                                             #
#-----------------------------------------------------------------------------#

Generated on Wed Jun  5 17:25:41 2019


--------------------------------------------------------------------------------
                       Summary for System "Pruned System"
--------------------------------------------------------------------------------

---------------------------- Atom Container Summary ----------------------------
Number of Atoms        =           2173  Number of Heavy Atoms  =           1040
Number of Hydrogens    =           1133  Number of Unknowns     =              0
--------------------------------------------------------------------------------

----------------------------- Connectivity Summary -----------------------------
Atoms                  =           2173
--------------------------------------------------------------------------------

------------------------------- Electronic State -------------------------------
Charge                 =             -1  Multiplicity           =              1
--------------------------------------------------------------------------------

--------------------------------------------------------------------------------
                    Summary for Energy Model "AMBER/AM1/ABFS"
--------------------------------------------------------------------------------

----------------------------------- Summary for MM Model "AMBER" -----------------------------------
LJ 1-4 Scaling                   =          0.500  El. 1-4 Scaling                  =          0.833
Number of MM Atoms               =           2173  Number of MM Atom Types          =             37
Number of Inactive MM Atoms      =             33  Total MM Charge                  =          -4.00
Harmonic Bond Terms              =           2169  Harmonic Bond Parameters         =             49
Harmonic Bond Inactive           =           1308  Fourier Improper Terms           =            320
Fourier Improper Parameters      =              3  Fourier Improper Inactive        =            164
Harmonic Angle Terms             =           3403  Harmonic Angle Parameters        =            103
Harmonic Angle Inactive          =           1938  Fourier Dihedral Terms           =           6697
Fourier Dihedral Parameters      =             48  Fourier Dihedral Inactive        =           3453
Exclusions                       =          10377  1-4 Interactions                 =           4805
LJ Parameters Form               =          AMBER  LJ Parameters Types              =             21
1-4 Lennard-Jones Form           =          AMBER  1-4 Lennard-Jones Types          =             21
----------------------------------------------------------------------------------------------------

-------------------------- Summary for QC Model "AM1" --------------------------
Number of QC Atoms     =             39  Boundary Atoms         =              6
Nuclear Charge         =            129  Orbital Functions      =            108
Fitting Functions      =              0  Energy Base Line       =      188.36370
QC Parameter Centers   =              6
--------------------------------------------------------------------------------

----------------------------- ABFS NB Model Summary ----------------------------
Dielectric             =       1.000000  El. 1-4 Scaling        =       0.833333
Damping Cutoff         =       0.500000  Inner Cutoff           =       8.000000
List Cutoff            =      13.500000  Outer Cutoff           =      12.000000
QC/MM Coupling         =    RC Coupling  Use Centering          =          False
--------------------------------------------------------------------------------

-------------------------- Pairlist Generator Summary --------------------------
Cell Size              =          6.750  Cutoff                 =         13.500
Cutoff Cell Size Factor =          0.500  Grid Cell/Cell Method  =           True
Minimum Cell Extent    =              2  Minimum Cell Size      =          3.000
Minimum Extent Factor  =          1.500  Minimum Points         =            500
Sort Indices           =          False
--------------------------------------------------------------------------------

----------------------- SoftConstraint Container Summary -----------------------
Multiple Distance      =              2
--------------------------------------------------------------------------------

---------------------------- Hard Constraint Container Summary ---------------------------
Number of Charge Constraints  =            0  Number of Fixed Atoms         =         1351
------------------------------------------------------------------------------------------

------------------------------- Sequence Summary -------------------------------
Number of Atoms            =       2173  Number of Components       =        213
Number of Entities         =          1  Number of Linear Polymers  =          0
Number of Links            =          0  Number of Variants         =          0
--------------------------------------------------------------------------------

-------------------------------  Conjugate Gradient Minimizer Options ------------------------------
Beta Type                        =              1  Initial Step                     =            0.1
Line Searcher                    =           None  Log Frequency                    =              1
Maximum Iterations               =           5000  Maximum Theta                    =          1e+10
Minimum Theta                    =          1e-10  RMS Gradient Tolerance           =            0.1
Steepest Descent Tolerance       =          0.001  Use Spectral Theta               =           True
----------------------------------------------------------------------------------------------------

----------------------------------------------------------------------------------------------------------------
  Iteration       Function          RMS Gradient        Max. |Grad.|          RMS Disp.         Max. |Disp.|
----------------------------------------------------------------------------------------------------------------
     0     I      -9489.00768624         39.45478182       1533.48841481          0.00201374          0.07826801
     1   L1s      -9525.94851881          3.02803321         74.97281069          0.00076265          0.01883104
     2   L1s      -9526.30102335          2.12527582         53.46015254          0.00009442          0.00286910
     3   L1s      -9526.93644680          1.90770790         48.84722156          0.00029796          0.01062352
     4   L1s      -9527.62539271          1.13482377         29.33445066          0.00043056          0.01045998
     5   L1s      -9527.74794063          1.32009207         33.39530482          0.00011648          0.00234645
     6   L1s      -9527.83160476          0.78968872         22.82218702          0.00009445          0.00238146
     7   L1s      -9527.96412560          0.72957868         14.50459430          0.00020268          0.00477703
     8   L0s      -9528.07567250          1.06132233         26.95115673          0.00020268          0.00491347
     9   L1s      -9528.13298010          0.57355296         11.14040412          0.00011573          0.00263743
    10   L1s      -9528.16654167          0.45683503          9.80099835          0.00009024          0.00156421
    11   L1s      -9528.21374857          0.55442132         13.05186017          0.00015208          0.00255170
    12   L1s      -9528.22760838          0.45406595          7.70560657          0.00004900          0.00083845
    13   L1s      -9528.25915694          0.30182602          6.32820846          0.00012490          0.00199970
    14   L1s      -9528.26813843          0.42627531         14.61906144          0.00004292          0.00066515
    15   L1s      -9528.28662846          0.29355445          4.64025604          0.00009510          0.00137712
    16   L0s      -9528.30409734          0.25342066          4.36565231          0.00009510          0.00136596
    17   L1s      -9528.31344876          0.28832784          7.57569932          0.00005885          0.00086713
    18   L1s      -9528.31817098          0.26245494          5.58035305          0.00003383          0.00051285
    19   L1s      -9528.32628073          0.22623674          4.70235568          0.00006327          0.00107905
    20   L1s      -9528.33039635          0.27826768          8.66213774          0.00003535          0.00052224
    21   L1s      -9528.33792289          0.16116398          1.99355318          0.00006826          0.00101098
    22   L1s      -9528.34282287          0.16146045          1.84581528          0.00005079          0.00085063
    23   L1s      -9528.34629454          0.26450550          6.90450676          0.00003998          0.00068137
    24   L1s      -9528.35063002          0.17001037          3.15913960          0.00005166          0.00083869
    25   L0s      -9528.35500936          0.15053761          2.25425080          0.00005166          0.00077218
    26   L1s      -9528.35763979          0.21332337          5.04145228          0.00003381          0.00049153
    27   L1s      -9528.36132212          0.13827028          2.45373112          0.00005114          0.00069640
    28   L1s      -9528.36426209          0.16713884          3.27587249          0.00004432          0.00059112
    29   L1s      -9528.36597893          0.17825046          4.14847801          0.00002719          0.00036496
    30   L1s      -9528.37013503          0.12670554          1.48767289          0.00006849          0.00082823
    31   L0s      -9528.37413218          0.14865700          2.77668951          0.00006849          0.00076121
    32   L1s      -9528.37621052          0.18576396          5.09171336          0.00003776          0.00040264
    33   L1s      -9528.37844727          0.12768104          1.74401286          0.00004256          0.00043834
    34   L0s      -9528.38055320          0.15832728          4.74483894          0.00004256          0.00044084
    35   L1s      -9528.38191651          0.12171446          2.21876206          0.00002835          0.00030152
    36   L1s      -9528.38480053          0.10994576          1.50485982          0.00006231          0.00068238
    37   L1s      -9528.38683178          0.17340904          4.21794900          0.00004639          0.00050898
    38   L1s      -9528.38827021          0.11818103          1.59132045          0.00003353          0.00036599
    39   L1s      -9528.39125494          0.12607123          2.16856741          0.00007254          0.00077343
    40   L0s      -9528.39417280          0.13993955          2.55207617          0.00007254          0.00075499
    41   L1s      -9528.39536190          0.14895740          2.80379494          0.00003043          0.00031169
    42   L1s      -9528.39769500          0.10979003          1.26211838          0.00006162          0.00062361
    43   L1s      -9528.40084314          0.13423667          2.34252732          0.00008635          0.00088096
    44   L1s      -9528.40269750          0.19416022          6.09079579          0.00005208          0.00053280
    45   L1s      -9528.40557227          0.12990891          1.64067068          0.00008163          0.00082564
    46   L1s      -9528.40764125          0.18532581          5.83633311          0.00006015          0.00059718
    47   L0s      -9528.40985057          0.12307325          2.11439443          0.00006015          0.00053951
    48   L1s      -9528.41250812          0.13104869          2.71075270          0.00006750          0.00055420
    49   L1s      -9528.41456836          0.20229546          5.35616049          0.00005688          0.00048424
    50   L1s      -9528.41711717          0.13263822          2.43311705          0.00007111          0.00064483
    51   L1s      -9528.42053219          0.16690778          3.54801344          0.00009752          0.00090373
    52   L1s      -9528.42206899          0.14502355          3.36297087          0.00004452          0.00042024
    53   L1s      -9528.42484277          0.12792531          2.64927170          0.00008185          0.00077496
    54   L1s      -9528.42631948          0.16963049          5.05598704          0.00004458          0.00042076
    55   L1s      -9528.42835392          0.12023291          2.59625059          0.00006219          0.00057628
    56   L1s      -9528.43112785          0.12741490          2.27308477          0.00008685          0.00078259
    57   L1s      -9528.43288254          0.19396467          6.35801682          0.00005607          0.00049783
    58   L1s      -9528.43585260          0.13523511          1.94397194          0.00009573          0.00081654
    59   L1s      -9528.43794968          0.17753348          4.61462050          0.00006873          0.00057143
    60   L0s      -9528.43986799          0.14487396          2.45401979          0.00006873          0.00058345
    61   L1s      -9528.44295843          0.10815387          1.22113455          0.00011602          0.00108516
    62   L1s      -9528.44458008          0.18321999          4.77185915          0.00005406          0.00051879
    63   L1s      -9528.44662502          0.11971910          1.96959162          0.00006877          0.00068734
    64   L1s      -9528.44935637          0.11013462          1.62409816          0.00009369          0.00095672
    65   L1s      -9528.45137557          0.16111212          4.75952583          0.00007083          0.00072497
    66   L1s      -9528.45278948          0.13158644          2.27506410          0.00005011          0.00050975
    67   L1s      -9528.45523076          0.13515761          3.73290969          0.00008781          0.00086982
    68   L1s      -9528.45632889          0.13039621          3.18745758          0.00004005          0.00038156
    69   L1s      -9528.45829937          0.08707454          1.41186501          0.00007291          0.00061608
----------------------------------------------------------------------------------------------------------------

Minimization converged.

-------------------  Conjugate Gradient Minimizer Statistics -------------------
Iterations             =             69  Function Calls         =            131
--------------------------------------------------------------------------------
