
#-----------------------------------------------------------------------------#
#                                                                             #
#                                EasyHybrid                                   #
#                   - A pDynamo graphical user interface -                    #
#                                                                             #
#-----------------------------------------------------------------------------#
#                                                                             #
#     Developed by Jose Fernando R Bachega and Luis Fernando S M Timmers      #
#                            <ferbachega@gmail.com>                           #
#                                                                             #
#             visit: https://sites.google.com/site/EasyHybrid/                #
#                   Univesity of Sao Paulo - SP, Brazil                       #
#      Pontifical Catholic University of Rio Grande do Sul - RS, Brazil       #
#                                                                             #
#                                                                             #
#   EasyHybrid team:                               Special thanks to:         #
#   - Jose Fernando R Bachega           |         - Fernando V Maluf          #
#   - Michele Silva                     |                                     #
#   - Luis Fernando S M Timmers         |                                     #
#   - Martin Field                      |         - Leonardo R Bachega        #
#   - Troy Wymore                       |         - Lucas Assirati            #
#   - Osmar Norberto de Souza           |         - Richard Garratt           #
#   - Walter R Paixao-Cortes            |                                     #
#                                                                             #
#   Cite this work as:                                                        #
#   J.F.R. Bachega, L.F.S.M. Timmers, L.Assirati, L.B. Bachega, M.J. Field,   #
#   T. Wymore. J. Comput. Chem. 2013, 34, 2190-2196. DOI: 10.1002/jcc.23346   #
#                                                                             #
#-----------------------------------------------------------------------------#

Generated on Wed Jun  5 17:35:59 2019


--------------------------------------------------------------------------------
                       Summary for System "Pruned System"
--------------------------------------------------------------------------------

---------------------------- Atom Container Summary ----------------------------
Number of Atoms        =           2173  Number of Heavy Atoms  =           1040
Number of Hydrogens    =           1133  Number of Unknowns     =              0
--------------------------------------------------------------------------------

----------------------------- Connectivity Summary -----------------------------
Atoms                  =           2173
--------------------------------------------------------------------------------

------------------------------- Electronic State -------------------------------
Charge                 =             -1  Multiplicity           =              1
--------------------------------------------------------------------------------

--------------------------------------------------------------------------------
                    Summary for Energy Model "AMBER/AM1/ABFS"
--------------------------------------------------------------------------------

----------------------------------- Summary for MM Model "AMBER" -----------------------------------
LJ 1-4 Scaling                   =          0.500  El. 1-4 Scaling                  =          0.833
Number of MM Atoms               =           2173  Number of MM Atom Types          =             37
Number of Inactive MM Atoms      =             33  Total MM Charge                  =          -4.00
Harmonic Bond Terms              =           2169  Harmonic Bond Parameters         =             49
Harmonic Bond Inactive           =           1308  Fourier Improper Terms           =            320
Fourier Improper Parameters      =              3  Fourier Improper Inactive        =            164
Harmonic Angle Terms             =           3403  Harmonic Angle Parameters        =            103
Harmonic Angle Inactive          =           1938  Fourier Dihedral Terms           =           6697
Fourier Dihedral Parameters      =             48  Fourier Dihedral Inactive        =           3453
Exclusions                       =          10377  1-4 Interactions                 =           4805
LJ Parameters Form               =          AMBER  LJ Parameters Types              =             21
1-4 Lennard-Jones Form           =          AMBER  1-4 Lennard-Jones Types          =             21
----------------------------------------------------------------------------------------------------

-------------------------- Summary for QC Model "AM1" --------------------------
Number of QC Atoms     =             39  Boundary Atoms         =              6
Nuclear Charge         =            129  Orbital Functions      =            108
Fitting Functions      =              0  Energy Base Line       =      188.36370
QC Parameter Centers   =              6
--------------------------------------------------------------------------------

----------------------------- ABFS NB Model Summary ----------------------------
Dielectric             =       1.000000  El. 1-4 Scaling        =       0.833333
Damping Cutoff         =       0.500000  Inner Cutoff           =       8.000000
List Cutoff            =      13.500000  Outer Cutoff           =      12.000000
QC/MM Coupling         =    RC Coupling  Use Centering          =          False
--------------------------------------------------------------------------------

-------------------------- Pairlist Generator Summary --------------------------
Cell Size              =          6.750  Cutoff                 =         13.500
Cutoff Cell Size Factor =          0.500  Grid Cell/Cell Method  =           True
Minimum Cell Extent    =              2  Minimum Cell Size      =          3.000
Minimum Extent Factor  =          1.500  Minimum Points         =            500
Sort Indices           =          False
--------------------------------------------------------------------------------

----------------------- SoftConstraint Container Summary -----------------------
Multiple Distance      =              2
--------------------------------------------------------------------------------

---------------------------- Hard Constraint Container Summary ---------------------------
Number of Charge Constraints  =            0  Number of Fixed Atoms         =         1351
------------------------------------------------------------------------------------------

------------------------------- Sequence Summary -------------------------------
Number of Atoms            =       2173  Number of Components       =        213
Number of Entities         =          1  Number of Linear Polymers  =          0
Number of Links            =          0  Number of Variants         =          0
--------------------------------------------------------------------------------

-------------------------------  Conjugate Gradient Minimizer Options ------------------------------
Beta Type                        =              1  Initial Step                     =            0.1
Line Searcher                    =           None  Log Frequency                    =              1
Maximum Iterations               =           5000  Maximum Theta                    =          1e+10
Minimum Theta                    =          1e-10  RMS Gradient Tolerance           =            0.1
Steepest Descent Tolerance       =          0.001  Use Spectral Theta               =           True
----------------------------------------------------------------------------------------------------

----------------------------------------------------------------------------------------------------------------
  Iteration       Function          RMS Gradient        Max. |Grad.|          RMS Disp.         Max. |Disp.|
----------------------------------------------------------------------------------------------------------------
     0     I      -9502.33620796         36.20155054       1340.57763010          0.00201374          0.07457071
     1   L1s      -9537.39949192          3.18223685         71.21768613          0.00078022          0.01613576
     2   L1s      -9538.67558168          5.25830215        173.12777564          0.00032634          0.00764589
     3   L1s      -9540.27060642          2.06152213         53.68818632          0.00047568          0.01353001
     4   L1s      -9540.96365639          1.39259302         31.31321345          0.00034499          0.00904865
     5   L1s      -9541.13271533          1.70499112         42.68145879          0.00012994          0.00379199
     6   L1s      -9541.42895871          1.24700543         20.21528665          0.00026858          0.00690963
     7   L1s      -9541.56524106          1.22118888         36.27181921          0.00015239          0.00348783
     8   L1s      -9541.63137433          0.73350608         13.01987892          0.00008603          0.00177113
     9   L1s      -9541.71128963          0.48364409          9.07874772          0.00013672          0.00247302
    10   L1s      -9541.74295491          0.49115587          8.96486644          0.00007600          0.00134218
    11   L1s      -9541.76225930          0.55562383          9.96925415          0.00005614          0.00113076
    12   L1s      -9541.78889339          0.46341556          9.61648382          0.00008668          0.00180626
    13   L1s      -9541.80832051          0.61389252         13.79534814          0.00007173          0.00182470
    14   L1s      -9541.84518489          0.36865126          5.68792050          0.00014462          0.00372986
    15   L1s      -9541.88899296          0.47142585          7.72089147          0.00019658          0.00477709
    16   L1s      -9541.90791685          0.56091624         14.85507752          0.00009097          0.00221924
    17   L0s      -9541.92707794          0.34199066          6.51253173          0.00009097          0.00226838
    18   L1s      -9541.94308269          0.43389365         11.46333673          0.00007920          0.00196277
    19   L1s      -9541.95595452          0.35671757          6.50785305          0.00006965          0.00171199
    20   L1s      -9541.97193723          0.23031829          3.44478079          0.00009382          0.00219358
    21   L1s      -9541.98082024          0.33153251          8.28571978          0.00006051          0.00123074
    22   L1s      -9541.98586591          0.22036604          5.17511228          0.00003652          0.00072720
    23   L1s      -9541.99289772          0.25483638          6.84862098          0.00005708          0.00123209
    24   L1s      -9541.99652506          0.19292225          3.77214368          0.00003161          0.00052696
    25   L1s      -9542.00113082          0.14058093          2.12742611          0.00004459          0.00067084
    26   L1s      -9542.00591120          0.20186303          4.56312637          0.00005391          0.00089481
    27   L1s      -9542.00804277          0.16959255          4.14722587          0.00002551          0.00032025
    28   L1s      -9542.01093801          0.15118635          2.49574734          0.00003732          0.00044554
    29   L1s      -9542.01254680          0.15697701          3.72278380          0.00002246          0.00022963
    30   L1s      -9542.01525755          0.12630874          1.80880093          0.00004036          0.00035760
    31   L1s      -9542.01883094          0.12510000          1.82436855          0.00005794          0.00070430
    32   L1s      -9542.02022639          0.16988412          4.72496102          0.00002437          0.00022672
    33   L1s      -9542.02336111          0.16256852          3.73020022          0.00005674          0.00056315
    34   L1s      -9542.02531104          0.16500346          4.04242896          0.00003661          0.00039498
    35   L0s      -9542.02738512          0.12769666          2.90369735          0.00003661          0.00033274
    36   L1s      -9542.03187517          0.16375038          2.69806020          0.00007986          0.00073739
    37   L1s      -9542.03365888          0.17786262          3.98404580          0.00003430          0.00032044
    38   L1s      -9542.03672521          0.16418013          3.00206149          0.00006061          0.00057366
    39   L1s      -9542.03917743          0.20699385          5.06719174          0.00004995          0.00047721
    40   L1s      -9542.04291086          0.14243409          2.81023070          0.00007745          0.00075654
    41   L0s      -9542.04618833          0.17614838          3.82969908          0.00007745          0.00076806
    42   L1s      -9542.04782666          0.17884794          4.20874213          0.00003808          0.00038058
    43   L1s      -9542.05170114          0.16572056          3.16166298          0.00008451          0.00084480
    44   L1s      -9542.05391984          0.18932902          5.28177368          0.00004959          0.00049437
    45   L1s      -9542.05738074          0.14855790          3.23096417          0.00007876          0.00077740
    46   L0s      -9542.06083639          0.22443519          5.88712376          0.00007876          0.00077578
    47   L1s      -9542.06357831          0.17457693          3.31208750          0.00006424          0.00063538
    48   L1s      -9542.06923418          0.20301325          5.50556781          0.00014088          0.00139999
    49   L1s      -9542.07199273          0.19972669          3.98780522          0.00006959          0.00069384
    50   L1s      -9542.07694293          0.18917349          4.59704561          0.00012653          0.00125676
    51   L0s      -9542.08177292          0.25532228          8.00121115          0.00012653          0.00125031
    52   L1s      -9542.08457265          0.14533685          2.81036636          0.00007351          0.00071213
    53   L1s      -9542.08774227          0.16078569          3.95616919          0.00008228          0.00078971
    54   L1s      -9542.08942086          0.15273206          3.63450644          0.00004438          0.00042315
    55   L1s      -9542.09250314          0.14838958          3.20257290          0.00008314          0.00078814
    56   L1s      -9542.09486856          0.20776244          4.93204142          0.00006512          0.00061322
    57   L0s      -9542.09731683          0.11554675          1.80250527          0.00006512          0.00058435
    58   L1s      -9542.09947056          0.14471967          3.66319796          0.00005379          0.00046481
    59   L1s      -9542.10070431          0.12449589          2.69428925          0.00003232          0.00027111
    60   L1s      -9542.10281378          0.14309249          3.61211010          0.00005694          0.00047440
    61   L1s      -9542.10392012          0.12987679          2.28699474          0.00003051          0.00025345
    62   L1s      -9542.10590856          0.10364689          2.12573134          0.00005623          0.00046876
    63   L1s      -9542.10747019          0.14436428          3.39163765          0.00004583          0.00038169
    64   L1s      -9542.10860014          0.10802748          2.28075992          0.00003376          0.00027904
    65   L1s      -9542.11014133          0.14747648          4.14443796          0.00004749          0.00038852
    66   L1s      -9542.11133835          0.10581410          2.29762436          0.00003747          0.00029820
    67   L1s      -9542.11326948          0.11486198          2.65628453          0.00006222          0.00048195
    68   L1s      -9542.11455502          0.15524145          3.41551056          0.00004240          0.00032390
    69   L1s      -9542.11615639          0.11054687          2.43608042          0.00005347          0.00040817
    70   L0s      -9542.11760607          0.16074682          4.99332831          0.00005347          0.00040937
    71   L0s      -9542.11905402          0.10312969          2.00724009          0.00005347          0.00041148
    72   L0s      -9542.12065683          0.12789258          2.77014261          0.00005347          0.00041259
    73   L1s      -9542.12159639          0.12317439          2.32414175          0.00003130          0.00024212
    74   L1s      -9542.12318681          0.09684185          2.01005012          0.00005368          0.00041676
----------------------------------------------------------------------------------------------------------------

Minimization converged.

-------------------  Conjugate Gradient Minimizer Statistics -------------------
Iterations             =             74  Function Calls         =            140
--------------------------------------------------------------------------------
