
#-----------------------------------------------------------------------------#
#                                                                             #
#                                EasyHybrid                                   #
#                   - A pDynamo graphical user interface -                    #
#                                                                             #
#-----------------------------------------------------------------------------#
#                                                                             #
#     Developed by Jose Fernando R Bachega and Luis Fernando S M Timmers      #
#                            <ferbachega@gmail.com>                           #
#                                                                             #
#             visit: https://sites.google.com/site/EasyHybrid/                #
#                   Univesity of Sao Paulo - SP, Brazil                       #
#      Pontifical Catholic University of Rio Grande do Sul - RS, Brazil       #
#                                                                             #
#                                                                             #
#   EasyHybrid team:                               Special thanks to:         #
#   - Jose Fernando R Bachega           |         - Fernando V Maluf          #
#   - Michele Silva                     |                                     #
#   - Luis Fernando S M Timmers         |                                     #
#   - Martin Field                      |         - Leonardo R Bachega        #
#   - Troy Wymore                       |         - Lucas Assirati            #
#   - Osmar Norberto de Souza           |         - Richard Garratt           #
#   - Walter R Paixao-Cortes            |                                     #
#                                                                             #
#   Cite this work as:                                                        #
#   J.F.R. Bachega, L.F.S.M. Timmers, L.Assirati, L.B. Bachega, M.J. Field,   #
#   T. Wymore. J. Comput. Chem. 2013, 34, 2190-2196. DOI: 10.1002/jcc.23346   #
#                                                                             #
#-----------------------------------------------------------------------------#

Generated on Wed Jun  5 17:31:03 2019


--------------------------------------------------------------------------------
                       Summary for System "Pruned System"
--------------------------------------------------------------------------------

---------------------------- Atom Container Summary ----------------------------
Number of Atoms        =           2173  Number of Heavy Atoms  =           1040
Number of Hydrogens    =           1133  Number of Unknowns     =              0
--------------------------------------------------------------------------------

----------------------------- Connectivity Summary -----------------------------
Atoms                  =           2173
--------------------------------------------------------------------------------

------------------------------- Electronic State -------------------------------
Charge                 =             -1  Multiplicity           =              1
--------------------------------------------------------------------------------

--------------------------------------------------------------------------------
                    Summary for Energy Model "AMBER/AM1/ABFS"
--------------------------------------------------------------------------------

----------------------------------- Summary for MM Model "AMBER" -----------------------------------
LJ 1-4 Scaling                   =          0.500  El. 1-4 Scaling                  =          0.833
Number of MM Atoms               =           2173  Number of MM Atom Types          =             37
Number of Inactive MM Atoms      =             33  Total MM Charge                  =          -4.00
Harmonic Bond Terms              =           2169  Harmonic Bond Parameters         =             49
Harmonic Bond Inactive           =           1308  Fourier Improper Terms           =            320
Fourier Improper Parameters      =              3  Fourier Improper Inactive        =            164
Harmonic Angle Terms             =           3403  Harmonic Angle Parameters        =            103
Harmonic Angle Inactive          =           1938  Fourier Dihedral Terms           =           6697
Fourier Dihedral Parameters      =             48  Fourier Dihedral Inactive        =           3453
Exclusions                       =          10377  1-4 Interactions                 =           4805
LJ Parameters Form               =          AMBER  LJ Parameters Types              =             21
1-4 Lennard-Jones Form           =          AMBER  1-4 Lennard-Jones Types          =             21
----------------------------------------------------------------------------------------------------

-------------------------- Summary for QC Model "AM1" --------------------------
Number of QC Atoms     =             39  Boundary Atoms         =              6
Nuclear Charge         =            129  Orbital Functions      =            108
Fitting Functions      =              0  Energy Base Line       =      188.36370
QC Parameter Centers   =              6
--------------------------------------------------------------------------------

----------------------------- ABFS NB Model Summary ----------------------------
Dielectric             =       1.000000  El. 1-4 Scaling        =       0.833333
Damping Cutoff         =       0.500000  Inner Cutoff           =       8.000000
List Cutoff            =      13.500000  Outer Cutoff           =      12.000000
QC/MM Coupling         =    RC Coupling  Use Centering          =          False
--------------------------------------------------------------------------------

-------------------------- Pairlist Generator Summary --------------------------
Cell Size              =          6.750  Cutoff                 =         13.500
Cutoff Cell Size Factor =          0.500  Grid Cell/Cell Method  =           True
Minimum Cell Extent    =              2  Minimum Cell Size      =          3.000
Minimum Extent Factor  =          1.500  Minimum Points         =            500
Sort Indices           =          False
--------------------------------------------------------------------------------

----------------------- SoftConstraint Container Summary -----------------------
Multiple Distance      =              2
--------------------------------------------------------------------------------

---------------------------- Hard Constraint Container Summary ---------------------------
Number of Charge Constraints  =            0  Number of Fixed Atoms         =         1351
------------------------------------------------------------------------------------------

------------------------------- Sequence Summary -------------------------------
Number of Atoms            =       2173  Number of Components       =        213
Number of Entities         =          1  Number of Linear Polymers  =          0
Number of Links            =          0  Number of Variants         =          0
--------------------------------------------------------------------------------

-------------------------------  Conjugate Gradient Minimizer Options ------------------------------
Beta Type                        =              1  Initial Step                     =            0.1
Line Searcher                    =           None  Log Frequency                    =              1
Maximum Iterations               =           5000  Maximum Theta                    =          1e+10
Minimum Theta                    =          1e-10  RMS Gradient Tolerance           =            0.1
Steepest Descent Tolerance       =          0.001  Use Spectral Theta               =           True
----------------------------------------------------------------------------------------------------

----------------------------------------------------------------------------------------------------------------
  Iteration       Function          RMS Gradient        Max. |Grad.|          RMS Disp.         Max. |Disp.|
----------------------------------------------------------------------------------------------------------------
     0     I      -9369.78729838         36.72710098       1334.50588485          0.00201374          0.07317072
     1   L1s      -9404.99976877          3.37035917         80.16718686          0.00077206          0.01692968
     2   L1s      -9406.11487166          4.86151621        167.19477812          0.00026960          0.00692075
     3   L1s      -9407.96933932          2.09404247         56.30615727          0.00054346          0.01394993
     4   L1s      -9408.66183423          1.15540671         30.70020419          0.00033970          0.00834056
     5   L1s      -9408.88907753          1.87563544         49.83753946          0.00019589          0.00507271
     6   L0s      -9409.10652191          1.12343349         18.54948347          0.00019589          0.00414585
     7   L1s      -9409.24567054          0.97519786         23.26613207          0.00015275          0.00272488
     8   L1s      -9409.30414635          0.89892581         18.75263273          0.00008347          0.00158024
     9   L1s      -9409.38448797          0.52720920         10.95132088          0.00013577          0.00234882
    10   L1s      -9409.42033434          0.52597332         14.81603534          0.00008196          0.00151378
    11   L1s      -9409.43992407          0.53547584         11.47960515          0.00005397          0.00113979
    12   L1s      -9409.47612171          0.45274513          8.31492769          0.00011382          0.00225985
    13   L1s      -9409.51610162          0.53655098         12.86249101          0.00014466          0.00335641
    14   L1s      -9409.53056194          0.44424479          9.13632316          0.00005666          0.00129369
    15   L1s      -9409.57925567          0.55304613         12.65506013          0.00021072          0.00533779
    16   L1s      -9409.59760372          0.49552736         11.08593275          0.00008384          0.00203248
    17   L1s      -9409.62064617          0.36943596          6.50076801          0.00011156          0.00273142
    18   L0s      -9409.64336044          0.32792356          5.40564312          0.00011156          0.00247635
    19   L1s      -9409.65403521          0.39653435         10.27882272          0.00005843          0.00147886
    20   L1s      -9409.66605809          0.22931686          3.04482709          0.00007339          0.00163863
    21   L0s      -9409.67637416          0.28660425          4.98551330          0.00007339          0.00162347
    22   L1s      -9409.68163290          0.28665110          7.12458919          0.00004011          0.00081069
    23   L1s      -9409.69000142          0.18720725          2.76667953          0.00006763          0.00135419
    24   L1s      -9409.69408738          0.24776072          5.81329666          0.00003741          0.00060779
    25   L0s      -9409.69788298          0.15079694          2.15771256          0.00003741          0.00054973
    26   L1s      -9409.70278363          0.16361540          3.24352887          0.00005581          0.00082319
    27   L1s      -9409.70574944          0.19315486          5.03779359          0.00003660          0.00051949
    28   L1s      -9409.70828038          0.15386920          3.21651672          0.00003300          0.00045417
    29   L1s      -9409.71158371          0.12460048          1.74204999          0.00004646          0.00060815
    30   L1s      -9409.71349604          0.18764896          5.37926004          0.00002964          0.00040065
    31   L1s      -9409.71593813          0.12529961          1.94912744          0.00003930          0.00054968
    32   L1s      -9409.71905106          0.15817241          4.79808945          0.00005398          0.00092911
    33   L1s      -9409.72031347          0.11638264          1.92129283          0.00002283          0.00032558
    34   L1s      -9409.72268962          0.11108630          1.50262726          0.00004606          0.00064092
    35   L0s      -9409.72479535          0.14388279          3.20810914          0.00004606          0.00069777
    36   L1s      -9409.72607710          0.13299922          2.23401984          0.00002825          0.00033608
    37   L1s      -9409.72811119          0.10005037          1.35052662          0.00004402          0.00050845
    38   L1s      -9409.72960547          0.14268445          3.74284684          0.00003454          0.00047372
    39   L1s      -9409.73082317          0.11199247          1.56682210          0.00002898          0.00029730
    40   L1s      -9409.73252970          0.09341905          1.25835155          0.00004246          0.00046604
----------------------------------------------------------------------------------------------------------------

Minimization converged.

-------------------  Conjugate Gradient Minimizer Statistics -------------------
Iterations             =             40  Function Calls         =             76
--------------------------------------------------------------------------------
