
#-----------------------------------------------------------------------------#
#                                                                             #
#                                EasyHybrid                                   #
#                   - A pDynamo graphical user interface -                    #
#                                                                             #
#-----------------------------------------------------------------------------#
#                                                                             #
#     Developed by Jose Fernando R Bachega and Luis Fernando S M Timmers      #
#                            <ferbachega@gmail.com>                           #
#                                                                             #
#             visit: https://sites.google.com/site/EasyHybrid/                #
#                   Univesity of Sao Paulo - SP, Brazil                       #
#      Pontifical Catholic University of Rio Grande do Sul - RS, Brazil       #
#                                                                             #
#                                                                             #
#   EasyHybrid team:                               Special thanks to:         #
#   - Jose Fernando R Bachega           |         - Fernando V Maluf          #
#   - Michele Silva                     |                                     #
#   - Luis Fernando S M Timmers         |                                     #
#   - Martin Field                      |         - Leonardo R Bachega        #
#   - Troy Wymore                       |         - Lucas Assirati            #
#   - Osmar Norberto de Souza           |         - Richard Garratt           #
#   - Walter R Paixao-Cortes            |                                     #
#                                                                             #
#   Cite this work as:                                                        #
#   J.F.R. Bachega, L.F.S.M. Timmers, L.Assirati, L.B. Bachega, M.J. Field,   #
#   T. Wymore. J. Comput. Chem. 2013, 34, 2190-2196. DOI: 10.1002/jcc.23346   #
#                                                                             #
#-----------------------------------------------------------------------------#

Generated on Wed Jun  5 17:23:48 2019


--------------------------------------------------------------------------------
                       Summary for System "Pruned System"
--------------------------------------------------------------------------------

---------------------------- Atom Container Summary ----------------------------
Number of Atoms        =           2173  Number of Heavy Atoms  =           1040
Number of Hydrogens    =           1133  Number of Unknowns     =              0
--------------------------------------------------------------------------------

----------------------------- Connectivity Summary -----------------------------
Atoms                  =           2173
--------------------------------------------------------------------------------

------------------------------- Electronic State -------------------------------
Charge                 =             -1  Multiplicity           =              1
--------------------------------------------------------------------------------

--------------------------------------------------------------------------------
                    Summary for Energy Model "AMBER/AM1/ABFS"
--------------------------------------------------------------------------------

----------------------------------- Summary for MM Model "AMBER" -----------------------------------
LJ 1-4 Scaling                   =          0.500  El. 1-4 Scaling                  =          0.833
Number of MM Atoms               =           2173  Number of MM Atom Types          =             37
Number of Inactive MM Atoms      =             33  Total MM Charge                  =          -4.00
Harmonic Bond Terms              =           2169  Harmonic Bond Parameters         =             49
Harmonic Bond Inactive           =           1308  Fourier Improper Terms           =            320
Fourier Improper Parameters      =              3  Fourier Improper Inactive        =            164
Harmonic Angle Terms             =           3403  Harmonic Angle Parameters        =            103
Harmonic Angle Inactive          =           1938  Fourier Dihedral Terms           =           6697
Fourier Dihedral Parameters      =             48  Fourier Dihedral Inactive        =           3453
Exclusions                       =          10377  1-4 Interactions                 =           4805
LJ Parameters Form               =          AMBER  LJ Parameters Types              =             21
1-4 Lennard-Jones Form           =          AMBER  1-4 Lennard-Jones Types          =             21
----------------------------------------------------------------------------------------------------

-------------------------- Summary for QC Model "AM1" --------------------------
Number of QC Atoms     =             39  Boundary Atoms         =              6
Nuclear Charge         =            129  Orbital Functions      =            108
Fitting Functions      =              0  Energy Base Line       =      188.36370
QC Parameter Centers   =              6
--------------------------------------------------------------------------------

----------------------------- ABFS NB Model Summary ----------------------------
Dielectric             =       1.000000  El. 1-4 Scaling        =       0.833333
Damping Cutoff         =       0.500000  Inner Cutoff           =       8.000000
List Cutoff            =      13.500000  Outer Cutoff           =      12.000000
QC/MM Coupling         =    RC Coupling  Use Centering          =          False
--------------------------------------------------------------------------------

-------------------------- Pairlist Generator Summary --------------------------
Cell Size              =          6.750  Cutoff                 =         13.500
Cutoff Cell Size Factor =          0.500  Grid Cell/Cell Method  =           True
Minimum Cell Extent    =              2  Minimum Cell Size      =          3.000
Minimum Extent Factor  =          1.500  Minimum Points         =            500
Sort Indices           =          False
--------------------------------------------------------------------------------

----------------------- SoftConstraint Container Summary -----------------------
Multiple Distance      =              2
--------------------------------------------------------------------------------

---------------------------- Hard Constraint Container Summary ---------------------------
Number of Charge Constraints  =            0  Number of Fixed Atoms         =         1351
------------------------------------------------------------------------------------------

------------------------------- Sequence Summary -------------------------------
Number of Atoms            =       2173  Number of Components       =        213
Number of Entities         =          1  Number of Linear Polymers  =          0
Number of Links            =          0  Number of Variants         =          0
--------------------------------------------------------------------------------

-------------------------------  Conjugate Gradient Minimizer Options ------------------------------
Beta Type                        =              1  Initial Step                     =            0.1
Line Searcher                    =           None  Log Frequency                    =              1
Maximum Iterations               =           5000  Maximum Theta                    =          1e+10
Minimum Theta                    =          1e-10  RMS Gradient Tolerance           =            0.1
Steepest Descent Tolerance       =          0.001  Use Spectral Theta               =           True
----------------------------------------------------------------------------------------------------

----------------------------------------------------------------------------------------------------------------
  Iteration       Function          RMS Gradient        Max. |Grad.|          RMS Disp.         Max. |Disp.|
----------------------------------------------------------------------------------------------------------------
     0     I      -9536.01551597         39.34076814       1568.43160783          0.00201374          0.08028348
     1   L1s      -9571.41314610          3.26736894         86.37138899          0.00073269          0.01811725
     2   L1s      -9571.97942350          3.30573187         93.22058619          0.00014070          0.00466713
     3   L1s      -9573.66372110          2.60264246         69.43746647          0.00058931          0.01918153
     4   L1s      -9574.43770620          1.36257008         32.48930786          0.00035715          0.00734854
     5   L1s      -9574.64010768          1.96092192         50.00746460          0.00014976          0.00329103
     6   L1s      -9574.84712654          1.10050679         21.71137538          0.00017539          0.00333745
     7   L1s      -9575.15843134          1.07223146         21.76232183          0.00034684          0.00811165
     8   L1s      -9575.37828033          0.87210993         18.72571328          0.00029660          0.00646999
     9   L1s      -9575.40550752          0.59321089         12.93815331          0.00004471          0.00075857
    10   L1s      -9575.46359817          0.57791556         13.82037542          0.00012399          0.00229306
    11   L1s      -9575.50210900          0.62597485         12.94618077          0.00009828          0.00179795
    12   L1s      -9575.52470979          0.51358555          9.71753954          0.00006469          0.00126726
    13   L1s      -9575.55578407          0.30144041          5.16706537          0.00010156          0.00210095
    14   L1s      -9575.57212905          0.58353983         17.59644925          0.00006911          0.00142949
    15   L1s      -9575.59057303          0.33959322          5.80977366          0.00008207          0.00185394
    16   L0s      -9575.60780821          0.23927914          3.23965176          0.00008207          0.00157773
    17   L1s      -9575.62004762          0.26570479          6.28555623          0.00006980          0.00141942
    18   L1s      -9575.62448620          0.30401423          7.74882801          0.00002947          0.00061553
    19   L1s      -9575.63420561          0.23316023          3.83463850          0.00006954          0.00145180
    20   L0s      -9575.64327566          0.27341998          6.41591537          0.00006954          0.00142042
    21   L1s      -9575.64778606          0.24048014          4.11343932          0.00003758          0.00075079
    22   L1s      -9575.65435901          0.20004735          3.19707624          0.00006142          0.00130426
    23   L1s      -9575.66114614          0.34657446          7.66349635          0.00006912          0.00145530
    24   L1s      -9575.66677583          0.18716563          2.62439481          0.00005884          0.00117404
    25   L1s      -9575.67582892          0.22410462          3.88896831          0.00010251          0.00212726
    26   L0s      -9575.68433914          0.36618215         11.54448702          0.00010251          0.00210657
    27   L1s      -9575.69081206          0.19915857          3.44669407          0.00007867          0.00157474
    28   L0s      -9575.69743481          0.31626982          9.07645449          0.00007867          0.00161557
    29   L0s      -9575.70343890          0.26668596          4.51684562          0.00007867          0.00173403
    30   L1s      -9575.71365847          0.21985976          2.71671647          0.00014744          0.00333539
    31   L0s      -9575.72358498          0.30429294          8.08589252          0.00014744          0.00333975
    32   L1s      -9575.72834364          0.27442435          4.79656148          0.00006971          0.00159132
    33   L1s      -9575.73661387          0.25333660          4.61077747          0.00011547          0.00279208
    34   L1s      -9575.74329355          0.35111050         11.17880298          0.00009543          0.00232836
    35   L1s      -9575.75187790          0.22123432          3.13369550          0.00012448          0.00300688
    36   L1s      -9575.76340997          0.21930597          2.77602113          0.00017247          0.00416170
    37   L1s      -9575.76965616          0.34976937         11.14674971          0.00009692          0.00236205
    38   L1s      -9575.77664131          0.21558244          2.74379797          0.00010948          0.00267437
    39   L1s      -9575.78576160          0.27454600          5.15740541          0.00014755          0.00351809
    40   L1s      -9575.79065310          0.27716812          7.64305943          0.00008018          0.00187976
    41   L1s      -9575.79905695          0.19638260          2.81397485          0.00014009          0.00333376
    42   L1s      -9575.80528311          0.23469107          5.31937665          0.00010684          0.00251403
    43   L1s      -9575.80843412          0.23844239          5.45348165          0.00005515          0.00129382
    44   L1s      -9575.81551796          0.19587199          2.06115866          0.00012652          0.00292806
    45   L1s      -9575.82321461          0.23509965          5.04564369          0.00014203          0.00339557
    46   L1s      -9575.82657173          0.23407872          6.30535534          0.00006286          0.00151752
    47   L1s      -9575.83346824          0.19402724          2.95954602          0.00013143          0.00307690
    48   L1s      -9575.83746336          0.26590054          6.86987601          0.00007769          0.00179238
    49   L0s      -9575.84165880          0.17844830          2.22171677          0.00007769          0.00179707
    50   L1s      -9575.85056884          0.17287786          1.88487958          0.00015773          0.00351683
    51   L1s      -9575.85572074          0.29282041          9.03730497          0.00009941          0.00215800
    52   L1s      -9575.85976919          0.17989713          3.15876756          0.00007899          0.00164592
    53   L1s      -9575.86437658          0.18156431          3.25520885          0.00009251          0.00190035
    54   L1s      -9575.86967981          0.26874211          6.91342048          0.00010921          0.00221013
    55   L1s      -9575.87340557          0.17601438          2.31390806          0.00007754          0.00154766
    56   L1s      -9575.88097389          0.26255746          4.57694702          0.00016141          0.00314901
    57   L1s      -9575.88427075          0.23122100          4.86330478          0.00007111          0.00136369
    58   L1s      -9575.89352199          0.19720438          2.20644801          0.00020241          0.00386745
    59   L0s      -9575.90182553          0.22654967          4.58612380          0.00020241          0.00370906
    60   L1s      -9575.90447310          0.23272255          6.39000157          0.00006366          0.00113831
    61   L1s      -9575.91003077          0.20261931          3.37184959          0.00012487          0.00215842
    62   L1s      -9575.91683543          0.23760401          4.60789879          0.00015542          0.00260032
    63   L1s      -9575.92019799          0.22389984          4.90009384          0.00007759          0.00126321
    64   L1s      -9575.92672285          0.18774673          2.30383624          0.00015241          0.00233268
    65   L1s      -9575.93423293          0.30015569          7.08816251          0.00017850          0.00273698
    66   L1s      -9575.93835649          0.22948540          3.36317385          0.00009858          0.00149515
    67   L1s      -9575.94680487          0.18101307          2.45900805          0.00020414          0.00295528
    68   L1s      -9575.95246427          0.17476692          2.74250483          0.00013895          0.00209351
    69   L1s      -9575.95559043          0.24272271          8.18721738          0.00007811          0.00118421
    70   L1s      -9575.95933726          0.17412159          2.61120660          0.00009451          0.00148549
    71   L1s      -9575.96405615          0.23013123          5.47715858          0.00012114          0.00191378
    72   L1s      -9575.96737466          0.22488978          4.88982865          0.00008605          0.00136340
    73   L1s      -9575.97527714          0.19657510          2.22357330          0.00020688          0.00348126
    74   L0s      -9575.98361925          0.21995810          4.31124716          0.00020688          0.00344309
    75   L1s      -9575.98674511          0.24833804          6.21709239          0.00007946          0.00132515
    76   L1s      -9575.99386852          0.19004930          2.77091464          0.00019238          0.00320573
    77   L0s      -9576.00047461          0.21105384          4.21162872          0.00019238          0.00324140
    78   L0s      -9576.00735650          0.22938890          6.14028401          0.00019238          0.00325611
    79   L1s      -9576.01050931          0.22024040          4.94237292          0.00008558          0.00142022
    80   L1s      -9576.01685482          0.19147194          3.00066075          0.00018026          0.00301925
    81   L1s      -9576.01977791          0.25260196          6.36882368          0.00008370          0.00140401
    82   L1s      -9576.02627158          0.20612898          3.63954774          0.00018713          0.00319610
    83   L0s      -9576.03278034          0.19015135          2.70484025          0.00018713          0.00325504
    84   L1s      -9576.03827350          0.27827118          6.26634319          0.00015970          0.00276907
    85   L1s      -9576.04310456          0.22642101          3.66532219          0.00014182          0.00248898
    86   L1s      -9576.05173515          0.24229597          3.78992849          0.00025578          0.00448301
    87   L1s      -9576.05741139          0.33914236          8.44167746          0.00016995          0.00300445
    88   L1s      -9576.06497226          0.20510868          2.59333853          0.00022680          0.00401598
    89   L0s      -9576.07308260          0.22027890          3.13942190          0.00022680          0.00396582
    90   L1s      -9576.07840126          0.29873183          7.90615605          0.00015170          0.00265362
    91   L1s      -9576.08586969          0.24605632          4.33866599          0.00022472          0.00389304
    92   L1s      -9576.09546450          0.22765377          2.91221704          0.00029122          0.00511577
    93   L1s      -9576.10330186          0.39622421         11.67826082          0.00023778          0.00415911
    94   L1s      -9576.11199159          0.23850758          2.62664002          0.00026505          0.00468302
    95   L1s      -9576.12513140          0.28503925          4.05039895          0.00040515          0.00721474
    96   L1s      -9576.13181299          0.33944761          9.49739738          0.00020788          0.00371255
    97   L1s      -9576.14229844          0.28031940          5.32418437          0.00032688          0.00596211
    98   L1s      -9576.15639114          0.26918589          3.78813980          0.00044102          0.00810923
    99   L0s      -9576.17116192          0.29322895          5.92051853          0.00044102          0.00818691
   100   L1s      -9576.17791526          0.34574414          9.36184835          0.00020521          0.00380244
   101   L1s      -9576.19030911          0.27457332          3.29355796          0.00039428          0.00753012
   102   L1s      -9576.19988743          0.40165604         10.56297959          0.00029941          0.00573405
   103   L0s      -9576.20884805          0.30528796          3.59566613          0.00029941          0.00576786
   104   L1s      -9576.22489949          0.33403495          5.61559848          0.00056665          0.01099968
   105   L0s      -9576.24311983          0.41139898         11.14159552          0.00056665          0.01114900
   106   L1s      -9576.25536589          0.42847035          7.28539843          0.00038577          0.00766015
   107   L1s      -9576.27914838          0.43041634          8.59049317          0.00081821          0.01643856
   108   L1s      -9576.29414283          0.47699119         14.38217713          0.00049524          0.00994160
   109   L0s      -9576.31051053          0.31840297          3.63274088          0.00049524          0.01018920
   110   L0s      -9576.33083822          0.34527645          6.44235553          0.00049524          0.01034808
   111   L1s      -9576.34720825          0.50442074         13.36012583          0.00043473          0.00923585
   112   L0s      -9576.36395370          0.37131631          5.44437165          0.00043473          0.00932741
   113   L1s      -9576.39029304          0.45211775         10.32522710          0.00065718          0.01433784
   114   L1s      -9576.40049240          0.41048716          8.59805567          0.00025987          0.00574441
   115   L1s      -9576.42635431          0.33233443          4.48972684          0.00065761          0.01488101
   116   L0s      -9576.45053019          0.53403920         14.64702712          0.00065761          0.01492900
   117   L1s      -9576.46139121          0.34833648          3.29685562          0.00027794          0.00645965
   118   L1s      -9576.48628517          0.36975150          6.55023737          0.00049883          0.01175553
   119   L1s      -9576.49830568          0.46226426         14.25208222          0.00024362          0.00568763
   120   L1s      -9576.51220227          0.34127142          5.27388523          0.00028227          0.00669236
   121   L1s      -9576.53182647          0.39948237          8.96927019          0.00039516          0.00944517
   122   L1s      -9576.54124487          0.39162333          9.76402303          0.00019048          0.00455575
   123   L1s      -9576.55759304          0.26590977          4.13018991          0.00033042          0.00792296
   124   L0s      -9576.57219777          0.37593655          9.85082237          0.00033042          0.00801692
   125   L1s      -9576.57898823          0.34263141          6.05209603          0.00014643          0.00356695
   126   L1s      -9576.59366057          0.24897956          5.31940134          0.00028155          0.00676383
   127   L1s      -9576.60023177          0.34205566         11.21752284          0.00012784          0.00312668
   128   L0s      -9576.60705972          0.21926146          3.15213703          0.00012784          0.00307888
   129   L1s      -9576.61666722          0.27750052          5.72031817          0.00017129          0.00403492
   130   L1s      -9576.62158070          0.29648932          6.08482166          0.00009080          0.00214086
   131   L1s      -9576.63175687          0.25284480          4.94782244          0.00019026          0.00438264
   132   L1s      -9576.64055574          0.31784237          9.71113963          0.00016715          0.00381614
   133   L1s      -9576.64507907          0.22187836          2.93770387          0.00008651          0.00192449
   134   L1s      -9576.65368035          0.24047856          3.79066116          0.00016732          0.00367790
   135   L1s      -9576.65900826          0.33167657          7.50462599          0.00010502          0.00224445
   136   L1s      -9576.66777856          0.18566150          2.48970201          0.00017424          0.00357864
   137   L1s      -9576.67460526          0.28922199          9.30766937          0.00013775          0.00285245
   138   L1s      -9576.67830325          0.19837130          2.80008444          0.00007526          0.00146324
   139   L1s      -9576.68599784          0.22853853          4.29886845          0.00015968          0.00300019
   140   L1s      -9576.68928669          0.24411620          6.84485948          0.00006911          0.00127927
   141   L1s      -9576.69541010          0.19586978          4.92378492          0.00013016          0.00229907
   142   L0s      -9576.70114676          0.23102180          6.19669790          0.00013016          0.00222495
   143   L1s      -9576.70388461          0.21808874          4.29604988          0.00006204          0.00102253
   144   L1s      -9576.70997001          0.18735060          2.92503408          0.00013312          0.00214963
   145   L1s      -9576.71370117          0.27795701          7.37801912          0.00008306          0.00127747
   146   L1s      -9576.71913309          0.17265619          3.13490328          0.00012198          0.00177088
   147   L0s      -9576.72452464          0.20620942          4.99088460          0.00012198          0.00176494
   148   L1s      -9576.72680329          0.19694887          4.95040608          0.00005261          0.00069901
   149   L1s      -9576.73249507          0.17623264          2.63457263          0.00013556          0.00167966
   150   L1s      -9576.73545369          0.25079209          7.70640141          0.00007168          0.00086696
   151   L1s      -9576.74042794          0.17462103          3.68122656          0.00012159          0.00137524
   152   L0s      -9576.74559670          0.19007995          4.78217417          0.00012159          0.00129967
   153   L1s      -9576.74782165          0.19120142          4.44186913          0.00005375          0.00054963
   154   L1s      -9576.75181545          0.16731962          3.73179492          0.00010339          0.00102120
   155   L0s      -9576.75571818          0.26145305          8.13833968          0.00010339          0.00097720
   156   L0s      -9576.75934902          0.18010198          2.61712021          0.00010339          0.00092246
   157   L1s      -9576.76560762          0.15288813          2.18861282          0.00019075          0.00164847
   158   L1s      -9576.76766966          0.20076835          5.38493205          0.00005819          0.00049529
   159   L1s      -9576.77061076          0.12596200          1.37541760          0.00008385          0.00068183
   160   L1s      -9576.77399203          0.21642309          6.60438679          0.00009879          0.00079361
   161   L1s      -9576.77614432          0.14521871          1.60730773          0.00006339          0.00049348
   162   L1s      -9576.78005218          0.15326437          3.07161833          0.00011719          0.00082652
   163   L1s      -9576.78274592          0.19731074          4.69469290          0.00008204          0.00055364
   164   L1s      -9576.78498318          0.14740341          2.41310897          0.00006876          0.00044457
   165   L1s      -9576.78881240          0.13502405          2.14604421          0.00011955          0.00075579
   166   L1s      -9576.79043727          0.18882016          6.18248660          0.00005167          0.00032231
   167   L1s      -9576.79336602          0.13479893          2.02681547          0.00009400          0.00057469
   168   L1s      -9576.79680872          0.19268783          4.92832683          0.00011244          0.00069163
   169   L1s      -9576.79878886          0.16566670          3.08864730          0.00006520          0.00040666
   170   L1s      -9576.80316000          0.13155819          1.97747597          0.00014552          0.00095794
   171   L1s      -9576.80595419          0.19566860          5.50030513          0.00009460          0.00063930
   172   L1s      -9576.80792457          0.14947279          2.95589037          0.00006721          0.00047267
   173   L1s      -9576.81173938          0.16877392          3.59716012          0.00013178          0.00093603
   174   L1s      -9576.81378467          0.18854912          5.15423837          0.00007133          0.00050748
   175   L1s      -9576.81653674          0.13188434          2.38842549          0.00009671          0.00068976
   176   L1s      -9576.82027379          0.14433222          2.51745351          0.00013333          0.00098226
   177   L1s      -9576.82176324          0.17313170          4.00462796          0.00005380          0.00040434
   178   L1s      -9576.82496429          0.12090388          1.74098232          0.00011660          0.00088358
   179   L1s      -9576.82742368          0.20851463          6.13340037          0.00009110          0.00068650
   180   L1s      -9576.82964436          0.13020230          1.98573567          0.00008271          0.00060610
   181   L1s      -9576.83308948          0.13328831          2.11792618          0.00013010          0.00093391
   182   L1s      -9576.83446337          0.16750087          4.09558919          0.00005255          0.00037436
   183   L1s      -9576.83744316          0.13463265          3.12943895          0.00011489          0.00081970
   184   L0s      -9576.84037838          0.15221580          3.73592695          0.00011489          0.00080339
   185   L1s      -9576.84185137          0.16565024          4.45605138          0.00005816          0.00039558
   186   L1s      -9576.84456398          0.12286722          2.11311488          0.00010767          0.00071109
   187   L1s      -9576.84677782          0.17490481          5.27829839          0.00008908          0.00058790
   188   L1s      -9576.84833140          0.12191090          1.86292806          0.00006293          0.00041786
   189   L1s      -9576.85168491          0.12602846          2.33563077          0.00013764          0.00094861
   190   L1s      -9576.85360979          0.18042984          5.55197558          0.00007998          0.00055742
   191   L0s      -9576.85542703          0.12548477          2.29414903          0.00007998          0.00055939
   192   L1s      -9576.85832180          0.16187873          4.35083223          0.00013545          0.00093559
   193   L1s      -9576.85963179          0.14109670          3.76669524          0.00005978          0.00040636
   194   L1s      -9576.86249155          0.10689139          1.52541268          0.00013153          0.00090516
   195   L1s      -9576.86454986          0.11744891          1.52059955          0.00009594          0.00066525
   196   L1s      -9576.86593078          0.15109331          3.50040867          0.00006507          0.00044952
   197   L0s      -9576.86742488          0.09620437          0.91859761          0.00006507          0.00045775
----------------------------------------------------------------------------------------------------------------

Minimization converged.

-------------------  Conjugate Gradient Minimizer Statistics -------------------
Iterations             =            197  Function Calls         =            365
--------------------------------------------------------------------------------
