
#-----------------------------------------------------------------------------#
#                                                                             #
#                                EasyHybrid                                   #
#                   - A pDynamo graphical user interface -                    #
#                                                                             #
#-----------------------------------------------------------------------------#
#                                                                             #
#     Developed by Jose Fernando R Bachega and Luis Fernando S M Timmers      #
#                            <ferbachega@gmail.com>                           #
#                                                                             #
#             visit: https://sites.google.com/site/EasyHybrid/                #
#                   Univesity of Sao Paulo - SP, Brazil                       #
#      Pontifical Catholic University of Rio Grande do Sul - RS, Brazil       #
#                                                                             #
#                                                                             #
#   EasyHybrid team:                               Special thanks to:         #
#   - Jose Fernando R Bachega           |         - Fernando V Maluf          #
#   - Michele Silva                     |                                     #
#   - Luis Fernando S M Timmers         |                                     #
#   - Martin Field                      |         - Leonardo R Bachega        #
#   - Troy Wymore                       |         - Lucas Assirati            #
#   - Osmar Norberto de Souza           |         - Richard Garratt           #
#   - Walter R Paixao-Cortes            |                                     #
#                                                                             #
#   Cite this work as:                                                        #
#   J.F.R. Bachega, L.F.S.M. Timmers, L.Assirati, L.B. Bachega, M.J. Field,   #
#   T. Wymore. J. Comput. Chem. 2013, 34, 2190-2196. DOI: 10.1002/jcc.23346   #
#                                                                             #
#-----------------------------------------------------------------------------#

Generated on Wed Jun  5 17:26:49 2019


--------------------------------------------------------------------------------
                       Summary for System "Pruned System"
--------------------------------------------------------------------------------

---------------------------- Atom Container Summary ----------------------------
Number of Atoms        =           2173  Number of Heavy Atoms  =           1040
Number of Hydrogens    =           1133  Number of Unknowns     =              0
--------------------------------------------------------------------------------

----------------------------- Connectivity Summary -----------------------------
Atoms                  =           2173
--------------------------------------------------------------------------------

------------------------------- Electronic State -------------------------------
Charge                 =             -1  Multiplicity           =              1
--------------------------------------------------------------------------------

--------------------------------------------------------------------------------
                    Summary for Energy Model "AMBER/AM1/ABFS"
--------------------------------------------------------------------------------

----------------------------------- Summary for MM Model "AMBER" -----------------------------------
LJ 1-4 Scaling                   =          0.500  El. 1-4 Scaling                  =          0.833
Number of MM Atoms               =           2173  Number of MM Atom Types          =             37
Number of Inactive MM Atoms      =             33  Total MM Charge                  =          -4.00
Harmonic Bond Terms              =           2169  Harmonic Bond Parameters         =             49
Harmonic Bond Inactive           =           1308  Fourier Improper Terms           =            320
Fourier Improper Parameters      =              3  Fourier Improper Inactive        =            164
Harmonic Angle Terms             =           3403  Harmonic Angle Parameters        =            103
Harmonic Angle Inactive          =           1938  Fourier Dihedral Terms           =           6697
Fourier Dihedral Parameters      =             48  Fourier Dihedral Inactive        =           3453
Exclusions                       =          10377  1-4 Interactions                 =           4805
LJ Parameters Form               =          AMBER  LJ Parameters Types              =             21
1-4 Lennard-Jones Form           =          AMBER  1-4 Lennard-Jones Types          =             21
----------------------------------------------------------------------------------------------------

-------------------------- Summary for QC Model "AM1" --------------------------
Number of QC Atoms     =             39  Boundary Atoms         =              6
Nuclear Charge         =            129  Orbital Functions      =            108
Fitting Functions      =              0  Energy Base Line       =      188.36370
QC Parameter Centers   =              6
--------------------------------------------------------------------------------

----------------------------- ABFS NB Model Summary ----------------------------
Dielectric             =       1.000000  El. 1-4 Scaling        =       0.833333
Damping Cutoff         =       0.500000  Inner Cutoff           =       8.000000
List Cutoff            =      13.500000  Outer Cutoff           =      12.000000
QC/MM Coupling         =    RC Coupling  Use Centering          =          False
--------------------------------------------------------------------------------

-------------------------- Pairlist Generator Summary --------------------------
Cell Size              =          6.750  Cutoff                 =         13.500
Cutoff Cell Size Factor =          0.500  Grid Cell/Cell Method  =           True
Minimum Cell Extent    =              2  Minimum Cell Size      =          3.000
Minimum Extent Factor  =          1.500  Minimum Points         =            500
Sort Indices           =          False
--------------------------------------------------------------------------------

----------------------- SoftConstraint Container Summary -----------------------
Multiple Distance      =              2
--------------------------------------------------------------------------------

---------------------------- Hard Constraint Container Summary ---------------------------
Number of Charge Constraints  =            0  Number of Fixed Atoms         =         1351
------------------------------------------------------------------------------------------

------------------------------- Sequence Summary -------------------------------
Number of Atoms            =       2173  Number of Components       =        213
Number of Entities         =          1  Number of Linear Polymers  =          0
Number of Links            =          0  Number of Variants         =          0
--------------------------------------------------------------------------------

-------------------------------  Conjugate Gradient Minimizer Options ------------------------------
Beta Type                        =              1  Initial Step                     =            0.1
Line Searcher                    =           None  Log Frequency                    =              1
Maximum Iterations               =           5000  Maximum Theta                    =          1e+10
Minimum Theta                    =          1e-10  RMS Gradient Tolerance           =            0.1
Steepest Descent Tolerance       =          0.001  Use Spectral Theta               =           True
----------------------------------------------------------------------------------------------------

----------------------------------------------------------------------------------------------------------------
  Iteration       Function          RMS Gradient        Max. |Grad.|          RMS Disp.         Max. |Disp.|
----------------------------------------------------------------------------------------------------------------
     0     I      -9422.52653712         39.36791677       1510.74505384          0.00201374          0.07727735
     1   L1s      -9461.79789810          2.40324551         61.27763922          0.00080806          0.02054778
     2   L1s      -9462.02782713          1.72286647         43.00339685          0.00007756          0.00232936
     3   L1s      -9462.43394652          1.24554661         34.50499957          0.00023622          0.00530119
     4   L0s      -9462.72152602          0.61849191         11.79844789          0.00023622          0.00430108
     5   L1s      -9462.78316281          0.98526493         29.87138727          0.00009414          0.00172834
     6   L1s      -9462.83093064          0.46852417          8.47141913          0.00008356          0.00118226
     7   L1s      -9462.85840233          0.39419261          9.19360649          0.00006794          0.00090833
     8   L1s      -9462.88977973          0.33059796          4.43001209          0.00010101          0.00145347
     9   L1s      -9462.90270947          0.40582942         11.60642187          0.00005235          0.00069154
    10   L1s      -9462.91285200          0.33362503          5.49902450          0.00004579          0.00067779
    11   L1s      -9462.93197795          0.34577292          9.08529626          0.00009807          0.00188295
    12   L1s      -9462.93858633          0.30847050          7.33262835          0.00003726          0.00061944
    13   L1s      -9462.95032689          0.19145212          2.44845358          0.00007305          0.00123867
    14   L0s      -9462.95927512          0.22193811          3.06357967          0.00007305          0.00116228
    15   L0s      -9462.96801699          0.29489756          7.53793955          0.00007305          0.00123830
    16   L1s      -9462.97289374          0.24543938          3.97113842          0.00004241          0.00061977
    17   L1s      -9462.98068283          0.22110003          3.65114946          0.00007543          0.00112908
    18   L1s      -9462.99021211          0.16949018          2.89684807          0.00009875          0.00138536
    19   L1s      -9462.99318026          0.23862107          5.58079909          0.00003390          0.00049920
    20   L1s      -9462.99723570          0.14539892          2.34278415          0.00004833          0.00064646
    21   L1s      -9463.00277676          0.16730366          2.36370720          0.00007291          0.00087070
    22   L1s      -9463.00591150          0.22500936          6.84316775          0.00004396          0.00051950
    23   L1s      -9463.00962179          0.16981795          2.96462529          0.00005373          0.00058833
    24   L0s      -9463.01335112          0.15642357          3.07829358          0.00005373          0.00059431
    25   L1s      -9463.01533304          0.18549048          5.10146677          0.00003024          0.00033487
    26   L1s      -9463.01942680          0.13570322          1.99667502          0.00006731          0.00068252
    27   L1s      -9463.02254776          0.13039841          2.63194222          0.00005462          0.00055171
    28   L1s      -9463.02380439          0.14998890          3.52948859          0.00002334          0.00024714
    29   L1s      -9463.02587174          0.10466327          1.22636800          0.00003999          0.00042292
    30   L1s      -9463.02849410          0.12951921          2.20558923          0.00005462          0.00058028
    31   L1s      -9463.03053496          0.17224082          4.55438080          0.00004439          0.00046408
    32   L1s      -9463.03232995          0.12785313          2.20451458          0.00003995          0.00041734
    33   L1s      -9463.03463145          0.09940705          1.13603160          0.00005326          0.00059141
----------------------------------------------------------------------------------------------------------------

Minimization converged.

-------------------  Conjugate Gradient Minimizer Statistics -------------------
Iterations             =             33  Function Calls         =             63
--------------------------------------------------------------------------------
