
#-----------------------------------------------------------------------------#
#                                                                             #
#                                EasyHybrid                                   #
#                   - A pDynamo graphical user interface -                    #
#                                                                             #
#-----------------------------------------------------------------------------#
#                                                                             #
#     Developed by Jose Fernando R Bachega and Luis Fernando S M Timmers      #
#                            <ferbachega@gmail.com>                           #
#                                                                             #
#             visit: https://sites.google.com/site/EasyHybrid/                #
#                   Univesity of Sao Paulo - SP, Brazil                       #
#      Pontifical Catholic University of Rio Grande do Sul - RS, Brazil       #
#                                                                             #
#                                                                             #
#   EasyHybrid team:                               Special thanks to:         #
#   - Jose Fernando R Bachega           |         - Fernando V Maluf          #
#   - Michele Silva                     |                                     #
#   - Luis Fernando S M Timmers         |                                     #
#   - Martin Field                      |         - Leonardo R Bachega        #
#   - Troy Wymore                       |         - Lucas Assirati            #
#   - Osmar Norberto de Souza           |         - Richard Garratt           #
#   - Walter R Paixao-Cortes            |                                     #
#                                                                             #
#   Cite this work as:                                                        #
#   J.F.R. Bachega, L.F.S.M. Timmers, L.Assirati, L.B. Bachega, M.J. Field,   #
#   T. Wymore. J. Comput. Chem. 2013, 34, 2190-2196. DOI: 10.1002/jcc.23346   #
#                                                                             #
#-----------------------------------------------------------------------------#

Generated on Wed Jun  5 17:26:05 2019


--------------------------------------------------------------------------------
                       Summary for System "Pruned System"
--------------------------------------------------------------------------------

---------------------------- Atom Container Summary ----------------------------
Number of Atoms        =           2173  Number of Heavy Atoms  =           1040
Number of Hydrogens    =           1133  Number of Unknowns     =              0
--------------------------------------------------------------------------------

----------------------------- Connectivity Summary -----------------------------
Atoms                  =           2173
--------------------------------------------------------------------------------

------------------------------- Electronic State -------------------------------
Charge                 =             -1  Multiplicity           =              1
--------------------------------------------------------------------------------

--------------------------------------------------------------------------------
                    Summary for Energy Model "AMBER/AM1/ABFS"
--------------------------------------------------------------------------------

----------------------------------- Summary for MM Model "AMBER" -----------------------------------
LJ 1-4 Scaling                   =          0.500  El. 1-4 Scaling                  =          0.833
Number of MM Atoms               =           2173  Number of MM Atom Types          =             37
Number of Inactive MM Atoms      =             33  Total MM Charge                  =          -4.00
Harmonic Bond Terms              =           2169  Harmonic Bond Parameters         =             49
Harmonic Bond Inactive           =           1308  Fourier Improper Terms           =            320
Fourier Improper Parameters      =              3  Fourier Improper Inactive        =            164
Harmonic Angle Terms             =           3403  Harmonic Angle Parameters        =            103
Harmonic Angle Inactive          =           1938  Fourier Dihedral Terms           =           6697
Fourier Dihedral Parameters      =             48  Fourier Dihedral Inactive        =           3453
Exclusions                       =          10377  1-4 Interactions                 =           4805
LJ Parameters Form               =          AMBER  LJ Parameters Types              =             21
1-4 Lennard-Jones Form           =          AMBER  1-4 Lennard-Jones Types          =             21
----------------------------------------------------------------------------------------------------

-------------------------- Summary for QC Model "AM1" --------------------------
Number of QC Atoms     =             39  Boundary Atoms         =              6
Nuclear Charge         =            129  Orbital Functions      =            108
Fitting Functions      =              0  Energy Base Line       =      188.36370
QC Parameter Centers   =              6
--------------------------------------------------------------------------------

----------------------------- ABFS NB Model Summary ----------------------------
Dielectric             =       1.000000  El. 1-4 Scaling        =       0.833333
Damping Cutoff         =       0.500000  Inner Cutoff           =       8.000000
List Cutoff            =      13.500000  Outer Cutoff           =      12.000000
QC/MM Coupling         =    RC Coupling  Use Centering          =          False
--------------------------------------------------------------------------------

-------------------------- Pairlist Generator Summary --------------------------
Cell Size              =          6.750  Cutoff                 =         13.500
Cutoff Cell Size Factor =          0.500  Grid Cell/Cell Method  =           True
Minimum Cell Extent    =              2  Minimum Cell Size      =          3.000
Minimum Extent Factor  =          1.500  Minimum Points         =            500
Sort Indices           =          False
--------------------------------------------------------------------------------

----------------------- SoftConstraint Container Summary -----------------------
Multiple Distance      =              2
--------------------------------------------------------------------------------

---------------------------- Hard Constraint Container Summary ---------------------------
Number of Charge Constraints  =            0  Number of Fixed Atoms         =         1351
------------------------------------------------------------------------------------------

------------------------------- Sequence Summary -------------------------------
Number of Atoms            =       2173  Number of Components       =        213
Number of Entities         =          1  Number of Linear Polymers  =          0
Number of Links            =          0  Number of Variants         =          0
--------------------------------------------------------------------------------

-------------------------------  Conjugate Gradient Minimizer Options ------------------------------
Beta Type                        =              1  Initial Step                     =            0.1
Line Searcher                    =           None  Log Frequency                    =              1
Maximum Iterations               =           5000  Maximum Theta                    =          1e+10
Minimum Theta                    =          1e-10  RMS Gradient Tolerance           =            0.1
Steepest Descent Tolerance       =          0.001  Use Spectral Theta               =           True
----------------------------------------------------------------------------------------------------

----------------------------------------------------------------------------------------------------------------
  Iteration       Function          RMS Gradient        Max. |Grad.|          RMS Disp.         Max. |Disp.|
----------------------------------------------------------------------------------------------------------------
     0     I      -9489.63943375         39.38493769       1511.09880881          0.00201374          0.07726204
     1   L1s      -9528.05156183          3.23269744         83.69323436          0.00079379          0.02048908
     2   L1s      -9528.39269783          1.82108495         46.05315171          0.00008590          0.00260616
     3   L1s      -9529.04025002          1.55646161         38.41808094          0.00033216          0.01022508
     4   L1s      -9529.45339477          0.93511738         20.19019043          0.00030057          0.00601960
     5   L1s      -9529.56116069          1.21247401         31.82411054          0.00012157          0.00229839
     6   L1s      -9529.63029860          0.68095415         12.72078857          0.00009060          0.00204412
     7   L0s      -9529.68297420          0.60494307         10.44830517          0.00009060          0.00171596
     8   L0s      -9529.72442912          0.87428685         20.41919241          0.00009060          0.00189790
     9   L1s      -9529.80270744          0.58129348          9.27218056          0.00018728          0.00351931
    10   L1s      -9529.84786251          0.44191797          6.62205320          0.00012527          0.00190838
    11   L1s      -9529.87754901          0.62379932         15.62812949          0.00009868          0.00153412
    12   L1s      -9529.89411899          0.32191697          4.39786462          0.00005910          0.00094249
    13   L1s      -9529.92029185          0.46542842         10.98788240          0.00011416          0.00179087
    14   L1s      -9529.93062185          0.29934301          4.01792271          0.00004851          0.00072180
    15   L1s      -9529.94434170          0.25437839          3.62340347          0.00007436          0.00098215
    16   L0s      -9529.95692257          0.27944476          3.90601379          0.00007436          0.00099799
    17   L1s      -9529.96353672          0.34822333          7.55304413          0.00004437          0.00053158
    18   L1s      -9529.97331985          0.23130881          4.37673676          0.00007182          0.00088718
    19   L1s      -9529.98072424          0.25538620          5.60341216          0.00006023          0.00074412
    20   L1s      -9529.98464997          0.22080375          3.47799142          0.00003428          0.00042033
    21   L1s      -9529.99346785          0.18567820          2.96470732          0.00008353          0.00113310
    22   L1s      -9529.99911446          0.20394851          3.98673105          0.00005888          0.00083734
    23   L1s      -9530.00159854          0.21627720          4.09979536          0.00002772          0.00040464
    24   L1s      -9530.00859187          0.20212698          3.78423913          0.00008234          0.00117002
    25   L1s      -9530.01335314          0.23273298          5.12553177          0.00005922          0.00082138
    26   L1s      -9530.01703970          0.19949893          3.23580106          0.00004761          0.00064027
    27   L1s      -9530.02270300          0.14264904          1.98687150          0.00007667          0.00091225
    28   L1s      -9530.02687949          0.20794248          4.81830872          0.00006132          0.00068258
    29   L1s      -9530.02890557          0.16168984          2.66306925          0.00003078          0.00030581
    30   L1s      -9530.03416931          0.15303925          2.44150170          0.00008423          0.00078336
    31   L1s      -9530.03650115          0.21119162          5.33598092          0.00003931          0.00038283
    32   L1s      -9530.04133278          0.15241008          2.33298981          0.00008353          0.00077489
    33   L0s      -9530.04555453          0.15038220          2.71639999          0.00008353          0.00077203
    34   L1s      -9530.04719779          0.18296290          3.47716732          0.00003350          0.00031319
    35   L1s      -9530.04992336          0.13738654          1.97644644          0.00005387          0.00052652
    36   L1s      -9530.05339604          0.17486707          4.16779830          0.00007164          0.00067305
    37   L1s      -9530.05522384          0.14513261          2.41252392          0.00003865          0.00036972
    38   L1s      -9530.05825490          0.15459867          3.20943631          0.00006631          0.00066896
    39   L1s      -9530.06316096          0.15579863          2.68286965          0.00011037          0.00107897
    40   L1s      -9530.06488232          0.19096037          5.12555568          0.00003975          0.00038109
    41   L1s      -9530.06903485          0.13298638          2.28323649          0.00009749          0.00095883
    42   L1s      -9530.07178204          0.19808857          6.42957983          0.00006666          0.00065920
    43   L0s      -9530.07436737          0.15825199          2.34105329          0.00006666          0.00065419
    44   L1s      -9530.07942692          0.16139917          2.46103414          0.00013609          0.00128910
    45   L1s      -9530.08259514          0.20420042          4.82580783          0.00008324          0.00078940
    46   L1s      -9530.08499570          0.16317465          2.75850866          0.00006379          0.00062289
    47   L1s      -9530.08845496          0.16208551          3.93448068          0.00009353          0.00094068
    48   L1s      -9530.09020535          0.15571889          2.74664143          0.00004815          0.00048513
    49   L1s      -9530.09312167          0.13614384          1.60435627          0.00008166          0.00074730
    50   L1s      -9530.09751833          0.16309357          3.24238621          0.00012586          0.00107147
    51   L1s      -9530.09976852          0.20392919          5.52332088          0.00006538          0.00054171
    52   L1s      -9530.10371183          0.14504498          2.55052504          0.00011564          0.00097897
    53   L1s      -9530.10542930          0.17940570          5.31177738          0.00005129          0.00043344
    54   L1s      -9530.10861512          0.13415851          1.79220658          0.00009622          0.00074532
    55   L0s      -9530.11205016          0.13028995          2.01298208          0.00009622          0.00073245
    56   L1s      -9530.11451242          0.18735476          6.04000659          0.00007048          0.00053139
    57   L0s      -9530.11691600          0.13239504          1.85221852          0.00007048          0.00052685
    58   L0s      -9530.11950612          0.15962337          4.00642870          0.00007048          0.00055352
    59   L1s      -9530.12127855          0.16272609          3.73453866          0.00005107          0.00042565
    60   L1s      -9530.12483055          0.12966075          1.56583855          0.00011063          0.00101096
    61   L0s      -9530.12831084          0.14435875          2.47529985          0.00011063          0.00105710
    62   L1s      -9530.12957110          0.15458702          2.91443394          0.00004068          0.00039959
    63   L1s      -9530.13267456          0.12311198          1.32849539          0.00010142          0.00100988
    64   L0s      -9530.13567290          0.13731410          2.83213010          0.00010142          0.00101914
    65   L1s      -9530.13700241          0.15720168          4.02921244          0.00004550          0.00045887
    66   L1s      -9530.13967782          0.12074728          1.74353724          0.00009161          0.00091031
    67   L1s      -9530.14120553          0.17011694          5.46053263          0.00005331          0.00052152
    68   L1s      -9530.14355945          0.10291491          1.18678898          0.00008290          0.00074888
    69   L0s      -9530.14570869          0.12131519          2.08142823          0.00008290          0.00070754
    70   L1s      -9530.14657358          0.12697563          2.98953952          0.00003318          0.00026938
    71   L1s      -9530.14818032          0.09892469          1.25120377          0.00005903          0.00047586
----------------------------------------------------------------------------------------------------------------

Minimization converged.

-------------------  Conjugate Gradient Minimizer Statistics -------------------
Iterations             =             71  Function Calls         =            132
--------------------------------------------------------------------------------
