
#-----------------------------------------------------------------------------#
#                                                                             #
#                                EasyHybrid                                   #
#                   - A pDynamo graphical user interface -                    #
#                                                                             #
#-----------------------------------------------------------------------------#
#                                                                             #
#     Developed by Jose Fernando R Bachega and Luis Fernando S M Timmers      #
#                            <ferbachega@gmail.com>                           #
#                                                                             #
#             visit: https://sites.google.com/site/EasyHybrid/                #
#                   Univesity of Sao Paulo - SP, Brazil                       #
#      Pontifical Catholic University of Rio Grande do Sul - RS, Brazil       #
#                                                                             #
#                                                                             #
#   EasyHybrid team:                               Special thanks to:         #
#   - Jose Fernando R Bachega           |         - Fernando V Maluf          #
#   - Michele Silva                     |                                     #
#   - Luis Fernando S M Timmers         |                                     #
#   - Martin Field                      |         - Leonardo R Bachega        #
#   - Troy Wymore                       |         - Lucas Assirati            #
#   - Osmar Norberto de Souza           |         - Richard Garratt           #
#   - Walter R Paixao-Cortes            |                                     #
#                                                                             #
#   Cite this work as:                                                        #
#   J.F.R. Bachega, L.F.S.M. Timmers, L.Assirati, L.B. Bachega, M.J. Field,   #
#   T. Wymore. J. Comput. Chem. 2013, 34, 2190-2196. DOI: 10.1002/jcc.23346   #
#                                                                             #
#-----------------------------------------------------------------------------#

Generated on Wed Jun  5 17:25:00 2019


--------------------------------------------------------------------------------
                       Summary for System "Pruned System"
--------------------------------------------------------------------------------

---------------------------- Atom Container Summary ----------------------------
Number of Atoms        =           2173  Number of Heavy Atoms  =           1040
Number of Hydrogens    =           1133  Number of Unknowns     =              0
--------------------------------------------------------------------------------

----------------------------- Connectivity Summary -----------------------------
Atoms                  =           2173
--------------------------------------------------------------------------------

------------------------------- Electronic State -------------------------------
Charge                 =             -1  Multiplicity           =              1
--------------------------------------------------------------------------------

--------------------------------------------------------------------------------
                    Summary for Energy Model "AMBER/AM1/ABFS"
--------------------------------------------------------------------------------

----------------------------------- Summary for MM Model "AMBER" -----------------------------------
LJ 1-4 Scaling                   =          0.500  El. 1-4 Scaling                  =          0.833
Number of MM Atoms               =           2173  Number of MM Atom Types          =             37
Number of Inactive MM Atoms      =             33  Total MM Charge                  =          -4.00
Harmonic Bond Terms              =           2169  Harmonic Bond Parameters         =             49
Harmonic Bond Inactive           =           1308  Fourier Improper Terms           =            320
Fourier Improper Parameters      =              3  Fourier Improper Inactive        =            164
Harmonic Angle Terms             =           3403  Harmonic Angle Parameters        =            103
Harmonic Angle Inactive          =           1938  Fourier Dihedral Terms           =           6697
Fourier Dihedral Parameters      =             48  Fourier Dihedral Inactive        =           3453
Exclusions                       =          10377  1-4 Interactions                 =           4805
LJ Parameters Form               =          AMBER  LJ Parameters Types              =             21
1-4 Lennard-Jones Form           =          AMBER  1-4 Lennard-Jones Types          =             21
----------------------------------------------------------------------------------------------------

-------------------------- Summary for QC Model "AM1" --------------------------
Number of QC Atoms     =             39  Boundary Atoms         =              6
Nuclear Charge         =            129  Orbital Functions      =            108
Fitting Functions      =              0  Energy Base Line       =      188.36370
QC Parameter Centers   =              6
--------------------------------------------------------------------------------

----------------------------- ABFS NB Model Summary ----------------------------
Dielectric             =       1.000000  El. 1-4 Scaling        =       0.833333
Damping Cutoff         =       0.500000  Inner Cutoff           =       8.000000
List Cutoff            =      13.500000  Outer Cutoff           =      12.000000
QC/MM Coupling         =    RC Coupling  Use Centering          =          False
--------------------------------------------------------------------------------

-------------------------- Pairlist Generator Summary --------------------------
Cell Size              =          6.750  Cutoff                 =         13.500
Cutoff Cell Size Factor =          0.500  Grid Cell/Cell Method  =           True
Minimum Cell Extent    =              2  Minimum Cell Size      =          3.000
Minimum Extent Factor  =          1.500  Minimum Points         =            500
Sort Indices           =          False
--------------------------------------------------------------------------------

----------------------- SoftConstraint Container Summary -----------------------
Multiple Distance      =              2
--------------------------------------------------------------------------------

---------------------------- Hard Constraint Container Summary ---------------------------
Number of Charge Constraints  =            0  Number of Fixed Atoms         =         1351
------------------------------------------------------------------------------------------

------------------------------- Sequence Summary -------------------------------
Number of Atoms            =       2173  Number of Components       =        213
Number of Entities         =          1  Number of Linear Polymers  =          0
Number of Links            =          0  Number of Variants         =          0
--------------------------------------------------------------------------------

-------------------------------  Conjugate Gradient Minimizer Options ------------------------------
Beta Type                        =              1  Initial Step                     =            0.1
Line Searcher                    =           None  Log Frequency                    =              1
Maximum Iterations               =           5000  Maximum Theta                    =          1e+10
Minimum Theta                    =          1e-10  RMS Gradient Tolerance           =            0.1
Steepest Descent Tolerance       =          0.001  Use Spectral Theta               =           True
----------------------------------------------------------------------------------------------------

----------------------------------------------------------------------------------------------------------------
  Iteration       Function          RMS Gradient        Max. |Grad.|          RMS Disp.         Max. |Disp.|
----------------------------------------------------------------------------------------------------------------
     0     I      -9536.67226102         39.29073501       1522.70000499          0.00201374          0.07804187
     1   L1s      -9572.35828994          2.86235470         63.25358721          0.00073950          0.01524835
     2   L1s      -9572.78493873          2.64691285         77.17436141          0.00012076          0.00363729
     3   L1s      -9573.55561603          2.19853749         58.15507814          0.00032299          0.01132929
     4   L1s      -9574.35953324          1.15662587         30.65680957          0.00044228          0.00975452
     5   L1s      -9574.50494372          1.41424305         34.69540947          0.00012970          0.00253110
     6   L1s      -9574.59960247          0.90053430         27.74780894          0.00010011          0.00273960
     7   L1s      -9574.76259671          0.80094008         15.01502774          0.00022699          0.00491499
     8   L1s      -9574.82033811          1.09019411         25.82112348          0.00009948          0.00236011
     9   L1s      -9574.93506105          0.42049831          7.13634016          0.00021528          0.00365767
    10   L1s      -9574.98461877          0.56116991         15.41710209          0.00013268          0.00231783
    11   L1s      -9575.02083771          0.59192820         16.47657973          0.00011014          0.00198181
    12   L1s      -9575.03727817          0.43936198         10.02945435          0.00005483          0.00100844
    13   L1s      -9575.06296949          0.34365223          4.85770935          0.00009788          0.00176075
    14   L1s      -9575.07502095          0.50368411         15.28288874          0.00005395          0.00095353
    15   L1s      -9575.09948942          0.32485911          5.01574773          0.00011641          0.00187736
    16   L0s      -9575.12173437          0.25736275          4.76194918          0.00011641          0.00201467
    17   L1s      -9575.13326276          0.34955019          7.62179933          0.00007004          0.00116964
    18   L1s      -9575.13952915          0.29990846          4.96996401          0.00004120          0.00063810
    19   L1s      -9575.15327336          0.25913956          4.10804227          0.00009773          0.00154068
    20   L1s      -9575.16028839          0.34286616          9.42785197          0.00005451          0.00087783
    21   L1s      -9575.16839165          0.22723032          3.76846243          0.00006581          0.00108616
    22   L1s      -9575.17704555          0.22010651          3.68324026          0.00007676          0.00124025
    23   L1s      -9575.18655062          0.32269952         10.73230975          0.00009124          0.00149680
    24   L1s      -9575.19131803          0.24063752          4.42121299          0.00004731          0.00079038
    25   L1s      -9575.20092050          0.21520253          3.33874151          0.00010063          0.00150154
    26   L0s      -9575.21046656          0.32873888          8.79097119          0.00010063          0.00144366
    27   L1s      -9575.21599093          0.17891889          2.20017510          0.00006178          0.00081172
    28   L1s      -9575.22499701          0.23167640          4.38762017          0.00012677          0.00153683
    29   L1s      -9575.22952967          0.29876978          9.09872250          0.00006573          0.00072668
    30   L1s      -9575.23686828          0.22204709          3.80876399          0.00010830          0.00108904
    31   L0s      -9575.24357236          0.31569691          8.65217001          0.00010830          0.00106363
    32   L1s      -9575.24894520          0.22907192          4.14110537          0.00008516          0.00082012
    33   L1s      -9575.25620601          0.19370733          4.17332706          0.00010607          0.00098401
    34   L0s      -9575.26347403          0.22969940          5.64166168          0.00010607          0.00102624
    35   L1s      -9575.26645989          0.22454857          5.60981210          0.00004544          0.00047315
    36   L1s      -9575.27354766          0.16761617          2.47626673          0.00011547          0.00128595
    37   L1s      -9575.27733176          0.26884827          8.18357530          0.00006431          0.00072606
    38   L1s      -9575.28262164          0.17820682          2.87562333          0.00009131          0.00103033
    39   L1s      -9575.29070794          0.19942352          4.46917075          0.00014440          0.00159314
    40   L1s      -9575.29638364          0.21350122          5.46854591          0.00010396          0.00111084
    41   L1s      -9575.29910060          0.20751609          5.39261667          0.00005080          0.00052106
    42   L1s      -9575.30399408          0.18236774          2.39995695          0.00009347          0.00089502
    43   L1s      -9575.30791916          0.29130686          9.84593727          0.00007700          0.00071498
    44   L1s      -9575.31520033          0.18563719          2.17903488          0.00014426          0.00140768
    45   L0s      -9575.32249383          0.18523201          2.09386400          0.00014426          0.00154532
    46   L0s      -9575.32969765          0.25934586          6.76013056          0.00014426          0.00160894
    47   L1s      -9575.33307017          0.18777152          3.15873520          0.00006960          0.00083002
    48   L1s      -9575.33940052          0.20900442          3.56895438          0.00013655          0.00169667
    49   L1s      -9575.34300577          0.26077417          5.82342647          0.00007896          0.00100203
    50   L1s      -9575.34824994          0.18975676          3.84668966          0.00011604          0.00151255
    51   L1s      -9575.35481697          0.17176237          2.48776016          0.00014804          0.00195430
    52   L1s      -9575.35902351          0.23566656          6.05998800          0.00009696          0.00128101
    53   L1s      -9575.36215001          0.16407327          2.44047603          0.00007287          0.00095682
    54   L1s      -9575.36802418          0.16653076          2.36771324          0.00013999          0.00180584
    55   L1s      -9575.37108336          0.24988384          6.99062717          0.00007444          0.00095070
    56   L1s      -9575.37531115          0.17132261          2.11068259          0.00010378          0.00129016
    57   L1s      -9575.38099809          0.18279724          3.44369109          0.00014219          0.00171877
    58   L1s      -9575.38362337          0.21128759          5.02029258          0.00006664          0.00078865
    59   L1s      -9575.38787422          0.15286863          3.08344977          0.00010913          0.00125620
    60   L1s      -9575.39155088          0.14394844          2.22134048          0.00009639          0.00115432
    61   L0s      -9575.39533373          0.22757037          7.80382130          0.00009639          0.00116216
    62   L1s      -9575.39807238          0.14310651          2.12980007          0.00007271          0.00088308
    63   L1s      -9575.40196271          0.18480130          5.23921509          0.00011935          0.00144388
    64   L1s      -9575.40377175          0.15683011          3.03919411          0.00005606          0.00066977
    65   L1s      -9575.40912492          0.15556190          2.21746988          0.00016818          0.00192185
    66   L1s      -9575.41249119          0.19817203          5.72403010          0.00010720          0.00117525
    67   L1s      -9575.41438530          0.12545120          1.57725394          0.00006082          0.00069036
    68   L1s      -9575.41700374          0.15731556          4.54304076          0.00008577          0.00099822
    69   L1s      -9575.41826181          0.12748288          2.94662365          0.00004172          0.00050396
    70   L1s      -9575.42124543          0.12952195          1.83649759          0.00010075          0.00125846
    71   L0s      -9575.42403920          0.19358026          5.19272983          0.00010075          0.00127579
    72   L1s      -9575.42608114          0.15170435          3.33900719          0.00007214          0.00093016
    73   L1s      -9575.42911136          0.14827053          2.19831832          0.00010042          0.00131111
    74   L1s      -9575.43088678          0.18156729          4.89121111          0.00005964          0.00078295
    75   L1s      -9575.43354332          0.11080011          1.58956897          0.00009002          0.00118518
    76   L0s      -9575.43595420          0.11769314          1.58062224          0.00009002          0.00117952
    77   L1s      -9575.43722298          0.15719131          4.63703022          0.00004765          0.00062040
    78   L1s      -9575.43903453          0.10138516          1.25935920          0.00006606          0.00084039
    79   L1s      -9575.44040029          0.13280728          4.54915005          0.00005098          0.00063792
    80   L1s      -9575.44135074          0.09726247          1.52545797          0.00003595          0.00043471
----------------------------------------------------------------------------------------------------------------

Minimization converged.

-------------------  Conjugate Gradient Minimizer Statistics -------------------
Iterations             =             80  Function Calls         =            152
--------------------------------------------------------------------------------
