
#-----------------------------------------------------------------------------#
#                                                                             #
#                                EasyHybrid                                   #
#                   - A pDynamo graphical user interface -                    #
#                                                                             #
#-----------------------------------------------------------------------------#
#                                                                             #
#     Developed by Jose Fernando R Bachega and Luis Fernando S M Timmers      #
#                            <ferbachega@gmail.com>                           #
#                                                                             #
#             visit: https://sites.google.com/site/EasyHybrid/                #
#                   Univesity of Sao Paulo - SP, Brazil                       #
#      Pontifical Catholic University of Rio Grande do Sul - RS, Brazil       #
#                                                                             #
#                                                                             #
#   EasyHybrid team:                               Special thanks to:         #
#   - Jose Fernando R Bachega           |         - Fernando V Maluf          #
#   - Michele Silva                     |                                     #
#   - Luis Fernando S M Timmers         |                                     #
#   - Martin Field                      |         - Leonardo R Bachega        #
#   - Troy Wymore                       |         - Lucas Assirati            #
#   - Osmar Norberto de Souza           |         - Richard Garratt           #
#   - Walter R Paixao-Cortes            |                                     #
#                                                                             #
#   Cite this work as:                                                        #
#   J.F.R. Bachega, L.F.S.M. Timmers, L.Assirati, L.B. Bachega, M.J. Field,   #
#   T. Wymore. J. Comput. Chem. 2013, 34, 2190-2196. DOI: 10.1002/jcc.23346   #
#                                                                             #
#-----------------------------------------------------------------------------#

Generated on Wed Jun  5 17:25:04 2019


--------------------------------------------------------------------------------
                       Summary for System "Pruned System"
--------------------------------------------------------------------------------

---------------------------- Atom Container Summary ----------------------------
Number of Atoms        =           2173  Number of Heavy Atoms  =           1040
Number of Hydrogens    =           1133  Number of Unknowns     =              0
--------------------------------------------------------------------------------

----------------------------- Connectivity Summary -----------------------------
Atoms                  =           2173
--------------------------------------------------------------------------------

------------------------------- Electronic State -------------------------------
Charge                 =             -1  Multiplicity           =              1
--------------------------------------------------------------------------------

--------------------------------------------------------------------------------
                    Summary for Energy Model "AMBER/AM1/ABFS"
--------------------------------------------------------------------------------

----------------------------------- Summary for MM Model "AMBER" -----------------------------------
LJ 1-4 Scaling                   =          0.500  El. 1-4 Scaling                  =          0.833
Number of MM Atoms               =           2173  Number of MM Atom Types          =             37
Number of Inactive MM Atoms      =             33  Total MM Charge                  =          -4.00
Harmonic Bond Terms              =           2169  Harmonic Bond Parameters         =             49
Harmonic Bond Inactive           =           1308  Fourier Improper Terms           =            320
Fourier Improper Parameters      =              3  Fourier Improper Inactive        =            164
Harmonic Angle Terms             =           3403  Harmonic Angle Parameters        =            103
Harmonic Angle Inactive          =           1938  Fourier Dihedral Terms           =           6697
Fourier Dihedral Parameters      =             48  Fourier Dihedral Inactive        =           3453
Exclusions                       =          10377  1-4 Interactions                 =           4805
LJ Parameters Form               =          AMBER  LJ Parameters Types              =             21
1-4 Lennard-Jones Form           =          AMBER  1-4 Lennard-Jones Types          =             21
----------------------------------------------------------------------------------------------------

-------------------------- Summary for QC Model "AM1" --------------------------
Number of QC Atoms     =             39  Boundary Atoms         =              6
Nuclear Charge         =            129  Orbital Functions      =            108
Fitting Functions      =              0  Energy Base Line       =      188.36370
QC Parameter Centers   =              6
--------------------------------------------------------------------------------

----------------------------- ABFS NB Model Summary ----------------------------
Dielectric             =       1.000000  El. 1-4 Scaling        =       0.833333
Damping Cutoff         =       0.500000  Inner Cutoff           =       8.000000
List Cutoff            =      13.500000  Outer Cutoff           =      12.000000
QC/MM Coupling         =    RC Coupling  Use Centering          =          False
--------------------------------------------------------------------------------

-------------------------- Pairlist Generator Summary --------------------------
Cell Size              =          6.750  Cutoff                 =         13.500
Cutoff Cell Size Factor =          0.500  Grid Cell/Cell Method  =           True
Minimum Cell Extent    =              2  Minimum Cell Size      =          3.000
Minimum Extent Factor  =          1.500  Minimum Points         =            500
Sort Indices           =          False
--------------------------------------------------------------------------------

----------------------- SoftConstraint Container Summary -----------------------
Multiple Distance      =              2
--------------------------------------------------------------------------------

---------------------------- Hard Constraint Container Summary ---------------------------
Number of Charge Constraints  =            0  Number of Fixed Atoms         =         1351
------------------------------------------------------------------------------------------

------------------------------- Sequence Summary -------------------------------
Number of Atoms            =       2173  Number of Components       =        213
Number of Entities         =          1  Number of Linear Polymers  =          0
Number of Links            =          0  Number of Variants         =          0
--------------------------------------------------------------------------------

-------------------------------  Conjugate Gradient Minimizer Options ------------------------------
Beta Type                        =              1  Initial Step                     =            0.1
Line Searcher                    =           None  Log Frequency                    =              1
Maximum Iterations               =           5000  Maximum Theta                    =          1e+10
Minimum Theta                    =          1e-10  RMS Gradient Tolerance           =            0.1
Steepest Descent Tolerance       =          0.001  Use Spectral Theta               =           True
----------------------------------------------------------------------------------------------------

----------------------------------------------------------------------------------------------------------------
  Iteration       Function          RMS Gradient        Max. |Grad.|          RMS Disp.         Max. |Disp.|
----------------------------------------------------------------------------------------------------------------
     0     I      -9525.97718066         39.39247632       1542.36722890          0.00201374          0.07884569
     1   L1s      -9561.34327301          3.23972182         72.39850800          0.00073098          0.01628422
     2   L1s      -9561.81078573          2.70988223         72.17828153          0.00011708          0.00364732
     3   L1s      -9562.76551176          2.34319403         60.26262085          0.00037448          0.01310593
     4   L1s      -9563.62231567          1.25541614         32.19671708          0.00044151          0.00979890
     5   L1s      -9563.78612238          1.62927317         37.35462343          0.00013477          0.00269582
     6   L0s      -9563.91387385          1.07384592         29.22452424          0.00013477          0.00318760
     7   L1s      -9564.11531778          1.04459068         22.69839192          0.00027103          0.00565167
     8   L1s      -9564.19026558          1.18372519         35.46819089          0.00011680          0.00274376
     9   L1s      -9564.32028896          0.65259705         15.99098725          0.00022153          0.00485746
    10   L1s      -9564.35599052          0.70347583         15.74962302          0.00007510          0.00143291
    11   L0s      -9564.38723148          0.60131388         12.41580009          0.00007510          0.00132070
    12   L1s      -9564.44779131          0.53494884          8.51866178          0.00016719          0.00309406
    13   L1s      -9564.46557576          0.55833896         17.78527299          0.00005589          0.00104012
    14   L1s      -9564.49166526          0.35916343          6.00800566          0.00009032          0.00141333
    15   L0s      -9564.51275388          0.47353809         12.36319978          0.00009032          0.00145510
    16   L1s      -9564.52456433          0.43489842          6.74527063          0.00005348          0.00103457
    17   L1s      -9564.54801656          0.28155875          5.06647550          0.00011131          0.00224322
    18   L1s      -9564.55793624          0.35267045          7.85059110          0.00005509          0.00105332
    19   L1s      -9564.56385641          0.24882987          4.08360770          0.00003558          0.00059863
    20   L1s      -9564.57602317          0.23619326          5.04018470          0.00008319          0.00149479
    21   L1s      -9564.58042409          0.29449611          9.08163453          0.00003366          0.00061782
    22   L1s      -9564.58803456          0.20666059          3.42021241          0.00006184          0.00106651
    23   L1s      -9564.59284978          0.24081205          5.77386321          0.00004344          0.00073127
    24   L1s      -9564.59601336          0.19290678          3.59232650          0.00003047          0.00051277
    25   L1s      -9564.60242505          0.18155173          2.50985896          0.00006739          0.00112678
    26   L1s      -9564.60531538          0.23418276          6.63247830          0.00003301          0.00054147
    27   L1s      -9564.60918136          0.16573921          2.19969461          0.00004613          0.00069160
    28   L1s      -9564.61479398          0.19940552          3.82872159          0.00007238          0.00102602
    29   L1s      -9564.61774176          0.22721628          5.04704387          0.00003986          0.00052731
    30   L1s      -9564.62129192          0.13904703          1.51196816          0.00004965          0.00059553
    31   L1s      -9564.62748751          0.24024757          5.52954418          0.00009389          0.00108372
    32   L1s      -9564.63034701          0.20594248          3.42333392          0.00004440          0.00047735
    33   L1s      -9564.63626090          0.18198352          2.95301859          0.00009469          0.00094228
    34   L1s      -9564.64101743          0.26587187          8.92475033          0.00007912          0.00085070
    35   L1s      -9564.64473717          0.17726485          2.86125682          0.00006290          0.00070420
    36   L1s      -9564.65012882          0.21922418          4.63053323          0.00009446          0.00109924
    37   L1s      -9564.65302846          0.21894596          5.17679004          0.00005188          0.00062176
    38   L1s      -9564.65884631          0.15670347          2.18309028          0.00010631          0.00131834
    39   L1s      -9564.66226431          0.23861682          6.64383475          0.00006494          0.00080728
    40   L0s      -9564.66542023          0.18345650          3.02649287          0.00006494          0.00079712
    41   L1s      -9564.67001168          0.18362591          2.56673082          0.00010031          0.00117579
    42   L1s      -9564.67382627          0.25692361          6.45027315          0.00008025          0.00091463
    43   L0s      -9564.67764672          0.15249616          1.96397632          0.00008025          0.00083502
    44   L0s      -9564.68170415          0.16178330          2.90729804          0.00008025          0.00076177
    45   L1s      -9564.68365909          0.18883551          3.82366336          0.00004068          0.00037487
    46   L1s      -9564.68748370          0.16905081          2.25742247          0.00008540          0.00077233
    47   L1s      -9564.69191796          0.21789744          6.62137056          0.00010127          0.00093436
    48   L1s      -9564.69434204          0.17006754          3.14446505          0.00005610          0.00053478
    49   L1s      -9564.69854661          0.17026129          2.33972333          0.00009934          0.00096638
    50   L1s      -9564.70100761          0.20416819          5.41752855          0.00005932          0.00058241
    51   L1s      -9564.70393573          0.14508892          1.74715079          0.00007154          0.00070740
    52   L1s      -9564.70767647          0.18180719          3.77339065          0.00009376          0.00092125
    53   L1s      -9564.70960379          0.18223466          4.37867447          0.00004906          0.00047861
    54   L1s      -9564.71402503          0.13958852          1.83262965          0.00011426          0.00113453
    55   L1s      -9564.71640710          0.18818492          5.15049636          0.00006312          0.00062770
    56   L1s      -9564.71831076          0.13255824          1.87579176          0.00005111          0.00050370
    57   L1s      -9564.72091640          0.13295781          2.27492198          0.00007175          0.00069089
    58   L1s      -9564.72248470          0.17177389          3.46757066          0.00004424          0.00041832
    59   L1s      -9564.72488313          0.13282707          1.74694222          0.00006859          0.00062312
    60   L0s      -9564.72746018          0.15071223          4.14941845          0.00006859          0.00059916
    61   L1s      -9564.72904740          0.15144847          4.03681895          0.00004414          0.00037081
    62   L1s      -9564.73206280          0.14164224          2.49139175          0.00009353          0.00077621
    63   L1s      -9564.73384638          0.16524392          3.35872408          0.00005625          0.00048944
    64   L0s      -9564.73563037          0.12381035          1.74403498          0.00005625          0.00052289
    65   L1s      -9564.73793689          0.13850490          3.00022515          0.00007363          0.00070171
    66   L1s      -9564.73921830          0.14380362          2.86928022          0.00004196          0.00040418
    67   L1s      -9564.74134077          0.13333405          2.22486010          0.00007053          0.00067539
    68   L0s      -9564.74346577          0.16756575          5.04514237          0.00007053          0.00066853
    69   L1s      -9564.74510810          0.12151757          1.98962010          0.00005545          0.00051141
    70   L1s      -9564.74765927          0.15739889          3.74932985          0.00009061          0.00081139
    71   L1s      -9564.74924089          0.15174638          2.79866673          0.00005677          0.00048545
    72   L1s      -9564.75124732          0.11145063          1.52856128          0.00007281          0.00054626
    73   L1s      -9564.75247734          0.12501178          2.71989112          0.00004553          0.00031434
    74   L1s      -9564.75345486          0.10148814          1.88636417          0.00003674          0.00025395
    75   L1s      -9564.75473016          0.10392555          2.33167902          0.00004900          0.00034974
    76   L1s      -9564.75548472          0.11564954          2.78682285          0.00002959          0.00021747
    77   L1s      -9564.75709125          0.10710413          2.05640368          0.00006401          0.00048133
    78   L1s      -9564.75849064          0.14477321          3.78757465          0.00005674          0.00043258
    79   L0s      -9564.75988636          0.12364528          2.31782665          0.00005674          0.00043850
    80   L1s      -9564.76173943          0.12291276          2.52961719          0.00007613          0.00059172
    81   L1s      -9564.76274348          0.12333146          2.81924009          0.00004205          0.00032723
    82   L1s      -9564.76420847          0.09679953          1.48509467          0.00006213          0.00047894
----------------------------------------------------------------------------------------------------------------

Minimization converged.

-------------------  Conjugate Gradient Minimizer Statistics -------------------
Iterations             =             82  Function Calls         =            155
--------------------------------------------------------------------------------
