
#-----------------------------------------------------------------------------#
#                                                                             #
#                                EasyHybrid                                   #
#                   - A pDynamo graphical user interface -                    #
#                                                                             #
#-----------------------------------------------------------------------------#
#                                                                             #
#     Developed by Jose Fernando R Bachega and Luis Fernando S M Timmers      #
#                            <ferbachega@gmail.com>                           #
#                                                                             #
#             visit: https://sites.google.com/site/EasyHybrid/                #
#                   Univesity of Sao Paulo - SP, Brazil                       #
#      Pontifical Catholic University of Rio Grande do Sul - RS, Brazil       #
#                                                                             #
#                                                                             #
#   EasyHybrid team:                               Special thanks to:         #
#   - Jose Fernando R Bachega           |         - Fernando V Maluf          #
#   - Michele Silva                     |                                     #
#   - Luis Fernando S M Timmers         |                                     #
#   - Martin Field                      |         - Leonardo R Bachega        #
#   - Troy Wymore                       |         - Lucas Assirati            #
#   - Osmar Norberto de Souza           |         - Richard Garratt           #
#   - Walter R Paixao-Cortes            |                                     #
#                                                                             #
#   Cite this work as:                                                        #
#   J.F.R. Bachega, L.F.S.M. Timmers, L.Assirati, L.B. Bachega, M.J. Field,   #
#   T. Wymore. J. Comput. Chem. 2013, 34, 2190-2196. DOI: 10.1002/jcc.23346   #
#                                                                             #
#-----------------------------------------------------------------------------#

Generated on Wed Jun  5 17:31:18 2019


--------------------------------------------------------------------------------
                       Summary for System "Pruned System"
--------------------------------------------------------------------------------

---------------------------- Atom Container Summary ----------------------------
Number of Atoms        =           2173  Number of Heavy Atoms  =           1040
Number of Hydrogens    =           1133  Number of Unknowns     =              0
--------------------------------------------------------------------------------

----------------------------- Connectivity Summary -----------------------------
Atoms                  =           2173
--------------------------------------------------------------------------------

------------------------------- Electronic State -------------------------------
Charge                 =             -1  Multiplicity           =              1
--------------------------------------------------------------------------------

--------------------------------------------------------------------------------
                    Summary for Energy Model "AMBER/AM1/ABFS"
--------------------------------------------------------------------------------

----------------------------------- Summary for MM Model "AMBER" -----------------------------------
LJ 1-4 Scaling                   =          0.500  El. 1-4 Scaling                  =          0.833
Number of MM Atoms               =           2173  Number of MM Atom Types          =             37
Number of Inactive MM Atoms      =             33  Total MM Charge                  =          -4.00
Harmonic Bond Terms              =           2169  Harmonic Bond Parameters         =             49
Harmonic Bond Inactive           =           1308  Fourier Improper Terms           =            320
Fourier Improper Parameters      =              3  Fourier Improper Inactive        =            164
Harmonic Angle Terms             =           3403  Harmonic Angle Parameters        =            103
Harmonic Angle Inactive          =           1938  Fourier Dihedral Terms           =           6697
Fourier Dihedral Parameters      =             48  Fourier Dihedral Inactive        =           3453
Exclusions                       =          10377  1-4 Interactions                 =           4805
LJ Parameters Form               =          AMBER  LJ Parameters Types              =             21
1-4 Lennard-Jones Form           =          AMBER  1-4 Lennard-Jones Types          =             21
----------------------------------------------------------------------------------------------------

-------------------------- Summary for QC Model "AM1" --------------------------
Number of QC Atoms     =             39  Boundary Atoms         =              6
Nuclear Charge         =            129  Orbital Functions      =            108
Fitting Functions      =              0  Energy Base Line       =      188.36370
QC Parameter Centers   =              6
--------------------------------------------------------------------------------

----------------------------- ABFS NB Model Summary ----------------------------
Dielectric             =       1.000000  El. 1-4 Scaling        =       0.833333
Damping Cutoff         =       0.500000  Inner Cutoff           =       8.000000
List Cutoff            =      13.500000  Outer Cutoff           =      12.000000
QC/MM Coupling         =    RC Coupling  Use Centering          =          False
--------------------------------------------------------------------------------

-------------------------- Pairlist Generator Summary --------------------------
Cell Size              =          6.750  Cutoff                 =         13.500
Cutoff Cell Size Factor =          0.500  Grid Cell/Cell Method  =           True
Minimum Cell Extent    =              2  Minimum Cell Size      =          3.000
Minimum Extent Factor  =          1.500  Minimum Points         =            500
Sort Indices           =          False
--------------------------------------------------------------------------------

----------------------- SoftConstraint Container Summary -----------------------
Multiple Distance      =              2
--------------------------------------------------------------------------------

---------------------------- Hard Constraint Container Summary ---------------------------
Number of Charge Constraints  =            0  Number of Fixed Atoms         =         1351
------------------------------------------------------------------------------------------

------------------------------- Sequence Summary -------------------------------
Number of Atoms            =       2173  Number of Components       =        213
Number of Entities         =          1  Number of Linear Polymers  =          0
Number of Links            =          0  Number of Variants         =          0
--------------------------------------------------------------------------------

-------------------------------  Conjugate Gradient Minimizer Options ------------------------------
Beta Type                        =              1  Initial Step                     =            0.1
Line Searcher                    =           None  Log Frequency                    =              1
Maximum Iterations               =           5000  Maximum Theta                    =          1e+10
Minimum Theta                    =          1e-10  RMS Gradient Tolerance           =            0.1
Steepest Descent Tolerance       =          0.001  Use Spectral Theta               =           True
----------------------------------------------------------------------------------------------------

----------------------------------------------------------------------------------------------------------------
  Iteration       Function          RMS Gradient        Max. |Grad.|          RMS Disp.         Max. |Disp.|
----------------------------------------------------------------------------------------------------------------
     0     I      -9473.34618269         35.81189505       1301.41746027          0.00201374          0.07318006
     1   L1s      -9508.26226653          3.29726155         69.71738574          0.00078549          0.01612353
     2   L1s      -9509.81930008          5.38190228        182.72869786          0.00038474          0.00888148
     3   L1s      -9511.36551570          2.16099304         56.50123972          0.00044667          0.01234451
     4   L1s      -9512.12804172          1.27502939         31.63091680          0.00036549          0.00875739
     5   L1s      -9512.32683309          1.78482027         43.90962479          0.00015885          0.00420108
     6   L1s      -9512.57503490          1.18916495         17.56811522          0.00022865          0.00492670
     7   L1s      -9512.70791307          1.01451905         27.05989096          0.00015295          0.00269701
     8   L1s      -9512.76072995          0.79785533         15.70117882          0.00007398          0.00146249
     9   L1s      -9512.83385047          0.48460952          8.49147367          0.00012669          0.00247554
    10   L1s      -9512.87184050          0.44571612          7.68790448          0.00009160          0.00193215
    11   L1s      -9512.89732522          0.58440783         13.33359582          0.00007689          0.00203383
    12   L0s      -9512.91865308          0.51973729         11.41180095          0.00007689          0.00188442
    13   L1s      -9512.95600145          0.61787146         14.58589252          0.00014694          0.00348322
    14   L1s      -9512.97554342          0.40525555          6.64664545          0.00007849          0.00209451
    15   L1s      -9513.01931979          0.49762281          7.62046597          0.00019669          0.00519834
    16   L1s      -9513.04595010          0.47209952          9.79785564          0.00012780          0.00391821
    17   L1s      -9513.05998085          0.39390973          9.42765146          0.00007125          0.00199763
    18   L1s      -9513.07937896          0.42116907          8.67060321          0.00010620          0.00249023
    19   L1s      -9513.08964747          0.35922490          5.62478450          0.00005952          0.00143300
    20   L1s      -9513.10619959          0.24115132          3.26144360          0.00010313          0.00198602
    21   L1s      -9513.11510121          0.30759852          7.40712484          0.00006323          0.00148462
    22   L1s      -9513.12199197          0.26617914          4.74192382          0.00005214          0.00097390
    23   L1s      -9513.12989721          0.24958788          5.52056093          0.00006450          0.00110450
    24   L1s      -9513.13484764          0.28244158          8.21828846          0.00004347          0.00071869
    25   L1s      -9513.14116411          0.17797199          2.18678481          0.00005837          0.00080933
    26   L1s      -9513.14810462          0.25889832          4.58006451          0.00007150          0.00092128
    27   L1s      -9513.15350107          0.24441648          5.63777883          0.00005810          0.00068030
    28   L0s      -9513.15894982          0.16898972          2.11072116          0.00005810          0.00057442
    29   L0s      -9513.16386931          0.30184454          9.16095169          0.00005810          0.00054268
    30   L0s      -9513.16841654          0.18823297          2.94285446          0.00005810          0.00060548
    31   L1s      -9513.17507999          0.18387824          2.77615196          0.00008753          0.00099296
    32   L1s      -9513.17928418          0.24445338          6.48850971          0.00005510          0.00069612
    33   L1s      -9513.18418562          0.20952789          4.01876425          0.00006627          0.00071090
    34   L0s      -9513.18894964          0.20078248          4.76138411          0.00006627          0.00073168
    35   L1s      -9513.19169913          0.21308339          4.81950285          0.00003984          0.00044912
    36   L1s      -9513.19814933          0.16634673          2.53757210          0.00009742          0.00111779
    37   L1s      -9513.20310564          0.17867935          2.70994025          0.00007864          0.00091309
    38   L1s      -9513.20557961          0.20714542          5.23428736          0.00004084          0.00047876
    39   L1s      -9513.21040952          0.18021111          3.95833830          0.00008195          0.00097543
    40   L1s      -9513.21309764          0.20580162          4.06499612          0.00004719          0.00056804
    41   L1s      -9513.21699735          0.14513642          1.81689878          0.00007017          0.00085894
    42   L1s      -9513.22231872          0.19550068          3.51682434          0.00010027          0.00122673
    43   L1s      -9513.22577503          0.22671362          6.35224401          0.00006668          0.00081222
    44   L0s      -9513.22924192          0.16923453          2.47950685          0.00006668          0.00080072
    45   L1s      -9513.23423122          0.21702841          4.17055372          0.00009753          0.00116085
    46   L1s      -9513.23753238          0.20182733          4.36877084          0.00006641          0.00078269
    47   L1s      -9513.24405580          0.18666343          2.42125321          0.00013386          0.00155997
    48   L1s      -9513.24939078          0.23147434          6.00972749          0.00011194          0.00129425
    49   L1s      -9513.25229724          0.20194142          5.02787520          0.00006182          0.00070720
    50   L1s      -9513.25936241          0.14729453          1.51083341          0.00015298          0.00171453
    51   L1s      -9513.26219188          0.19168370          5.77187562          0.00006328          0.00070206
    52   L1s      -9513.26459437          0.12710579          1.60237927          0.00005468          0.00059508
    53   L1s      -9513.26741656          0.16966463          4.22109439          0.00006671          0.00071802
    54   L1s      -9513.26934721          0.17575120          4.10790156          0.00004655          0.00049532
    55   L1s      -9513.27284267          0.13222934          2.17563751          0.00008583          0.00088967
    56   L0s      -9513.27617705          0.13373634          1.64656293          0.00008583          0.00086906
    57   L1s      -9513.27810371          0.18160841          4.11229743          0.00005088          0.00051029
    58   L1s      -9513.28082041          0.14010788          2.78044740          0.00007214          0.00071931
    59   L1s      -9513.28322310          0.19877763          3.89977891          0.00006529          0.00065163
    60   L1s      -9513.28598951          0.13851067          1.87755388          0.00007602          0.00076463
    61   L1s      -9513.28982632          0.13698679          2.48285228          0.00010781          0.00108811
    62   L1s      -9513.29291282          0.18776210          4.84662988          0.00008863          0.00089138
    63   L1s      -9513.29515327          0.17940389          3.23198860          0.00006506          0.00064915
    64   L1s      -9513.29937447          0.16472899          2.18004878          0.00012407          0.00121779
    65   L1s      -9513.30199773          0.20047109          4.87810545          0.00007817          0.00075828
    66   L1s      -9513.30587920          0.15879307          2.42480934          0.00011672          0.00111272
    67   L1s      -9513.31036480          0.16217790          3.07914806          0.00013681          0.00128722
    68   L1s      -9513.31270239          0.21083189          6.27644198          0.00007224          0.00067501
    69   L1s      -9513.31627003          0.13646626          1.39590805          0.00011111          0.00102354
    70   L1s      -9513.32021562          0.15935895          4.14732070          0.00012512          0.00114010
    71   L1s      -9513.32196338          0.15827077          3.22362096          0.00005613          0.00051499
    72   L1s      -9513.32556836          0.13111505          2.32199080          0.00011725          0.00113712
    73   L1s      -9513.32733906          0.19301102          5.76355977          0.00005862          0.00058212
    74   L1s      -9513.33060043          0.12944939          1.50891165          0.00010882          0.00113364
    75   L0s      -9513.33362698          0.15080159          1.88928162          0.00010882          0.00117042
    76   L0s      -9513.33674006          0.18327286          4.05225788          0.00010882          0.00119012
    77   L1s      -9513.33867028          0.12716554          2.62911318          0.00006618          0.00074625
    78   L1s      -9513.34079078          0.15754063          3.37941505          0.00007730          0.00088698
    79   L1s      -9513.34241923          0.14068686          2.61828532          0.00005995          0.00070184
    80   L1s      -9513.34548041          0.12564338          1.53990607          0.00011407          0.00136616
    81   L1s      -9513.34785166          0.14596821          2.74406594          0.00008967          0.00109090
    82   L1s      -9513.34937921          0.15350498          2.49584757          0.00005840          0.00071985
    83   L1s      -9513.35258491          0.15628178          3.67650231          0.00012371          0.00154194
    84   L1s      -9513.35405721          0.13634778          2.69706150          0.00005733          0.00072397
    85   L1s      -9513.35632138          0.11478656          1.75618899          0.00008919          0.00114323
    86   L1s      -9513.35822158          0.11280140          1.99896559          0.00007605          0.00098638
    87   L1s      -9513.35940616          0.14829501          4.08793741          0.00004817          0.00062830
    88   L1s      -9513.36164512          0.11982599          1.73669918          0.00009187          0.00120523
    89   L1s      -9513.36287028          0.13799380          3.31104105          0.00005094          0.00067077
    90   L1s      -9513.36471695          0.10909702          1.28216689          0.00007756          0.00102605
    91   L0s      -9513.36668336          0.10627521          1.31701304          0.00007756          0.00102749
    92   L1s      -9513.36816581          0.14824141          3.75424423          0.00005943          0.00078834
    93   L0s      -9513.36958679          0.10930307          1.91397546          0.00005943          0.00078929
    94   L1s      -9513.37124407          0.13313145          2.55234468          0.00007005          0.00092997
    95   L1s      -9513.37238561          0.10810138          1.95610616          0.00004894          0.00064834
    96   L1s      -9513.37453862          0.09979640          1.19617857          0.00009375          0.00123475
----------------------------------------------------------------------------------------------------------------

Minimization converged.

-------------------  Conjugate Gradient Minimizer Statistics -------------------
Iterations             =             96  Function Calls         =            182
--------------------------------------------------------------------------------
