
#-----------------------------------------------------------------------------#
#                                                                             #
#                                EasyHybrid                                   #
#                   - A pDynamo graphical user interface -                    #
#                                                                             #
#-----------------------------------------------------------------------------#
#                                                                             #
#     Developed by Jose Fernando R Bachega and Luis Fernando S M Timmers      #
#                            <ferbachega@gmail.com>                           #
#                                                                             #
#             visit: https://sites.google.com/site/EasyHybrid/                #
#                   Univesity of Sao Paulo - SP, Brazil                       #
#      Pontifical Catholic University of Rio Grande do Sul - RS, Brazil       #
#                                                                             #
#                                                                             #
#   EasyHybrid team:                               Special thanks to:         #
#   - Jose Fernando R Bachega           |         - Fernando V Maluf          #
#   - Michele Silva                     |                                     #
#   - Luis Fernando S M Timmers         |                                     #
#   - Martin Field                      |         - Leonardo R Bachega        #
#   - Troy Wymore                       |         - Lucas Assirati            #
#   - Osmar Norberto de Souza           |         - Richard Garratt           #
#   - Walter R Paixao-Cortes            |                                     #
#                                                                             #
#   Cite this work as:                                                        #
#   J.F.R. Bachega, L.F.S.M. Timmers, L.Assirati, L.B. Bachega, M.J. Field,   #
#   T. Wymore. J. Comput. Chem. 2013, 34, 2190-2196. DOI: 10.1002/jcc.23346   #
#                                                                             #
#-----------------------------------------------------------------------------#

Generated on Wed Jun  5 17:22:55 2019


--------------------------------------------------------------------------------
                       Summary for System "Pruned System"
--------------------------------------------------------------------------------

---------------------------- Atom Container Summary ----------------------------
Number of Atoms        =           2173  Number of Heavy Atoms  =           1040
Number of Hydrogens    =           1133  Number of Unknowns     =              0
--------------------------------------------------------------------------------

----------------------------- Connectivity Summary -----------------------------
Atoms                  =           2173
--------------------------------------------------------------------------------

------------------------------- Electronic State -------------------------------
Charge                 =             -1  Multiplicity           =              1
--------------------------------------------------------------------------------

--------------------------------------------------------------------------------
                    Summary for Energy Model "AMBER/AM1/ABFS"
--------------------------------------------------------------------------------

----------------------------------- Summary for MM Model "AMBER" -----------------------------------
LJ 1-4 Scaling                   =          0.500  El. 1-4 Scaling                  =          0.833
Number of MM Atoms               =           2173  Number of MM Atom Types          =             37
Number of Inactive MM Atoms      =             33  Total MM Charge                  =          -4.00
Harmonic Bond Terms              =           2169  Harmonic Bond Parameters         =             49
Harmonic Bond Inactive           =           1308  Fourier Improper Terms           =            320
Fourier Improper Parameters      =              3  Fourier Improper Inactive        =            164
Harmonic Angle Terms             =           3403  Harmonic Angle Parameters        =            103
Harmonic Angle Inactive          =           1938  Fourier Dihedral Terms           =           6697
Fourier Dihedral Parameters      =             48  Fourier Dihedral Inactive        =           3453
Exclusions                       =          10377  1-4 Interactions                 =           4805
LJ Parameters Form               =          AMBER  LJ Parameters Types              =             21
1-4 Lennard-Jones Form           =          AMBER  1-4 Lennard-Jones Types          =             21
----------------------------------------------------------------------------------------------------

-------------------------- Summary for QC Model "AM1" --------------------------
Number of QC Atoms     =             39  Boundary Atoms         =              6
Nuclear Charge         =            129  Orbital Functions      =            108
Fitting Functions      =              0  Energy Base Line       =      188.36370
QC Parameter Centers   =              6
--------------------------------------------------------------------------------

----------------------------- ABFS NB Model Summary ----------------------------
Dielectric             =       1.000000  El. 1-4 Scaling        =       0.833333
Damping Cutoff         =       0.500000  Inner Cutoff           =       8.000000
List Cutoff            =      13.500000  Outer Cutoff           =      12.000000
QC/MM Coupling         =    RC Coupling  Use Centering          =          False
--------------------------------------------------------------------------------

-------------------------- Pairlist Generator Summary --------------------------
Cell Size              =          6.750  Cutoff                 =         13.500
Cutoff Cell Size Factor =          0.500  Grid Cell/Cell Method  =           True
Minimum Cell Extent    =              2  Minimum Cell Size      =          3.000
Minimum Extent Factor  =          1.500  Minimum Points         =            500
Sort Indices           =          False
--------------------------------------------------------------------------------

----------------------- SoftConstraint Container Summary -----------------------
Multiple Distance      =              2
--------------------------------------------------------------------------------

---------------------------- Hard Constraint Container Summary ---------------------------
Number of Charge Constraints  =            0  Number of Fixed Atoms         =         1351
------------------------------------------------------------------------------------------

------------------------------- Sequence Summary -------------------------------
Number of Atoms            =       2173  Number of Components       =        213
Number of Entities         =          1  Number of Linear Polymers  =          0
Number of Links            =          0  Number of Variants         =          0
--------------------------------------------------------------------------------

-------------------------------  Conjugate Gradient Minimizer Options ------------------------------
Beta Type                        =              1  Initial Step                     =            0.1
Line Searcher                    =           None  Log Frequency                    =              1
Maximum Iterations               =           5000  Maximum Theta                    =          1e+10
Minimum Theta                    =          1e-10  RMS Gradient Tolerance           =            0.1
Steepest Descent Tolerance       =          0.001  Use Spectral Theta               =           True
----------------------------------------------------------------------------------------------------

----------------------------------------------------------------------------------------------------------------
  Iteration       Function          RMS Gradient        Max. |Grad.|          RMS Disp.         Max. |Disp.|
----------------------------------------------------------------------------------------------------------------
     0     I      -9507.54933915         39.45470223       1376.71076240          0.00201374          0.07026635
     1   L1s      -9544.60557264          4.07932595        128.40970287          0.00075790          0.02366480
     2   L1s      -9545.13825644          2.10551995         47.07137275          0.00010619          0.00228436
     3   L1s      -9545.65050059          1.42581738         32.73363696          0.00022268          0.00565732
     4   L1s      -9546.11824354          1.14290783         28.15912952          0.00033456          0.00549569
     5   L1s      -9546.35082861          1.27670007         35.49062688          0.00023150          0.00390639
     6   L1s      -9546.42735810          1.01122139         17.20260010          0.00009059          0.00157822
     7   L1s      -9546.52572898          0.78616845         21.21283602          0.00014087          0.00226008
     8   L1s      -9546.56905981          0.87771940         21.21256779          0.00007649          0.00118029
     9   L1s      -9546.65865734          0.69072189         16.17292510          0.00017853          0.00284083
    10   L1s      -9546.72514355          0.55069312          9.59034686          0.00015366          0.00243692
    11   L1s      -9546.79043880          0.44118554          6.13695858          0.00017880          0.00262705
    12   L1s      -9546.81601118          0.70357028         19.34377588          0.00008436          0.00145760
    13   L1s      -9546.85677964          0.47179395          6.65805427          0.00014244          0.00252553
    14   L1s      -9546.88730929          0.46740445          9.16522446          0.00011884          0.00220716
    15   L1s      -9546.90164723          0.54914944         14.72541689          0.00006112          0.00115575
    16   L1s      -9546.93294847          0.31125835          4.49539437          0.00014126          0.00261235
    17   L1s      -9546.95338245          0.37966242          6.68255309          0.00010649          0.00189552
    18   L0s      -9546.97398164          0.41246538          9.29807224          0.00010649          0.00178728
    19   L1s      -9546.98407796          0.28178422          4.46049105          0.00005700          0.00086685
    20   L1s      -9546.99856310          0.26845941          4.99826308          0.00010572          0.00144318
    21   L1s      -9547.00930621          0.37250576         10.19960308          0.00008485          0.00115939
    22   L1s      -9547.01751769          0.28353630          5.48105208          0.00006727          0.00093779
    23   L1s      -9547.02692559          0.36183583         10.07757530          0.00008162          0.00115916
    24   L1s      -9547.03462089          0.28746924          6.59276758          0.00006895          0.00102339
    25   L1s      -9547.04304034          0.21411088          3.15180402          0.00007910          0.00120405
    26   L1s      -9547.05215143          0.33215997          8.47475574          0.00009233          0.00137803
    27   L1s      -9547.05861626          0.22579390          3.17716101          0.00006739          0.00095595
    28   L1s      -9547.06737778          0.22730615          3.45300322          0.00009657          0.00139875
    29   L1s      -9547.07408279          0.27655418          7.97398936          0.00007769          0.00113846
    30   L1s      -9547.07927074          0.25176829          5.63394520          0.00006202          0.00092081
    31   L1s      -9547.08669202          0.27086139          5.98680411          0.00009190          0.00137988
    32   L1s      -9547.09069564          0.24413735          5.04460032          0.00005102          0.00077596
    33   L1s      -9547.09861481          0.20513477          3.23157607          0.00010429          0.00161191
    34   L1s      -9547.10434878          0.25118861          6.28721246          0.00007885          0.00122310
    35   L1s      -9547.10860415          0.21592339          3.27236398          0.00006010          0.00093055
    36   L1s      -9547.11632615          0.20487828          3.10059994          0.00011285          0.00172063
    37   L1s      -9547.12219998          0.23461896          4.62709233          0.00008895          0.00134079
    38   L1s      -9547.12585667          0.21056907          4.62974688          0.00005680          0.00087528
    39   L1s      -9547.13153835          0.21237451          3.20377910          0.00009091          0.00142834
    40   L1s      -9547.13520578          0.26261967          6.93398517          0.00006031          0.00094713
    41   L1s      -9547.14015118          0.17681004          3.02426545          0.00008274          0.00124418
    42   L1s      -9547.14581235          0.25251826          6.09224827          0.00009823          0.00141754
    43   L1s      -9547.14974179          0.19280711          2.97479628          0.00006933          0.00092999
    44   L1s      -9547.15487505          0.18109577          3.24017907          0.00009310          0.00118530
    45   L1s      -9547.16043265          0.22229115          4.84900983          0.00010379          0.00126895
    46   L1s      -9547.16379816          0.20050026          3.97323105          0.00006404          0.00074379
    47   L1s      -9547.16827747          0.17507443          2.30785161          0.00008715          0.00102598
    48   L1s      -9547.17337098          0.29064156          8.61756231          0.00010189          0.00120709
    49   L1s      -9547.17751034          0.16994124          2.71786843          0.00008358          0.00100654
    50   L1s      -9547.18106669          0.19615721          5.31370198          0.00007376          0.00088864
    51   L1s      -9547.18363313          0.17194159          2.97503718          0.00005427          0.00064737
    52   L1s      -9547.18788888          0.16949835          2.43594756          0.00009222          0.00108085
    53   L0s      -9547.19223098          0.16268049          3.75428846          0.00009222          0.00106929
    54   L1s      -9547.19415409          0.15860284          3.04529103          0.00004188          0.00048451
    55   L1s      -9547.19697117          0.12143268          1.46944628          0.00006578          0.00076591
    56   L0s      -9547.19948192          0.18350782          4.78875295          0.00006578          0.00076279
    57   L1s      -9547.20125475          0.15551742          2.78071594          0.00004509          0.00051139
    58   L1s      -9547.20359571          0.15190739          4.18145614          0.00005525          0.00060129
    59   L1s      -9547.20526372          0.15863367          3.85200528          0.00004036          0.00042055
    60   L1s      -9547.20790333          0.11275777          1.32348057          0.00006529          0.00063037
    61   L0s      -9547.21051305          0.12506696          1.73818445          0.00006529          0.00061705
    62   L1s      -9547.21202375          0.14884439          4.31652502          0.00003931          0.00036683
    63   L1s      -9547.21376993          0.10748844          1.52313038          0.00004733          0.00042051
    64   L0s      -9547.21544817          0.14525897          3.01157422          0.00004733          0.00040767
    65   L1s      -9547.21653452          0.12071816          1.60839178          0.00003119          0.00026618
    66   L1s      -9547.21849380          0.10655151          1.70824079          0.00005759          0.00048886
    67   L1s      -9547.22000198          0.12129960          3.40573807          0.00004579          0.00038773
    68   L1s      -9547.22086284          0.09521403          1.26450151          0.00002677          0.00022370
----------------------------------------------------------------------------------------------------------------

Minimization converged.

-------------------  Conjugate Gradient Minimizer Statistics -------------------
Iterations             =             68  Function Calls         =            132
--------------------------------------------------------------------------------
