
#-----------------------------------------------------------------------------#
#                                                                             #
#                                EasyHybrid                                   #
#                   - A pDynamo graphical user interface -                    #
#                                                                             #
#-----------------------------------------------------------------------------#
#                                                                             #
#     Developed by Jose Fernando R Bachega and Luis Fernando S M Timmers      #
#                            <ferbachega@gmail.com>                           #
#                                                                             #
#             visit: https://sites.google.com/site/EasyHybrid/                #
#                   Univesity of Sao Paulo - SP, Brazil                       #
#      Pontifical Catholic University of Rio Grande do Sul - RS, Brazil       #
#                                                                             #
#                                                                             #
#   EasyHybrid team:                               Special thanks to:         #
#   - Jose Fernando R Bachega           |         - Fernando V Maluf          #
#   - Michele Silva                     |                                     #
#   - Luis Fernando S M Timmers         |                                     #
#   - Martin Field                      |         - Leonardo R Bachega        #
#   - Troy Wymore                       |         - Lucas Assirati            #
#   - Osmar Norberto de Souza           |         - Richard Garratt           #
#   - Walter R Paixao-Cortes            |                                     #
#                                                                             #
#   Cite this work as:                                                        #
#   J.F.R. Bachega, L.F.S.M. Timmers, L.Assirati, L.B. Bachega, M.J. Field,   #
#   T. Wymore. J. Comput. Chem. 2013, 34, 2190-2196. DOI: 10.1002/jcc.23346   #
#                                                                             #
#-----------------------------------------------------------------------------#

Generated on Wed Jun  5 17:24:15 2019


--------------------------------------------------------------------------------
                       Summary for System "Pruned System"
--------------------------------------------------------------------------------

---------------------------- Atom Container Summary ----------------------------
Number of Atoms        =           2173  Number of Heavy Atoms  =           1040
Number of Hydrogens    =           1133  Number of Unknowns     =              0
--------------------------------------------------------------------------------

----------------------------- Connectivity Summary -----------------------------
Atoms                  =           2173
--------------------------------------------------------------------------------

------------------------------- Electronic State -------------------------------
Charge                 =             -1  Multiplicity           =              1
--------------------------------------------------------------------------------

--------------------------------------------------------------------------------
                    Summary for Energy Model "AMBER/AM1/ABFS"
--------------------------------------------------------------------------------

----------------------------------- Summary for MM Model "AMBER" -----------------------------------
LJ 1-4 Scaling                   =          0.500  El. 1-4 Scaling                  =          0.833
Number of MM Atoms               =           2173  Number of MM Atom Types          =             37
Number of Inactive MM Atoms      =             33  Total MM Charge                  =          -4.00
Harmonic Bond Terms              =           2169  Harmonic Bond Parameters         =             49
Harmonic Bond Inactive           =           1308  Fourier Improper Terms           =            320
Fourier Improper Parameters      =              3  Fourier Improper Inactive        =            164
Harmonic Angle Terms             =           3403  Harmonic Angle Parameters        =            103
Harmonic Angle Inactive          =           1938  Fourier Dihedral Terms           =           6697
Fourier Dihedral Parameters      =             48  Fourier Dihedral Inactive        =           3453
Exclusions                       =          10377  1-4 Interactions                 =           4805
LJ Parameters Form               =          AMBER  LJ Parameters Types              =             21
1-4 Lennard-Jones Form           =          AMBER  1-4 Lennard-Jones Types          =             21
----------------------------------------------------------------------------------------------------

-------------------------- Summary for QC Model "AM1" --------------------------
Number of QC Atoms     =             39  Boundary Atoms         =              6
Nuclear Charge         =            129  Orbital Functions      =            108
Fitting Functions      =              0  Energy Base Line       =      188.36370
QC Parameter Centers   =              6
--------------------------------------------------------------------------------

----------------------------- ABFS NB Model Summary ----------------------------
Dielectric             =       1.000000  El. 1-4 Scaling        =       0.833333
Damping Cutoff         =       0.500000  Inner Cutoff           =       8.000000
List Cutoff            =      13.500000  Outer Cutoff           =      12.000000
QC/MM Coupling         =    RC Coupling  Use Centering          =          False
--------------------------------------------------------------------------------

-------------------------- Pairlist Generator Summary --------------------------
Cell Size              =          6.750  Cutoff                 =         13.500
Cutoff Cell Size Factor =          0.500  Grid Cell/Cell Method  =           True
Minimum Cell Extent    =              2  Minimum Cell Size      =          3.000
Minimum Extent Factor  =          1.500  Minimum Points         =            500
Sort Indices           =          False
--------------------------------------------------------------------------------

----------------------- SoftConstraint Container Summary -----------------------
Multiple Distance      =              2
--------------------------------------------------------------------------------

---------------------------- Hard Constraint Container Summary ---------------------------
Number of Charge Constraints  =            0  Number of Fixed Atoms         =         1351
------------------------------------------------------------------------------------------

------------------------------- Sequence Summary -------------------------------
Number of Atoms            =       2173  Number of Components       =        213
Number of Entities         =          1  Number of Linear Polymers  =          0
Number of Links            =          0  Number of Variants         =          0
--------------------------------------------------------------------------------

-------------------------------  Conjugate Gradient Minimizer Options ------------------------------
Beta Type                        =              1  Initial Step                     =            0.1
Line Searcher                    =           None  Log Frequency                    =              1
Maximum Iterations               =           5000  Maximum Theta                    =          1e+10
Minimum Theta                    =          1e-10  RMS Gradient Tolerance           =            0.1
Steepest Descent Tolerance       =          0.001  Use Spectral Theta               =           True
----------------------------------------------------------------------------------------------------

----------------------------------------------------------------------------------------------------------------
  Iteration       Function          RMS Gradient        Max. |Grad.|          RMS Disp.         Max. |Disp.|
----------------------------------------------------------------------------------------------------------------
     0     I      -9546.82685335         38.83457203       1488.76660345          0.00201374          0.07719898
     1   L1s      -9581.97711773          3.28319886         73.16448166          0.00073696          0.01520848
     2   L1s      -9582.62426249          3.46601037        104.22297309          0.00015994          0.00456472
     3   L1s      -9584.02259581          2.85613726         71.42118130          0.00047795          0.01476909
     4   L0s      -9585.12244213          1.34531077         33.37803126          0.00047795          0.00980597
     5   L1s      -9585.35066342          1.86950920         45.22232612          0.00016751          0.00305053
     6   L1s      -9585.52248894          1.19238387         33.66173440          0.00014637          0.00370299
     7   L1s      -9585.78410464          1.06190946         21.98982222          0.00028504          0.00570146
     8   L1s      -9585.86865472          1.26440574         27.55471980          0.00011249          0.00245730
     9   L1s      -9586.03659353          0.58734756         10.90517344          0.00024806          0.00463982
    10   L1s      -9586.08817844          0.64646631         15.11553001          0.00010370          0.00186899
    11   L1s      -9586.14916798          0.95094977         29.13344131          0.00014450          0.00298053
    12   L1s      -9586.18826727          0.44314134          6.26844706          0.00009836          0.00181187
    13   L1s      -9586.22829916          0.48541631          9.36615945          0.00012439          0.00209933
    14   L1s      -9586.24440511          0.53809097         13.56950127          0.00005680          0.00104766
    15   L1s      -9586.28278367          0.41468590          7.54501273          0.00014719          0.00253065
    16   L1s      -9586.31090291          0.37767408          5.50041193          0.00012118          0.00220639
    17   L1s      -9586.32232786          0.47339888         10.36487189          0.00005503          0.00102464
    18   L1s      -9586.33857135          0.31064129          4.37177668          0.00008305          0.00148810
    19   L1s      -9586.35723181          0.31338059          4.27722285          0.00010704          0.00172588
    20   L1s      -9586.36680292          0.38116161          9.93185032          0.00006023          0.00096519
    21   L0s      -9586.37658699          0.25165206          4.03722164          0.00006023          0.00098930
    22   L1s      -9586.38998405          0.26400194          5.50244923          0.00008683          0.00127350
    23   L1s      -9586.39445041          0.30183854          9.30656335          0.00003323          0.00048642
    24   L1s      -9586.40542437          0.22592516          3.29866892          0.00008682          0.00129476
    25   L1s      -9586.41134948          0.32778813         10.12692801          0.00005150          0.00075468
    26   L1s      -9586.41864684          0.23558759          3.77849777          0.00006595          0.00081906
    27   L1s      -9586.42979463          0.21792567          3.68747305          0.00010784          0.00122912
    28   L1s      -9586.43384920          0.25055352          7.23421181          0.00004203          0.00045008
    29   L0s      -9586.43799964          0.18654179          2.93941664          0.00004203          0.00043439
    30   L1s      -9586.44524724          0.27538198          7.27987528          0.00007665          0.00090930
    31   L1s      -9586.44898487          0.21552380          4.08620937          0.00004191          0.00049138
    32   L1s      -9586.45575924          0.19079128          2.96606164          0.00008012          0.00095651
    33   L1s      -9586.46062302          0.28166610          6.87006563          0.00006111          0.00078888
    34   L0s      -9586.46506651          0.19018306          3.52157634          0.00006111          0.00077440
    35   L1s      -9586.47085420          0.19701664          3.75072106          0.00008850          0.00115044
    36   L1s      -9586.47311310          0.20426013          5.46381159          0.00003400          0.00043076
    37   L1s      -9586.47798216          0.16273840          4.24779989          0.00007579          0.00097862
    38   L1s      -9586.48142187          0.17906300          4.12789311          0.00005621          0.00068191
    39   L1s      -9586.48336261          0.17527003          3.17654085          0.00003291          0.00041762
    40   L1s      -9586.48900953          0.15187445          1.95749613          0.00009926          0.00128104
    41   L1s      -9586.49250239          0.22915877          7.51907777          0.00006418          0.00076404
    42   L1s      -9586.49514287          0.14552734          1.77839665          0.00004942          0.00061841
    43   L1s      -9586.49805048          0.15065017          3.22445787          0.00005678          0.00071195
    44   L1s      -9586.49961273          0.16819820          3.96954248          0.00003165          0.00039210
    45   L1s      -9586.50285308          0.14140087          2.43958981          0.00006749          0.00083346
    46   L1s      -9586.50741382          0.16919001          3.73904732          0.00009853          0.00123196
    47   L1s      -9586.50898677          0.16135026          4.55597284          0.00003480          0.00042079
    48   L1s      -9586.51299267          0.14017689          2.44711816          0.00009091          0.00104148
    49   L1s      -9586.51476453          0.16974173          5.65102758          0.00004151          0.00047979
    50   L0s      -9586.51644449          0.11992609          2.02313039          0.00004151          0.00045671
    51   L1s      -9586.51973949          0.13622131          2.93616041          0.00008675          0.00100098
    52   L1s      -9586.52103950          0.14827519          3.77871664          0.00003439          0.00038599
    53   L1s      -9586.52305579          0.11017580          2.18473707          0.00005446          0.00060374
    54   L1s      -9586.52528673          0.11172616          2.49240455          0.00006246          0.00077277
    55   L1s      -9586.52621797          0.13748064          3.71604150          0.00002694          0.00029694
    56   L1s      -9586.52821393          0.10122129          1.39813724          0.00005892          0.00067080
    57   L1s      -9586.52962179          0.15680667          5.36522922          0.00004304          0.00048563
    58   L0s      -9586.53109784          0.10242548          1.48142003          0.00004304          0.00048203
    59   L1s      -9586.53315507          0.10987585          2.00183965          0.00005740          0.00067599
    60   L1s      -9586.53428659          0.14168831          3.64727095          0.00003407          0.00041701
    61   L1s      -9586.53574542          0.09304481          1.71384783          0.00004471          0.00058813
----------------------------------------------------------------------------------------------------------------

Minimization converged.

-------------------  Conjugate Gradient Minimizer Statistics -------------------
Iterations             =             61  Function Calls         =            117
--------------------------------------------------------------------------------
