
#-----------------------------------------------------------------------------#
#                                                                             #
#                                EasyHybrid                                   #
#                   - A pDynamo graphical user interface -                    #
#                                                                             #
#-----------------------------------------------------------------------------#
#                                                                             #
#     Developed by Jose Fernando R Bachega and Luis Fernando S M Timmers      #
#                            <ferbachega@gmail.com>                           #
#                                                                             #
#             visit: https://sites.google.com/site/EasyHybrid/                #
#                   Univesity of Sao Paulo - SP, Brazil                       #
#      Pontifical Catholic University of Rio Grande do Sul - RS, Brazil       #
#                                                                             #
#                                                                             #
#   EasyHybrid team:                               Special thanks to:         #
#   - Jose Fernando R Bachega           |         - Fernando V Maluf          #
#   - Michele Silva                     |                                     #
#   - Luis Fernando S M Timmers         |                                     #
#   - Martin Field                      |         - Leonardo R Bachega        #
#   - Troy Wymore                       |         - Lucas Assirati            #
#   - Osmar Norberto de Souza           |         - Richard Garratt           #
#   - Walter R Paixao-Cortes            |                                     #
#                                                                             #
#   Cite this work as:                                                        #
#   J.F.R. Bachega, L.F.S.M. Timmers, L.Assirati, L.B. Bachega, M.J. Field,   #
#   T. Wymore. J. Comput. Chem. 2013, 34, 2190-2196. DOI: 10.1002/jcc.23346   #
#                                                                             #
#-----------------------------------------------------------------------------#

Generated on Wed Jun  5 17:28:05 2019


--------------------------------------------------------------------------------
                       Summary for System "Pruned System"
--------------------------------------------------------------------------------

---------------------------- Atom Container Summary ----------------------------
Number of Atoms        =           2173  Number of Heavy Atoms  =           1040
Number of Hydrogens    =           1133  Number of Unknowns     =              0
--------------------------------------------------------------------------------

----------------------------- Connectivity Summary -----------------------------
Atoms                  =           2173
--------------------------------------------------------------------------------

------------------------------- Electronic State -------------------------------
Charge                 =             -1  Multiplicity           =              1
--------------------------------------------------------------------------------

--------------------------------------------------------------------------------
                    Summary for Energy Model "AMBER/AM1/ABFS"
--------------------------------------------------------------------------------

----------------------------------- Summary for MM Model "AMBER" -----------------------------------
LJ 1-4 Scaling                   =          0.500  El. 1-4 Scaling                  =          0.833
Number of MM Atoms               =           2173  Number of MM Atom Types          =             37
Number of Inactive MM Atoms      =             33  Total MM Charge                  =          -4.00
Harmonic Bond Terms              =           2169  Harmonic Bond Parameters         =             49
Harmonic Bond Inactive           =           1308  Fourier Improper Terms           =            320
Fourier Improper Parameters      =              3  Fourier Improper Inactive        =            164
Harmonic Angle Terms             =           3403  Harmonic Angle Parameters        =            103
Harmonic Angle Inactive          =           1938  Fourier Dihedral Terms           =           6697
Fourier Dihedral Parameters      =             48  Fourier Dihedral Inactive        =           3453
Exclusions                       =          10377  1-4 Interactions                 =           4805
LJ Parameters Form               =          AMBER  LJ Parameters Types              =             21
1-4 Lennard-Jones Form           =          AMBER  1-4 Lennard-Jones Types          =             21
----------------------------------------------------------------------------------------------------

-------------------------- Summary for QC Model "AM1" --------------------------
Number of QC Atoms     =             39  Boundary Atoms         =              6
Nuclear Charge         =            129  Orbital Functions      =            108
Fitting Functions      =              0  Energy Base Line       =      188.36370
QC Parameter Centers   =              6
--------------------------------------------------------------------------------

----------------------------- ABFS NB Model Summary ----------------------------
Dielectric             =       1.000000  El. 1-4 Scaling        =       0.833333
Damping Cutoff         =       0.500000  Inner Cutoff           =       8.000000
List Cutoff            =      13.500000  Outer Cutoff           =      12.000000
QC/MM Coupling         =    RC Coupling  Use Centering          =          False
--------------------------------------------------------------------------------

-------------------------- Pairlist Generator Summary --------------------------
Cell Size              =          6.750  Cutoff                 =         13.500
Cutoff Cell Size Factor =          0.500  Grid Cell/Cell Method  =           True
Minimum Cell Extent    =              2  Minimum Cell Size      =          3.000
Minimum Extent Factor  =          1.500  Minimum Points         =            500
Sort Indices           =          False
--------------------------------------------------------------------------------

----------------------- SoftConstraint Container Summary -----------------------
Multiple Distance      =              2
--------------------------------------------------------------------------------

---------------------------- Hard Constraint Container Summary ---------------------------
Number of Charge Constraints  =            0  Number of Fixed Atoms         =         1351
------------------------------------------------------------------------------------------

------------------------------- Sequence Summary -------------------------------
Number of Atoms            =       2173  Number of Components       =        213
Number of Entities         =          1  Number of Linear Polymers  =          0
Number of Links            =          0  Number of Variants         =          0
--------------------------------------------------------------------------------

-------------------------------  Conjugate Gradient Minimizer Options ------------------------------
Beta Type                        =              1  Initial Step                     =            0.1
Line Searcher                    =           None  Log Frequency                    =              1
Maximum Iterations               =           5000  Maximum Theta                    =          1e+10
Minimum Theta                    =          1e-10  RMS Gradient Tolerance           =            0.1
Steepest Descent Tolerance       =          0.001  Use Spectral Theta               =           True
----------------------------------------------------------------------------------------------------

----------------------------------------------------------------------------------------------------------------
  Iteration       Function          RMS Gradient        Max. |Grad.|          RMS Disp.         Max. |Disp.|
----------------------------------------------------------------------------------------------------------------
     0     I      -9472.90532282         39.34516852       1483.60181511          0.00201374          0.07593280
     1   L1s      -9511.29153405          3.05563382         87.71433216          0.00078576          0.02240246
     2   L1s      -9511.64454601          2.15635704         59.86048608          0.00009400          0.00309510
     3   L1s      -9512.48470781          1.40769458         37.48137712          0.00038752          0.00980269
     4   L1s      -9512.78675311          0.83294600         18.76549622          0.00022219          0.00473689
     5   L1s      -9512.94686514          0.94170064         20.67388559          0.00019558          0.00415892
     6   L1s      -9513.03890255          1.11782431         31.37502927          0.00013771          0.00282603
     7   L1s      -9513.10081344          0.69005643         14.78160644          0.00010310          0.00170739
     8   L1s      -9513.18108297          0.64964110         13.88869878          0.00016371          0.00288033
     9   L1s      -9513.21233844          0.62232280         14.99610310          0.00007476          0.00129890
    10   L0s      -9513.23940343          0.45131684          7.49787489          0.00007476          0.00123801
    11   L1s      -9513.28631745          0.38361471          5.97834437          0.00015528          0.00255674
    12   L1s      -9513.31277864          0.49808183         14.23854982          0.00010345          0.00159527
    13   L1s      -9513.32351807          0.33684501          5.88071418          0.00004547          0.00074779
    14   L1s      -9513.34242565          0.36220481          7.21135476          0.00009213          0.00140557
    15   L1s      -9513.35686390          0.50255359         13.63899617          0.00007738          0.00127445
    16   L1s      -9513.37823157          0.35697322          6.26396941          0.00011967          0.00192302
    17   L0s      -9513.39920379          0.30930147          4.70486426          0.00011967          0.00213677
    18   L1s      -9513.42266074          0.36520831          7.80775683          0.00014647          0.00273030
    19   L1s      -9513.43007867          0.35495626          8.61068174          0.00005061          0.00101882
    20   L1s      -9513.44462478          0.29596985          5.15203389          0.00010467          0.00210029
    21   L0s      -9513.45878390          0.45637151         14.16710246          0.00010467          0.00228154
    22   L0s      -9513.47308025          0.29453020          3.88698433          0.00010467          0.00221438
    23   L1s      -9513.49578799          0.28565989          6.30755595          0.00017940          0.00368482
    24   L1s      -9513.50357194          0.35388507          7.00126882          0.00006859          0.00146560
    25   L0s      -9513.51153187          0.27403699          6.62439368          0.00006859          0.00139499
    26   L1s      -9513.52231336          0.19630151          3.42827552          0.00009531          0.00190074
    27   L1s      -9513.52901870          0.30611330          9.02406444          0.00007032          0.00142500
    28   L1s      -9513.53322467          0.18356321          3.00470256          0.00004549          0.00088412
    29   L1s      -9513.53993701          0.21245624          4.48492731          0.00007844          0.00164856
    30   L1s      -9513.54293742          0.22241210          4.77658762          0.00003688          0.00073349
    31   L1s      -9513.54951992          0.21630933          5.30586920          0.00008439          0.00164681
    32   L1s      -9513.55409257          0.24252025          6.49603625          0.00006108          0.00127069
    33   L1s      -9513.55694309          0.15451743          2.96984785          0.00003926          0.00075764
    34   L1s      -9513.56312980          0.18297481          3.01407527          0.00009117          0.00167525
    35   L1s      -9513.56770057          0.29051624          7.74181902          0.00007032          0.00132071
    36   L0s      -9513.57255225          0.18615275          3.24118136          0.00007032          0.00123368
    37   L1s      -9513.57909365          0.20286810          3.79515205          0.00008922          0.00149914
    38   L1s      -9513.58240838          0.26726492          6.92020564          0.00004940          0.00084022
    39   L1s      -9513.58865698          0.19306686          4.96523254          0.00009505          0.00151183
    40   L0s      -9513.59412330          0.26302188          6.30451895          0.00009505          0.00152404
    41   L1s      -9513.59728744          0.20616840          4.53443546          0.00005332          0.00079738
    42   L1s      -9513.60230539          0.20984808          5.31256419          0.00007534          0.00119656
    43   L1s      -9513.60496556          0.20458029          5.31645407          0.00004121          0.00057042
    44   L1s      -9513.60965948          0.15032578          2.84709714          0.00007510          0.00096691
    45   L1s      -9513.61254495          0.24803518          7.30940183          0.00004883          0.00067733
    46   L1s      -9513.61642484          0.15256573          3.45431500          0.00006689          0.00087419
    47   L0s      -9513.62032114          0.18207096          4.13466614          0.00006689          0.00080164
    48   L1s      -9513.62254446          0.18707241          5.46930372          0.00004011          0.00049953
    49   L1s      -9513.62597181          0.14205319          2.48435211          0.00006647          0.00081731
    50   L1s      -9513.62748683          0.16898694          4.64553598          0.00003060          0.00032548
    51   L1s      -9513.63019449          0.12932836          2.69083635          0.00005623          0.00057835
    52   L0s      -9513.63297844          0.18615387          5.82449841          0.00005623          0.00054789
    53   L1s      -9513.63493621          0.14831688          2.62435679          0.00004204          0.00042365
    54   L1s      -9513.63957340          0.14916726          2.78538828          0.00011432          0.00121129
    55   L1s      -9513.64229324          0.20274088          5.20540963          0.00006864          0.00074106
    56   L0s      -9513.64476764          0.15953566          3.15641223          0.00006864          0.00075542
    57   L1s      -9513.64823213          0.19222309          5.48084019          0.00010203          0.00112059
    58   L1s      -9513.65024676          0.16477212          3.14921628          0.00005682          0.00061532
    59   L1s      -9513.65390737          0.13055089          1.67513512          0.00010477          0.00107133
    60   L0s      -9513.65753929          0.18211747          4.96479172          0.00010477          0.00103116
    61   L1s      -9513.65916438          0.14274677          3.04380530          0.00004778          0.00043873
    62   L1s      -9513.66221414          0.13904921          3.67753386          0.00009344          0.00083359
    63   L1s      -9513.66342102          0.14362551          3.58628845          0.00003764          0.00035782
    64   L1s      -9513.66724369          0.13921249          2.40594214          0.00012117          0.00117744
    65   L1s      -9513.67028424          0.19123927          4.98668287          0.00009795          0.00094673
    66   L1s      -9513.67227125          0.15964521          2.59308303          0.00006456          0.00061108
    67   L1s      -9513.67532910          0.13415577          2.48403449          0.00010055          0.00090529
    68   L1s      -9513.67726014          0.17457949          4.88940162          0.00006456          0.00056856
    69   L1s      -9513.67950012          0.12195608          1.63718013          0.00007563          0.00067627
    70   L1s      -9513.68219559          0.14614313          2.86822131          0.00009275          0.00083262
    71   L1s      -9513.68329159          0.13386203          2.45413396          0.00003821          0.00034780
    72   L1s      -9513.68632002          0.12184093          1.65661984          0.00010721          0.00099631
    73   L1s      -9513.68855727          0.17814675          4.30478675          0.00008057          0.00075427
    74   L1s      -9513.69036936          0.11086695          1.45396023          0.00006577          0.00064097
    75   L1s      -9513.69275815          0.17326102          3.53737391          0.00008845          0.00088102
    76   L1s      -9513.69433990          0.13687958          2.72037138          0.00005902          0.00060823
    77   L1s      -9513.69666239          0.11401448          2.32979531          0.00008773          0.00093996
    78   L0s      -9513.69876062          0.14513636          4.19531696          0.00008773          0.00095553
    79   L1s      -9513.69978443          0.12014582          1.81552151          0.00004179          0.00046218
    80   L1s      -9513.70179319          0.12340302          2.72890762          0.00007397          0.00082477
    81   L1s      -9513.70275133          0.12650436          3.38780478          0.00003584          0.00040222
    82   L1s      -9513.70456902          0.09465274          1.51375687          0.00006899          0.00078277
----------------------------------------------------------------------------------------------------------------

Minimization converged.

-------------------  Conjugate Gradient Minimizer Statistics -------------------
Iterations             =             82  Function Calls         =            153
--------------------------------------------------------------------------------
