
#-----------------------------------------------------------------------------#
#                                                                             #
#                                EasyHybrid                                   #
#                   - A pDynamo graphical user interface -                    #
#                                                                             #
#-----------------------------------------------------------------------------#
#                                                                             #
#     Developed by Jose Fernando R Bachega and Luis Fernando S M Timmers      #
#                            <ferbachega@gmail.com>                           #
#                                                                             #
#             visit: https://sites.google.com/site/EasyHybrid/                #
#                   Univesity of Sao Paulo - SP, Brazil                       #
#      Pontifical Catholic University of Rio Grande do Sul - RS, Brazil       #
#                                                                             #
#                                                                             #
#   EasyHybrid team:                               Special thanks to:         #
#   - Jose Fernando R Bachega           |         - Fernando V Maluf          #
#   - Michele Silva                     |                                     #
#   - Luis Fernando S M Timmers         |                                     #
#   - Martin Field                      |         - Leonardo R Bachega        #
#   - Troy Wymore                       |         - Lucas Assirati            #
#   - Osmar Norberto de Souza           |         - Richard Garratt           #
#   - Walter R Paixao-Cortes            |                                     #
#                                                                             #
#   Cite this work as:                                                        #
#   J.F.R. Bachega, L.F.S.M. Timmers, L.Assirati, L.B. Bachega, M.J. Field,   #
#   T. Wymore. J. Comput. Chem. 2013, 34, 2190-2196. DOI: 10.1002/jcc.23346   #
#                                                                             #
#-----------------------------------------------------------------------------#

Generated on Wed Jun  5 17:33:47 2019


--------------------------------------------------------------------------------
                       Summary for System "Pruned System"
--------------------------------------------------------------------------------

---------------------------- Atom Container Summary ----------------------------
Number of Atoms        =           2173  Number of Heavy Atoms  =           1040
Number of Hydrogens    =           1133  Number of Unknowns     =              0
--------------------------------------------------------------------------------

----------------------------- Connectivity Summary -----------------------------
Atoms                  =           2173
--------------------------------------------------------------------------------

------------------------------- Electronic State -------------------------------
Charge                 =             -1  Multiplicity           =              1
--------------------------------------------------------------------------------

--------------------------------------------------------------------------------
                    Summary for Energy Model "AMBER/AM1/ABFS"
--------------------------------------------------------------------------------

----------------------------------- Summary for MM Model "AMBER" -----------------------------------
LJ 1-4 Scaling                   =          0.500  El. 1-4 Scaling                  =          0.833
Number of MM Atoms               =           2173  Number of MM Atom Types          =             37
Number of Inactive MM Atoms      =             33  Total MM Charge                  =          -4.00
Harmonic Bond Terms              =           2169  Harmonic Bond Parameters         =             49
Harmonic Bond Inactive           =           1308  Fourier Improper Terms           =            320
Fourier Improper Parameters      =              3  Fourier Improper Inactive        =            164
Harmonic Angle Terms             =           3403  Harmonic Angle Parameters        =            103
Harmonic Angle Inactive          =           1938  Fourier Dihedral Terms           =           6697
Fourier Dihedral Parameters      =             48  Fourier Dihedral Inactive        =           3453
Exclusions                       =          10377  1-4 Interactions                 =           4805
LJ Parameters Form               =          AMBER  LJ Parameters Types              =             21
1-4 Lennard-Jones Form           =          AMBER  1-4 Lennard-Jones Types          =             21
----------------------------------------------------------------------------------------------------

-------------------------- Summary for QC Model "AM1" --------------------------
Number of QC Atoms     =             39  Boundary Atoms         =              6
Nuclear Charge         =            129  Orbital Functions      =            108
Fitting Functions      =              0  Energy Base Line       =      188.36370
QC Parameter Centers   =              6
--------------------------------------------------------------------------------

----------------------------- ABFS NB Model Summary ----------------------------
Dielectric             =       1.000000  El. 1-4 Scaling        =       0.833333
Damping Cutoff         =       0.500000  Inner Cutoff           =       8.000000
List Cutoff            =      13.500000  Outer Cutoff           =      12.000000
QC/MM Coupling         =    RC Coupling  Use Centering          =          False
--------------------------------------------------------------------------------

-------------------------- Pairlist Generator Summary --------------------------
Cell Size              =          6.750  Cutoff                 =         13.500
Cutoff Cell Size Factor =          0.500  Grid Cell/Cell Method  =           True
Minimum Cell Extent    =              2  Minimum Cell Size      =          3.000
Minimum Extent Factor  =          1.500  Minimum Points         =            500
Sort Indices           =          False
--------------------------------------------------------------------------------

----------------------- SoftConstraint Container Summary -----------------------
Multiple Distance      =              2
--------------------------------------------------------------------------------

---------------------------- Hard Constraint Container Summary ---------------------------
Number of Charge Constraints  =            0  Number of Fixed Atoms         =         1351
------------------------------------------------------------------------------------------

------------------------------- Sequence Summary -------------------------------
Number of Atoms            =       2173  Number of Components       =        213
Number of Entities         =          1  Number of Linear Polymers  =          0
Number of Links            =          0  Number of Variants         =          0
--------------------------------------------------------------------------------

-------------------------------  Conjugate Gradient Minimizer Options ------------------------------
Beta Type                        =              1  Initial Step                     =            0.1
Line Searcher                    =           None  Log Frequency                    =              1
Maximum Iterations               =           5000  Maximum Theta                    =          1e+10
Minimum Theta                    =          1e-10  RMS Gradient Tolerance           =            0.1
Steepest Descent Tolerance       =          0.001  Use Spectral Theta               =           True
----------------------------------------------------------------------------------------------------

----------------------------------------------------------------------------------------------------------------
  Iteration       Function          RMS Gradient        Max. |Grad.|          RMS Disp.         Max. |Disp.|
----------------------------------------------------------------------------------------------------------------
     0     I      -9490.15960029         39.31702482       1491.96061367          0.00201374          0.07641527
     1   L1s      -9527.89084609          3.14568087         88.24157894          0.00077166          0.02147621
     2   L1s      -9528.27260432          2.37906070         66.52587677          0.00009877          0.00334629
     3   L1s      -9529.25657726          1.45470206         38.83001030          0.00042124          0.01067097
     4   L1s      -9529.58488060          0.90967378         20.36257884          0.00023021          0.00482665
     5   L1s      -9529.74612762          1.43215198         39.84451247          0.00018322          0.00395973
     6   L1s      -9529.86054623          1.11310685         23.95906674          0.00014550          0.00337827
     7   L1s      -9529.99730137          0.89535351         21.24315291          0.00020082          0.00360713
     8   L1s      -9530.04500707          0.91715710         22.29126672          0.00008230          0.00131939
     9   L1s      -9530.13528289          0.56687257         12.18846356          0.00017503          0.00300305
    10   L1s      -9530.17827071          0.49300019         10.53406618          0.00010362          0.00193159
    11   L1s      -9530.23730267          0.49613380          7.67241633          0.00017193          0.00370612
    12   L1s      -9530.25872591          0.60702333         19.59603725          0.00007151          0.00130731
    13   L1s      -9530.28777193          0.37058000          6.81204334          0.00010439          0.00208841
    14   L1s      -9530.31637389          0.53964244         16.97953345          0.00012048          0.00233595
    15   L1s      -9530.33111563          0.47951693         10.28409180          0.00006589          0.00132200
    16   L1s      -9530.37018748          0.38348898          5.02411092          0.00018670          0.00367643
    17   L1s      -9530.40081898          0.40418170          6.78028351          0.00015972          0.00325225
    18   L0s      -9530.42829387          0.56890174         16.32235343          0.00015972          0.00316612
    19   L1s      -9530.44394825          0.37313004          6.15779621          0.00009168          0.00185167
    20   L1s      -9530.46510064          0.37461618          6.80132516          0.00012237          0.00261641
    21   L1s      -9530.50140267          0.45349148         10.87248055          0.00022439          0.00526892
    22   L1s      -9530.51411150          0.48282725         13.35862693          0.00008178          0.00181540
    23   L1s      -9530.54471704          0.33964519          6.08846746          0.00020355          0.00454031
    24   L1s      -9530.55281029          0.41987050         13.62756675          0.00005687          0.00130577
    25   L1s      -9530.57456876          0.31123388          4.63260170          0.00015868          0.00369415
    26   L1s      -9530.59078307          0.31123796          5.09691831          0.00012553          0.00280404
    27   L1s      -9530.60072799          0.39575783         11.28383498          0.00008114          0.00195319
    28   L1s      -9530.61175989          0.28891175          4.76633375          0.00009284          0.00219778
    29   L1s      -9530.62987519          0.26383555          3.56459589          0.00016088          0.00384016
    30   L1s      -9530.64278120          0.40021907         12.22328338          0.00012106          0.00309315
    31   L1s      -9530.65154333          0.28709037          5.48355586          0.00008402          0.00205768
    32   L0s      -9530.66062850          0.20853319          2.93193866          0.00008402          0.00202638
    33   L1s      -9530.66595779          0.34665493         11.85145947          0.00005058          0.00122689
    34   L1s      -9530.67643868          0.26679679          4.71985369          0.00010491          0.00249751
    35   L1s      -9530.68815781          0.29131441          7.07868866          0.00012266          0.00266429
    36   L1s      -9530.69408847          0.31126540          8.46265316          0.00006426          0.00145133
    37   L1s      -9530.70380152          0.23277108          2.81765189          0.00010828          0.00230086
    38   L1s      -9530.71558824          0.25976396          5.18839587          0.00013805          0.00272507
    39   L1s      -9530.71941891          0.25884023          6.35318010          0.00004634          0.00089577
    40   L1s      -9530.72807835          0.22521843          3.30332751          0.00010824          0.00206046
    41   L1s      -9530.73370283          0.32988975         10.42912564          0.00007314          0.00140710
    42   L1s      -9530.74144443          0.20613978          2.70850727          0.00010253          0.00189954
    43   L1s      -9530.74806150          0.19573861          2.64993152          0.00009135          0.00161972
    44   L1s      -9530.75342091          0.30104991          7.03221108          0.00007737          0.00145145
    45   L0s      -9530.75912393          0.18671279          2.43826018          0.00007737          0.00140815
    46   L0s      -9530.76559687          0.21264882          5.20701236          0.00007737          0.00127637
    47   L1s      -9530.76848403          0.21459230          5.99147580          0.00003835          0.00068574
    48   L1s      -9530.77390443          0.17150003          3.41027615          0.00007863          0.00139914
    49   L1s      -9530.77770444          0.24412377          6.42254252          0.00005789          0.00095717
    50   L0s      -9530.78118263          0.18753588          4.12114865          0.00005789          0.00097502
    51   L1s      -9530.78661925          0.18529537          3.03070080          0.00009690          0.00166430
    52   L1s      -9530.79102035          0.27014684          9.02712698          0.00007630          0.00118127
    53   L0s      -9530.79520801          0.17429089          1.97807617          0.00007630          0.00120199
    54   L1s      -9530.80043279          0.20475298          4.71060748          0.00010254          0.00161865
    55   L1s      -9530.80252594          0.17407941          4.36498594          0.00004092          0.00060815
    56   L1s      -9530.80718465          0.15751186          2.68064472          0.00009364          0.00129329
    57   L1s      -9530.81112578          0.20464750          5.76878545          0.00008178          0.00121294
    58   L1s      -9530.81345321          0.17367744          3.58925233          0.00004917          0.00064351
    59   L1s      -9530.81768107          0.15473004          3.15879729          0.00009150          0.00111686
    60   L1s      -9530.81986661          0.20147323          5.50699735          0.00004870          0.00059148
    61   L1s      -9530.82275819          0.12804024          1.38053612          0.00006547          0.00071667
    62   L1s      -9530.82659069          0.17592724          3.61400785          0.00009010          0.00103123
    63   L1s      -9530.82906430          0.20842211          6.07014551          0.00005925          0.00061250
    64   L1s      -9530.83287047          0.14774209          2.22407957          0.00009238          0.00095932
    65   L0s      -9530.83632601          0.23855582          6.56620535          0.00009238          0.00097369
    66   L1s      -9530.83906412          0.16768036          3.72612061          0.00007059          0.00071892
    67   L0s      -9530.84237834          0.12162901          1.84486752          0.00007059          0.00064389
    68   L1s      -9530.84466394          0.19076073          5.44695660          0.00004814          0.00049690
    69   L0s      -9530.84689238          0.12965059          1.56220522          0.00004814          0.00047294
    70   L1s      -9530.85032686          0.15976040          3.66260826          0.00007571          0.00066757
    71   L1s      -9530.85198835          0.17627402          4.32007493          0.00003798          0.00038177
    72   L1s      -9530.85516947          0.13302238          1.95684926          0.00007418          0.00074174
    73   L1s      -9530.85769467          0.18420714          4.98380140          0.00006086          0.00055132
    74   L1s      -9530.85957241          0.13639941          1.91991678          0.00004600          0.00042717
    75   L1s      -9530.86299890          0.12981242          2.06086734          0.00008640          0.00081320
    76   L1s      -9530.86475163          0.17198352          4.69428740          0.00004554          0.00043149
    77   L0s      -9530.86655866          0.11585766          2.03278182          0.00004554          0.00043664
    78   L1s      -9530.86883891          0.15167156          4.70558948          0.00005662          0.00055058
    79   L1s      -9530.87002964          0.12253079          2.30019129          0.00003094          0.00030803
    80   L1s      -9530.87217203          0.10404682          2.16971292          0.00005745          0.00058789
    81   L1s      -9530.87361264          0.15796365          5.37358741          0.00004022          0.00041412
    82   L0s      -9530.87513339          0.10809661          2.87514452          0.00004022          0.00041109
    83   L0s      -9530.87684143          0.11802122          2.42793732          0.00004022          0.00040628
    84   L1s      -9530.87782237          0.12669963          2.66136871          0.00002553          0.00025650
    85   L1s      -9530.88005785          0.10293991          1.55796641          0.00006406          0.00064226
    86   L1s      -9530.88187720          0.18434234          4.40048966          0.00005408          0.00054209
    87   L1s      -9530.88394565          0.12666559          2.26643095          0.00006215          0.00062214
    88   L1s      -9530.88637716          0.14684087          3.67369063          0.00007470          0.00076902
    89   L1s      -9530.88761873          0.14200928          3.71710178          0.00003876          0.00041132
    90   L1s      -9530.89010543          0.12072065          2.20436320          0.00007893          0.00086432
    91   L0s      -9530.89244483          0.19867559          6.17258821          0.00007893          0.00087040
    92   L1s      -9530.89457185          0.14371710          2.67063507          0.00007051          0.00078065
    93   L1s      -9530.89810981          0.16140994          2.97176836          0.00011081          0.00122279
    94   L1s      -9530.89968738          0.16864261          3.72548155          0.00005005          0.00054991
    95   L1s      -9530.90301216          0.14207059          2.90531193          0.00010668          0.00116433
    96   L1s      -9530.90559200          0.19700510          6.55804688          0.00008407          0.00091517
    97   L1s      -9530.90764202          0.12236366          2.80558713          0.00006734          0.00072989
    98   L1s      -9530.91012443          0.14260642          2.95312247          0.00008321          0.00090330
    99   L1s      -9530.91171948          0.17486217          5.52178406          0.00005424          0.00059111
   100   L1s      -9530.91446060          0.12285309          2.28696466          0.00009408          0.00104464
   101   L1s      -9530.91669574          0.19609303          4.59528350          0.00007812          0.00087663
   102   L0s      -9530.91886935          0.13340690          2.89829787          0.00007812          0.00090161
   103   L1s      -9530.92209787          0.15497366          2.59488662          0.00012036          0.00141636
   104   L1s      -9530.92396297          0.18747576          4.55027268          0.00006917          0.00082302
   105   L1s      -9530.92730478          0.14598819          2.75330689          0.00012478          0.00149921
   106   L0s      -9530.93059619          0.20326145          6.63654361          0.00012478          0.00150147
   107   L1s      -9530.93249843          0.13399086          2.02212684          0.00007236          0.00087106
   108   L1s      -9530.93591530          0.16006438          2.72437785          0.00013039          0.00157496
   109   L1s      -9530.93774805          0.17892774          4.51487737          0.00007056          0.00085640
   110   L1s      -9530.94063313          0.13094464          2.83994603          0.00011184          0.00137774
   111   L0s      -9530.94361131          0.17446255          3.83523737          0.00011184          0.00138838
   112   L1s      -9530.94515801          0.12877139          2.31905663          0.00005971          0.00075121
   113   L1s      -9530.94823047          0.14986041          3.17738603          0.00013010          0.00164363
   114   L1s      -9530.95000537          0.18424524          5.68519195          0.00007576          0.00095818
   115   L1s      -9530.95305732          0.14364795          3.50929308          0.00013096          0.00165573
   116   L0s      -9530.95634783          0.15024537          3.83254600          0.00013096          0.00165707
   117   L1s      -9530.95776768          0.14607475          3.40607320          0.00005750          0.00073089
   118   L1s      -9530.96146819          0.12815117          1.43992022          0.00016514          0.00213216
   119   L1s      -9530.96380152          0.20244291          5.93927795          0.00010522          0.00136845
   120   L0s      -9530.96612421          0.13458931          2.22256309          0.00010522          0.00139240
   121   L1s      -9530.96869101          0.14664877          3.54749485          0.00011742          0.00157419
   122   L1s      -9530.97025421          0.17024499          4.51820533          0.00007198          0.00097332
   123   L1s      -9530.97380060          0.13701162          1.87857211          0.00016421          0.00224116
   124   L1s      -9530.97785992          0.18510411          5.86491710          0.00018949          0.00259285
   125   L1s      -9530.97946269          0.13804839          2.54134223          0.00007513          0.00103109
   126   L1s      -9530.98240344          0.13738574          2.27094900          0.00013895          0.00190619
   127   L1s      -9530.98394879          0.17215603          4.75758938          0.00007358          0.00100881
   128   L1s      -9530.98625649          0.11371099          1.37136472          0.00011040          0.00151313
   129   L1s      -9530.98879528          0.14580746          3.61291151          0.00012282          0.00169072
   130   L1s      -9530.99004626          0.13614694          2.85116268          0.00006093          0.00084540
   131   L1s      -9530.99233995          0.11412985          1.94256819          0.00011256          0.00159035
   132   L0s      -9530.99452846          0.16891065          5.19916837          0.00011256          0.00160477
   133   L1s      -9530.99588833          0.12960996          1.95146068          0.00006886          0.00099523
   134   L1s      -9530.99856832          0.13609815          2.30301142          0.00012876          0.00187397
   135   L1s      -9530.99992412          0.15380171          3.38864840          0.00006564          0.00095860
   136   L1s      -9531.00207455          0.11458144          2.42568570          0.00010472          0.00153303
   137   L1s      -9531.00448947          0.14605311          3.15696345          0.00011883          0.00174387
   138   L1s      -9531.00575456          0.14700642          3.49702899          0.00006265          0.00092268
   139   L1s      -9531.00845249          0.12190073          1.93763533          0.00013443          0.00199869
   140   L1s      -9531.00978231          0.15827561          5.04361898          0.00006684          0.00099952
   141   L1s      -9531.01174653          0.11683144          1.89971999          0.00009923          0.00149821
   142   L1s      -9531.01409519          0.12065936          2.65949644          0.00011977          0.00181839
   143   L1s      -9531.01517909          0.14917875          4.39711551          0.00005575          0.00084886
   144   L1s      -9531.01773252          0.11223387          1.61476062          0.00013207          0.00201850
   145   L1s      -9531.01898772          0.15262165          4.21971621          0.00006555          0.00100430
   146   L1s      -9531.02053099          0.10321248          1.32797077          0.00008102          0.00124950
   147   L1s      -9531.02249265          0.11699925          1.80171807          0.00010415          0.00161527
   148   L1s      -9531.02358583          0.14284533          3.11129964          0.00005854          0.00091098
   149   L1s      -9531.02548274          0.10748253          1.63003904          0.00010215          0.00159623
   150   L0s      -9531.02724741          0.17791727          5.90827796          0.00010215          0.00159816
   151   L1s      -9531.02870111          0.11159351          1.88420779          0.00008113          0.00126966
   152   L1s      -9531.03063692          0.11851033          2.52701738          0.00009315          0.00146005
   153   L1s      -9531.03159480          0.13093789          3.72423455          0.00004655          0.00073111
   154   L1s      -9531.03328575          0.10408809          2.33012674          0.00008283          0.00130760
   155   L1s      -9531.03447873          0.14820464          4.72700163          0.00005917          0.00093626
   156   L1s      -9531.03584493          0.10302280          2.25842430          0.00006817          0.00108283
   157   L1s      -9531.03769408          0.11682010          2.93842732          0.00009343          0.00148637
   158   L1s      -9531.03864551          0.13285092          2.48304040          0.00004853          0.00077305
   159   L1s      -9531.04026664          0.09603779          1.35843551          0.00008328          0.00133291
----------------------------------------------------------------------------------------------------------------

Minimization converged.

-------------------  Conjugate Gradient Minimizer Statistics -------------------
Iterations             =            159  Function Calls         =            299
--------------------------------------------------------------------------------
