
#-----------------------------------------------------------------------------#
#                                                                             #
#                                EasyHybrid                                   #
#                   - A pDynamo graphical user interface -                    #
#                                                                             #
#-----------------------------------------------------------------------------#
#                                                                             #
#     Developed by Jose Fernando R Bachega and Luis Fernando S M Timmers      #
#                            <ferbachega@gmail.com>                           #
#                                                                             #
#             visit: https://sites.google.com/site/EasyHybrid/                #
#                   Univesity of Sao Paulo - SP, Brazil                       #
#      Pontifical Catholic University of Rio Grande do Sul - RS, Brazil       #
#                                                                             #
#                                                                             #
#   EasyHybrid team:                               Special thanks to:         #
#   - Jose Fernando R Bachega           |         - Fernando V Maluf          #
#   - Michele Silva                     |                                     #
#   - Luis Fernando S M Timmers         |                                     #
#   - Martin Field                      |         - Leonardo R Bachega        #
#   - Troy Wymore                       |         - Lucas Assirati            #
#   - Osmar Norberto de Souza           |         - Richard Garratt           #
#   - Walter R Paixao-Cortes            |                                     #
#                                                                             #
#   Cite this work as:                                                        #
#   J.F.R. Bachega, L.F.S.M. Timmers, L.Assirati, L.B. Bachega, M.J. Field,   #
#   T. Wymore. J. Comput. Chem. 2013, 34, 2190-2196. DOI: 10.1002/jcc.23346   #
#                                                                             #
#-----------------------------------------------------------------------------#

Generated on Wed Jun  5 17:26:27 2019


--------------------------------------------------------------------------------
                       Summary for System "Pruned System"
--------------------------------------------------------------------------------

---------------------------- Atom Container Summary ----------------------------
Number of Atoms        =           2173  Number of Heavy Atoms  =           1040
Number of Hydrogens    =           1133  Number of Unknowns     =              0
--------------------------------------------------------------------------------

----------------------------- Connectivity Summary -----------------------------
Atoms                  =           2173
--------------------------------------------------------------------------------

------------------------------- Electronic State -------------------------------
Charge                 =             -1  Multiplicity           =              1
--------------------------------------------------------------------------------

--------------------------------------------------------------------------------
                    Summary for Energy Model "AMBER/AM1/ABFS"
--------------------------------------------------------------------------------

----------------------------------- Summary for MM Model "AMBER" -----------------------------------
LJ 1-4 Scaling                   =          0.500  El. 1-4 Scaling                  =          0.833
Number of MM Atoms               =           2173  Number of MM Atom Types          =             37
Number of Inactive MM Atoms      =             33  Total MM Charge                  =          -4.00
Harmonic Bond Terms              =           2169  Harmonic Bond Parameters         =             49
Harmonic Bond Inactive           =           1308  Fourier Improper Terms           =            320
Fourier Improper Parameters      =              3  Fourier Improper Inactive        =            164
Harmonic Angle Terms             =           3403  Harmonic Angle Parameters        =            103
Harmonic Angle Inactive          =           1938  Fourier Dihedral Terms           =           6697
Fourier Dihedral Parameters      =             48  Fourier Dihedral Inactive        =           3453
Exclusions                       =          10377  1-4 Interactions                 =           4805
LJ Parameters Form               =          AMBER  LJ Parameters Types              =             21
1-4 Lennard-Jones Form           =          AMBER  1-4 Lennard-Jones Types          =             21
----------------------------------------------------------------------------------------------------

-------------------------- Summary for QC Model "AM1" --------------------------
Number of QC Atoms     =             39  Boundary Atoms         =              6
Nuclear Charge         =            129  Orbital Functions      =            108
Fitting Functions      =              0  Energy Base Line       =      188.36370
QC Parameter Centers   =              6
--------------------------------------------------------------------------------

----------------------------- ABFS NB Model Summary ----------------------------
Dielectric             =       1.000000  El. 1-4 Scaling        =       0.833333
Damping Cutoff         =       0.500000  Inner Cutoff           =       8.000000
List Cutoff            =      13.500000  Outer Cutoff           =      12.000000
QC/MM Coupling         =    RC Coupling  Use Centering          =          False
--------------------------------------------------------------------------------

-------------------------- Pairlist Generator Summary --------------------------
Cell Size              =          6.750  Cutoff                 =         13.500
Cutoff Cell Size Factor =          0.500  Grid Cell/Cell Method  =           True
Minimum Cell Extent    =              2  Minimum Cell Size      =          3.000
Minimum Extent Factor  =          1.500  Minimum Points         =            500
Sort Indices           =          False
--------------------------------------------------------------------------------

----------------------- SoftConstraint Container Summary -----------------------
Multiple Distance      =              2
--------------------------------------------------------------------------------

---------------------------- Hard Constraint Container Summary ---------------------------
Number of Charge Constraints  =            0  Number of Fixed Atoms         =         1351
------------------------------------------------------------------------------------------

------------------------------- Sequence Summary -------------------------------
Number of Atoms            =       2173  Number of Components       =        213
Number of Entities         =          1  Number of Linear Polymers  =          0
Number of Links            =          0  Number of Variants         =          0
--------------------------------------------------------------------------------

-------------------------------  Conjugate Gradient Minimizer Options ------------------------------
Beta Type                        =              1  Initial Step                     =            0.1
Line Searcher                    =           None  Log Frequency                    =              1
Maximum Iterations               =           5000  Maximum Theta                    =          1e+10
Minimum Theta                    =          1e-10  RMS Gradient Tolerance           =            0.1
Steepest Descent Tolerance       =          0.001  Use Spectral Theta               =           True
----------------------------------------------------------------------------------------------------

----------------------------------------------------------------------------------------------------------------
  Iteration       Function          RMS Gradient        Max. |Grad.|          RMS Disp.         Max. |Disp.|
----------------------------------------------------------------------------------------------------------------
     0     I      -9446.93795152         39.39601476       1518.28605348          0.00201374          0.07760769
     1   L1s      -9485.93266133          2.43270157         61.93561439          0.00080448          0.02045013
     2   L1s      -9486.15145673          1.58038058         40.24350518          0.00007291          0.00172387
     3   L1s      -9486.50000829          1.26808637         33.78912327          0.00021430          0.00548904
     4   L1s      -9486.83968423          0.73300955         12.85627360          0.00029841          0.00678811
     5   L1s      -9486.88908707          0.87120650         22.25884035          0.00007005          0.00121772
     6   L0s      -9486.92983683          0.44897275          8.12431934          0.00007005          0.00102351
     7   L0s      -9486.95517478          0.37809814          5.76064645          0.00007005          0.00120861
     8   L1s      -9486.97165448          0.56732370         14.76760784          0.00005627          0.00087053
     9   L1s      -9487.00059764          0.39079242          9.27120176          0.00010552          0.00166549
    10   L1s      -9487.01908382          0.32516487          6.51541803          0.00007747          0.00117503
    11   L1s      -9487.03216009          0.45041608         11.97987202          0.00006374          0.00105938
    12   L1s      -9487.04302011          0.23972283          3.66279405          0.00005644          0.00089398
    13   L1s      -9487.05575026          0.25463183          5.77285302          0.00007894          0.00133157
    14   L1s      -9487.05968515          0.24750675          4.50010278          0.00002745          0.00042182
    15   L1s      -9487.06786711          0.18175098          3.10547788          0.00006305          0.00091304
    16   L0s      -9487.07506990          0.22929321          5.39976539          0.00006305          0.00075289
    17   L1s      -9487.07801819          0.20548284          4.40779274          0.00002806          0.00035935
    18   L1s      -9487.08333403          0.19043666          4.57451113          0.00005573          0.00062560
    19   L0s      -9487.08856629          0.20531208          3.81844267          0.00005573          0.00063619
    20   L1s      -9487.09135330          0.18233646          4.22808525          0.00003210          0.00030810
    21   L1s      -9487.09586191          0.13995860          2.22626435          0.00005935          0.00051754
    22   L1s      -9487.09909664          0.16234628          3.61175053          0.00004652          0.00043750
    23   L1s      -9487.10062499          0.15833647          2.80525195          0.00002327          0.00023462
    24   L1s      -9487.10473252          0.14684146          2.10791601          0.00006600          0.00071726
    25   L1s      -9487.10813461          0.16380443          3.49066000          0.00005782          0.00064967
    26   L1s      -9487.11023340          0.17322485          4.92672046          0.00003714          0.00042054
    27   L1s      -9487.11307539          0.13524050          2.00396543          0.00005203          0.00056687
    28   L0s      -9487.11579604          0.14340330          3.67431106          0.00005203          0.00054785
    29   L1s      -9487.11689042          0.12709846          2.72982631          0.00002186          0.00022501
    30   L1s      -9487.11986460          0.11309657          1.53292107          0.00006288          0.00069408
    31   L1s      -9487.12223555          0.14018215          2.47565178          0.00005293          0.00059781
    32   L1s      -9487.12412996          0.16805315          4.83423226          0.00004369          0.00049366
    33   L0s      -9487.12614404          0.10738892          1.15363962          0.00004369          0.00047583
    34   L1s      -9487.12788835          0.12111454          4.04060094          0.00003584          0.00039371
    35   L1s      -9487.12861104          0.08847520          1.62365314          0.00001638          0.00018328
----------------------------------------------------------------------------------------------------------------

Minimization converged.

-------------------  Conjugate Gradient Minimizer Statistics -------------------
Iterations             =             35  Function Calls         =             65
--------------------------------------------------------------------------------
