
#-----------------------------------------------------------------------------#
#                                                                             #
#                                EasyHybrid                                   #
#                   - A pDynamo graphical user interface -                    #
#                                                                             #
#-----------------------------------------------------------------------------#
#                                                                             #
#     Developed by Jose Fernando R Bachega and Luis Fernando S M Timmers      #
#                            <ferbachega@gmail.com>                           #
#                                                                             #
#             visit: https://sites.google.com/site/EasyHybrid/                #
#                   Univesity of Sao Paulo - SP, Brazil                       #
#      Pontifical Catholic University of Rio Grande do Sul - RS, Brazil       #
#                                                                             #
#                                                                             #
#   EasyHybrid team:                               Special thanks to:         #
#   - Jose Fernando R Bachega           |         - Fernando V Maluf          #
#   - Michele Silva                     |                                     #
#   - Luis Fernando S M Timmers         |                                     #
#   - Martin Field                      |         - Leonardo R Bachega        #
#   - Troy Wymore                       |         - Lucas Assirati            #
#   - Osmar Norberto de Souza           |         - Richard Garratt           #
#   - Walter R Paixao-Cortes            |                                     #
#                                                                             #
#   Cite this work as:                                                        #
#   J.F.R. Bachega, L.F.S.M. Timmers, L.Assirati, L.B. Bachega, M.J. Field,   #
#   T. Wymore. J. Comput. Chem. 2013, 34, 2190-2196. DOI: 10.1002/jcc.23346   #
#                                                                             #
#-----------------------------------------------------------------------------#

Generated on Wed Jun  5 17:31:19 2019


--------------------------------------------------------------------------------
                       Summary for System "Pruned System"
--------------------------------------------------------------------------------

---------------------------- Atom Container Summary ----------------------------
Number of Atoms        =           2173  Number of Heavy Atoms  =           1040
Number of Hydrogens    =           1133  Number of Unknowns     =              0
--------------------------------------------------------------------------------

----------------------------- Connectivity Summary -----------------------------
Atoms                  =           2173
--------------------------------------------------------------------------------

------------------------------- Electronic State -------------------------------
Charge                 =             -1  Multiplicity           =              1
--------------------------------------------------------------------------------

--------------------------------------------------------------------------------
                    Summary for Energy Model "AMBER/AM1/ABFS"
--------------------------------------------------------------------------------

----------------------------------- Summary for MM Model "AMBER" -----------------------------------
LJ 1-4 Scaling                   =          0.500  El. 1-4 Scaling                  =          0.833
Number of MM Atoms               =           2173  Number of MM Atom Types          =             37
Number of Inactive MM Atoms      =             33  Total MM Charge                  =          -4.00
Harmonic Bond Terms              =           2169  Harmonic Bond Parameters         =             49
Harmonic Bond Inactive           =           1308  Fourier Improper Terms           =            320
Fourier Improper Parameters      =              3  Fourier Improper Inactive        =            164
Harmonic Angle Terms             =           3403  Harmonic Angle Parameters        =            103
Harmonic Angle Inactive          =           1938  Fourier Dihedral Terms           =           6697
Fourier Dihedral Parameters      =             48  Fourier Dihedral Inactive        =           3453
Exclusions                       =          10377  1-4 Interactions                 =           4805
LJ Parameters Form               =          AMBER  LJ Parameters Types              =             21
1-4 Lennard-Jones Form           =          AMBER  1-4 Lennard-Jones Types          =             21
----------------------------------------------------------------------------------------------------

-------------------------- Summary for QC Model "AM1" --------------------------
Number of QC Atoms     =             39  Boundary Atoms         =              6
Nuclear Charge         =            129  Orbital Functions      =            108
Fitting Functions      =              0  Energy Base Line       =      188.36370
QC Parameter Centers   =              6
--------------------------------------------------------------------------------

----------------------------- ABFS NB Model Summary ----------------------------
Dielectric             =       1.000000  El. 1-4 Scaling        =       0.833333
Damping Cutoff         =       0.500000  Inner Cutoff           =       8.000000
List Cutoff            =      13.500000  Outer Cutoff           =      12.000000
QC/MM Coupling         =    RC Coupling  Use Centering          =          False
--------------------------------------------------------------------------------

-------------------------- Pairlist Generator Summary --------------------------
Cell Size              =          6.750  Cutoff                 =         13.500
Cutoff Cell Size Factor =          0.500  Grid Cell/Cell Method  =           True
Minimum Cell Extent    =              2  Minimum Cell Size      =          3.000
Minimum Extent Factor  =          1.500  Minimum Points         =            500
Sort Indices           =          False
--------------------------------------------------------------------------------

----------------------- SoftConstraint Container Summary -----------------------
Multiple Distance      =              2
--------------------------------------------------------------------------------

---------------------------- Hard Constraint Container Summary ---------------------------
Number of Charge Constraints  =            0  Number of Fixed Atoms         =         1351
------------------------------------------------------------------------------------------

------------------------------- Sequence Summary -------------------------------
Number of Atoms            =       2173  Number of Components       =        213
Number of Entities         =          1  Number of Linear Polymers  =          0
Number of Links            =          0  Number of Variants         =          0
--------------------------------------------------------------------------------

-------------------------------  Conjugate Gradient Minimizer Options ------------------------------
Beta Type                        =              1  Initial Step                     =            0.1
Line Searcher                    =           None  Log Frequency                    =              1
Maximum Iterations               =           5000  Maximum Theta                    =          1e+10
Minimum Theta                    =          1e-10  RMS Gradient Tolerance           =            0.1
Steepest Descent Tolerance       =          0.001  Use Spectral Theta               =           True
----------------------------------------------------------------------------------------------------

----------------------------------------------------------------------------------------------------------------
  Iteration       Function          RMS Gradient        Max. |Grad.|          RMS Disp.         Max. |Disp.|
----------------------------------------------------------------------------------------------------------------
     0     I      -9348.26037212         36.13704331       1303.45841329          0.00201374          0.07263535
     1   L1s      -9383.19289506          3.67782228         78.86873646          0.00077871          0.01513327
     2   L1s      -9384.30908575          4.88365411        164.96461900          0.00024755          0.00593633
     3   L1s      -9386.48557120          2.16916922         59.15898501          0.00060231          0.01591077
     4   L1s      -9387.22955980          1.13145185         29.30099904          0.00035008          0.00824135
     5   L1s      -9387.44205231          1.86829643         44.53616849          0.00018368          0.00454183
     6   L1s      -9387.65890782          1.14152430         19.18662918          0.00021004          0.00433764
     7   L1s      -9387.77639084          1.01904750         26.53860993          0.00014225          0.00232765
     8   L1s      -9387.83708060          0.80550085         13.77280423          0.00008795          0.00181151
     9   L1s      -9387.91792986          0.48928309          7.77830544          0.00014281          0.00261486
    10   L1s      -9387.95375218          0.45114673          7.14549477          0.00008675          0.00167844
    11   L1s      -9387.97801855          0.64187300         16.74506374          0.00007312          0.00167206
    12   L1s      -9388.00459305          0.46454293          7.88581060          0.00008683          0.00188872
    13   L1s      -9388.04479876          0.42186251          6.55864863          0.00014893          0.00353214
    14   L1s      -9388.06152430          0.56089208         13.92525395          0.00006972          0.00175255
    15   L1s      -9388.10714632          0.44117287          7.51946718          0.00020170          0.00504507
    16   L1s      -9388.13109730          0.43120662          8.22305966          0.00011587          0.00261245
    17   L1s      -9388.14301584          0.43591571          9.94344399          0.00006150          0.00147006
    18   L1s      -9388.16189854          0.29823983          4.00915362          0.00010362          0.00218398
    19   L0s      -9388.17993692          0.19539140          2.97596792          0.00010362          0.00217093
    20   L1s      -9388.18794830          0.34973104          9.93947135          0.00005426          0.00100968
    21   L1s      -9388.19443638          0.23480091          3.63218597          0.00004713          0.00087827
    22   L1s      -9388.20442263          0.19130269          2.79857319          0.00008037          0.00149065
    23   L1s      -9388.20990527          0.22892225          6.72910399          0.00004990          0.00078243
    24   L1s      -9388.21312103          0.17550409          2.04574727          0.00003141          0.00047166
    25   L1s      -9388.21813456          0.17571937          3.08111028          0.00005420          0.00072458
    26   L0s      -9388.22294319          0.17884944          4.24863967          0.00005420          0.00076198
    27   L1s      -9388.22507324          0.19007831          4.45940029          0.00002604          0.00033553
    28   L1s      -9388.22930044          0.12837896          1.45803658          0.00005650          0.00070534
    29   L0s      -9388.23328946          0.14309794          1.95218850          0.00005650          0.00065232
    30   L1s      -9388.23657765          0.18891459          5.40685929          0.00005081          0.00070326
    31   L1s      -9388.23838049          0.13931875          2.21215677          0.00002951          0.00038818
    32   L1s      -9388.24111818          0.11275697          1.98003687          0.00004757          0.00063767
    33   L0s      -9388.24362791          0.11466820          1.40353944          0.00004757          0.00062583
    34   L0s      -9388.24604404          0.12965485          2.35382297          0.00004757          0.00064548
    35   L1s      -9388.24708981          0.11231125          2.18826212          0.00002166          0.00025981
    36   L1s      -9388.24871307          0.10657704          2.34242867          0.00003668          0.00057514
    37   L1s      -9388.24961568          0.12580441          2.45210041          0.00002152          0.00023696
    38   L1s      -9388.25103672          0.07483630          1.01347816          0.00003510          0.00041016
----------------------------------------------------------------------------------------------------------------

Minimization converged.

-------------------  Conjugate Gradient Minimizer Statistics -------------------
Iterations             =             38  Function Calls         =             72
--------------------------------------------------------------------------------
