
#-----------------------------------------------------------------------------#
#                                                                             #
#                                EasyHybrid                                   #
#                   - A pDynamo graphical user interface -                    #
#                                                                             #
#-----------------------------------------------------------------------------#
#                                                                             #
#     Developed by Jose Fernando R Bachega and Luis Fernando S M Timmers      #
#                            <ferbachega@gmail.com>                           #
#                                                                             #
#             visit: https://sites.google.com/site/EasyHybrid/                #
#                   Univesity of Sao Paulo - SP, Brazil                       #
#      Pontifical Catholic University of Rio Grande do Sul - RS, Brazil       #
#                                                                             #
#                                                                             #
#   EasyHybrid team:                               Special thanks to:         #
#   - Jose Fernando R Bachega           |         - Fernando V Maluf          #
#   - Michele Silva                     |                                     #
#   - Luis Fernando S M Timmers         |                                     #
#   - Martin Field                      |         - Leonardo R Bachega        #
#   - Troy Wymore                       |         - Lucas Assirati            #
#   - Osmar Norberto de Souza           |         - Richard Garratt           #
#   - Walter R Paixao-Cortes            |                                     #
#                                                                             #
#   Cite this work as:                                                        #
#   J.F.R. Bachega, L.F.S.M. Timmers, L.Assirati, L.B. Bachega, M.J. Field,   #
#   T. Wymore. J. Comput. Chem. 2013, 34, 2190-2196. DOI: 10.1002/jcc.23346   #
#                                                                             #
#-----------------------------------------------------------------------------#

Generated on Wed Jun  5 17:27:56 2019


--------------------------------------------------------------------------------
                       Summary for System "Pruned System"
--------------------------------------------------------------------------------

---------------------------- Atom Container Summary ----------------------------
Number of Atoms        =           2173  Number of Heavy Atoms  =           1040
Number of Hydrogens    =           1133  Number of Unknowns     =              0
--------------------------------------------------------------------------------

----------------------------- Connectivity Summary -----------------------------
Atoms                  =           2173
--------------------------------------------------------------------------------

------------------------------- Electronic State -------------------------------
Charge                 =             -1  Multiplicity           =              1
--------------------------------------------------------------------------------

--------------------------------------------------------------------------------
                    Summary for Energy Model "AMBER/AM1/ABFS"
--------------------------------------------------------------------------------

----------------------------------- Summary for MM Model "AMBER" -----------------------------------
LJ 1-4 Scaling                   =          0.500  El. 1-4 Scaling                  =          0.833
Number of MM Atoms               =           2173  Number of MM Atom Types          =             37
Number of Inactive MM Atoms      =             33  Total MM Charge                  =          -4.00
Harmonic Bond Terms              =           2169  Harmonic Bond Parameters         =             49
Harmonic Bond Inactive           =           1308  Fourier Improper Terms           =            320
Fourier Improper Parameters      =              3  Fourier Improper Inactive        =            164
Harmonic Angle Terms             =           3403  Harmonic Angle Parameters        =            103
Harmonic Angle Inactive          =           1938  Fourier Dihedral Terms           =           6697
Fourier Dihedral Parameters      =             48  Fourier Dihedral Inactive        =           3453
Exclusions                       =          10377  1-4 Interactions                 =           4805
LJ Parameters Form               =          AMBER  LJ Parameters Types              =             21
1-4 Lennard-Jones Form           =          AMBER  1-4 Lennard-Jones Types          =             21
----------------------------------------------------------------------------------------------------

-------------------------- Summary for QC Model "AM1" --------------------------
Number of QC Atoms     =             39  Boundary Atoms         =              6
Nuclear Charge         =            129  Orbital Functions      =            108
Fitting Functions      =              0  Energy Base Line       =      188.36370
QC Parameter Centers   =              6
--------------------------------------------------------------------------------

----------------------------- ABFS NB Model Summary ----------------------------
Dielectric             =       1.000000  El. 1-4 Scaling        =       0.833333
Damping Cutoff         =       0.500000  Inner Cutoff           =       8.000000
List Cutoff            =      13.500000  Outer Cutoff           =      12.000000
QC/MM Coupling         =    RC Coupling  Use Centering          =          False
--------------------------------------------------------------------------------

-------------------------- Pairlist Generator Summary --------------------------
Cell Size              =          6.750  Cutoff                 =         13.500
Cutoff Cell Size Factor =          0.500  Grid Cell/Cell Method  =           True
Minimum Cell Extent    =              2  Minimum Cell Size      =          3.000
Minimum Extent Factor  =          1.500  Minimum Points         =            500
Sort Indices           =          False
--------------------------------------------------------------------------------

----------------------- SoftConstraint Container Summary -----------------------
Multiple Distance      =              2
--------------------------------------------------------------------------------

---------------------------- Hard Constraint Container Summary ---------------------------
Number of Charge Constraints  =            0  Number of Fixed Atoms         =         1351
------------------------------------------------------------------------------------------

------------------------------- Sequence Summary -------------------------------
Number of Atoms            =       2173  Number of Components       =        213
Number of Entities         =          1  Number of Linear Polymers  =          0
Number of Links            =          0  Number of Variants         =          0
--------------------------------------------------------------------------------

-------------------------------  Conjugate Gradient Minimizer Options ------------------------------
Beta Type                        =              1  Initial Step                     =            0.1
Line Searcher                    =           None  Log Frequency                    =              1
Maximum Iterations               =           5000  Maximum Theta                    =          1e+10
Minimum Theta                    =          1e-10  RMS Gradient Tolerance           =            0.1
Steepest Descent Tolerance       =          0.001  Use Spectral Theta               =           True
----------------------------------------------------------------------------------------------------

----------------------------------------------------------------------------------------------------------------
  Iteration       Function          RMS Gradient        Max. |Grad.|          RMS Disp.         Max. |Disp.|
----------------------------------------------------------------------------------------------------------------
     0     I      -9490.95229809         39.31374715       1489.85120054          0.00201374          0.07631360
     1   L1s      -9528.70206017          3.12582066         87.72284154          0.00077211          0.02149959
     2   L1s      -9529.08314767          2.37678542         66.16602453          0.00009921          0.00335131
     3   L1s      -9530.06692459          1.46500266         38.61841121          0.00042236          0.01063724
     4   L1s      -9530.39381356          0.93185797         19.78508015          0.00022840          0.00472562
     5   L1s      -9530.56697463          1.25543985         26.64598106          0.00019357          0.00414584
     6   L1s      -9530.67588988          1.26417501         36.67400825          0.00014093          0.00304900
     7   L1s      -9530.81185984          0.81297112         17.58697152          0.00019661          0.00354216
     8   L1s      -9530.87679171          1.06686945         31.49678695          0.00011409          0.00176077
     9   L1s      -9530.94602111          0.63104513         12.62609474          0.00013252          0.00254354
    10   L1s      -9530.99493271          0.46690643          7.17363346          0.00011259          0.00213990
    11   L1s      -9531.05908614          0.46959801          8.41700648          0.00018475          0.00382303
    12   L1s      -9531.08616689          0.65312052         17.59688096          0.00009093          0.00170352
    13   L0s      -9531.11093693          0.39165949          6.37114528          0.00009093          0.00176019
    14   L1s      -9531.13782553          0.58584526         12.66893476          0.00011656          0.00252375
    15   L1s      -9531.15506266          0.45819456          8.99790707          0.00007793          0.00155434
    16   L1s      -9531.19704007          0.38472905          5.20861112          0.00020371          0.00420440
    17   L1s      -9531.22419015          0.52618502         14.70521393          0.00014439          0.00269745
    18   L1s      -9531.24140386          0.46819470          7.85653947          0.00009510          0.00190931
    19   L1s      -9531.27177546          0.35012334          7.02742349          0.00017591          0.00366461
    20   L1s      -9531.29260039          0.43256338          6.84224773          0.00012934          0.00283742
    21   L1s      -9531.30970018          0.58830988         16.98833244          0.00011101          0.00244565
    22   L1s      -9531.33798537          0.38733431          4.71008825          0.00018790          0.00443265
    23   L0s      -9531.36231233          0.62563940         21.47904825          0.00018790          0.00418889
    24   L1s      -9531.37810686          0.29685605          3.13670991          0.00011602          0.00259866
    25   L0s      -9531.39915668          0.35141058          6.73097990          0.00011602          0.00281299
    26   L1s      -9531.40763172          0.37325231         10.59648506          0.00004939          0.00106854
    27   L1s      -9531.41882273          0.28631253          5.27798622          0.00006682          0.00151166
    28   L0s      -9531.42932015          0.30436414          9.55949396          0.00006682          0.00153956
    29   L1s      -9531.43464384          0.28535376          6.68911797          0.00003706          0.00085796
    30   L1s      -9531.44842018          0.22896289          3.50883970          0.00010719          0.00253701
    31   L1s      -9531.45900542          0.35119391         11.24400509          0.00009045          0.00233797
    32   L1s      -9531.46503794          0.22454325          3.87198490          0.00005338          0.00131688
    33   L0s      -9531.47100415          0.20115747          3.32572567          0.00005338          0.00131711
    34   L1s      -9531.47588988          0.30185319          9.70697631          0.00004770          0.00119717
    35   L1s      -9531.48227544          0.21148501          2.34261093          0.00006624          0.00164997
    36   L1s      -9531.49216047          0.24417083          5.09136820          0.00010935          0.00253615
    37   L1s      -9531.49643720          0.27004643          7.99273418          0.00004940          0.00121624
    38   L1s      -9531.50326925          0.20227019          3.00318975          0.00008156          0.00192261
    39   L0s      -9531.50978562          0.26011756          7.01272976          0.00008156          0.00186169
    40   L1s      -9531.51323984          0.20702524          3.89208907          0.00004468          0.00099309
    41   L1s      -9531.51930411          0.19044752          2.62007183          0.00008285          0.00184044
    42   L1s      -9531.52446844          0.25582162          7.24590829          0.00007385          0.00165341
    43   L1s      -9531.52821967          0.19922228          4.12504670          0.00005495          0.00118428
    44   L1s      -9531.53388778          0.16560563          3.28858093          0.00008622          0.00190133
    45   L1s      -9531.53664842          0.23730400          7.25705421          0.00004427          0.00100253
    46   L1s      -9531.54087617          0.15646917          2.14442253          0.00006931          0.00164900
    47   L1s      -9531.54608949          0.20254532          5.59164000          0.00008964          0.00202168
    48   L1s      -9531.54834060          0.17300048          3.88985561          0.00003972          0.00097933
    49   L1s      -9531.55159960          0.13548040          1.95808055          0.00005946          0.00146761
    50   L0s      -9531.55450888          0.20686777          5.98857065          0.00005946          0.00146115
    51   L1s      -9531.55655522          0.15354304          2.68533786          0.00004101          0.00100960
    52   L1s      -9531.55944064          0.13065612          2.00596045          0.00005388          0.00137343
    53   L1s      -9531.56188801          0.19773670          5.98699123          0.00004816          0.00114073
    54   L0s      -9531.56419475          0.12930113          1.48850762          0.00004816          0.00116302
    55   L1s      -9531.56764401          0.11388311          1.61182168          0.00007843          0.00187330
    56   L1s      -9531.56924490          0.17406220          5.19856766          0.00003656          0.00080279
    57   L1s      -9531.57118474          0.12757407          1.69336044          0.00004522          0.00098333
    58   L1s      -9531.57357696          0.13709752          2.29030120          0.00005782          0.00127655
    59   L1s      -9531.57489132          0.14733506          3.14036465          0.00003268          0.00066784
    60   L1s      -9531.57726772          0.10984321          1.41469350          0.00006054          0.00117916
    61   L0s      -9531.57969531          0.09564459          1.47660700          0.00006054          0.00112846
----------------------------------------------------------------------------------------------------------------

Minimization converged.

-------------------  Conjugate Gradient Minimizer Statistics -------------------
Iterations             =             61  Function Calls         =            114
--------------------------------------------------------------------------------
