
#-----------------------------------------------------------------------------#
#                                                                             #
#                                EasyHybrid                                   #
#                   - A pDynamo graphical user interface -                    #
#                                                                             #
#-----------------------------------------------------------------------------#
#                                                                             #
#     Developed by Jose Fernando R Bachega and Luis Fernando S M Timmers      #
#                            <ferbachega@gmail.com>                           #
#                                                                             #
#             visit: https://sites.google.com/site/EasyHybrid/                #
#                   Univesity of Sao Paulo - SP, Brazil                       #
#      Pontifical Catholic University of Rio Grande do Sul - RS, Brazil       #
#                                                                             #
#                                                                             #
#   EasyHybrid team:                               Special thanks to:         #
#   - Jose Fernando R Bachega           |         - Fernando V Maluf          #
#   - Michele Silva                     |                                     #
#   - Luis Fernando S M Timmers         |                                     #
#   - Martin Field                      |         - Leonardo R Bachega        #
#   - Troy Wymore                       |         - Lucas Assirati            #
#   - Osmar Norberto de Souza           |         - Richard Garratt           #
#   - Walter R Paixao-Cortes            |                                     #
#                                                                             #
#   Cite this work as:                                                        #
#   J.F.R. Bachega, L.F.S.M. Timmers, L.Assirati, L.B. Bachega, M.J. Field,   #
#   T. Wymore. J. Comput. Chem. 2013, 34, 2190-2196. DOI: 10.1002/jcc.23346   #
#                                                                             #
#-----------------------------------------------------------------------------#

Generated on Wed Jun  5 17:34:04 2019


--------------------------------------------------------------------------------
                       Summary for System "Pruned System"
--------------------------------------------------------------------------------

---------------------------- Atom Container Summary ----------------------------
Number of Atoms        =           2173  Number of Heavy Atoms  =           1040
Number of Hydrogens    =           1133  Number of Unknowns     =              0
--------------------------------------------------------------------------------

----------------------------- Connectivity Summary -----------------------------
Atoms                  =           2173
--------------------------------------------------------------------------------

------------------------------- Electronic State -------------------------------
Charge                 =             -1  Multiplicity           =              1
--------------------------------------------------------------------------------

--------------------------------------------------------------------------------
                    Summary for Energy Model "AMBER/AM1/ABFS"
--------------------------------------------------------------------------------

----------------------------------- Summary for MM Model "AMBER" -----------------------------------
LJ 1-4 Scaling                   =          0.500  El. 1-4 Scaling                  =          0.833
Number of MM Atoms               =           2173  Number of MM Atom Types          =             37
Number of Inactive MM Atoms      =             33  Total MM Charge                  =          -4.00
Harmonic Bond Terms              =           2169  Harmonic Bond Parameters         =             49
Harmonic Bond Inactive           =           1308  Fourier Improper Terms           =            320
Fourier Improper Parameters      =              3  Fourier Improper Inactive        =            164
Harmonic Angle Terms             =           3403  Harmonic Angle Parameters        =            103
Harmonic Angle Inactive          =           1938  Fourier Dihedral Terms           =           6697
Fourier Dihedral Parameters      =             48  Fourier Dihedral Inactive        =           3453
Exclusions                       =          10377  1-4 Interactions                 =           4805
LJ Parameters Form               =          AMBER  LJ Parameters Types              =             21
1-4 Lennard-Jones Form           =          AMBER  1-4 Lennard-Jones Types          =             21
----------------------------------------------------------------------------------------------------

-------------------------- Summary for QC Model "AM1" --------------------------
Number of QC Atoms     =             39  Boundary Atoms         =              6
Nuclear Charge         =            129  Orbital Functions      =            108
Fitting Functions      =              0  Energy Base Line       =      188.36370
QC Parameter Centers   =              6
--------------------------------------------------------------------------------

----------------------------- ABFS NB Model Summary ----------------------------
Dielectric             =       1.000000  El. 1-4 Scaling        =       0.833333
Damping Cutoff         =       0.500000  Inner Cutoff           =       8.000000
List Cutoff            =      13.500000  Outer Cutoff           =      12.000000
QC/MM Coupling         =    RC Coupling  Use Centering          =          False
--------------------------------------------------------------------------------

-------------------------- Pairlist Generator Summary --------------------------
Cell Size              =          6.750  Cutoff                 =         13.500
Cutoff Cell Size Factor =          0.500  Grid Cell/Cell Method  =           True
Minimum Cell Extent    =              2  Minimum Cell Size      =          3.000
Minimum Extent Factor  =          1.500  Minimum Points         =            500
Sort Indices           =          False
--------------------------------------------------------------------------------

----------------------- SoftConstraint Container Summary -----------------------
Multiple Distance      =              2
--------------------------------------------------------------------------------

---------------------------- Hard Constraint Container Summary ---------------------------
Number of Charge Constraints  =            0  Number of Fixed Atoms         =         1351
------------------------------------------------------------------------------------------

------------------------------- Sequence Summary -------------------------------
Number of Atoms            =       2173  Number of Components       =        213
Number of Entities         =          1  Number of Linear Polymers  =          0
Number of Links            =          0  Number of Variants         =          0
--------------------------------------------------------------------------------

-------------------------------  Conjugate Gradient Minimizer Options ------------------------------
Beta Type                        =              1  Initial Step                     =            0.1
Line Searcher                    =           None  Log Frequency                    =              1
Maximum Iterations               =           5000  Maximum Theta                    =          1e+10
Minimum Theta                    =          1e-10  RMS Gradient Tolerance           =            0.1
Steepest Descent Tolerance       =          0.001  Use Spectral Theta               =           True
----------------------------------------------------------------------------------------------------

----------------------------------------------------------------------------------------------------------------
  Iteration       Function          RMS Gradient        Max. |Grad.|          RMS Disp.         Max. |Disp.|
----------------------------------------------------------------------------------------------------------------
     0     I      -9495.88000874         39.12289108       1485.94757450          0.00201374          0.07648495
     1   L1s      -9532.93011812          2.97216895         78.51807924          0.00076097          0.01994458
     2   L1s      -9533.32310434          2.62971030         67.67349840          0.00010757          0.00358642
     3   L1s      -9534.37998209          1.50825452         39.70611093          0.00043555          0.01082733
     4   L1s      -9534.73819081          1.01933985         21.98935383          0.00024186          0.00493279
     5   L1s      -9534.92627850          1.52994896         40.54212585          0.00019666          0.00416821
     6   L1s      -9535.06694763          1.31816581         31.32951489          0.00016527          0.00352931
     7   L1s      -9535.26043833          0.94524453         18.96126901          0.00025682          0.00476651
     8   L1s      -9535.32286318          1.08520996         30.08664534          0.00009857          0.00195794
     9   L1s      -9535.42058465          0.66605652         14.84483581          0.00017070          0.00371806
    10   L1s      -9535.47576915          0.51425367          8.87807788          0.00011734          0.00278758
    11   L1s      -9535.54705272          0.61156115         10.65453996          0.00018825          0.00501262
    12   L1s      -9535.57124841          0.64535780         17.10878310          0.00007148          0.00172709
    13   L1s      -9535.62090997          0.43891876          7.28737235          0.00015930          0.00390775
    14   L0s      -9535.66568725          0.59483488         10.84443945          0.00015930          0.00414551
    15   L1s      -9535.68906292          0.66742541         16.32438271          0.00009098          0.00224820
    16   L1s      -9535.74395192          0.50569892          8.01899234          0.00023023          0.00569091
    17   L1s      -9535.78847759          0.54462724          8.50151216          0.00020116          0.00510735
    18   L1s      -9535.82016428          0.76736504         18.13983850          0.00015057          0.00365140
    19   L1s      -9535.86528756          0.48259308          5.45181361          0.00021983          0.00534150
    20   L1s      -9535.90126915          0.65202145         14.96814489          0.00018650          0.00482083
    21   L1s      -9535.92498740          0.59739769          9.93392332          0.00012625          0.00316684
    22   L1s      -9535.99260053          0.50214300          6.28312010          0.00037244          0.00960355
    23   L1s      -9536.04940231          0.58259378         12.32635882          0.00033279          0.00878611
    24   L1s      -9536.06479603          0.47281202         13.21116355          0.00009233          0.00245131
    25   L1s      -9536.09646369          0.48196568         12.14751984          0.00019743          0.00542353
    26   L0s      -9536.12769179          0.48553088         13.26180378          0.00019743          0.00511045
    27   L1s      -9536.14105657          0.42681970         10.04644196          0.00008722          0.00242761
    28   L1s      -9536.17046919          0.37839748          5.25468010          0.00020427          0.00569753
    29   L1s      -9536.19110843          0.61590510         16.97792579          0.00015111          0.00431181
    30   L0s      -9536.21212283          0.35780739          4.73612951          0.00015111          0.00440507
    31   L1s      -9536.24187379          0.38058528          8.29266395          0.00021043          0.00607570
    32   L1s      -9536.26191934          0.44829019         12.61556984          0.00015144          0.00464456
    33   L1s      -9536.27203092          0.31651758          6.00401640          0.00007853          0.00230238
    34   L1s      -9536.29860226          0.40697919          7.88843695          0.00021707          0.00633534
    35   L1s      -9536.31889785          0.53457604         14.78146779          0.00017019          0.00482622
    36   L1s      -9536.33395245          0.40056832          7.71270476          0.00012845          0.00357635
    37   L1s      -9536.35788915          0.34451945          5.10342407          0.00020990          0.00571564
    38   L0s      -9536.38301705          0.35657163          7.65066873          0.00020990          0.00523476
    39   L1s      -9536.39240490          0.39041575         11.34534047          0.00008203          0.00211127
    40   L1s      -9536.41184521          0.31103706          3.37061413          0.00018711          0.00448871
    41   L0s      -9536.43159623          0.41974327         11.61016036          0.00018711          0.00447096
    42   L1s      -9536.44212533          0.38805326          7.55759989          0.00010409          0.00245880
    43   L1s      -9536.45749118          0.28134400          3.95305567          0.00016562          0.00394683
    44   L0s      -9536.47179890          0.39531865          8.54680431          0.00016562          0.00381286
    45   L1s      -9536.48117936          0.35797124          6.25888148          0.00010805          0.00257908
    46   L1s      -9536.49663658          0.26791388          3.47512888          0.00017390          0.00417459
    47   L0s      -9536.51139171          0.34142504          7.68428581          0.00017390          0.00412135
    48   L1s      -9536.51739289          0.31222687          6.56027390          0.00007177          0.00175305
    49   L1s      -9536.52906412          0.25885768          4.44211325          0.00014032          0.00339611
    50   L0s      -9536.54033127          0.23674239          2.41699562          0.00014032          0.00342156
    51   L0s      -9536.55137972          0.35641378         11.31462584          0.00014032          0.00322577
    52   L1s      -9536.55846101          0.26832479          4.67759816          0.00009201          0.00215723
    53   L1s      -9536.57097837          0.23174008          2.94727084          0.00017206          0.00384448
    54   L1s      -9536.57545464          0.30339216          9.42560616          0.00006318          0.00139421
    55   L1s      -9536.58290643          0.20584258          2.88049908          0.00010707          0.00225706
    56   L1s      -9536.59221893          0.22449275          4.28142399          0.00013871          0.00272216
    57   L1s      -9536.59748893          0.27511639          6.81270438          0.00008071          0.00162887
    58   L0s      -9536.60268650          0.21108437          4.24055825          0.00008071          0.00150961
    59   L1s      -9536.60940030          0.18096421          2.88521615          0.00010717          0.00188454
    60   L1s      -9536.61473682          0.24369218          6.67702977          0.00008905          0.00153405
    61   L1s      -9536.61747349          0.18087025          3.13550313          0.00004656          0.00080633
    62   L1s      -9536.62605236          0.18975123          3.66959919          0.00015099          0.00249011
    63   L1s      -9536.62926546          0.23873061          6.98063136          0.00005821          0.00105236
    64   L1s      -9536.63421982          0.17828154          2.23865650          0.00009131          0.00162280
    65   L1s      -9536.63964781          0.14612872          1.93668646          0.00010315          0.00192892
    66   L1s      -9536.64306384          0.18908311          3.88685248          0.00006754          0.00119944
    67   L1s      -9536.64506820          0.17161639          2.55525979          0.00004055          0.00075738
    68   L1s      -9536.64890800          0.15602819          2.12132270          0.00007979          0.00152737
    69   L1s      -9536.65151958          0.20791514          4.59466419          0.00005595          0.00101439
    70   L1s      -9536.65451598          0.14235617          1.87195057          0.00006525          0.00120336
    71   L1s      -9536.65835191          0.12226813          1.40707222          0.00008635          0.00148751
    72   L1s      -9536.66132608          0.15407360          2.81750471          0.00006979          0.00120079
    73   L1s      -9536.66297974          0.15996552          3.94789157          0.00003977          0.00063323
    74   L1s      -9536.66514788          0.11530367          1.59593441          0.00005328          0.00076563
    75   L1s      -9536.66679107          0.15970488          4.44293161          0.00004200          0.00063895
    76   L1s      -9536.66823997          0.11001204          1.30009952          0.00003776          0.00050689
    77   L1s      -9536.67108146          0.09829359          1.26795950          0.00007696          0.00098139
----------------------------------------------------------------------------------------------------------------

Minimization converged.

-------------------  Conjugate Gradient Minimizer Statistics -------------------
Iterations             =             77  Function Calls         =            145
--------------------------------------------------------------------------------
