
#-----------------------------------------------------------------------------#
#                                                                             #
#                                EasyHybrid                                   #
#                   - A pDynamo graphical user interface -                    #
#                                                                             #
#-----------------------------------------------------------------------------#
#                                                                             #
#     Developed by Jose Fernando R Bachega and Luis Fernando S M Timmers      #
#                            <ferbachega@gmail.com>                           #
#                                                                             #
#             visit: https://sites.google.com/site/EasyHybrid/                #
#                   Univesity of Sao Paulo - SP, Brazil                       #
#      Pontifical Catholic University of Rio Grande do Sul - RS, Brazil       #
#                                                                             #
#                                                                             #
#   EasyHybrid team:                               Special thanks to:         #
#   - Jose Fernando R Bachega           |         - Fernando V Maluf          #
#   - Michele Silva                     |                                     #
#   - Luis Fernando S M Timmers         |                                     #
#   - Martin Field                      |         - Leonardo R Bachega        #
#   - Troy Wymore                       |         - Lucas Assirati            #
#   - Osmar Norberto de Souza           |         - Richard Garratt           #
#   - Walter R Paixao-Cortes            |                                     #
#                                                                             #
#   Cite this work as:                                                        #
#   J.F.R. Bachega, L.F.S.M. Timmers, L.Assirati, L.B. Bachega, M.J. Field,   #
#   T. Wymore. J. Comput. Chem. 2013, 34, 2190-2196. DOI: 10.1002/jcc.23346   #
#                                                                             #
#-----------------------------------------------------------------------------#

Generated on Wed Jun  5 17:23:25 2019


--------------------------------------------------------------------------------
                       Summary for System "Pruned System"
--------------------------------------------------------------------------------

---------------------------- Atom Container Summary ----------------------------
Number of Atoms        =           2173  Number of Heavy Atoms  =           1040
Number of Hydrogens    =           1133  Number of Unknowns     =              0
--------------------------------------------------------------------------------

----------------------------- Connectivity Summary -----------------------------
Atoms                  =           2173
--------------------------------------------------------------------------------

------------------------------- Electronic State -------------------------------
Charge                 =             -1  Multiplicity           =              1
--------------------------------------------------------------------------------

--------------------------------------------------------------------------------
                    Summary for Energy Model "AMBER/AM1/ABFS"
--------------------------------------------------------------------------------

----------------------------------- Summary for MM Model "AMBER" -----------------------------------
LJ 1-4 Scaling                   =          0.500  El. 1-4 Scaling                  =          0.833
Number of MM Atoms               =           2173  Number of MM Atom Types          =             37
Number of Inactive MM Atoms      =             33  Total MM Charge                  =          -4.00
Harmonic Bond Terms              =           2169  Harmonic Bond Parameters         =             49
Harmonic Bond Inactive           =           1308  Fourier Improper Terms           =            320
Fourier Improper Parameters      =              3  Fourier Improper Inactive        =            164
Harmonic Angle Terms             =           3403  Harmonic Angle Parameters        =            103
Harmonic Angle Inactive          =           1938  Fourier Dihedral Terms           =           6697
Fourier Dihedral Parameters      =             48  Fourier Dihedral Inactive        =           3453
Exclusions                       =          10377  1-4 Interactions                 =           4805
LJ Parameters Form               =          AMBER  LJ Parameters Types              =             21
1-4 Lennard-Jones Form           =          AMBER  1-4 Lennard-Jones Types          =             21
----------------------------------------------------------------------------------------------------

-------------------------- Summary for QC Model "AM1" --------------------------
Number of QC Atoms     =             39  Boundary Atoms         =              6
Nuclear Charge         =            129  Orbital Functions      =            108
Fitting Functions      =              0  Energy Base Line       =      188.36370
QC Parameter Centers   =              6
--------------------------------------------------------------------------------

----------------------------- ABFS NB Model Summary ----------------------------
Dielectric             =       1.000000  El. 1-4 Scaling        =       0.833333
Damping Cutoff         =       0.500000  Inner Cutoff           =       8.000000
List Cutoff            =      13.500000  Outer Cutoff           =      12.000000
QC/MM Coupling         =    RC Coupling  Use Centering          =          False
--------------------------------------------------------------------------------

-------------------------- Pairlist Generator Summary --------------------------
Cell Size              =          6.750  Cutoff                 =         13.500
Cutoff Cell Size Factor =          0.500  Grid Cell/Cell Method  =           True
Minimum Cell Extent    =              2  Minimum Cell Size      =          3.000
Minimum Extent Factor  =          1.500  Minimum Points         =            500
Sort Indices           =          False
--------------------------------------------------------------------------------

----------------------- SoftConstraint Container Summary -----------------------
Multiple Distance      =              2
--------------------------------------------------------------------------------

---------------------------- Hard Constraint Container Summary ---------------------------
Number of Charge Constraints  =            0  Number of Fixed Atoms         =         1351
------------------------------------------------------------------------------------------

------------------------------- Sequence Summary -------------------------------
Number of Atoms            =       2173  Number of Components       =        213
Number of Entities         =          1  Number of Linear Polymers  =          0
Number of Links            =          0  Number of Variants         =          0
--------------------------------------------------------------------------------

-------------------------------  Conjugate Gradient Minimizer Options ------------------------------
Beta Type                        =              1  Initial Step                     =            0.1
Line Searcher                    =           None  Log Frequency                    =              1
Maximum Iterations               =           5000  Maximum Theta                    =          1e+10
Minimum Theta                    =          1e-10  RMS Gradient Tolerance           =            0.1
Steepest Descent Tolerance       =          0.001  Use Spectral Theta               =           True
----------------------------------------------------------------------------------------------------

----------------------------------------------------------------------------------------------------------------
  Iteration       Function          RMS Gradient        Max. |Grad.|          RMS Disp.         Max. |Disp.|
----------------------------------------------------------------------------------------------------------------
     0     I      -9472.14057139         39.37620496       1357.75868321          0.00201374          0.06943720
     1   L1s      -9508.09823692          4.11924937        129.31116093          0.00073629          0.02291293
     2   L1s      -9508.64200032          2.13085164         47.32537614          0.00010733          0.00275151
     3   L1s      -9509.28858143          1.74524796         42.64312727          0.00027766          0.00681513
     4   L1s      -9509.90291340          1.19949899         28.48600989          0.00038829          0.00728734
     5   L1s      -9510.15128934          1.35497059         28.12911068          0.00022714          0.00446178
     6   L1s      -9510.22584526          1.00510171         17.25603226          0.00008179          0.00154442
     7   L1s      -9510.35311420          0.68354852         12.50427414          0.00017362          0.00323022
     8   L1s      -9510.46844847          0.73197531         17.50597749          0.00020844          0.00358981
     9   L1s      -9510.51790713          0.75935881         23.42251184          0.00010482          0.00185378
    10   L1s      -9510.55119517          0.60528706         12.52402750          0.00007897          0.00142437
    11   L1s      -9510.59257346          0.62533460         17.40405384          0.00011281          0.00167072
    12   L1s      -9510.60953001          0.42818994          7.32405855          0.00005118          0.00094385
    13   L1s      -9510.65864397          0.39525947          6.16529282          0.00017486          0.00364077
    14   L1s      -9510.68486569          0.36536281          5.51395803          0.00010775          0.00236361
    15   L1s      -9510.70155919          0.54418219         12.59293805          0.00007801          0.00171874
    16   L1s      -9510.71531092          0.27047162          4.70376916          0.00006747          0.00144929
    17   L1s      -9510.73443108          0.32968664          5.41434040          0.00011000          0.00223039
    18   L1s      -9510.74363534          0.35603266          8.39454723          0.00005759          0.00109902
    19   L0s      -9510.75239627          0.22329178          4.10225643          0.00005759          0.00094166
    20   L1s      -9510.76122711          0.27116320          5.76893492          0.00006550          0.00109083
    21   L1s      -9510.76615286          0.31665178          7.81129197          0.00003960          0.00066518
    22   L1s      -9510.77510101          0.19245482          2.15982641          0.00007549          0.00126079
    23   L1s      -9510.78556536          0.19558704          3.31121092          0.00009869          0.00164489
    24   L1s      -9510.78832233          0.22060565          5.73106009          0.00002840          0.00047223
    25   L1s      -9510.79361006          0.17591609          2.18131153          0.00005784          0.00093747
    26   L1s      -9510.79707763          0.25348666          7.66888528          0.00004116          0.00065776
    27   L0s      -9510.80051092          0.14336833          1.90231936          0.00004116          0.00062173
    28   L1s      -9510.80447582          0.14215726          2.97817978          0.00005045          0.00072482
    29   L1s      -9510.80731419          0.17816681          5.47529314          0.00004020          0.00055424
    30   L1s      -9510.80882402          0.14212439          2.29328563          0.00002246          0.00031276
    31   L1s      -9510.81162439          0.14781058          2.72792257          0.00004463          0.00062122
    32   L1s      -9510.81309970          0.15093694          3.59446235          0.00002487          0.00033949
    33   L1s      -9510.81553758          0.10625518          1.30471411          0.00004314          0.00059962
    34   L0s      -9510.81789486          0.16485034          3.52496199          0.00004314          0.00063016
    35   L1s      -9510.81924992          0.13099524          2.42424749          0.00002650          0.00041866
    36   L1s      -9510.82207345          0.11221889          1.66742753          0.00006235          0.00107917
    37   L1s      -9510.82400982          0.12990474          2.93204316          0.00004498          0.00081268
    38   L1s      -9510.82530236          0.14506632          3.97754685          0.00003109          0.00057227
    39   L1s      -9510.82754031          0.10523419          1.34730930          0.00005527          0.00100117
    40   L1s      -9510.82860767          0.16245560          4.40789325          0.00002760          0.00049335
    41   L1s      -9510.83104870          0.10449436          0.90194929          0.00006430          0.00107954
    42   L0s      -9510.83349856          0.10491522          1.15477437          0.00006430          0.00101468
    43   L1s      -9510.83560037          0.17935906          5.86497929          0.00005771          0.00089495
    44   L1s      -9510.83731528          0.11921864          1.92790452          0.00004841          0.00072553
    45   L0s      -9510.83902425          0.15270152          3.89704402          0.00004841          0.00070935
    46   L0s      -9510.84060988          0.15402215          3.25613458          0.00004841          0.00069276
    47   L1s      -9510.84413412          0.12742759          1.77952236          0.00011160          0.00152051
    48   L1s      -9510.84665023          0.13605172          2.64633810          0.00007624          0.00100167
    49   L1s      -9510.84764995          0.13979207          2.59977830          0.00003087          0.00039409
    50   L1s      -9510.85069431          0.12601936          1.46995686          0.00009571          0.00120359
    51   L0s      -9510.85369734          0.12147475          1.94743294          0.00009571          0.00117185
    52   L1s      -9510.85502919          0.15293798          3.36086180          0.00004334          0.00052229
    53   L0s      -9510.85635241          0.09770359          1.35932269          0.00004334          0.00050765
----------------------------------------------------------------------------------------------------------------

Minimization converged.

-------------------  Conjugate Gradient Minimizer Statistics -------------------
Iterations             =             53  Function Calls         =             99
--------------------------------------------------------------------------------
