
#-----------------------------------------------------------------------------#
#                                                                             #
#                                EasyHybrid                                   #
#                   - A pDynamo graphical user interface -                    #
#                                                                             #
#-----------------------------------------------------------------------------#
#                                                                             #
#     Developed by Jose Fernando R Bachega and Luis Fernando S M Timmers      #
#                            <ferbachega@gmail.com>                           #
#                                                                             #
#             visit: https://sites.google.com/site/EasyHybrid/                #
#                   Univesity of Sao Paulo - SP, Brazil                       #
#      Pontifical Catholic University of Rio Grande do Sul - RS, Brazil       #
#                                                                             #
#                                                                             #
#   EasyHybrid team:                               Special thanks to:         #
#   - Jose Fernando R Bachega           |         - Fernando V Maluf          #
#   - Michele Silva                     |                                     #
#   - Luis Fernando S M Timmers         |                                     #
#   - Martin Field                      |         - Leonardo R Bachega        #
#   - Troy Wymore                       |         - Lucas Assirati            #
#   - Osmar Norberto de Souza           |         - Richard Garratt           #
#   - Walter R Paixao-Cortes            |                                     #
#                                                                             #
#   Cite this work as:                                                        #
#   J.F.R. Bachega, L.F.S.M. Timmers, L.Assirati, L.B. Bachega, M.J. Field,   #
#   T. Wymore. J. Comput. Chem. 2013, 34, 2190-2196. DOI: 10.1002/jcc.23346   #
#                                                                             #
#-----------------------------------------------------------------------------#

Generated on Wed Jun  5 17:35:47 2019


--------------------------------------------------------------------------------
                       Summary for System "Pruned System"
--------------------------------------------------------------------------------

---------------------------- Atom Container Summary ----------------------------
Number of Atoms        =           2173  Number of Heavy Atoms  =           1040
Number of Hydrogens    =           1133  Number of Unknowns     =              0
--------------------------------------------------------------------------------

----------------------------- Connectivity Summary -----------------------------
Atoms                  =           2173
--------------------------------------------------------------------------------

------------------------------- Electronic State -------------------------------
Charge                 =             -1  Multiplicity           =              1
--------------------------------------------------------------------------------

--------------------------------------------------------------------------------
                    Summary for Energy Model "AMBER/AM1/ABFS"
--------------------------------------------------------------------------------

----------------------------------- Summary for MM Model "AMBER" -----------------------------------
LJ 1-4 Scaling                   =          0.500  El. 1-4 Scaling                  =          0.833
Number of MM Atoms               =           2173  Number of MM Atom Types          =             37
Number of Inactive MM Atoms      =             33  Total MM Charge                  =          -4.00
Harmonic Bond Terms              =           2169  Harmonic Bond Parameters         =             49
Harmonic Bond Inactive           =           1308  Fourier Improper Terms           =            320
Fourier Improper Parameters      =              3  Fourier Improper Inactive        =            164
Harmonic Angle Terms             =           3403  Harmonic Angle Parameters        =            103
Harmonic Angle Inactive          =           1938  Fourier Dihedral Terms           =           6697
Fourier Dihedral Parameters      =             48  Fourier Dihedral Inactive        =           3453
Exclusions                       =          10377  1-4 Interactions                 =           4805
LJ Parameters Form               =          AMBER  LJ Parameters Types              =             21
1-4 Lennard-Jones Form           =          AMBER  1-4 Lennard-Jones Types          =             21
----------------------------------------------------------------------------------------------------

-------------------------- Summary for QC Model "AM1" --------------------------
Number of QC Atoms     =             39  Boundary Atoms         =              6
Nuclear Charge         =            129  Orbital Functions      =            108
Fitting Functions      =              0  Energy Base Line       =      188.36370
QC Parameter Centers   =              6
--------------------------------------------------------------------------------

----------------------------- ABFS NB Model Summary ----------------------------
Dielectric             =       1.000000  El. 1-4 Scaling        =       0.833333
Damping Cutoff         =       0.500000  Inner Cutoff           =       8.000000
List Cutoff            =      13.500000  Outer Cutoff           =      12.000000
QC/MM Coupling         =    RC Coupling  Use Centering          =          False
--------------------------------------------------------------------------------

-------------------------- Pairlist Generator Summary --------------------------
Cell Size              =          6.750  Cutoff                 =         13.500
Cutoff Cell Size Factor =          0.500  Grid Cell/Cell Method  =           True
Minimum Cell Extent    =              2  Minimum Cell Size      =          3.000
Minimum Extent Factor  =          1.500  Minimum Points         =            500
Sort Indices           =          False
--------------------------------------------------------------------------------

----------------------- SoftConstraint Container Summary -----------------------
Multiple Distance      =              2
--------------------------------------------------------------------------------

---------------------------- Hard Constraint Container Summary ---------------------------
Number of Charge Constraints  =            0  Number of Fixed Atoms         =         1351
------------------------------------------------------------------------------------------

------------------------------- Sequence Summary -------------------------------
Number of Atoms            =       2173  Number of Components       =        213
Number of Entities         =          1  Number of Linear Polymers  =          0
Number of Links            =          0  Number of Variants         =          0
--------------------------------------------------------------------------------

-------------------------------  Conjugate Gradient Minimizer Options ------------------------------
Beta Type                        =              1  Initial Step                     =            0.1
Line Searcher                    =           None  Log Frequency                    =              1
Maximum Iterations               =           5000  Maximum Theta                    =          1e+10
Minimum Theta                    =          1e-10  RMS Gradient Tolerance           =            0.1
Steepest Descent Tolerance       =          0.001  Use Spectral Theta               =           True
----------------------------------------------------------------------------------------------------

----------------------------------------------------------------------------------------------------------------
  Iteration       Function          RMS Gradient        Max. |Grad.|          RMS Disp.         Max. |Disp.|
----------------------------------------------------------------------------------------------------------------
     0     I      -9513.35748927         36.75078897       1370.85512200          0.00201374          0.07511529
     1   L1s      -9548.55664564          2.92008950         73.22396374          0.00077138          0.01811811
     2   L1s      -9550.17034116          4.86112299        156.09969231          0.00044936          0.01099096
     3   L1s      -9551.11747394          2.02304612         51.17594690          0.00030633          0.00847263
     4   L0s      -9551.76042278          1.29568852         28.62880651          0.00030633          0.00801145
     5   L1s      -9551.91534156          1.66792293         44.30617923          0.00012137          0.00362782
     6   L1s      -9552.24138836          1.21114551         18.45703759          0.00030919          0.00837750
     7   L1s      -9552.42598715          0.81357981         16.36857921          0.00021458          0.00525041
     8   L1s      -9552.49591498          1.01970964         30.08102548          0.00010698          0.00245851
     9   L1s      -9552.54422487          0.51519182          7.68929119          0.00008327          0.00168660
    10   L0s      -9552.58202690          0.45215861          8.13667858          0.00008327          0.00168148
    11   L1s      -9552.60763041          0.59251670         18.65954324          0.00007331          0.00156287
    12   L1s      -9552.63366647          0.46608996          8.80320645          0.00008404          0.00198244
    13   L1s      -9552.68467994          0.41689543          6.33647709          0.00018693          0.00522709
    14   L1s      -9552.71448051          0.68218068         19.78379129          0.00012355          0.00333184
    15   L1s      -9552.74030980          0.53989657         11.97797205          0.00011137          0.00288379
    16   L1s      -9552.77721160          0.44245817          7.66382684          0.00016832          0.00448787
    17   L1s      -9552.79461149          0.50203611         13.42812507          0.00008522          0.00203137
    18   L1s      -9552.81532337          0.36174251          4.61949751          0.00010692          0.00278525
    19   L1s      -9552.84134413          0.28678900          4.16829354          0.00014690          0.00372672
    20   L1s      -9552.85297947          0.34550983          8.63932589          0.00007314          0.00188093
    21   L1s      -9552.85857270          0.26319239          5.82542216          0.00003752          0.00085265
    22   L1s      -9552.86968711          0.25161221          5.83135075          0.00008207          0.00178391
    23   L1s      -9552.87375306          0.24243945          5.61223263          0.00003277          0.00070194
    24   L1s      -9552.88051235          0.14890142          2.02125760          0.00005898          0.00114827
    25   L0s      -9552.88579891          0.18280355          3.74255727          0.00005898          0.00105098
    26   L1s      -9552.88935065          0.20987717          5.31233064          0.00004107          0.00054962
    27   L1s      -9552.89159531          0.14976763          2.95631638          0.00002615          0.00027474
    28   L1s      -9552.89417758          0.15019709          3.05040071          0.00003317          0.00039410
    29   L1s      -9552.89580323          0.15803271          3.07574827          0.00002265          0.00021221
    30   L1s      -9552.89924760          0.12268394          1.78377178          0.00005116          0.00055735
    31   L1s      -9552.90203951          0.14882153          2.69587264          0.00004539          0.00052100
    32   L1s      -9552.90355974          0.17425793          5.35099235          0.00002607          0.00028724
    33   L1s      -9552.90702352          0.12522138          1.53735520          0.00006155          0.00060257
    34   L1s      -9552.90908176          0.18959285          5.83531393          0.00003892          0.00043710
    35   L1s      -9552.91224648          0.15586614          2.56571690          0.00006136          0.00060677
    36   L1s      -9552.91586500          0.15321924          2.98858576          0.00007262          0.00071867
    37   L1s      -9552.91819435          0.20510412          5.74687409          0.00004835          0.00046890
    38   L1s      -9552.92096135          0.15250550          2.50875811          0.00005846          0.00053027
    39   L1s      -9552.92543426          0.14564107          2.49389857          0.00009744          0.00084867
    40   L1s      -9552.92734751          0.17632429          4.58357919          0.00004302          0.00038265
    41   L1s      -9552.93025426          0.13886054          1.92876652          0.00006671          0.00060553
    42   L1s      -9552.93350672          0.21746268          6.52926693          0.00007701          0.00069986
    43   L1s      -9552.93579257          0.13924207          1.75637965          0.00005479          0.00051508
    44   L1s      -9552.93926850          0.14260769          2.56581949          0.00008573          0.00080864
    45   L0s      -9552.94256490          0.18662465          3.74778647          0.00008573          0.00079501
    46   L1s      -9552.94514420          0.19895625          4.14875303          0.00006722          0.00061881
    47   L1s      -9552.94935888          0.16836946          3.79685074          0.00010872          0.00101392
    48   L1s      -9552.95139997          0.20100826          4.80296522          0.00005358          0.00050284
    49   L1s      -9552.95647915          0.15724154          1.91729339          0.00013487          0.00126060
    50   L1s      -9552.96081937          0.13637951          2.07987474          0.00011734          0.00109687
    51   L1s      -9552.96279532          0.17317347          5.73798529          0.00005472          0.00050716
    52   L1s      -9552.96445102          0.12691836          1.99170390          0.00004651          0.00043410
    53   L1s      -9552.96763653          0.15561712          3.66284233          0.00009175          0.00086272
    54   L1s      -9552.96959489          0.16998647          4.03471808          0.00005731          0.00053986
    55   L1s      -9552.97229154          0.11188072          1.50351736          0.00007996          0.00073821
    56   L1s      -9552.97430758          0.14497459          3.75952682          0.00006158          0.00055623
    57   L1s      -9552.97541452          0.12979113          3.11782485          0.00003437          0.00030136
    58   L1s      -9552.97810223          0.10177452          1.50441455          0.00008513          0.00072310
    59   L1s      -9552.98003292          0.11939618          1.95721607          0.00006306          0.00053484
    60   L1s      -9552.98112574          0.12789077          2.92847313          0.00003646          0.00031105
    61   L1s      -9552.98242985          0.10696436          1.90239513          0.00004429          0.00038221
    62   L0s      -9552.98374258          0.14103409          3.60785616          0.00004429          0.00038233
    63   L0s      -9552.98511483          0.08947909          1.05702701          0.00004429          0.00037428
----------------------------------------------------------------------------------------------------------------

Minimization converged.

-------------------  Conjugate Gradient Minimizer Statistics -------------------
Iterations             =             63  Function Calls         =            121
--------------------------------------------------------------------------------
