
#-----------------------------------------------------------------------------#
#                                                                             #
#                                EasyHybrid                                   #
#                   - A pDynamo graphical user interface -                    #
#                                                                             #
#-----------------------------------------------------------------------------#
#                                                                             #
#     Developed by Jose Fernando R Bachega and Luis Fernando S M Timmers      #
#                            <ferbachega@gmail.com>                           #
#                                                                             #
#             visit: https://sites.google.com/site/EasyHybrid/                #
#                   Univesity of Sao Paulo - SP, Brazil                       #
#      Pontifical Catholic University of Rio Grande do Sul - RS, Brazil       #
#                                                                             #
#                                                                             #
#   EasyHybrid team:                               Special thanks to:         #
#   - Jose Fernando R Bachega           |         - Fernando V Maluf          #
#   - Michele Silva                     |                                     #
#   - Luis Fernando S M Timmers         |                                     #
#   - Martin Field                      |         - Leonardo R Bachega        #
#   - Troy Wymore                       |         - Lucas Assirati            #
#   - Osmar Norberto de Souza           |         - Richard Garratt           #
#   - Walter R Paixao-Cortes            |                                     #
#                                                                             #
#   Cite this work as:                                                        #
#   J.F.R. Bachega, L.F.S.M. Timmers, L.Assirati, L.B. Bachega, M.J. Field,   #
#   T. Wymore. J. Comput. Chem. 2013, 34, 2190-2196. DOI: 10.1002/jcc.23346   #
#                                                                             #
#-----------------------------------------------------------------------------#

Generated on Wed Jun  5 17:27:03 2019


--------------------------------------------------------------------------------
                       Summary for System "Pruned System"
--------------------------------------------------------------------------------

---------------------------- Atom Container Summary ----------------------------
Number of Atoms        =           2173  Number of Heavy Atoms  =           1040
Number of Hydrogens    =           1133  Number of Unknowns     =              0
--------------------------------------------------------------------------------

----------------------------- Connectivity Summary -----------------------------
Atoms                  =           2173
--------------------------------------------------------------------------------

------------------------------- Electronic State -------------------------------
Charge                 =             -1  Multiplicity           =              1
--------------------------------------------------------------------------------

--------------------------------------------------------------------------------
                    Summary for Energy Model "AMBER/AM1/ABFS"
--------------------------------------------------------------------------------

----------------------------------- Summary for MM Model "AMBER" -----------------------------------
LJ 1-4 Scaling                   =          0.500  El. 1-4 Scaling                  =          0.833
Number of MM Atoms               =           2173  Number of MM Atom Types          =             37
Number of Inactive MM Atoms      =             33  Total MM Charge                  =          -4.00
Harmonic Bond Terms              =           2169  Harmonic Bond Parameters         =             49
Harmonic Bond Inactive           =           1308  Fourier Improper Terms           =            320
Fourier Improper Parameters      =              3  Fourier Improper Inactive        =            164
Harmonic Angle Terms             =           3403  Harmonic Angle Parameters        =            103
Harmonic Angle Inactive          =           1938  Fourier Dihedral Terms           =           6697
Fourier Dihedral Parameters      =             48  Fourier Dihedral Inactive        =           3453
Exclusions                       =          10377  1-4 Interactions                 =           4805
LJ Parameters Form               =          AMBER  LJ Parameters Types              =             21
1-4 Lennard-Jones Form           =          AMBER  1-4 Lennard-Jones Types          =             21
----------------------------------------------------------------------------------------------------

-------------------------- Summary for QC Model "AM1" --------------------------
Number of QC Atoms     =             39  Boundary Atoms         =              6
Nuclear Charge         =            129  Orbital Functions      =            108
Fitting Functions      =              0  Energy Base Line       =      188.36370
QC Parameter Centers   =              6
--------------------------------------------------------------------------------

----------------------------- ABFS NB Model Summary ----------------------------
Dielectric             =       1.000000  El. 1-4 Scaling        =       0.833333
Damping Cutoff         =       0.500000  Inner Cutoff           =       8.000000
List Cutoff            =      13.500000  Outer Cutoff           =      12.000000
QC/MM Coupling         =    RC Coupling  Use Centering          =          False
--------------------------------------------------------------------------------

-------------------------- Pairlist Generator Summary --------------------------
Cell Size              =          6.750  Cutoff                 =         13.500
Cutoff Cell Size Factor =          0.500  Grid Cell/Cell Method  =           True
Minimum Cell Extent    =              2  Minimum Cell Size      =          3.000
Minimum Extent Factor  =          1.500  Minimum Points         =            500
Sort Indices           =          False
--------------------------------------------------------------------------------

----------------------- SoftConstraint Container Summary -----------------------
Multiple Distance      =              2
--------------------------------------------------------------------------------

---------------------------- Hard Constraint Container Summary ---------------------------
Number of Charge Constraints  =            0  Number of Fixed Atoms         =         1351
------------------------------------------------------------------------------------------

------------------------------- Sequence Summary -------------------------------
Number of Atoms            =       2173  Number of Components       =        213
Number of Entities         =          1  Number of Linear Polymers  =          0
Number of Links            =          0  Number of Variants         =          0
--------------------------------------------------------------------------------

-------------------------------  Conjugate Gradient Minimizer Options ------------------------------
Beta Type                        =              1  Initial Step                     =            0.1
Line Searcher                    =           None  Log Frequency                    =              1
Maximum Iterations               =           5000  Maximum Theta                    =          1e+10
Minimum Theta                    =          1e-10  RMS Gradient Tolerance           =            0.1
Steepest Descent Tolerance       =          0.001  Use Spectral Theta               =           True
----------------------------------------------------------------------------------------------------

----------------------------------------------------------------------------------------------------------------
  Iteration       Function          RMS Gradient        Max. |Grad.|          RMS Disp.         Max. |Disp.|
----------------------------------------------------------------------------------------------------------------
     0     I      -9478.29602305         39.36088448       1494.31551380          0.00201374          0.07645060
     1   L1s      -9517.30992313          3.01341287         87.04562109          0.00080170          0.02305293
     2   L1s      -9517.60338551          1.65250916         42.10095220          0.00007924          0.00224317
     3   L1s      -9518.10814627          1.21769497         31.15548637          0.00028354          0.00627718
     4   L1s      -9518.34950518          0.67120615         13.50472992          0.00020911          0.00391639
     5   L1s      -9518.43613471          0.68404828         13.64459112          0.00012864          0.00285874
     6   L1s      -9518.46452104          0.63978630         11.74175450          0.00005396          0.00082498
     7   L1s      -9518.49217843          0.40871348          8.18040955          0.00006325          0.00088979
     8   L1s      -9518.52173184          0.46983727          8.92229416          0.00008957          0.00155719
     9   L1s      -9518.53505123          0.39626351          8.30614424          0.00004645          0.00069536
    10   L1s      -9518.55152199          0.30881278          5.15321106          0.00006662          0.00096036
    11   L1s      -9518.57491513          0.26197080          4.17062278          0.00011279          0.00165583
    12   L1s      -9518.58721782          0.38794086         10.14521648          0.00007055          0.00078258
    13   L1s      -9518.59363483          0.22193714          4.03959823          0.00003916          0.00044471
    14   L1s      -9518.60245877          0.21669982          3.22529965          0.00006276          0.00089722
    15   L1s      -9518.61527486          0.27380294          4.90980649          0.00010301          0.00170191
    16   L1s      -9518.62443274          0.33633785          9.83268610          0.00007839          0.00120846
    17   L1s      -9518.63162213          0.25620655          4.28718469          0.00006394          0.00109444
    18   L1s      -9518.64224793          0.23324076          4.89121342          0.00010037          0.00167328
    19   L1s      -9518.64550301          0.24193177          5.77131750          0.00003277          0.00055479
    20   L1s      -9518.65174660          0.17641048          2.90852668          0.00006625          0.00109052
    21   L1s      -9518.65908646          0.17199646          1.83834192          0.00008490          0.00133536
    22   L1s      -9518.66908536          0.17891733          2.88035184          0.00012491          0.00199043
    23   L1s      -9518.67206922          0.26089488          5.81263299          0.00003967          0.00057706
    24   L1s      -9518.67828670          0.16063018          2.88991214          0.00008490          0.00110968
    25   L1s      -9518.68293288          0.23311453          5.68882863          0.00006770          0.00090755
    26   L1s      -9518.68586240          0.15226438          2.28162355          0.00004388          0.00054399
    27   L1s      -9518.69014195          0.15037917          4.05725287          0.00006806          0.00088556
    28   L1s      -9518.69320961          0.11857125          2.02495661          0.00005150          0.00069400
    29   L1s      -9518.69673110          0.22849254          5.72554983          0.00006385          0.00086661
    30   L1s      -9518.69933666          0.15935461          2.40963146          0.00004813          0.00066073
    31   L1s      -9518.70356871          0.12342024          2.09002292          0.00008113          0.00110981
    32   L1s      -9518.70675452          0.14502777          2.87166567          0.00006451          0.00086749
    33   L1s      -9518.70854182          0.17982864          4.86960344          0.00003754          0.00049785
    34   L1s      -9518.71261488          0.12462560          1.44483088          0.00008754          0.00112667
    35   L0s      -9518.71645325          0.19586288          5.44497227          0.00008754          0.00114397
    36   L1s      -9518.71815663          0.14681572          2.22079643          0.00003911          0.00053462
    37   L1s      -9518.72209895          0.12678804          1.50531821          0.00009069          0.00136514
    38   L0s      -9518.72565037          0.14343919          2.66950798          0.00009069          0.00146740
    39   L1s      -9518.72805704          0.18390537          3.78235137          0.00006184          0.00103645
    40   L1s      -9518.72989205          0.14331427          2.55580338          0.00004612          0.00081394
    41   L1s      -9518.73369548          0.14910721          1.81526819          0.00009798          0.00181377
    42   L1s      -9518.73660789          0.21678904          4.66945359          0.00007666          0.00145436
    43   L1s      -9518.74016792          0.16936920          2.85272034          0.00009465          0.00187543
    44   L1s      -9518.74757906          0.18777231          3.23318938          0.00020028          0.00408858
    45   L1s      -9518.75041386          0.24533522          4.76714971          0.00007747          0.00160250
    46   L1s      -9518.75619110          0.16372371          2.96560568          0.00015904          0.00331505
    47   L1s      -9518.76123791          0.18815506          3.98927505          0.00014145          0.00292993
    48   L1s      -9518.76905830          0.23274131          4.09511825          0.00022173          0.00454861
    49   L1s      -9518.77275513          0.27203472          5.00177257          0.00010566          0.00215095
    50   L1s      -9518.78216730          0.21089545          2.88546863          0.00027063          0.00543954
    51   L1s      -9518.78894070          0.29041393          6.47187971          0.00019713          0.00393026
    52   L1s      -9518.79416810          0.22996710          3.39877365          0.00015281          0.00300252
    53   L1s      -9518.80621182          0.24048426          3.11288869          0.00035494          0.00688383
    54   L1s      -9518.81341736          0.33825601          7.63645452          0.00021316          0.00411724
    55   L0s      -9518.82006153          0.27432646          3.88563076          0.00021316          0.00411846
    56   L1s      -9518.83033546          0.22866021          2.76310177          0.00034340          0.00673589
    57   L1s      -9518.83756846          0.26575800          5.70881552          0.00021449          0.00427162
    58   L1s      -9518.84146180          0.23852132          3.24469147          0.00011564          0.00234596
    59   L1s      -9518.85159255          0.23130502          3.07888628          0.00030276          0.00621321
    60   L1s      -9518.85852832          0.32031287          9.14703311          0.00020815          0.00428471
    61   L0s      -9518.86536144          0.24963242          4.21171922          0.00020815          0.00429121
    62   L1s      -9518.87335962          0.26787830          5.62279910          0.00024659          0.00508102
    63   L1s      -9518.87870232          0.29738660          6.47259997          0.00016362          0.00336845
    64   L1s      -9518.88791923          0.23272647          3.32662171          0.00028318          0.00581656
    65   L1s      -9518.89872402          0.28661558          4.74226898          0.00033316          0.00681436
    66   L1s      -9518.90318772          0.25864342          5.43247650          0.00013730          0.00278695
    67   L1s      -9518.91157856          0.22998435          3.46752859          0.00025850          0.00515386
    68   L0s      -9518.91973355          0.29115800          7.05087980          0.00025850          0.00507856
    69   L1s      -9518.92442449          0.23323574          4.82493324          0.00014717          0.00281890
    70   L1s      -9518.93042810          0.20755353          3.20084951          0.00018083          0.00335922
    71   L1s      -9518.93480194          0.28107632          7.72656901          0.00013265          0.00242524
    72   L1s      -9518.94118531          0.19107441          2.18068588          0.00019435          0.00343764
    73   L0s      -9518.94737278          0.19321898          4.03035893          0.00019435          0.00331454
    74   L1s      -9518.94937376          0.18295265          4.22302743          0.00006313          0.00102986
    75   L1s      -9518.95379295          0.15252437          2.69368209          0.00013755          0.00208517
    76   L1s      -9518.95725554          0.17345988          2.94902764          0.00010913          0.00156720
    77   L1s      -9518.95984600          0.22087003          4.75147033          0.00008246          0.00115153
    78   L1s      -9518.96402306          0.13424436          1.05251596          0.00013383          0.00179072
    79   L0s      -9518.96810425          0.16986357          4.23813974          0.00013383          0.00176947
    80   L1s      -9518.96974807          0.16425881          3.12984583          0.00005428          0.00070984
    81   L1s      -9518.97312434          0.14480474          2.90149677          0.00011199          0.00143202
    82   L1s      -9518.97613202          0.16639532          3.61121941          0.00010111          0.00125779
    83   L1s      -9518.97814336          0.18236316          4.31390057          0.00006833          0.00082683
    84   L1s      -9518.98229929          0.15622435          2.49402303          0.00014240          0.00164822
    85   L1s      -9518.98449635          0.18418033          5.37746621          0.00007617          0.00085456
    86   L0s      -9518.98677916          0.11077057          1.18665015          0.00007617          0.00077874
    87   L1s      -9518.98987460          0.14450395          2.17985775          0.00009751          0.00094227
    88   L1s      -9518.99158325          0.18011350          4.12969368          0.00005592          0.00051970
    89   L1s      -9518.99454222          0.13884561          3.39839573          0.00009775          0.00090888
    90   L1s      -9518.99715513          0.14484951          3.08835245          0.00008762          0.00081186
    91   L1s      -9518.99871092          0.15977888          3.90152822          0.00005290          0.00048825
    92   L1s      -9519.00197513          0.12741916          1.59895506          0.00011223          0.00103035
    93   L1s      -9519.00395790          0.17857996          4.45228558          0.00006935          0.00063512
    94   L0s      -9519.00574802          0.12423010          1.67824999          0.00006935          0.00063509
    95   L1s      -9519.00811336          0.12125661          1.83893371          0.00010141          0.00092893
    96   L1s      -9519.00939272          0.14920706          3.96534029          0.00005025          0.00046199
    97   L1s      -9519.01123110          0.12370780          1.65927014          0.00007290          0.00068014
    98   L1s      -9519.01350581          0.12361391          2.05257936          0.00009144          0.00087605
    99   L1s      -9519.01475249          0.15103695          2.97132121          0.00005079          0.00049629
   100   L1s      -9519.01691109          0.11288463          1.53649582          0.00008871          0.00089906
   101   L0s      -9519.01906436          0.15106452          4.03601503          0.00008871          0.00091346
   102   L1s      -9519.02038476          0.12513644          2.49514586          0.00005516          0.00057905
   103   L1s      -9519.02256137          0.12294352          1.84466080          0.00009367          0.00099800
   104   L1s      -9519.02403435          0.14517353          3.67263786          0.00006412          0.00069069
   105   L0s      -9519.02542705          0.11357145          1.45730424          0.00006412          0.00070534
   106   L1s      -9519.02732711          0.12799937          2.22757139          0.00009097          0.00102023
   107   L1s      -9519.02854375          0.13959925          3.46477809          0.00005667          0.00064601
   108   L1s      -9519.03040164          0.10341980          1.85461250          0.00008720          0.00101975
   109   L1s      -9519.03182822          0.12880800          2.70809673          0.00006788          0.00080159
   110   L1s      -9519.03288739          0.11399932          2.11812544          0.00005084          0.00060376
   111   L1s      -9519.03438049          0.10812697          1.39605763          0.00007245          0.00085887
   112   L0s      -9519.03593248          0.14121342          3.14878926          0.00007245          0.00085707
   113   L0s      -9519.03734067          0.12052589          1.95123690          0.00007245          0.00085884
   114   L1s      -9519.03903430          0.13793405          3.17402638          0.00009661          0.00115288
   115   L1s      -9519.04049968          0.12653375          2.75106131          0.00007959          0.00096315
   116   L0s      -9519.04184048          0.12562514          2.66173680          0.00007959          0.00098284
   117   L0s      -9519.04325005          0.11758624          2.43746760          0.00007959          0.00100702
   118   L1s      -9519.04461295          0.12223727          2.32049213          0.00007056          0.00091376
   119   L0s      -9519.04584427          0.13162782          2.29299825          0.00007056          0.00093151
   120   L1s      -9519.04746497          0.12259448          1.65341193          0.00009275          0.00124711
   121   L0s      -9519.04919258          0.14229910          3.20726632          0.00009275          0.00126001
   122   L1s      -9519.05066193          0.11871863          1.93228566          0.00007968          0.00109412
   123   L0s      -9519.05215619          0.12238837          2.45946282          0.00007968          0.00109899
   124   L0s      -9519.05364085          0.13064269          3.03787954          0.00007968          0.00109911
   125   L1s      -9519.05491030          0.10659157          2.17674130          0.00007157          0.00098273
   126   L1s      -9519.05638745          0.12834113          2.95253035          0.00008462          0.00115718
   127   L1s      -9519.05764740          0.12557598          2.05697868          0.00007262          0.00099036
   128   L1s      -9519.05913281          0.11090827          1.78948370          0.00008616          0.00117845
   129   L1s      -9519.06030430          0.12118525          2.65822688          0.00006850          0.00094518
   130   L0s      -9519.06151408          0.10947595          1.53583788          0.00006850          0.00096209
   131   L1s      -9519.06314545          0.13048106          2.77461500          0.00009240          0.00132031
   132   L1s      -9519.06451889          0.14378194          3.14183696          0.00008036          0.00116488
   133   L1s      -9519.06665894          0.11632935          1.74846259          0.00012581          0.00185503
   134   L1s      -9519.06805421          0.13990684          3.64701147          0.00008257          0.00122600
   135   L1s      -9519.06960457          0.12560172          2.55803141          0.00009218          0.00137071
   136   L0s      -9519.07124546          0.11111957          1.71620398          0.00009218          0.00136206
   137   L1s      -9519.07243183          0.13433097          2.94945803          0.00006607          0.00097160
   138   L1s      -9519.07407704          0.11365754          1.58639716          0.00009605          0.00140578
   139   L0s      -9519.07570712          0.13364529          2.59536449          0.00009605          0.00140498
   140   L1s      -9519.07689783          0.12066312          2.25897064          0.00007049          0.00103282
   141   L1s      -9519.07843370          0.11207303          2.26773289          0.00009132          0.00134281
   142   L0s      -9519.07993368          0.14198960          3.68648155          0.00009132          0.00134593
   143   L1s      -9519.08119675          0.10700952          1.48813650          0.00007676          0.00113513
   144   L1s      -9519.08269617          0.11614118          2.01381228          0.00008934          0.00132503
   145   L1s      -9519.08367234          0.11914950          2.44319279          0.00005856          0.00087145
   146   L1s      -9519.08516468          0.10244103          1.15556967          0.00009011          0.00134804
   147   L1s      -9519.08633039          0.11710127          2.48880766          0.00007099          0.00106519
   148   L1s      -9519.08729791          0.11506161          2.18379592          0.00005930          0.00089070
   149   L1s      -9519.08909575          0.11021854          1.87837982          0.00011091          0.00165723
   150   L1s      -9519.09036687          0.14624962          3.92369950          0.00007897          0.00117402
   151   L1s      -9519.09209877          0.10992190          1.67291438          0.00010803          0.00158611
   152   L1s      -9519.09333190          0.11277464          1.96973783          0.00007744          0.00112444
   153   L1s      -9519.09437452          0.12697671          2.48592380          0.00006590          0.00095055
   154   L1s      -9519.09616052          0.10307547          1.32964511          0.00011348          0.00163172
   155   L1s      -9519.09735974          0.13383258          3.05747825          0.00007679          0.00110361
   156   L0s      -9519.09859455          0.10437164          1.54335684          0.00007679          0.00110256
   157   L1s      -9519.10017992          0.11083818          2.23778095          0.00009724          0.00139258
   158   L1s      -9519.10120478          0.12346774          3.19862650          0.00006513          0.00092977
   159   L1s      -9519.10242064          0.09494807          1.18561125          0.00007768          0.00110245
----------------------------------------------------------------------------------------------------------------

Minimization converged.

-------------------  Conjugate Gradient Minimizer Statistics -------------------
Iterations             =            159  Function Calls         =            295
--------------------------------------------------------------------------------
