
#-----------------------------------------------------------------------------#
#                                                                             #
#                                EasyHybrid                                   #
#                   - A pDynamo graphical user interface -                    #
#                                                                             #
#-----------------------------------------------------------------------------#
#                                                                             #
#     Developed by Jose Fernando R Bachega and Luis Fernando S M Timmers      #
#                            <ferbachega@gmail.com>                           #
#                                                                             #
#             visit: https://sites.google.com/site/EasyHybrid/                #
#                   Univesity of Sao Paulo - SP, Brazil                       #
#      Pontifical Catholic University of Rio Grande do Sul - RS, Brazil       #
#                                                                             #
#                                                                             #
#   EasyHybrid team:                               Special thanks to:         #
#   - Jose Fernando R Bachega           |         - Fernando V Maluf          #
#   - Michele Silva                     |                                     #
#   - Luis Fernando S M Timmers         |                                     #
#   - Martin Field                      |         - Leonardo R Bachega        #
#   - Troy Wymore                       |         - Lucas Assirati            #
#   - Osmar Norberto de Souza           |         - Richard Garratt           #
#   - Walter R Paixao-Cortes            |                                     #
#                                                                             #
#   Cite this work as:                                                        #
#   J.F.R. Bachega, L.F.S.M. Timmers, L.Assirati, L.B. Bachega, M.J. Field,   #
#   T. Wymore. J. Comput. Chem. 2013, 34, 2190-2196. DOI: 10.1002/jcc.23346   #
#                                                                             #
#-----------------------------------------------------------------------------#

Generated on Wed Jun  5 17:28:01 2019


--------------------------------------------------------------------------------
                       Summary for System "Pruned System"
--------------------------------------------------------------------------------

---------------------------- Atom Container Summary ----------------------------
Number of Atoms        =           2173  Number of Heavy Atoms  =           1040
Number of Hydrogens    =           1133  Number of Unknowns     =              0
--------------------------------------------------------------------------------

----------------------------- Connectivity Summary -----------------------------
Atoms                  =           2173
--------------------------------------------------------------------------------

------------------------------- Electronic State -------------------------------
Charge                 =             -1  Multiplicity           =              1
--------------------------------------------------------------------------------

--------------------------------------------------------------------------------
                    Summary for Energy Model "AMBER/AM1/ABFS"
--------------------------------------------------------------------------------

----------------------------------- Summary for MM Model "AMBER" -----------------------------------
LJ 1-4 Scaling                   =          0.500  El. 1-4 Scaling                  =          0.833
Number of MM Atoms               =           2173  Number of MM Atom Types          =             37
Number of Inactive MM Atoms      =             33  Total MM Charge                  =          -4.00
Harmonic Bond Terms              =           2169  Harmonic Bond Parameters         =             49
Harmonic Bond Inactive           =           1308  Fourier Improper Terms           =            320
Fourier Improper Parameters      =              3  Fourier Improper Inactive        =            164
Harmonic Angle Terms             =           3403  Harmonic Angle Parameters        =            103
Harmonic Angle Inactive          =           1938  Fourier Dihedral Terms           =           6697
Fourier Dihedral Parameters      =             48  Fourier Dihedral Inactive        =           3453
Exclusions                       =          10377  1-4 Interactions                 =           4805
LJ Parameters Form               =          AMBER  LJ Parameters Types              =             21
1-4 Lennard-Jones Form           =          AMBER  1-4 Lennard-Jones Types          =             21
----------------------------------------------------------------------------------------------------

-------------------------- Summary for QC Model "AM1" --------------------------
Number of QC Atoms     =             39  Boundary Atoms         =              6
Nuclear Charge         =            129  Orbital Functions      =            108
Fitting Functions      =              0  Energy Base Line       =      188.36370
QC Parameter Centers   =              6
--------------------------------------------------------------------------------

----------------------------- ABFS NB Model Summary ----------------------------
Dielectric             =       1.000000  El. 1-4 Scaling        =       0.833333
Damping Cutoff         =       0.500000  Inner Cutoff           =       8.000000
List Cutoff            =      13.500000  Outer Cutoff           =      12.000000
QC/MM Coupling         =    RC Coupling  Use Centering          =          False
--------------------------------------------------------------------------------

-------------------------- Pairlist Generator Summary --------------------------
Cell Size              =          6.750  Cutoff                 =         13.500
Cutoff Cell Size Factor =          0.500  Grid Cell/Cell Method  =           True
Minimum Cell Extent    =              2  Minimum Cell Size      =          3.000
Minimum Extent Factor  =          1.500  Minimum Points         =            500
Sort Indices           =          False
--------------------------------------------------------------------------------

----------------------- SoftConstraint Container Summary -----------------------
Multiple Distance      =              2
--------------------------------------------------------------------------------

---------------------------- Hard Constraint Container Summary ---------------------------
Number of Charge Constraints  =            0  Number of Fixed Atoms         =         1351
------------------------------------------------------------------------------------------

------------------------------- Sequence Summary -------------------------------
Number of Atoms            =       2173  Number of Components       =        213
Number of Entities         =          1  Number of Linear Polymers  =          0
Number of Links            =          0  Number of Variants         =          0
--------------------------------------------------------------------------------

-------------------------------  Conjugate Gradient Minimizer Options ------------------------------
Beta Type                        =              1  Initial Step                     =            0.1
Line Searcher                    =           None  Log Frequency                    =              1
Maximum Iterations               =           5000  Maximum Theta                    =          1e+10
Minimum Theta                    =          1e-10  RMS Gradient Tolerance           =            0.1
Steepest Descent Tolerance       =          0.001  Use Spectral Theta               =           True
----------------------------------------------------------------------------------------------------

----------------------------------------------------------------------------------------------------------------
  Iteration       Function          RMS Gradient        Max. |Grad.|          RMS Disp.         Max. |Disp.|
----------------------------------------------------------------------------------------------------------------
     0     I      -9455.57610839         39.30861652       1476.26496294          0.00201374          0.07562755
     1   L1s      -9493.99915180          3.01359577         86.10753664          0.00078735          0.02234800
     2   L1s      -9494.35014290          2.16943231         59.41356333          0.00009474          0.00310148
     3   L1s      -9495.18818860          1.43749786         38.16920000          0.00038682          0.00980661
     4   L1s      -9495.49954747          0.84381542         18.57647593          0.00022596          0.00490826
     5   L1s      -9495.66189072          0.97064638         20.88599341          0.00019575          0.00424819
     6   L1s      -9495.74110229          1.14752003         27.85234471          0.00011630          0.00238491
     7   L1s      -9495.82102862          0.66389593         15.05701256          0.00013038          0.00198676
     8   L1s      -9495.90575354          0.57352311         11.55059908          0.00017277          0.00305331
     9   L1s      -9495.94687455          0.44788215          7.30760621          0.00010207          0.00165114
    10   L1s      -9495.97141469          0.66924327         17.97012808          0.00007533          0.00123077
    11   L1s      -9496.00410897          0.39021423          6.14321480          0.00010794          0.00183002
    12   L1s      -9496.02555667          0.54619403         16.57939804          0.00008358          0.00134961
    13   L1s      -9496.03989020          0.30878112          4.58559254          0.00005977          0.00093571
    14   L1s      -9496.05752675          0.33515269          6.00962858          0.00008694          0.00137541
    15   L1s      -9496.08367980          0.35226613          5.13578861          0.00014360          0.00237169
    16   L1s      -9496.10494727          0.41155855          7.94723662          0.00012649          0.00207034
    17   L1s      -9496.11427636          0.39705086          7.62780709          0.00005845          0.00109301
    18   L1s      -9496.13817367          0.30224639          4.12084946          0.00015763          0.00325735
    19   L1s      -9496.15148365          0.40292514          8.91266401          0.00009506          0.00188579
    20   L1s      -9496.16133383          0.32067332          4.90880142          0.00007306          0.00157856
    21   L1s      -9496.18535111          0.30858735          3.79130780          0.00018843          0.00408311
    22   L1s      -9496.21249352          0.37428566          6.81806499          0.00022509          0.00503522
    23   L1s      -9496.21852084          0.29885591          6.96422477          0.00005170          0.00110018
    24   L1s      -9496.23668381          0.23705108          3.70537029          0.00016336          0.00336782
    25   L1s      -9496.24835679          0.22648821          3.19127872          0.00011215          0.00234888
    26   L1s      -9496.25364795          0.28170008          8.31874935          0.00005418          0.00101874
    27   L1s      -9496.25933314          0.20594447          3.20681825          0.00006048          0.00118245
    28   L1s      -9496.26573793          0.20881772          3.62834202          0.00007260          0.00137667
    29   L1s      -9496.26897836          0.25279607          7.32135126          0.00003884          0.00075016
    30   L1s      -9496.27573107          0.19539651          3.49160152          0.00008379          0.00160218
    31   L1s      -9496.28151848          0.14072447          1.72509902          0.00007581          0.00139590
    32   L0s      -9496.28700834          0.15851836          2.11779422          0.00007581          0.00138894
    33   L1s      -9496.29079401          0.26375428          7.74823837          0.00005631          0.00094342
    34   L1s      -9496.29537259          0.19549138          3.19229644          0.00007039          0.00117448
    35   L1s      -9496.30107383          0.22088167          4.71843163          0.00009078          0.00154323
    36   L1s      -9496.30437734          0.22541911          4.33193585          0.00005402          0.00086167
    37   L1s      -9496.31121258          0.18918799          3.27122324          0.00011445          0.00179844
    38   L0s      -9496.31788818          0.17291042          2.23263821          0.00011445          0.00178644
    39   L1s      -9496.32255116          0.28021421          8.61061207          0.00008286          0.00124919
    40   L1s      -9496.32657160          0.16066299          1.92959595          0.00007250          0.00107020
    41   L1s      -9496.33237213          0.14290161          1.53290201          0.00010862          0.00150372
    42   L0s      -9496.33814612          0.20210082          5.58623040          0.00010862          0.00150058
    43   L1s      -9496.34033963          0.17267713          3.37728711          0.00004304          0.00056664
    44   L1s      -9496.34591691          0.18960589          3.93547444          0.00011832          0.00166321
    45   L1s      -9496.34794112          0.17584999          4.95334792          0.00004383          0.00055842
    46   L1s      -9496.35163424          0.13340594          2.60335531          0.00008168          0.00105450
    47   L0s      -9496.35488908          0.14696376          2.69374646          0.00008168          0.00102559
    48   L1s      -9496.35753360          0.19956901          5.58979496          0.00006663          0.00084558
    49   L0s      -9496.36001902          0.17987610          3.93856923          0.00006663          0.00084454
    50   L1s      -9496.36454533          0.20330638          5.24391455          0.00012517          0.00148775
    51   L1s      -9496.36668207          0.15602825          3.50678320          0.00005583          0.00069218
    52   L1s      -9496.37029987          0.14943306          1.81970011          0.00009635          0.00121841
    53   L1s      -9496.37332751          0.18813835          5.50584481          0.00008236          0.00104299
    54   L1s      -9496.37582607          0.15733314          2.70348722          0.00006878          0.00086224
    55   L1s      -9496.37915234          0.14624986          2.56394933          0.00009315          0.00112803
    56   L1s      -9496.38167206          0.19101244          4.64933800          0.00007190          0.00084284
    57   L0s      -9496.38407812          0.16168730          2.14512379          0.00007190          0.00079465
    58   L1s      -9496.38722618          0.17142171          4.78858241          0.00009653          0.00099941
    59   L1s      -9496.38891182          0.13753067          2.63854351          0.00005079          0.00053291
    60   L1s      -9496.39240539          0.16633212          2.92213388          0.00010725          0.00114766
    61   L1s      -9496.39536999          0.17929296          4.13738156          0.00009213          0.00098722
    62   L1s      -9496.39789584          0.16633393          2.77213946          0.00007933          0.00083820
    63   L1s      -9496.40178205          0.15740708          2.90621848          0.00012352          0.00125139
    64   L1s      -9496.40376513          0.18154322          4.87881586          0.00006388          0.00062115
    65   L1s      -9496.40672503          0.15124028          2.37361466          0.00009625          0.00089887
    66   L1s      -9496.40901197          0.17669193          5.16217215          0.00007537          0.00071366
    67   L0s      -9496.41134435          0.12954212          2.00144322          0.00007537          0.00073195
    68   L0s      -9496.41372820          0.13609950          2.60720573          0.00007537          0.00074829
    69   L0s      -9496.41614947          0.17407377          4.52419533          0.00007537          0.00075642
    70   L0s      -9496.41869783          0.11481971          1.91923922          0.00007537          0.00076982
    71   L0s      -9496.42131752          0.14113935          2.93113456          0.00007537          0.00077619
    72   L1s      -9496.42282350          0.15575808          3.38194145          0.00004764          0.00049388
    73   L1s      -9496.42572921          0.14608237          2.81190833          0.00009796          0.00102193
    74   L1s      -9496.42746718          0.15255039          4.08480253          0.00005935          0.00063633
    75   L0s      -9496.42927381          0.11052690          1.63220146          0.00005935          0.00066242
    76   L1s      -9496.43144396          0.11132627          1.46935730          0.00006988          0.00079704
    77   L1s      -9496.43290718          0.15077315          4.42982385          0.00005044          0.00057829
    78   L1s      -9496.43464444          0.10742810          1.45313346          0.00006061          0.00069417
    79   L1s      -9496.43680390          0.12899994          2.66329186          0.00007708          0.00088479
    80   L1s      -9496.43768112          0.11659445          1.92338440          0.00003179          0.00037121
    81   L1s      -9496.43987179          0.11287175          1.50316540          0.00008086          0.00095642
    82   L1s      -9496.44105453          0.14064367          3.53528020          0.00004448          0.00052974
    83   L1s      -9496.44301480          0.11653828          2.16740452          0.00007459          0.00089415
    84   L0s      -9496.44511258          0.10789066          1.38146413          0.00007459          0.00089862
    85   L0s      -9496.44732993          0.16860477          5.48342993          0.00007459          0.00091500
    86   L0s      -9496.44931184          0.12201426          2.28205422          0.00007459          0.00095161
    87   L1s      -9496.45139094          0.15821457          4.41401289          0.00009278          0.00120747
    88   L1s      -9496.45273036          0.11623129          2.08592994          0.00005888          0.00078996
    89   L1s      -9496.45479314          0.14453943          2.45810164          0.00009180          0.00124385
    90   L0s      -9496.45671177          0.16477440          3.44102408          0.00009180          0.00124610
    91   L1s      -9496.45886585          0.12472005          2.09219272          0.00010201          0.00137361
    92   L1s      -9496.46158557          0.14805185          3.29175766          0.00011646          0.00156050
    93   L1s      -9496.46320273          0.15983686          4.45114149          0.00006980          0.00093344
    94   L1s      -9496.46623307          0.13438708          3.10809499          0.00013171          0.00176883
    95   L1s      -9496.46735588          0.13655399          3.51307200          0.00004926          0.00066504
    96   L1s      -9496.46956773          0.11151801          1.26305367          0.00009793          0.00133205
    97   L1s      -9496.47134807          0.14979622          3.49428645          0.00007989          0.00109146
    98   L1s      -9496.47293865          0.12326189          2.19512799          0.00007189          0.00099097
    99   L1s      -9496.47537377          0.13031863          2.29828596          0.00011126          0.00155793
   100   L1s      -9496.47724454          0.16557856          4.56181550          0.00008625          0.00122406
   101   L0s      -9496.47906266          0.12807596          1.62736515          0.00008625          0.00125649
   102   L1s      -9496.48122466          0.18031153          5.72032613          0.00010498          0.00154709
   103   L0s      -9496.48329385          0.13501831          1.93157748          0.00010498          0.00157269
   104   L1s      -9496.48597109          0.13787908          2.48359700          0.00014187          0.00213961
   105   L1s      -9496.48747772          0.14192960          2.93835850          0.00007646          0.00115747
   106   L1s      -9496.48979180          0.12814156          2.07361223          0.00011818          0.00179681
   107   L0s      -9496.49200629          0.15491218          3.76734902          0.00011818          0.00180834
   108   L1s      -9496.49372766          0.13961799          3.10207483          0.00009123          0.00141058
   109   L1s      -9496.49620796          0.12982145          2.31610583          0.00012659          0.00198516
   110   L1s      -9496.49771208          0.15784766          3.58371917          0.00007736          0.00122268
   111   L1s      -9496.49969666          0.12304502          2.21656612          0.00010257          0.00163301
   112   L1s      -9496.50145520          0.16811695          4.62290112          0.00009162          0.00145994
   113   L1s      -9496.50368845          0.12048111          1.56847211          0.00011685          0.00185539
   114   L1s      -9496.50629233          0.15359295          3.22343677          0.00013739          0.00218105
   115   L1s      -9496.50803989          0.14783994          2.98859925          0.00009269          0.00147563
   116   L1s      -9496.51096801          0.13758497          2.08401476          0.00015615          0.00251341
   117   L1s      -9496.51349033          0.16770087          4.39391670          0.00013534          0.00220069
   118   L1s      -9496.51553447          0.14492351          3.17424863          0.00011014          0.00181729
   119   L1s      -9496.51830757          0.14156681          2.60396514          0.00015023          0.00251442
   120   L1s      -9496.51986350          0.16932201          3.29340955          0.00008475          0.00143163
   121   L1s      -9496.52307453          0.14842556          3.04241904          0.00017561          0.00299653
   122   L1s      -9496.52502375          0.17486667          4.36078698          0.00010709          0.00183941
   123   L1s      -9496.52800867          0.13237275          1.53872838          0.00016454          0.00285224
   124   L1s      -9496.53052085          0.15147546          3.33835061          0.00013923          0.00242284
   125   L1s      -9496.53219339          0.14167171          2.77701492          0.00009308          0.00162208
   126   L1s      -9496.53497245          0.13159218          2.28176517          0.00015544          0.00269894
   127   L1s      -9496.53714805          0.16122523          4.22844596          0.00012242          0.00211990
   128   L1s      -9496.53906105          0.13742134          2.92070315          0.00010810          0.00186871
   129   L1s      -9496.54174228          0.14945213          2.83942296          0.00015243          0.00264703
   130   L1s      -9496.54313834          0.14928787          3.00203293          0.00007977          0.00139584
   131   L1s      -9496.54618135          0.15275096          2.83067462          0.00017469          0.00309486
   132   L1s      -9496.54819938          0.17917281          4.47501067          0.00011636          0.00208084
   133   L1s      -9496.55188908          0.14285607          1.78467594          0.00021344          0.00386281
   134   L1s      -9496.55464166          0.16745535          3.80902860          0.00015991          0.00291035
   135   L1s      -9496.55669658          0.15144822          2.93028298          0.00011974          0.00218880
   136   L1s      -9496.56009425          0.15658055          2.62991521          0.00019877          0.00364049
   137   L0s      -9496.56327789          0.21340408          6.59175542          0.00019877          0.00364436
   138   L1s      -9496.56596157          0.14856553          1.80943230          0.00016301          0.00299235
   139   L1s      -9496.56941651          0.20236373          5.28724961          0.00018510          0.00339876
   140   L1s      -9496.57151094          0.15009536          3.07741547          0.00011248          0.00206536
   141   L1s      -9496.57577237          0.15210916          2.72256236          0.00022998          0.00422118
   142   L1s      -9496.57799981          0.19572784          4.28363405          0.00012081          0.00221856
   143   L1s      -9496.58184186          0.14154427          1.42586721          0.00020905          0.00385816
   144   L0s      -9496.58573538          0.15635208          2.97115230          0.00020905          0.00388701
   145   L1s      -9496.58775164          0.18006070          4.11041385          0.00010929          0.00204482
   146   L1s      -9496.59143601          0.15293160          2.56330374          0.00020364          0.00383865
   147   L1s      -9496.59425784          0.22128132          4.52614837          0.00015669          0.00296025
   148   L1s      -9496.59780100          0.19400628          3.00290968          0.00019716          0.00372642
   149   L1s      -9496.60397929          0.18796909          3.93757543          0.00034461          0.00649302
   150   L1s      -9496.60668310          0.20100176          5.38419880          0.00015093          0.00283540
   151   L1s      -9496.61073358          0.14047661          1.60580777          0.00022641          0.00423714
   152   L1s      -9496.61540183          0.19115436          4.66335698          0.00026171          0.00489816
   153   L1s      -9496.61774405          0.17787215          4.33796659          0.00013159          0.00246438
   154   L1s      -9496.62239627          0.17089782          2.52235804          0.00026205          0.00490617
   155   L1s      -9496.62579755          0.23597066          5.86142173          0.00019224          0.00359676
   156   L0s      -9496.62923520          0.15879519          2.38667383          0.00019224          0.00358968
   157   L0s      -9496.63273863          0.17421774          3.29293506          0.00019224          0.00359176
   158   L1s      -9496.63514297          0.19196193          3.86185623          0.00013399          0.00250949
   159   L1s      -9496.64020792          0.16675715          1.60940571          0.00028532          0.00538777
   160   L1s      -9496.64583947          0.21063988          4.69388106          0.00031859          0.00604390
   161   L1s      -9496.64879272          0.20111339          4.52125526          0.00016728          0.00318437
   162   L1s      -9496.65447587          0.15690127          1.78737413          0.00032246          0.00612472
   163   L1s      -9496.65931280          0.25192461          7.39689693          0.00027469          0.00520722
   164   L1s      -9496.66302918          0.19718554          3.29005517          0.00021119          0.00398850
   165   L1s      -9496.66898579          0.23996587          6.40709952          0.00033883          0.00639000
   166   L1s      -9496.67209772          0.19314405          4.08315750          0.00017718          0.00333644
   167   L1s      -9496.67778014          0.18043291          2.31410349          0.00032405          0.00609449
   168   L0s      -9496.68297242          0.26739583          5.93456374          0.00032405          0.00608668
   169   L1s      -9496.68708538          0.21021211          3.22890089          0.00024528          0.00458837
   170   L1s      -9496.69363032          0.17893384          2.66638209          0.00034111          0.00633962
   171   L0s      -9496.69986003          0.17983862          2.49380617          0.00034111          0.00632073
   172   L1s      -9496.70389584          0.25161099          6.27830280          0.00022161          0.00410559
   173   L0s      -9496.70831379          0.16821205          2.59405823          0.00022161          0.00411020
   174   L1s      -9496.71503787          0.19111703          4.47938436          0.00030851          0.00572600
   175   L1s      -9496.72009089          0.24137440          6.12274128          0.00024416          0.00452824
   176   L1s      -9496.72317983          0.19713378          3.64411928          0.00014947          0.00276603
   177   L1s      -9496.73004847          0.19686628          3.56780557          0.00033344          0.00614790
   178   L1s      -9496.73410188          0.25310752          5.55621511          0.00019729          0.00362937
   179   L1s      -9496.73863516          0.16772071          2.12237714          0.00022100          0.00404519
   180   L1s      -9496.74480333          0.16698599          2.63344871          0.00030210          0.00550199
   181   L0s      -9496.75059737          0.20747576          3.76444208          0.00030210          0.00548383
   182   L1s      -9496.75402526          0.24337571          6.01921041          0.00017562          0.00317984
   183   L1s      -9496.75980438          0.17556902          2.95917344          0.00028494          0.00513731
   184   L1s      -9496.76493372          0.15572887          2.61340028          0.00025410          0.00456613
   185   L1s      -9496.76923512          0.23377926          7.16378657          0.00021433          0.00384809
   186   L1s      -9496.77201992          0.17524831          2.46293874          0.00013912          0.00249346
   187   L1s      -9496.77776474          0.17527737          4.19514241          0.00028825          0.00517289
   188   L1s      -9496.78002143          0.19940112          5.11713306          0.00011367          0.00205011
   189   L1s      -9496.78498329          0.18096176          4.38542861          0.00025066          0.00453834
   190   L1s      -9496.79113986          0.18072430          3.84319458          0.00031190          0.00566019
   191   L0s      -9496.79750161          0.17992849          3.33498118          0.00031190          0.00567275
   192   L1s      -9496.80031092          0.22212705          5.76759417          0.00013811          0.00251576
   193   L1s      -9496.80553460          0.14895811          1.43658979          0.00026334          0.00480751
   194   L0s      -9496.81096596          0.15738650          1.84571027          0.00026334          0.00479432
   195   L1s      -9496.81506758          0.22278242          6.53867124          0.00020090          0.00364876
   196   L1s      -9496.81758867          0.16062611          2.96803917          0.00012654          0.00228639
   197   L1s      -9496.82172502          0.17016721          3.89881696          0.00020867          0.00376107
   198   L1s      -9496.82377475          0.18255963          5.00180469          0.00010390          0.00187080
   199   L1s      -9496.82759983          0.16508333          3.45748966          0.00019474          0.00350987
   200   L1s      -9496.83291728          0.14194317          1.70172249          0.00027211          0.00490703
   201   L1s      -9496.83565547          0.22012275          6.13025423          0.00014107          0.00254113
   202   L0s      -9496.83855519          0.14145524          2.27310103          0.00014107          0.00252075
   203   L1s      -9496.84222819          0.17949955          3.76509412          0.00016426          0.00291965
   204   L1s      -9496.84436294          0.17910366          3.77917404          0.00009919          0.00175463
   205   L1s      -9496.84835584          0.14696579          3.43534250          0.00018639          0.00328367
   206   L1s      -9496.85121960          0.20050072          5.96446041          0.00013450          0.00236547
   207   L1s      -9496.85339650          0.15385389          3.19206527          0.00010260          0.00179866
   208   L1s      -9496.85722076          0.14076066          1.94404629          0.00018128          0.00315754
   209   L1s      -9496.85978985          0.21392285          4.93844724          0.00012260          0.00212897
   210   L1s      -9496.86304982          0.15451622          2.09825858          0.00015603          0.00269566
   211   L1s      -9496.86724468          0.20400263          6.06872325          0.00020206          0.00348991
   212   L1s      -9496.86911014          0.14312242          2.26725730          0.00009018          0.00156058
   213   L1s      -9496.87307227          0.13471158          2.76858982          0.00019307          0.00336316
   214   L1s      -9496.87546346          0.18543362          5.67282932          0.00011753          0.00205284
   215   L0s      -9496.87769372          0.17342700          3.85020320          0.00011753          0.00205656
   216   L1s      -9496.88149201          0.16988521          3.94302889          0.00020265          0.00353552
   217   L1s      -9496.88337729          0.18279703          4.53719995          0.00009435          0.00163993
   218   L1s      -9496.88753525          0.13867697          2.49496491          0.00020881          0.00359932
   219   L0s      -9496.89182969          0.16199418          2.95565000          0.00020881          0.00357961
   220   L1s      -9496.89401054          0.21037381          5.86624294          0.00010761          0.00183928
   221   L1s      -9496.89815639          0.14649989          1.94912042          0.00020986          0.00356463
   222   L0s      -9496.90262133          0.19507831          4.41229917          0.00020986          0.00354802
   223   L1s      -9496.90529003          0.18209051          3.53110773          0.00013055          0.00219609
   224   L1s      -9496.90965466          0.16636083          2.41028280          0.00023558          0.00394079
   225   L1s      -9496.91274460          0.22492845          5.19537884          0.00016754          0.00279655
   226   L0s      -9496.91576115          0.16518246          2.17873367          0.00016754          0.00279173
   227   L1s      -9496.92074675          0.14644992          1.59503662          0.00028307          0.00472157
   228   L1s      -9496.92395378          0.20942741          5.62896538          0.00017797          0.00296971
   229   L1s      -9496.92647846          0.14086485          1.89659962          0.00014043          0.00234375
   230   L1s      -9496.92957341          0.18444589          3.97550389          0.00017298          0.00288523
   231   L1s      -9496.93165370          0.17128857          3.68620931          0.00011660          0.00194290
   232   L1s      -9496.93488343          0.14179302          1.96771712          0.00018166          0.00302317
   233   L1s      -9496.93938551          0.15218723          2.88957492          0.00025448          0.00423336
   234   L1s      -9496.94127484          0.18897674          5.07758949          0.00010726          0.00178316
   235   L1s      -9496.94486544          0.13815970          2.03650106          0.00020444          0.00338488
   236   L1s      -9496.94670809          0.18704063          5.47422238          0.00010546          0.00174019
   237   L1s      -9496.94952232          0.13083361          1.43156208          0.00016152          0.00263737
   238   L1s      -9496.95270283          0.12819459          2.11365126          0.00018359          0.00296085
   239   L1s      -9496.95482491          0.16784753          4.44959353          0.00012327          0.00197537
   240   L1s      -9496.95653368          0.13821595          2.56705827          0.00009961          0.00158363
   241   L1s      -9496.95903245          0.14778420          3.60367749          0.00014648          0.00231645
   242   L1s      -9496.96062758          0.16673513          4.33558507          0.00009394          0.00147977
   243   L1s      -9496.96452176          0.13658343          1.69199298          0.00023020          0.00359900
   244   L0s      -9496.96868069          0.14052108          3.16239816          0.00023020          0.00355929
   245   L1s      -9496.96998417          0.15137963          4.12117477          0.00007288          0.00111573
   246   L1s      -9496.97307092          0.14836704          2.46031445          0.00018431          0.00278909
   247   L1s      -9496.97532413          0.18868407          5.66482641          0.00013505          0.00202827
   248   L1s      -9496.97812662          0.15141751          2.47750800          0.00016836          0.00249809
   249   L1s      -9496.98179438          0.13637509          1.80579865          0.00022108          0.00323086
   250   L1s      -9496.98421602          0.19589498          5.99672550          0.00014659          0.00212708
   251   L0s      -9496.98640132          0.15416146          2.23701725          0.00014659          0.00210764
   252   L1s      -9496.98938666          0.15892512          4.09292686          0.00021263          0.00303676
   253   L1s      -9496.99101372          0.14904452          3.45067617          0.00010540          0.00149695
   254   L1s      -9496.99395454          0.12677585          1.96673864          0.00019125          0.00271059
   255   L1s      -9496.99608681          0.14120483          3.05118436          0.00013942          0.00197644
   256   L1s      -9496.99772821          0.14714994          3.09235095          0.00010776          0.00152796
   257   L1s      -9497.00011381          0.11779976          1.50114989          0.00015719          0.00222302
   258   L1s      -9497.00276429          0.15779000          3.67875865          0.00017559          0.00247162
   259   L1s      -9497.00448169          0.14113164          2.82380160          0.00011410          0.00162913
   260   L1s      -9497.00692507          0.12903264          1.88610923          0.00016291          0.00236407
   261   L0s      -9497.00946392          0.14481689          3.54983310          0.00016291          0.00237560
   262   L1s      -9497.01104820          0.14524092          3.65210182          0.00010297          0.00150301
   263   L1s      -9497.01329892          0.13454511          2.36677691          0.00015316          0.00223003
   264   L1s      -9497.01484807          0.16170602          4.69782632          0.00010582          0.00154004
   265   L1s      -9497.01710958          0.12081198          1.39675133          0.00015490          0.00226782
   266   L1s      -9497.01911293          0.13787543          2.41875391          0.00013788          0.00203611
   267   L1s      -9497.02062515          0.13607695          2.68440736          0.00010446          0.00155717
   268   L1s      -9497.02263185          0.11593096          1.50276020          0.00013914          0.00209284
   269   L0s      -9497.02461152          0.12737745          2.96572661          0.00013914          0.00209700
   270   L1s      -9497.02576726          0.12342740          2.86821588          0.00008145          0.00122776
   271   L1s      -9497.02769776          0.10933014          1.83125496          0.00013546          0.00204555
   272   L1s      -9497.02905368          0.15123057          3.24837660          0.00009568          0.00144966
   273   L1s      -9497.03072157          0.12372844          1.89319799          0.00011804          0.00180482
   274   L0s      -9497.03238625          0.12806737          2.75874144          0.00011804          0.00182183
   275   L1s      -9497.03370472          0.13310420          2.83789615          0.00009387          0.00145865
   276   L1s      -9497.03573824          0.10589495          1.21104886          0.00014565          0.00226854
   277   L1s      -9497.03747764          0.13391900          3.22423698          0.00012527          0.00194844
   278   L1s      -9497.03866989          0.11126535          2.03102157          0.00008616          0.00133751
   279   L1s      -9497.04052779          0.11128380          1.80012869          0.00013495          0.00210322
   280   L1s      -9497.04190958          0.12094280          3.25306591          0.00010088          0.00158410
   281   L1s      -9497.04289029          0.10559335          2.09192574          0.00007190          0.00114241
   282   L1s      -9497.04420115          0.11200080          2.57555911          0.00009662          0.00154871
   283   L1s      -9497.04505023          0.11319243          2.84039181          0.00006289          0.00101355
   284   L1s      -9497.04662290          0.10025694          1.20943585          0.00011702          0.00188316
   285   L1s      -9497.04795937          0.12009071          2.70928767          0.00010002          0.00160377
   286   L1s      -9497.04888625          0.09080156          1.32078956          0.00006964          0.00110957
----------------------------------------------------------------------------------------------------------------

Minimization converged.

-------------------  Conjugate Gradient Minimizer Statistics -------------------
Iterations             =            286  Function Calls         =            534
--------------------------------------------------------------------------------
