
#-----------------------------------------------------------------------------#
#                                                                             #
#                                EasyHybrid                                   #
#                   - A pDynamo graphical user interface -                    #
#                                                                             #
#-----------------------------------------------------------------------------#
#                                                                             #
#     Developed by Jose Fernando R Bachega and Luis Fernando S M Timmers      #
#                            <ferbachega@gmail.com>                           #
#                                                                             #
#             visit: https://sites.google.com/site/EasyHybrid/                #
#                   Univesity of Sao Paulo - SP, Brazil                       #
#      Pontifical Catholic University of Rio Grande do Sul - RS, Brazil       #
#                                                                             #
#                                                                             #
#   EasyHybrid team:                               Special thanks to:         #
#   - Jose Fernando R Bachega           |         - Fernando V Maluf          #
#   - Michele Silva                     |                                     #
#   - Luis Fernando S M Timmers         |                                     #
#   - Martin Field                      |         - Leonardo R Bachega        #
#   - Troy Wymore                       |         - Lucas Assirati            #
#   - Osmar Norberto de Souza           |         - Richard Garratt           #
#   - Walter R Paixao-Cortes            |                                     #
#                                                                             #
#   Cite this work as:                                                        #
#   J.F.R. Bachega, L.F.S.M. Timmers, L.Assirati, L.B. Bachega, M.J. Field,   #
#   T. Wymore. J. Comput. Chem. 2013, 34, 2190-2196. DOI: 10.1002/jcc.23346   #
#                                                                             #
#-----------------------------------------------------------------------------#

Generated on Wed Jun  5 17:25:54 2019


--------------------------------------------------------------------------------
                       Summary for System "Pruned System"
--------------------------------------------------------------------------------

---------------------------- Atom Container Summary ----------------------------
Number of Atoms        =           2173  Number of Heavy Atoms  =           1040
Number of Hydrogens    =           1133  Number of Unknowns     =              0
--------------------------------------------------------------------------------

----------------------------- Connectivity Summary -----------------------------
Atoms                  =           2173
--------------------------------------------------------------------------------

------------------------------- Electronic State -------------------------------
Charge                 =             -1  Multiplicity           =              1
--------------------------------------------------------------------------------

--------------------------------------------------------------------------------
                    Summary for Energy Model "AMBER/AM1/ABFS"
--------------------------------------------------------------------------------

----------------------------------- Summary for MM Model "AMBER" -----------------------------------
LJ 1-4 Scaling                   =          0.500  El. 1-4 Scaling                  =          0.833
Number of MM Atoms               =           2173  Number of MM Atom Types          =             37
Number of Inactive MM Atoms      =             33  Total MM Charge                  =          -4.00
Harmonic Bond Terms              =           2169  Harmonic Bond Parameters         =             49
Harmonic Bond Inactive           =           1308  Fourier Improper Terms           =            320
Fourier Improper Parameters      =              3  Fourier Improper Inactive        =            164
Harmonic Angle Terms             =           3403  Harmonic Angle Parameters        =            103
Harmonic Angle Inactive          =           1938  Fourier Dihedral Terms           =           6697
Fourier Dihedral Parameters      =             48  Fourier Dihedral Inactive        =           3453
Exclusions                       =          10377  1-4 Interactions                 =           4805
LJ Parameters Form               =          AMBER  LJ Parameters Types              =             21
1-4 Lennard-Jones Form           =          AMBER  1-4 Lennard-Jones Types          =             21
----------------------------------------------------------------------------------------------------

-------------------------- Summary for QC Model "AM1" --------------------------
Number of QC Atoms     =             39  Boundary Atoms         =              6
Nuclear Charge         =            129  Orbital Functions      =            108
Fitting Functions      =              0  Energy Base Line       =      188.36370
QC Parameter Centers   =              6
--------------------------------------------------------------------------------

----------------------------- ABFS NB Model Summary ----------------------------
Dielectric             =       1.000000  El. 1-4 Scaling        =       0.833333
Damping Cutoff         =       0.500000  Inner Cutoff           =       8.000000
List Cutoff            =      13.500000  Outer Cutoff           =      12.000000
QC/MM Coupling         =    RC Coupling  Use Centering          =          False
--------------------------------------------------------------------------------

-------------------------- Pairlist Generator Summary --------------------------
Cell Size              =          6.750  Cutoff                 =         13.500
Cutoff Cell Size Factor =          0.500  Grid Cell/Cell Method  =           True
Minimum Cell Extent    =              2  Minimum Cell Size      =          3.000
Minimum Extent Factor  =          1.500  Minimum Points         =            500
Sort Indices           =          False
--------------------------------------------------------------------------------

----------------------- SoftConstraint Container Summary -----------------------
Multiple Distance      =              2
--------------------------------------------------------------------------------

---------------------------- Hard Constraint Container Summary ---------------------------
Number of Charge Constraints  =            0  Number of Fixed Atoms         =         1351
------------------------------------------------------------------------------------------

------------------------------- Sequence Summary -------------------------------
Number of Atoms            =       2173  Number of Components       =        213
Number of Entities         =          1  Number of Linear Polymers  =          0
Number of Links            =          0  Number of Variants         =          0
--------------------------------------------------------------------------------

-------------------------------  Conjugate Gradient Minimizer Options ------------------------------
Beta Type                        =              1  Initial Step                     =            0.1
Line Searcher                    =           None  Log Frequency                    =              1
Maximum Iterations               =           5000  Maximum Theta                    =          1e+10
Minimum Theta                    =          1e-10  RMS Gradient Tolerance           =            0.1
Steepest Descent Tolerance       =          0.001  Use Spectral Theta               =           True
----------------------------------------------------------------------------------------------------

----------------------------------------------------------------------------------------------------------------
  Iteration       Function          RMS Gradient        Max. |Grad.|          RMS Disp.         Max. |Disp.|
----------------------------------------------------------------------------------------------------------------
     0     I      -9474.26900399         39.43594880       1528.06796567          0.00201374          0.07802860
     1   L1s      -9511.71303298          3.10501763         81.30518791          0.00077327          0.02019211
     2   L1s      -9512.05619117          1.96969395         49.30550090          0.00008968          0.00268295
     3   L1s      -9512.65270996          1.80008242         45.08299720          0.00029264          0.01024740
     4   L1s      -9513.27800821          1.08076065         27.20589397          0.00041142          0.01003834
     5   L1s      -9513.38070856          1.23675674         31.04128737          0.00010248          0.00209075
     6   L1s      -9513.45777645          0.72483754         20.44194600          0.00009182          0.00224511
     7   L1s      -9513.56715102          0.66257579         13.56066886          0.00017910          0.00428522
     8   L1s      -9513.69368899          0.68196627         16.26211498          0.00025884          0.00614921
     9   L1s      -9513.73261498          0.56354643         12.97618339          0.00009219          0.00190078
    10   L1s      -9513.75098781          0.49112888         10.48203818          0.00005089          0.00082889
    11   L1s      -9513.78969685          0.48414431         11.59346731          0.00012487          0.00212658
    12   L1s      -9513.80224100          0.45983841         12.52598992          0.00004556          0.00077142
    13   L1s      -9513.83100840          0.26560543          4.34337254          0.00011614          0.00179435
    14   L1s      -9513.84820795          0.28286856          4.39691502          0.00008689          0.00122602
    15   L0s      -9513.86283196          0.29499919          5.28635357          0.00008689          0.00118902
    16   L1s      -9513.87209697          0.36998569          8.83463711          0.00006030          0.00082238
    17   L1s      -9513.87877832          0.21688962          3.18144408          0.00004538          0.00063821
    18   L1s      -9513.88801993          0.18919143          3.83153151          0.00007159          0.00109327
    19   L0s      -9513.89591870          0.21916817          4.67911784          0.00007159          0.00107238
    20   L1s      -9513.89944415          0.23559844          6.82460595          0.00003422          0.00046013
    21   L1s      -9513.90397288          0.14541300          2.17332713          0.00004587          0.00076297
    22   L1s      -9513.90729358          0.26081984          8.09999733          0.00003839          0.00065272
    23   L1s      -9513.91159910          0.16358946          3.14990126          0.00005154          0.00081584
    24   L1s      -9513.91685396          0.14301070          1.97826117          0.00006809          0.00104698
    25   L0s      -9513.92153394          0.16637936          3.42765025          0.00006809          0.00101191
    26   L1s      -9513.92399631          0.18447246          5.00529782          0.00003741          0.00051749
    27   L1s      -9513.92588513          0.14251770          2.09972906          0.00002930          0.00039220
    28   L1s      -9513.93047351          0.15195784          3.26026664          0.00007582          0.00097107
    29   L1s      -9513.93229177          0.18250251          5.21984953          0.00003157          0.00038636
    30   L1s      -9513.93625366          0.14279460          1.79179857          0.00007101          0.00078551
    31   L0s      -9513.93996424          0.18048669          3.86655293          0.00007101          0.00075273
    32   L1s      -9513.94143149          0.13881305          2.31808028          0.00002864          0.00028879
    33   L1s      -9513.94410104          0.12239017          2.22071714          0.00005297          0.00052335
    34   L0s      -9513.94684828          0.11103930          1.39160105          0.00005297          0.00052053
    35   L0s      -9513.94946001          0.15815173          3.94679087          0.00005297          0.00052090
    36   L1s      -9513.95076684          0.13518321          2.82195497          0.00002841          0.00028031
    37   L1s      -9513.95388786          0.14836643          3.04769232          0.00007114          0.00069392
    38   L1s      -9513.95562213          0.17756079          5.23061314          0.00004066          0.00039150
    39   L1s      -9513.95926257          0.12943930          1.53327677          0.00008695          0.00080861
    40   L1s      -9513.96216093          0.12690267          2.26134620          0.00007156          0.00065742
    41   L1s      -9513.96536026          0.13067895          1.36690027          0.00008157          0.00077093
    42   L1s      -9513.96815374          0.22102904          5.23853167          0.00007331          0.00070072
    43   L0s      -9513.97074245          0.15284575          2.72206048          0.00007331          0.00071754
    44   L1s      -9513.97455831          0.13428032          1.58431325          0.00011717          0.00111770
    45   L1s      -9513.97749875          0.18546026          4.58212038          0.00008470          0.00077381
    46   L1s      -9513.97920132          0.13937807          2.46465626          0.00004961          0.00040399
    47   L1s      -9513.98256677          0.15045803          2.06032220          0.00009999          0.00074012
    48   L1s      -9513.98521272          0.18625378          5.95710245          0.00007990          0.00060984
    49   L1s      -9513.98747129          0.15438248          2.65582025          0.00006890          0.00055098
    50   L1s      -9513.99110392          0.15032769          3.50058575          0.00011244          0.00092235
    51   L1s      -9513.99243229          0.15247920          3.41004131          0.00004173          0.00034809
    52   L1s      -9513.99546252          0.11617044          1.47448328          0.00009656          0.00080859
    53   L0s      -9513.99820628          0.15959635          3.02304852          0.00009656          0.00080328
    54   L1s      -9513.99951611          0.15006600          2.50079243          0.00004492          0.00036836
    55   L1s      -9514.00228138          0.14063056          2.26010018          0.00008866          0.00070815
    56   L1s      -9514.00580733          0.12885187          1.71972800          0.00011487          0.00087721
    57   L1s      -9514.00782750          0.19877922          4.54407620          0.00006701          0.00050117
    58   L1s      -9514.01038003          0.13022341          2.11706291          0.00008531          0.00067019
    59   L0s      -9514.01302460          0.10662062          1.52583461          0.00008531          0.00074399
    60   L1s      -9514.01534778          0.17534793          5.05509804          0.00007526          0.00067451
    61   L1s      -9514.01702830          0.13274820          2.47389545          0.00005600          0.00051913
    62   L1s      -9514.01916293          0.12990826          2.59605511          0.00007230          0.00068449
    63   L1s      -9514.02058857          0.15587374          4.11371113          0.00004909          0.00046892
    64   L1s      -9514.02288537          0.11986701          1.41279046          0.00007999          0.00076259
    65   L1s      -9514.02599567          0.12305010          1.52320480          0.00011035          0.00101009
    66   L1s      -9514.02738859          0.16029173          3.85772334          0.00005026          0.00044597
    67   L1s      -9514.02903171          0.09443129          1.21031429          0.00005987          0.00047793
----------------------------------------------------------------------------------------------------------------

Minimization converged.

-------------------  Conjugate Gradient Minimizer Statistics -------------------
Iterations             =             67  Function Calls         =            126
--------------------------------------------------------------------------------
