
#-----------------------------------------------------------------------------#
#                                                                             #
#                                EasyHybrid                                   #
#                   - A pDynamo graphical user interface -                    #
#                                                                             #
#-----------------------------------------------------------------------------#
#                                                                             #
#     Developed by Jose Fernando R Bachega and Luis Fernando S M Timmers      #
#                            <ferbachega@gmail.com>                           #
#                                                                             #
#             visit: https://sites.google.com/site/EasyHybrid/                #
#                   Univesity of Sao Paulo - SP, Brazil                       #
#      Pontifical Catholic University of Rio Grande do Sul - RS, Brazil       #
#                                                                             #
#                                                                             #
#   EasyHybrid team:                               Special thanks to:         #
#   - Jose Fernando R Bachega           |         - Fernando V Maluf          #
#   - Michele Silva                     |                                     #
#   - Luis Fernando S M Timmers         |                                     #
#   - Martin Field                      |         - Leonardo R Bachega        #
#   - Troy Wymore                       |         - Lucas Assirati            #
#   - Osmar Norberto de Souza           |         - Richard Garratt           #
#   - Walter R Paixao-Cortes            |                                     #
#                                                                             #
#   Cite this work as:                                                        #
#   J.F.R. Bachega, L.F.S.M. Timmers, L.Assirati, L.B. Bachega, M.J. Field,   #
#   T. Wymore. J. Comput. Chem. 2013, 34, 2190-2196. DOI: 10.1002/jcc.23346   #
#                                                                             #
#-----------------------------------------------------------------------------#

Generated on Wed Jun  5 17:22:49 2019


--------------------------------------------------------------------------------
                       Summary for System "Pruned System"
--------------------------------------------------------------------------------

---------------------------- Atom Container Summary ----------------------------
Number of Atoms        =           2173  Number of Heavy Atoms  =           1040
Number of Hydrogens    =           1133  Number of Unknowns     =              0
--------------------------------------------------------------------------------

----------------------------- Connectivity Summary -----------------------------
Atoms                  =           2173
--------------------------------------------------------------------------------

------------------------------- Electronic State -------------------------------
Charge                 =             -1  Multiplicity           =              1
--------------------------------------------------------------------------------

--------------------------------------------------------------------------------
                    Summary for Energy Model "AMBER/AM1/ABFS"
--------------------------------------------------------------------------------

----------------------------------- Summary for MM Model "AMBER" -----------------------------------
LJ 1-4 Scaling                   =          0.500  El. 1-4 Scaling                  =          0.833
Number of MM Atoms               =           2173  Number of MM Atom Types          =             37
Number of Inactive MM Atoms      =             33  Total MM Charge                  =          -4.00
Harmonic Bond Terms              =           2169  Harmonic Bond Parameters         =             49
Harmonic Bond Inactive           =           1308  Fourier Improper Terms           =            320
Fourier Improper Parameters      =              3  Fourier Improper Inactive        =            164
Harmonic Angle Terms             =           3403  Harmonic Angle Parameters        =            103
Harmonic Angle Inactive          =           1938  Fourier Dihedral Terms           =           6697
Fourier Dihedral Parameters      =             48  Fourier Dihedral Inactive        =           3453
Exclusions                       =          10377  1-4 Interactions                 =           4805
LJ Parameters Form               =          AMBER  LJ Parameters Types              =             21
1-4 Lennard-Jones Form           =          AMBER  1-4 Lennard-Jones Types          =             21
----------------------------------------------------------------------------------------------------

-------------------------- Summary for QC Model "AM1" --------------------------
Number of QC Atoms     =             39  Boundary Atoms         =              6
Nuclear Charge         =            129  Orbital Functions      =            108
Fitting Functions      =              0  Energy Base Line       =      188.36370
QC Parameter Centers   =              6
--------------------------------------------------------------------------------

----------------------------- ABFS NB Model Summary ----------------------------
Dielectric             =       1.000000  El. 1-4 Scaling        =       0.833333
Damping Cutoff         =       0.500000  Inner Cutoff           =       8.000000
List Cutoff            =      13.500000  Outer Cutoff           =      12.000000
QC/MM Coupling         =    RC Coupling  Use Centering          =          False
--------------------------------------------------------------------------------

-------------------------- Pairlist Generator Summary --------------------------
Cell Size              =          6.750  Cutoff                 =         13.500
Cutoff Cell Size Factor =          0.500  Grid Cell/Cell Method  =           True
Minimum Cell Extent    =              2  Minimum Cell Size      =          3.000
Minimum Extent Factor  =          1.500  Minimum Points         =            500
Sort Indices           =          False
--------------------------------------------------------------------------------

----------------------- SoftConstraint Container Summary -----------------------
Multiple Distance      =              2
--------------------------------------------------------------------------------

---------------------------- Hard Constraint Container Summary ---------------------------
Number of Charge Constraints  =            0  Number of Fixed Atoms         =         1351
------------------------------------------------------------------------------------------

------------------------------- Sequence Summary -------------------------------
Number of Atoms            =       2173  Number of Components       =        213
Number of Entities         =          1  Number of Linear Polymers  =          0
Number of Links            =          0  Number of Variants         =          0
--------------------------------------------------------------------------------

-------------------------------  Conjugate Gradient Minimizer Options ------------------------------
Beta Type                        =              1  Initial Step                     =            0.1
Line Searcher                    =           None  Log Frequency                    =              1
Maximum Iterations               =           5000  Maximum Theta                    =          1e+10
Minimum Theta                    =          1e-10  RMS Gradient Tolerance           =            0.1
Steepest Descent Tolerance       =          0.001  Use Spectral Theta               =           True
----------------------------------------------------------------------------------------------------

----------------------------------------------------------------------------------------------------------------
  Iteration       Function          RMS Gradient        Max. |Grad.|          RMS Disp.         Max. |Disp.|
----------------------------------------------------------------------------------------------------------------
     0     I      -9512.65776012         39.39061430       1380.71021946          0.00201374          0.07058513
     1   L1s      -9549.84925908          4.02583445        125.93171894          0.00076229          0.02366144
     2   L1s      -9550.37371568          2.12281651         48.09365450          0.00010594          0.00214868
     3   L1s      -9550.86831679          1.34356921         28.71339590          0.00021425          0.00552092
     4   L1s      -9551.28925959          1.10625986         26.77649931          0.00031264          0.00489957
     5   L1s      -9551.48927464          1.47386886         43.43567315          0.00020639          0.00325595
     6   L1s      -9551.58115788          0.91551478         14.07399816          0.00010759          0.00167186
     7   L1s      -9551.67798855          0.82666544         24.77141068          0.00014236          0.00210205
     8   L1s      -9551.71643173          0.75880835         14.88536308          0.00006794          0.00095501
     9   L1s      -9551.81536227          0.62318790         12.92922038          0.00020439          0.00281079
    10   L1s      -9551.87596780          0.58223582         13.46125257          0.00014800          0.00204065
    11   L0s      -9551.93243212          0.49369836          9.14054222          0.00014800          0.00205922
    12   L1s      -9551.94839647          0.56177911         14.68813354          0.00004915          0.00077794
    13   L1s      -9551.99409279          0.55113730         10.40784819          0.00016176          0.00274531
    14   L1s      -9552.01368105          0.53552770         16.40681963          0.00007509          0.00133147
    15   L1s      -9552.03898097          0.40237469          5.84876175          0.00010428          0.00189280
    16   L1s      -9552.07437708          0.31954782          4.05375831          0.00016227          0.00283119
    17   L1s      -9552.08859330          0.46925185         12.82405261          0.00007456          0.00126841
    18   L0s      -9552.10178352          0.43114784          7.67948997          0.00007456          0.00122114
    19   L1s      -9552.12213669          0.31379447          5.78462224          0.00012139          0.00177746
    20   L1s      -9552.13026637          0.35869383          9.20542500          0.00005137          0.00069270
    21   L1s      -9552.14116886          0.25904789          4.39411661          0.00007317          0.00096550
    22   L1s      -9552.15516224          0.28786901          4.71923055          0.00010360          0.00140270
    23   L1s      -9552.16032425          0.32547156          7.00891373          0.00004089          0.00055482
    24   L1s      -9552.17221812          0.26572232          5.98960110          0.00009877          0.00131874
    25   L1s      -9552.18077805          0.22790655          3.90687969          0.00007569          0.00099763
    26   L1s      -9552.18538382          0.29449772          8.13208340          0.00004391          0.00056529
    27   L1s      -9552.19576482          0.21910277          2.95755964          0.00010302          0.00124787
    28   L1s      -9552.20110217          0.30969693          6.83686288          0.00005655          0.00069243
    29   L0s      -9552.20649096          0.19439064          2.45728740          0.00005655          0.00070698
    30   L1s      -9552.21334576          0.19938735          3.37701286          0.00007367          0.00094112
    31   L0s      -9552.21992984          0.21107737          5.00022597          0.00007367          0.00095648
    32   L1s      -9552.22304563          0.22254053          6.21346928          0.00003723          0.00049331
    33   L1s      -9552.22846427          0.19833452          3.62733484          0.00007058          0.00096087
    34   L1s      -9552.23088244          0.20487415          5.15035853          0.00003302          0.00045967
    35   L1s      -9552.23532198          0.15617365          2.16733800          0.00006311          0.00089531
    36   L1s      -9552.24048771          0.17105887          3.26474699          0.00007818          0.00110964
    37   L1s      -9552.24316411          0.20963203          6.31896676          0.00004245          0.00060293
    38   L1s      -9552.24617334          0.16050892          2.59059130          0.00004913          0.00070222
    39   L0s      -9552.24879387          0.22540423          6.32670933          0.00004913          0.00070876
    40   L0s      -9552.25168171          0.15334505          2.56835906          0.00004913          0.00070533
    41   L0s      -9552.25524676          0.14427839          2.19425411          0.00004913          0.00069952
    42   L1s      -9552.25713040          0.20971158          5.48356330          0.00002931          0.00041523
    43   L1s      -9552.26086422          0.14250330          2.13189427          0.00006016          0.00083358
    44   L1s      -9552.26333739          0.19750800          4.75077180          0.00004225          0.00057795
    45   L0s      -9552.26581512          0.13784221          2.04934136          0.00004225          0.00055912
    46   L1s      -9552.26910370          0.19472931          6.27915573          0.00005780          0.00074935
    47   L1s      -9552.27075708          0.13901995          2.57271968          0.00003021          0.00037522
    48   L1s      -9552.27370510          0.14342061          3.73863618          0.00005655          0.00069316
    49   L1s      -9552.27623749          0.19721127          6.55710479          0.00005065          0.00062766
    50   L1s      -9552.27832517          0.12512011          2.40692661          0.00004263          0.00053750
    51   L1s      -9552.28008536          0.16503398          5.18932330          0.00003771          0.00047785
    52   L1s      -9552.28157331          0.11748033          2.00917822          0.00003271          0.00041607
    53   L1s      -9552.28447594          0.12215438          2.32636063          0.00006688          0.00085078
    54   L1s      -9552.28543032          0.13985945          3.49322359          0.00002288          0.00029185
    55   L1s      -9552.28719568          0.10047306          1.72917947          0.00004355          0.00056542
    56   L1s      -9552.28815340          0.12611517          3.07686218          0.00002486          0.00032663
    57   L1s      -9552.28930923          0.09560324          2.08064637          0.00003090          0.00041184
----------------------------------------------------------------------------------------------------------------

Minimization converged.

-------------------  Conjugate Gradient Minimizer Statistics -------------------
Iterations             =             57  Function Calls         =            107
--------------------------------------------------------------------------------
