
#-----------------------------------------------------------------------------#
#                                                                             #
#                                EasyHybrid                                   #
#                   - A pDynamo graphical user interface -                    #
#                                                                             #
#-----------------------------------------------------------------------------#
#                                                                             #
#     Developed by Jose Fernando R Bachega and Luis Fernando S M Timmers      #
#                            <ferbachega@gmail.com>                           #
#                                                                             #
#             visit: https://sites.google.com/site/EasyHybrid/                #
#                   Univesity of Sao Paulo - SP, Brazil                       #
#      Pontifical Catholic University of Rio Grande do Sul - RS, Brazil       #
#                                                                             #
#                                                                             #
#   EasyHybrid team:                               Special thanks to:         #
#   - Jose Fernando R Bachega           |         - Fernando V Maluf          #
#   - Michele Silva                     |                                     #
#   - Luis Fernando S M Timmers         |                                     #
#   - Martin Field                      |         - Leonardo R Bachega        #
#   - Troy Wymore                       |         - Lucas Assirati            #
#   - Osmar Norberto de Souza           |         - Richard Garratt           #
#   - Walter R Paixao-Cortes            |                                     #
#                                                                             #
#   Cite this work as:                                                        #
#   J.F.R. Bachega, L.F.S.M. Timmers, L.Assirati, L.B. Bachega, M.J. Field,   #
#   T. Wymore. J. Comput. Chem. 2013, 34, 2190-2196. DOI: 10.1002/jcc.23346   #
#                                                                             #
#-----------------------------------------------------------------------------#

Generated on Wed Jun  5 17:31:27 2019


--------------------------------------------------------------------------------
                       Summary for System "Pruned System"
--------------------------------------------------------------------------------

---------------------------- Atom Container Summary ----------------------------
Number of Atoms        =           2173  Number of Heavy Atoms  =           1040
Number of Hydrogens    =           1133  Number of Unknowns     =              0
--------------------------------------------------------------------------------

----------------------------- Connectivity Summary -----------------------------
Atoms                  =           2173
--------------------------------------------------------------------------------

------------------------------- Electronic State -------------------------------
Charge                 =             -1  Multiplicity           =              1
--------------------------------------------------------------------------------

--------------------------------------------------------------------------------
                    Summary for Energy Model "AMBER/AM1/ABFS"
--------------------------------------------------------------------------------

----------------------------------- Summary for MM Model "AMBER" -----------------------------------
LJ 1-4 Scaling                   =          0.500  El. 1-4 Scaling                  =          0.833
Number of MM Atoms               =           2173  Number of MM Atom Types          =             37
Number of Inactive MM Atoms      =             33  Total MM Charge                  =          -4.00
Harmonic Bond Terms              =           2169  Harmonic Bond Parameters         =             49
Harmonic Bond Inactive           =           1308  Fourier Improper Terms           =            320
Fourier Improper Parameters      =              3  Fourier Improper Inactive        =            164
Harmonic Angle Terms             =           3403  Harmonic Angle Parameters        =            103
Harmonic Angle Inactive          =           1938  Fourier Dihedral Terms           =           6697
Fourier Dihedral Parameters      =             48  Fourier Dihedral Inactive        =           3453
Exclusions                       =          10377  1-4 Interactions                 =           4805
LJ Parameters Form               =          AMBER  LJ Parameters Types              =             21
1-4 Lennard-Jones Form           =          AMBER  1-4 Lennard-Jones Types          =             21
----------------------------------------------------------------------------------------------------

-------------------------- Summary for QC Model "AM1" --------------------------
Number of QC Atoms     =             39  Boundary Atoms         =              6
Nuclear Charge         =            129  Orbital Functions      =            108
Fitting Functions      =              0  Energy Base Line       =      188.36370
QC Parameter Centers   =              6
--------------------------------------------------------------------------------

----------------------------- ABFS NB Model Summary ----------------------------
Dielectric             =       1.000000  El. 1-4 Scaling        =       0.833333
Damping Cutoff         =       0.500000  Inner Cutoff           =       8.000000
List Cutoff            =      13.500000  Outer Cutoff           =      12.000000
QC/MM Coupling         =    RC Coupling  Use Centering          =          False
--------------------------------------------------------------------------------

-------------------------- Pairlist Generator Summary --------------------------
Cell Size              =          6.750  Cutoff                 =         13.500
Cutoff Cell Size Factor =          0.500  Grid Cell/Cell Method  =           True
Minimum Cell Extent    =              2  Minimum Cell Size      =          3.000
Minimum Extent Factor  =          1.500  Minimum Points         =            500
Sort Indices           =          False
--------------------------------------------------------------------------------

----------------------- SoftConstraint Container Summary -----------------------
Multiple Distance      =              2
--------------------------------------------------------------------------------

---------------------------- Hard Constraint Container Summary ---------------------------
Number of Charge Constraints  =            0  Number of Fixed Atoms         =         1351
------------------------------------------------------------------------------------------

------------------------------- Sequence Summary -------------------------------
Number of Atoms            =       2173  Number of Components       =        213
Number of Entities         =          1  Number of Linear Polymers  =          0
Number of Links            =          0  Number of Variants         =          0
--------------------------------------------------------------------------------

-------------------------------  Conjugate Gradient Minimizer Options ------------------------------
Beta Type                        =              1  Initial Step                     =            0.1
Line Searcher                    =           None  Log Frequency                    =              1
Maximum Iterations               =           5000  Maximum Theta                    =          1e+10
Minimum Theta                    =          1e-10  RMS Gradient Tolerance           =            0.1
Steepest Descent Tolerance       =          0.001  Use Spectral Theta               =           True
----------------------------------------------------------------------------------------------------

----------------------------------------------------------------------------------------------------------------
  Iteration       Function          RMS Gradient        Max. |Grad.|          RMS Disp.         Max. |Disp.|
----------------------------------------------------------------------------------------------------------------
     0     I      -9477.16196004         38.86001247       1521.46037363          0.00201374          0.07884264
     1   L1s      -9512.56340895          4.29004666        103.76768513          0.00074173          0.01783583
     2   L1s      -9513.23505361          2.95252771         73.01360944          0.00012778          0.00378870
     3   L1s      -9514.98078335          2.55999882         67.10095398          0.00058378          0.01812537
     4   L1s      -9515.76669108          1.39628141         30.96419327          0.00035911          0.00681857
     5   L1s      -9515.94792713          1.99993205         47.98990077          0.00013258          0.00282106
     6   L1s      -9516.21525164          1.15779193         24.85219817          0.00022362          0.00425520
     7   L0s      -9516.44203311          1.17318841         28.23466632          0.00022362          0.00463955
     8   L1s      -9516.54239175          1.23070535         28.57355576          0.00012365          0.00282869
     9   L1s      -9516.77227952          0.60299436         14.03384171          0.00034087          0.00619894
    10   L1s      -9516.80233692          0.77437283         18.50818928          0.00006084          0.00132388
    11   L1s      -9516.84369943          0.56143805          9.29729654          0.00009423          0.00190477
    12   L0s      -9516.88005115          0.62297282         16.05860736          0.00009423          0.00161197
    13   L1s      -9516.90300819          0.42086530          7.23734184          0.00006746          0.00125687
    14   L1s      -9516.93599529          0.39644751          7.82046486          0.00012240          0.00229991
    15   L1s      -9516.95022685          0.47064081         14.01628000          0.00006035          0.00112673
    16   L1s      -9516.96721121          0.37005070          7.15800218          0.00007775          0.00140507
    17   L1s      -9516.98043978          0.49461366         12.74346453          0.00006712          0.00119896
    18   L1s      -9516.99593850          0.30579203          5.47345195          0.00008264          0.00149643
    19   L0s      -9517.00922276          0.32084649          7.48682935          0.00008264          0.00129932
    20   L1s      -9517.01531224          0.28017303          5.69704048          0.00004050          0.00059249
    21   L1s      -9517.02524823          0.24387789          4.59398250          0.00006908          0.00103319
    22   L0s      -9517.03433307          0.33576796         10.25850932          0.00006908          0.00105311
    23   L1s      -9517.03953731          0.20807532          3.68837768          0.00004179          0.00069883
    24   L0s      -9517.04433698          0.24051713          6.81218713          0.00004179          0.00069481
    25   L0s      -9517.04864436          0.22156067          3.84426237          0.00004179          0.00065467
    26   L1s      -9517.05478622          0.18529517          3.07958072          0.00006697          0.00097180
    27   L1s      -9517.05905231          0.24423259          5.73869386          0.00004907          0.00073673
    28   L0s      -9517.06354468          0.17025024          2.59958923          0.00004907          0.00075513
    29   L0s      -9517.06833988          0.17675113          3.55219496          0.00004907          0.00072878
    30   L1s      -9517.07058343          0.20593346          5.13160155          0.00002686          0.00040363
    31   L1s      -9517.07482679          0.16326772          2.72400175          0.00005625          0.00090574
    32   L1s      -9517.07744193          0.21081217          5.33216973          0.00003703          0.00062109
    33   L1s      -9517.08146072          0.16708622          2.64961365          0.00005897          0.00107979
    34   L1s      -9517.08588650          0.16511136          2.27824788          0.00006838          0.00133465
    35   L1s      -9517.08914863          0.22166955          6.83769872          0.00005291          0.00106902
    36   L0s      -9517.09250139          0.15255874          1.98150893          0.00005291          0.00109599
    37   L0s      -9517.09578023          0.23143651          6.38595164          0.00005291          0.00113041
    38   L1s      -9517.09846477          0.16874275          2.47901069          0.00004470          0.00101831
    39   L1s      -9517.10534641          0.15311963          2.41848438          0.00011566          0.00274849
    40   L1s      -9517.10912795          0.23327357          7.71646654          0.00006657          0.00156634
    41   L1s      -9517.11243794          0.20501493          3.47671969          0.00005938          0.00133551
    42   L1s      -9517.11768098          0.23000312          6.89806802          0.00009638          0.00217690
    43   L1s      -9517.12007925          0.16251024          2.88502209          0.00004482          0.00104512
    44   L1s      -9517.12590611          0.14712828          1.79801363          0.00011276          0.00244988
    45   L1s      -9517.12972847          0.18915398          5.54060068          0.00007696          0.00165974
    46   L1s      -9517.13146123          0.16510648          3.14923371          0.00003569          0.00076846
    47   L1s      -9517.13554880          0.18468600          3.96547647          0.00008652          0.00192513
    48   L1s      -9517.13797811          0.18968044          4.58721471          0.00005249          0.00119548
    49   L1s      -9517.14136611          0.14912027          2.17369291          0.00007465          0.00163464
    50   L1s      -9517.14557286          0.14111498          2.95994265          0.00009559          0.00207056
    51   L1s      -9517.14669268          0.15707835          3.14333227          0.00002627          0.00056540
    52   L1s      -9517.15020728          0.14769680          2.19482481          0.00008441          0.00186833
    53   L1s      -9517.15329722          0.17811433          4.29062563          0.00007616          0.00163689
    54   L1s      -9517.15510098          0.13868211          2.81358695          0.00004520          0.00087236
    55   L1s      -9517.15786073          0.12258804          1.79876841          0.00007104          0.00129289
    56   L1s      -9517.15906762          0.16459162          3.36570155          0.00003209          0.00057041
    57   L1s      -9517.16125087          0.10838902          1.25885416          0.00005904          0.00103948
    58   L0s      -9517.16331401          0.11875548          2.14900524          0.00005904          0.00096470
    59   L1s      -9517.16509618          0.17251949          4.91871926          0.00005222          0.00082078
    60   L0s      -9517.16700571          0.10951739          1.37900607          0.00005222          0.00080776
    61   L1s      -9517.16867195          0.17090022          5.11839569          0.00004239          0.00065225
    62   L0s      -9517.17023165          0.11052351          1.93745313          0.00004239          0.00063642
    63   L1s      -9517.17270422          0.10337401          1.86659027          0.00007163          0.00094993
    64   L1s      -9517.17351112          0.12392717          3.50924213          0.00002367          0.00029509
    65   L1s      -9517.17528426          0.10506178          1.22586994          0.00005329          0.00062138
    66   L0s      -9517.17711945          0.14201546          3.60769422          0.00005329          0.00060082
    67   L1s      -9517.17824459          0.11979403          2.48299809          0.00003436          0.00036725
    68   L1s      -9517.18029072          0.11265874          2.34723620          0.00006998          0.00083705
    69   L1s      -9517.18141945          0.13960899          4.13774851          0.00003944          0.00040986
    70   L1s      -9517.18294068          0.10467043          1.29890410          0.00005389          0.00052191
    71   L1s      -9517.18477967          0.13851899          2.95471521          0.00006668          0.00064529
    72   L1s      -9517.18564796          0.10260273          2.21456498          0.00003190          0.00031417
    73   L1s      -9517.18729134          0.08989889          1.44995902          0.00006175          0.00064845
----------------------------------------------------------------------------------------------------------------

Minimization converged.

-------------------  Conjugate Gradient Minimizer Statistics -------------------
Iterations             =             73  Function Calls         =            133
--------------------------------------------------------------------------------
