
#-----------------------------------------------------------------------------#
#                                                                             #
#                                EasyHybrid                                   #
#                   - A pDynamo graphical user interface -                    #
#                                                                             #
#-----------------------------------------------------------------------------#
#                                                                             #
#     Developed by Jose Fernando R Bachega and Luis Fernando S M Timmers      #
#                            <ferbachega@gmail.com>                           #
#                                                                             #
#             visit: https://sites.google.com/site/EasyHybrid/                #
#                   Univesity of Sao Paulo - SP, Brazil                       #
#      Pontifical Catholic University of Rio Grande do Sul - RS, Brazil       #
#                                                                             #
#                                                                             #
#   EasyHybrid team:                               Special thanks to:         #
#   - Jose Fernando R Bachega           |         - Fernando V Maluf          #
#   - Michele Silva                     |                                     #
#   - Luis Fernando S M Timmers         |                                     #
#   - Martin Field                      |         - Leonardo R Bachega        #
#   - Troy Wymore                       |         - Lucas Assirati            #
#   - Osmar Norberto de Souza           |         - Richard Garratt           #
#   - Walter R Paixao-Cortes            |                                     #
#                                                                             #
#   Cite this work as:                                                        #
#   J.F.R. Bachega, L.F.S.M. Timmers, L.Assirati, L.B. Bachega, M.J. Field,   #
#   T. Wymore. J. Comput. Chem. 2013, 34, 2190-2196. DOI: 10.1002/jcc.23346   #
#                                                                             #
#-----------------------------------------------------------------------------#

Generated on Wed Jun  5 17:32:50 2019


--------------------------------------------------------------------------------
                       Summary for System "Pruned System"
--------------------------------------------------------------------------------

---------------------------- Atom Container Summary ----------------------------
Number of Atoms        =           2173  Number of Heavy Atoms  =           1040
Number of Hydrogens    =           1133  Number of Unknowns     =              0
--------------------------------------------------------------------------------

----------------------------- Connectivity Summary -----------------------------
Atoms                  =           2173
--------------------------------------------------------------------------------

------------------------------- Electronic State -------------------------------
Charge                 =             -1  Multiplicity           =              1
--------------------------------------------------------------------------------

--------------------------------------------------------------------------------
                    Summary for Energy Model "AMBER/AM1/ABFS"
--------------------------------------------------------------------------------

----------------------------------- Summary for MM Model "AMBER" -----------------------------------
LJ 1-4 Scaling                   =          0.500  El. 1-4 Scaling                  =          0.833
Number of MM Atoms               =           2173  Number of MM Atom Types          =             37
Number of Inactive MM Atoms      =             33  Total MM Charge                  =          -4.00
Harmonic Bond Terms              =           2169  Harmonic Bond Parameters         =             49
Harmonic Bond Inactive           =           1308  Fourier Improper Terms           =            320
Fourier Improper Parameters      =              3  Fourier Improper Inactive        =            164
Harmonic Angle Terms             =           3403  Harmonic Angle Parameters        =            103
Harmonic Angle Inactive          =           1938  Fourier Dihedral Terms           =           6697
Fourier Dihedral Parameters      =             48  Fourier Dihedral Inactive        =           3453
Exclusions                       =          10377  1-4 Interactions                 =           4805
LJ Parameters Form               =          AMBER  LJ Parameters Types              =             21
1-4 Lennard-Jones Form           =          AMBER  1-4 Lennard-Jones Types          =             21
----------------------------------------------------------------------------------------------------

-------------------------- Summary for QC Model "AM1" --------------------------
Number of QC Atoms     =             39  Boundary Atoms         =              6
Nuclear Charge         =            129  Orbital Functions      =            108
Fitting Functions      =              0  Energy Base Line       =      188.36370
QC Parameter Centers   =              6
--------------------------------------------------------------------------------

----------------------------- ABFS NB Model Summary ----------------------------
Dielectric             =       1.000000  El. 1-4 Scaling        =       0.833333
Damping Cutoff         =       0.500000  Inner Cutoff           =       8.000000
List Cutoff            =      13.500000  Outer Cutoff           =      12.000000
QC/MM Coupling         =    RC Coupling  Use Centering          =          False
--------------------------------------------------------------------------------

-------------------------- Pairlist Generator Summary --------------------------
Cell Size              =          6.750  Cutoff                 =         13.500
Cutoff Cell Size Factor =          0.500  Grid Cell/Cell Method  =           True
Minimum Cell Extent    =              2  Minimum Cell Size      =          3.000
Minimum Extent Factor  =          1.500  Minimum Points         =            500
Sort Indices           =          False
--------------------------------------------------------------------------------

----------------------- SoftConstraint Container Summary -----------------------
Multiple Distance      =              2
--------------------------------------------------------------------------------

---------------------------- Hard Constraint Container Summary ---------------------------
Number of Charge Constraints  =            0  Number of Fixed Atoms         =         1351
------------------------------------------------------------------------------------------

------------------------------- Sequence Summary -------------------------------
Number of Atoms            =       2173  Number of Components       =        213
Number of Entities         =          1  Number of Linear Polymers  =          0
Number of Links            =          0  Number of Variants         =          0
--------------------------------------------------------------------------------

-------------------------------  Conjugate Gradient Minimizer Options ------------------------------
Beta Type                        =              1  Initial Step                     =            0.1
Line Searcher                    =           None  Log Frequency                    =              1
Maximum Iterations               =           5000  Maximum Theta                    =          1e+10
Minimum Theta                    =          1e-10  RMS Gradient Tolerance           =            0.1
Steepest Descent Tolerance       =          0.001  Use Spectral Theta               =           True
----------------------------------------------------------------------------------------------------

----------------------------------------------------------------------------------------------------------------
  Iteration       Function          RMS Gradient        Max. |Grad.|          RMS Disp.         Max. |Disp.|
----------------------------------------------------------------------------------------------------------------
     0     I      -9455.98618018         39.41108916       1517.41826691          0.00201374          0.07753367
     1   L1s      -9493.97883904          3.45729081         87.75091580          0.00078510          0.01985986
     2   L1s      -9494.36035419          1.94989911         51.24322657          0.00008987          0.00282527
     3   L1s      -9495.12569971          1.70719662         42.51422388          0.00036694          0.01176562
     4   L1s      -9495.60561848          0.99340667         21.58428007          0.00032212          0.00659227
     5   L1s      -9495.72715245          1.42455172         36.17592599          0.00012794          0.00251241
     6   L0s      -9495.82804326          0.81694822         18.29750837          0.00012794          0.00328415
     7   L0s      -9495.90468168          0.79756105         16.32392489          0.00012794          0.00271411
     8   L1s      -9495.95616804          0.94850037         25.13360185          0.00009868          0.00216071
     9   L1s      -9496.08295212          0.68995446         10.55028667          0.00026680          0.00502425
    10   L1s      -9496.12592549          0.67962164         13.78097543          0.00010353          0.00159392
    11   L1s      -9496.15053500          0.56789621          9.30147640          0.00006612          0.00101317
    12   L1s      -9496.19816960          0.41063366          6.72677806          0.00014504          0.00258212
    13   L1s      -9496.21777215          0.60529006         20.76858611          0.00007105          0.00115522
    14   L1s      -9496.24777102          0.37278673          5.65903780          0.00011597          0.00201099
    15   L1s      -9496.26237119          0.44135636         11.85862773          0.00006473          0.00109886
    16   L1s      -9496.27316464          0.34779042          4.99019205          0.00005180          0.00089289
    17   L1s      -9496.29351230          0.31458613          4.53616766          0.00010855          0.00186177
    18   L1s      -9496.30756231          0.39058165         11.42577759          0.00008326          0.00135035
    19   L1s      -9496.31549951          0.27581899          4.79459061          0.00004982          0.00074138
    20   L1s      -9496.32402200          0.27996320          7.12736724          0.00005907          0.00089985
    21   L1s      -9496.32918046          0.28469427          6.35781001          0.00003875          0.00056222
    22   L1s      -9496.33926303          0.21798061          3.23826654          0.00008101          0.00114418
    23   L1s      -9496.34706562          0.23170639          4.26484040          0.00006910          0.00101865
    24   L1s      -9496.35005851          0.22954456          4.76427448          0.00002849          0.00044797
    25   L1s      -9496.35855157          0.24881319          4.45698173          0.00008624          0.00141060
    26   L1s      -9496.36356485          0.25859432          6.79420131          0.00005345          0.00086364
    27   L0s      -9496.36848542          0.18253300          2.24683080          0.00005345          0.00076513
    28   L1s      -9496.37481306          0.18795031          3.39474880          0.00007302          0.00098727
    29   L1s      -9496.37694441          0.19872499          4.64222887          0.00002665          0.00034634
    30   L1s      -9496.38104969          0.15006580          1.72713878          0.00005400          0.00064864
    31   L1s      -9496.38548812          0.18589566          4.51418215          0.00006312          0.00066495
    32   L1s      -9496.38801587          0.19991604          5.44648297          0.00003760          0.00035587
    33   L1s      -9496.39215762          0.16637360          3.72980956          0.00006387          0.00056754
    34   L1s      -9496.39487040          0.22214946          5.91951086          0.00004387          0.00038036
    35   L1s      -9496.39822432          0.13705019          2.05816139          0.00005560          0.00046086
    36   L0s      -9496.40126925          0.14048898          2.43257605          0.00005560          0.00046678
    37   L0s      -9496.40418107          0.20313182          6.31191018          0.00005560          0.00045339
    38   L1s      -9496.40629897          0.14503775          2.13998112          0.00004066          0.00033971
    39   L1s      -9496.40963518          0.15806616          4.31131441          0.00006644          0.00053576
    40   L1s      -9496.41127100          0.16421930          4.08904580          0.00003365          0.00029613
    41   L1s      -9496.41627973          0.15584768          2.54558983          0.00010601          0.00092158
    42   L1s      -9496.41900968          0.19224248          4.04152927          0.00005953          0.00050427
    43   L1s      -9496.42097315          0.14845242          3.42582718          0.00004359          0.00035714
    44   L1s      -9496.42526436          0.13820007          1.75752414          0.00009811          0.00087579
    45   L1s      -9496.42782538          0.20507454          5.10775470          0.00006044          0.00054678
    46   L1s      -9496.43095384          0.18054250          3.50464449          0.00007487          0.00065648
    47   L1s      -9496.43476560          0.18859470          4.77297718          0.00009282          0.00078134
    48   L1s      -9496.43685814          0.17651792          3.77695760          0.00005174          0.00042806
    49   L1s      -9496.44129710          0.13322740          1.30791212          0.00011165          0.00105498
    50   L1s      -9496.44446428          0.17003462          3.46592749          0.00008195          0.00076188
    51   L1s      -9496.44602351          0.15901740          2.27212480          0.00004103          0.00035536
    52   L1s      -9496.45013509          0.16661646          2.13453240          0.00011022          0.00091718
    53   L1s      -9496.45335127          0.21926678          5.84107063          0.00008765          0.00074223
    54   L0s      -9496.45660761          0.14649549          2.11028104          0.00008765          0.00075899
    55   L1s      -9496.46054208          0.18047957          2.99029474          0.00010542          0.00091663
    56   L1s      -9496.46231948          0.17011271          3.42546338          0.00004892          0.00042535
    57   L1s      -9496.46605024          0.15017011          2.64109627          0.00010422          0.00089859
    58   L1s      -9496.47024281          0.15273213          2.24970890          0.00011927          0.00101371
    59   L1s      -9496.47268571          0.21878671          5.05768042          0.00007068          0.00059573
    60   L1s      -9496.47578009          0.13732467          1.78442116          0.00009026          0.00074848
    61   L1s      -9496.48007294          0.15706678          1.56943391          0.00012775          0.00114907
    62   L1s      -9496.48358563          0.20533926          4.39115792          0.00010611          0.00099439
    63   L1s      -9496.48559876          0.14724128          1.91509761          0.00006132          0.00061198
    64   L1s      -9496.48907718          0.14103868          1.85221511          0.00010768          0.00110698
    65   L1s      -9496.49138911          0.19897169          5.25293810          0.00007277          0.00075387
    66   L1s      -9496.49446088          0.14340007          1.88823152          0.00009750          0.00101386
    67   L0s      -9496.49748101          0.16803611          3.63441249          0.00009750          0.00101375
    68   L1s      -9496.49890203          0.14321093          2.45931701          0.00004636          0.00048070
    69   L1s      -9496.50214282          0.11999708          1.03843810          0.00010715          0.00108150
    70   L0s      -9496.50503131          0.15037297          2.87959207          0.00010715          0.00103529
    71   L1s      -9496.50614494          0.14000503          2.53467533          0.00004029          0.00036577
    72   L1s      -9496.50801442          0.10315377          1.92817992          0.00006187          0.00054117
    73   L0s      -9496.50998074          0.10060670          1.34702984          0.00006187          0.00056322
    74   L1s      -9496.51153502          0.17062527          3.78549471          0.00005048          0.00046591
    75   L1s      -9496.51331755          0.12190106          2.30370633          0.00006006          0.00056728
    76   L1s      -9496.51567735          0.09723269          1.13307473          0.00008103          0.00078598
----------------------------------------------------------------------------------------------------------------

Minimization converged.

-------------------  Conjugate Gradient Minimizer Statistics -------------------
Iterations             =             76  Function Calls         =            144
--------------------------------------------------------------------------------
