
#-----------------------------------------------------------------------------#
#                                                                             #
#                                EasyHybrid                                   #
#                   - A pDynamo graphical user interface -                    #
#                                                                             #
#-----------------------------------------------------------------------------#
#                                                                             #
#     Developed by Jose Fernando R Bachega and Luis Fernando S M Timmers      #
#                            <ferbachega@gmail.com>                           #
#                                                                             #
#             visit: https://sites.google.com/site/EasyHybrid/                #
#                   Univesity of Sao Paulo - SP, Brazil                       #
#      Pontifical Catholic University of Rio Grande do Sul - RS, Brazil       #
#                                                                             #
#                                                                             #
#   EasyHybrid team:                               Special thanks to:         #
#   - Jose Fernando R Bachega           |         - Fernando V Maluf          #
#   - Michele Silva                     |                                     #
#   - Luis Fernando S M Timmers         |                                     #
#   - Martin Field                      |         - Leonardo R Bachega        #
#   - Troy Wymore                       |         - Lucas Assirati            #
#   - Osmar Norberto de Souza           |         - Richard Garratt           #
#   - Walter R Paixao-Cortes            |                                     #
#                                                                             #
#   Cite this work as:                                                        #
#   J.F.R. Bachega, L.F.S.M. Timmers, L.Assirati, L.B. Bachega, M.J. Field,   #
#   T. Wymore. J. Comput. Chem. 2013, 34, 2190-2196. DOI: 10.1002/jcc.23346   #
#                                                                             #
#-----------------------------------------------------------------------------#

Generated on Wed Jun  5 17:30:56 2019


--------------------------------------------------------------------------------
                       Summary for System "Pruned System"
--------------------------------------------------------------------------------

---------------------------- Atom Container Summary ----------------------------
Number of Atoms        =           2173  Number of Heavy Atoms  =           1040
Number of Hydrogens    =           1133  Number of Unknowns     =              0
--------------------------------------------------------------------------------

----------------------------- Connectivity Summary -----------------------------
Atoms                  =           2173
--------------------------------------------------------------------------------

------------------------------- Electronic State -------------------------------
Charge                 =             -1  Multiplicity           =              1
--------------------------------------------------------------------------------

--------------------------------------------------------------------------------
                    Summary for Energy Model "AMBER/AM1/ABFS"
--------------------------------------------------------------------------------

----------------------------------- Summary for MM Model "AMBER" -----------------------------------
LJ 1-4 Scaling                   =          0.500  El. 1-4 Scaling                  =          0.833
Number of MM Atoms               =           2173  Number of MM Atom Types          =             37
Number of Inactive MM Atoms      =             33  Total MM Charge                  =          -4.00
Harmonic Bond Terms              =           2169  Harmonic Bond Parameters         =             49
Harmonic Bond Inactive           =           1308  Fourier Improper Terms           =            320
Fourier Improper Parameters      =              3  Fourier Improper Inactive        =            164
Harmonic Angle Terms             =           3403  Harmonic Angle Parameters        =            103
Harmonic Angle Inactive          =           1938  Fourier Dihedral Terms           =           6697
Fourier Dihedral Parameters      =             48  Fourier Dihedral Inactive        =           3453
Exclusions                       =          10377  1-4 Interactions                 =           4805
LJ Parameters Form               =          AMBER  LJ Parameters Types              =             21
1-4 Lennard-Jones Form           =          AMBER  1-4 Lennard-Jones Types          =             21
----------------------------------------------------------------------------------------------------

-------------------------- Summary for QC Model "AM1" --------------------------
Number of QC Atoms     =             39  Boundary Atoms         =              6
Nuclear Charge         =            129  Orbital Functions      =            108
Fitting Functions      =              0  Energy Base Line       =      188.36370
QC Parameter Centers   =              6
--------------------------------------------------------------------------------

----------------------------- ABFS NB Model Summary ----------------------------
Dielectric             =       1.000000  El. 1-4 Scaling        =       0.833333
Damping Cutoff         =       0.500000  Inner Cutoff           =       8.000000
List Cutoff            =      13.500000  Outer Cutoff           =      12.000000
QC/MM Coupling         =    RC Coupling  Use Centering          =          False
--------------------------------------------------------------------------------

-------------------------- Pairlist Generator Summary --------------------------
Cell Size              =          6.750  Cutoff                 =         13.500
Cutoff Cell Size Factor =          0.500  Grid Cell/Cell Method  =           True
Minimum Cell Extent    =              2  Minimum Cell Size      =          3.000
Minimum Extent Factor  =          1.500  Minimum Points         =            500
Sort Indices           =          False
--------------------------------------------------------------------------------

----------------------- SoftConstraint Container Summary -----------------------
Multiple Distance      =              2
--------------------------------------------------------------------------------

---------------------------- Hard Constraint Container Summary ---------------------------
Number of Charge Constraints  =            0  Number of Fixed Atoms         =         1351
------------------------------------------------------------------------------------------

------------------------------- Sequence Summary -------------------------------
Number of Atoms            =       2173  Number of Components       =        213
Number of Entities         =          1  Number of Linear Polymers  =          0
Number of Links            =          0  Number of Variants         =          0
--------------------------------------------------------------------------------

-------------------------------  Conjugate Gradient Minimizer Options ------------------------------
Beta Type                        =              1  Initial Step                     =            0.1
Line Searcher                    =           None  Log Frequency                    =              1
Maximum Iterations               =           5000  Maximum Theta                    =          1e+10
Minimum Theta                    =          1e-10  RMS Gradient Tolerance           =            0.1
Steepest Descent Tolerance       =          0.001  Use Spectral Theta               =           True
----------------------------------------------------------------------------------------------------

----------------------------------------------------------------------------------------------------------------
  Iteration       Function          RMS Gradient        Max. |Grad.|          RMS Disp.         Max. |Disp.|
----------------------------------------------------------------------------------------------------------------
     0     I      -9480.65606811         36.37405068       1332.52893398          0.00201374          0.07377147
     1   L1s      -9515.81907726          3.07457030         71.82705320          0.00077863          0.01690972
     2   L1s      -9517.50906882          4.98689589        165.37847954          0.00044759          0.01034426
     3   L1s      -9518.60160713          2.13721703         54.40195065          0.00033826          0.00923868
     4   L0s      -9519.33138083          1.21128424         27.32013871          0.00033826          0.00845231
     5   L1s      -9519.51844949          1.79933309         48.34036158          0.00015126          0.00423336
     6   L1s      -9519.79276145          1.16741623         18.93735073          0.00025770          0.00618462
     7   L1s      -9519.95780057          0.81954734         16.04370263          0.00019357          0.00405397
     8   L1s      -9520.02055237          0.98023918         29.90896743          0.00009613          0.00190179
     9   L0s      -9520.07280742          0.53563853          8.39117789          0.00009613          0.00170794
    10   L0s      -9520.11182664          0.44930190          6.85783794          0.00009613          0.00201509
    11   L1s      -9520.14058153          0.58612750         15.01013289          0.00008591          0.00191316
    12   L1s      -9520.16031752          0.50101975         11.42326444          0.00006525          0.00149889
    13   L1s      -9520.20908732          0.41505843          5.85374531          0.00017951          0.00477349
    14   L1s      -9520.23477297          0.64881101         16.11738129          0.00010690          0.00265317
    15   L1s      -9520.26559288          0.55249408         12.83880609          0.00013390          0.00327383
    16   L1s      -9520.29908186          0.47045650         11.73563315          0.00015357          0.00386822
    17   L1s      -9520.31440934          0.46529788         10.13238441          0.00007471          0.00193249
    18   L1s      -9520.33631426          0.34046709          4.32079909          0.00011361          0.00275800
    19   L0s      -9520.35684872          0.38830774         10.83791218          0.00011361          0.00271982
    20   L1s      -9520.36449177          0.29293848          6.47453545          0.00004561          0.00100349
    21   L1s      -9520.37522994          0.25287487          3.84949295          0.00007414          0.00144701
    22   L0s      -9520.38540810          0.26229598          5.46011100          0.00007414          0.00133535
    23   L1s      -9520.39054397          0.29079975          7.92743919          0.00004101          0.00072507
    24   L1s      -9520.39875047          0.19301712          3.12663702          0.00007157          0.00113180
    25   L1s      -9520.40485614          0.21911059          4.12519785          0.00005909          0.00084597
    26   L1s      -9520.40872146          0.26778033          7.70232689          0.00004006          0.00053206
    27   L1s      -9520.41626666          0.18841110          3.03337800          0.00008147          0.00094616
    28   L1s      -9520.42120772          0.21131899          3.44316207          0.00005744          0.00063210
    29   L1s      -9520.42456886          0.22373442          4.80150704          0.00004114          0.00041226
    30   L1s      -9520.42951626          0.18428489          3.39490388          0.00006315          0.00067752
    31   L0s      -9520.43389974          0.25719542          6.52338762          0.00006315          0.00071097
    32   L1s      -9520.43741905          0.16994247          2.42244170          0.00005020          0.00052966
    33   L1s      -9520.44442318          0.19485688          3.63960231          0.00009285          0.00107832
    34   L1s      -9520.44704093          0.20576808          3.71379460          0.00003637          0.00033978
    35   L1s      -9520.45141281          0.18432215          3.31107655          0.00006314          0.00057803
    36   L1s      -9520.45614231          0.22930237          6.09713958          0.00007140          0.00070768
    37   L1s      -9520.45929088          0.18114677          3.02514113          0.00004882          0.00043062
    38   L1s      -9520.46380876          0.16471856          2.54840756          0.00007290          0.00063912
    39   L1s      -9520.46764812          0.23217207          5.66723967          0.00006478          0.00056945
    40   L1s      -9520.47082900          0.17270311          2.76012902          0.00005480          0.00048629
    41   L1s      -9520.47548457          0.16014288          2.11093456          0.00008314          0.00074599
    42   L1s      -9520.47774466          0.21251096          4.90275357          0.00004196          0.00037972
    43   L1s      -9520.48409160          0.17183051          2.33267614          0.00012032          0.00108355
    44   L1s      -9520.48778782          0.22973859          4.82665419          0.00007220          0.00064638
    45   L0s      -9520.49122756          0.20399630          3.25854769          0.00007220          0.00064194
    46   L1s      -9520.49654017          0.19002065          2.84709174          0.00011484          0.00101040
    47   L1s      -9520.50143525          0.26521270          6.58265925          0.00010174          0.00089064
    48   L1s      -9520.50582293          0.18689291          2.73437554          0.00009217          0.00079974
    49   L1s      -9520.51167120          0.21669003          4.38107565          0.00012545          0.00108158
    50   L1s      -9520.51468494          0.20816260          3.27851575          0.00006562          0.00056214
    51   L1s      -9520.51933621          0.15239810          2.52964226          0.00010290          0.00087242
    52   L1s      -9520.52226349          0.16031106          4.22751819          0.00006658          0.00056016
    53   L1s      -9520.52375677          0.14146450          2.76905352          0.00003480          0.00029004
    54   L1s      -9520.52675611          0.14988732          1.97078232          0.00007198          0.00059341
    55   L0s      -9520.52956201          0.20151650          4.35659462          0.00007198          0.00058878
    56   L1s      -9520.53182254          0.13210010          1.61139639          0.00005757          0.00045840
    57   L1s      -9520.53487011          0.14603746          2.41817483          0.00007293          0.00057006
    58   L1s      -9520.53636817          0.15458571          3.70859662          0.00003680          0.00028431
    59   L1s      -9520.53903996          0.13912961          2.38742178          0.00006711          0.00051779
    60   L0s      -9520.54173377          0.16145319          4.03140558          0.00006711          0.00052087
    61   L1s      -9520.54344080          0.14685237          2.25792389          0.00004380          0.00034405
    62   L1s      -9520.54663234          0.12945341          2.31503126          0.00008716          0.00069301
    63   L1s      -9520.54855968          0.18491864          4.73448208          0.00005400          0.00043009
    64   L1s      -9520.55115147          0.14119200          2.34600177          0.00007350          0.00058053
    65   L1s      -9520.55480189          0.16490598          2.72845790          0.00010565          0.00082195
    66   L1s      -9520.55676666          0.17355903          3.48566941          0.00005768          0.00044200
    67   L1s      -9520.55990500          0.15004435          2.27441644          0.00009330          0.00070154
    68   L0s      -9520.56287868          0.18554574          4.71621573          0.00009330          0.00069635
    69   L1s      -9520.56488955          0.15970587          2.62959876          0.00006285          0.00046586
    70   L1s      -9520.56829091          0.12346299          1.94420376          0.00010260          0.00075979
    71   L1s      -9520.57041482          0.18497893          4.56073154          0.00006558          0.00049468
    72   L0s      -9520.57263807          0.11796762          1.47436574          0.00006558          0.00052694
    73   L0s      -9520.57519560          0.13625350          2.72641728          0.00006558          0.00054895
    74   L1s      -9520.57646151          0.12788422          2.60464875          0.00003522          0.00030891
    75   L1s      -9520.57892692          0.12749673          1.90377518          0.00007751          0.00070920
    76   L1s      -9520.58104009          0.16831032          3.39708590          0.00006778          0.00063368
    77   L1s      -9520.58274301          0.12980416          1.81435708          0.00005524          0.00053329
    78   L1s      -9520.58547361          0.12922825          1.85857953          0.00009021          0.00089363
    79   L1s      -9520.58703173          0.15236568          2.99848759          0.00005239          0.00052737
    80   L0s      -9520.58870409          0.09856924          1.18393110          0.00005239          0.00054225
----------------------------------------------------------------------------------------------------------------

Minimization converged.

-------------------  Conjugate Gradient Minimizer Statistics -------------------
Iterations             =             80  Function Calls         =            148
--------------------------------------------------------------------------------
