
#-----------------------------------------------------------------------------#
#                                                                             #
#                                EasyHybrid                                   #
#                   - A pDynamo graphical user interface -                    #
#                                                                             #
#-----------------------------------------------------------------------------#
#                                                                             #
#     Developed by Jose Fernando R Bachega and Luis Fernando S M Timmers      #
#                            <ferbachega@gmail.com>                           #
#                                                                             #
#             visit: https://sites.google.com/site/EasyHybrid/                #
#                   Univesity of Sao Paulo - SP, Brazil                       #
#      Pontifical Catholic University of Rio Grande do Sul - RS, Brazil       #
#                                                                             #
#                                                                             #
#   EasyHybrid team:                               Special thanks to:         #
#   - Jose Fernando R Bachega           |         - Fernando V Maluf          #
#   - Michele Silva                     |                                     #
#   - Luis Fernando S M Timmers         |                                     #
#   - Martin Field                      |         - Leonardo R Bachega        #
#   - Troy Wymore                       |         - Lucas Assirati            #
#   - Osmar Norberto de Souza           |         - Richard Garratt           #
#   - Walter R Paixao-Cortes            |                                     #
#                                                                             #
#   Cite this work as:                                                        #
#   J.F.R. Bachega, L.F.S.M. Timmers, L.Assirati, L.B. Bachega, M.J. Field,   #
#   T. Wymore. J. Comput. Chem. 2013, 34, 2190-2196. DOI: 10.1002/jcc.23346   #
#                                                                             #
#-----------------------------------------------------------------------------#

Generated on Wed Jun  5 17:26:29 2019


--------------------------------------------------------------------------------
                       Summary for System "Pruned System"
--------------------------------------------------------------------------------

---------------------------- Atom Container Summary ----------------------------
Number of Atoms        =           2173  Number of Heavy Atoms  =           1040
Number of Hydrogens    =           1133  Number of Unknowns     =              0
--------------------------------------------------------------------------------

----------------------------- Connectivity Summary -----------------------------
Atoms                  =           2173
--------------------------------------------------------------------------------

------------------------------- Electronic State -------------------------------
Charge                 =             -1  Multiplicity           =              1
--------------------------------------------------------------------------------

--------------------------------------------------------------------------------
                    Summary for Energy Model "AMBER/AM1/ABFS"
--------------------------------------------------------------------------------

----------------------------------- Summary for MM Model "AMBER" -----------------------------------
LJ 1-4 Scaling                   =          0.500  El. 1-4 Scaling                  =          0.833
Number of MM Atoms               =           2173  Number of MM Atom Types          =             37
Number of Inactive MM Atoms      =             33  Total MM Charge                  =          -4.00
Harmonic Bond Terms              =           2169  Harmonic Bond Parameters         =             49
Harmonic Bond Inactive           =           1308  Fourier Improper Terms           =            320
Fourier Improper Parameters      =              3  Fourier Improper Inactive        =            164
Harmonic Angle Terms             =           3403  Harmonic Angle Parameters        =            103
Harmonic Angle Inactive          =           1938  Fourier Dihedral Terms           =           6697
Fourier Dihedral Parameters      =             48  Fourier Dihedral Inactive        =           3453
Exclusions                       =          10377  1-4 Interactions                 =           4805
LJ Parameters Form               =          AMBER  LJ Parameters Types              =             21
1-4 Lennard-Jones Form           =          AMBER  1-4 Lennard-Jones Types          =             21
----------------------------------------------------------------------------------------------------

-------------------------- Summary for QC Model "AM1" --------------------------
Number of QC Atoms     =             39  Boundary Atoms         =              6
Nuclear Charge         =            129  Orbital Functions      =            108
Fitting Functions      =              0  Energy Base Line       =      188.36370
QC Parameter Centers   =              6
--------------------------------------------------------------------------------

----------------------------- ABFS NB Model Summary ----------------------------
Dielectric             =       1.000000  El. 1-4 Scaling        =       0.833333
Damping Cutoff         =       0.500000  Inner Cutoff           =       8.000000
List Cutoff            =      13.500000  Outer Cutoff           =      12.000000
QC/MM Coupling         =    RC Coupling  Use Centering          =          False
--------------------------------------------------------------------------------

-------------------------- Pairlist Generator Summary --------------------------
Cell Size              =          6.750  Cutoff                 =         13.500
Cutoff Cell Size Factor =          0.500  Grid Cell/Cell Method  =           True
Minimum Cell Extent    =              2  Minimum Cell Size      =          3.000
Minimum Extent Factor  =          1.500  Minimum Points         =            500
Sort Indices           =          False
--------------------------------------------------------------------------------

----------------------- SoftConstraint Container Summary -----------------------
Multiple Distance      =              2
--------------------------------------------------------------------------------

---------------------------- Hard Constraint Container Summary ---------------------------
Number of Charge Constraints  =            0  Number of Fixed Atoms         =         1351
------------------------------------------------------------------------------------------

------------------------------- Sequence Summary -------------------------------
Number of Atoms            =       2173  Number of Components       =        213
Number of Entities         =          1  Number of Linear Polymers  =          0
Number of Links            =          0  Number of Variants         =          0
--------------------------------------------------------------------------------

-------------------------------  Conjugate Gradient Minimizer Options ------------------------------
Beta Type                        =              1  Initial Step                     =            0.1
Line Searcher                    =           None  Log Frequency                    =              1
Maximum Iterations               =           5000  Maximum Theta                    =          1e+10
Minimum Theta                    =          1e-10  RMS Gradient Tolerance           =            0.1
Steepest Descent Tolerance       =          0.001  Use Spectral Theta               =           True
----------------------------------------------------------------------------------------------------

----------------------------------------------------------------------------------------------------------------
  Iteration       Function          RMS Gradient        Max. |Grad.|          RMS Disp.         Max. |Disp.|
----------------------------------------------------------------------------------------------------------------
     0     I      -9416.00263253         39.43293329       1510.95984979          0.00201374          0.07716090
     1   L1s      -9454.56813458          3.54609783        108.29596990          0.00079495          0.02418667
     2   L1s      -9454.92207730          1.39906554         29.43479603          0.00008108          0.00186209
     3   L1s      -9455.26188321          1.21610799         33.21241558          0.00021277          0.00526013
     4   L1s      -9455.57628516          0.82389510         16.12427520          0.00028465          0.00688361
     5   L1s      -9455.60886115          0.72826162         16.96102570          0.00004370          0.00071980
     6   L1s      -9455.65506398          0.40550181          8.23619985          0.00008052          0.00115926
     7   L1s      -9455.67803203          0.36234136          6.23473665          0.00006099          0.00112185
     8   L1s      -9455.69034830          0.48022231         13.65986138          0.00004279          0.00070572
     9   L1s      -9455.71905930          0.37692918          8.00805984          0.00011099          0.00193209
    10   L1s      -9455.73460038          0.39772616         10.12232007          0.00006866          0.00111985
    11   L1s      -9455.74284453          0.33779904          6.58964943          0.00004012          0.00057590
    12   L1s      -9455.75727501          0.23403449          3.55778877          0.00007832          0.00122201
    13   L1s      -9455.77263333          0.20888745          2.47172735          0.00009898          0.00174194
    14   L1s      -9455.77962358          0.33486856          9.62397171          0.00005261          0.00081263
    15   L1s      -9455.78503738          0.20069174          2.73422267          0.00004279          0.00072254
    16   L1s      -9455.79282399          0.23056019          4.79251997          0.00006912          0.00114091
    17   L1s      -9455.79674626          0.23345145          6.19497880          0.00003745          0.00062018
    18   L1s      -9455.80207682          0.19275635          3.63770738          0.00005416          0.00088838
    19   L1s      -9455.80941609          0.18785418          2.88301595          0.00008076          0.00112954
    20   L1s      -9455.81269479          0.25195936          5.37560435          0.00003874          0.00059041
    21   L1s      -9455.81671457          0.13990809          1.85357435          0.00004923          0.00060702
    22   L0s      -9455.82046062          0.12965409          1.54728944          0.00004923          0.00063776
    23   L1s      -9455.82581243          0.17381835          2.87393716          0.00007797          0.00095266
    24   L1s      -9455.82791319          0.20506626          4.96224125          0.00003250          0.00042114
    25   L1s      -9455.83193905          0.13824547          2.23811600          0.00006428          0.00085209
    26   L1s      -9455.83432038          0.20463541          5.12394693          0.00004048          0.00052992
    27   L1s      -9455.83736887          0.11310849          1.67445486          0.00005322          0.00063806
    28   L1s      -9455.84118477          0.13277586          2.25688996          0.00007206          0.00092346
    29   L1s      -9455.84295338          0.19330556          4.47447547          0.00003509          0.00045973
    30   L1s      -9455.84578627          0.14876671          2.73454834          0.00005746          0.00074474
    31   L1s      -9455.84944988          0.13780015          2.75373559          0.00007694          0.00095728
    32   L0s      -9455.85301823          0.12103252          1.79398027          0.00007694          0.00100580
    33   L1s      -9455.85427984          0.15584672          5.31106974          0.00002842          0.00038154
    34   L1s      -9455.85618952          0.10666834          1.80814545          0.00004444          0.00059998
    35   L1s      -9455.85747247          0.15349692          4.96042592          0.00003142          0.00041351
    36   L1s      -9455.85932521          0.09916680          1.20419686          0.00004641          0.00056123
----------------------------------------------------------------------------------------------------------------

Minimization converged.

-------------------  Conjugate Gradient Minimizer Statistics -------------------
Iterations             =             36  Function Calls         =             71
--------------------------------------------------------------------------------
