
#-----------------------------------------------------------------------------#
#                                                                             #
#                                EasyHybrid                                   #
#                   - A pDynamo graphical user interface -                    #
#                                                                             #
#-----------------------------------------------------------------------------#
#                                                                             #
#     Developed by Jose Fernando R Bachega and Luis Fernando S M Timmers      #
#                            <ferbachega@gmail.com>                           #
#                                                                             #
#             visit: https://sites.google.com/site/EasyHybrid/                #
#                   Univesity of Sao Paulo - SP, Brazil                       #
#      Pontifical Catholic University of Rio Grande do Sul - RS, Brazil       #
#                                                                             #
#                                                                             #
#   EasyHybrid team:                               Special thanks to:         #
#   - Jose Fernando R Bachega           |         - Fernando V Maluf          #
#   - Michele Silva                     |                                     #
#   - Luis Fernando S M Timmers         |                                     #
#   - Martin Field                      |         - Leonardo R Bachega        #
#   - Troy Wymore                       |         - Lucas Assirati            #
#   - Osmar Norberto de Souza           |         - Richard Garratt           #
#   - Walter R Paixao-Cortes            |                                     #
#                                                                             #
#   Cite this work as:                                                        #
#   J.F.R. Bachega, L.F.S.M. Timmers, L.Assirati, L.B. Bachega, M.J. Field,   #
#   T. Wymore. J. Comput. Chem. 2013, 34, 2190-2196. DOI: 10.1002/jcc.23346   #
#                                                                             #
#-----------------------------------------------------------------------------#

Generated on Wed Jun  5 17:29:55 2019


--------------------------------------------------------------------------------
                       Summary for System "Pruned System"
--------------------------------------------------------------------------------

---------------------------- Atom Container Summary ----------------------------
Number of Atoms        =           2173  Number of Heavy Atoms  =           1040
Number of Hydrogens    =           1133  Number of Unknowns     =              0
--------------------------------------------------------------------------------

----------------------------- Connectivity Summary -----------------------------
Atoms                  =           2173
--------------------------------------------------------------------------------

------------------------------- Electronic State -------------------------------
Charge                 =             -1  Multiplicity           =              1
--------------------------------------------------------------------------------

--------------------------------------------------------------------------------
                    Summary for Energy Model "AMBER/AM1/ABFS"
--------------------------------------------------------------------------------

----------------------------------- Summary for MM Model "AMBER" -----------------------------------
LJ 1-4 Scaling                   =          0.500  El. 1-4 Scaling                  =          0.833
Number of MM Atoms               =           2173  Number of MM Atom Types          =             37
Number of Inactive MM Atoms      =             33  Total MM Charge                  =          -4.00
Harmonic Bond Terms              =           2169  Harmonic Bond Parameters         =             49
Harmonic Bond Inactive           =           1308  Fourier Improper Terms           =            320
Fourier Improper Parameters      =              3  Fourier Improper Inactive        =            164
Harmonic Angle Terms             =           3403  Harmonic Angle Parameters        =            103
Harmonic Angle Inactive          =           1938  Fourier Dihedral Terms           =           6697
Fourier Dihedral Parameters      =             48  Fourier Dihedral Inactive        =           3453
Exclusions                       =          10377  1-4 Interactions                 =           4805
LJ Parameters Form               =          AMBER  LJ Parameters Types              =             21
1-4 Lennard-Jones Form           =          AMBER  1-4 Lennard-Jones Types          =             21
----------------------------------------------------------------------------------------------------

-------------------------- Summary for QC Model "AM1" --------------------------
Number of QC Atoms     =             39  Boundary Atoms         =              6
Nuclear Charge         =            129  Orbital Functions      =            108
Fitting Functions      =              0  Energy Base Line       =      188.36370
QC Parameter Centers   =              6
--------------------------------------------------------------------------------

----------------------------- ABFS NB Model Summary ----------------------------
Dielectric             =       1.000000  El. 1-4 Scaling        =       0.833333
Damping Cutoff         =       0.500000  Inner Cutoff           =       8.000000
List Cutoff            =      13.500000  Outer Cutoff           =      12.000000
QC/MM Coupling         =    RC Coupling  Use Centering          =          False
--------------------------------------------------------------------------------

-------------------------- Pairlist Generator Summary --------------------------
Cell Size              =          6.750  Cutoff                 =         13.500
Cutoff Cell Size Factor =          0.500  Grid Cell/Cell Method  =           True
Minimum Cell Extent    =              2  Minimum Cell Size      =          3.000
Minimum Extent Factor  =          1.500  Minimum Points         =            500
Sort Indices           =          False
--------------------------------------------------------------------------------

----------------------- SoftConstraint Container Summary -----------------------
Multiple Distance      =              2
--------------------------------------------------------------------------------

---------------------------- Hard Constraint Container Summary ---------------------------
Number of Charge Constraints  =            0  Number of Fixed Atoms         =         1351
------------------------------------------------------------------------------------------

------------------------------- Sequence Summary -------------------------------
Number of Atoms            =       2173  Number of Components       =        213
Number of Entities         =          1  Number of Linear Polymers  =          0
Number of Links            =          0  Number of Variants         =          0
--------------------------------------------------------------------------------

-------------------------------  Conjugate Gradient Minimizer Options ------------------------------
Beta Type                        =              1  Initial Step                     =            0.1
Line Searcher                    =           None  Log Frequency                    =              1
Maximum Iterations               =           5000  Maximum Theta                    =          1e+10
Minimum Theta                    =          1e-10  RMS Gradient Tolerance           =            0.1
Steepest Descent Tolerance       =          0.001  Use Spectral Theta               =           True
----------------------------------------------------------------------------------------------------

----------------------------------------------------------------------------------------------------------------
  Iteration       Function          RMS Gradient        Max. |Grad.|          RMS Disp.         Max. |Disp.|
----------------------------------------------------------------------------------------------------------------
     0     I      -9515.69264558         37.83327830       1420.88085185          0.00201374          0.07562879
     1   L1s      -9551.49774090          2.37769535         65.26434987          0.00076188          0.01991455
     2   L1s      -9552.69417836          3.27146359         99.54598585          0.00040863          0.01134989
     3   L1s      -9553.09981235          1.73387342         40.24441952          0.00016972          0.00407972
     4   L1s      -9553.56675132          1.14509784         27.37817919          0.00029408          0.00741020
     5   L1s      -9553.68746835          1.54950414         42.28759819          0.00011433          0.00324983
     6   L1s      -9553.91835903          1.14020425         23.33322840          0.00025041          0.00683700
     7   L1s      -9554.09175476          0.81480276         16.56897056          0.00022543          0.00589638
     8   L1s      -9554.16213769          0.98401030         29.40102131          0.00011494          0.00306291
     9   L1s      -9554.20951688          0.53696715          9.58019194          0.00008669          0.00226034
    10   L1s      -9554.25022788          0.50398078          8.63614813          0.00009653          0.00231271
    11   L1s      -9554.27712295          0.64692966         17.89949858          0.00007695          0.00192108
    12   L1s      -9554.30609894          0.47083401          9.26708662          0.00009055          0.00215546
    13   L1s      -9554.36381756          0.42725573          6.11771416          0.00020566          0.00557943
    14   L1s      -9554.38602922          0.73172696         22.86589412          0.00008975          0.00238906
    15   L1s      -9554.43530833          0.50005240          8.24361671          0.00020645          0.00543160
    16   L0s      -9554.47895066          0.62424151         16.48452637          0.00020645          0.00600371
    17   L1s      -9554.49902667          0.51381171          9.59323066          0.00009623          0.00267029
    18   L1s      -9554.53115906          0.43049972          8.98792708          0.00015143          0.00438050
    19   L0s      -9554.56210402          0.36831161          5.36374531          0.00015143          0.00458216
    20   L1s      -9554.57399445          0.46741859          9.67007258          0.00006336          0.00178915
    21   L1s      -9554.59153449          0.28513516          3.05283624          0.00010015          0.00281047
    22   L1s      -9554.60564485          0.46509222         11.97962072          0.00009016          0.00271394
    23   L1s      -9554.61738205          0.28613315          4.40877037          0.00007776          0.00218904
    24   L0s      -9554.62798786          0.20056951          2.56841854          0.00007776          0.00201700
    25   L1s      -9554.63627070          0.28835577          6.77735316          0.00007006          0.00191629
    26   L1s      -9554.64173976          0.26581045          5.71202145          0.00004847          0.00117675
    27   L1s      -9554.64789340          0.17914609          2.41955590          0.00005768          0.00130812
    28   L0s      -9554.65369529          0.25801195          5.28585125          0.00005768          0.00133144
    29   L1s      -9554.65738326          0.20125775          4.80705397          0.00003945          0.00081618
    30   L1s      -9554.66553866          0.17902513          3.46571784          0.00009952          0.00193676
    31   L1s      -9554.67103062          0.29529608          6.24097414          0.00007151          0.00144688
    32   L0s      -9554.67608366          0.21945895          3.81582140          0.00007151          0.00138109
    33   L0s      -9554.68119878          0.17249020          2.71400474          0.00007151          0.00121407
    34   L1s      -9554.68551559          0.28448034          6.61807435          0.00005598          0.00100325
    35   L1s      -9554.69175032          0.21108582          2.81862142          0.00008483          0.00139095
    36   L1s      -9554.69891137          0.20360465          3.56734502          0.00010126          0.00168524
    37   L1s      -9554.70281582          0.27726473          7.96738627          0.00005730          0.00093510
    38   L1s      -9554.70914267          0.18641273          2.01462957          0.00009469          0.00149237
    39   L0s      -9554.71504323          0.19610316          2.76591845          0.00009469          0.00143619
    40   L1s      -9554.71846438          0.23324537          6.00075941          0.00005643          0.00080320
    41   L0s      -9554.72213346          0.15555419          1.80709445          0.00005643          0.00071231
    42   L1s      -9554.72722890          0.19673742          3.88318008          0.00007614          0.00087903
    43   L1s      -9554.72976007          0.20035922          4.61499024          0.00004060          0.00047986
    44   L1s      -9554.73418665          0.13511639          1.50096126          0.00007323          0.00079592
    45   L0s      -9554.73856804          0.20737018          4.56159473          0.00007323          0.00070966
    46   L1s      -9554.74105783          0.17533830          3.30896086          0.00004407          0.00041279
    47   L1s      -9554.74569275          0.15778458          2.02051373          0.00009075          0.00090553
    48   L1s      -9554.74876503          0.23951963          5.96209245          0.00006219          0.00063081
    49   L1s      -9554.75263827          0.14218288          2.04715395          0.00007950          0.00073278
    50   L0s      -9554.75672652          0.12972119          1.98386722          0.00007950          0.00069060
    51   L1s      -9554.75836389          0.16917896          3.59477620          0.00003307          0.00028996
    52   L1s      -9554.76080771          0.14783103          2.31772694          0.00005331          0.00048707
    53   L1s      -9554.76457112          0.16869388          3.68312806          0.00008466          0.00078135
    54   L1s      -9554.76629464          0.16123783          2.85174877          0.00003965          0.00037248
    55   L1s      -9554.76926863          0.11679011          1.68052946          0.00007002          0.00066918
    56   L1s      -9554.77249280          0.14970379          3.02369763          0.00007915          0.00075046
    57   L1s      -9554.77401104          0.15859402          2.82730054          0.00003816          0.00035738
    58   L1s      -9554.77647264          0.12764277          2.24236508          0.00006314          0.00057322
    59   L0s      -9554.77899468          0.16312975          3.80434754          0.00006314          0.00055720
    60   L1s      -9554.78055476          0.12631706          1.90456232          0.00004071          0.00035401
    61   L1s      -9554.78302703          0.10897421          1.11392886          0.00007229          0.00060233
    62   L0s      -9554.78534168          0.16745388          4.46093300          0.00007229          0.00058840
    63   L1s      -9554.78683034          0.14540281          2.84984438          0.00004611          0.00039920
    64   L1s      -9554.78966336          0.10774310          1.56004767          0.00008545          0.00072764
    65   L0s      -9554.79260789          0.11555529          1.91325482          0.00008545          0.00067661
    66   L1s      -9554.79399299          0.15313111          3.54724123          0.00004185          0.00033758
    67   L1s      -9554.79578018          0.10700847          1.47750112          0.00005696          0.00048138
    68   L1s      -9554.79773727          0.15019769          3.48900260          0.00006411          0.00055106
    69   L1s      -9554.79894605          0.12033525          1.74806910          0.00004013          0.00035144
    70   L1s      -9554.80120302          0.11057091          2.13328097          0.00007645          0.00069597
    71   L0s      -9554.80331672          0.10637157          1.52991460          0.00007645          0.00067611
    72   L1s      -9554.80499284          0.15426954          4.49468882          0.00006204          0.00055076
    73   L1s      -9554.80635300          0.10424404          1.33372747          0.00004989          0.00044841
    74   L1s      -9554.80846079          0.11834585          1.79815152          0.00007905          0.00071527
    75   L1s      -9554.80955770          0.13678174          3.90662057          0.00004181          0.00037943
    76   L1s      -9554.81094481          0.09730203          1.21769528          0.00005351          0.00048561
----------------------------------------------------------------------------------------------------------------

Minimization converged.

-------------------  Conjugate Gradient Minimizer Statistics -------------------
Iterations             =             76  Function Calls         =            139
--------------------------------------------------------------------------------
