
#-----------------------------------------------------------------------------#
#                                                                             #
#                                EasyHybrid                                   #
#                   - A pDynamo graphical user interface -                    #
#                                                                             #
#-----------------------------------------------------------------------------#
#                                                                             #
#     Developed by Jose Fernando R Bachega and Luis Fernando S M Timmers      #
#                            <ferbachega@gmail.com>                           #
#                                                                             #
#             visit: https://sites.google.com/site/EasyHybrid/                #
#                   Univesity of Sao Paulo - SP, Brazil                       #
#      Pontifical Catholic University of Rio Grande do Sul - RS, Brazil       #
#                                                                             #
#                                                                             #
#   EasyHybrid team:                               Special thanks to:         #
#   - Jose Fernando R Bachega           |         - Fernando V Maluf          #
#   - Michele Silva                     |                                     #
#   - Luis Fernando S M Timmers         |                                     #
#   - Martin Field                      |         - Leonardo R Bachega        #
#   - Troy Wymore                       |         - Lucas Assirati            #
#   - Osmar Norberto de Souza           |         - Richard Garratt           #
#   - Walter R Paixao-Cortes            |                                     #
#                                                                             #
#   Cite this work as:                                                        #
#   J.F.R. Bachega, L.F.S.M. Timmers, L.Assirati, L.B. Bachega, M.J. Field,   #
#   T. Wymore. J. Comput. Chem. 2013, 34, 2190-2196. DOI: 10.1002/jcc.23346   #
#                                                                             #
#-----------------------------------------------------------------------------#

Generated on Wed Jun  5 17:25:39 2019


--------------------------------------------------------------------------------
                       Summary for System "Pruned System"
--------------------------------------------------------------------------------

---------------------------- Atom Container Summary ----------------------------
Number of Atoms        =           2173  Number of Heavy Atoms  =           1040
Number of Hydrogens    =           1133  Number of Unknowns     =              0
--------------------------------------------------------------------------------

----------------------------- Connectivity Summary -----------------------------
Atoms                  =           2173
--------------------------------------------------------------------------------

------------------------------- Electronic State -------------------------------
Charge                 =             -1  Multiplicity           =              1
--------------------------------------------------------------------------------

--------------------------------------------------------------------------------
                    Summary for Energy Model "AMBER/AM1/ABFS"
--------------------------------------------------------------------------------

----------------------------------- Summary for MM Model "AMBER" -----------------------------------
LJ 1-4 Scaling                   =          0.500  El. 1-4 Scaling                  =          0.833
Number of MM Atoms               =           2173  Number of MM Atom Types          =             37
Number of Inactive MM Atoms      =             33  Total MM Charge                  =          -4.00
Harmonic Bond Terms              =           2169  Harmonic Bond Parameters         =             49
Harmonic Bond Inactive           =           1308  Fourier Improper Terms           =            320
Fourier Improper Parameters      =              3  Fourier Improper Inactive        =            164
Harmonic Angle Terms             =           3403  Harmonic Angle Parameters        =            103
Harmonic Angle Inactive          =           1938  Fourier Dihedral Terms           =           6697
Fourier Dihedral Parameters      =             48  Fourier Dihedral Inactive        =           3453
Exclusions                       =          10377  1-4 Interactions                 =           4805
LJ Parameters Form               =          AMBER  LJ Parameters Types              =             21
1-4 Lennard-Jones Form           =          AMBER  1-4 Lennard-Jones Types          =             21
----------------------------------------------------------------------------------------------------

-------------------------- Summary for QC Model "AM1" --------------------------
Number of QC Atoms     =             39  Boundary Atoms         =              6
Nuclear Charge         =            129  Orbital Functions      =            108
Fitting Functions      =              0  Energy Base Line       =      188.36370
QC Parameter Centers   =              6
--------------------------------------------------------------------------------

----------------------------- ABFS NB Model Summary ----------------------------
Dielectric             =       1.000000  El. 1-4 Scaling        =       0.833333
Damping Cutoff         =       0.500000  Inner Cutoff           =       8.000000
List Cutoff            =      13.500000  Outer Cutoff           =      12.000000
QC/MM Coupling         =    RC Coupling  Use Centering          =          False
--------------------------------------------------------------------------------

-------------------------- Pairlist Generator Summary --------------------------
Cell Size              =          6.750  Cutoff                 =         13.500
Cutoff Cell Size Factor =          0.500  Grid Cell/Cell Method  =           True
Minimum Cell Extent    =              2  Minimum Cell Size      =          3.000
Minimum Extent Factor  =          1.500  Minimum Points         =            500
Sort Indices           =          False
--------------------------------------------------------------------------------

----------------------- SoftConstraint Container Summary -----------------------
Multiple Distance      =              2
--------------------------------------------------------------------------------

---------------------------- Hard Constraint Container Summary ---------------------------
Number of Charge Constraints  =            0  Number of Fixed Atoms         =         1351
------------------------------------------------------------------------------------------

------------------------------- Sequence Summary -------------------------------
Number of Atoms            =       2173  Number of Components       =        213
Number of Entities         =          1  Number of Linear Polymers  =          0
Number of Links            =          0  Number of Variants         =          0
--------------------------------------------------------------------------------

-------------------------------  Conjugate Gradient Minimizer Options ------------------------------
Beta Type                        =              1  Initial Step                     =            0.1
Line Searcher                    =           None  Log Frequency                    =              1
Maximum Iterations               =           5000  Maximum Theta                    =          1e+10
Minimum Theta                    =          1e-10  RMS Gradient Tolerance           =            0.1
Steepest Descent Tolerance       =          0.001  Use Spectral Theta               =           True
----------------------------------------------------------------------------------------------------

----------------------------------------------------------------------------------------------------------------
  Iteration       Function          RMS Gradient        Max. |Grad.|          RMS Disp.         Max. |Disp.|
----------------------------------------------------------------------------------------------------------------
     0     I      -9499.36270106         39.44704882       1520.04931196          0.00201374          0.07759730
     1   L1s      -9536.70964779          3.34569019         82.96691935          0.00077134          0.01906558
     2   L1s      -9537.10260625          2.09864896         53.68203975          0.00009562          0.00300867
     3   L1s      -9537.86680031          1.84959997         45.24520631          0.00035023          0.01176898
     4   L0s      -9538.44329892          1.04756722         24.20560864          0.00035023          0.00710546
     5   L1s      -9538.59362995          1.44483110         36.27163647          0.00014619          0.00289945
     6   L1s      -9538.68971487          0.85501627         23.85875258          0.00010868          0.00304940
     7   L1s      -9538.79964599          0.74884113         13.33061037          0.00016189          0.00341242
     8   L0s      -9538.88109235          1.32884607         33.02737775          0.00016189          0.00358020
     9   L1s      -9538.99468974          0.69751109         16.91945372          0.00022227          0.00385027
    10   L1s      -9539.04526821          0.54957424         11.66530275          0.00009639          0.00153299
    11   L1s      -9539.08062176          0.80421085         24.03038698          0.00008515          0.00140315
    12   L1s      -9539.11901123          0.42922574          5.57213281          0.00010022          0.00170546
    13   L0s      -9539.14951743          0.71098403         22.83168571          0.00010022          0.00192334
    14   L0s      -9539.17602960          0.42779725          7.61190302          0.00010022          0.00193849
    15   L1s      -9539.20163495          0.34975466          5.89029843          0.00011541          0.00232333
    16   L0s      -9539.22486916          0.47393259         11.31635911          0.00011541          0.00227690
    17   L1s      -9539.23530692          0.39714232          7.63229425          0.00005305          0.00105811
    18   L1s      -9539.25398166          0.30796574          6.39414308          0.00009548          0.00175137
    19   L1s      -9539.26444696          0.35371157          9.90696904          0.00006019          0.00116902
    20   L1s      -9539.27183685          0.25724835          4.33365244          0.00004576          0.00080525
    21   L1s      -9539.28524913          0.23435859          3.56059904          0.00009321          0.00153245
    22   L1s      -9539.29427090          0.24110467          7.46549595          0.00007006          0.00120819
    23   L1s      -9539.29728144          0.22652448          4.18362747          0.00002548          0.00040772
    24   L1s      -9539.30586283          0.23420570          4.84193574          0.00007886          0.00123513
    25   L1s      -9539.31053305          0.27101366          5.83130645          0.00004587          0.00071232
    26   L1s      -9539.31646620          0.20232574          4.52984792          0.00006091          0.00095045
    27   L1s      -9539.32343081          0.15982638          2.76023332          0.00007676          0.00109660
    28   L1s      -9539.32799691          0.18873242          4.47923888          0.00005541          0.00070696
    29   L1s      -9539.33015179          0.19085986          4.80637456          0.00002774          0.00032223
    30   L1s      -9539.33471371          0.16830961          3.63259306          0.00006185          0.00070916
    31   L1s      -9539.33701452          0.20565419          6.11039310          0.00003311          0.00037013
    32   L1s      -9539.34112820          0.15730027          2.50816479          0.00006137          0.00056573
    33   L1s      -9539.34632870          0.13994401          2.85281876          0.00008211          0.00074514
    34   L1s      -9539.34922180          0.15868579          4.37812089          0.00004867          0.00042350
    35   L1s      -9539.35080730          0.15609288          3.80402873          0.00002787          0.00024821
    36   L1s      -9539.35385104          0.14463215          2.73257572          0.00005580          0.00045645
    37   L1s      -9539.35549101          0.17159919          5.29352894          0.00003145          0.00024816
    38   L1s      -9539.35794362          0.11577463          1.58550807          0.00004843          0.00037559
    39   L1s      -9539.36219689          0.13286487          2.32568980          0.00008913          0.00068203
    40   L1s      -9539.36473850          0.17218109          4.78785848          0.00005548          0.00043059
    41   L1s      -9539.36655030          0.14364797          2.55788108          0.00004046          0.00030227
    42   L1s      -9539.36934772          0.14062492          2.70360982          0.00006444          0.00046909
    43   L1s      -9539.37087382          0.17436541          4.65713657          0.00003624          0.00025908
    44   L1s      -9539.37384701          0.13367371          2.12530456          0.00007195          0.00053326
    45   L1s      -9539.37807069          0.13161138          1.81780253          0.00010536          0.00071686
    46   L1s      -9539.38070635          0.19315711          5.54591575          0.00006773          0.00045714
    47   L1s      -9539.38296578          0.13457214          2.09308505          0.00005884          0.00044368
    48   L1s      -9539.38574248          0.13290718          2.85931093          0.00007423          0.00061504
    49   L1s      -9539.38705547          0.16416390          3.74619058          0.00003601          0.00031456
    50   L1s      -9539.38983152          0.13859207          2.90697081          0.00007737          0.00071612
    51   L1s      -9539.39380303          0.13441277          2.09808056          0.00011311          0.00108706
    52   L1s      -9539.39596869          0.17524539          3.99248363          0.00006304          0.00061481
    53   L0s      -9539.39792729          0.13701625          2.16099188          0.00006304          0.00062535
    54   L1s      -9539.40115539          0.13243733          2.01064076          0.00011080          0.00109939
    55   L1s      -9539.40274435          0.18241489          3.68506249          0.00005071          0.00050195
    56   L1s      -9539.40542499          0.12747379          1.55064056          0.00008638          0.00084419
    57   L1s      -9539.40835407          0.16504678          4.18455881          0.00009619          0.00092920
    58   L1s      -9539.41001224          0.14687742          3.16975053          0.00005506          0.00052300
    59   L1s      -9539.41426778          0.13801516          1.45508341          0.00014327          0.00134389
    60   L1s      -9539.41761204          0.15249244          3.55241365          0.00011429          0.00114180
    61   L1s      -9539.41915392          0.15903424          4.43636574          0.00005333          0.00055792
    62   L1s      -9539.42194973          0.14486078          2.31557378          0.00009775          0.00105257
    63   L1s      -9539.42378974          0.18306631          5.65416154          0.00006515          0.00071006
    64   L1s      -9539.42674049          0.13466296          1.65041191          0.00010529          0.00116470
    65   L1s      -9539.43003102          0.12764568          1.56596410          0.00011906          0.00133464
    66   L1s      -9539.43237523          0.17864552          4.51572827          0.00008611          0.00096214
    67   L1s      -9539.43439636          0.12830694          1.81554931          0.00007480          0.00081367
    68   L1s      -9539.43736620          0.13053429          1.75118658          0.00011151          0.00115276
    69   L1s      -9539.43846491          0.14057464          2.80587794          0.00004181          0.00041248
    70   L1s      -9539.44015043          0.08857047          1.05779131          0.00006488          0.00063644
----------------------------------------------------------------------------------------------------------------

Minimization converged.

-------------------  Conjugate Gradient Minimizer Statistics -------------------
Iterations             =             70  Function Calls         =            135
--------------------------------------------------------------------------------
