
#-----------------------------------------------------------------------------#
#                                                                             #
#                                EasyHybrid                                   #
#                   - A pDynamo graphical user interface -                    #
#                                                                             #
#-----------------------------------------------------------------------------#
#                                                                             #
#     Developed by Jose Fernando R Bachega and Luis Fernando S M Timmers      #
#                            <ferbachega@gmail.com>                           #
#                                                                             #
#             visit: https://sites.google.com/site/EasyHybrid/                #
#                   Univesity of Sao Paulo - SP, Brazil                       #
#      Pontifical Catholic University of Rio Grande do Sul - RS, Brazil       #
#                                                                             #
#                                                                             #
#   EasyHybrid team:                               Special thanks to:         #
#   - Jose Fernando R Bachega           |         - Fernando V Maluf          #
#   - Michele Silva                     |                                     #
#   - Luis Fernando S M Timmers         |                                     #
#   - Martin Field                      |         - Leonardo R Bachega        #
#   - Troy Wymore                       |         - Lucas Assirati            #
#   - Osmar Norberto de Souza           |         - Richard Garratt           #
#   - Walter R Paixao-Cortes            |                                     #
#                                                                             #
#   Cite this work as:                                                        #
#   J.F.R. Bachega, L.F.S.M. Timmers, L.Assirati, L.B. Bachega, M.J. Field,   #
#   T. Wymore. J. Comput. Chem. 2013, 34, 2190-2196. DOI: 10.1002/jcc.23346   #
#                                                                             #
#-----------------------------------------------------------------------------#

Generated on Wed Jun  5 17:26:43 2019


--------------------------------------------------------------------------------
                       Summary for System "Pruned System"
--------------------------------------------------------------------------------

---------------------------- Atom Container Summary ----------------------------
Number of Atoms        =           2173  Number of Heavy Atoms  =           1040
Number of Hydrogens    =           1133  Number of Unknowns     =              0
--------------------------------------------------------------------------------

----------------------------- Connectivity Summary -----------------------------
Atoms                  =           2173
--------------------------------------------------------------------------------

------------------------------- Electronic State -------------------------------
Charge                 =             -1  Multiplicity           =              1
--------------------------------------------------------------------------------

--------------------------------------------------------------------------------
                    Summary for Energy Model "AMBER/AM1/ABFS"
--------------------------------------------------------------------------------

----------------------------------- Summary for MM Model "AMBER" -----------------------------------
LJ 1-4 Scaling                   =          0.500  El. 1-4 Scaling                  =          0.833
Number of MM Atoms               =           2173  Number of MM Atom Types          =             37
Number of Inactive MM Atoms      =             33  Total MM Charge                  =          -4.00
Harmonic Bond Terms              =           2169  Harmonic Bond Parameters         =             49
Harmonic Bond Inactive           =           1308  Fourier Improper Terms           =            320
Fourier Improper Parameters      =              3  Fourier Improper Inactive        =            164
Harmonic Angle Terms             =           3403  Harmonic Angle Parameters        =            103
Harmonic Angle Inactive          =           1938  Fourier Dihedral Terms           =           6697
Fourier Dihedral Parameters      =             48  Fourier Dihedral Inactive        =           3453
Exclusions                       =          10377  1-4 Interactions                 =           4805
LJ Parameters Form               =          AMBER  LJ Parameters Types              =             21
1-4 Lennard-Jones Form           =          AMBER  1-4 Lennard-Jones Types          =             21
----------------------------------------------------------------------------------------------------

-------------------------- Summary for QC Model "AM1" --------------------------
Number of QC Atoms     =             39  Boundary Atoms         =              6
Nuclear Charge         =            129  Orbital Functions      =            108
Fitting Functions      =              0  Energy Base Line       =      188.36370
QC Parameter Centers   =              6
--------------------------------------------------------------------------------

----------------------------- ABFS NB Model Summary ----------------------------
Dielectric             =       1.000000  El. 1-4 Scaling        =       0.833333
Damping Cutoff         =       0.500000  Inner Cutoff           =       8.000000
List Cutoff            =      13.500000  Outer Cutoff           =      12.000000
QC/MM Coupling         =    RC Coupling  Use Centering          =          False
--------------------------------------------------------------------------------

-------------------------- Pairlist Generator Summary --------------------------
Cell Size              =          6.750  Cutoff                 =         13.500
Cutoff Cell Size Factor =          0.500  Grid Cell/Cell Method  =           True
Minimum Cell Extent    =              2  Minimum Cell Size      =          3.000
Minimum Extent Factor  =          1.500  Minimum Points         =            500
Sort Indices           =          False
--------------------------------------------------------------------------------

----------------------- SoftConstraint Container Summary -----------------------
Multiple Distance      =              2
--------------------------------------------------------------------------------

---------------------------- Hard Constraint Container Summary ---------------------------
Number of Charge Constraints  =            0  Number of Fixed Atoms         =         1351
------------------------------------------------------------------------------------------

------------------------------- Sequence Summary -------------------------------
Number of Atoms            =       2173  Number of Components       =        213
Number of Entities         =          1  Number of Linear Polymers  =          0
Number of Links            =          0  Number of Variants         =          0
--------------------------------------------------------------------------------

-------------------------------  Conjugate Gradient Minimizer Options ------------------------------
Beta Type                        =              1  Initial Step                     =            0.1
Line Searcher                    =           None  Log Frequency                    =              1
Maximum Iterations               =           5000  Maximum Theta                    =          1e+10
Minimum Theta                    =          1e-10  RMS Gradient Tolerance           =            0.1
Steepest Descent Tolerance       =          0.001  Use Spectral Theta               =           True
----------------------------------------------------------------------------------------------------

----------------------------------------------------------------------------------------------------------------
  Iteration       Function          RMS Gradient        Max. |Grad.|          RMS Disp.         Max. |Disp.|
----------------------------------------------------------------------------------------------------------------
     0     I      -9483.14652291         39.38171310       1500.78943061          0.00201374          0.07674121
     1   L1s      -9522.29638143          3.08167575         87.96234685          0.00080580          0.02291973
     2   L1s      -9522.58563022          1.52372292         31.58663206          0.00007638          0.00175553
     3   L1s      -9523.01980088          1.17982277         29.74929327          0.00025866          0.00522850
     4   L1s      -9523.25747191          0.68386840         11.14650538          0.00021518          0.00359634
     5   L1s      -9523.32692517          0.77940968         21.87676567          0.00010353          0.00247877
     6   L1s      -9523.35482104          0.51908477          9.42735529          0.00005073          0.00066905
     7   L0s      -9523.37712868          0.34062218          5.02300153          0.00005073          0.00084043
     8   L1s      -9523.39022818          0.47884933         11.51323501          0.00004268          0.00057789
     9   L1s      -9523.41028771          0.32935958          4.74171708          0.00007437          0.00091340
    10   L0s      -9523.42779037          0.28311084          5.21912424          0.00007437          0.00116712
    11   L1s      -9523.43931762          0.45218144         11.38684773          0.00005913          0.00079315
    12   L0s      -9523.44996504          0.22589611          3.82358343          0.00005913          0.00081411
    13   L1s      -9523.46098441          0.28134339          6.77428383          0.00007407          0.00095598
    14   L1s      -9523.46498427          0.20502432          3.99569346          0.00002917          0.00034160
    15   L1s      -9523.47225841          0.20024528          3.32325489          0.00006035          0.00080752
    16   L1s      -9523.48086023          0.30816615          6.41488555          0.00007940          0.00102087
    17   L1s      -9523.48565595          0.24483327          4.23338951          0.00004604          0.00063358
    18   L1s      -9523.49274420          0.20804860          4.52823688          0.00007200          0.00100369
    19   L1s      -9523.49866784          0.23841162          6.29046661          0.00006446          0.00077091
    20   L1s      -9523.50187660          0.17606538          2.89815192          0.00003658          0.00045342
    21   L1s      -9523.50748777          0.15781982          2.37172417          0.00006898          0.00074879
    22   L1s      -9523.51087238          0.22322718          5.89696216          0.00004509          0.00051281
    23   L1s      -9523.51343176          0.15784009          2.10241182          0.00003534          0.00037224
    24   L1s      -9523.51942505          0.15867684          2.60206828          0.00008831          0.00095243
    25   L1s      -9523.52157136          0.20156632          5.63883156          0.00003348          0.00036438
    26   L1s      -9523.52689117          0.14897886          2.34196075          0.00008571          0.00092321
    27   L1s      -9523.53103791          0.19607799          4.26019743          0.00007053          0.00075899
    28   L1s      -9523.53310778          0.17070585          3.77425658          0.00003623          0.00040884
    29   L1s      -9523.53597804          0.13482164          2.90900011          0.00005207          0.00061104
    30   L0s      -9523.53891309          0.12578464          2.96463721          0.00005207          0.00061740
    31   L1s      -9523.54012501          0.14244425          3.54985608          0.00002280          0.00027389
    32   L1s      -9523.54499725          0.14382062          1.66123989          0.00010082          0.00123805
    33   L1s      -9523.54719888          0.18328952          4.44622785          0.00004720          0.00058508
    34   L1s      -9523.54909647          0.12665948          2.01045059          0.00004154          0.00051820
    35   L1s      -9523.55136532          0.15081700          2.57032662          0.00005175          0.00063679
    36   L0s      -9523.55351304          0.18619445          4.21843450          0.00005175          0.00062599
    37   L1s      -9523.55695965          0.14224784          1.74848408          0.00008355          0.00098279
    38   L1s      -9523.56143572          0.16729724          2.91869793          0.00010687          0.00126675
    39   L1s      -9523.56399384          0.21720905          5.68882524          0.00006235          0.00073919
    40   L1s      -9523.56767878          0.15145408          2.16392610          0.00009087          0.00107756
    41   L1s      -9523.57009934          0.19729723          5.76837549          0.00006112          0.00073965
    42   L1s      -9523.57298908          0.13986596          2.00009525          0.00007393          0.00092871
    43   L1s      -9523.57621426          0.14590749          1.94394893          0.00008463          0.00109449
    44   L1s      -9523.58003501          0.18540289          5.17793256          0.00010251          0.00135861
    45   L1s      -9523.58210865          0.16754888          3.71693070          0.00005636          0.00077549
    46   L1s      -9523.58625010          0.18715262          5.20745291          0.00011433          0.00164799
    47   L1s      -9523.58836005          0.18523794          3.63813511          0.00005896          0.00089297
    48   L1s      -9523.59330345          0.16844656          3.00068024          0.00013988          0.00223834
    49   L1s      -9523.59752578          0.15829306          2.66743943          0.00012121          0.00201532
    50   L1s      -9523.60004346          0.19713535          5.90952191          0.00007341          0.00123534
    51   L1s      -9523.60331696          0.15387645          1.89195586          0.00009642          0.00161387
    52   L1s      -9523.60746141          0.23662218          5.94752051          0.00012408          0.00205598
    53   L1s      -9523.61029569          0.17065944          3.06778742          0.00008544          0.00138057
    54   L1s      -9523.61507003          0.15875469          2.28409163          0.00014579          0.00229505
    55   L1s      -9523.61850769          0.20740380          5.44305789          0.00010650          0.00165191
    56   L1s      -9523.62143940          0.16556698          3.02718364          0.00009156          0.00138580
    57   L1s      -9523.62601774          0.18246372          3.18192025          0.00014477          0.00213866
    58   L1s      -9523.62981820          0.23631325          5.39615215          0.00012139          0.00176818
    59   L1s      -9523.63276521          0.15680374          2.78373968          0.00009465          0.00134138
    60   L1s      -9523.63760957          0.17479933          3.46379780          0.00015758          0.00222214
    61   L1s      -9523.63951927          0.16468662          3.48307868          0.00006275          0.00088681
    62   L1s      -9523.64370192          0.14255357          1.67278264          0.00013898          0.00200228
    63   L1s      -9523.64736221          0.18565322          3.59717726          0.00012349          0.00179257
    64   L1s      -9523.64984420          0.19910287          4.05264882          0.00008445          0.00122840
    65   L1s      -9523.65310423          0.14681578          2.40079513          0.00011174          0.00161356
    66   L1s      -9523.65546434          0.18714647          3.93885470          0.00008197          0.00117761
    67   L0s      -9523.65803184          0.13178406          1.48461813          0.00008197          0.00116406
    68   L1s      -9523.66239937          0.14361095          2.34631387          0.00012871          0.00184971
    69   L1s      -9523.66488991          0.22074057          6.86753848          0.00007969          0.00115397
    70   L1s      -9523.66782293          0.13026332          1.80867657          0.00009448          0.00140167
    71   L1s      -9523.67153902          0.14519329          2.62480484          0.00012188          0.00180820
    72   L1s      -9523.67328857          0.17846267          3.70901994          0.00005822          0.00085844
    73   L1s      -9523.67705381          0.14858820          3.36469504          0.00012647          0.00182122
    74   L1s      -9523.67916891          0.17529176          4.28841448          0.00007203          0.00101929
    75   L1s      -9523.68105163          0.14667919          3.39964146          0.00006471          0.00089585
    76   L1s      -9523.68454171          0.12054703          1.41998038          0.00012155          0.00165436
    77   L1s      -9523.68759943          0.14341178          3.36908956          0.00010859          0.00145940
    78   L1s      -9523.68862051          0.12879892          2.24203737          0.00003672          0.00048487
    79   L1s      -9523.69142897          0.13322189          2.62914760          0.00010256          0.00132281
    80   L1s      -9523.69292658          0.16501007          3.70949853          0.00005546          0.00070685
    81   L1s      -9523.69596623          0.12061179          1.39939818          0.00011352          0.00145646
    82   L0s      -9523.69866535          0.15767440          3.00414499          0.00011352          0.00150014
    83   L1s      -9523.69986240          0.14459195          3.32989797          0.00004857          0.00066791
    84   L1s      -9523.70203764          0.11872231          2.86507574          0.00007938          0.00115698
    85   L1s      -9523.70479199          0.12841946          1.75432424          0.00010228          0.00152831
    86   L1s      -9523.70645484          0.17194219          5.27285473          0.00006263          0.00094059
    87   L1s      -9523.70848452          0.12183195          1.78383256          0.00007704          0.00114975
    88   L0s      -9523.71056982          0.17399704          5.82049562          0.00007704          0.00114625
    89   L0s      -9523.71248740          0.11013637          1.64436409          0.00007704          0.00115099
    90   L1s      -9523.71469007          0.11947021          1.58658912          0.00010688          0.00161273
    91   L1s      -9523.71657312          0.15518808          4.23366404          0.00008767          0.00132967
    92   L1s      -9523.71815330          0.13861933          2.54236471          0.00007404          0.00112593
    93   L1s      -9523.72048395          0.15041481          4.21743343          0.00011004          0.00166487
    94   L1s      -9523.72173987          0.11998280          2.42320077          0.00005966          0.00089128
    95   L1s      -9523.72372835          0.11283260          1.55510711          0.00009539          0.00140474
    96   L1s      -9523.72637252          0.15440640          3.62899806          0.00012822          0.00189260
    97   L1s      -9523.72784800          0.13469026          2.52865160          0.00007197          0.00107259
    98   L1s      -9523.73003082          0.13608737          2.23302562          0.00010728          0.00162102
    99   L1s      -9523.73126170          0.13661267          3.10662959          0.00006093          0.00093185
   100   L1s      -9523.73285674          0.10496248          1.53334003          0.00007950          0.00123119
   101   L1s      -9523.73518513          0.12976146          2.69179194          0.00011743          0.00182267
   102   L1s      -9523.73655520          0.14681128          2.85398841          0.00006964          0.00108351
   103   L1s      -9523.73901170          0.11660618          1.68750679          0.00012560          0.00197934
   104   L1s      -9523.74031922          0.14829684          3.35153040          0.00006747          0.00107634
   105   L1s      -9523.74180665          0.11978121          1.72918759          0.00007718          0.00126275
   106   L1s      -9523.74385672          0.11834438          2.21455059          0.00010727          0.00180451
   107   L1s      -9523.74552677          0.16393978          4.23998955          0.00008812          0.00149919
   108   L1s      -9523.74775560          0.11253623          1.48781658          0.00011808          0.00203447
   109   L0s      -9523.75015240          0.14443162          3.44176773          0.00011808          0.00203726
   110   L1s      -9523.75146566          0.13513184          2.67111517          0.00006728          0.00116183
   111   L1s      -9523.75366138          0.12648580          2.12546328          0.00012437          0.00214944
   112   L1s      -9523.75541118          0.15042436          4.48539426          0.00009975          0.00172488
   113   L0s      -9523.75714385          0.12271773          2.00305598          0.00009975          0.00172292
   114   L1s      -9523.75925993          0.10787120          1.65669717          0.00012294          0.00210015
   115   L0s      -9523.76117190          0.17379061          5.55594314          0.00012294          0.00208158
   116   L1s      -9523.76270262          0.11116837          1.48918774          0.00009279          0.00151508
   117   L0s      -9523.76460137          0.15049588          4.22631355          0.00009279          0.00149291
   118   L1s      -9523.76578692          0.12389039          2.13136003          0.00005765          0.00091476
   119   L1s      -9523.76781315          0.10301175          2.14697510          0.00009605          0.00153676
   120   L0s      -9523.76968687          0.11513539          1.93950356          0.00009605          0.00156632
   121   L1s      -9523.77094669          0.14014690          4.15588247          0.00006422          0.00105858
   122   L1s      -9523.77251127          0.11253754          1.79571389          0.00007697          0.00128231
   123   L1s      -9523.77472832          0.12270601          3.13321997          0.00011018          0.00183881
   124   L1s      -9523.77553209          0.11765824          2.54333680          0.00004030          0.00067283
   125   L1s      -9523.77761301          0.09352376          0.98178675          0.00010529          0.00175821
----------------------------------------------------------------------------------------------------------------

Minimization converged.

-------------------  Conjugate Gradient Minimizer Statistics -------------------
Iterations             =            125  Function Calls         =            237
--------------------------------------------------------------------------------
