
#-----------------------------------------------------------------------------#
#                                                                             #
#                                EasyHybrid                                   #
#                   - A pDynamo graphical user interface -                    #
#                                                                             #
#-----------------------------------------------------------------------------#
#                                                                             #
#     Developed by Jose Fernando R Bachega and Luis Fernando S M Timmers      #
#                            <ferbachega@gmail.com>                           #
#                                                                             #
#             visit: https://sites.google.com/site/EasyHybrid/                #
#                   Univesity of Sao Paulo - SP, Brazil                       #
#      Pontifical Catholic University of Rio Grande do Sul - RS, Brazil       #
#                                                                             #
#                                                                             #
#   EasyHybrid team:                               Special thanks to:         #
#   - Jose Fernando R Bachega           |         - Fernando V Maluf          #
#   - Michele Silva                     |                                     #
#   - Luis Fernando S M Timmers         |                                     #
#   - Martin Field                      |         - Leonardo R Bachega        #
#   - Troy Wymore                       |         - Lucas Assirati            #
#   - Osmar Norberto de Souza           |         - Richard Garratt           #
#   - Walter R Paixao-Cortes            |                                     #
#                                                                             #
#   Cite this work as:                                                        #
#   J.F.R. Bachega, L.F.S.M. Timmers, L.Assirati, L.B. Bachega, M.J. Field,   #
#   T. Wymore. J. Comput. Chem. 2013, 34, 2190-2196. DOI: 10.1002/jcc.23346   #
#                                                                             #
#-----------------------------------------------------------------------------#

Generated on Wed Jun  5 17:29:53 2019


--------------------------------------------------------------------------------
                       Summary for System "Pruned System"
--------------------------------------------------------------------------------

---------------------------- Atom Container Summary ----------------------------
Number of Atoms        =           2173  Number of Heavy Atoms  =           1040
Number of Hydrogens    =           1133  Number of Unknowns     =              0
--------------------------------------------------------------------------------

----------------------------- Connectivity Summary -----------------------------
Atoms                  =           2173
--------------------------------------------------------------------------------

------------------------------- Electronic State -------------------------------
Charge                 =             -1  Multiplicity           =              1
--------------------------------------------------------------------------------

--------------------------------------------------------------------------------
                    Summary for Energy Model "AMBER/AM1/ABFS"
--------------------------------------------------------------------------------

----------------------------------- Summary for MM Model "AMBER" -----------------------------------
LJ 1-4 Scaling                   =          0.500  El. 1-4 Scaling                  =          0.833
Number of MM Atoms               =           2173  Number of MM Atom Types          =             37
Number of Inactive MM Atoms      =             33  Total MM Charge                  =          -4.00
Harmonic Bond Terms              =           2169  Harmonic Bond Parameters         =             49
Harmonic Bond Inactive           =           1308  Fourier Improper Terms           =            320
Fourier Improper Parameters      =              3  Fourier Improper Inactive        =            164
Harmonic Angle Terms             =           3403  Harmonic Angle Parameters        =            103
Harmonic Angle Inactive          =           1938  Fourier Dihedral Terms           =           6697
Fourier Dihedral Parameters      =             48  Fourier Dihedral Inactive        =           3453
Exclusions                       =          10377  1-4 Interactions                 =           4805
LJ Parameters Form               =          AMBER  LJ Parameters Types              =             21
1-4 Lennard-Jones Form           =          AMBER  1-4 Lennard-Jones Types          =             21
----------------------------------------------------------------------------------------------------

-------------------------- Summary for QC Model "AM1" --------------------------
Number of QC Atoms     =             39  Boundary Atoms         =              6
Nuclear Charge         =            129  Orbital Functions      =            108
Fitting Functions      =              0  Energy Base Line       =      188.36370
QC Parameter Centers   =              6
--------------------------------------------------------------------------------

----------------------------- ABFS NB Model Summary ----------------------------
Dielectric             =       1.000000  El. 1-4 Scaling        =       0.833333
Damping Cutoff         =       0.500000  Inner Cutoff           =       8.000000
List Cutoff            =      13.500000  Outer Cutoff           =      12.000000
QC/MM Coupling         =    RC Coupling  Use Centering          =          False
--------------------------------------------------------------------------------

-------------------------- Pairlist Generator Summary --------------------------
Cell Size              =          6.750  Cutoff                 =         13.500
Cutoff Cell Size Factor =          0.500  Grid Cell/Cell Method  =           True
Minimum Cell Extent    =              2  Minimum Cell Size      =          3.000
Minimum Extent Factor  =          1.500  Minimum Points         =            500
Sort Indices           =          False
--------------------------------------------------------------------------------

----------------------- SoftConstraint Container Summary -----------------------
Multiple Distance      =              2
--------------------------------------------------------------------------------

---------------------------- Hard Constraint Container Summary ---------------------------
Number of Charge Constraints  =            0  Number of Fixed Atoms         =         1351
------------------------------------------------------------------------------------------

------------------------------- Sequence Summary -------------------------------
Number of Atoms            =       2173  Number of Components       =        213
Number of Entities         =          1  Number of Linear Polymers  =          0
Number of Links            =          0  Number of Variants         =          0
--------------------------------------------------------------------------------

-------------------------------  Conjugate Gradient Minimizer Options ------------------------------
Beta Type                        =              1  Initial Step                     =            0.1
Line Searcher                    =           None  Log Frequency                    =              1
Maximum Iterations               =           5000  Maximum Theta                    =          1e+10
Minimum Theta                    =          1e-10  RMS Gradient Tolerance           =            0.1
Steepest Descent Tolerance       =          0.001  Use Spectral Theta               =           True
----------------------------------------------------------------------------------------------------

----------------------------------------------------------------------------------------------------------------
  Iteration       Function          RMS Gradient        Max. |Grad.|          RMS Disp.         Max. |Disp.|
----------------------------------------------------------------------------------------------------------------
     0     I      -9458.91895204         37.65097115       1394.23425200          0.00201374          0.07456981
     1   L1s      -9494.75854161          2.41587135         64.19539270          0.00076628          0.01933667
     2   L1s      -9496.14826928          2.48278487         55.82019243          0.00046801          0.01302563
     3   L1s      -9496.44701203          2.05493164         44.46428704          0.00013813          0.00327013
     4   L1s      -9496.92871954          1.05365139         28.59767376          0.00029339          0.00754872
     5   L1s      -9497.07716825          1.67810694         41.66201205          0.00014573          0.00406775
     6   L1s      -9497.27497735          1.04835635         21.41688985          0.00021679          0.00575718
     7   L0s      -9497.43716166          0.73697326         15.09927997          0.00021679          0.00545090
     8   L1s      -9497.51305094          0.81504263         20.63656685          0.00013043          0.00337301
     9   L1s      -9497.54232742          0.50157220          7.94982326          0.00005844          0.00141067
    10   L1s      -9497.58401203          0.47345853          9.16910092          0.00010703          0.00233143
    11   L1s      -9497.60406228          0.57779823         12.34209589          0.00006189          0.00137820
    12   L1s      -9497.63373104          0.53818823         12.84657783          0.00010058          0.00238674
    13   L1s      -9497.67995479          0.39190396          6.01974833          0.00017131          0.00452290
    14   L0s      -9497.72180465          0.78103875         19.58064646          0.00017131          0.00426811
    15   L1s      -9497.75662116          0.49093795          8.52775480          0.00015099          0.00396607
    16   L1s      -9497.79945434          0.54054391         10.59064377          0.00021389          0.00592214
    17   L1s      -9497.82050458          0.55874243         11.59162255          0.00010985          0.00291844
    18   L1s      -9497.84511945          0.38136715          6.32756866          0.00013335          0.00367461
    19   L1s      -9497.87341005          0.32759706          4.43195728          0.00016452          0.00443006
    20   L1s      -9497.88687938          0.36473991         10.23453843          0.00008506          0.00229557
    21   L1s      -9497.89349631          0.27788202          5.89272018          0.00004430          0.00117591
    22   L1s      -9497.91016835          0.23777675          3.62294690          0.00012180          0.00299603
    23   L1s      -9497.91772284          0.26457990          6.74072209          0.00006089          0.00159158
    24   L1s      -9497.92124471          0.18837398          2.60636994          0.00003037          0.00066028
    25   L1s      -9497.92955643          0.19565392          3.03976662          0.00008018          0.00155216
    26   L1s      -9497.93247869          0.21874162          6.34575706          0.00003069          0.00058776
    27   L1s      -9497.93622224          0.16143937          3.23853556          0.00004168          0.00067424
    28   L1s      -9497.94029722          0.14063280          2.78926335          0.00004978          0.00068773
    29   L0s      -9497.94389832          0.16682307          3.17004177          0.00004978          0.00064627
    30   L1s      -9497.94562160          0.17384275          5.03583534          0.00002504          0.00030329
    31   L1s      -9497.94949994          0.12368631          1.36130261          0.00005816          0.00079414
    32   L1s      -9497.95202569          0.16974451          4.54980501          0.00004133          0.00072024
    33   L1s      -9497.95357413          0.12284566          1.80965795          0.00002640          0.00037075
    34   L1s      -9497.95736955          0.12248895          1.46602097          0.00006940          0.00087434
    35   L1s      -9497.95993463          0.19246634          5.85486518          0.00004990          0.00063487
    36   L1s      -9497.96187978          0.12802019          1.93528316          0.00003872          0.00048236
    37   L1s      -9497.96493327          0.13404961          2.76583250          0.00006378          0.00075766
    38   L0s      -9497.96807707          0.11600703          1.49060892          0.00006378          0.00064861
    39   L1s      -9497.96961691          0.16878303          4.05809600          0.00003252          0.00032652
    40   L1s      -9497.97190915          0.11978050          2.06991058          0.00005115          0.00049675
    41   L1s      -9497.97485901          0.17295026          4.02752238          0.00006878          0.00064864
    42   L1s      -9497.97635072          0.12180939          1.56412342          0.00003548          0.00031308
    43   L1s      -9497.97879525          0.11773242          1.93536429          0.00006037          0.00050491
    44   L1s      -9497.98208078          0.13086931          1.67587705          0.00008423          0.00071537
    45   L1s      -9497.98447111          0.18470238          5.24030104          0.00006304          0.00053808
    46   L1s      -9497.98639155          0.13415787          2.34615487          0.00005134          0.00043705
    47   L1s      -9497.98903660          0.11507385          1.80566679          0.00007250          0.00062168
    48   L0s      -9497.99169799          0.10079161          1.53334096          0.00007250          0.00069529
    49   L1s      -9497.99260717          0.13117280          3.57118538          0.00002561          0.00022708
    50   L1s      -9497.99451097          0.10466104          1.28228010          0.00005607          0.00050584
    51   L1s      -9497.99684961          0.16161256          4.30624368          0.00007122          0.00064714
    52   L1s      -9497.99816273          0.11703719          1.83353419          0.00004053          0.00036407
    53   L1s      -9498.00013862          0.10711737          2.32504860          0.00006250          0.00054187
    54   L1s      -9498.00244683          0.10612006          1.36398232          0.00007509          0.00061374
    55   L0s      -9498.00483870          0.12498113          3.07242697          0.00007509          0.00058008
    56   L1s      -9498.00581833          0.12552509          3.29102576          0.00003201          0.00022499
    57   L1s      -9498.00812490          0.09880981          1.30086497          0.00008159          0.00052078
----------------------------------------------------------------------------------------------------------------

Minimization converged.

-------------------  Conjugate Gradient Minimizer Statistics -------------------
Iterations             =             57  Function Calls         =            109
--------------------------------------------------------------------------------
