
#-----------------------------------------------------------------------------#
#                                                                             #
#                                EasyHybrid                                   #
#                   - A pDynamo graphical user interface -                    #
#                                                                             #
#-----------------------------------------------------------------------------#
#                                                                             #
#     Developed by Jose Fernando R Bachega and Luis Fernando S M Timmers      #
#                            <ferbachega@gmail.com>                           #
#                                                                             #
#             visit: https://sites.google.com/site/EasyHybrid/                #
#                   Univesity of Sao Paulo - SP, Brazil                       #
#      Pontifical Catholic University of Rio Grande do Sul - RS, Brazil       #
#                                                                             #
#                                                                             #
#   EasyHybrid team:                               Special thanks to:         #
#   - Jose Fernando R Bachega           |         - Fernando V Maluf          #
#   - Michele Silva                     |                                     #
#   - Luis Fernando S M Timmers         |                                     #
#   - Martin Field                      |         - Leonardo R Bachega        #
#   - Troy Wymore                       |         - Lucas Assirati            #
#   - Osmar Norberto de Souza           |         - Richard Garratt           #
#   - Walter R Paixao-Cortes            |                                     #
#                                                                             #
#   Cite this work as:                                                        #
#   J.F.R. Bachega, L.F.S.M. Timmers, L.Assirati, L.B. Bachega, M.J. Field,   #
#   T. Wymore. J. Comput. Chem. 2013, 34, 2190-2196. DOI: 10.1002/jcc.23346   #
#                                                                             #
#-----------------------------------------------------------------------------#

Generated on Wed Jun  5 17:20:57 2019


--------------------------------------------------------------------------------
                       Summary for System "Pruned System"
--------------------------------------------------------------------------------

---------------------------- Atom Container Summary ----------------------------
Number of Atoms        =           2173  Number of Heavy Atoms  =           1040
Number of Hydrogens    =           1133  Number of Unknowns     =              0
--------------------------------------------------------------------------------

----------------------------- Connectivity Summary -----------------------------
Atoms                  =           2173
--------------------------------------------------------------------------------

------------------------------- Electronic State -------------------------------
Charge                 =             -1  Multiplicity           =              1
--------------------------------------------------------------------------------

--------------------------------------------------------------------------------
                    Summary for Energy Model "AMBER/AM1/ABFS"
--------------------------------------------------------------------------------

----------------------------------- Summary for MM Model "AMBER" -----------------------------------
LJ 1-4 Scaling                   =          0.500  El. 1-4 Scaling                  =          0.833
Number of MM Atoms               =           2173  Number of MM Atom Types          =             37
Number of Inactive MM Atoms      =             33  Total MM Charge                  =          -4.00
Harmonic Bond Terms              =           2169  Harmonic Bond Parameters         =             49
Harmonic Bond Inactive           =           1308  Fourier Improper Terms           =            320
Fourier Improper Parameters      =              3  Fourier Improper Inactive        =            164
Harmonic Angle Terms             =           3403  Harmonic Angle Parameters        =            103
Harmonic Angle Inactive          =           1938  Fourier Dihedral Terms           =           6697
Fourier Dihedral Parameters      =             48  Fourier Dihedral Inactive        =           3453
Exclusions                       =          10377  1-4 Interactions                 =           4805
LJ Parameters Form               =          AMBER  LJ Parameters Types              =             21
1-4 Lennard-Jones Form           =          AMBER  1-4 Lennard-Jones Types          =             21
----------------------------------------------------------------------------------------------------

-------------------------- Summary for QC Model "AM1" --------------------------
Number of QC Atoms     =             39  Boundary Atoms         =              6
Nuclear Charge         =            129  Orbital Functions      =            108
Fitting Functions      =              0  Energy Base Line       =      188.36370
QC Parameter Centers   =              6
--------------------------------------------------------------------------------

----------------------------- ABFS NB Model Summary ----------------------------
Dielectric             =       1.000000  El. 1-4 Scaling        =       0.833333
Damping Cutoff         =       0.500000  Inner Cutoff           =       8.000000
List Cutoff            =      13.500000  Outer Cutoff           =      12.000000
QC/MM Coupling         =    RC Coupling  Use Centering          =          False
--------------------------------------------------------------------------------

-------------------------- Pairlist Generator Summary --------------------------
Cell Size              =          6.750  Cutoff                 =         13.500
Cutoff Cell Size Factor =          0.500  Grid Cell/Cell Method  =           True
Minimum Cell Extent    =              2  Minimum Cell Size      =          3.000
Minimum Extent Factor  =          1.500  Minimum Points         =            500
Sort Indices           =          False
--------------------------------------------------------------------------------

----------------------- SoftConstraint Container Summary -----------------------
Multiple Distance      =              2
--------------------------------------------------------------------------------

---------------------------- Hard Constraint Container Summary ---------------------------
Number of Charge Constraints  =            0  Number of Fixed Atoms         =         1351
------------------------------------------------------------------------------------------

------------------------------- Sequence Summary -------------------------------
Number of Atoms            =       2173  Number of Components       =        213
Number of Entities         =          1  Number of Linear Polymers  =          0
Number of Links            =          0  Number of Variants         =          0
--------------------------------------------------------------------------------

-------------------------------  Conjugate Gradient Minimizer Options ------------------------------
Beta Type                        =              1  Initial Step                     =            0.1
Line Searcher                    =           None  Log Frequency                    =              1
Maximum Iterations               =           5000  Maximum Theta                    =          1e+10
Minimum Theta                    =          1e-10  RMS Gradient Tolerance           =            0.1
Steepest Descent Tolerance       =          0.001  Use Spectral Theta               =           True
----------------------------------------------------------------------------------------------------

----------------------------------------------------------------------------------------------------------------
  Iteration       Function          RMS Gradient        Max. |Grad.|          RMS Disp.         Max. |Disp.|
----------------------------------------------------------------------------------------------------------------
     0     I      -9530.03837705         39.38898007       1369.29539776          0.00201374          0.07000449
     1   L1s      -9566.19173953          4.33279744        158.90790307          0.00074633          0.02721346
     2   L1s      -9566.74911757          1.77898966         31.89930436          0.00010470          0.00193477
     3   L1s      -9567.15234430          1.11819655         23.37653305          0.00020002          0.00368588
     4   L1s      -9567.63987856          1.49579537         31.90132150          0.00042665          0.00828293
     5   L1s      -9567.78665002          1.63873544         41.34322682          0.00015070          0.00324835
     6   L1s      -9568.01207457          1.19487855         26.08138774          0.00025719          0.00597561
     7   L1s      -9568.11196964          1.12697675         33.84585946          0.00013278          0.00350908
     8   L0s      -9568.19638226          0.77064065         11.72668824          0.00013278          0.00389311
     9   L1s      -9568.35248984          0.90620466         13.70580991          0.00030065          0.00884020
    10   L1s      -9568.45758050          1.12397916         30.71545906          0.00022409          0.00624210
    11   L1s      -9568.51844743          0.81483884         14.57287254          0.00013701          0.00361307
    12   L1s      -9568.59320171          0.72258377         14.13613834          0.00018406          0.00444416
    13   L1s      -9568.62421834          0.67516337         15.87073574          0.00008385          0.00181828
    14   L1s      -9568.70992330          0.60365967         11.38727239          0.00025374          0.00487961
    15   L1s      -9568.77835692          0.63852598         15.92329450          0.00022311          0.00395387
    16   L1s      -9568.80932118          0.75795894         16.40646403          0.00010826          0.00180827
    17   L1s      -9568.85735836          0.58557287         11.85967342          0.00017572          0.00286565
    18   L1s      -9568.88358670          0.63264904         19.32202350          0.00010251          0.00154785
    19   L1s      -9568.91673115          0.53787731          9.54596313          0.00013634          0.00195861
    20   L1s      -9568.97195250          0.37779903          5.34118966          0.00024228          0.00406408
    21   L1s      -9568.99507341          0.55070639         18.90798977          0.00011265          0.00168679
    22   L1s      -9569.01243926          0.40620446          7.97520979          0.00008844          0.00172677
    23   L1s      -9569.03040546          0.42572637         10.63495709          0.00009841          0.00178906
    24   L1s      -9569.03923023          0.33713955          6.11477396          0.00005122          0.00102120
    25   L1s      -9569.06113598          0.31885691          4.90168919          0.00013757          0.00275725
    26   L1s      -9569.07899459          0.38333171          7.12248139          0.00012083          0.00212264
    27   L1s      -9569.09124567          0.42127896          7.80764812          0.00008688          0.00159738
    28   L1s      -9569.10686471          0.29905558          5.98314416          0.00011480          0.00194401
    29   L1s      -9569.11977057          0.40224271          9.66771427          0.00010130          0.00154588
    30   L1s      -9569.12696906          0.27802804          4.55669293          0.00005831          0.00091793
    31   L1s      -9569.14106180          0.23058821          3.76307780          0.00012149          0.00173910
    32   L1s      -9569.14616564          0.28563142          7.34489199          0.00004765          0.00066850
    33   L1s      -9569.15278798          0.20877130          2.83255985          0.00006462          0.00081518
    34   L1s      -9569.16078535          0.19893738          3.12435520          0.00008410          0.00146675
    35   L1s      -9569.16378058          0.23328454          6.36985715          0.00003376          0.00044695
    36   L1s      -9569.16754128          0.18219562          2.83104303          0.00004436          0.00064558
    37   L1s      -9569.17287000          0.23144297          4.68527366          0.00006719          0.00102546
    38   L1s      -9569.17624675          0.20764454          4.80468875          0.00004418          0.00055815
    39   L1s      -9569.18304268          0.15508751          2.13644373          0.00009280          0.00114557
    40   L0s      -9569.18892329          0.24904821          6.74436905          0.00009280          0.00115319
    41   L1s      -9569.19148783          0.18274332          2.54488401          0.00003936          0.00046553
    42   L1s      -9569.19552227          0.20545656          5.29375894          0.00005688          0.00072772
    43   L1s      -9569.19850806          0.20494124          5.45605989          0.00004371          0.00052225
    44   L1s      -9569.20225828          0.14473996          2.62520866          0.00005688          0.00074469
    45   L1s      -9569.20763258          0.15829485          2.29132036          0.00008689          0.00117570
    46   L1s      -9569.20987004          0.22402598          5.00500295          0.00003795          0.00051983
    47   L1s      -9569.21382716          0.16209380          2.51977358          0.00006864          0.00094622
    48   L1s      -9569.21947650          0.20777724          4.08600292          0.00010194          0.00140921
    49   L1s      -9569.22263111          0.21470354          5.74059820          0.00005823          0.00078796
    50   L1s      -9569.22676846          0.14438047          2.24714136          0.00007796          0.00100280
    51   L1s      -9569.23013983          0.21807812          4.96417582          0.00006630          0.00082627
    52   L1s      -9569.23243850          0.15903800          2.74338300          0.00004600          0.00053867
    53   L1s      -9569.23601572          0.14618532          1.96898534          0.00007388          0.00081638
    54   L1s      -9569.24028624          0.13346412          2.55473788          0.00009132          0.00122192
    55   L1s      -9569.24180716          0.17906017          5.89150013          0.00003381          0.00037696
    56   L1s      -9569.24492077          0.14043577          2.23638662          0.00007063          0.00081909
    57   L1s      -9569.24656487          0.18040542          5.11636195          0.00003849          0.00045487
    58   L1s      -9569.24949064          0.12871282          2.14742665          0.00006975          0.00084331
    59   L0s      -9569.25237952          0.12697777          2.39703585          0.00006975          0.00082369
    60   L0s      -9569.25502792          0.16110027          3.79561919          0.00006975          0.00100198
    61   L1s      -9569.25623394          0.14712574          2.97059771          0.00003207          0.00036560
    62   L1s      -9569.26000028          0.12398665          1.75258269          0.00009643          0.00119628
    63   L1s      -9569.26138298          0.16073450          3.80481687          0.00003653          0.00040237
    64   L1s      -9569.26390005          0.12136261          1.78946237          0.00006769          0.00068371
    65   L0s      -9569.26641744          0.15561204          3.67789872          0.00006769          0.00075281
    66   L1s      -9569.26754810          0.12518103          2.10051531          0.00003136          0.00030644
    67   L1s      -9569.27053322          0.12859253          2.92956863          0.00008890          0.00093925
    68   L0s      -9569.27317066          0.14486205          2.66892766          0.00008890          0.00107264
    69   L1s      -9569.27463764          0.15164069          3.18309592          0.00004892          0.00053094
    70   L1s      -9569.27652475          0.09990408          1.81968126          0.00005849          0.00059935
----------------------------------------------------------------------------------------------------------------

Minimization converged.

-------------------  Conjugate Gradient Minimizer Statistics -------------------
Iterations             =             70  Function Calls         =            135
--------------------------------------------------------------------------------
