
#-----------------------------------------------------------------------------#
#                                                                             #
#                                EasyHybrid                                   #
#                   - A pDynamo graphical user interface -                    #
#                                                                             #
#-----------------------------------------------------------------------------#
#                                                                             #
#     Developed by Jose Fernando R Bachega and Luis Fernando S M Timmers      #
#                            <ferbachega@gmail.com>                           #
#                                                                             #
#             visit: https://sites.google.com/site/EasyHybrid/                #
#                   Univesity of Sao Paulo - SP, Brazil                       #
#      Pontifical Catholic University of Rio Grande do Sul - RS, Brazil       #
#                                                                             #
#                                                                             #
#   EasyHybrid team:                               Special thanks to:         #
#   - Jose Fernando R Bachega           |         - Fernando V Maluf          #
#   - Michele Silva                     |                                     #
#   - Luis Fernando S M Timmers         |                                     #
#   - Martin Field                      |         - Leonardo R Bachega        #
#   - Troy Wymore                       |         - Lucas Assirati            #
#   - Osmar Norberto de Souza           |         - Richard Garratt           #
#   - Walter R Paixao-Cortes            |                                     #
#                                                                             #
#   Cite this work as:                                                        #
#   J.F.R. Bachega, L.F.S.M. Timmers, L.Assirati, L.B. Bachega, M.J. Field,   #
#   T. Wymore. J. Comput. Chem. 2013, 34, 2190-2196. DOI: 10.1002/jcc.23346   #
#                                                                             #
#-----------------------------------------------------------------------------#

Generated on Wed Jun  5 17:25:58 2019


--------------------------------------------------------------------------------
                       Summary for System "Pruned System"
--------------------------------------------------------------------------------

---------------------------- Atom Container Summary ----------------------------
Number of Atoms        =           2173  Number of Heavy Atoms  =           1040
Number of Hydrogens    =           1133  Number of Unknowns     =              0
--------------------------------------------------------------------------------

----------------------------- Connectivity Summary -----------------------------
Atoms                  =           2173
--------------------------------------------------------------------------------

------------------------------- Electronic State -------------------------------
Charge                 =             -1  Multiplicity           =              1
--------------------------------------------------------------------------------

--------------------------------------------------------------------------------
                    Summary for Energy Model "AMBER/AM1/ABFS"
--------------------------------------------------------------------------------

----------------------------------- Summary for MM Model "AMBER" -----------------------------------
LJ 1-4 Scaling                   =          0.500  El. 1-4 Scaling                  =          0.833
Number of MM Atoms               =           2173  Number of MM Atom Types          =             37
Number of Inactive MM Atoms      =             33  Total MM Charge                  =          -4.00
Harmonic Bond Terms              =           2169  Harmonic Bond Parameters         =             49
Harmonic Bond Inactive           =           1308  Fourier Improper Terms           =            320
Fourier Improper Parameters      =              3  Fourier Improper Inactive        =            164
Harmonic Angle Terms             =           3403  Harmonic Angle Parameters        =            103
Harmonic Angle Inactive          =           1938  Fourier Dihedral Terms           =           6697
Fourier Dihedral Parameters      =             48  Fourier Dihedral Inactive        =           3453
Exclusions                       =          10377  1-4 Interactions                 =           4805
LJ Parameters Form               =          AMBER  LJ Parameters Types              =             21
1-4 Lennard-Jones Form           =          AMBER  1-4 Lennard-Jones Types          =             21
----------------------------------------------------------------------------------------------------

-------------------------- Summary for QC Model "AM1" --------------------------
Number of QC Atoms     =             39  Boundary Atoms         =              6
Nuclear Charge         =            129  Orbital Functions      =            108
Fitting Functions      =              0  Energy Base Line       =      188.36370
QC Parameter Centers   =              6
--------------------------------------------------------------------------------

----------------------------- ABFS NB Model Summary ----------------------------
Dielectric             =       1.000000  El. 1-4 Scaling        =       0.833333
Damping Cutoff         =       0.500000  Inner Cutoff           =       8.000000
List Cutoff            =      13.500000  Outer Cutoff           =      12.000000
QC/MM Coupling         =    RC Coupling  Use Centering          =          False
--------------------------------------------------------------------------------

-------------------------- Pairlist Generator Summary --------------------------
Cell Size              =          6.750  Cutoff                 =         13.500
Cutoff Cell Size Factor =          0.500  Grid Cell/Cell Method  =           True
Minimum Cell Extent    =              2  Minimum Cell Size      =          3.000
Minimum Extent Factor  =          1.500  Minimum Points         =            500
Sort Indices           =          False
--------------------------------------------------------------------------------

----------------------- SoftConstraint Container Summary -----------------------
Multiple Distance      =              2
--------------------------------------------------------------------------------

---------------------------- Hard Constraint Container Summary ---------------------------
Number of Charge Constraints  =            0  Number of Fixed Atoms         =         1351
------------------------------------------------------------------------------------------

------------------------------- Sequence Summary -------------------------------
Number of Atoms            =       2173  Number of Components       =        213
Number of Entities         =          1  Number of Linear Polymers  =          0
Number of Links            =          0  Number of Variants         =          0
--------------------------------------------------------------------------------

-------------------------------  Conjugate Gradient Minimizer Options ------------------------------
Beta Type                        =              1  Initial Step                     =            0.1
Line Searcher                    =           None  Log Frequency                    =              1
Maximum Iterations               =           5000  Maximum Theta                    =          1e+10
Minimum Theta                    =          1e-10  RMS Gradient Tolerance           =            0.1
Steepest Descent Tolerance       =          0.001  Use Spectral Theta               =           True
----------------------------------------------------------------------------------------------------

----------------------------------------------------------------------------------------------------------------
  Iteration       Function          RMS Gradient        Max. |Grad.|          RMS Disp.         Max. |Disp.|
----------------------------------------------------------------------------------------------------------------
     0     I      -9496.66409720         39.38372217       1511.94713361          0.00201374          0.07730780
     1   L1s      -9534.49126029          3.23495624         81.33713164          0.00078226          0.01961119
     2   L1s      -9534.85713240          1.99474655         51.08887850          0.00009205          0.00289175
     3   L1s      -9535.58589895          1.75082279         43.36974539          0.00034961          0.01142751
     4   L0s      -9536.10692548          1.04586238         24.37304518          0.00034961          0.00705280
     5   L1s      -9536.24410563          1.35462058         34.38131174          0.00014034          0.00277584
     6   L1s      -9536.32741462          0.75993043         19.54916244          0.00009823          0.00269189
     7   L1s      -9536.41356834          0.71451653         12.74673090          0.00013666          0.00289292
     8   L1s      -9536.47619120          1.09109575         27.78949482          0.00012219          0.00276145
     9   L1s      -9536.58031081          0.58642234         10.24100971          0.00021738          0.00413326
    10   L1s      -9536.62565173          0.51023965         10.70173408          0.00011334          0.00176891
    11   L1s      -9536.67718551          0.36912570          4.93829312          0.00015261          0.00258091
    12   L0s      -9536.71462733          0.50117861          9.94018240          0.00015261          0.00257177
    13   L1s      -9536.72675603          0.45214607          8.86322412          0.00005022          0.00081551
    14   L1s      -9536.74501185          0.31236023          4.49120337          0.00007532          0.00111975
    15   L0s      -9536.76058637          0.37119733          8.36552303          0.00007532          0.00124861
    16   L1s      -9536.77028329          0.36547030          9.71290359          0.00005161          0.00076792
    17   L1s      -9536.78563432          0.26597134          4.13332380          0.00008908          0.00130802
    18   L1s      -9536.79547335          0.33052009          8.14539429          0.00006450          0.00087233
    19   L1s      -9536.80049022          0.22690701          3.53408502          0.00003511          0.00048677
    20   L1s      -9536.81185983          0.21747785          4.14385393          0.00008936          0.00119868
    21   L1s      -9536.82030797          0.19788439          2.64923599          0.00007346          0.00111233
    22   L1s      -9536.82326769          0.25030305          6.73798178          0.00002845          0.00045368
    23   L1s      -9536.83033000          0.21558472          3.28158360          0.00007165          0.00112065
    24   L0s      -9536.83663389          0.23478599          5.22865686          0.00007165          0.00106893
    25   L1s      -9536.84041945          0.24022933          6.19829968          0.00004444          0.00063889
    26   L1s      -9536.84662479          0.15682162          1.79661251          0.00007283          0.00100455
    27   L1s      -9536.85091418          0.22531506          6.35573881          0.00005499          0.00070863
    28   L1s      -9536.85335684          0.16491708          2.52845073          0.00003253          0.00035595
    29   L1s      -9536.85882138          0.15889008          2.02802893          0.00007759          0.00080816
    30   L1s      -9536.86252763          0.21027945          5.95302959          0.00005592          0.00054471
    31   L1s      -9536.86539223          0.18296715          3.74466366          0.00004461          0.00038453
    32   L1s      -9536.87026413          0.16695512          2.52365648          0.00007889          0.00065981
    33   L1s      -9536.87239639          0.18955793          6.11315171          0.00003605          0.00028382
    34   L1s      -9536.87500646          0.12846760          1.43186118          0.00004552          0.00036835
    35   L1s      -9536.87865452          0.13196516          2.05424318          0.00006767          0.00056134
    36   L1s      -9536.88111112          0.17724655          5.88605105          0.00004800          0.00038015
    37   L1s      -9536.88275181          0.11812806          1.68375666          0.00003292          0.00026672
    38   L1s      -9536.88592073          0.19289343          5.88754908          0.00006722          0.00055420
    39   L1s      -9536.88772300          0.13234487          1.74062755          0.00003897          0.00031863
    40   L1s      -9536.89152814          0.11235026          1.22355533          0.00008550          0.00067042
    41   L1s      -9536.89436177          0.17481022          5.00322518          0.00006687          0.00053826
    42   L1s      -9536.89588302          0.13699396          2.40071605          0.00003658          0.00031024
    43   L1s      -9536.89957174          0.16326593          3.36508266          0.00009139          0.00076250
    44   L1s      -9536.90136528          0.16860782          4.32947593          0.00004532          0.00037183
    45   L1s      -9536.90466379          0.12811890          1.84551429          0.00008483          0.00072342
    46   L0s      -9536.90786658          0.13889559          2.32060370          0.00008483          0.00076731
    47   L1s      -9536.90937989          0.16338532          4.19207616          0.00004105          0.00037595
    48   L1s      -9536.91145947          0.12706843          2.32518260          0.00005735          0.00048676
    49   L1s      -9536.91469390          0.16171838          3.33642964          0.00009156          0.00073760
    50   L1s      -9536.91664688          0.17756090          3.97831507          0.00005615          0.00046403
    51   L1s      -9536.92036064          0.12302522          1.48323423          0.00010810          0.00091433
    52   L1s      -9536.92325279          0.18804139          5.12652234          0.00008632          0.00073171
    53   L1s      -9536.92492713          0.13215984          1.62107659          0.00005050          0.00042667
    54   L1s      -9536.92830366          0.13498306          1.80374770          0.00010392          0.00086619
    55   L1s      -9536.93119346          0.17598001          4.47870079          0.00009062          0.00074640
    56   L1s      -9536.93294667          0.13643031          2.25457684          0.00005557          0.00044727
    57   L1s      -9536.93623850          0.16011460          2.50740652          0.00010618          0.00083776
    58   L1s      -9536.93843024          0.19821055          5.46845954          0.00007156          0.00057835
    59   L1s      -9536.94142424          0.13550348          1.74422033          0.00009852          0.00086871
    60   L1s      -9536.94536952          0.12002451          2.00503881          0.00013196          0.00124923
    61   L1s      -9536.94741113          0.19714808          6.18565477          0.00006966          0.00067235
    62   L1s      -9536.95016120          0.13404934          1.75307478          0.00009453          0.00093675
    63   L0s      -9536.95293382          0.18578525          6.18482573          0.00009453          0.00094367
    64   L1s      -9536.95470844          0.11584607          1.51582779          0.00006169          0.00062070
    65   L1s      -9536.95808715          0.12608237          1.44857584          0.00012688          0.00124786
    66   L1s      -9536.96052624          0.17708002          3.96855500          0.00009290          0.00089588
    67   L1s      -9536.96201380          0.11640061          1.64976914          0.00005706          0.00052140
    68   L1s      -9536.96446602          0.09331143          1.62395884          0.00009563          0.00079708
----------------------------------------------------------------------------------------------------------------

Minimization converged.

-------------------  Conjugate Gradient Minimizer Statistics -------------------
Iterations             =             68  Function Calls         =            131
--------------------------------------------------------------------------------
