
#-----------------------------------------------------------------------------#
#                                                                             #
#                                EasyHybrid                                   #
#                   - A pDynamo graphical user interface -                    #
#                                                                             #
#-----------------------------------------------------------------------------#
#                                                                             #
#     Developed by Jose Fernando R Bachega and Luis Fernando S M Timmers      #
#                            <ferbachega@gmail.com>                           #
#                                                                             #
#             visit: https://sites.google.com/site/EasyHybrid/                #
#                   Univesity of Sao Paulo - SP, Brazil                       #
#      Pontifical Catholic University of Rio Grande do Sul - RS, Brazil       #
#                                                                             #
#                                                                             #
#   EasyHybrid team:                               Special thanks to:         #
#   - Jose Fernando R Bachega           |         - Fernando V Maluf          #
#   - Michele Silva                     |                                     #
#   - Luis Fernando S M Timmers         |                                     #
#   - Martin Field                      |         - Leonardo R Bachega        #
#   - Troy Wymore                       |         - Lucas Assirati            #
#   - Osmar Norberto de Souza           |         - Richard Garratt           #
#   - Walter R Paixao-Cortes            |                                     #
#                                                                             #
#   Cite this work as:                                                        #
#   J.F.R. Bachega, L.F.S.M. Timmers, L.Assirati, L.B. Bachega, M.J. Field,   #
#   T. Wymore. J. Comput. Chem. 2013, 34, 2190-2196. DOI: 10.1002/jcc.23346   #
#                                                                             #
#-----------------------------------------------------------------------------#

Generated on Wed Jun  5 17:29:56 2019


--------------------------------------------------------------------------------
                       Summary for System "Pruned System"
--------------------------------------------------------------------------------

---------------------------- Atom Container Summary ----------------------------
Number of Atoms        =           2173  Number of Heavy Atoms  =           1040
Number of Hydrogens    =           1133  Number of Unknowns     =              0
--------------------------------------------------------------------------------

----------------------------- Connectivity Summary -----------------------------
Atoms                  =           2173
--------------------------------------------------------------------------------

------------------------------- Electronic State -------------------------------
Charge                 =             -1  Multiplicity           =              1
--------------------------------------------------------------------------------

--------------------------------------------------------------------------------
                    Summary for Energy Model "AMBER/AM1/ABFS"
--------------------------------------------------------------------------------

----------------------------------- Summary for MM Model "AMBER" -----------------------------------
LJ 1-4 Scaling                   =          0.500  El. 1-4 Scaling                  =          0.833
Number of MM Atoms               =           2173  Number of MM Atom Types          =             37
Number of Inactive MM Atoms      =             33  Total MM Charge                  =          -4.00
Harmonic Bond Terms              =           2169  Harmonic Bond Parameters         =             49
Harmonic Bond Inactive           =           1308  Fourier Improper Terms           =            320
Fourier Improper Parameters      =              3  Fourier Improper Inactive        =            164
Harmonic Angle Terms             =           3403  Harmonic Angle Parameters        =            103
Harmonic Angle Inactive          =           1938  Fourier Dihedral Terms           =           6697
Fourier Dihedral Parameters      =             48  Fourier Dihedral Inactive        =           3453
Exclusions                       =          10377  1-4 Interactions                 =           4805
LJ Parameters Form               =          AMBER  LJ Parameters Types              =             21
1-4 Lennard-Jones Form           =          AMBER  1-4 Lennard-Jones Types          =             21
----------------------------------------------------------------------------------------------------

-------------------------- Summary for QC Model "AM1" --------------------------
Number of QC Atoms     =             39  Boundary Atoms         =              6
Nuclear Charge         =            129  Orbital Functions      =            108
Fitting Functions      =              0  Energy Base Line       =      188.36370
QC Parameter Centers   =              6
--------------------------------------------------------------------------------

----------------------------- ABFS NB Model Summary ----------------------------
Dielectric             =       1.000000  El. 1-4 Scaling        =       0.833333
Damping Cutoff         =       0.500000  Inner Cutoff           =       8.000000
List Cutoff            =      13.500000  Outer Cutoff           =      12.000000
QC/MM Coupling         =    RC Coupling  Use Centering          =          False
--------------------------------------------------------------------------------

-------------------------- Pairlist Generator Summary --------------------------
Cell Size              =          6.750  Cutoff                 =         13.500
Cutoff Cell Size Factor =          0.500  Grid Cell/Cell Method  =           True
Minimum Cell Extent    =              2  Minimum Cell Size      =          3.000
Minimum Extent Factor  =          1.500  Minimum Points         =            500
Sort Indices           =          False
--------------------------------------------------------------------------------

----------------------- SoftConstraint Container Summary -----------------------
Multiple Distance      =              2
--------------------------------------------------------------------------------

---------------------------- Hard Constraint Container Summary ---------------------------
Number of Charge Constraints  =            0  Number of Fixed Atoms         =         1351
------------------------------------------------------------------------------------------

------------------------------- Sequence Summary -------------------------------
Number of Atoms            =       2173  Number of Components       =        213
Number of Entities         =          1  Number of Linear Polymers  =          0
Number of Links            =          0  Number of Variants         =          0
--------------------------------------------------------------------------------

-------------------------------  Conjugate Gradient Minimizer Options ------------------------------
Beta Type                        =              1  Initial Step                     =            0.1
Line Searcher                    =           None  Log Frequency                    =              1
Maximum Iterations               =           5000  Maximum Theta                    =          1e+10
Minimum Theta                    =          1e-10  RMS Gradient Tolerance           =            0.1
Steepest Descent Tolerance       =          0.001  Use Spectral Theta               =           True
----------------------------------------------------------------------------------------------------

----------------------------------------------------------------------------------------------------------------
  Iteration       Function          RMS Gradient        Max. |Grad.|          RMS Disp.         Max. |Disp.|
----------------------------------------------------------------------------------------------------------------
     0     I      -9505.95799298         37.77616539       1413.60931011          0.00201374          0.07535551
     1   L1s      -9541.75392447          2.37531656         64.26895526          0.00076285          0.01964103
     2   L1s      -9542.99856213          3.00257100         88.48460097          0.00042592          0.01178727
     3   L1s      -9543.35079041          1.79460622         38.81407060          0.00015193          0.00362472
     4   L1s      -9543.82543927          1.10368269         27.92920626          0.00029730          0.00757968
     5   L1s      -9543.95692397          1.60267428         44.10462381          0.00012689          0.00360088
     6   L1s      -9544.16897483          1.10371100         25.34567125          0.00023155          0.00629326
     7   L0s      -9544.34622167          0.75239930         15.78384324          0.00023155          0.00600112
     8   L1s      -9544.41787899          0.95330506         28.32976579          0.00012042          0.00320183
     9   L1s      -9544.45900054          0.48517174          8.01225358          0.00007777          0.00201141
    10   L1s      -9544.50307683          0.52233127         10.23049667          0.00011113          0.00259345
    11   L1s      -9544.52323196          0.56657020         13.48056079          0.00005965          0.00143600
    12   L1s      -9544.55535289          0.52678080         11.58949610          0.00010557          0.00250221
    13   L1s      -9544.60408926          0.40671574          6.04861682          0.00017667          0.00472359
    14   L1s      -9544.63834384          0.79209207         23.17383814          0.00014159          0.00363241
    15   L1s      -9544.67552286          0.50771633          8.92109738          0.00015834          0.00414753
    16   L1s      -9544.71753827          0.54228295         10.63895281          0.00019084          0.00544785
    17   L1s      -9544.73825142          0.56082449         12.82822153          0.00009908          0.00267300
    18   L1s      -9544.76648985          0.40792724          6.63245877          0.00014111          0.00404204
    19   L1s      -9544.79669686          0.34619911          4.23728272          0.00016243          0.00476975
    20   L1s      -9544.81330953          0.43482446          9.40727096          0.00009730          0.00265246
    21   L1s      -9544.82243286          0.28305955          4.80818896          0.00005605          0.00157910
    22   L1s      -9544.83930381          0.33063275          5.62474125          0.00011441          0.00339927
    23   L1s      -9544.84606380          0.31754697          7.01702205          0.00004872          0.00131365
    24   L1s      -9544.85481350          0.16664207          1.80598745          0.00006691          0.00164794
    25   L1s      -9544.86487987          0.19106450          3.60396139          0.00009132          0.00231095
    26   L1s      -9544.86728534          0.20561180          4.52220950          0.00002407          0.00051744
    27   L1s      -9544.87177190          0.14772233          2.18869607          0.00004827          0.00092017
    28   L1s      -9544.87518387          0.21459621          4.64901620          0.00004122          0.00082279
    29   L1s      -9544.87760334          0.14807278          2.05416315          0.00003063          0.00052771
    30   L1s      -9544.88149486          0.14265603          1.94071743          0.00005368          0.00086371
    31   L0s      -9544.88532140          0.14203234          2.90948465          0.00005368          0.00093262
    32   L1s      -9544.88681826          0.15453219          3.88133987          0.00002282          0.00032897
    33   L1s      -9544.88959516          0.14370417          2.21865079          0.00004684          0.00067945
    34   L1s      -9544.89327051          0.18212844          4.19834868          0.00006535          0.00094809
    35   L1s      -9544.89508384          0.16413164          2.81574309          0.00003325          0.00050119
    36   L1s      -9544.89939827          0.13974938          1.63068399          0.00008193          0.00122556
    37   L0s      -9544.90380126          0.14357728          2.34052373          0.00008193          0.00116065
    38   L1s      -9544.90598020          0.18760162          5.17521199          0.00004269          0.00060689
    39   L1s      -9544.90873415          0.13972478          2.19370586          0.00005726          0.00074646
    40   L0s      -9544.91160569          0.12670927          2.62226013          0.00005726          0.00072438
    41   L1s      -9544.91343943          0.19789767          4.49020730          0.00003800          0.00043372
    42   L1s      -9544.91699198          0.10845708          1.33580192          0.00007736          0.00083367
    43   L1s      -9544.91970879          0.14926844          3.66815631          0.00006254          0.00077244
    44   L1s      -9544.92104482          0.14191676          3.14967460          0.00003160          0.00034073
    45   L1s      -9544.92405759          0.11657906          1.89938903          0.00007331          0.00077779
    46   L0s      -9544.92706089          0.16498239          4.04834911          0.00007331          0.00083452
    47   L1s      -9544.92837284          0.11768446          2.12917810          0.00003329          0.00033989
    48   L1s      -9544.93152246          0.11808773          1.61426323          0.00008842          0.00082920
    49   L1s      -9544.93273107          0.14000237          3.08037496          0.00003492          0.00037354
    50   L1s      -9544.93419501          0.10247161          1.35542685          0.00004315          0.00042878
    51   L1s      -9544.93645833          0.13332748          2.18062787          0.00006908          0.00065249
    52   L1s      -9544.93844844          0.17298108          4.62418234          0.00006193          0.00060199
    53   L1s      -9544.94010057          0.09759038          0.92349462          0.00005199          0.00048859
----------------------------------------------------------------------------------------------------------------

Minimization converged.

-------------------  Conjugate Gradient Minimizer Statistics -------------------
Iterations             =             53  Function Calls         =            102
--------------------------------------------------------------------------------
