
#-----------------------------------------------------------------------------#
#                                                                             #
#                                EasyHybrid                                   #
#                   - A pDynamo graphical user interface -                    #
#                                                                             #
#-----------------------------------------------------------------------------#
#                                                                             #
#     Developed by Jose Fernando R Bachega and Luis Fernando S M Timmers      #
#                            <ferbachega@gmail.com>                           #
#                                                                             #
#             visit: https://sites.google.com/site/EasyHybrid/                #
#                   Univesity of Sao Paulo - SP, Brazil                       #
#      Pontifical Catholic University of Rio Grande do Sul - RS, Brazil       #
#                                                                             #
#                                                                             #
#   EasyHybrid team:                               Special thanks to:         #
#   - Jose Fernando R Bachega           |         - Fernando V Maluf          #
#   - Michele Silva                     |                                     #
#   - Luis Fernando S M Timmers         |                                     #
#   - Martin Field                      |         - Leonardo R Bachega        #
#   - Troy Wymore                       |         - Lucas Assirati            #
#   - Osmar Norberto de Souza           |         - Richard Garratt           #
#   - Walter R Paixao-Cortes            |                                     #
#                                                                             #
#   Cite this work as:                                                        #
#   J.F.R. Bachega, L.F.S.M. Timmers, L.Assirati, L.B. Bachega, M.J. Field,   #
#   T. Wymore. J. Comput. Chem. 2013, 34, 2190-2196. DOI: 10.1002/jcc.23346   #
#                                                                             #
#-----------------------------------------------------------------------------#

Generated on Wed Jun  5 17:27:54 2019


--------------------------------------------------------------------------------
                       Summary for System "Pruned System"
--------------------------------------------------------------------------------

---------------------------- Atom Container Summary ----------------------------
Number of Atoms        =           2173  Number of Heavy Atoms  =           1040
Number of Hydrogens    =           1133  Number of Unknowns     =              0
--------------------------------------------------------------------------------

----------------------------- Connectivity Summary -----------------------------
Atoms                  =           2173
--------------------------------------------------------------------------------

------------------------------- Electronic State -------------------------------
Charge                 =             -1  Multiplicity           =              1
--------------------------------------------------------------------------------

--------------------------------------------------------------------------------
                    Summary for Energy Model "AMBER/AM1/ABFS"
--------------------------------------------------------------------------------

----------------------------------- Summary for MM Model "AMBER" -----------------------------------
LJ 1-4 Scaling                   =          0.500  El. 1-4 Scaling                  =          0.833
Number of MM Atoms               =           2173  Number of MM Atom Types          =             37
Number of Inactive MM Atoms      =             33  Total MM Charge                  =          -4.00
Harmonic Bond Terms              =           2169  Harmonic Bond Parameters         =             49
Harmonic Bond Inactive           =           1308  Fourier Improper Terms           =            320
Fourier Improper Parameters      =              3  Fourier Improper Inactive        =            164
Harmonic Angle Terms             =           3403  Harmonic Angle Parameters        =            103
Harmonic Angle Inactive          =           1938  Fourier Dihedral Terms           =           6697
Fourier Dihedral Parameters      =             48  Fourier Dihedral Inactive        =           3453
Exclusions                       =          10377  1-4 Interactions                 =           4805
LJ Parameters Form               =          AMBER  LJ Parameters Types              =             21
1-4 Lennard-Jones Form           =          AMBER  1-4 Lennard-Jones Types          =             21
----------------------------------------------------------------------------------------------------

-------------------------- Summary for QC Model "AM1" --------------------------
Number of QC Atoms     =             39  Boundary Atoms         =              6
Nuclear Charge         =            129  Orbital Functions      =            108
Fitting Functions      =              0  Energy Base Line       =      188.36370
QC Parameter Centers   =              6
--------------------------------------------------------------------------------

----------------------------- ABFS NB Model Summary ----------------------------
Dielectric             =       1.000000  El. 1-4 Scaling        =       0.833333
Damping Cutoff         =       0.500000  Inner Cutoff           =       8.000000
List Cutoff            =      13.500000  Outer Cutoff           =      12.000000
QC/MM Coupling         =    RC Coupling  Use Centering          =          False
--------------------------------------------------------------------------------

-------------------------- Pairlist Generator Summary --------------------------
Cell Size              =          6.750  Cutoff                 =         13.500
Cutoff Cell Size Factor =          0.500  Grid Cell/Cell Method  =           True
Minimum Cell Extent    =              2  Minimum Cell Size      =          3.000
Minimum Extent Factor  =          1.500  Minimum Points         =            500
Sort Indices           =          False
--------------------------------------------------------------------------------

----------------------- SoftConstraint Container Summary -----------------------
Multiple Distance      =              2
--------------------------------------------------------------------------------

---------------------------- Hard Constraint Container Summary ---------------------------
Number of Charge Constraints  =            0  Number of Fixed Atoms         =         1351
------------------------------------------------------------------------------------------

------------------------------- Sequence Summary -------------------------------
Number of Atoms            =       2173  Number of Components       =        213
Number of Entities         =          1  Number of Linear Polymers  =          0
Number of Links            =          0  Number of Variants         =          0
--------------------------------------------------------------------------------

-------------------------------  Conjugate Gradient Minimizer Options ------------------------------
Beta Type                        =              1  Initial Step                     =            0.1
Line Searcher                    =           None  Log Frequency                    =              1
Maximum Iterations               =           5000  Maximum Theta                    =          1e+10
Minimum Theta                    =          1e-10  RMS Gradient Tolerance           =            0.1
Steepest Descent Tolerance       =          0.001  Use Spectral Theta               =           True
----------------------------------------------------------------------------------------------------

----------------------------------------------------------------------------------------------------------------
  Iteration       Function          RMS Gradient        Max. |Grad.|          RMS Disp.         Max. |Disp.|
----------------------------------------------------------------------------------------------------------------
     0     I      -9472.87808916         39.34797844       1483.97427694          0.00201374          0.07594644
     1   L1s      -9511.62160680          3.05454015         90.09630121          0.00079462          0.02330612
     2   L1s      -9511.94173337          1.85909049         51.17182170          0.00008528          0.00266594
     3   L1s      -9512.59506221          1.30908334         33.92578395          0.00033460          0.00806617
     4   L1s      -9512.85488718          0.74893800         14.71943344          0.00020784          0.00430013
     5   L1s      -9512.96525949          0.75184732         16.27113617          0.00014851          0.00306348
     6   L1s      -9513.02592174          0.84079895         20.04610379          0.00010474          0.00197152
     7   L1s      -9513.05900792          0.54883252         11.01759333          0.00006551          0.00113569
     8   L1s      -9513.10979482          0.46807210         10.68479792          0.00012558          0.00240151
     9   L1s      -9513.14193734          0.34156320          5.98976472          0.00009707          0.00167443
    10   L1s      -9513.17112059          0.50192913         15.23421931          0.00011219          0.00164247
    11   L1s      -9513.18331901          0.34801137          6.46063172          0.00005085          0.00078100
    12   L1s      -9513.20388029          0.32857115          8.06921611          0.00009813          0.00124140
    13   L1s      -9513.20969013          0.31218250          6.77841036          0.00003119          0.00039065
    14   L1s      -9513.22189154          0.25666871          4.99926168          0.00007278          0.00105615
    15   L1s      -9513.24370035          0.27937616          4.34389797          0.00014722          0.00243417
    16   L1s      -9513.26137520          0.28867084          5.19174400          0.00012983          0.00229580
    17   L1s      -9513.27081326          0.41745596         13.33852351          0.00007423          0.00136405
    18   L1s      -9513.28145344          0.23230434          3.95115576          0.00008620          0.00159673
    19   L1s      -9513.28984662          0.31439820          8.96490683          0.00007404          0.00151638
    20   L1s      -9513.29668717          0.28729299          6.00032609          0.00006288          0.00121141
    21   L1s      -9513.30665364          0.25831205          5.06099433          0.00009588          0.00187235
    22   L1s      -9513.32401583          0.21040763          3.10490489          0.00017572          0.00334091
    23   L1s      -9513.33382901          0.33091124          7.62323403          0.00010634          0.00188978
    24   L1s      -9513.33847200          0.20749573          3.55692674          0.00005157          0.00089915
    25   L1s      -9513.34660913          0.17108260          2.73047539          0.00009578          0.00152416
    26   L1s      -9513.35237705          0.19978538          4.30001332          0.00007318          0.00100032
    27   L1s      -9513.35519012          0.20200733          4.77821999          0.00003748          0.00054377
    28   L1s      -9513.35940438          0.14670132          1.87378828          0.00005863          0.00076923
    29   L1s      -9513.36542359          0.21010234          3.79275830          0.00009017          0.00119217
    30   L1s      -9513.36822302          0.20874572          5.42203912          0.00004332          0.00052697
    31   L1s      -9513.37146401          0.13672070          1.88379724          0.00005171          0.00058021
    32   L1s      -9513.37580223          0.13712705          1.91181365          0.00007383          0.00073251
    33   L1s      -9513.38187458          0.15112645          1.44655209          0.00010942          0.00103936
    34   L1s      -9513.38598789          0.21805345          5.71332157          0.00007735          0.00078310
    35   L1s      -9513.38836355          0.17115787          3.00510112          0.00004553          0.00043443
    36   L1s      -9513.39310910          0.15901938          3.15347524          0.00009366          0.00094177
    37   L1s      -9513.39677209          0.18351661          4.51770915          0.00007463          0.00067881
    38   L1s      -9513.39897362          0.16678564          3.30006338          0.00004589          0.00043191
    39   L1s      -9513.40248132          0.13008555          1.80206880          0.00007509          0.00068525
    40   L0s      -9513.40608625          0.11696498          2.24599211          0.00007509          0.00076247
    41   L1s      -9513.40771458          0.19348844          4.50021152          0.00003539          0.00037169
    42   L1s      -9513.41089414          0.11835238          1.29664517          0.00007206          0.00080422
    43   L1s      -9513.41536646          0.12427377          1.48331424          0.00010593          0.00118616
    44   L1s      -9513.41841366          0.14948315          2.86691318          0.00007485          0.00081758
    45   L1s      -9513.41960219          0.13481867          2.86874760          0.00002990          0.00031286
    46   L1s      -9513.42153214          0.11103936          2.38074785          0.00004991          0.00047633
    47   L1s      -9513.42407315          0.11894578          1.76854584          0.00006829          0.00067715
    48   L1s      -9513.42687786          0.18032538          4.71556800          0.00007776          0.00079190
    49   L1s      -9513.42870037          0.13614473          2.01763913          0.00005119          0.00054295
    50   L1s      -9513.43142811          0.13721235          2.58266750          0.00007831          0.00084542
    51   L1s      -9513.43257386          0.14313330          3.64839791          0.00003358          0.00036594
    52   L1s      -9513.43536377          0.12038518          1.51657742          0.00008328          0.00090412
    53   L0s      -9513.43817588          0.10635528          1.62175224          0.00008328          0.00086694
    54   L1s      -9513.44039432          0.13901593          2.40651274          0.00006736          0.00067356
    55   L1s      -9513.44159445          0.14177330          2.92909720          0.00003776          0.00036060
    56   L1s      -9513.44348578          0.08773467          0.92044359          0.00006049          0.00053237
----------------------------------------------------------------------------------------------------------------

Minimization converged.

-------------------  Conjugate Gradient Minimizer Statistics -------------------
Iterations             =             56  Function Calls         =            111
--------------------------------------------------------------------------------
