
#-----------------------------------------------------------------------------#
#                                                                             #
#                                EasyHybrid                                   #
#                   - A pDynamo graphical user interface -                    #
#                                                                             #
#-----------------------------------------------------------------------------#
#                                                                             #
#     Developed by Jose Fernando R Bachega and Luis Fernando S M Timmers      #
#                            <ferbachega@gmail.com>                           #
#                                                                             #
#             visit: https://sites.google.com/site/EasyHybrid/                #
#                   Univesity of Sao Paulo - SP, Brazil                       #
#      Pontifical Catholic University of Rio Grande do Sul - RS, Brazil       #
#                                                                             #
#                                                                             #
#   EasyHybrid team:                               Special thanks to:         #
#   - Jose Fernando R Bachega           |         - Fernando V Maluf          #
#   - Michele Silva                     |                                     #
#   - Luis Fernando S M Timmers         |                                     #
#   - Martin Field                      |         - Leonardo R Bachega        #
#   - Troy Wymore                       |         - Lucas Assirati            #
#   - Osmar Norberto de Souza           |         - Richard Garratt           #
#   - Walter R Paixao-Cortes            |                                     #
#                                                                             #
#   Cite this work as:                                                        #
#   J.F.R. Bachega, L.F.S.M. Timmers, L.Assirati, L.B. Bachega, M.J. Field,   #
#   T. Wymore. J. Comput. Chem. 2013, 34, 2190-2196. DOI: 10.1002/jcc.23346   #
#                                                                             #
#-----------------------------------------------------------------------------#

Generated on Wed Jun  5 17:25:37 2019


--------------------------------------------------------------------------------
                       Summary for System "Pruned System"
--------------------------------------------------------------------------------

---------------------------- Atom Container Summary ----------------------------
Number of Atoms        =           2173  Number of Heavy Atoms  =           1040
Number of Hydrogens    =           1133  Number of Unknowns     =              0
--------------------------------------------------------------------------------

----------------------------- Connectivity Summary -----------------------------
Atoms                  =           2173
--------------------------------------------------------------------------------

------------------------------- Electronic State -------------------------------
Charge                 =             -1  Multiplicity           =              1
--------------------------------------------------------------------------------

--------------------------------------------------------------------------------
                    Summary for Energy Model "AMBER/AM1/ABFS"
--------------------------------------------------------------------------------

----------------------------------- Summary for MM Model "AMBER" -----------------------------------
LJ 1-4 Scaling                   =          0.500  El. 1-4 Scaling                  =          0.833
Number of MM Atoms               =           2173  Number of MM Atom Types          =             37
Number of Inactive MM Atoms      =             33  Total MM Charge                  =          -4.00
Harmonic Bond Terms              =           2169  Harmonic Bond Parameters         =             49
Harmonic Bond Inactive           =           1308  Fourier Improper Terms           =            320
Fourier Improper Parameters      =              3  Fourier Improper Inactive        =            164
Harmonic Angle Terms             =           3403  Harmonic Angle Parameters        =            103
Harmonic Angle Inactive          =           1938  Fourier Dihedral Terms           =           6697
Fourier Dihedral Parameters      =             48  Fourier Dihedral Inactive        =           3453
Exclusions                       =          10377  1-4 Interactions                 =           4805
LJ Parameters Form               =          AMBER  LJ Parameters Types              =             21
1-4 Lennard-Jones Form           =          AMBER  1-4 Lennard-Jones Types          =             21
----------------------------------------------------------------------------------------------------

-------------------------- Summary for QC Model "AM1" --------------------------
Number of QC Atoms     =             39  Boundary Atoms         =              6
Nuclear Charge         =            129  Orbital Functions      =            108
Fitting Functions      =              0  Energy Base Line       =      188.36370
QC Parameter Centers   =              6
--------------------------------------------------------------------------------

----------------------------- ABFS NB Model Summary ----------------------------
Dielectric             =       1.000000  El. 1-4 Scaling        =       0.833333
Damping Cutoff         =       0.500000  Inner Cutoff           =       8.000000
List Cutoff            =      13.500000  Outer Cutoff           =      12.000000
QC/MM Coupling         =    RC Coupling  Use Centering          =          False
--------------------------------------------------------------------------------

-------------------------- Pairlist Generator Summary --------------------------
Cell Size              =          6.750  Cutoff                 =         13.500
Cutoff Cell Size Factor =          0.500  Grid Cell/Cell Method  =           True
Minimum Cell Extent    =              2  Minimum Cell Size      =          3.000
Minimum Extent Factor  =          1.500  Minimum Points         =            500
Sort Indices           =          False
--------------------------------------------------------------------------------

----------------------- SoftConstraint Container Summary -----------------------
Multiple Distance      =              2
--------------------------------------------------------------------------------

---------------------------- Hard Constraint Container Summary ---------------------------
Number of Charge Constraints  =            0  Number of Fixed Atoms         =         1351
------------------------------------------------------------------------------------------

------------------------------- Sequence Summary -------------------------------
Number of Atoms            =       2173  Number of Components       =        213
Number of Entities         =          1  Number of Linear Polymers  =          0
Number of Links            =          0  Number of Variants         =          0
--------------------------------------------------------------------------------

-------------------------------  Conjugate Gradient Minimizer Options ------------------------------
Beta Type                        =              1  Initial Step                     =            0.1
Line Searcher                    =           None  Log Frequency                    =              1
Maximum Iterations               =           5000  Maximum Theta                    =          1e+10
Minimum Theta                    =          1e-10  RMS Gradient Tolerance           =            0.1
Steepest Descent Tolerance       =          0.001  Use Spectral Theta               =           True
----------------------------------------------------------------------------------------------------

----------------------------------------------------------------------------------------------------------------
  Iteration       Function          RMS Gradient        Max. |Grad.|          RMS Disp.         Max. |Disp.|
----------------------------------------------------------------------------------------------------------------
     0     I      -9519.26586803         39.30699323       1512.63637901          0.00201374          0.07749402
     1   L1s      -9555.30637700          3.36128592         80.83835946          0.00074681          0.01790114
     2   L1s      -9555.74468793          2.32140618         59.71113338          0.00010614          0.00320410
     3   L1s      -9556.52573487          2.00646955         51.45902060          0.00033331          0.01136888
     4   L1s      -9557.20982551          1.16260915         29.59444935          0.00039870          0.00834964
     5   L1s      -9557.37417006          1.51082053         38.08407961          0.00014955          0.00282999
     6   L1s      -9557.47806495          0.91101522         26.96073558          0.00010950          0.00304783
     7   L1s      -9557.62051525          0.71265390         13.96304142          0.00019644          0.00443829
     8   L1s      -9557.81262262          0.70415216         13.08152679          0.00034338          0.00676888
     9   L1s      -9557.84638282          0.69462120         19.36232576          0.00007184          0.00139031
    10   L1s      -9557.88904264          0.64423563         17.01303474          0.00010354          0.00200252
    11   L1s      -9557.94313455          0.64286091         14.18084030          0.00014807          0.00311020
    12   L1s      -9557.96216000          0.51449266          9.49395236          0.00005734          0.00120942
    13   L1s      -9558.00569363          0.39147799          5.64816825          0.00014801          0.00317063
    14   L1s      -9558.03866273          0.34641153          5.15407195          0.00013120          0.00290421
    15   L0s      -9558.06695082          0.42658237         13.31351296          0.00013120          0.00268888
    16   L1s      -9558.07692431          0.40835887          8.85391797          0.00004990          0.00110581
    17   L1s      -9558.09568969          0.30599767          6.55672021          0.00010057          0.00222082
    18   L1s      -9558.10252458          0.35063729          9.71627600          0.00004079          0.00088641
    19   L1s      -9558.11480615          0.23168526          3.04554550          0.00007861          0.00172554
    20   L1s      -9558.13026777          0.20488463          3.13932707          0.00011279          0.00242484
    21   L1s      -9558.13703099          0.23787549          4.75151529          0.00005609          0.00125741
    22   L1s      -9558.14068049          0.26236798          5.55000204          0.00003272          0.00068740
    23   L1s      -9558.14776028          0.19156745          4.14669174          0.00006715          0.00139389
    24   L0s      -9558.15478212          0.17938905          2.58990870          0.00006715          0.00135939
    25   L1s      -9558.16034901          0.23524620          5.97026054          0.00005897          0.00108855
    26   L1s      -9558.16325747          0.16816669          2.48836986          0.00003368          0.00061701
    27   L1s      -9558.16831024          0.16612276          2.52704522          0.00006340          0.00106082
    28   L1s      -9558.17060572          0.22365323          5.80359040          0.00003090          0.00051979
    29   L1s      -9558.17496640          0.14078947          1.62789617          0.00006080          0.00090273
    30   L1s      -9558.18014124          0.17570657          2.96164835          0.00007807          0.00113974
    31   L1s      -9558.18220498          0.18621659          4.49780999          0.00003255          0.00042220
    32   L1s      -9558.18653278          0.11866387          1.27502483          0.00007082          0.00074214
    33   L1s      -9558.18960813          0.19740494          5.54875615          0.00005452          0.00058457
    34   L1s      -9558.19169626          0.16653169          3.28323469          0.00003800          0.00033535
    35   L1s      -9558.19472708          0.12275381          2.16804067          0.00005709          0.00047007
    36   L1s      -9558.19710362          0.18420525          4.70660104          0.00004746          0.00041900
    37   L0s      -9558.19926439          0.15680802          2.29254147          0.00004746          0.00039542
    38   L1s      -9558.20311212          0.13025611          2.00158385          0.00008860          0.00074956
    39   L0s      -9558.20688505          0.16624182          4.31862882          0.00008860          0.00068216
    40   L1s      -9558.20822384          0.15690615          3.00121593          0.00003118          0.00025337
    41   L1s      -9558.21133857          0.13865056          1.80501086          0.00006909          0.00055075
    42   L0s      -9558.21405990          0.21846344          5.78695899          0.00006909          0.00055331
    43   L0s      -9558.21664996          0.16846822          2.63890098          0.00006909          0.00056611
    44   L1s      -9558.22044038          0.14885425          2.23226036          0.00009254          0.00077064
    45   L0s      -9558.22473833          0.16132766          3.86602051          0.00009254          0.00076104
    46   L1s      -9558.22615458          0.14320658          3.36408598          0.00003159          0.00025401
    47   L1s      -9558.22897744          0.14532069          2.77356237          0.00006861          0.00054348
    48   L1s      -9558.23077427          0.19271066          6.30241561          0.00004481          0.00034063
    49   L1s      -9558.23491876          0.13922567          2.91387845          0.00010482          0.00078163
    50   L0s      -9558.23898016          0.12729687          1.51460294          0.00010482          0.00079084
    51   L1s      -9558.24160841          0.19363886          6.18517405          0.00006982          0.00052905
    52   L1s      -9558.24374112          0.14318863          2.48148653          0.00005748          0.00043721
    53   L1s      -9558.24624527          0.15550307          3.63277667          0.00006896          0.00051847
    54   L1s      -9558.24783196          0.16084052          3.74275105          0.00004448          0.00033065
    55   L1s      -9558.25076476          0.11566544          1.52739081          0.00008353          0.00059954
    56   L1s      -9558.25461572          0.13635001          1.97243927          0.00011292          0.00083256
    57   L1s      -9558.25692186          0.20209817          6.25228066          0.00006899          0.00053245
    58   L1s      -9558.25947627          0.11783042          1.87161808          0.00007710          0.00067139
    59   L1s      -9558.26121963          0.16822512          5.74808626          0.00005396          0.00048994
    60   L0s      -9558.26293442          0.12924154          2.03054744          0.00005396          0.00051251
    61   L1s      -9558.26582761          0.12150995          1.85677809          0.00009310          0.00090529
    62   L1s      -9558.26839372          0.11451433          1.77903779          0.00008398          0.00082460
    63   L1s      -9558.26968343          0.15077739          4.06081654          0.00004317          0.00042220
    64   L1s      -9558.27151850          0.11927807          2.43981407          0.00006222          0.00059035
    65   L1s      -9558.27367131          0.16892840          4.69503897          0.00007445          0.00068747
    66   L1s      -9558.27497961          0.10280237          1.66393357          0.00004567          0.00038428
    67   L1s      -9558.27720954          0.08320515          1.11625129          0.00007982          0.00063483
----------------------------------------------------------------------------------------------------------------

Minimization converged.

-------------------  Conjugate Gradient Minimizer Statistics -------------------
Iterations             =             67  Function Calls         =            126
--------------------------------------------------------------------------------
