
#-----------------------------------------------------------------------------#
#                                                                             #
#                                EasyHybrid                                   #
#                   - A pDynamo graphical user interface -                    #
#                                                                             #
#-----------------------------------------------------------------------------#
#                                                                             #
#     Developed by Jose Fernando R Bachega and Luis Fernando S M Timmers      #
#                            <ferbachega@gmail.com>                           #
#                                                                             #
#             visit: https://sites.google.com/site/EasyHybrid/                #
#                   Univesity of Sao Paulo - SP, Brazil                       #
#      Pontifical Catholic University of Rio Grande do Sul - RS, Brazil       #
#                                                                             #
#                                                                             #
#   EasyHybrid team:                               Special thanks to:         #
#   - Jose Fernando R Bachega           |         - Fernando V Maluf          #
#   - Michele Silva                     |                                     #
#   - Luis Fernando S M Timmers         |                                     #
#   - Martin Field                      |         - Leonardo R Bachega        #
#   - Troy Wymore                       |         - Lucas Assirati            #
#   - Osmar Norberto de Souza           |         - Richard Garratt           #
#   - Walter R Paixao-Cortes            |                                     #
#                                                                             #
#   Cite this work as:                                                        #
#   J.F.R. Bachega, L.F.S.M. Timmers, L.Assirati, L.B. Bachega, M.J. Field,   #
#   T. Wymore. J. Comput. Chem. 2013, 34, 2190-2196. DOI: 10.1002/jcc.23346   #
#                                                                             #
#-----------------------------------------------------------------------------#

Generated on Wed Jun  5 17:24:01 2019


--------------------------------------------------------------------------------
                       Summary for System "Pruned System"
--------------------------------------------------------------------------------

---------------------------- Atom Container Summary ----------------------------
Number of Atoms        =           2173  Number of Heavy Atoms  =           1040
Number of Hydrogens    =           1133  Number of Unknowns     =              0
--------------------------------------------------------------------------------

----------------------------- Connectivity Summary -----------------------------
Atoms                  =           2173
--------------------------------------------------------------------------------

------------------------------- Electronic State -------------------------------
Charge                 =             -1  Multiplicity           =              1
--------------------------------------------------------------------------------

--------------------------------------------------------------------------------
                    Summary for Energy Model "AMBER/AM1/ABFS"
--------------------------------------------------------------------------------

----------------------------------- Summary for MM Model "AMBER" -----------------------------------
LJ 1-4 Scaling                   =          0.500  El. 1-4 Scaling                  =          0.833
Number of MM Atoms               =           2173  Number of MM Atom Types          =             37
Number of Inactive MM Atoms      =             33  Total MM Charge                  =          -4.00
Harmonic Bond Terms              =           2169  Harmonic Bond Parameters         =             49
Harmonic Bond Inactive           =           1308  Fourier Improper Terms           =            320
Fourier Improper Parameters      =              3  Fourier Improper Inactive        =            164
Harmonic Angle Terms             =           3403  Harmonic Angle Parameters        =            103
Harmonic Angle Inactive          =           1938  Fourier Dihedral Terms           =           6697
Fourier Dihedral Parameters      =             48  Fourier Dihedral Inactive        =           3453
Exclusions                       =          10377  1-4 Interactions                 =           4805
LJ Parameters Form               =          AMBER  LJ Parameters Types              =             21
1-4 Lennard-Jones Form           =          AMBER  1-4 Lennard-Jones Types          =             21
----------------------------------------------------------------------------------------------------

-------------------------- Summary for QC Model "AM1" --------------------------
Number of QC Atoms     =             39  Boundary Atoms         =              6
Nuclear Charge         =            129  Orbital Functions      =            108
Fitting Functions      =              0  Energy Base Line       =      188.36370
QC Parameter Centers   =              6
--------------------------------------------------------------------------------

----------------------------- ABFS NB Model Summary ----------------------------
Dielectric             =       1.000000  El. 1-4 Scaling        =       0.833333
Damping Cutoff         =       0.500000  Inner Cutoff           =       8.000000
List Cutoff            =      13.500000  Outer Cutoff           =      12.000000
QC/MM Coupling         =    RC Coupling  Use Centering          =          False
--------------------------------------------------------------------------------

-------------------------- Pairlist Generator Summary --------------------------
Cell Size              =          6.750  Cutoff                 =         13.500
Cutoff Cell Size Factor =          0.500  Grid Cell/Cell Method  =           True
Minimum Cell Extent    =              2  Minimum Cell Size      =          3.000
Minimum Extent Factor  =          1.500  Minimum Points         =            500
Sort Indices           =          False
--------------------------------------------------------------------------------

----------------------- SoftConstraint Container Summary -----------------------
Multiple Distance      =              2
--------------------------------------------------------------------------------

---------------------------- Hard Constraint Container Summary ---------------------------
Number of Charge Constraints  =            0  Number of Fixed Atoms         =         1351
------------------------------------------------------------------------------------------

------------------------------- Sequence Summary -------------------------------
Number of Atoms            =       2173  Number of Components       =        213
Number of Entities         =          1  Number of Linear Polymers  =          0
Number of Links            =          0  Number of Variants         =          0
--------------------------------------------------------------------------------

-------------------------------  Conjugate Gradient Minimizer Options ------------------------------
Beta Type                        =              1  Initial Step                     =            0.1
Line Searcher                    =           None  Log Frequency                    =              1
Maximum Iterations               =           5000  Maximum Theta                    =          1e+10
Minimum Theta                    =          1e-10  RMS Gradient Tolerance           =            0.1
Steepest Descent Tolerance       =          0.001  Use Spectral Theta               =           True
----------------------------------------------------------------------------------------------------

----------------------------------------------------------------------------------------------------------------
  Iteration       Function          RMS Gradient        Max. |Grad.|          RMS Disp.         Max. |Disp.|
----------------------------------------------------------------------------------------------------------------
     0     I      -9523.49957924         39.09232526       1531.08436332          0.00201374          0.07886986
     1   L1s      -9558.88690703          3.90413365         91.32961740          0.00073705          0.01716411
     2   L1s      -9559.50713318          2.92541494         75.22279595          0.00012949          0.00385146
     3   L1s      -9560.95979724          2.54536128         65.33101645          0.00050504          0.01516337
     4   L1s      -9561.80731712          1.38872722         32.42581417          0.00039587          0.00744837
     5   L1s      -9562.02043097          2.01484359         53.12191165          0.00015798          0.00317670
     6   L1s      -9562.23805015          1.11653144         23.56605794          0.00018331          0.00342563
     7   L1s      -9562.47942012          1.00056882         22.68915527          0.00026670          0.00590182
     8   L0s      -9562.66127781          1.73578723         43.14716343          0.00026670          0.00588482
     9   L1s      -9562.79227439          0.62222330         10.27047685          0.00019170          0.00275944
    10   L1s      -9562.83924061          0.73660984         16.83923659          0.00007183          0.00125484
    11   L1s      -9562.87165223          0.70166882         14.38294605          0.00006107          0.00095811
    12   L1s      -9562.91693535          0.45728844          7.58687924          0.00010012          0.00172111
    13   L1s      -9562.94155740          0.64306896         17.83659851          0.00006982          0.00121873
    14   L1s      -9562.96794822          0.35801499          4.80198447          0.00008191          0.00140807
    15   L1s      -9562.99645713          0.38148314          5.70451532          0.00010953          0.00216753
    16   L1s      -9563.01125485          0.51647021         14.79776290          0.00006496          0.00133613
    17   L1s      -9563.02810058          0.32056702          4.01200452          0.00007855          0.00170297
    18   L1s      -9563.04042773          0.43877189         14.64335363          0.00006535          0.00138912
    19   L0s      -9563.05109172          0.29994704          4.76424085          0.00006535          0.00147959
    20   L1s      -9563.06358590          0.27686813          3.71092531          0.00008901          0.00195955
    21   L1s      -9563.07453654          0.38294371          9.20067831          0.00007910          0.00173648
    22   L1s      -9563.08110485          0.23936307          3.80821766          0.00004945          0.00103010
    23   L1s      -9563.09041780          0.21228285          4.18477444          0.00007694          0.00168384
    24   L1s      -9563.09621413          0.32150590          9.18288317          0.00005275          0.00112366
    25   L1s      -9563.10313824          0.20808917          3.77359246          0.00006540          0.00135668
    26   L0s      -9563.10956628          0.32368235          7.65041484          0.00006540          0.00133554
    27   L0s      -9563.11561729          0.24919781          3.65745427          0.00006540          0.00135571
    28   L1s      -9563.12336662          0.21341453          2.97562414          0.00008942          0.00186114
    29   L0s      -9563.13082517          0.28128802          8.36294680          0.00008942          0.00190211
    30   L1s      -9563.13425291          0.20769793          3.28078132          0.00004194          0.00088188
    31   L1s      -9563.14336990          0.21402457          3.57935084          0.00011406          0.00256679
    32   L1s      -9563.14811245          0.26522982          8.29739964          0.00006190          0.00143310
    33   L0s      -9563.15274875          0.20040614          2.98379258          0.00006190          0.00145511
    34   L1s      -9563.15857559          0.24445814          6.83327406          0.00008113          0.00190652
    35   L1s      -9563.16148563          0.18917248          4.44134139          0.00004177          0.00104472
    36   L1s      -9563.16605429          0.16563313          2.13283903          0.00006843          0.00179094
    37   L1s      -9563.17263083          0.22950500          4.08337988          0.00010381          0.00271276
    38   L1s      -9563.17542999          0.21114069          4.61067560          0.00004523          0.00116369
    39   L1s      -9563.18009542          0.17520984          2.45683211          0.00007748          0.00209715
    40   L0s      -9563.18494949          0.27151114          8.35706605          0.00007748          0.00208768
    41   L1s      -9563.19070941          0.19208342          3.56246838          0.00009792          0.00266068
    42   L1s      -9563.19747743          0.26637308          6.40048420          0.00013618          0.00366993
    43   L1s      -9563.20210857          0.26843819          5.36210397          0.00009450          0.00259143
    44   L1s      -9563.20792552          0.20087877          2.99968105          0.00011986          0.00339917
    45   L0s      -9563.21370293          0.29076484          7.88949249          0.00011986          0.00342349
    46   L0s      -9563.21980615          0.20953233          3.25111562          0.00011986          0.00343696
    47   L1s      -9563.22992264          0.28371516          4.53194576          0.00019646          0.00574218
    48   L1s      -9563.23469017          0.28910959          6.79511357          0.00009710          0.00285624
    49   L1s      -9563.24358638          0.26436370          4.11089544          0.00018286          0.00546239
    50   L0s      -9563.25223322          0.28053801          6.82372441          0.00018286          0.00538252
    51   L1s      -9563.25674729          0.24219541          4.94634227          0.00009671          0.00283802
    52   L1s      -9563.26923321          0.26570244          4.29310564          0.00026524          0.00774355
    53   L1s      -9563.27566428          0.37356598          8.72155633          0.00013903          0.00408100
    54   L1s      -9563.28628488          0.24251940          2.93492299          0.00022980          0.00664113
    55   L0s      -9563.29638943          0.28161992          5.39144752          0.00022980          0.00655591
    56   L1s      -9563.30306656          0.31818901          8.24861286          0.00015214          0.00431459
    57   L1s      -9563.31072261          0.24643646          2.82457891          0.00017355          0.00493662
    58   L0s      -9563.31850323          0.34649980         11.47150920          0.00017355          0.00488360
    59   L0s      -9563.32547582          0.26316972          5.35261445          0.00017355          0.00492197
    60   L1s      -9563.33497536          0.27259936          4.44969836          0.00026377          0.00738632
    61   L1s      -9563.34246713          0.37755863         11.04127653          0.00019534          0.00549211
    62   L1s      -9563.35436085          0.33208835          5.03525208          0.00031159          0.00868943
    63   L1s      -9563.36459730          0.29240812          5.61545664          0.00027313          0.00756623
    64   L1s      -9563.37044498          0.29380145          6.95407998          0.00015309          0.00418831
    65   L1s      -9563.38217526          0.30133043          5.30716816          0.00030993          0.00839051
    66   L1s      -9563.39011944          0.38725339          9.05652000          0.00020954          0.00557990
    67   L1s      -9563.40431592          0.35993006          6.46203853          0.00037765          0.01004943
    68   L0s      -9563.41897663          0.35528225          8.57992274          0.00037765          0.00991630
    69   L1s      -9563.42896517          0.40255492         11.08110924          0.00025875          0.00682134
    70   L1s      -9563.44750670          0.41274199          6.26713050          0.00048739          0.01271907
    71   L1s      -9563.46072288          0.44650306         10.41546202          0.00036166          0.00944268
    72   L1s      -9563.47682046          0.34131562          4.88655142          0.00043664          0.01141907
    73   L1s      -9563.48854884          0.33979753          7.35105466          0.00032198          0.00851175
    74   L1s      -9563.49790228          0.37948445          6.58056816          0.00025229          0.00668499
    75   L1s      -9563.51169012          0.35771840          7.44568969          0.00037442          0.01009031
    76   L1s      -9563.52259648          0.40623747         11.18360434          0.00029365          0.00790487
    77   L1s      -9563.53794419          0.36384738          5.84505400          0.00041746          0.01145607
    78   L0s      -9563.55473127          0.41501197         11.49439864          0.00041746          0.01145454
    79   L1s      -9563.56767798          0.39575246          7.20377200          0.00032754          0.00912204
    80   L0s      -9563.58046755          0.35132252          5.96520691          0.00032754          0.00912608
    81   L0s      -9563.59418080          0.38796562          9.12499538          0.00032754          0.00913856
    82   L0s      -9563.60728139          0.35138109          7.22326674          0.00032754          0.00909334
    83   L0s      -9563.61812954          0.39194587          6.99764296          0.00032754          0.00911420
    84   L0s      -9563.62862390          0.38251400          8.66194438          0.00032754          0.00899394
    85   L1s      -9563.63833417          0.31453168          6.80800858          0.00027351          0.00753907
    86   L1s      -9563.64783799          0.31248165          7.86050300          0.00023616          0.00636607
    87   L1s      -9563.65495379          0.26428088          6.27282794          0.00017823          0.00481747
    88   L1s      -9563.66305304          0.32619444          7.18486101          0.00020443          0.00541447
    89   L0s      -9563.67071371          0.31093225          6.04616055          0.00020443          0.00541529
    90   L1s      -9563.67743800          0.25529247          4.29564417          0.00017893          0.00466783
    91   L0s      -9563.68502362          0.28093141          7.07287841          0.00017893          0.00461123
    92   L0s      -9563.69184697          0.28854187          6.51369162          0.00017893          0.00454827
    93   L0s      -9563.69821884          0.27953548          4.09261999          0.00017893          0.00450919
    94   L0s      -9563.70546048          0.29431213          7.63895286          0.00017893          0.00434316
    95   L1s      -9563.71152935          0.25140366          5.66446995          0.00015021          0.00360263
    96   L1s      -9563.71845207          0.23554690          5.98093249          0.00017984          0.00407159
    97   L1s      -9563.72309658          0.24593397          6.11035352          0.00012184          0.00271632
    98   L1s      -9563.72847406          0.23146093          4.32550120          0.00014208          0.00296789
    99   L1s      -9563.73274665          0.24335148          5.01084248          0.00011432          0.00231310
   100   L1s      -9563.73769647          0.22982441          4.62665369          0.00013345          0.00256275
   101   L1s      -9563.74374279          0.24522540          5.72786248          0.00016442          0.00303087
   102   L1s      -9563.74876463          0.25046030          4.99879402          0.00013715          0.00240943
   103   L1s      -9563.75473275          0.24311587          4.93869246          0.00016409          0.00279388
   104   L1s      -9563.75915272          0.25723319          5.75762275          0.00012252          0.00193119
   105   L1s      -9563.76537126          0.22838012          5.30335647          0.00017368          0.00262482
   106   L1s      -9563.76996575          0.22173270          5.87868061          0.00012899          0.00173566
   107   L0s      -9563.77414972          0.23479579          5.36380529          0.00012899          0.00167069
   108   L0s      -9563.77842884          0.21287258          4.17236638          0.00012899          0.00146105
   109   L1s      -9563.78227813          0.23817355          4.87758373          0.00010551          0.00111905
   110   L1s      -9563.78705821          0.21082987          5.12445506          0.00013366          0.00125071
   111   L1s      -9563.79127490          0.19300290          3.11287478          0.00011914          0.00103456
   112   L1s      -9563.79468965          0.22448078          5.30004455          0.00009753          0.00083346
   113   L1s      -9563.79943517          0.21441442          4.01525165          0.00013657          0.00114495
   114   L1s      -9563.80305456          0.22970586          5.79412591          0.00010501          0.00086391
   115   L1s      -9563.80775732          0.21083404          5.03454383          0.00013746          0.00110206
   116   L1s      -9563.81308441          0.24627211          5.56791914          0.00015711          0.00123122
   117   L0s      -9563.81790527          0.25863446          7.12875070          0.00015711          0.00120403
   118   L0s      -9563.82227326          0.22409488          3.59423533          0.00015711          0.00116445
   119   L1s      -9563.82550460          0.20940363          4.77600282          0.00010561          0.00074930
   120   L0s      -9563.82935408          0.17538165          3.04886878          0.00010561          0.00069707
   121   L0s      -9563.83357966          0.21035212          4.72354874          0.00010561          0.00065948
   122   L1s      -9563.83810419          0.22490493          5.66972381          0.00012262          0.00072726
   123   L1s      -9563.84283307          0.23119307          3.51255826          0.00013850          0.00094008
   124   L1s      -9563.84708854          0.24451736          6.68988916          0.00012552          0.00072928
   125   L1s      -9563.85187715          0.20789832          4.23782893          0.00014216          0.00089732
   126   L0s      -9563.85660458          0.23479092          5.83041676          0.00014216          0.00084827
   127   L0s      -9563.86112467          0.20772318          4.61586192          0.00014216          0.00088587
   128   L1s      -9563.86497530          0.20697841          4.92113138          0.00012259          0.00074562
   129   L0s      -9563.86885032          0.24210158          5.06590345          0.00012259          0.00075071
   130   L0s      -9563.87290936          0.19577761          3.25899249          0.00012259          0.00075665
   131   L1s      -9563.87765973          0.24468681          7.00192770          0.00013652          0.00084655
   132   L0s      -9563.88233230          0.20351427          3.83056219          0.00013652          0.00085107
   133   L0s      -9563.88724549          0.18490344          2.65722105          0.00013652          0.00085485
   134   L1s      -9563.89111392          0.24131890          6.53982062          0.00010973          0.00068892
   135   L0s      -9563.89518664          0.18690089          3.38727589          0.00010973          0.00075841
   136   L0s      -9563.89982874          0.23573829          7.08750927          0.00010973          0.00068900
   137   L0s      -9563.90408369          0.19636163          3.51176055          0.00010973          0.00068963
   138   L1s      -9563.91066168          0.21528208          4.15961939          0.00019398          0.00130677
   139   L1s      -9563.91511482          0.25939526          7.24748717          0.00013257          0.00090733
   140   L1s      -9563.92006718          0.20576638          4.25183686          0.00014822          0.00098225
   141   L1s      -9563.92380974          0.23185175          6.36864204          0.00011299          0.00072837
   142   L0s      -9563.92756170          0.18681895          2.72052049          0.00011299          0.00071576
   143   L1s      -9563.93281557          0.19624776          3.45286092          0.00015917          0.00101931
   144   L1s      -9563.93653453          0.24109478          6.84635338          0.00011463          0.00072888
   145   L1s      -9563.94157861          0.17815983          2.43924987          0.00015640          0.00097709
   146   L1s      -9563.94449689          0.22486920          6.51690717          0.00009145          0.00056987
   147   L1s      -9563.94794792          0.16607523          2.76780097          0.00010885          0.00067488
   148   L0s      -9563.95161591          0.18104660          3.59160223          0.00010885          0.00067089
   149   L0s      -9563.95504490          0.22668634          5.94947210          0.00010885          0.00066878
   150   L1s      -9563.95940398          0.16596633          2.76497105          0.00014397          0.00087674
   151   L1s      -9563.96286413          0.21486697          5.48269378          0.00010655          0.00064522
   152   L1s      -9563.96541971          0.17397638          2.34900944          0.00007928          0.00048579
   153   L1s      -9563.96966286          0.19883730          4.56768747          0.00013312          0.00082496
   154   L1s      -9563.97273197          0.20423610          5.11060973          0.00009709          0.00060786
   155   L1s      -9563.97706015          0.17627298          2.12333616          0.00013800          0.00087323
   156   L0s      -9563.98166847          0.20335664          4.58748669          0.00013800          0.00087465
   157   L1s      -9563.98468215          0.21398115          4.02708698          0.00009282          0.00058784
   158   L1s      -9563.98947756          0.19897402          4.31549975          0.00015895          0.00100026
   159   L1s      -9563.99242817          0.20880456          5.67139347          0.00009856          0.00061574
   160   L1s      -9563.99722507          0.19231861          3.42713702          0.00016134          0.00100000
   161   L1s      -9564.00145638          0.18593473          4.07181763          0.00014346          0.00088356
   162   L1s      -9564.00403550          0.19731528          5.27132377          0.00008814          0.00054036
   163   L1s      -9564.00792135          0.18820005          4.57810159          0.00013377          0.00081619
   164   L1s      -9564.01046838          0.20129979          3.78739180          0.00008838          0.00053657
   165   L1s      -9564.01451850          0.16715034          1.99020358          0.00014149          0.00085090
   166   L1s      -9564.01802934          0.19103994          5.79521922          0.00012383          0.00073841
   167   L1s      -9564.02085816          0.18816727          3.26169016          0.00010049          0.00059388
   168   L1s      -9564.02451517          0.17160593          2.86286174          0.00013085          0.00076483
   169   L1s      -9564.02653643          0.17895545          4.41220144          0.00007294          0.00043098
   170   L1s      -9564.02922229          0.14815914          3.19972652          0.00009769          0.00059708
   171   L1s      -9564.03222177          0.18532665          4.25355739          0.00011032          0.00068852
   172   L1s      -9564.03463218          0.15476722          3.22195409          0.00008929          0.00057323
   173   L1s      -9564.03734160          0.13566292          3.01702130          0.00010136          0.00067102
   174   L1s      -9564.03867787          0.14642047          3.47913699          0.00005063          0.00034272
   175   L1s      -9564.04047720          0.14154620          2.79833794          0.00006890          0.00047501
   176   L1s      -9564.04305451          0.17677022          4.85512682          0.00009981          0.00069402
   177   L1s      -9564.04513737          0.13802092          2.03787668          0.00008121          0.00057111
   178   L1s      -9564.04798496          0.14509291          2.61150528          0.00011229          0.00079526
   179   L1s      -9564.04968183          0.15796872          4.07909741          0.00006758          0.00048009
   180   L1s      -9564.05163279          0.14009268          2.89195240          0.00007834          0.00055592
   181   L1s      -9564.05336161          0.14454291          4.03570997          0.00007014          0.00049522
   182   L1s      -9564.05470731          0.10852251          1.97504493          0.00005512          0.00038456
   183   L1s      -9564.05650557          0.11724666          2.19345804          0.00007488          0.00051776
   184   L1s      -9564.05774211          0.13846628          4.05760938          0.00005220          0.00035866
   185   L1s      -9564.05956506          0.12827158          2.17150851          0.00007769          0.00052891
   186   L1s      -9564.06091776          0.13858290          3.05674827          0.00005828          0.00039277
   187   L0s      -9564.06220229          0.11359921          1.74279508          0.00005828          0.00038607
   188   L1s      -9564.06368422          0.11212796          2.53772377          0.00006935          0.00044997
   189   L1s      -9564.06490245          0.13594909          3.31618369          0.00005531          0.00035398
   190   L1s      -9564.06677851          0.12657748          1.72612049          0.00008591          0.00055437
   191   L1s      -9564.06813027          0.13634069          3.28893404          0.00006251          0.00040974
   192   L0s      -9564.06937723          0.12438710          2.77331829          0.00006251          0.00041655
   193   L1s      -9564.07077127          0.11326323          2.31841711          0.00007136          0.00048220
   194   L1s      -9564.07199098          0.11850554          3.05753187          0.00005788          0.00039525
   195   L0s      -9564.07315054          0.11060604          2.43791822          0.00005788          0.00039953
   196   L0s      -9564.07426282          0.12081033          2.59436469          0.00005788          0.00040213
   197   L1s      -9564.07525033          0.10696230          1.94726085          0.00004988          0.00034810
   198   L0s      -9564.07615722          0.10755240          2.56082644          0.00004988          0.00034925
   199   L0s      -9564.07711780          0.10411245          1.66230921          0.00004988          0.00034799
   200   L1s      -9564.07840294          0.09503526          1.95037555          0.00006084          0.00042228
----------------------------------------------------------------------------------------------------------------

Minimization converged.

-------------------  Conjugate Gradient Minimizer Statistics -------------------
Iterations             =            200  Function Calls         =            351
--------------------------------------------------------------------------------
