
#-----------------------------------------------------------------------------#
#                                                                             #
#                                EasyHybrid                                   #
#                   - A pDynamo graphical user interface -                    #
#                                                                             #
#-----------------------------------------------------------------------------#
#                                                                             #
#     Developed by Jose Fernando R Bachega and Luis Fernando S M Timmers      #
#                            <ferbachega@gmail.com>                           #
#                                                                             #
#             visit: https://sites.google.com/site/EasyHybrid/                #
#                   Univesity of Sao Paulo - SP, Brazil                       #
#      Pontifical Catholic University of Rio Grande do Sul - RS, Brazil       #
#                                                                             #
#                                                                             #
#   EasyHybrid team:                               Special thanks to:         #
#   - Jose Fernando R Bachega           |         - Fernando V Maluf          #
#   - Michele Silva                     |                                     #
#   - Luis Fernando S M Timmers         |                                     #
#   - Martin Field                      |         - Leonardo R Bachega        #
#   - Troy Wymore                       |         - Lucas Assirati            #
#   - Osmar Norberto de Souza           |         - Richard Garratt           #
#   - Walter R Paixao-Cortes            |                                     #
#                                                                             #
#   Cite this work as:                                                        #
#   J.F.R. Bachega, L.F.S.M. Timmers, L.Assirati, L.B. Bachega, M.J. Field,   #
#   T. Wymore. J. Comput. Chem. 2013, 34, 2190-2196. DOI: 10.1002/jcc.23346   #
#                                                                             #
#-----------------------------------------------------------------------------#

Generated on Wed Jun  5 17:23:39 2019


--------------------------------------------------------------------------------
                       Summary for System "Pruned System"
--------------------------------------------------------------------------------

---------------------------- Atom Container Summary ----------------------------
Number of Atoms        =           2173  Number of Heavy Atoms  =           1040
Number of Hydrogens    =           1133  Number of Unknowns     =              0
--------------------------------------------------------------------------------

----------------------------- Connectivity Summary -----------------------------
Atoms                  =           2173
--------------------------------------------------------------------------------

------------------------------- Electronic State -------------------------------
Charge                 =             -1  Multiplicity           =              1
--------------------------------------------------------------------------------

--------------------------------------------------------------------------------
                    Summary for Energy Model "AMBER/AM1/ABFS"
--------------------------------------------------------------------------------

----------------------------------- Summary for MM Model "AMBER" -----------------------------------
LJ 1-4 Scaling                   =          0.500  El. 1-4 Scaling                  =          0.833
Number of MM Atoms               =           2173  Number of MM Atom Types          =             37
Number of Inactive MM Atoms      =             33  Total MM Charge                  =          -4.00
Harmonic Bond Terms              =           2169  Harmonic Bond Parameters         =             49
Harmonic Bond Inactive           =           1308  Fourier Improper Terms           =            320
Fourier Improper Parameters      =              3  Fourier Improper Inactive        =            164
Harmonic Angle Terms             =           3403  Harmonic Angle Parameters        =            103
Harmonic Angle Inactive          =           1938  Fourier Dihedral Terms           =           6697
Fourier Dihedral Parameters      =             48  Fourier Dihedral Inactive        =           3453
Exclusions                       =          10377  1-4 Interactions                 =           4805
LJ Parameters Form               =          AMBER  LJ Parameters Types              =             21
1-4 Lennard-Jones Form           =          AMBER  1-4 Lennard-Jones Types          =             21
----------------------------------------------------------------------------------------------------

-------------------------- Summary for QC Model "AM1" --------------------------
Number of QC Atoms     =             39  Boundary Atoms         =              6
Nuclear Charge         =            129  Orbital Functions      =            108
Fitting Functions      =              0  Energy Base Line       =      188.36370
QC Parameter Centers   =              6
--------------------------------------------------------------------------------

----------------------------- ABFS NB Model Summary ----------------------------
Dielectric             =       1.000000  El. 1-4 Scaling        =       0.833333
Damping Cutoff         =       0.500000  Inner Cutoff           =       8.000000
List Cutoff            =      13.500000  Outer Cutoff           =      12.000000
QC/MM Coupling         =    RC Coupling  Use Centering          =          False
--------------------------------------------------------------------------------

-------------------------- Pairlist Generator Summary --------------------------
Cell Size              =          6.750  Cutoff                 =         13.500
Cutoff Cell Size Factor =          0.500  Grid Cell/Cell Method  =           True
Minimum Cell Extent    =              2  Minimum Cell Size      =          3.000
Minimum Extent Factor  =          1.500  Minimum Points         =            500
Sort Indices           =          False
--------------------------------------------------------------------------------

----------------------- SoftConstraint Container Summary -----------------------
Multiple Distance      =              2
--------------------------------------------------------------------------------

---------------------------- Hard Constraint Container Summary ---------------------------
Number of Charge Constraints  =            0  Number of Fixed Atoms         =         1351
------------------------------------------------------------------------------------------

------------------------------- Sequence Summary -------------------------------
Number of Atoms            =       2173  Number of Components       =        213
Number of Entities         =          1  Number of Linear Polymers  =          0
Number of Links            =          0  Number of Variants         =          0
--------------------------------------------------------------------------------

-------------------------------  Conjugate Gradient Minimizer Options ------------------------------
Beta Type                        =              1  Initial Step                     =            0.1
Line Searcher                    =           None  Log Frequency                    =              1
Maximum Iterations               =           5000  Maximum Theta                    =          1e+10
Minimum Theta                    =          1e-10  RMS Gradient Tolerance           =            0.1
Steepest Descent Tolerance       =          0.001  Use Spectral Theta               =           True
----------------------------------------------------------------------------------------------------

----------------------------------------------------------------------------------------------------------------
  Iteration       Function          RMS Gradient        Max. |Grad.|          RMS Disp.         Max. |Disp.|
----------------------------------------------------------------------------------------------------------------
     0     I      -9514.82948479         38.93901897       1524.55414425          0.00201374          0.07884267
     1   L1s      -9550.22762827          4.08176261         96.25966579          0.00074018          0.01736327
     2   L1s      -9550.89410221          3.05560822         77.68980759          0.00013317          0.00402967
     3   L1s      -9552.75052500          2.55454348         66.12247452          0.00061653          0.01961454
     4   L1s      -9553.51517505          1.45190223         31.76969938          0.00034831          0.00666241
     5   L1s      -9553.72100145          2.07525915         51.98030867          0.00014666          0.00309451
     6   L1s      -9553.98621007          1.11543986         23.35595642          0.00021547          0.00419506
     7   L1s      -9554.23116104          1.15666575         26.50386328          0.00026396          0.00586313
     8   L1s      -9554.36276698          1.51922345         36.63339682          0.00016908          0.00384864
     9   L1s      -9554.54171934          0.62635361         12.32783180          0.00024898          0.00373634
    10   L1s      -9554.57871436          0.71330013         15.23956563          0.00007057          0.00141786
    11   L1s      -9554.60755570          0.62642836         14.33113867          0.00006400          0.00107623
    12   L1s      -9554.65688900          0.39789362          6.38224514          0.00012684          0.00242810
    13   L0s      -9554.69539406          0.35648319          6.19692633          0.00012684          0.00255863
    14   L1s      -9554.71184337          0.50559877         15.10413922          0.00006581          0.00133495
    15   L1s      -9554.72442395          0.34178211          5.19057303          0.00005415          0.00108888
    16   L1s      -9554.74346875          0.36229648          9.76940278          0.00009365          0.00183098
    17   L1s      -9554.75087311          0.31739861          5.00596087          0.00004001          0.00075451
    18   L1s      -9554.76514266          0.24473688          4.66255964          0.00008529          0.00149262
    19   L1s      -9554.77397148          0.22646701          3.47791614          0.00006037          0.00097147
    20   L1s      -9554.78000060          0.35811037          8.26327021          0.00004654          0.00072359
    21   L1s      -9554.78776231          0.20497319          2.33375761          0.00006243          0.00086303
    22   L1s      -9554.79593716          0.17228175          2.53001744          0.00007332          0.00102814
    23   L0s      -9554.80273144          0.25999402          6.59946585          0.00007332          0.00098863
    24   L1s      -9554.80567541          0.18252986          3.88465978          0.00003183          0.00037517
    25   L1s      -9554.81156945          0.22434939          5.71791365          0.00006220          0.00070929
    26   L1s      -9554.81394385          0.18735982          3.02413080          0.00002648          0.00032572
    27   L1s      -9554.81912422          0.15817335          3.18040906          0.00006199          0.00067662
    28   L1s      -9554.82289912          0.17619117          3.87491792          0.00004916          0.00067394
    29   L1s      -9554.82476930          0.16102245          2.94341305          0.00002583          0.00032198
    30   L1s      -9554.82851041          0.13410529          3.15012087          0.00005500          0.00077157
    31   L1s      -9554.83125657          0.14570080          3.21459943          0.00004365          0.00060674
    32   L1s      -9554.83276894          0.17130843          4.42631954          0.00002547          0.00036138
    33   L1s      -9554.83555791          0.12159480          2.43173910          0.00004880          0.00082057
    34   L1s      -9554.83679725          0.15014405          4.50300708          0.00002322          0.00042359
    35   L1s      -9554.83871951          0.11097273          1.57713811          0.00003747          0.00066635
    36   L1s      -9554.84219412          0.10149567          1.72411598          0.00007238          0.00136211
    37   L1s      -9554.84315069          0.14428294          3.65954168          0.00002133          0.00041217
    38   L1s      -9554.84577580          0.10838158          1.50279813          0.00006038          0.00112197
    39   L1s      -9554.84768869          0.15987015          5.12194315          0.00004629          0.00084944
    40   L1s      -9554.84884103          0.10835207          1.67277930          0.00002850          0.00053256
    41   L1s      -9554.85102356          0.10582333          1.73216678          0.00005643          0.00103818
    42   L1s      -9554.85184302          0.11604908          2.93631666          0.00002212          0.00039928
    43   L1s      -9554.85318987          0.09563166          1.73866214          0.00003754          0.00069076
----------------------------------------------------------------------------------------------------------------

Minimization converged.

-------------------  Conjugate Gradient Minimizer Statistics -------------------
Iterations             =             43  Function Calls         =             85
--------------------------------------------------------------------------------
