
#-----------------------------------------------------------------------------#
#                                                                             #
#                                EasyHybrid                                   #
#                   - A pDynamo graphical user interface -                    #
#                                                                             #
#-----------------------------------------------------------------------------#
#                                                                             #
#     Developed by Jose Fernando R Bachega and Luis Fernando S M Timmers      #
#                            <ferbachega@gmail.com>                           #
#                                                                             #
#             visit: https://sites.google.com/site/EasyHybrid/                #
#                   Univesity of Sao Paulo - SP, Brazil                       #
#      Pontifical Catholic University of Rio Grande do Sul - RS, Brazil       #
#                                                                             #
#                                                                             #
#   EasyHybrid team:                               Special thanks to:         #
#   - Jose Fernando R Bachega           |         - Fernando V Maluf          #
#   - Michele Silva                     |                                     #
#   - Luis Fernando S M Timmers         |                                     #
#   - Martin Field                      |         - Leonardo R Bachega        #
#   - Troy Wymore                       |         - Lucas Assirati            #
#   - Osmar Norberto de Souza           |         - Richard Garratt           #
#   - Walter R Paixao-Cortes            |                                     #
#                                                                             #
#   Cite this work as:                                                        #
#   J.F.R. Bachega, L.F.S.M. Timmers, L.Assirati, L.B. Bachega, M.J. Field,   #
#   T. Wymore. J. Comput. Chem. 2013, 34, 2190-2196. DOI: 10.1002/jcc.23346   #
#                                                                             #
#-----------------------------------------------------------------------------#

Generated on Wed Jun  5 17:30:59 2019


--------------------------------------------------------------------------------
                       Summary for System "Pruned System"
--------------------------------------------------------------------------------

---------------------------- Atom Container Summary ----------------------------
Number of Atoms        =           2173  Number of Heavy Atoms  =           1040
Number of Hydrogens    =           1133  Number of Unknowns     =              0
--------------------------------------------------------------------------------

----------------------------- Connectivity Summary -----------------------------
Atoms                  =           2173
--------------------------------------------------------------------------------

------------------------------- Electronic State -------------------------------
Charge                 =             -1  Multiplicity           =              1
--------------------------------------------------------------------------------

--------------------------------------------------------------------------------
                    Summary for Energy Model "AMBER/AM1/ABFS"
--------------------------------------------------------------------------------

----------------------------------- Summary for MM Model "AMBER" -----------------------------------
LJ 1-4 Scaling                   =          0.500  El. 1-4 Scaling                  =          0.833
Number of MM Atoms               =           2173  Number of MM Atom Types          =             37
Number of Inactive MM Atoms      =             33  Total MM Charge                  =          -4.00
Harmonic Bond Terms              =           2169  Harmonic Bond Parameters         =             49
Harmonic Bond Inactive           =           1308  Fourier Improper Terms           =            320
Fourier Improper Parameters      =              3  Fourier Improper Inactive        =            164
Harmonic Angle Terms             =           3403  Harmonic Angle Parameters        =            103
Harmonic Angle Inactive          =           1938  Fourier Dihedral Terms           =           6697
Fourier Dihedral Parameters      =             48  Fourier Dihedral Inactive        =           3453
Exclusions                       =          10377  1-4 Interactions                 =           4805
LJ Parameters Form               =          AMBER  LJ Parameters Types              =             21
1-4 Lennard-Jones Form           =          AMBER  1-4 Lennard-Jones Types          =             21
----------------------------------------------------------------------------------------------------

-------------------------- Summary for QC Model "AM1" --------------------------
Number of QC Atoms     =             39  Boundary Atoms         =              6
Nuclear Charge         =            129  Orbital Functions      =            108
Fitting Functions      =              0  Energy Base Line       =      188.36370
QC Parameter Centers   =              6
--------------------------------------------------------------------------------

----------------------------- ABFS NB Model Summary ----------------------------
Dielectric             =       1.000000  El. 1-4 Scaling        =       0.833333
Damping Cutoff         =       0.500000  Inner Cutoff           =       8.000000
List Cutoff            =      13.500000  Outer Cutoff           =      12.000000
QC/MM Coupling         =    RC Coupling  Use Centering          =          False
--------------------------------------------------------------------------------

-------------------------- Pairlist Generator Summary --------------------------
Cell Size              =          6.750  Cutoff                 =         13.500
Cutoff Cell Size Factor =          0.500  Grid Cell/Cell Method  =           True
Minimum Cell Extent    =              2  Minimum Cell Size      =          3.000
Minimum Extent Factor  =          1.500  Minimum Points         =            500
Sort Indices           =          False
--------------------------------------------------------------------------------

----------------------- SoftConstraint Container Summary -----------------------
Multiple Distance      =              2
--------------------------------------------------------------------------------

---------------------------- Hard Constraint Container Summary ---------------------------
Number of Charge Constraints  =            0  Number of Fixed Atoms         =         1351
------------------------------------------------------------------------------------------

------------------------------- Sequence Summary -------------------------------
Number of Atoms            =       2173  Number of Components       =        213
Number of Entities         =          1  Number of Linear Polymers  =          0
Number of Links            =          0  Number of Variants         =          0
--------------------------------------------------------------------------------

-------------------------------  Conjugate Gradient Minimizer Options ------------------------------
Beta Type                        =              1  Initial Step                     =            0.1
Line Searcher                    =           None  Log Frequency                    =              1
Maximum Iterations               =           5000  Maximum Theta                    =          1e+10
Minimum Theta                    =          1e-10  RMS Gradient Tolerance           =            0.1
Steepest Descent Tolerance       =          0.001  Use Spectral Theta               =           True
----------------------------------------------------------------------------------------------------

----------------------------------------------------------------------------------------------------------------
  Iteration       Function          RMS Gradient        Max. |Grad.|          RMS Disp.         Max. |Disp.|
----------------------------------------------------------------------------------------------------------------
     0     I      -9518.43393412         36.69864461       1362.32864199          0.00201374          0.07475415
     1   L1s      -9553.62117809          2.93307046         73.02876537          0.00077222          0.01799975
     2   L1s      -9555.31332451          4.76374224        152.67171082          0.00046943          0.01136795
     3   L1s      -9556.21381496          2.03756243         51.33890158          0.00029180          0.00802807
     4   L1s      -9556.87708673          1.35465768         32.24377069          0.00034253          0.00891077
     5   L1s      -9557.03545486          1.72478489         45.43612570          0.00012527          0.00363222
     6   L1s      -9557.36852439          1.13844992         19.51416387          0.00030752          0.00785535
     7   L1s      -9557.52777795          0.95108232         23.99775191          0.00018687          0.00427106
     8   L1s      -9557.57659875          0.88105142         20.67444638          0.00007064          0.00154093
     9   L1s      -9557.64986033          0.47481032          8.30188750          0.00012575          0.00241485
    10   L1s      -9557.68804521          0.52898534         11.42279531          0.00009259          0.00183604
    11   L1s      -9557.70995426          0.55340350         12.61818813          0.00006275          0.00122511
    12   L1s      -9557.74021920          0.50431512         10.55139942          0.00009734          0.00245189
    13   L1s      -9557.78283890          0.64123405         18.59017725          0.00015323          0.00418510
    14   L1s      -9557.80095841          0.45077364          7.37095928          0.00006900          0.00187571
    15   L1s      -9557.85751055          0.46095629          7.33027779          0.00023844          0.00599136
    16   L1s      -9557.89432680          0.50374269         12.87896590          0.00016805          0.00477739
    17   L1s      -9557.90749953          0.40824412          7.40576271          0.00006366          0.00166546
    18   L1s      -9557.93591499          0.44422551         12.36543235          0.00014893          0.00371439
    19   L1s      -9557.94604496          0.37311319          5.89052349          0.00005637          0.00149478
    20   L1s      -9557.96135895          0.26555295          4.02655997          0.00009127          0.00219918
    21   L0s      -9557.97512799          0.25033074          4.46113066          0.00009127          0.00193480
    22   L1s      -9557.98515770          0.32969608          8.64066339          0.00007405          0.00165467
    23   L1s      -9557.99074093          0.25162523          3.61375837          0.00004362          0.00087469
    24   L1s      -9557.99784258          0.20416557          3.58378709          0.00006006          0.00092782
    25   L1s      -9558.00134030          0.25939623          6.77918786          0.00003268          0.00056668
    26   L1s      -9558.01066263          0.18027710          3.18999610          0.00009187          0.00122149
    27   L1s      -9558.01801100          0.17841174          3.11428823          0.00007956          0.00081468
    28   L1s      -9558.02150010          0.27165161          8.43433845          0.00004097          0.00042567
    29   L1s      -9558.02718648          0.19630929          4.28247259          0.00006889          0.00069172
    30   L0s      -9558.03236404          0.19707929          3.22484313          0.00006889          0.00086211
    31   L1s      -9558.03601882          0.25142934          6.68422719          0.00005068          0.00051057
    32   L1s      -9558.04234221          0.18242080          3.41427816          0.00008820          0.00093470
    33   L0s      -9558.04782744          0.20729980          3.17113754          0.00008820          0.00093225
    34   L1s      -9558.05138697          0.28268883          8.59788550          0.00005735          0.00059052
    35   L1s      -9558.05846750          0.17710928          2.01305610          0.00011089          0.00109552
    36   L0s      -9558.06484590          0.21263399          4.04132215          0.00011089          0.00108211
    37   L1s      -9558.06889160          0.26422056          6.80828554          0.00007047          0.00059889
    38   L1s      -9558.07529040          0.16940067          2.20440805          0.00010908          0.00089131
    39   L1s      -9558.08049341          0.23237935          5.72565048          0.00009212          0.00076095
    40   L1s      -9558.08337941          0.20454872          3.88469151          0.00005207          0.00043641
    41   L1s      -9558.08937416          0.18574928          4.01639327          0.00011074          0.00095028
    42   L1s      -9558.09601930          0.18830035          2.61490831          0.00012616          0.00110852
    43   L1s      -9558.10000398          0.24241030          6.43077834          0.00007754          0.00067323
    44   L0s      -9558.10432333          0.17991931          2.40828103          0.00007754          0.00064419
    45   L1s      -9558.11151529          0.27658639          6.67867796          0.00012335          0.00102722
    46   L1s      -9558.11504562          0.19085885          2.62422919          0.00006354          0.00053275
    47   L1s      -9558.12221298          0.21346757          4.00873435          0.00013256          0.00111208
    48   L1s      -9558.12615164          0.24725563          7.47179936          0.00007435          0.00062315
    49   L1s      -9558.13114181          0.16930771          4.14013623          0.00009562          0.00079859
    50   L1s      -9558.13494122          0.13778699          2.24214143          0.00007510          0.00062742
    51   L1s      -9558.13724833          0.19677378          6.09599576          0.00004757          0.00039789
    52   L1s      -9558.14014406          0.13950750          1.64776930          0.00006089          0.00050987
    53   L1s      -9558.14539672          0.15322464          3.47243568          0.00011463          0.00094303
    54   L1s      -9558.14700565          0.16112958          3.87532099          0.00003611          0.00029129
    55   L1s      -9558.14971480          0.13485617          2.39141993          0.00006232          0.00048628
    56   L0s      -9558.15231616          0.19552361          5.43459309          0.00006232          0.00048014
    57   L1s      -9558.15445588          0.14881183          3.22681735          0.00005182          0.00039312
    58   L1s      -9558.15758402          0.13515256          2.46391331          0.00007673          0.00058111
    59   L1s      -9558.15952209          0.17648282          5.56761319          0.00004894          0.00037451
    60   L1s      -9558.16186805          0.12670530          1.66954779          0.00006021          0.00046909
    61   L1s      -9558.16558723          0.13635238          2.50398799          0.00009838          0.00076506
    62   L1s      -9558.16714599          0.17536812          4.79065622          0.00004226          0.00032726
    63   L1s      -9558.17064606          0.14036608          2.48502263          0.00009626          0.00073719
    64   L1s      -9558.17273406          0.19498806          4.89084006          0.00005867          0.00044872
    65   L1s      -9558.17548545          0.14960014          3.35033656          0.00007816          0.00059899
    66   L1s      -9558.17867169          0.13210500          2.70418421          0.00009216          0.00071390
    67   L1s      -9558.18047449          0.17542118          5.14857913          0.00005333          0.00041618
    68   L1s      -9558.18305374          0.12912212          2.38644866          0.00007722          0.00061195
    69   L1s      -9558.18625261          0.13065417          2.66669335          0.00009785          0.00078382
    70   L1s      -9558.18753678          0.15253658          3.51773943          0.00004008          0.00032271
    71   L1s      -9558.18983453          0.12061872          1.51596271          0.00007275          0.00061144
    72   L1s      -9558.19146158          0.16780925          3.93631006          0.00005266          0.00045232
    73   L1s      -9558.19333166          0.11278371          1.66509843          0.00006120          0.00054897
    74   L1s      -9558.19622493          0.13398186          2.64089960          0.00009695          0.00089212
    75   L1s      -9558.19768057          0.14830374          4.07761468          0.00004956          0.00046454
    76   L1s      -9558.19961262          0.11794442          2.78580679          0.00006662          0.00064003
    77   L1s      -9558.20210634          0.12599019          2.27143361          0.00008766          0.00085694
    78   L1s      -9558.20329218          0.14655486          3.10847413          0.00004238          0.00041914
    79   L1s      -9558.20532380          0.11389171          1.63292461          0.00007348          0.00073952
    80   L1s      -9558.20684583          0.15869233          3.80935886          0.00005610          0.00056974
    81   L1s      -9558.20854100          0.11279329          1.37359657          0.00006309          0.00065230
    82   L1s      -9558.21146296          0.12117232          2.28091709          0.00011076          0.00116217
    83   L1s      -9558.21278492          0.14713890          4.13159793          0.00005088          0.00053879
    84   L1s      -9558.21453196          0.09520328          1.70514706          0.00006794          0.00073292
----------------------------------------------------------------------------------------------------------------

Minimization converged.

-------------------  Conjugate Gradient Minimizer Statistics -------------------
Iterations             =             84  Function Calls         =            163
--------------------------------------------------------------------------------
