
#-----------------------------------------------------------------------------#
#                                                                             #
#                                EasyHybrid                                   #
#                   - A pDynamo graphical user interface -                    #
#                                                                             #
#-----------------------------------------------------------------------------#
#                                                                             #
#     Developed by Jose Fernando R Bachega and Luis Fernando S M Timmers      #
#                            <ferbachega@gmail.com>                           #
#                                                                             #
#             visit: https://sites.google.com/site/EasyHybrid/                #
#                   Univesity of Sao Paulo - SP, Brazil                       #
#      Pontifical Catholic University of Rio Grande do Sul - RS, Brazil       #
#                                                                             #
#                                                                             #
#   EasyHybrid team:                               Special thanks to:         #
#   - Jose Fernando R Bachega           |         - Fernando V Maluf          #
#   - Michele Silva                     |                                     #
#   - Luis Fernando S M Timmers         |                                     #
#   - Martin Field                      |         - Leonardo R Bachega        #
#   - Troy Wymore                       |         - Lucas Assirati            #
#   - Osmar Norberto de Souza           |         - Richard Garratt           #
#   - Walter R Paixao-Cortes            |                                     #
#                                                                             #
#   Cite this work as:                                                        #
#   J.F.R. Bachega, L.F.S.M. Timmers, L.Assirati, L.B. Bachega, M.J. Field,   #
#   T. Wymore. J. Comput. Chem. 2013, 34, 2190-2196. DOI: 10.1002/jcc.23346   #
#                                                                             #
#-----------------------------------------------------------------------------#

Generated on Wed Jun  5 17:32:09 2019


--------------------------------------------------------------------------------
                       Summary for System "Pruned System"
--------------------------------------------------------------------------------

---------------------------- Atom Container Summary ----------------------------
Number of Atoms        =           2173  Number of Heavy Atoms  =           1040
Number of Hydrogens    =           1133  Number of Unknowns     =              0
--------------------------------------------------------------------------------

----------------------------- Connectivity Summary -----------------------------
Atoms                  =           2173
--------------------------------------------------------------------------------

------------------------------- Electronic State -------------------------------
Charge                 =             -1  Multiplicity           =              1
--------------------------------------------------------------------------------

--------------------------------------------------------------------------------
                    Summary for Energy Model "AMBER/AM1/ABFS"
--------------------------------------------------------------------------------

----------------------------------- Summary for MM Model "AMBER" -----------------------------------
LJ 1-4 Scaling                   =          0.500  El. 1-4 Scaling                  =          0.833
Number of MM Atoms               =           2173  Number of MM Atom Types          =             37
Number of Inactive MM Atoms      =             33  Total MM Charge                  =          -4.00
Harmonic Bond Terms              =           2169  Harmonic Bond Parameters         =             49
Harmonic Bond Inactive           =           1308  Fourier Improper Terms           =            320
Fourier Improper Parameters      =              3  Fourier Improper Inactive        =            164
Harmonic Angle Terms             =           3403  Harmonic Angle Parameters        =            103
Harmonic Angle Inactive          =           1938  Fourier Dihedral Terms           =           6697
Fourier Dihedral Parameters      =             48  Fourier Dihedral Inactive        =           3453
Exclusions                       =          10377  1-4 Interactions                 =           4805
LJ Parameters Form               =          AMBER  LJ Parameters Types              =             21
1-4 Lennard-Jones Form           =          AMBER  1-4 Lennard-Jones Types          =             21
----------------------------------------------------------------------------------------------------

-------------------------- Summary for QC Model "AM1" --------------------------
Number of QC Atoms     =             39  Boundary Atoms         =              6
Nuclear Charge         =            129  Orbital Functions      =            108
Fitting Functions      =              0  Energy Base Line       =      188.36370
QC Parameter Centers   =              6
--------------------------------------------------------------------------------

----------------------------- ABFS NB Model Summary ----------------------------
Dielectric             =       1.000000  El. 1-4 Scaling        =       0.833333
Damping Cutoff         =       0.500000  Inner Cutoff           =       8.000000
List Cutoff            =      13.500000  Outer Cutoff           =      12.000000
QC/MM Coupling         =    RC Coupling  Use Centering          =          False
--------------------------------------------------------------------------------

-------------------------- Pairlist Generator Summary --------------------------
Cell Size              =          6.750  Cutoff                 =         13.500
Cutoff Cell Size Factor =          0.500  Grid Cell/Cell Method  =           True
Minimum Cell Extent    =              2  Minimum Cell Size      =          3.000
Minimum Extent Factor  =          1.500  Minimum Points         =            500
Sort Indices           =          False
--------------------------------------------------------------------------------

----------------------- SoftConstraint Container Summary -----------------------
Multiple Distance      =              2
--------------------------------------------------------------------------------

---------------------------- Hard Constraint Container Summary ---------------------------
Number of Charge Constraints  =            0  Number of Fixed Atoms         =         1351
------------------------------------------------------------------------------------------

------------------------------- Sequence Summary -------------------------------
Number of Atoms            =       2173  Number of Components       =        213
Number of Entities         =          1  Number of Linear Polymers  =          0
Number of Links            =          0  Number of Variants         =          0
--------------------------------------------------------------------------------

-------------------------------  Conjugate Gradient Minimizer Options ------------------------------
Beta Type                        =              1  Initial Step                     =            0.1
Line Searcher                    =           None  Log Frequency                    =              1
Maximum Iterations               =           5000  Maximum Theta                    =          1e+10
Minimum Theta                    =          1e-10  RMS Gradient Tolerance           =            0.1
Steepest Descent Tolerance       =          0.001  Use Spectral Theta               =           True
----------------------------------------------------------------------------------------------------

----------------------------------------------------------------------------------------------------------------
  Iteration       Function          RMS Gradient        Max. |Grad.|          RMS Disp.         Max. |Disp.|
----------------------------------------------------------------------------------------------------------------
     0     I      -9503.65849576         39.27466648       1520.34127080          0.00201374          0.07795286
     1   L1s      -9539.33581287          3.66891892         88.86644593          0.00073981          0.01784793
     2   L1s      -9539.82361297          2.41699050         60.54918398          0.00010832          0.00323100
     3   L1s      -9540.70791473          2.09937628         53.74243575          0.00035731          0.01199190
     4   L0s      -9541.41679336          1.09080016         23.71503295          0.00035731          0.00702035
     5   L1s      -9541.57489504          1.63076766         42.84938945          0.00013703          0.00261678
     6   L0s      -9541.70611613          1.01153027         29.42609855          0.00013703          0.00362096
     7   L1s      -9541.88163830          0.80760159         18.44769747          0.00023415          0.00474085
     8   L0s      -9542.01364636          1.49956977         47.51520254          0.00023415          0.00483552
     9   L1s      -9542.11646828          0.73183696         15.18894265          0.00018150          0.00340136
    10   L1s      -9542.16622207          0.68719132         19.86482042          0.00008785          0.00195305
    11   L1s      -9542.19729952          0.75433421         18.28268016          0.00006592          0.00137751
    12   L1s      -9542.26255335          0.48909364          6.76675400          0.00015532          0.00334716
    13   L1s      -9542.30111901          0.69950177         18.91660476          0.00011173          0.00249922
    14   L1s      -9542.32604864          0.46513886          8.22534834          0.00007778          0.00176885
    15   L1s      -9542.35842085          0.45029367         13.54720581          0.00011579          0.00245070
    16   L1s      -9542.37003423          0.47553014         10.33024262          0.00004650          0.00107734
    17   L1s      -9542.40251576          0.38336638          5.13394590          0.00014137          0.00325489
    18   L1s      -9542.42268964          0.45037998         13.05185001          0.00009753          0.00221090
    19   L1s      -9542.43286062          0.32387721          6.08341293          0.00005250          0.00122418
    20   L1s      -9542.44712911          0.30130579          5.52969456          0.00008185          0.00202328
    21   L1s      -9542.45436983          0.38226522         11.99391083          0.00004587          0.00106211
    22   L1s      -9542.46653483          0.25931542          3.97298312          0.00008128          0.00191438
    23   L1s      -9542.47597149          0.24112266          5.45243141          0.00006973          0.00168782
    24   L1s      -9542.47992121          0.27290116          6.69866986          0.00003206          0.00076722
    25   L1s      -9542.49013265          0.21463140          2.94520410          0.00008827          0.00198791
    26   L1s      -9542.49476148          0.30843420         10.09809558          0.00004368          0.00103311
    27   L1s      -9542.50129331          0.19382465          2.93535330          0.00006399          0.00143386
    28   L0s      -9542.50754888          0.19366794          3.21799519          0.00006399          0.00135084
    29   L1s      -9542.51035461          0.21307946          5.89782020          0.00003119          0.00065052
    30   L1s      -9542.51454556          0.16377938          2.74163941          0.00005065          0.00101163
    31   L0s      -9542.51845628          0.22987675          7.52322171          0.00005065          0.00091416
    32   L1s      -9542.52108484          0.16410208          2.57932139          0.00003544          0.00063152
    33   L1s      -9542.52568241          0.15459029          2.50158083          0.00006691          0.00110492
    34   L1s      -9542.52870004          0.22323345          7.04630947          0.00004668          0.00072653
    35   L0s      -9542.53165837          0.13744277          2.08855344          0.00004668          0.00063470
    36   L1s      -9542.53490578          0.18438023          5.72706566          0.00005419          0.00075487
    37   L1s      -9542.53648485          0.14215008          2.80985965          0.00002733          0.00032917
    38   L1s      -9542.54067547          0.12630427          2.08245124          0.00007636          0.00087026
    39   L1s      -9542.54219688          0.16423388          4.69992049          0.00002940          0.00033428
    40   L1s      -9542.54442521          0.15225674          3.62316963          0.00004444          0.00049403
    41   L1s      -9542.54795151          0.16747480          4.88802666          0.00007281          0.00075270
    42   L1s      -9542.54944310          0.15739031          3.54620996          0.00003164          0.00034374
    43   L1s      -9542.55290364          0.13127806          2.00346464          0.00007552          0.00082082
    44   L1s      -9542.55572286          0.18080625          5.10765270          0.00006395          0.00068483
    45   L1s      -9542.55732038          0.12552724          1.72795359          0.00003694          0.00039594
    46   L1s      -9542.56106783          0.18334844          4.26865871          0.00008997          0.00101377
    47   L1s      -9542.56292110          0.17464721          4.90745011          0.00004523          0.00048553
    48   L1s      -9542.56662337          0.14360521          1.79893068          0.00009195          0.00094089
    49   L0s      -9542.57009655          0.18920509          5.06179843          0.00009195          0.00090762
    50   L1s      -9542.57169194          0.13176690          2.54106399          0.00004208          0.00038622
    51   L1s      -9542.57445490          0.14979677          3.12203145          0.00006943          0.00063656
    52   L1s      -9542.57634213          0.19154626          5.92209427          0.00004852          0.00045754
    53   L1s      -9542.57933636          0.13528783          2.17361705          0.00007802          0.00076414
    54   L0s      -9542.58238049          0.15435365          4.22353254          0.00007802          0.00077471
    55   L1s      -9542.58373053          0.13753097          2.75584198          0.00003571          0.00035907
    56   L1s      -9542.58691825          0.12093315          1.98776964          0.00009088          0.00091137
    57   L1s      -9542.58817595          0.16532308          5.15954902          0.00003684          0.00036787
    58   L1s      -9542.59053875          0.12229669          1.92993447          0.00007015          0.00068883
    59   L1s      -9542.59312762          0.14905327          3.28388585          0.00007876          0.00076016
    60   L1s      -9542.59453620          0.14936881          3.79450243          0.00004353          0.00041198
    61   L1s      -9542.59735015          0.14038500          2.23618065          0.00008828          0.00081345
    62   L0s      -9542.59995416          0.20780744          7.27893758          0.00008828          0.00083734
    63   L1s      -9542.60175633          0.11462163          1.24404155          0.00005949          0.00062000
    64   L1s      -9542.60426014          0.13054874          2.55999459          0.00006957          0.00074876
    65   L1s      -9542.60546230          0.14751584          3.44836985          0.00003423          0.00037354
    66   L1s      -9542.60810463          0.11896032          1.89103256          0.00007661          0.00083530
    67   L1s      -9542.61017015          0.18095027          4.86142471          0.00006150          0.00067142
    68   L1s      -9542.61177613          0.12011156          1.96127331          0.00004836          0.00052948
    69   L1s      -9542.61392141          0.11897282          2.11181545          0.00006620          0.00070849
    70   L1s      -9542.61526444          0.15432855          3.81673265          0.00004244          0.00044165
    71   L1s      -9542.61713762          0.10370625          1.90164359          0.00006001          0.00056186
    72   L0s      -9542.61898399          0.11973717          3.32630294          0.00006001          0.00051771
    73   L1s      -9542.61967339          0.10342812          2.41435232          0.00002298          0.00019152
    74   L1s      -9542.62120626          0.09578274          1.43975907          0.00005347          0.00046329
----------------------------------------------------------------------------------------------------------------

Minimization converged.

-------------------  Conjugate Gradient Minimizer Statistics -------------------
Iterations             =             74  Function Calls         =            139
--------------------------------------------------------------------------------
