
#-----------------------------------------------------------------------------#
#                                                                             #
#                                EasyHybrid                                   #
#                   - A pDynamo graphical user interface -                    #
#                                                                             #
#-----------------------------------------------------------------------------#
#                                                                             #
#     Developed by Jose Fernando R Bachega and Luis Fernando S M Timmers      #
#                            <ferbachega@gmail.com>                           #
#                                                                             #
#             visit: https://sites.google.com/site/EasyHybrid/                #
#                   Univesity of Sao Paulo - SP, Brazil                       #
#      Pontifical Catholic University of Rio Grande do Sul - RS, Brazil       #
#                                                                             #
#                                                                             #
#   EasyHybrid team:                               Special thanks to:         #
#   - Jose Fernando R Bachega           |         - Fernando V Maluf          #
#   - Michele Silva                     |                                     #
#   - Luis Fernando S M Timmers         |                                     #
#   - Martin Field                      |         - Leonardo R Bachega        #
#   - Troy Wymore                       |         - Lucas Assirati            #
#   - Osmar Norberto de Souza           |         - Richard Garratt           #
#   - Walter R Paixao-Cortes            |                                     #
#                                                                             #
#   Cite this work as:                                                        #
#   J.F.R. Bachega, L.F.S.M. Timmers, L.Assirati, L.B. Bachega, M.J. Field,   #
#   T. Wymore. J. Comput. Chem. 2013, 34, 2190-2196. DOI: 10.1002/jcc.23346   #
#                                                                             #
#-----------------------------------------------------------------------------#

Generated on Wed Jun  5 17:25:03 2019


--------------------------------------------------------------------------------
                       Summary for System "Pruned System"
--------------------------------------------------------------------------------

---------------------------- Atom Container Summary ----------------------------
Number of Atoms        =           2173  Number of Heavy Atoms  =           1040
Number of Hydrogens    =           1133  Number of Unknowns     =              0
--------------------------------------------------------------------------------

----------------------------- Connectivity Summary -----------------------------
Atoms                  =           2173
--------------------------------------------------------------------------------

------------------------------- Electronic State -------------------------------
Charge                 =             -1  Multiplicity           =              1
--------------------------------------------------------------------------------

--------------------------------------------------------------------------------
                    Summary for Energy Model "AMBER/AM1/ABFS"
--------------------------------------------------------------------------------

----------------------------------- Summary for MM Model "AMBER" -----------------------------------
LJ 1-4 Scaling                   =          0.500  El. 1-4 Scaling                  =          0.833
Number of MM Atoms               =           2173  Number of MM Atom Types          =             37
Number of Inactive MM Atoms      =             33  Total MM Charge                  =          -4.00
Harmonic Bond Terms              =           2169  Harmonic Bond Parameters         =             49
Harmonic Bond Inactive           =           1308  Fourier Improper Terms           =            320
Fourier Improper Parameters      =              3  Fourier Improper Inactive        =            164
Harmonic Angle Terms             =           3403  Harmonic Angle Parameters        =            103
Harmonic Angle Inactive          =           1938  Fourier Dihedral Terms           =           6697
Fourier Dihedral Parameters      =             48  Fourier Dihedral Inactive        =           3453
Exclusions                       =          10377  1-4 Interactions                 =           4805
LJ Parameters Form               =          AMBER  LJ Parameters Types              =             21
1-4 Lennard-Jones Form           =          AMBER  1-4 Lennard-Jones Types          =             21
----------------------------------------------------------------------------------------------------

-------------------------- Summary for QC Model "AM1" --------------------------
Number of QC Atoms     =             39  Boundary Atoms         =              6
Nuclear Charge         =            129  Orbital Functions      =            108
Fitting Functions      =              0  Energy Base Line       =      188.36370
QC Parameter Centers   =              6
--------------------------------------------------------------------------------

----------------------------- ABFS NB Model Summary ----------------------------
Dielectric             =       1.000000  El. 1-4 Scaling        =       0.833333
Damping Cutoff         =       0.500000  Inner Cutoff           =       8.000000
List Cutoff            =      13.500000  Outer Cutoff           =      12.000000
QC/MM Coupling         =    RC Coupling  Use Centering          =          False
--------------------------------------------------------------------------------

-------------------------- Pairlist Generator Summary --------------------------
Cell Size              =          6.750  Cutoff                 =         13.500
Cutoff Cell Size Factor =          0.500  Grid Cell/Cell Method  =           True
Minimum Cell Extent    =              2  Minimum Cell Size      =          3.000
Minimum Extent Factor  =          1.500  Minimum Points         =            500
Sort Indices           =          False
--------------------------------------------------------------------------------

----------------------- SoftConstraint Container Summary -----------------------
Multiple Distance      =              2
--------------------------------------------------------------------------------

---------------------------- Hard Constraint Container Summary ---------------------------
Number of Charge Constraints  =            0  Number of Fixed Atoms         =         1351
------------------------------------------------------------------------------------------

------------------------------- Sequence Summary -------------------------------
Number of Atoms            =       2173  Number of Components       =        213
Number of Entities         =          1  Number of Linear Polymers  =          0
Number of Links            =          0  Number of Variants         =          0
--------------------------------------------------------------------------------

-------------------------------  Conjugate Gradient Minimizer Options ------------------------------
Beta Type                        =              1  Initial Step                     =            0.1
Line Searcher                    =           None  Log Frequency                    =              1
Maximum Iterations               =           5000  Maximum Theta                    =          1e+10
Minimum Theta                    =          1e-10  RMS Gradient Tolerance           =            0.1
Steepest Descent Tolerance       =          0.001  Use Spectral Theta               =           True
----------------------------------------------------------------------------------------------------

----------------------------------------------------------------------------------------------------------------
  Iteration       Function          RMS Gradient        Max. |Grad.|          RMS Disp.         Max. |Disp.|
----------------------------------------------------------------------------------------------------------------
     0     I      -9522.53332081         39.30071327       1514.92579959          0.00201374          0.07762371
     1   L1s      -9558.25230706          3.50146232         83.26999656          0.00074014          0.01753414
     2   L1s      -9558.73096597          2.45255078         63.02991506          0.00011132          0.00333079
     3   L1s      -9559.60169742          2.11318236         54.45946435          0.00035338          0.01188327
     4   L1s      -9560.32971431          1.20096242         30.42840432          0.00040302          0.00837496
     5   L1s      -9560.50217867          1.61144986         41.74815492          0.00015063          0.00283861
     6   L1s      -9560.62254694          0.95544977         28.34443730          0.00012105          0.00332409
     7   L1s      -9560.78439262          0.74773592         14.42743727          0.00021282          0.00478388
     8   L1s      -9560.99581248          0.71365281         14.03322830          0.00036023          0.00691124
     9   L1s      -9561.02213235          0.65435020         17.27938641          0.00005393          0.00108768
    10   L1s      -9561.09726296          0.61205385          9.88840766          0.00017986          0.00361198
    11   L1s      -9561.12210439          0.69374258         15.98576509          0.00006803          0.00146658
    12   L1s      -9561.16427996          0.47134566          7.18589485          0.00012560          0.00271091
    13   L0s      -9561.20224363          0.39371553          7.84767062          0.00012560          0.00268696
    14   L0s      -9561.23206241          0.42118313          7.70651984          0.00012560          0.00277354
    15   L0s      -9561.25919822          0.50437908         11.87959906          0.00012560          0.00261928
    16   L1s      -9561.27032975          0.37992775          5.73558656          0.00005252          0.00114760
    17   L1s      -9561.29174891          0.28791093          3.90836086          0.00011058          0.00229839
    18   L1s      -9561.30222688          0.38026055         10.05604619          0.00006155          0.00137788
    19   L1s      -9561.31088450          0.26426010          3.57809241          0.00005411          0.00116147
    20   L1s      -9561.32583241          0.28289988          4.92719447          0.00010413          0.00233876
    21   L1s      -9561.33065381          0.28298338          5.89279027          0.00003633          0.00077478
    22   L1s      -9561.33672113          0.21025020          3.18259501          0.00004890          0.00105858
    23   L1s      -9561.34654672          0.19331005          2.47677089          0.00008782          0.00184439
    24   L1s      -9561.35428576          0.26506627          5.43032100          0.00007638          0.00165042
    25   L1s      -9561.35771586          0.22795958          3.64074087          0.00003545          0.00071615
    26   L1s      -9561.36477089          0.17005954          2.06210654          0.00007713          0.00151833
    27   L1s      -9561.36932531          0.24210402          6.50808238          0.00005436          0.00097458
    28   L1s      -9561.37258439          0.16732567          2.66808243          0.00004040          0.00071884
    29   L1s      -9561.37847369          0.17449153          3.52042966          0.00007839          0.00123556
    30   L1s      -9561.38071341          0.22469203          3.94904584          0.00003157          0.00049966
    31   L1s      -9561.38614100          0.15578589          2.57123750          0.00007900          0.00111099
    32   L0s      -9561.39167069          0.12813613          1.50675172          0.00007900          0.00095193
    33   L1s      -9561.39460889          0.20922930          4.67557126          0.00004484          0.00046430
    34   L1s      -9561.39707700          0.17970012          2.66166932          0.00003987          0.00040739
    35   L1s      -9561.40138035          0.12834747          1.86152031          0.00007218          0.00077218
    36   L1s      -9561.40436453          0.18411220          3.54108269          0.00005350          0.00057422
    37   L1s      -9561.40650931          0.16459259          3.43222962          0.00003960          0.00042069
    38   L1s      -9561.41083500          0.14104089          1.67762898          0.00008266          0.00083695
    39   L1s      -9561.41433687          0.21186269          5.66905509          0.00006988          0.00068811
    40   L1s      -9561.41633293          0.14391060          2.24507969          0.00004056          0.00036713
    41   L1s      -9561.42015393          0.13486877          2.61061327          0.00008057          0.00070797
    42   L1s      -9561.42435826          0.15592390          3.51018345          0.00009219          0.00078177
    43   L0s      -9561.42842140          0.17736322          3.64251465          0.00009219          0.00070270
    44   L1s      -9561.43034082          0.19887220          3.29154304          0.00004435          0.00034624
    45   L1s      -9561.43574439          0.14294221          2.12700867          0.00012609          0.00102002
    46   L1s      -9561.43804504          0.18648146          4.22449033          0.00005525          0.00047349
    47   L0s      -9561.44042167          0.13718145          1.40969265          0.00005525          0.00051621
    48   L1s      -9561.44508147          0.16125304          2.21986692          0.00010759          0.00104732
    49   L1s      -9561.44838551          0.21746445          7.05818626          0.00008038          0.00079310
    50   L1s      -9561.45070550          0.14388269          2.13527810          0.00005710          0.00057321
    51   L1s      -9561.45407256          0.17259441          4.06593320          0.00008502          0.00085335
    52   L1s      -9561.45589147          0.16243144          3.69829294          0.00004672          0.00046579
    53   L1s      -9561.45913689          0.12230236          1.25979905          0.00008493          0.00082151
    54   L0s      -9561.46253074          0.13030527          2.87164202          0.00008493          0.00078859
    55   L1s      -9561.46386945          0.16531785          4.27401982          0.00003495          0.00031625
    56   L1s      -9561.46727557          0.14973992          2.58644134          0.00009472          0.00082616
    57   L1s      -9561.46922541          0.19009995          5.95873108          0.00005525          0.00048446
    58   L1s      -9561.47211434          0.12241144          1.84616567          0.00008278          0.00079088
    59   L0s      -9561.47484564          0.12214378          2.58743071          0.00008278          0.00084123
    60   L1s      -9561.47695256          0.17014630          5.23062877          0.00006528          0.00067618
    61   L1s      -9561.47853255          0.13917212          2.72448320          0.00004882          0.00051444
    62   L1s      -9561.48121514          0.13815036          3.34198042          0.00008435          0.00088777
    63   L1s      -9561.48231416          0.13049654          2.98555354          0.00003515          0.00036695
    64   L1s      -9561.48476423          0.11027861          1.32447335          0.00007984          0.00080636
    65   L1s      -9561.48769477          0.11432677          1.56120342          0.00009790          0.00091770
    66   L1s      -9561.48897597          0.15125963          4.40669450          0.00004374          0.00038978
    67   L1s      -9561.49047742          0.10363275          1.46865993          0.00005189          0.00040783
    68   L1s      -9561.49165440          0.11945987          3.68002641          0.00004172          0.00033373
    69   L1s      -9561.49247080          0.09758941          1.58019039          0.00002946          0.00024699
----------------------------------------------------------------------------------------------------------------

Minimization converged.

-------------------  Conjugate Gradient Minimizer Statistics -------------------
Iterations             =             69  Function Calls         =            131
--------------------------------------------------------------------------------
