
#-----------------------------------------------------------------------------#
#                                                                             #
#                                EasyHybrid                                   #
#                   - A pDynamo graphical user interface -                    #
#                                                                             #
#-----------------------------------------------------------------------------#
#                                                                             #
#     Developed by Jose Fernando R Bachega and Luis Fernando S M Timmers      #
#                            <ferbachega@gmail.com>                           #
#                                                                             #
#             visit: https://sites.google.com/site/EasyHybrid/                #
#                   Univesity of Sao Paulo - SP, Brazil                       #
#      Pontifical Catholic University of Rio Grande do Sul - RS, Brazil       #
#                                                                             #
#                                                                             #
#   EasyHybrid team:                               Special thanks to:         #
#   - Jose Fernando R Bachega           |         - Fernando V Maluf          #
#   - Michele Silva                     |                                     #
#   - Luis Fernando S M Timmers         |                                     #
#   - Martin Field                      |         - Leonardo R Bachega        #
#   - Troy Wymore                       |         - Lucas Assirati            #
#   - Osmar Norberto de Souza           |         - Richard Garratt           #
#   - Walter R Paixao-Cortes            |                                     #
#                                                                             #
#   Cite this work as:                                                        #
#   J.F.R. Bachega, L.F.S.M. Timmers, L.Assirati, L.B. Bachega, M.J. Field,   #
#   T. Wymore. J. Comput. Chem. 2013, 34, 2190-2196. DOI: 10.1002/jcc.23346   #
#                                                                             #
#-----------------------------------------------------------------------------#

Generated on Wed Jun  5 17:30:42 2019


--------------------------------------------------------------------------------
                       Summary for System "Pruned System"
--------------------------------------------------------------------------------

---------------------------- Atom Container Summary ----------------------------
Number of Atoms        =           2173  Number of Heavy Atoms  =           1040
Number of Hydrogens    =           1133  Number of Unknowns     =              0
--------------------------------------------------------------------------------

----------------------------- Connectivity Summary -----------------------------
Atoms                  =           2173
--------------------------------------------------------------------------------

------------------------------- Electronic State -------------------------------
Charge                 =             -1  Multiplicity           =              1
--------------------------------------------------------------------------------

--------------------------------------------------------------------------------
                    Summary for Energy Model "AMBER/AM1/ABFS"
--------------------------------------------------------------------------------

----------------------------------- Summary for MM Model "AMBER" -----------------------------------
LJ 1-4 Scaling                   =          0.500  El. 1-4 Scaling                  =          0.833
Number of MM Atoms               =           2173  Number of MM Atom Types          =             37
Number of Inactive MM Atoms      =             33  Total MM Charge                  =          -4.00
Harmonic Bond Terms              =           2169  Harmonic Bond Parameters         =             49
Harmonic Bond Inactive           =           1308  Fourier Improper Terms           =            320
Fourier Improper Parameters      =              3  Fourier Improper Inactive        =            164
Harmonic Angle Terms             =           3403  Harmonic Angle Parameters        =            103
Harmonic Angle Inactive          =           1938  Fourier Dihedral Terms           =           6697
Fourier Dihedral Parameters      =             48  Fourier Dihedral Inactive        =           3453
Exclusions                       =          10377  1-4 Interactions                 =           4805
LJ Parameters Form               =          AMBER  LJ Parameters Types              =             21
1-4 Lennard-Jones Form           =          AMBER  1-4 Lennard-Jones Types          =             21
----------------------------------------------------------------------------------------------------

-------------------------- Summary for QC Model "AM1" --------------------------
Number of QC Atoms     =             39  Boundary Atoms         =              6
Nuclear Charge         =            129  Orbital Functions      =            108
Fitting Functions      =              0  Energy Base Line       =      188.36370
QC Parameter Centers   =              6
--------------------------------------------------------------------------------

----------------------------- ABFS NB Model Summary ----------------------------
Dielectric             =       1.000000  El. 1-4 Scaling        =       0.833333
Damping Cutoff         =       0.500000  Inner Cutoff           =       8.000000
List Cutoff            =      13.500000  Outer Cutoff           =      12.000000
QC/MM Coupling         =    RC Coupling  Use Centering          =          False
--------------------------------------------------------------------------------

-------------------------- Pairlist Generator Summary --------------------------
Cell Size              =          6.750  Cutoff                 =         13.500
Cutoff Cell Size Factor =          0.500  Grid Cell/Cell Method  =           True
Minimum Cell Extent    =              2  Minimum Cell Size      =          3.000
Minimum Extent Factor  =          1.500  Minimum Points         =            500
Sort Indices           =          False
--------------------------------------------------------------------------------

----------------------- SoftConstraint Container Summary -----------------------
Multiple Distance      =              2
--------------------------------------------------------------------------------

---------------------------- Hard Constraint Container Summary ---------------------------
Number of Charge Constraints  =            0  Number of Fixed Atoms         =         1351
------------------------------------------------------------------------------------------

------------------------------- Sequence Summary -------------------------------
Number of Atoms            =       2173  Number of Components       =        213
Number of Entities         =          1  Number of Linear Polymers  =          0
Number of Links            =          0  Number of Variants         =          0
--------------------------------------------------------------------------------

-------------------------------  Conjugate Gradient Minimizer Options ------------------------------
Beta Type                        =              1  Initial Step                     =            0.1
Line Searcher                    =           None  Log Frequency                    =              1
Maximum Iterations               =           5000  Maximum Theta                    =          1e+10
Minimum Theta                    =          1e-10  RMS Gradient Tolerance           =            0.1
Steepest Descent Tolerance       =          0.001  Use Spectral Theta               =           True
----------------------------------------------------------------------------------------------------

----------------------------------------------------------------------------------------------------------------
  Iteration       Function          RMS Gradient        Max. |Grad.|          RMS Disp.         Max. |Disp.|
----------------------------------------------------------------------------------------------------------------
     0     I      -9358.88910082         36.80587725       1333.17992842          0.00201374          0.07294156
     1   L1s      -9394.12795938          3.36661671         81.01600443          0.00077094          0.01710804
     2   L1s      -9395.20080777          4.77246669        163.35987027          0.00025967          0.00679931
     3   L1s      -9397.02572427          2.09961445         56.98571901          0.00053848          0.01378499
     4   L1s      -9397.72816260          1.12806992         30.72258435          0.00034480          0.00848222
     5   L1s      -9397.95957154          1.91471535         52.00163436          0.00020291          0.00518657
     6   L0s      -9398.17653997          1.08844361         19.90956342          0.00020291          0.00430505
     7   L1s      -9398.31115737          1.01137499         26.20318572          0.00015601          0.00282963
     8   L1s      -9398.36810960          0.84689882         16.72228850          0.00008184          0.00159912
     9   L1s      -9398.45125635          0.49498849          8.23519585          0.00014374          0.00274392
    10   L1s      -9398.48636497          0.53566352         14.60110151          0.00008369          0.00156675
    11   L1s      -9398.50790289          0.56141029         11.11437162          0.00006076          0.00128230
    12   L1s      -9398.54350421          0.48860440          9.15950768          0.00011284          0.00250666
    13   L1s      -9398.58020054          0.59888271         17.43158666          0.00013132          0.00319836
    14   L1s      -9398.59735299          0.43655963          7.67570904          0.00006558          0.00162029
    15   L1s      -9398.65351607          0.49148137          9.31999341          0.00023896          0.00597127
    16   L1s      -9398.67293825          0.52159481         13.91995515          0.00008861          0.00235004
    17   L1s      -9398.69418218          0.37746022          6.62133680          0.00010230          0.00262756
    18   L1s      -9398.71630130          0.34524946          6.94144695          0.00011671          0.00294426
    19   L1s      -9398.72814157          0.41942825         13.24113997          0.00006855          0.00176487
    20   L1s      -9398.73812782          0.23155234          2.63113877          0.00006093          0.00146682
    21   L1s      -9398.74908953          0.33195926          7.88820331          0.00007712          0.00169320
    22   L1s      -9398.75578630          0.28361014          7.02565742          0.00004985          0.00108824
    23   L1s      -9398.76626457          0.20016213          3.12360486          0.00008357          0.00166720
    24   L1s      -9398.77414988          0.24450939          5.45107159          0.00007040          0.00116182
    25   L1s      -9398.77719739          0.20071259          5.44684857          0.00002903          0.00044341
    26   L1s      -9398.78536246          0.21893683          4.99625789          0.00008450          0.00142491
    27   L1s      -9398.78862613          0.23876056          5.41546218          0.00003585          0.00047264
    28   L1s      -9398.79572547          0.17180592          2.59362609          0.00008163          0.00107166
    29   L1s      -9398.80145771          0.18829466          3.94297829          0.00007123          0.00106207
    30   L1s      -9398.80428838          0.22872072          4.26901095          0.00003724          0.00054310
    31   L1s      -9398.81107915          0.16472013          2.43405883          0.00009252          0.00144615
    32   L1s      -9398.81424011          0.23368918          6.13981662          0.00004578          0.00066382
    33   L1s      -9398.81778787          0.14983201          2.56869417          0.00005284          0.00076905
    34   L1s      -9398.82153043          0.15881097          3.05179313          0.00005929          0.00084439
    35   L0s      -9398.82498651          0.22474176          5.60868081          0.00005929          0.00078377
    36   L1s      -9398.82788557          0.13692632          1.72629963          0.00005001          0.00057492
    37   L1s      -9398.83122416          0.14930345          2.32303512          0.00005672          0.00072666
    38   L1s      -9398.83314275          0.18732138          4.70184246          0.00003423          0.00036119
    39   L1s      -9398.83620000          0.11433311          1.40088403          0.00005612          0.00055788
    40   L1s      -9398.83830977          0.17382305          3.98469995          0.00004153          0.00043766
    41   L0s      -9398.84022052          0.14547458          2.39098103          0.00004153          0.00037522
    42   L1s      -9398.84358705          0.11887052          1.12083140          0.00007723          0.00068432
    43   L1s      -9398.84570785          0.18848641          5.04772382          0.00004654          0.00040994
    44   L0s      -9398.84793659          0.12495357          2.12974403          0.00004654          0.00039016
    45   L1s      -9398.85086157          0.16796796          3.29528119          0.00005898          0.00052535
    46   L0s      -9398.85352138          0.21199096          5.55065219          0.00005898          0.00046854
    47   L1s      -9398.85737537          0.14868571          2.46350850          0.00008546          0.00067272
    48   L0s      -9398.86167475          0.14074306          2.41225188          0.00008546          0.00079123
    49   L1s      -9398.86303831          0.14213255          3.07153029          0.00002811          0.00022079
    50   L1s      -9398.86540474          0.11102694          1.88488671          0.00005396          0.00043678
    51   L1s      -9398.86691542          0.15837756          4.42036807          0.00003618          0.00029331
    52   L1s      -9398.86862814          0.12495147          2.14117932          0.00004194          0.00034147
    53   L1s      -9398.87094396          0.11318436          1.59691480          0.00005867          0.00050687
    54   L1s      -9398.87278536          0.17915522          5.28725999          0.00004850          0.00042428
    55   L1s      -9398.87506088          0.10677059          1.25092692          0.00006081          0.00053375
    56   L0s      -9398.87721959          0.13266773          2.71289409          0.00006081          0.00052410
    57   L1s      -9398.87859152          0.15464059          4.32055995          0.00003934          0.00033138
    58   L1s      -9398.88067846          0.10380486          1.26393110          0.00006028          0.00046820
    59   L1s      -9398.88237278          0.15364553          4.88524571          0.00005070          0.00037679
    60   L1s      -9398.88372871          0.09941879          1.30893745          0.00004120          0.00027201
----------------------------------------------------------------------------------------------------------------

Minimization converged.

-------------------  Conjugate Gradient Minimizer Statistics -------------------
Iterations             =             60  Function Calls         =            114
--------------------------------------------------------------------------------
