
#-----------------------------------------------------------------------------#
#                                                                             #
#                                EasyHybrid                                   #
#                   - A pDynamo graphical user interface -                    #
#                                                                             #
#-----------------------------------------------------------------------------#
#                                                                             #
#     Developed by Jose Fernando R Bachega and Luis Fernando S M Timmers      #
#                            <ferbachega@gmail.com>                           #
#                                                                             #
#             visit: https://sites.google.com/site/EasyHybrid/                #
#                   Univesity of Sao Paulo - SP, Brazil                       #
#      Pontifical Catholic University of Rio Grande do Sul - RS, Brazil       #
#                                                                             #
#                                                                             #
#   EasyHybrid team:                               Special thanks to:         #
#   - Jose Fernando R Bachega           |         - Fernando V Maluf          #
#   - Michele Silva                     |                                     #
#   - Luis Fernando S M Timmers         |                                     #
#   - Martin Field                      |         - Leonardo R Bachega        #
#   - Troy Wymore                       |         - Lucas Assirati            #
#   - Osmar Norberto de Souza           |         - Richard Garratt           #
#   - Walter R Paixao-Cortes            |                                     #
#                                                                             #
#   Cite this work as:                                                        #
#   J.F.R. Bachega, L.F.S.M. Timmers, L.Assirati, L.B. Bachega, M.J. Field,   #
#   T. Wymore. J. Comput. Chem. 2013, 34, 2190-2196. DOI: 10.1002/jcc.23346   #
#                                                                             #
#-----------------------------------------------------------------------------#

Generated on Wed Jun  5 17:30:23 2019


--------------------------------------------------------------------------------
                       Summary for System "Pruned System"
--------------------------------------------------------------------------------

---------------------------- Atom Container Summary ----------------------------
Number of Atoms        =           2173  Number of Heavy Atoms  =           1040
Number of Hydrogens    =           1133  Number of Unknowns     =              0
--------------------------------------------------------------------------------

----------------------------- Connectivity Summary -----------------------------
Atoms                  =           2173
--------------------------------------------------------------------------------

------------------------------- Electronic State -------------------------------
Charge                 =             -1  Multiplicity           =              1
--------------------------------------------------------------------------------

--------------------------------------------------------------------------------
                    Summary for Energy Model "AMBER/AM1/ABFS"
--------------------------------------------------------------------------------

----------------------------------- Summary for MM Model "AMBER" -----------------------------------
LJ 1-4 Scaling                   =          0.500  El. 1-4 Scaling                  =          0.833
Number of MM Atoms               =           2173  Number of MM Atom Types          =             37
Number of Inactive MM Atoms      =             33  Total MM Charge                  =          -4.00
Harmonic Bond Terms              =           2169  Harmonic Bond Parameters         =             49
Harmonic Bond Inactive           =           1308  Fourier Improper Terms           =            320
Fourier Improper Parameters      =              3  Fourier Improper Inactive        =            164
Harmonic Angle Terms             =           3403  Harmonic Angle Parameters        =            103
Harmonic Angle Inactive          =           1938  Fourier Dihedral Terms           =           6697
Fourier Dihedral Parameters      =             48  Fourier Dihedral Inactive        =           3453
Exclusions                       =          10377  1-4 Interactions                 =           4805
LJ Parameters Form               =          AMBER  LJ Parameters Types              =             21
1-4 Lennard-Jones Form           =          AMBER  1-4 Lennard-Jones Types          =             21
----------------------------------------------------------------------------------------------------

-------------------------- Summary for QC Model "AM1" --------------------------
Number of QC Atoms     =             39  Boundary Atoms         =              6
Nuclear Charge         =            129  Orbital Functions      =            108
Fitting Functions      =              0  Energy Base Line       =      188.36370
QC Parameter Centers   =              6
--------------------------------------------------------------------------------

----------------------------- ABFS NB Model Summary ----------------------------
Dielectric             =       1.000000  El. 1-4 Scaling        =       0.833333
Damping Cutoff         =       0.500000  Inner Cutoff           =       8.000000
List Cutoff            =      13.500000  Outer Cutoff           =      12.000000
QC/MM Coupling         =    RC Coupling  Use Centering          =          False
--------------------------------------------------------------------------------

-------------------------- Pairlist Generator Summary --------------------------
Cell Size              =          6.750  Cutoff                 =         13.500
Cutoff Cell Size Factor =          0.500  Grid Cell/Cell Method  =           True
Minimum Cell Extent    =              2  Minimum Cell Size      =          3.000
Minimum Extent Factor  =          1.500  Minimum Points         =            500
Sort Indices           =          False
--------------------------------------------------------------------------------

----------------------- SoftConstraint Container Summary -----------------------
Multiple Distance      =              2
--------------------------------------------------------------------------------

---------------------------- Hard Constraint Container Summary ---------------------------
Number of Charge Constraints  =            0  Number of Fixed Atoms         =         1351
------------------------------------------------------------------------------------------

------------------------------- Sequence Summary -------------------------------
Number of Atoms            =       2173  Number of Components       =        213
Number of Entities         =          1  Number of Linear Polymers  =          0
Number of Links            =          0  Number of Variants         =          0
--------------------------------------------------------------------------------

-------------------------------  Conjugate Gradient Minimizer Options ------------------------------
Beta Type                        =              1  Initial Step                     =            0.1
Line Searcher                    =           None  Log Frequency                    =              1
Maximum Iterations               =           5000  Maximum Theta                    =          1e+10
Minimum Theta                    =          1e-10  RMS Gradient Tolerance           =            0.1
Steepest Descent Tolerance       =          0.001  Use Spectral Theta               =           True
----------------------------------------------------------------------------------------------------

----------------------------------------------------------------------------------------------------------------
  Iteration       Function          RMS Gradient        Max. |Grad.|          RMS Disp.         Max. |Disp.|
----------------------------------------------------------------------------------------------------------------
     0     I      -9475.30606583         37.10718488       1370.11372546          0.00201374          0.07435361
     1   L1s      -9510.63239923          2.67168251         69.64097306          0.00076669          0.01886016
     2   L1s      -9512.42445492          2.85498324         61.07767251          0.00054589          0.01381178
     3   L1s      -9512.79779829          2.23265424         56.41826827          0.00015355          0.00391674
     4   L1s      -9513.36020346          1.18048585         31.00221496          0.00030948          0.00801864
     5   L1s      -9513.52080684          1.74666119         45.93374712          0.00014146          0.00400203
     6   L1s      -9513.76604125          1.12536823         22.14121392          0.00024478          0.00630523
     7   L1s      -9513.93591824          0.76324334         15.99489517          0.00021072          0.00488427
     8   L1s      -9514.01330788          0.88182979         23.12059751          0.00012598          0.00292052
     9   L1s      -9514.04768629          0.50738445          8.89881748          0.00006428          0.00131616
    10   L1s      -9514.08536992          0.49779067          9.56215740          0.00009255          0.00169217
    11   L1s      -9514.10702449          0.56768513         13.03975832          0.00006378          0.00122882
    12   L1s      -9514.13391829          0.49001132          9.57665079          0.00008803          0.00218245
    13   L1s      -9514.18535064          0.39720646          6.10523559          0.00018861          0.00511671
    14   L1s      -9514.21346417          0.77744188         20.65927001          0.00011782          0.00304362
    15   L1s      -9514.25763062          0.49096003          8.57957586          0.00019071          0.00487370
    16   L1s      -9514.29000007          0.51269001         10.88164751          0.00014970          0.00419094
    17   L1s      -9514.30811110          0.50539507         11.14976149          0.00008839          0.00225710
    18   L1s      -9514.33342309          0.35154094          5.32537636          0.00013010          0.00340943
    19   L0s      -9514.35661586          0.30561036          5.66181686          0.00013010          0.00343548
    20   L1s      -9514.36463475          0.37041321          9.75274618          0.00004963          0.00119768
    21   L1s      -9514.37434432          0.22502962          2.87756794          0.00006398          0.00142675
    22   L1s      -9514.38484138          0.32176615          8.99020217          0.00007887          0.00194388
    23   L1s      -9514.38986931          0.20620287          3.05699634          0.00003985          0.00081331
    24   L1s      -9514.39576717          0.14806243          1.86551949          0.00005219          0.00090896
    25   L1s      -9514.40220401          0.23555630          6.81339068          0.00006700          0.00120176
    26   L1s      -9514.40455356          0.14744949          2.28890791          0.00002576          0.00036977
    27   L1s      -9514.40839380          0.14539743          2.09840835          0.00004710          0.00062720
    28   L1s      -9514.41017704          0.17474237          4.93444531          0.00002403          0.00030458
    29   L1s      -9514.41291035          0.11626064          1.65461912          0.00003896          0.00049685
    30   L1s      -9514.41565630          0.12867184          2.37978836          0.00004358          0.00060924
    31   L1s      -9514.41773010          0.15849757          4.45068495          0.00003541          0.00044729
    32   L1s      -9514.41907774          0.11334320          1.80047926          0.00002402          0.00033869
    33   L1s      -9514.42110117          0.11590699          1.77788169          0.00003886          0.00060384
    34   L1s      -9514.42249587          0.15930007          4.20756065          0.00002850          0.00036757
    35   L1s      -9514.42465593          0.09802056          1.01192537          0.00004549          0.00058844
----------------------------------------------------------------------------------------------------------------

Minimization converged.

-------------------  Conjugate Gradient Minimizer Statistics -------------------
Iterations             =             35  Function Calls         =             70
--------------------------------------------------------------------------------
