
#-----------------------------------------------------------------------------#
#                                                                             #
#                                EasyHybrid                                   #
#                   - A pDynamo graphical user interface -                    #
#                                                                             #
#-----------------------------------------------------------------------------#
#                                                                             #
#     Developed by Jose Fernando R Bachega and Luis Fernando S M Timmers      #
#                            <ferbachega@gmail.com>                           #
#                                                                             #
#             visit: https://sites.google.com/site/EasyHybrid/                #
#                   Univesity of Sao Paulo - SP, Brazil                       #
#      Pontifical Catholic University of Rio Grande do Sul - RS, Brazil       #
#                                                                             #
#                                                                             #
#   EasyHybrid team:                               Special thanks to:         #
#   - Jose Fernando R Bachega           |         - Fernando V Maluf          #
#   - Michele Silva                     |                                     #
#   - Luis Fernando S M Timmers         |                                     #
#   - Martin Field                      |         - Leonardo R Bachega        #
#   - Troy Wymore                       |         - Lucas Assirati            #
#   - Osmar Norberto de Souza           |         - Richard Garratt           #
#   - Walter R Paixao-Cortes            |                                     #
#                                                                             #
#   Cite this work as:                                                        #
#   J.F.R. Bachega, L.F.S.M. Timmers, L.Assirati, L.B. Bachega, M.J. Field,   #
#   T. Wymore. J. Comput. Chem. 2013, 34, 2190-2196. DOI: 10.1002/jcc.23346   #
#                                                                             #
#-----------------------------------------------------------------------------#

Generated on Wed Jun  5 17:30:52 2019


--------------------------------------------------------------------------------
                       Summary for System "Pruned System"
--------------------------------------------------------------------------------

---------------------------- Atom Container Summary ----------------------------
Number of Atoms        =           2173  Number of Heavy Atoms  =           1040
Number of Hydrogens    =           1133  Number of Unknowns     =              0
--------------------------------------------------------------------------------

----------------------------- Connectivity Summary -----------------------------
Atoms                  =           2173
--------------------------------------------------------------------------------

------------------------------- Electronic State -------------------------------
Charge                 =             -1  Multiplicity           =              1
--------------------------------------------------------------------------------

--------------------------------------------------------------------------------
                    Summary for Energy Model "AMBER/AM1/ABFS"
--------------------------------------------------------------------------------

----------------------------------- Summary for MM Model "AMBER" -----------------------------------
LJ 1-4 Scaling                   =          0.500  El. 1-4 Scaling                  =          0.833
Number of MM Atoms               =           2173  Number of MM Atom Types          =             37
Number of Inactive MM Atoms      =             33  Total MM Charge                  =          -4.00
Harmonic Bond Terms              =           2169  Harmonic Bond Parameters         =             49
Harmonic Bond Inactive           =           1308  Fourier Improper Terms           =            320
Fourier Improper Parameters      =              3  Fourier Improper Inactive        =            164
Harmonic Angle Terms             =           3403  Harmonic Angle Parameters        =            103
Harmonic Angle Inactive          =           1938  Fourier Dihedral Terms           =           6697
Fourier Dihedral Parameters      =             48  Fourier Dihedral Inactive        =           3453
Exclusions                       =          10377  1-4 Interactions                 =           4805
LJ Parameters Form               =          AMBER  LJ Parameters Types              =             21
1-4 Lennard-Jones Form           =          AMBER  1-4 Lennard-Jones Types          =             21
----------------------------------------------------------------------------------------------------

-------------------------- Summary for QC Model "AM1" --------------------------
Number of QC Atoms     =             39  Boundary Atoms         =              6
Nuclear Charge         =            129  Orbital Functions      =            108
Fitting Functions      =              0  Energy Base Line       =      188.36370
QC Parameter Centers   =              6
--------------------------------------------------------------------------------

----------------------------- ABFS NB Model Summary ----------------------------
Dielectric             =       1.000000  El. 1-4 Scaling        =       0.833333
Damping Cutoff         =       0.500000  Inner Cutoff           =       8.000000
List Cutoff            =      13.500000  Outer Cutoff           =      12.000000
QC/MM Coupling         =    RC Coupling  Use Centering          =          False
--------------------------------------------------------------------------------

-------------------------- Pairlist Generator Summary --------------------------
Cell Size              =          6.750  Cutoff                 =         13.500
Cutoff Cell Size Factor =          0.500  Grid Cell/Cell Method  =           True
Minimum Cell Extent    =              2  Minimum Cell Size      =          3.000
Minimum Extent Factor  =          1.500  Minimum Points         =            500
Sort Indices           =          False
--------------------------------------------------------------------------------

----------------------- SoftConstraint Container Summary -----------------------
Multiple Distance      =              2
--------------------------------------------------------------------------------

---------------------------- Hard Constraint Container Summary ---------------------------
Number of Charge Constraints  =            0  Number of Fixed Atoms         =         1351
------------------------------------------------------------------------------------------

------------------------------- Sequence Summary -------------------------------
Number of Atoms            =       2173  Number of Components       =        213
Number of Entities         =          1  Number of Linear Polymers  =          0
Number of Links            =          0  Number of Variants         =          0
--------------------------------------------------------------------------------

-------------------------------  Conjugate Gradient Minimizer Options ------------------------------
Beta Type                        =              1  Initial Step                     =            0.1
Line Searcher                    =           None  Log Frequency                    =              1
Maximum Iterations               =           5000  Maximum Theta                    =          1e+10
Minimum Theta                    =          1e-10  RMS Gradient Tolerance           =            0.1
Steepest Descent Tolerance       =          0.001  Use Spectral Theta               =           True
----------------------------------------------------------------------------------------------------

----------------------------------------------------------------------------------------------------------------
  Iteration       Function          RMS Gradient        Max. |Grad.|          RMS Disp.         Max. |Disp.|
----------------------------------------------------------------------------------------------------------------
     0     I      -9321.34052207         36.36588690       1299.27833688          0.00201374          0.07194680
     1   L1s      -9356.30126610          3.55536441         78.22600569          0.00077424          0.01545368
     2   L1s      -9357.29280471          4.59955604        152.51224092          0.00022742          0.00570813
     3   L1s      -9359.23989961          2.16069881         56.84228702          0.00056266          0.01529661
     4   L1s      -9359.99262344          1.10235815         27.37537833          0.00036123          0.00919962
     5   L1s      -9360.17510593          1.79561995         40.32674740          0.00016150          0.00410477
     6   L1s      -9360.38029450          1.17468832         20.01088933          0.00020417          0.00463924
     7   L1s      -9360.51020140          0.98349445         20.94327227          0.00015840          0.00307297
     8   L1s      -9360.56970138          0.84886227         14.18172156          0.00008761          0.00175806
     9   L1s      -9360.65629789          0.54002815          9.76663133          0.00015215          0.00247045
    10   L1s      -9360.69621443          0.48555329          7.66585200          0.00009223          0.00152367
    11   L1s      -9360.71847962          0.66404656         17.07016438          0.00006341          0.00125651
    12   L1s      -9360.75485478          0.46460604          8.21459555          0.00011277          0.00245217
    13   L1s      -9360.80085437          0.46743822          8.42932297          0.00016360          0.00420469
    14   L1s      -9360.81722404          0.54148364         11.99108909          0.00006476          0.00151169
    15   L1s      -9360.86902847          0.43986228          9.65600186          0.00021933          0.00502727
    16   L1s      -9360.88888849          0.56762205         13.47705651          0.00009221          0.00227128
    17   L0s      -9360.90750733          0.34205817          4.56396210          0.00009221          0.00223473
    18   L1s      -9360.92811558          0.32625889          6.68618358          0.00011603          0.00278581
    19   L1s      -9360.94170918          0.29475270          9.32636241          0.00008253          0.00184856
    20   L1s      -9360.94606716          0.25594753          4.39388658          0.00002903          0.00062886
    21   L1s      -9360.95768074          0.23498201          2.61272702          0.00008564          0.00166990
    22   L0s      -9360.96730012          0.33974900         10.65529541          0.00008564          0.00185828
    23   L1s      -9360.97228620          0.20360519          2.68529519          0.00004368          0.00073985
    24   L1s      -9360.97892240          0.22534293          4.99959064          0.00005269          0.00071482
    25   L1s      -9360.98164775          0.19695561          5.48034392          0.00002376          0.00029820
    26   L1s      -9360.98832137          0.17608331          2.24434216          0.00006435          0.00085275
    27   L1s      -9360.99237855          0.25776158          7.40014256          0.00004335          0.00046442
    28   L1s      -9360.99675350          0.15784726          1.96630773          0.00004874          0.00052681
    29   L0s      -9361.00092722          0.19640995          5.86542574          0.00004874          0.00053719
    30   L1s      -9361.00342154          0.18305630          3.22253490          0.00003154          0.00034819
    31   L1s      -9361.00834010          0.16774612          2.40666218          0.00006919          0.00078312
    32   L1s      -9361.01165560          0.20302738          5.25422151          0.00004932          0.00053914
    33   L1s      -9361.01405096          0.14554855          1.64067844          0.00003690          0.00039622
    34   L1s      -9361.01742884          0.15587808          3.04441876          0.00005532          0.00065307
    35   L1s      -9361.01928701          0.18064449          5.25176869          0.00003193          0.00032519
    36   L1s      -9361.02298030          0.13377475          1.66679459          0.00006562          0.00061491
    37   L1s      -9361.02533105          0.16058444          3.67223869          0.00004412          0.00044107
    38   L1s      -9361.02684871          0.13560581          2.44574710          0.00002950          0.00028017
    39   L1s      -9361.03015631          0.12585218          2.55101721          0.00006725          0.00065297
    40   L1s      -9361.03111828          0.12269960          2.94066336          0.00002052          0.00021019
    41   L1s      -9361.03309154          0.12547297          2.25736765          0.00004407          0.00044145
    42   L1s      -9361.03524703          0.13664373          2.62870400          0.00005011          0.00046224
    43   L1s      -9361.03636665          0.12755828          2.55437415          0.00002686          0.00025354
    44   L1s      -9361.03905451          0.11425945          2.45330986          0.00006672          0.00064995
    45   L1s      -9361.04031590          0.16006160          4.12845426          0.00003256          0.00031896
    46   L1s      -9361.04315683          0.12506820          1.71474461          0.00007474          0.00071436
    47   L0s      -9361.04583292          0.18244603          4.70144261          0.00007474          0.00070444
    48   L1s      -9361.04745546          0.12289278          1.90509225          0.00004513          0.00040918
    49   L1s      -9361.05000705          0.11308182          1.95833608          0.00006853          0.00060478
    50   L1s      -9361.05085311          0.11420298          2.75954010          0.00002351          0.00018831
    51   L1s      -9361.05223912          0.08612822          1.21184400          0.00003975          0.00030011
----------------------------------------------------------------------------------------------------------------

Minimization converged.

-------------------  Conjugate Gradient Minimizer Statistics -------------------
Iterations             =             51  Function Calls         =             99
--------------------------------------------------------------------------------
