
#-----------------------------------------------------------------------------#
#                                                                             #
#                                EasyHybrid                                   #
#                   - A pDynamo graphical user interface -                    #
#                                                                             #
#-----------------------------------------------------------------------------#
#                                                                             #
#     Developed by Jose Fernando R Bachega and Luis Fernando S M Timmers      #
#                            <ferbachega@gmail.com>                           #
#                                                                             #
#             visit: https://sites.google.com/site/EasyHybrid/                #
#                   Univesity of Sao Paulo - SP, Brazil                       #
#      Pontifical Catholic University of Rio Grande do Sul - RS, Brazil       #
#                                                                             #
#                                                                             #
#   EasyHybrid team:                               Special thanks to:         #
#   - Jose Fernando R Bachega           |         - Fernando V Maluf          #
#   - Michele Silva                     |                                     #
#   - Luis Fernando S M Timmers         |                                     #
#   - Martin Field                      |         - Leonardo R Bachega        #
#   - Troy Wymore                       |         - Lucas Assirati            #
#   - Osmar Norberto de Souza           |         - Richard Garratt           #
#   - Walter R Paixao-Cortes            |                                     #
#                                                                             #
#   Cite this work as:                                                        #
#   J.F.R. Bachega, L.F.S.M. Timmers, L.Assirati, L.B. Bachega, M.J. Field,   #
#   T. Wymore. J. Comput. Chem. 2013, 34, 2190-2196. DOI: 10.1002/jcc.23346   #
#                                                                             #
#-----------------------------------------------------------------------------#

Generated on Wed Jun  5 17:26:11 2019


--------------------------------------------------------------------------------
                       Summary for System "Pruned System"
--------------------------------------------------------------------------------

---------------------------- Atom Container Summary ----------------------------
Number of Atoms        =           2173  Number of Heavy Atoms  =           1040
Number of Hydrogens    =           1133  Number of Unknowns     =              0
--------------------------------------------------------------------------------

----------------------------- Connectivity Summary -----------------------------
Atoms                  =           2173
--------------------------------------------------------------------------------

------------------------------- Electronic State -------------------------------
Charge                 =             -1  Multiplicity           =              1
--------------------------------------------------------------------------------

--------------------------------------------------------------------------------
                    Summary for Energy Model "AMBER/AM1/ABFS"
--------------------------------------------------------------------------------

----------------------------------- Summary for MM Model "AMBER" -----------------------------------
LJ 1-4 Scaling                   =          0.500  El. 1-4 Scaling                  =          0.833
Number of MM Atoms               =           2173  Number of MM Atom Types          =             37
Number of Inactive MM Atoms      =             33  Total MM Charge                  =          -4.00
Harmonic Bond Terms              =           2169  Harmonic Bond Parameters         =             49
Harmonic Bond Inactive           =           1308  Fourier Improper Terms           =            320
Fourier Improper Parameters      =              3  Fourier Improper Inactive        =            164
Harmonic Angle Terms             =           3403  Harmonic Angle Parameters        =            103
Harmonic Angle Inactive          =           1938  Fourier Dihedral Terms           =           6697
Fourier Dihedral Parameters      =             48  Fourier Dihedral Inactive        =           3453
Exclusions                       =          10377  1-4 Interactions                 =           4805
LJ Parameters Form               =          AMBER  LJ Parameters Types              =             21
1-4 Lennard-Jones Form           =          AMBER  1-4 Lennard-Jones Types          =             21
----------------------------------------------------------------------------------------------------

-------------------------- Summary for QC Model "AM1" --------------------------
Number of QC Atoms     =             39  Boundary Atoms         =              6
Nuclear Charge         =            129  Orbital Functions      =            108
Fitting Functions      =              0  Energy Base Line       =      188.36370
QC Parameter Centers   =              6
--------------------------------------------------------------------------------

----------------------------- ABFS NB Model Summary ----------------------------
Dielectric             =       1.000000  El. 1-4 Scaling        =       0.833333
Damping Cutoff         =       0.500000  Inner Cutoff           =       8.000000
List Cutoff            =      13.500000  Outer Cutoff           =      12.000000
QC/MM Coupling         =    RC Coupling  Use Centering          =          False
--------------------------------------------------------------------------------

-------------------------- Pairlist Generator Summary --------------------------
Cell Size              =          6.750  Cutoff                 =         13.500
Cutoff Cell Size Factor =          0.500  Grid Cell/Cell Method  =           True
Minimum Cell Extent    =              2  Minimum Cell Size      =          3.000
Minimum Extent Factor  =          1.500  Minimum Points         =            500
Sort Indices           =          False
--------------------------------------------------------------------------------

----------------------- SoftConstraint Container Summary -----------------------
Multiple Distance      =              2
--------------------------------------------------------------------------------

---------------------------- Hard Constraint Container Summary ---------------------------
Number of Charge Constraints  =            0  Number of Fixed Atoms         =         1351
------------------------------------------------------------------------------------------

------------------------------- Sequence Summary -------------------------------
Number of Atoms            =       2173  Number of Components       =        213
Number of Entities         =          1  Number of Linear Polymers  =          0
Number of Links            =          0  Number of Variants         =          0
--------------------------------------------------------------------------------

-------------------------------  Conjugate Gradient Minimizer Options ------------------------------
Beta Type                        =              1  Initial Step                     =            0.1
Line Searcher                    =           None  Log Frequency                    =              1
Maximum Iterations               =           5000  Maximum Theta                    =          1e+10
Minimum Theta                    =          1e-10  RMS Gradient Tolerance           =            0.1
Steepest Descent Tolerance       =          0.001  Use Spectral Theta               =           True
----------------------------------------------------------------------------------------------------

----------------------------------------------------------------------------------------------------------------
  Iteration       Function          RMS Gradient        Max. |Grad.|          RMS Disp.         Max. |Disp.|
----------------------------------------------------------------------------------------------------------------
     0     I      -9478.96915186         39.36392175       1513.89396245          0.00201374          0.07744628
     1   L1s      -9517.21909502          2.65606478         62.98156381          0.00079098          0.01872043
     2   L1s      -9517.50125937          1.90553694         51.72575207          0.00008619          0.00244770
     3   L1s      -9518.03932369          1.67389171         41.60830786          0.00028337          0.00940594
     4   L1s      -9518.57180818          0.94933377         22.14214120          0.00037683          0.00857520
     5   L1s      -9518.66120946          1.08003641         25.88106838          0.00009913          0.00192627
     6   L1s      -9518.72005486          0.68012427         16.79784030          0.00007867          0.00180915
     7   L1s      -9518.78915299          0.54987667         11.36031442          0.00012390          0.00261665
     8   L1s      -9518.85955252          0.82044730         17.24176029          0.00016349          0.00365461
     9   L1s      -9518.90595347          0.70547441         16.54197110          0.00011714          0.00247463
    10   L1s      -9518.94062547          0.36791258          4.76089497          0.00009620          0.00160290
    11   L1s      -9518.97736085          0.51299959         12.58467493          0.00013030          0.00220436
    12   L1s      -9518.98864594          0.37003916          5.97816862          0.00004379          0.00074651
    13   L1s      -9519.01389018          0.27560871          4.70832624          0.00011247          0.00181479
    14   L1s      -9519.02901132          0.26011680          4.98407926          0.00008062          0.00119209
    15   L1s      -9519.03782612          0.31663693         10.12194218          0.00005447          0.00074658
    16   L1s      -9519.04436204          0.28176609          4.99229369          0.00004372          0.00055869
    17   L1s      -9519.05488410          0.23449875          4.57960931          0.00007664          0.00085134
    18   L1s      -9519.05912953          0.28269936          8.09146238          0.00003424          0.00036210
    19   L1s      -9519.06656797          0.17192058          2.90824568          0.00006366          0.00074347
    20   L0s      -9519.07352516          0.15821907          2.95286489          0.00006366          0.00064985
    21   L1s      -9519.07896394          0.16969426          4.19013798          0.00005724          0.00070843
    22   L1s      -9519.08099771          0.19839745          4.63735222          0.00002444          0.00033210
    23   L1s      -9519.08581504          0.17418602          3.06214658          0.00006114          0.00078087
    24   L1s      -9519.08974337          0.22657735          5.87126312          0.00005310          0.00064578
    25   L1s      -9519.09284460          0.16212266          2.74010372          0.00004337          0.00049797
    26   L1s      -9519.09707402          0.15266672          3.35410413          0.00006281          0.00072850
    27   L0s      -9519.10089695          0.15268600          2.27035615          0.00006281          0.00062971
    28   L1s      -9519.10256106          0.19287489          4.40516856          0.00002860          0.00025833
    29   L1s      -9519.10749538          0.12945164          1.44277610          0.00008537          0.00078151
    30   L0s      -9519.11217864          0.14289037          2.34745335          0.00008537          0.00074482
    31   L1s      -9519.11439024          0.21306615          4.90841787          0.00004231          0.00036507
    32   L1s      -9519.11767041          0.12265931          2.07816155          0.00006423          0.00058426
    33   L1s      -9519.11998571          0.11124911          2.35298825          0.00004783          0.00044754
    34   L1s      -9519.12192983          0.15664473          4.56956702          0.00004260          0.00038284
    35   L1s      -9519.12340520          0.12727898          2.60823971          0.00003322          0.00027043
    36   L1s      -9519.12549981          0.11841497          2.54468605          0.00004902          0.00040449
    37   L1s      -9519.12653930          0.14210243          3.97405510          0.00002535          0.00020421
    38   L1s      -9519.12936721          0.11382131          2.11402536          0.00007084          0.00054106
    39   L0s      -9519.13218116          0.11130587          1.62675040          0.00007084          0.00057902
    40   L1s      -9519.13335619          0.15575878          3.73286152          0.00003081          0.00026252
    41   L1s      -9519.13536998          0.09802704          1.14219082          0.00005473          0.00044325
----------------------------------------------------------------------------------------------------------------

Minimization converged.

-------------------  Conjugate Gradient Minimizer Statistics -------------------
Iterations             =             41  Function Calls         =             79
--------------------------------------------------------------------------------
