
#-----------------------------------------------------------------------------#
#                                                                             #
#                                EasyHybrid                                   #
#                   - A pDynamo graphical user interface -                    #
#                                                                             #
#-----------------------------------------------------------------------------#
#                                                                             #
#     Developed by Jose Fernando R Bachega and Luis Fernando S M Timmers      #
#                            <ferbachega@gmail.com>                           #
#                                                                             #
#             visit: https://sites.google.com/site/EasyHybrid/                #
#                   Univesity of Sao Paulo - SP, Brazil                       #
#      Pontifical Catholic University of Rio Grande do Sul - RS, Brazil       #
#                                                                             #
#                                                                             #
#   EasyHybrid team:                               Special thanks to:         #
#   - Jose Fernando R Bachega           |         - Fernando V Maluf          #
#   - Michele Silva                     |                                     #
#   - Luis Fernando S M Timmers         |                                     #
#   - Martin Field                      |         - Leonardo R Bachega        #
#   - Troy Wymore                       |         - Lucas Assirati            #
#   - Osmar Norberto de Souza           |         - Richard Garratt           #
#   - Walter R Paixao-Cortes            |                                     #
#                                                                             #
#   Cite this work as:                                                        #
#   J.F.R. Bachega, L.F.S.M. Timmers, L.Assirati, L.B. Bachega, M.J. Field,   #
#   T. Wymore. J. Comput. Chem. 2013, 34, 2190-2196. DOI: 10.1002/jcc.23346   #
#                                                                             #
#-----------------------------------------------------------------------------#

Generated on Wed Jun  5 17:35:50 2019


--------------------------------------------------------------------------------
                       Summary for System "Pruned System"
--------------------------------------------------------------------------------

---------------------------- Atom Container Summary ----------------------------
Number of Atoms        =           2173  Number of Heavy Atoms  =           1040
Number of Hydrogens    =           1133  Number of Unknowns     =              0
--------------------------------------------------------------------------------

----------------------------- Connectivity Summary -----------------------------
Atoms                  =           2173
--------------------------------------------------------------------------------

------------------------------- Electronic State -------------------------------
Charge                 =             -1  Multiplicity           =              1
--------------------------------------------------------------------------------

--------------------------------------------------------------------------------
                    Summary for Energy Model "AMBER/AM1/ABFS"
--------------------------------------------------------------------------------

----------------------------------- Summary for MM Model "AMBER" -----------------------------------
LJ 1-4 Scaling                   =          0.500  El. 1-4 Scaling                  =          0.833
Number of MM Atoms               =           2173  Number of MM Atom Types          =             37
Number of Inactive MM Atoms      =             33  Total MM Charge                  =          -4.00
Harmonic Bond Terms              =           2169  Harmonic Bond Parameters         =             49
Harmonic Bond Inactive           =           1308  Fourier Improper Terms           =            320
Fourier Improper Parameters      =              3  Fourier Improper Inactive        =            164
Harmonic Angle Terms             =           3403  Harmonic Angle Parameters        =            103
Harmonic Angle Inactive          =           1938  Fourier Dihedral Terms           =           6697
Fourier Dihedral Parameters      =             48  Fourier Dihedral Inactive        =           3453
Exclusions                       =          10377  1-4 Interactions                 =           4805
LJ Parameters Form               =          AMBER  LJ Parameters Types              =             21
1-4 Lennard-Jones Form           =          AMBER  1-4 Lennard-Jones Types          =             21
----------------------------------------------------------------------------------------------------

-------------------------- Summary for QC Model "AM1" --------------------------
Number of QC Atoms     =             39  Boundary Atoms         =              6
Nuclear Charge         =            129  Orbital Functions      =            108
Fitting Functions      =              0  Energy Base Line       =      188.36370
QC Parameter Centers   =              6
--------------------------------------------------------------------------------

----------------------------- ABFS NB Model Summary ----------------------------
Dielectric             =       1.000000  El. 1-4 Scaling        =       0.833333
Damping Cutoff         =       0.500000  Inner Cutoff           =       8.000000
List Cutoff            =      13.500000  Outer Cutoff           =      12.000000
QC/MM Coupling         =    RC Coupling  Use Centering          =          False
--------------------------------------------------------------------------------

-------------------------- Pairlist Generator Summary --------------------------
Cell Size              =          6.750  Cutoff                 =         13.500
Cutoff Cell Size Factor =          0.500  Grid Cell/Cell Method  =           True
Minimum Cell Extent    =              2  Minimum Cell Size      =          3.000
Minimum Extent Factor  =          1.500  Minimum Points         =            500
Sort Indices           =          False
--------------------------------------------------------------------------------

----------------------- SoftConstraint Container Summary -----------------------
Multiple Distance      =              2
--------------------------------------------------------------------------------

---------------------------- Hard Constraint Container Summary ---------------------------
Number of Charge Constraints  =            0  Number of Fixed Atoms         =         1351
------------------------------------------------------------------------------------------

------------------------------- Sequence Summary -------------------------------
Number of Atoms            =       2173  Number of Components       =        213
Number of Entities         =          1  Number of Linear Polymers  =          0
Number of Links            =          0  Number of Variants         =          0
--------------------------------------------------------------------------------

-------------------------------  Conjugate Gradient Minimizer Options ------------------------------
Beta Type                        =              1  Initial Step                     =            0.1
Line Searcher                    =           None  Log Frequency                    =              1
Maximum Iterations               =           5000  Maximum Theta                    =          1e+10
Minimum Theta                    =          1e-10  RMS Gradient Tolerance           =            0.1
Steepest Descent Tolerance       =          0.001  Use Spectral Theta               =           True
----------------------------------------------------------------------------------------------------

----------------------------------------------------------------------------------------------------------------
  Iteration       Function          RMS Gradient        Max. |Grad.|          RMS Disp.         Max. |Disp.|
----------------------------------------------------------------------------------------------------------------
     0     I      -9513.08207212         36.14062181       1333.62090078          0.00201374          0.07430880
     1   L1s      -9548.09786003          3.19522239         71.37104482          0.00078049          0.01615714
     2   L1s      -9549.46757863          5.32569770        176.55476595          0.00034896          0.00818647
     3   L1s      -9551.02348006          2.06889367         54.23034645          0.00046110          0.01312523
     4   L1s      -9551.72775370          1.36743218         31.34756067          0.00034957          0.00903537
     5   L1s      -9551.89579014          1.72078671         43.19734461          0.00013030          0.00374695
     6   L1s      -9552.20126651          1.20919924         18.85706652          0.00027800          0.00695474
     7   L1s      -9552.32617737          1.17312312         34.21104670          0.00014168          0.00312722
     8   L1s      -9552.39092568          0.75531823         13.03006518          0.00008600          0.00171835
     9   L1s      -9552.46720308          0.48479118          8.71449638          0.00013049          0.00224840
    10   L1s      -9552.50208383          0.47477205          7.39859583          0.00008360          0.00150437
    11   L1s      -9552.52180941          0.57616889         11.11496962          0.00005796          0.00122191
    12   L1s      -9552.54863576          0.46615733          8.80848620          0.00008743          0.00185442
    13   L0s      -9552.57215680          0.66013971         15.82466544          0.00008743          0.00227792
    14   L1s      -9552.60617645          0.38258748          5.69774046          0.00013273          0.00342939
    15   L1s      -9552.65146930          0.46722021          6.83234449          0.00019828          0.00490936
    16   L1s      -9552.67459775          0.58571389         15.16627491          0.00010885          0.00269191
    17   L1s      -9552.69253305          0.35557995          8.16229880          0.00008798          0.00219779
    18   L1s      -9552.71093489          0.46114022         10.80247425          0.00009997          0.00247707
    19   L1s      -9552.72458966          0.36460325          6.32433059          0.00007792          0.00194746
    20   L1s      -9552.74134177          0.25791802          3.94666659          0.00010248          0.00234184
    21   L1s      -9552.75249391          0.31652077          9.22078900          0.00007640          0.00154797
    22   L1s      -9552.75771511          0.28338853          4.35073433          0.00003820          0.00072279
    23   L1s      -9552.76843165          0.22267011          3.48714169          0.00008419          0.00161367
    24   L1s      -9552.77454172          0.28495135          7.94917676          0.00005286          0.00088436
    25   L1s      -9552.77961286          0.17488632          1.96591453          0.00004620          0.00065086
    26   L1s      -9552.78924097          0.24370675          5.01770523          0.00009847          0.00129283
    27   L1s      -9552.79217429          0.22011905          6.10176431          0.00003154          0.00031443
    28   L1s      -9552.79858205          0.17263463          2.59842460          0.00007281          0.00064417
    29   L1s      -9552.80391222          0.23621556          5.62160334          0.00006553          0.00064428
    30   L1s      -9552.80809618          0.22256870          4.32671501          0.00005341          0.00045687
    31   L1s      -9552.81319016          0.18042304          3.28749378          0.00006763          0.00060668
    32   L0s      -9552.81768182          0.31141372          7.43546016          0.00006763          0.00060128
    33   L0s      -9552.82276143          0.18542591          3.51354101          0.00006763          0.00060690
    34   L1s      -9552.82836393          0.19418401          2.90363537          0.00005511          0.00050322
    35   L1s      -9552.83085118          0.23444489          6.41955242          0.00002770          0.00025472
    36   L1s      -9552.83849016          0.21061023          3.81354318          0.00008908          0.00082480
    37   L1s      -9552.84149049          0.21179910          6.06353288          0.00003685          0.00034414
    38   L1s      -9552.84642033          0.20790717          4.98192538          0.00006343          0.00059895
    39   L1s      -9552.85049555          0.26610894          7.78366036          0.00005480          0.00052166
    40   L0s      -9552.85466007          0.16672391          3.82813479          0.00005480          0.00053023
    41   L1s      -9552.85932378          0.18197520          4.41627078          0.00006145          0.00060451
    42   L1s      -9552.86130761          0.20693106          5.25670583          0.00002839          0.00028171
    43   L1s      -9552.86712717          0.17047143          3.13941991          0.00008635          0.00085050
    44   L1s      -9552.87013922          0.23349618          5.36217416          0.00004693          0.00046052
    45   L1s      -9552.87413591          0.19102359          3.73049858          0.00006381          0.00062496
    46   L1s      -9552.87731390          0.23718730          6.46982898          0.00005250          0.00051532
    47   L1s      -9552.88185332          0.19373873          4.89278936          0.00007658          0.00075811
    48   L1s      -9552.88779074          0.24409056          6.20624447          0.00010321          0.00102658
    49   L1s      -9552.89049188          0.19825980          3.45825491          0.00004779          0.00047784
    50   L1s      -9552.89673447          0.18647795          3.68224268          0.00011339          0.00112849
    51   L1s      -9552.90052424          0.25764189          7.38265604          0.00007080          0.00070195
    52   L1s      -9552.90390000          0.14435596          2.52372161          0.00006395          0.00062708
    53   L1s      -9552.90634378          0.18296002          5.68971614          0.00004831          0.00047282
    54   L1s      -9552.90850500          0.14528787          2.80055557          0.00004378          0.00042978
    55   L1s      -9552.91129674          0.20174878          5.56022541          0.00005867          0.00057629
    56   L1s      -9552.91334032          0.14859803          2.81187469          0.00004372          0.00042813
    57   L1s      -9552.91702134          0.14275000          3.07310719          0.00008128          0.00077859
    58   L1s      -9552.91854920          0.17604598          5.30504248          0.00003484          0.00032819
    59   L1s      -9552.92080751          0.12779731          2.87984072          0.00005254          0.00047896
    60   L1s      -9552.92368955          0.17441049          3.89729690          0.00006951          0.00063034
    61   L1s      -9552.92536590          0.15823443          3.51333116          0.00004117          0.00037725
    62   L1s      -9552.92845902          0.18157884          4.71717360          0.00007760          0.00071826
    63   L1s      -9552.93018729          0.13760418          2.69551388          0.00004404          0.00041441
    64   L1s      -9552.93326014          0.15311020          2.94131148          0.00008037          0.00076030
    65   L1s      -9552.93473442          0.17565135          4.20484419          0.00003934          0.00037249
    66   L1s      -9552.93811508          0.14103306          3.31187707          0.00009157          0.00085911
    67   L0s      -9552.94129449          0.20907793          5.28240419          0.00009157          0.00085451
    68   L1s      -9552.94325392          0.16013796          3.60734822          0.00005573          0.00051412
    69   L1s      -9552.94666550          0.16502537          3.38785382          0.00009251          0.00084625
    70   L1s      -9552.94866180          0.18308013          4.60607576          0.00005500          0.00050041
    71   L1s      -9552.95181410          0.15788866          3.13972060          0.00008795          0.00079938
    72   L1s      -9552.95316184          0.14881090          2.94319553          0.00003825          0.00034963
    73   L1s      -9552.95603063          0.12821051          2.80405527          0.00008290          0.00075781
    74   L1s      -9552.95779632          0.18477986          6.25157570          0.00005221          0.00047655
    75   L0s      -9552.95965525          0.10793432          2.29823840          0.00005221          0.00046825
    76   L0s      -9552.96159495          0.15157027          4.29929125          0.00005221          0.00048102
    77   L1s      -9552.96269328          0.13138681          2.94285654          0.00003028          0.00029011
    78   L1s      -9552.96454449          0.12389057          2.61001320          0.00004955          0.00049351
    79   L1s      -9552.96565524          0.13820930          3.21811372          0.00003061          0.00031340
    80   L1s      -9552.96764877          0.13412700          2.71906767          0.00005617          0.00058926
    81   L1s      -9552.96861523          0.12726335          2.87178739          0.00002785          0.00029913
    82   L1s      -9552.97056406          0.10572965          2.02147045          0.00005751          0.00063446
    83   L1s      -9552.97167814          0.16386913          4.53953145          0.00003396          0.00037856
    84   L1s      -9552.97363904          0.10771700          2.81350652          0.00006057          0.00068952
    85   L1s      -9552.97520800          0.14126875          2.99052102          0.00004988          0.00057443
    86   L1s      -9552.97622038          0.11860840          2.87534004          0.00003271          0.00038269
    87   L1s      -9552.97803582          0.14565645          3.74198997          0.00005996          0.00070843
    88   L1s      -9552.97939875          0.13686288          3.06073430          0.00004564          0.00054487
    89   L1s      -9552.98168809          0.14818962          3.50560628          0.00007786          0.00093647
    90   L1s      -9552.98265943          0.11598636          2.54107677          0.00003346          0.00040702
    91   L1s      -9552.98475622          0.11193523          2.25620592          0.00007369          0.00090525
    92   L1s      -9552.98568959          0.14757171          4.77238709          0.00003349          0.00041356
    93   L1s      -9552.98764834          0.11269309          3.19154004          0.00007110          0.00088497
    94   L1s      -9552.98916274          0.14494239          3.76955829          0.00005604          0.00070069
    95   L1s      -9552.99025467          0.11318414          2.52903998          0.00004086          0.00051463
    96   L1s      -9552.99177913          0.14969029          4.61559683          0.00005810          0.00073448
    97   L0s      -9552.99315294          0.12948187          2.94190768          0.00005810          0.00073987
    98   L1s      -9552.99544597          0.16613056          4.63011427          0.00010069          0.00128600
    99   L1s      -9552.99663557          0.12261003          1.79862637          0.00004979          0.00063913
   100   L1s      -9552.99966329          0.12488438          2.36387670          0.00012832          0.00165306
   101   L1s      -9553.00063182          0.14459176          4.02658724          0.00004153          0.00053622
   102   L1s      -9553.00264603          0.11745621          3.01628989          0.00008712          0.00112705
   103   L0s      -9553.00469107          0.14030566          4.20125056          0.00008712          0.00112674
   104   L1s      -9553.00555182          0.10499695          2.01582503          0.00003733          0.00048272
   105   L1s      -9553.00747319          0.11978465          2.28830132          0.00008877          0.00114618
   106   L1s      -9553.00886370          0.16065543          4.58973989          0.00006492          0.00083714
   107   L1s      -9553.01060059          0.11710160          1.73292617          0.00008157          0.00104822
   108   L1s      -9553.01175046          0.14218551          4.17075094          0.00005458          0.00069967
   109   L1s      -9553.01353458          0.10141172          1.52534935          0.00008531          0.00108716
   110   L1s      -9553.01466114          0.14494939          4.31936807          0.00005460          0.00069367
   111   L0s      -9553.01580269          0.09338306          1.63497542          0.00005460          0.00068667
----------------------------------------------------------------------------------------------------------------

Minimization converged.

-------------------  Conjugate Gradient Minimizer Statistics -------------------
Iterations             =            111  Function Calls         =            213
--------------------------------------------------------------------------------
