
#-----------------------------------------------------------------------------#
#                                                                             #
#                                EasyHybrid                                   #
#                   - A pDynamo graphical user interface -                    #
#                                                                             #
#-----------------------------------------------------------------------------#
#                                                                             #
#     Developed by Jose Fernando R Bachega and Luis Fernando S M Timmers      #
#                            <ferbachega@gmail.com>                           #
#                                                                             #
#             visit: https://sites.google.com/site/EasyHybrid/                #
#                   Univesity of Sao Paulo - SP, Brazil                       #
#      Pontifical Catholic University of Rio Grande do Sul - RS, Brazil       #
#                                                                             #
#                                                                             #
#   EasyHybrid team:                               Special thanks to:         #
#   - Jose Fernando R Bachega           |         - Fernando V Maluf          #
#   - Michele Silva                     |                                     #
#   - Luis Fernando S M Timmers         |                                     #
#   - Martin Field                      |         - Leonardo R Bachega        #
#   - Troy Wymore                       |         - Lucas Assirati            #
#   - Osmar Norberto de Souza           |         - Richard Garratt           #
#   - Walter R Paixao-Cortes            |                                     #
#                                                                             #
#   Cite this work as:                                                        #
#   J.F.R. Bachega, L.F.S.M. Timmers, L.Assirati, L.B. Bachega, M.J. Field,   #
#   T. Wymore. J. Comput. Chem. 2013, 34, 2190-2196. DOI: 10.1002/jcc.23346   #
#                                                                             #
#-----------------------------------------------------------------------------#

Generated on Wed Jun  5 17:30:30 2019


--------------------------------------------------------------------------------
                       Summary for System "Pruned System"
--------------------------------------------------------------------------------

---------------------------- Atom Container Summary ----------------------------
Number of Atoms        =           2173  Number of Heavy Atoms  =           1040
Number of Hydrogens    =           1133  Number of Unknowns     =              0
--------------------------------------------------------------------------------

----------------------------- Connectivity Summary -----------------------------
Atoms                  =           2173
--------------------------------------------------------------------------------

------------------------------- Electronic State -------------------------------
Charge                 =             -1  Multiplicity           =              1
--------------------------------------------------------------------------------

--------------------------------------------------------------------------------
                    Summary for Energy Model "AMBER/AM1/ABFS"
--------------------------------------------------------------------------------

----------------------------------- Summary for MM Model "AMBER" -----------------------------------
LJ 1-4 Scaling                   =          0.500  El. 1-4 Scaling                  =          0.833
Number of MM Atoms               =           2173  Number of MM Atom Types          =             37
Number of Inactive MM Atoms      =             33  Total MM Charge                  =          -4.00
Harmonic Bond Terms              =           2169  Harmonic Bond Parameters         =             49
Harmonic Bond Inactive           =           1308  Fourier Improper Terms           =            320
Fourier Improper Parameters      =              3  Fourier Improper Inactive        =            164
Harmonic Angle Terms             =           3403  Harmonic Angle Parameters        =            103
Harmonic Angle Inactive          =           1938  Fourier Dihedral Terms           =           6697
Fourier Dihedral Parameters      =             48  Fourier Dihedral Inactive        =           3453
Exclusions                       =          10377  1-4 Interactions                 =           4805
LJ Parameters Form               =          AMBER  LJ Parameters Types              =             21
1-4 Lennard-Jones Form           =          AMBER  1-4 Lennard-Jones Types          =             21
----------------------------------------------------------------------------------------------------

-------------------------- Summary for QC Model "AM1" --------------------------
Number of QC Atoms     =             39  Boundary Atoms         =              6
Nuclear Charge         =            129  Orbital Functions      =            108
Fitting Functions      =              0  Energy Base Line       =      188.36370
QC Parameter Centers   =              6
--------------------------------------------------------------------------------

----------------------------- ABFS NB Model Summary ----------------------------
Dielectric             =       1.000000  El. 1-4 Scaling        =       0.833333
Damping Cutoff         =       0.500000  Inner Cutoff           =       8.000000
List Cutoff            =      13.500000  Outer Cutoff           =      12.000000
QC/MM Coupling         =    RC Coupling  Use Centering          =          False
--------------------------------------------------------------------------------

-------------------------- Pairlist Generator Summary --------------------------
Cell Size              =          6.750  Cutoff                 =         13.500
Cutoff Cell Size Factor =          0.500  Grid Cell/Cell Method  =           True
Minimum Cell Extent    =              2  Minimum Cell Size      =          3.000
Minimum Extent Factor  =          1.500  Minimum Points         =            500
Sort Indices           =          False
--------------------------------------------------------------------------------

----------------------- SoftConstraint Container Summary -----------------------
Multiple Distance      =              2
--------------------------------------------------------------------------------

---------------------------- Hard Constraint Container Summary ---------------------------
Number of Charge Constraints  =            0  Number of Fixed Atoms         =         1351
------------------------------------------------------------------------------------------

------------------------------- Sequence Summary -------------------------------
Number of Atoms            =       2173  Number of Components       =        213
Number of Entities         =          1  Number of Linear Polymers  =          0
Number of Links            =          0  Number of Variants         =          0
--------------------------------------------------------------------------------

-------------------------------  Conjugate Gradient Minimizer Options ------------------------------
Beta Type                        =              1  Initial Step                     =            0.1
Line Searcher                    =           None  Log Frequency                    =              1
Maximum Iterations               =           5000  Maximum Theta                    =          1e+10
Minimum Theta                    =          1e-10  RMS Gradient Tolerance           =            0.1
Steepest Descent Tolerance       =          0.001  Use Spectral Theta               =           True
----------------------------------------------------------------------------------------------------

----------------------------------------------------------------------------------------------------------------
  Iteration       Function          RMS Gradient        Max. |Grad.|          RMS Disp.         Max. |Disp.|
----------------------------------------------------------------------------------------------------------------
     0     I      -9472.90257672         36.87124793       1356.92770206          0.00201374          0.07410924
     1   L1s      -9508.16242535          2.82221079         71.61891094          0.00077016          0.01835909
     2   L1s      -9510.02638876          3.76408927        108.45860444          0.00053762          0.01315190
     3   L1s      -9510.57274952          2.12559397         48.76927657          0.00019502          0.00514683
     4   L1s      -9511.21786287          1.22809860         32.14670246          0.00033863          0.00867924
     5   L1s      -9511.38492188          1.78346607         48.87396592          0.00014102          0.00397804
     6   L1s      -9511.66301123          1.10323241         19.46189998          0.00026737          0.00665239
     7   L1s      -9511.82757156          0.79168478         15.46030853          0.00020088          0.00443287
     8   L1s      -9511.89222035          0.96137009         29.06923324          0.00010267          0.00221001
     9   L1s      -9511.93900711          0.48572247          8.14175866          0.00008410          0.00156296
    10   L1s      -9511.97888087          0.48616479         10.36872092          0.00009762          0.00186649
    11   L1s      -9512.00150841          0.56594758         13.75764810          0.00006699          0.00139119
    12   L1s      -9512.02855630          0.51768718         11.19418444          0.00008893          0.00223023
    13   L1s      -9512.07741051          0.40341396          6.02748256          0.00017788          0.00474933
    14   L1s      -9512.10293675          0.76743082         23.03928666          0.00010586          0.00275532
    15   L1s      -9512.14907479          0.45857968          7.49645180          0.00019748          0.00499821
    16   L1s      -9512.18601993          0.43911011          9.10232916          0.00017105          0.00484134
    17   L1s      -9512.20079129          0.49581677         13.06261045          0.00007353          0.00185043
    18   L1s      -9512.22797322          0.34206634          4.90239609          0.00014262          0.00366509
    19   L1s      -9512.24810259          0.34383378          8.10864297          0.00011633          0.00293603
    20   L1s      -9512.25543329          0.34520978          8.98056770          0.00004562          0.00106969
    21   L1s      -9512.26690130          0.25973959          4.54433041          0.00007628          0.00164346
    22   L1s      -9512.28000274          0.27904601          5.64284231          0.00009630          0.00221309
    23   L1s      -9512.28604325          0.28634601          7.48344589          0.00004774          0.00087290
    24   L0s      -9512.29220559          0.16701491          2.00006934          0.00004774          0.00069096
    25   L1s      -9512.30192682          0.28387190          6.81378426          0.00008012          0.00125517
    26   L1s      -9512.30558258          0.19490622          2.96191287          0.00003225          0.00040563
    27   L1s      -9512.31209279          0.19440145          2.59320301          0.00006350          0.00079924
    28   L1s      -9512.31525798          0.24181835          6.58561483          0.00003357          0.00039118
    29   L1s      -9512.32087637          0.16097567          2.24007131          0.00006251          0.00074017
    30   L1s      -9512.32671367          0.20577859          4.01414450          0.00007129          0.00104757
    31   L1s      -9512.32977943          0.21920166          5.43782111          0.00003935          0.00045459
    32   L1s      -9512.33496894          0.16706314          3.02586613          0.00006931          0.00080996
    33   L1s      -9512.33933208          0.19961832          3.58755275          0.00006198          0.00080270
    34   L1s      -9512.34229537          0.22516314          4.41594439          0.00004379          0.00047097
    35   L1s      -9512.34768796          0.15749133          1.89842131          0.00008202          0.00079505
    36   L1s      -9512.35141629          0.23624934          6.48199497          0.00005986          0.00060007
    37   L0s      -9512.35481480          0.17586853          2.22023375          0.00005986          0.00054762
    38   L1s      -9512.36052802          0.16721991          2.28287934          0.00010876          0.00102442
    39   L1s      -9512.36404843          0.20422527          4.11696887          0.00006481          0.00062044
    40   L1s      -9512.36655124          0.17911840          3.26933547          0.00004713          0.00045770
    41   L1s      -9512.37172073          0.17450413          2.73511020          0.00010013          0.00096434
    42   L1s      -9512.37529473          0.24254351          6.14897285          0.00007119          0.00067648
    43   L1s      -9512.37945468          0.14749449          1.68513511          0.00008402          0.00074894
    44   L1s      -9512.38499337          0.19254438          3.32757399          0.00011593          0.00098573
    45   L1s      -9512.38877507          0.26177863          6.27660227          0.00008075          0.00067015
    46   L1s      -9512.39372366          0.16518892          2.02857815          0.00010677          0.00084571
    47   L1s      -9512.39922684          0.23157827          5.05134753          0.00012179          0.00095821
    48   L1s      -9512.40244309          0.19288135          3.45255709          0.00007206          0.00056840
    49   L1s      -9512.40679468          0.13708362          2.64053993          0.00009922          0.00079457
    50   L1s      -9512.40948003          0.14517108          3.07687333          0.00006327          0.00050166
    51   L1s      -9512.41094957          0.16024421          3.52571225          0.00003558          0.00027525
    52   L1s      -9512.41395788          0.13435657          1.83742517          0.00007443          0.00054789
    53   L0s      -9512.41709227          0.16931428          4.60256319          0.00007443          0.00055008
    54   L1s      -9512.41883834          0.12504001          1.96934894          0.00004348          0.00032087
    55   L1s      -9512.42162302          0.12815362          1.61098598          0.00008075          0.00057115
    56   L0s      -9512.42410109          0.19400950          5.91915042          0.00008075          0.00055250
    57   L1s      -9512.42574631          0.12673804          2.10879839          0.00005128          0.00031183
    58   L1s      -9512.42856854          0.13351839          2.33734547          0.00007305          0.00043892
    59   L1s      -9512.43045340          0.15845169          3.50503419          0.00005011          0.00031459
    60   L1s      -9512.43207836          0.11934100          1.75604249          0.00004400          0.00023602
    61   L1s      -9512.43461651          0.17444453          3.92077494          0.00007087          0.00049846
    62   L1s      -9512.43621118          0.13276563          2.06314933          0.00004514          0.00024522
    63   L1s      -9512.43957442          0.12816674          2.44940232          0.00009738          0.00068922
    64   L1s      -9512.44204953          0.16431485          4.46281647          0.00007335          0.00046784
    65   L1s      -9512.44370163          0.15870519          3.32610576          0.00004964          0.00033380
    66   L1s      -9512.44674345          0.12059006          1.59918065          0.00009271          0.00069040
    67   L1s      -9512.44874646          0.16689221          4.77017176          0.00006252          0.00041720
    68   L1s      -9512.45052146          0.12070694          1.44905282          0.00005607          0.00032834
    69   L1s      -9512.45292728          0.14218786          3.29625132          0.00007768          0.00045710
    70   L1s      -9512.45411322          0.13537731          2.66021511          0.00003889          0.00025920
    71   L1s      -9512.45613714          0.10068757          1.39511863          0.00006746          0.00038942
    72   L1s      -9512.45855520          0.12439505          2.95049230          0.00008291          0.00047970
    73   L1s      -9512.45950716          0.12997470          3.37744431          0.00003323          0.00019422
    74   L1s      -9512.46155078          0.11672582          1.68764839          0.00007246          0.00044766
    75   L1s      -9512.46324002          0.14529016          4.73430380          0.00006103          0.00038434
    76   L1s      -9512.46453512          0.10377408          1.36904542          0.00004735          0.00030555
    77   L1s      -9512.46633894          0.10893833          2.22361961          0.00006744          0.00045588
    78   L1s      -9512.46731982          0.13852840          3.73708599          0.00003739          0.00025630
    79   L1s      -9512.46903319          0.10067415          1.87630557          0.00006609          0.00044285
    80   L1s      -9512.47090618          0.10259657          1.49221688          0.00007381          0.00048989
    81   L1s      -9512.47203418          0.14246564          4.06342907          0.00004533          0.00030421
    82   L1s      -9512.47353130          0.11031309          1.80658807          0.00006076          0.00041359
    83   L0s      -9512.47509658          0.11462400          2.94798525          0.00006076          0.00041699
    84   L1s      -9512.47593840          0.09682882          2.23529486          0.00003342          0.00023224
----------------------------------------------------------------------------------------------------------------

Minimization converged.

-------------------  Conjugate Gradient Minimizer Statistics -------------------
Iterations             =             84  Function Calls         =            164
--------------------------------------------------------------------------------
