
#-----------------------------------------------------------------------------#
#                                                                             #
#                                EasyHybrid                                   #
#                   - A pDynamo graphical user interface -                    #
#                                                                             #
#-----------------------------------------------------------------------------#
#                                                                             #
#     Developed by Jose Fernando R Bachega and Luis Fernando S M Timmers      #
#                            <ferbachega@gmail.com>                           #
#                                                                             #
#             visit: https://sites.google.com/site/EasyHybrid/                #
#                   Univesity of Sao Paulo - SP, Brazil                       #
#      Pontifical Catholic University of Rio Grande do Sul - RS, Brazil       #
#                                                                             #
#                                                                             #
#   EasyHybrid team:                               Special thanks to:         #
#   - Jose Fernando R Bachega           |         - Fernando V Maluf          #
#   - Michele Silva                     |                                     #
#   - Luis Fernando S M Timmers         |                                     #
#   - Martin Field                      |         - Leonardo R Bachega        #
#   - Troy Wymore                       |         - Lucas Assirati            #
#   - Osmar Norberto de Souza           |         - Richard Garratt           #
#   - Walter R Paixao-Cortes            |                                     #
#                                                                             #
#   Cite this work as:                                                        #
#   J.F.R. Bachega, L.F.S.M. Timmers, L.Assirati, L.B. Bachega, M.J. Field,   #
#   T. Wymore. J. Comput. Chem. 2013, 34, 2190-2196. DOI: 10.1002/jcc.23346   #
#                                                                             #
#-----------------------------------------------------------------------------#

Generated on Wed Jun  5 17:21:20 2019


--------------------------------------------------------------------------------
                       Summary for System "Pruned System"
--------------------------------------------------------------------------------

---------------------------- Atom Container Summary ----------------------------
Number of Atoms        =           2173  Number of Heavy Atoms  =           1040
Number of Hydrogens    =           1133  Number of Unknowns     =              0
--------------------------------------------------------------------------------

----------------------------- Connectivity Summary -----------------------------
Atoms                  =           2173
--------------------------------------------------------------------------------

------------------------------- Electronic State -------------------------------
Charge                 =             -1  Multiplicity           =              1
--------------------------------------------------------------------------------

--------------------------------------------------------------------------------
                    Summary for Energy Model "AMBER/AM1/ABFS"
--------------------------------------------------------------------------------

----------------------------------- Summary for MM Model "AMBER" -----------------------------------
LJ 1-4 Scaling                   =          0.500  El. 1-4 Scaling                  =          0.833
Number of MM Atoms               =           2173  Number of MM Atom Types          =             37
Number of Inactive MM Atoms      =             33  Total MM Charge                  =          -4.00
Harmonic Bond Terms              =           2169  Harmonic Bond Parameters         =             49
Harmonic Bond Inactive           =           1308  Fourier Improper Terms           =            320
Fourier Improper Parameters      =              3  Fourier Improper Inactive        =            164
Harmonic Angle Terms             =           3403  Harmonic Angle Parameters        =            103
Harmonic Angle Inactive          =           1938  Fourier Dihedral Terms           =           6697
Fourier Dihedral Parameters      =             48  Fourier Dihedral Inactive        =           3453
Exclusions                       =          10377  1-4 Interactions                 =           4805
LJ Parameters Form               =          AMBER  LJ Parameters Types              =             21
1-4 Lennard-Jones Form           =          AMBER  1-4 Lennard-Jones Types          =             21
----------------------------------------------------------------------------------------------------

-------------------------- Summary for QC Model "AM1" --------------------------
Number of QC Atoms     =             39  Boundary Atoms         =              6
Nuclear Charge         =            129  Orbital Functions      =            108
Fitting Functions      =              0  Energy Base Line       =      188.36370
QC Parameter Centers   =              6
--------------------------------------------------------------------------------

----------------------------- ABFS NB Model Summary ----------------------------
Dielectric             =       1.000000  El. 1-4 Scaling        =       0.833333
Damping Cutoff         =       0.500000  Inner Cutoff           =       8.000000
List Cutoff            =      13.500000  Outer Cutoff           =      12.000000
QC/MM Coupling         =    RC Coupling  Use Centering          =          False
--------------------------------------------------------------------------------

-------------------------- Pairlist Generator Summary --------------------------
Cell Size              =          6.750  Cutoff                 =         13.500
Cutoff Cell Size Factor =          0.500  Grid Cell/Cell Method  =           True
Minimum Cell Extent    =              2  Minimum Cell Size      =          3.000
Minimum Extent Factor  =          1.500  Minimum Points         =            500
Sort Indices           =          False
--------------------------------------------------------------------------------

----------------------- SoftConstraint Container Summary -----------------------
Multiple Distance      =              2
--------------------------------------------------------------------------------

---------------------------- Hard Constraint Container Summary ---------------------------
Number of Charge Constraints  =            0  Number of Fixed Atoms         =         1351
------------------------------------------------------------------------------------------

------------------------------- Sequence Summary -------------------------------
Number of Atoms            =       2173  Number of Components       =        213
Number of Entities         =          1  Number of Linear Polymers  =          0
Number of Links            =          0  Number of Variants         =          0
--------------------------------------------------------------------------------

-------------------------------  Conjugate Gradient Minimizer Options ------------------------------
Beta Type                        =              1  Initial Step                     =            0.1
Line Searcher                    =           None  Log Frequency                    =              1
Maximum Iterations               =           5000  Maximum Theta                    =          1e+10
Minimum Theta                    =          1e-10  RMS Gradient Tolerance           =            0.1
Steepest Descent Tolerance       =          0.001  Use Spectral Theta               =           True
----------------------------------------------------------------------------------------------------

----------------------------------------------------------------------------------------------------------------
  Iteration       Function          RMS Gradient        Max. |Grad.|          RMS Disp.         Max. |Disp.|
----------------------------------------------------------------------------------------------------------------
     0     I      -9540.15390233         39.48108131       1387.03983568          0.00201374          0.07074624
     1   L1s      -9576.99884050          3.17812927        101.79423295          0.00075876          0.02423019
     2   L1s      -9577.36463146          2.06098004         46.04774001          0.00009363          0.00177841
     3   L1s      -9577.75798457          1.10756078         22.44158658          0.00018563          0.00347902
     4   L1s      -9578.22238662          1.39223919         27.40407142          0.00040764          0.00863010
     5   L1s      -9578.35630466          1.61459962         36.23986201          0.00014048          0.00240214
     6   L1s      -9578.55362946          0.95872710         15.71929589          0.00022960          0.00453775
     7   L1s      -9578.67037638          0.71894897         15.20206154          0.00016754          0.00408833
     8   L1s      -9578.70923200          0.87899523         19.70525412          0.00007095          0.00180163
     9   L1s      -9578.81744651          0.79488086         14.73327884          0.00022178          0.00573312
    10   L1s      -9578.90167887          0.86698415         15.93386389          0.00019423          0.00473691
    11   L1s      -9578.93990834          0.74825022         14.67539959          0.00009482          0.00223240
    12   L1s      -9578.99610135          0.44228065          7.41884246          0.00015199          0.00298526
    13   L1s      -9579.05896220          0.54815364          7.99817449          0.00020509          0.00356930
    14   L1s      -9579.09362548          0.78661567         16.08818782          0.00012409          0.00196766
    15   L0s      -9579.12839133          0.50647050          6.92629809          0.00012409          0.00170030
    16   L1s      -9579.17778848          0.52019172          8.32199801          0.00018454          0.00242075
    17   L1s      -9579.19786391          0.56479714         13.87072090          0.00008327          0.00096147
    18   L1s      -9579.22453437          0.45240017          7.91334405          0.00011707          0.00132549
    19   L1s      -9579.26641118          0.56134397         14.84510750          0.00019862          0.00313124
    20   L1s      -9579.28003259          0.43253016         11.10373084          0.00006748          0.00079353
    21   L1s      -9579.30327493          0.34540292          5.37911475          0.00012315          0.00146654
    22   L1s      -9579.32717744          0.29606221          4.67555651          0.00013848          0.00242534
    23   L1s      -9579.33434891          0.39821351         14.46673061          0.00004599          0.00060867
    24   L1s      -9579.34920505          0.28995482          3.77547702          0.00009996          0.00140885
    25   L1s      -9579.35987873          0.45398194         15.11251476          0.00007776          0.00107543
    26   L1s      -9579.37325396          0.27992720          4.22054410          0.00010031          0.00120460
    27   L1s      -9579.39232348          0.28775277          6.26896462          0.00015338          0.00205463
    28   L1s      -9579.40056788          0.34007780          7.69732795          0.00007026          0.00094200
    29   L1s      -9579.40657859          0.26432159          5.66551981          0.00005317          0.00070133
    30   L1s      -9579.41834110          0.20594399          2.96528228          0.00011020          0.00132415
    31   L1s      -9579.42384509          0.26652323          7.59637402          0.00005595          0.00069877
    32   L1s      -9579.42791033          0.21095766          3.64356096          0.00004314          0.00042961
    33   L1s      -9579.43510029          0.18634643          5.25286960          0.00008117          0.00129584
    34   L1s      -9579.43690431          0.18464829          4.76925627          0.00002182          0.00021395
    35   L1s      -9579.44142046          0.14821211          1.77369166          0.00005815          0.00057638
    36   L1s      -9579.44611861          0.16555703          2.43046990          0.00006573          0.00070363
    37   L1s      -9579.44972417          0.24782063          8.16076794          0.00005344          0.00049916
    38   L1s      -9579.45291370          0.15577589          2.17642283          0.00004842          0.00041130
    39   L1s      -9579.45657157          0.17005419          4.08318972          0.00005870          0.00052574
    40   L1s      -9579.45840458          0.17281390          3.87686792          0.00003068          0.00028489
    41   L1s      -9579.46193744          0.13097606          1.43100233          0.00006141          0.00049220
    42   L0s      -9579.46536406          0.15095439          3.00988885          0.00006141          0.00055504
    43   L1s      -9579.46665325          0.15717870          2.94324215          0.00002434          0.00022619
    44   L1s      -9579.47007178          0.10965495          1.15976861          0.00006858          0.00062207
    45   L0s      -9579.47309859          0.15419759          2.87569267          0.00006858          0.00063644
    46   L1s      -9579.47438850          0.15078885          3.91853958          0.00002911          0.00027890
    47   L1s      -9579.47825262          0.14846300          2.46625466          0.00008503          0.00076806
    48   L1s      -9579.48068919          0.19692782          6.66549910          0.00005524          0.00050862
    49   L1s      -9579.48262350          0.11831276          2.01971597          0.00004455          0.00044518
    50   L1s      -9579.48511531          0.11508554          2.47389923          0.00005987          0.00060111
    51   L1s      -9579.48697801          0.15139246          3.68925172          0.00004663          0.00045977
    52   L1s      -9579.48829085          0.12170045          2.27325273          0.00003361          0.00031587
    53   L1s      -9579.49050931          0.10359611          1.30732702          0.00005868          0.00060834
    54   L1s      -9579.49167678          0.15205342          3.73987683          0.00003220          0.00033366
    55   L1s      -9579.49305532          0.09148393          1.26153099          0.00003872          0.00035960
----------------------------------------------------------------------------------------------------------------

Minimization converged.

-------------------  Conjugate Gradient Minimizer Statistics -------------------
Iterations             =             55  Function Calls         =            108
--------------------------------------------------------------------------------
