
#-----------------------------------------------------------------------------#
#                                                                             #
#                                EasyHybrid                                   #
#                   - A pDynamo graphical user interface -                    #
#                                                                             #
#-----------------------------------------------------------------------------#
#                                                                             #
#     Developed by Jose Fernando R Bachega and Luis Fernando S M Timmers      #
#                            <ferbachega@gmail.com>                           #
#                                                                             #
#             visit: https://sites.google.com/site/EasyHybrid/                #
#                   Univesity of Sao Paulo - SP, Brazil                       #
#      Pontifical Catholic University of Rio Grande do Sul - RS, Brazil       #
#                                                                             #
#                                                                             #
#   EasyHybrid team:                               Special thanks to:         #
#   - Jose Fernando R Bachega           |         - Fernando V Maluf          #
#   - Michele Silva                     |                                     #
#   - Luis Fernando S M Timmers         |                                     #
#   - Martin Field                      |         - Leonardo R Bachega        #
#   - Troy Wymore                       |         - Lucas Assirati            #
#   - Osmar Norberto de Souza           |         - Richard Garratt           #
#   - Walter R Paixao-Cortes            |                                     #
#                                                                             #
#   Cite this work as:                                                        #
#   J.F.R. Bachega, L.F.S.M. Timmers, L.Assirati, L.B. Bachega, M.J. Field,   #
#   T. Wymore. J. Comput. Chem. 2013, 34, 2190-2196. DOI: 10.1002/jcc.23346   #
#                                                                             #
#-----------------------------------------------------------------------------#

Generated on Wed Jun  5 17:31:03 2019


--------------------------------------------------------------------------------
                       Summary for System "Pruned System"
--------------------------------------------------------------------------------

---------------------------- Atom Container Summary ----------------------------
Number of Atoms        =           2173  Number of Heavy Atoms  =           1040
Number of Hydrogens    =           1133  Number of Unknowns     =              0
--------------------------------------------------------------------------------

----------------------------- Connectivity Summary -----------------------------
Atoms                  =           2173
--------------------------------------------------------------------------------

------------------------------- Electronic State -------------------------------
Charge                 =             -1  Multiplicity           =              1
--------------------------------------------------------------------------------

--------------------------------------------------------------------------------
                    Summary for Energy Model "AMBER/AM1/ABFS"
--------------------------------------------------------------------------------

----------------------------------- Summary for MM Model "AMBER" -----------------------------------
LJ 1-4 Scaling                   =          0.500  El. 1-4 Scaling                  =          0.833
Number of MM Atoms               =           2173  Number of MM Atom Types          =             37
Number of Inactive MM Atoms      =             33  Total MM Charge                  =          -4.00
Harmonic Bond Terms              =           2169  Harmonic Bond Parameters         =             49
Harmonic Bond Inactive           =           1308  Fourier Improper Terms           =            320
Fourier Improper Parameters      =              3  Fourier Improper Inactive        =            164
Harmonic Angle Terms             =           3403  Harmonic Angle Parameters        =            103
Harmonic Angle Inactive          =           1938  Fourier Dihedral Terms           =           6697
Fourier Dihedral Parameters      =             48  Fourier Dihedral Inactive        =           3453
Exclusions                       =          10377  1-4 Interactions                 =           4805
LJ Parameters Form               =          AMBER  LJ Parameters Types              =             21
1-4 Lennard-Jones Form           =          AMBER  1-4 Lennard-Jones Types          =             21
----------------------------------------------------------------------------------------------------

-------------------------- Summary for QC Model "AM1" --------------------------
Number of QC Atoms     =             39  Boundary Atoms         =              6
Nuclear Charge         =            129  Orbital Functions      =            108
Fitting Functions      =              0  Energy Base Line       =      188.36370
QC Parameter Centers   =              6
--------------------------------------------------------------------------------

----------------------------- ABFS NB Model Summary ----------------------------
Dielectric             =       1.000000  El. 1-4 Scaling        =       0.833333
Damping Cutoff         =       0.500000  Inner Cutoff           =       8.000000
List Cutoff            =      13.500000  Outer Cutoff           =      12.000000
QC/MM Coupling         =    RC Coupling  Use Centering          =          False
--------------------------------------------------------------------------------

-------------------------- Pairlist Generator Summary --------------------------
Cell Size              =          6.750  Cutoff                 =         13.500
Cutoff Cell Size Factor =          0.500  Grid Cell/Cell Method  =           True
Minimum Cell Extent    =              2  Minimum Cell Size      =          3.000
Minimum Extent Factor  =          1.500  Minimum Points         =            500
Sort Indices           =          False
--------------------------------------------------------------------------------

----------------------- SoftConstraint Container Summary -----------------------
Multiple Distance      =              2
--------------------------------------------------------------------------------

---------------------------- Hard Constraint Container Summary ---------------------------
Number of Charge Constraints  =            0  Number of Fixed Atoms         =         1351
------------------------------------------------------------------------------------------

------------------------------- Sequence Summary -------------------------------
Number of Atoms            =       2173  Number of Components       =        213
Number of Entities         =          1  Number of Linear Polymers  =          0
Number of Links            =          0  Number of Variants         =          0
--------------------------------------------------------------------------------

-------------------------------  Conjugate Gradient Minimizer Options ------------------------------
Beta Type                        =              1  Initial Step                     =            0.1
Line Searcher                    =           None  Log Frequency                    =              1
Maximum Iterations               =           5000  Maximum Theta                    =          1e+10
Minimum Theta                    =          1e-10  RMS Gradient Tolerance           =            0.1
Steepest Descent Tolerance       =          0.001  Use Spectral Theta               =           True
----------------------------------------------------------------------------------------------------

----------------------------------------------------------------------------------------------------------------
  Iteration       Function          RMS Gradient        Max. |Grad.|          RMS Disp.         Max. |Disp.|
----------------------------------------------------------------------------------------------------------------
     0     I      -9498.27165196         36.11951192       1324.41983137          0.00201374          0.07383925
     1   L1s      -9533.32252743          3.19027298         70.86881319          0.00078171          0.01604443
     2   L1s      -9534.82279472          5.26719766        177.39917348          0.00038295          0.00882890
     3   L0s      -9536.23833004          1.96740742         52.95351385          0.00038295          0.00979031
     4   L1s      -9536.84816378          1.90848603         54.17049239          0.00026819          0.00691355
     5   L1s      -9537.00152750          1.40384328         34.89110705          0.00009426          0.00271467
     6   L1s      -9537.37310390          1.58343378         32.49638686          0.00031517          0.00949219
     7   L1s      -9537.50896849          1.15898695         29.43668770          0.00013475          0.00335268
     8   L0s      -9537.62698883          0.68838703         11.54455729          0.00013475          0.00273484
     9   L1s      -9537.68232447          0.86147722         24.55832070          0.00008799          0.00178750
    10   L1s      -9537.71745846          0.48890144          6.80500830          0.00006600          0.00117286
    11   L1s      -9537.75906440          0.50410590         10.18803210          0.00010417          0.00213449
    12   L1s      -9537.77999675          0.54710514         13.29368551          0.00006231          0.00127600
    13   L1s      -9537.80568486          0.48101882          9.46606305          0.00008540          0.00201849
    14   L1s      -9537.83427053          0.63350962         17.65533472          0.00010654          0.00277817
    15   L1s      -9537.85537677          0.41302912          8.71469975          0.00008311          0.00217374
    16   L1s      -9537.90559842          0.49009019          7.90357404          0.00022093          0.00640693
    17   L1s      -9537.92555612          0.54731798         15.40501055          0.00009385          0.00242600
    18   L0s      -9537.94466603          0.36978825          6.37163299          0.00009385          0.00238785
    19   L1s      -9537.95978864          0.44790423         13.28131621          0.00008124          0.00207073
    20   L0s      -9537.97320001          0.38280386          5.88710489          0.00008124          0.00201724
    21   L1s      -9537.99231324          0.26511827          3.99748411          0.00012413          0.00277655
    22   L1s      -9538.00053582          0.35917784         10.34143400          0.00005335          0.00110597
    23   L1s      -9538.00736288          0.22557738          2.76171710          0.00004691          0.00085983
    24   L1s      -9538.01743285          0.26582962          6.93271413          0.00007817          0.00161276
    25   L1s      -9538.02183169          0.23566230          5.07547642          0.00003666          0.00058916
    26   L1s      -9538.02825197          0.18545165          2.46851006          0.00005790          0.00084044
    27   L0s      -9538.03346017          0.34904174         11.91693787          0.00005790          0.00081649
    28   L0s      -9538.03932745          0.17503207          2.97098743          0.00005790          0.00055566
    29   L1s      -9538.04309700          0.18971571          4.56729913          0.00002493          0.00028067
    30   L1s      -9538.04541844          0.19723382          4.01875685          0.00001858          0.00017854
    31   L1s      -9538.04975435          0.18030309          3.38499561          0.00003901          0.00057622
    32   L1s      -9538.05273240          0.21908921          6.14644010          0.00002996          0.00027432
    33   L1s      -9538.05697584          0.16575730          3.02157961          0.00004549          0.00039900
    34   L0s      -9538.06086561          0.25297713          6.20232337          0.00004549          0.00043100
    35   L0s      -9538.06433535          0.18141166          2.86020878          0.00004549          0.00041818
    36   L1s      -9538.06966516          0.17381498          2.71669810          0.00007861          0.00074486
    37   L1s      -9538.07583753          0.26023909          5.42828894          0.00008996          0.00085906
    38   L1s      -9538.07894101          0.15919234          3.09613515          0.00004625          0.00044891
    39   L1s      -9538.08231265          0.20360051          4.78424736          0.00005310          0.00052088
    40   L1s      -9538.08524140          0.19478029          3.15583189          0.00004759          0.00047270
    41   L1s      -9538.09060284          0.16899363          3.00307086          0.00008994          0.00091012
    42   L1s      -9538.09525491          0.20456792          6.02329096          0.00008114          0.00082887
    43   L1s      -9538.09734565          0.17484515          3.69173395          0.00003740          0.00038572
    44   L1s      -9538.10264539          0.16088949          2.43129996          0.00009793          0.00100773
    45   L1s      -9538.10576284          0.21946039          6.27482469          0.00005969          0.00061188
    46   L1s      -9538.10937575          0.16043913          2.34526951          0.00007045          0.00071453
    47   L1s      -9538.11377075          0.24454172          7.04616632          0.00008854          0.00089397
    48   L1s      -9538.11716705          0.20365713          3.52828679          0.00006934          0.00069583
    49   L1s      -9538.12294326          0.18061983          4.05082399          0.00012017          0.00119666
    50   L0s      -9538.12885932          0.21063237          3.38857116          0.00012017          0.00118732
    51   L1s      -9538.13253159          0.25485199          5.74754374          0.00007697          0.00075680
    52   L1s      -9538.13847339          0.16266561          3.83281325          0.00013005          0.00130331
    53   L1s      -9538.14030752          0.17174414          4.59517314          0.00004124          0.00039716
    54   L1s      -9538.14339253          0.11710082          1.73599020          0.00007085          0.00067363
    55   L1s      -9538.14682623          0.18851267          4.90840724          0.00008233          0.00077891
    56   L1s      -9538.14871418          0.16000205          3.39788780          0.00004599          0.00043189
    57   L1s      -9538.15133024          0.12143721          2.90361481          0.00006510          0.00060159
    58   L0s      -9538.15370526          0.13502207          2.26893791          0.00006510          0.00063737
    59   L1s      -9538.15501576          0.14962411          3.60608902          0.00003624          0.00032925
    60   L1s      -9538.15724877          0.13034713          2.10648891          0.00006011          0.00054486
    61   L1s      -9538.15878599          0.16834051          4.13717927          0.00004246          0.00038568
    62   L1s      -9538.16134379          0.11721278          1.42104923          0.00007172          0.00065914
    63   L1s      -9538.16462801          0.13159420          1.94968233          0.00009490          0.00087693
    64   L1s      -9538.16613444          0.17860307          4.26004838          0.00004450          0.00041142
    65   L1s      -9538.16932330          0.14957534          2.66632708          0.00009530          0.00087512
    66   L1s      -9538.17194602          0.17741507          4.80356835          0.00007968          0.00072628
    67   L1s      -9538.17411971          0.14960676          2.47584168          0.00006676          0.00060220
    68   L1s      -9538.17789403          0.14279475          2.07058087          0.00011775          0.00105452
    69   L1s      -9538.18015554          0.20741680          6.60224702          0.00007173          0.00064094
    70   L1s      -9538.18293804          0.13457830          1.51246118          0.00008892          0.00079224
    71   L1s      -9538.18694422          0.16440066          2.67591511          0.00013029          0.00115733
    72   L1s      -9538.18912978          0.17254205          4.53082529          0.00007190          0.00063639
    73   L1s      -9538.19153436          0.12881636          2.28046360          0.00007991          0.00070192
    74   L1s      -9538.19351166          0.17457539          3.73352414          0.00006688          0.00059554
    75   L1s      -9538.19528741          0.12351313          1.97284208          0.00006063          0.00056788
    76   L1s      -9538.19803176          0.12716690          1.59026296          0.00009540          0.00093284
    77   L0s      -9538.20086694          0.16076920          3.70793276          0.00009540          0.00095438
    78   L1s      -9538.20239136          0.14080601          3.07550392          0.00005287          0.00054410
    79   L1s      -9538.20527743          0.15260473          2.74266154          0.00010801          0.00113454
    80   L1s      -9538.20676778          0.14868419          3.55321711          0.00005634          0.00060343
    81   L1s      -9538.21025473          0.11975961          1.51066826          0.00013317          0.00146244
    82   L1s      -9538.21296915          0.14488052          3.15147696          0.00010528          0.00117431
    83   L1s      -9538.21423336          0.14223326          3.78944024          0.00004955          0.00056134
    84   L1s      -9538.21612617          0.11571098          2.26233244          0.00007496          0.00086870
    85   L1s      -9538.21894771          0.11727566          1.53978934          0.00011349          0.00134181
    86   L1s      -9538.22113070          0.15237804          4.81451345          0.00008910          0.00106463
    87   L1s      -9538.22222877          0.11053834          1.91113346          0.00004520          0.00055011
    88   L1s      -9538.22416454          0.10954478          2.34710041          0.00008095          0.00100122
    89   L1s      -9538.22529374          0.13836310          3.81579205          0.00004796          0.00059872
    90   L1s      -9538.22733415          0.09521055          1.30497076          0.00008747          0.00111189
----------------------------------------------------------------------------------------------------------------

Minimization converged.

-------------------  Conjugate Gradient Minimizer Statistics -------------------
Iterations             =             90  Function Calls         =            170
--------------------------------------------------------------------------------
