
#-----------------------------------------------------------------------------#
#                                                                             #
#                                EasyHybrid                                   #
#                   - A pDynamo graphical user interface -                    #
#                                                                             #
#-----------------------------------------------------------------------------#
#                                                                             #
#     Developed by Jose Fernando R Bachega and Luis Fernando S M Timmers      #
#                            <ferbachega@gmail.com>                           #
#                                                                             #
#             visit: https://sites.google.com/site/EasyHybrid/                #
#                   Univesity of Sao Paulo - SP, Brazil                       #
#      Pontifical Catholic University of Rio Grande do Sul - RS, Brazil       #
#                                                                             #
#                                                                             #
#   EasyHybrid team:                               Special thanks to:         #
#   - Jose Fernando R Bachega           |         - Fernando V Maluf          #
#   - Michele Silva                     |                                     #
#   - Luis Fernando S M Timmers         |                                     #
#   - Martin Field                      |         - Leonardo R Bachega        #
#   - Troy Wymore                       |         - Lucas Assirati            #
#   - Osmar Norberto de Souza           |         - Richard Garratt           #
#   - Walter R Paixao-Cortes            |                                     #
#                                                                             #
#   Cite this work as:                                                        #
#   J.F.R. Bachega, L.F.S.M. Timmers, L.Assirati, L.B. Bachega, M.J. Field,   #
#   T. Wymore. J. Comput. Chem. 2013, 34, 2190-2196. DOI: 10.1002/jcc.23346   #
#                                                                             #
#-----------------------------------------------------------------------------#

Generated on Wed Jun  5 17:30:15 2019


--------------------------------------------------------------------------------
                       Summary for System "Pruned System"
--------------------------------------------------------------------------------

---------------------------- Atom Container Summary ----------------------------
Number of Atoms        =           2173  Number of Heavy Atoms  =           1040
Number of Hydrogens    =           1133  Number of Unknowns     =              0
--------------------------------------------------------------------------------

----------------------------- Connectivity Summary -----------------------------
Atoms                  =           2173
--------------------------------------------------------------------------------

------------------------------- Electronic State -------------------------------
Charge                 =             -1  Multiplicity           =              1
--------------------------------------------------------------------------------

--------------------------------------------------------------------------------
                    Summary for Energy Model "AMBER/AM1/ABFS"
--------------------------------------------------------------------------------

----------------------------------- Summary for MM Model "AMBER" -----------------------------------
LJ 1-4 Scaling                   =          0.500  El. 1-4 Scaling                  =          0.833
Number of MM Atoms               =           2173  Number of MM Atom Types          =             37
Number of Inactive MM Atoms      =             33  Total MM Charge                  =          -4.00
Harmonic Bond Terms              =           2169  Harmonic Bond Parameters         =             49
Harmonic Bond Inactive           =           1308  Fourier Improper Terms           =            320
Fourier Improper Parameters      =              3  Fourier Improper Inactive        =            164
Harmonic Angle Terms             =           3403  Harmonic Angle Parameters        =            103
Harmonic Angle Inactive          =           1938  Fourier Dihedral Terms           =           6697
Fourier Dihedral Parameters      =             48  Fourier Dihedral Inactive        =           3453
Exclusions                       =          10377  1-4 Interactions                 =           4805
LJ Parameters Form               =          AMBER  LJ Parameters Types              =             21
1-4 Lennard-Jones Form           =          AMBER  1-4 Lennard-Jones Types          =             21
----------------------------------------------------------------------------------------------------

-------------------------- Summary for QC Model "AM1" --------------------------
Number of QC Atoms     =             39  Boundary Atoms         =              6
Nuclear Charge         =            129  Orbital Functions      =            108
Fitting Functions      =              0  Energy Base Line       =      188.36370
QC Parameter Centers   =              6
--------------------------------------------------------------------------------

----------------------------- ABFS NB Model Summary ----------------------------
Dielectric             =       1.000000  El. 1-4 Scaling        =       0.833333
Damping Cutoff         =       0.500000  Inner Cutoff           =       8.000000
List Cutoff            =      13.500000  Outer Cutoff           =      12.000000
QC/MM Coupling         =    RC Coupling  Use Centering          =          False
--------------------------------------------------------------------------------

-------------------------- Pairlist Generator Summary --------------------------
Cell Size              =          6.750  Cutoff                 =         13.500
Cutoff Cell Size Factor =          0.500  Grid Cell/Cell Method  =           True
Minimum Cell Extent    =              2  Minimum Cell Size      =          3.000
Minimum Extent Factor  =          1.500  Minimum Points         =            500
Sort Indices           =          False
--------------------------------------------------------------------------------

----------------------- SoftConstraint Container Summary -----------------------
Multiple Distance      =              2
--------------------------------------------------------------------------------

---------------------------- Hard Constraint Container Summary ---------------------------
Number of Charge Constraints  =            0  Number of Fixed Atoms         =         1351
------------------------------------------------------------------------------------------

------------------------------- Sequence Summary -------------------------------
Number of Atoms            =       2173  Number of Components       =        213
Number of Entities         =          1  Number of Linear Polymers  =          0
Number of Links            =          0  Number of Variants         =          0
--------------------------------------------------------------------------------

-------------------------------  Conjugate Gradient Minimizer Options ------------------------------
Beta Type                        =              1  Initial Step                     =            0.1
Line Searcher                    =           None  Log Frequency                    =              1
Maximum Iterations               =           5000  Maximum Theta                    =          1e+10
Minimum Theta                    =          1e-10  RMS Gradient Tolerance           =            0.1
Steepest Descent Tolerance       =          0.001  Use Spectral Theta               =           True
----------------------------------------------------------------------------------------------------

----------------------------------------------------------------------------------------------------------------
  Iteration       Function          RMS Gradient        Max. |Grad.|          RMS Disp.         Max. |Disp.|
----------------------------------------------------------------------------------------------------------------
     0     I      -9395.21570761         37.52215735       1379.84501091          0.00201374          0.07405357
     1   L1s      -9430.80858149          2.81302086         77.79621920          0.00076362          0.01992247
     2   L1s      -9431.99535284          4.50442921        155.38649655          0.00034318          0.00961795
     3   L0s      -9433.04196381          1.82720720         50.37687611          0.00034318          0.00897657
     4   L1s      -9433.59432942          1.16488039         31.83101648          0.00029416          0.00729139
     5   L1s      -9433.73130275          1.73681266         49.81512470          0.00012047          0.00318934
     6   L1s      -9434.03011316          1.09178162         20.68755696          0.00029837          0.00753445
     7   L1s      -9434.16483186          1.17699847         34.51591284          0.00016983          0.00376017
     8   L1s      -9434.23507580          0.78380751         17.92077576          0.00010078          0.00216181
     9   L1s      -9434.31610497          0.45737144          7.21203481          0.00014359          0.00248750
    10   L1s      -9434.35724123          0.52059381         11.17774737          0.00010311          0.00198924
    11   L1s      -9434.37353895          0.51848109         10.09176362          0.00004811          0.00099728
    12   L1s      -9434.40984804          0.51306746         10.20899861          0.00012131          0.00283981
    13   L0s      -9434.44238499          0.53416287         13.03822356          0.00012131          0.00328362
    14   L1s      -9434.45825736          0.46279175          9.20022503          0.00006373          0.00161570
    15   L1s      -9434.51919583          0.42426129          8.79061315          0.00026439          0.00702342
    16   L1s      -9434.54807133          0.56348854         16.82104207          0.00013722          0.00378444
    17   L1s      -9434.56395917          0.40187033          9.27890717          0.00007890          0.00216598
    18   L1s      -9434.58718366          0.39436381          8.98324984          0.00012452          0.00323087
    19   L1s      -9434.60434907          0.40556346         12.72963049          0.00009854          0.00284508
    20   L1s      -9434.61265783          0.26746985          3.95056987          0.00005049          0.00133936
    21   L1s      -9434.63012055          0.24477453          2.96975098          0.00011877          0.00294991
    22   L1s      -9434.63924630          0.34804692          8.63236722          0.00006915          0.00179557
    23   L1s      -9434.64501330          0.19494553          3.33698636          0.00004572          0.00100876
    24   L1s      -9434.65071514          0.17398080          2.17091750          0.00005111          0.00091496
    25   L1s      -9434.65451480          0.25930904          7.97239343          0.00003840          0.00075590
    26   L1s      -9434.65937365          0.15615586          1.68190723          0.00005140          0.00084683
    27   L1s      -9434.66479581          0.15537845          2.35911350          0.00006391          0.00103741
    28   L1s      -9434.66689890          0.19672404          6.68551716          0.00002711          0.00045769
    29   L1s      -9434.67005592          0.15252917          3.08023620          0.00004273          0.00076296
    30   L1s      -9434.67405117          0.14897682          2.19066993          0.00005810          0.00110381
    31   L1s      -9434.67652762          0.19714426          6.01140407          0.00003847          0.00070518
    32   L0s      -9434.67913825          0.11414988          1.15292274          0.00003847          0.00068961
    33   L0s      -9434.68206082          0.13282013          2.88380449          0.00003847          0.00072050
    34   L1s      -9434.68340709          0.15717772          4.12331384          0.00002072          0.00036030
    35   L1s      -9434.68722683          0.12222863          1.76953917          0.00006506          0.00107228
    36   L1s      -9434.68917562          0.16885386          4.26164841          0.00003563          0.00058778
    37   L0s      -9434.69087235          0.13537832          1.97881396          0.00003563          0.00053626
    38   L1s      -9434.69387994          0.11471363          1.72617242          0.00006838          0.00088735
    39   L1s      -9434.69588634          0.12945689          2.35925417          0.00004274          0.00053411
    40   L1s      -9434.69699971          0.13720362          2.34194864          0.00002472          0.00026739
    41   L1s      -9434.69953075          0.11217408          1.23932787          0.00005816          0.00055854
    42   L1s      -9434.70153823          0.15182774          3.55496594          0.00004836          0.00048294
    43   L1s      -9434.70278461          0.10867281          1.35140492          0.00003076          0.00029758
    44   L1s      -9434.70531269          0.11865378          1.39336510          0.00006517          0.00068926
    45   L1s      -9434.70853313          0.17941923          4.14632910          0.00008590          0.00084968
    46   L1s      -9434.71041900          0.16043925          2.99826543          0.00005102          0.00056625
    47   L1s      -9434.71358737          0.13050831          2.55714731          0.00008721          0.00097678
    48   L1s      -9434.71607888          0.16239148          3.40914317          0.00007028          0.00069914
    49   L1s      -9434.71757337          0.12264908          2.13130227          0.00004282          0.00045493
    50   L1s      -9434.71950042          0.10024776          1.17293822          0.00005666          0.00060172
    51   L1s      -9434.72187694          0.12429325          2.25040952          0.00007245          0.00067381
    52   L1s      -9434.72283990          0.13215109          2.48002157          0.00003002          0.00030415
    53   L1s      -9434.72560914          0.10038485          1.39501875          0.00008799          0.00083334
    54   L1s      -9434.72718609          0.15808881          3.72938156          0.00005168          0.00045622
    55   L0s      -9434.72879301          0.10871378          1.29755643          0.00005168          0.00043543
    56   L1s      -9434.73105227          0.10674740          1.48366128          0.00007223          0.00060269
    57   L1s      -9434.73294396          0.13429271          3.51096522          0.00006389          0.00052276
    58   L1s      -9434.73393706          0.10922371          2.19352031          0.00003407          0.00026834
    59   L1s      -9434.73573744          0.09452243          1.24170931          0.00006319          0.00047333
----------------------------------------------------------------------------------------------------------------

Minimization converged.

-------------------  Conjugate Gradient Minimizer Statistics -------------------
Iterations             =             59  Function Calls         =            113
--------------------------------------------------------------------------------
