
#-----------------------------------------------------------------------------#
#                                                                             #
#                                EasyHybrid                                   #
#                   - A pDynamo graphical user interface -                    #
#                                                                             #
#-----------------------------------------------------------------------------#
#                                                                             #
#     Developed by Jose Fernando R Bachega and Luis Fernando S M Timmers      #
#                            <ferbachega@gmail.com>                           #
#                                                                             #
#             visit: https://sites.google.com/site/EasyHybrid/                #
#                   Univesity of Sao Paulo - SP, Brazil                       #
#      Pontifical Catholic University of Rio Grande do Sul - RS, Brazil       #
#                                                                             #
#                                                                             #
#   EasyHybrid team:                               Special thanks to:         #
#   - Jose Fernando R Bachega           |         - Fernando V Maluf          #
#   - Michele Silva                     |                                     #
#   - Luis Fernando S M Timmers         |                                     #
#   - Martin Field                      |         - Leonardo R Bachega        #
#   - Troy Wymore                       |         - Lucas Assirati            #
#   - Osmar Norberto de Souza           |         - Richard Garratt           #
#   - Walter R Paixao-Cortes            |                                     #
#                                                                             #
#   Cite this work as:                                                        #
#   J.F.R. Bachega, L.F.S.M. Timmers, L.Assirati, L.B. Bachega, M.J. Field,   #
#   T. Wymore. J. Comput. Chem. 2013, 34, 2190-2196. DOI: 10.1002/jcc.23346   #
#                                                                             #
#-----------------------------------------------------------------------------#

Generated on Wed Jun  5 17:25:31 2019


--------------------------------------------------------------------------------
                       Summary for System "Pruned System"
--------------------------------------------------------------------------------

---------------------------- Atom Container Summary ----------------------------
Number of Atoms        =           2173  Number of Heavy Atoms  =           1040
Number of Hydrogens    =           1133  Number of Unknowns     =              0
--------------------------------------------------------------------------------

----------------------------- Connectivity Summary -----------------------------
Atoms                  =           2173
--------------------------------------------------------------------------------

------------------------------- Electronic State -------------------------------
Charge                 =             -1  Multiplicity           =              1
--------------------------------------------------------------------------------

--------------------------------------------------------------------------------
                    Summary for Energy Model "AMBER/AM1/ABFS"
--------------------------------------------------------------------------------

----------------------------------- Summary for MM Model "AMBER" -----------------------------------
LJ 1-4 Scaling                   =          0.500  El. 1-4 Scaling                  =          0.833
Number of MM Atoms               =           2173  Number of MM Atom Types          =             37
Number of Inactive MM Atoms      =             33  Total MM Charge                  =          -4.00
Harmonic Bond Terms              =           2169  Harmonic Bond Parameters         =             49
Harmonic Bond Inactive           =           1308  Fourier Improper Terms           =            320
Fourier Improper Parameters      =              3  Fourier Improper Inactive        =            164
Harmonic Angle Terms             =           3403  Harmonic Angle Parameters        =            103
Harmonic Angle Inactive          =           1938  Fourier Dihedral Terms           =           6697
Fourier Dihedral Parameters      =             48  Fourier Dihedral Inactive        =           3453
Exclusions                       =          10377  1-4 Interactions                 =           4805
LJ Parameters Form               =          AMBER  LJ Parameters Types              =             21
1-4 Lennard-Jones Form           =          AMBER  1-4 Lennard-Jones Types          =             21
----------------------------------------------------------------------------------------------------

-------------------------- Summary for QC Model "AM1" --------------------------
Number of QC Atoms     =             39  Boundary Atoms         =              6
Nuclear Charge         =            129  Orbital Functions      =            108
Fitting Functions      =              0  Energy Base Line       =      188.36370
QC Parameter Centers   =              6
--------------------------------------------------------------------------------

----------------------------- ABFS NB Model Summary ----------------------------
Dielectric             =       1.000000  El. 1-4 Scaling        =       0.833333
Damping Cutoff         =       0.500000  Inner Cutoff           =       8.000000
List Cutoff            =      13.500000  Outer Cutoff           =      12.000000
QC/MM Coupling         =    RC Coupling  Use Centering          =          False
--------------------------------------------------------------------------------

-------------------------- Pairlist Generator Summary --------------------------
Cell Size              =          6.750  Cutoff                 =         13.500
Cutoff Cell Size Factor =          0.500  Grid Cell/Cell Method  =           True
Minimum Cell Extent    =              2  Minimum Cell Size      =          3.000
Minimum Extent Factor  =          1.500  Minimum Points         =            500
Sort Indices           =          False
--------------------------------------------------------------------------------

----------------------- SoftConstraint Container Summary -----------------------
Multiple Distance      =              2
--------------------------------------------------------------------------------

---------------------------- Hard Constraint Container Summary ---------------------------
Number of Charge Constraints  =            0  Number of Fixed Atoms         =         1351
------------------------------------------------------------------------------------------

------------------------------- Sequence Summary -------------------------------
Number of Atoms            =       2173  Number of Components       =        213
Number of Entities         =          1  Number of Linear Polymers  =          0
Number of Links            =          0  Number of Variants         =          0
--------------------------------------------------------------------------------

-------------------------------  Conjugate Gradient Minimizer Options ------------------------------
Beta Type                        =              1  Initial Step                     =            0.1
Line Searcher                    =           None  Log Frequency                    =              1
Maximum Iterations               =           5000  Maximum Theta                    =          1e+10
Minimum Theta                    =          1e-10  RMS Gradient Tolerance           =            0.1
Steepest Descent Tolerance       =          0.001  Use Spectral Theta               =           True
----------------------------------------------------------------------------------------------------

----------------------------------------------------------------------------------------------------------------
  Iteration       Function          RMS Gradient        Max. |Grad.|          RMS Disp.         Max. |Disp.|
----------------------------------------------------------------------------------------------------------------
     0     I      -9508.59651718         39.41904794       1520.21156718          0.00201374          0.07766071
     1   L1s      -9545.28268881          3.36507811         82.49912229          0.00075821          0.01852827
     2   L1s      -9545.69513931          2.19134410         55.13589762          0.00009978          0.00310115
     3   L1s      -9546.46746075          1.92169198         48.82206288          0.00034280          0.01170123
     4   L1s      -9547.09466296          1.12013185         28.33731881          0.00038140          0.00806422
     5   L1s      -9547.25050000          1.47486242         37.35260927          0.00014724          0.00290331
     6   L1s      -9547.35032220          0.88678335         25.63780830          0.00010888          0.00305331
     7   L1s      -9547.47744305          0.73714163         14.54433925          0.00018071          0.00400558
     8   L0s      -9547.58203010          1.28635306         33.72190259          0.00018071          0.00412685
     9   L1s      -9547.68921529          0.59514541         10.60776580          0.00020268          0.00391261
    10   L1s      -9547.73743992          0.58034185         13.66431393          0.00012543          0.00218393
    11   L1s      -9547.79371094          0.66776891         20.36231367          0.00016611          0.00332211
    12   L1s      -9547.81392717          0.48541274         10.13827147          0.00006448          0.00126954
    13   L1s      -9547.85491453          0.60566475         17.54859593          0.00014749          0.00293231
    14   L1s      -9547.87187248          0.41421578          7.18877795          0.00006507          0.00134068
    15   L1s      -9547.90042892          0.36098623          5.19421023          0.00012304          0.00254539
    16   L0s      -9547.92655433          0.42659305          7.00657685          0.00012304          0.00267708
    17   L1s      -9547.93925908          0.41044950          9.69357925          0.00006529          0.00134391
    18   L1s      -9547.95693224          0.29385292          4.06264435          0.00010003          0.00209937
    19   L1s      -9547.96891195          0.30520408          6.49129886          0.00007547          0.00145901
    20   L1s      -9547.97468484          0.32707813          7.22236832          0.00003945          0.00079519
    21   L1s      -9547.98791619          0.26323794          3.89246399          0.00009618          0.00189769
    22   L1s      -9547.99450853          0.30438738          7.87264648          0.00005198          0.00095904
    23   L0s      -9548.00067628          0.20012885          2.73106458          0.00005198          0.00093086
    24   L1s      -9548.01084312          0.22975748          3.09695671          0.00009609          0.00158062
    25   L1s      -9548.01666054          0.26555135          7.03964994          0.00005836          0.00098464
    26   L1s      -9548.02157785          0.22297101          3.31383673          0.00005158          0.00077845
    27   L1s      -9548.02841457          0.17469372          2.96065213          0.00007591          0.00109148
    28   L1s      -9548.03119114          0.24041527          5.71364801          0.00003342          0.00042167
    29   L1s      -9548.03571396          0.16073502          2.92086409          0.00005653          0.00062107
    30   L0s      -9548.04006217          0.22393793          5.78487105          0.00005653          0.00061095
    31   L1s      -9548.04323582          0.16909962          2.43609529          0.00004365          0.00043353
    32   L1s      -9548.04842409          0.16793173          2.53717690          0.00007981          0.00083105
    33   L1s      -9548.05232342          0.20876949          5.04364264          0.00006286          0.00064669
    34   L1s      -9548.05500437          0.15275001          2.56605671          0.00004446          0.00042003
    35   L1s      -9548.05829435          0.14618366          2.39237021          0.00005729          0.00046504
    36   L1s      -9548.06086537          0.20322497          5.75788199          0.00004699          0.00042618
    37   L0s      -9548.06330713          0.14320090          2.93170132          0.00004699          0.00043612
    38   L0s      -9548.06558425          0.16227775          4.38046305          0.00004699          0.00044500
    39   L1s      -9548.06722629          0.13861506          2.37332272          0.00003415          0.00032276
    40   L1s      -9548.07183594          0.14742694          2.07717089          0.00009906          0.00089819
    41   L1s      -9548.07369864          0.16612037          4.03407598          0.00004132          0.00036848
    42   L1s      -9548.07634523          0.13861236          2.04497274          0.00006011          0.00049696
    43   L1s      -9548.07932664          0.14728683          2.45615210          0.00006991          0.00057818
    44   L1s      -9548.08149828          0.18298028          4.91785916          0.00005229          0.00040118
    45   L1s      -9548.08450472          0.15438709          2.31343625          0.00007361          0.00051879
    46   L0s      -9548.08750615          0.20301354          4.63949029          0.00007361          0.00054093
    47   L1s      -9548.08980848          0.14473015          3.05315867          0.00005774          0.00044869
    48   L1s      -9548.09331017          0.16923577          4.15305889          0.00009349          0.00078400
    49   L1s      -9548.09521617          0.15116210          3.42035399          0.00005171          0.00047054
    50   L1s      -9548.09777554          0.12605636          1.78899306          0.00007078          0.00070676
    51   L0s      -9548.10051364          0.17715287          5.22558137          0.00007078          0.00072944
    52   L0s      -9548.10323085          0.16168586          3.55179504          0.00007078          0.00074984
    53   L1s      -9548.10594670          0.16482707          3.56809816          0.00007936          0.00085449
    54   L1s      -9548.10775436          0.15570146          3.60269008          0.00005668          0.00061591
    55   L1s      -9548.11042910          0.13074694          2.09091599          0.00008503          0.00092006
    56   L1s      -9548.11234255          0.16653246          3.93735863          0.00006198          0.00066504
    57   L1s      -9548.11471198          0.12911321          2.17294564          0.00007762          0.00081333
    58   L0s      -9548.11719547          0.14356324          3.23859325          0.00007762          0.00079260
    59   L1s      -9548.11910543          0.16432145          3.90114244          0.00006152          0.00061510
    60   L1s      -9548.12169716          0.16102667          2.66453242          0.00008867          0.00086477
    61   L1s      -9548.12391345          0.18313527          5.13844481          0.00007665          0.00073258
    62   L1s      -9548.12657041          0.14540262          2.88176504          0.00009263          0.00094560
    63   L0s      -9548.12934770          0.14803555          3.17162761          0.00009263          0.00100044
    64   L1s      -9548.13110351          0.14289829          3.29939396          0.00005953          0.00067429
    65   L1s      -9548.13387906          0.14637636          2.15811634          0.00010120          0.00117134
    66   L1s      -9548.13630216          0.16869409          4.74878787          0.00008936          0.00103855
    67   L0s      -9548.13868759          0.15178068          3.03226437          0.00008936          0.00103327
    68   L0s      -9548.14089517          0.15484194          3.87804861          0.00008936          0.00102428
    69   L1s      -9548.14233381          0.15005878          2.44546457          0.00005806          0.00065532
    70   L1s      -9548.14514532          0.16446223          4.10654974          0.00010703          0.00117857
    71   L1s      -9548.14696422          0.14194454          2.86405117          0.00006982          0.00073292
    72   L1s      -9548.14921483          0.11501213          1.55175678          0.00008734          0.00082615
    73   L1s      -9548.15059856          0.12772028          3.11701553          0.00005458          0.00053518
    74   L1s      -9548.15182199          0.10493662          2.26273103          0.00004887          0.00050389
    75   L1s      -9548.15356680          0.14803408          3.76608179          0.00007101          0.00074829
    76   L1s      -9548.15488258          0.12796895          2.02973498          0.00005402          0.00058393
    77   L1s      -9548.15673427          0.13616794          3.50260327          0.00007692          0.00084608
    78   L1s      -9548.15800282          0.11604436          2.29685799          0.00005323          0.00059627
    79   L1s      -9548.15941836          0.10115315          1.73440064          0.00006022          0.00068453
    80   L0s      -9548.16084346          0.13054370          3.11451431          0.00006022          0.00068599
    81   L1s      -9548.16210729          0.09790433          1.93802645          0.00005452          0.00061805
----------------------------------------------------------------------------------------------------------------

Minimization converged.

-------------------  Conjugate Gradient Minimizer Statistics -------------------
Iterations             =             81  Function Calls         =            149
--------------------------------------------------------------------------------
