
#-----------------------------------------------------------------------------#
#                                                                             #
#                                EasyHybrid                                   #
#                   - A pDynamo graphical user interface -                    #
#                                                                             #
#-----------------------------------------------------------------------------#
#                                                                             #
#     Developed by Jose Fernando R Bachega and Luis Fernando S M Timmers      #
#                            <ferbachega@gmail.com>                           #
#                                                                             #
#             visit: https://sites.google.com/site/EasyHybrid/                #
#                   Univesity of Sao Paulo - SP, Brazil                       #
#      Pontifical Catholic University of Rio Grande do Sul - RS, Brazil       #
#                                                                             #
#                                                                             #
#   EasyHybrid team:                               Special thanks to:         #
#   - Jose Fernando R Bachega           |         - Fernando V Maluf          #
#   - Michele Silva                     |                                     #
#   - Luis Fernando S M Timmers         |                                     #
#   - Martin Field                      |         - Leonardo R Bachega        #
#   - Troy Wymore                       |         - Lucas Assirati            #
#   - Osmar Norberto de Souza           |         - Richard Garratt           #
#   - Walter R Paixao-Cortes            |                                     #
#                                                                             #
#   Cite this work as:                                                        #
#   J.F.R. Bachega, L.F.S.M. Timmers, L.Assirati, L.B. Bachega, M.J. Field,   #
#   T. Wymore. J. Comput. Chem. 2013, 34, 2190-2196. DOI: 10.1002/jcc.23346   #
#                                                                             #
#-----------------------------------------------------------------------------#

Generated on Wed Jun  5 17:32:35 2019


--------------------------------------------------------------------------------
                       Summary for System "Pruned System"
--------------------------------------------------------------------------------

---------------------------- Atom Container Summary ----------------------------
Number of Atoms        =           2173  Number of Heavy Atoms  =           1040
Number of Hydrogens    =           1133  Number of Unknowns     =              0
--------------------------------------------------------------------------------

----------------------------- Connectivity Summary -----------------------------
Atoms                  =           2173
--------------------------------------------------------------------------------

------------------------------- Electronic State -------------------------------
Charge                 =             -1  Multiplicity           =              1
--------------------------------------------------------------------------------

--------------------------------------------------------------------------------
                    Summary for Energy Model "AMBER/AM1/ABFS"
--------------------------------------------------------------------------------

----------------------------------- Summary for MM Model "AMBER" -----------------------------------
LJ 1-4 Scaling                   =          0.500  El. 1-4 Scaling                  =          0.833
Number of MM Atoms               =           2173  Number of MM Atom Types          =             37
Number of Inactive MM Atoms      =             33  Total MM Charge                  =          -4.00
Harmonic Bond Terms              =           2169  Harmonic Bond Parameters         =             49
Harmonic Bond Inactive           =           1308  Fourier Improper Terms           =            320
Fourier Improper Parameters      =              3  Fourier Improper Inactive        =            164
Harmonic Angle Terms             =           3403  Harmonic Angle Parameters        =            103
Harmonic Angle Inactive          =           1938  Fourier Dihedral Terms           =           6697
Fourier Dihedral Parameters      =             48  Fourier Dihedral Inactive        =           3453
Exclusions                       =          10377  1-4 Interactions                 =           4805
LJ Parameters Form               =          AMBER  LJ Parameters Types              =             21
1-4 Lennard-Jones Form           =          AMBER  1-4 Lennard-Jones Types          =             21
----------------------------------------------------------------------------------------------------

-------------------------- Summary for QC Model "AM1" --------------------------
Number of QC Atoms     =             39  Boundary Atoms         =              6
Nuclear Charge         =            129  Orbital Functions      =            108
Fitting Functions      =              0  Energy Base Line       =      188.36370
QC Parameter Centers   =              6
--------------------------------------------------------------------------------

----------------------------- ABFS NB Model Summary ----------------------------
Dielectric             =       1.000000  El. 1-4 Scaling        =       0.833333
Damping Cutoff         =       0.500000  Inner Cutoff           =       8.000000
List Cutoff            =      13.500000  Outer Cutoff           =      12.000000
QC/MM Coupling         =    RC Coupling  Use Centering          =          False
--------------------------------------------------------------------------------

-------------------------- Pairlist Generator Summary --------------------------
Cell Size              =          6.750  Cutoff                 =         13.500
Cutoff Cell Size Factor =          0.500  Grid Cell/Cell Method  =           True
Minimum Cell Extent    =              2  Minimum Cell Size      =          3.000
Minimum Extent Factor  =          1.500  Minimum Points         =            500
Sort Indices           =          False
--------------------------------------------------------------------------------

----------------------- SoftConstraint Container Summary -----------------------
Multiple Distance      =              2
--------------------------------------------------------------------------------

---------------------------- Hard Constraint Container Summary ---------------------------
Number of Charge Constraints  =            0  Number of Fixed Atoms         =         1351
------------------------------------------------------------------------------------------

------------------------------- Sequence Summary -------------------------------
Number of Atoms            =       2173  Number of Components       =        213
Number of Entities         =          1  Number of Linear Polymers  =          0
Number of Links            =          0  Number of Variants         =          0
--------------------------------------------------------------------------------

-------------------------------  Conjugate Gradient Minimizer Options ------------------------------
Beta Type                        =              1  Initial Step                     =            0.1
Line Searcher                    =           None  Log Frequency                    =              1
Maximum Iterations               =           5000  Maximum Theta                    =          1e+10
Minimum Theta                    =          1e-10  RMS Gradient Tolerance           =            0.1
Steepest Descent Tolerance       =          0.001  Use Spectral Theta               =           True
----------------------------------------------------------------------------------------------------

----------------------------------------------------------------------------------------------------------------
  Iteration       Function          RMS Gradient        Max. |Grad.|          RMS Disp.         Max. |Disp.|
----------------------------------------------------------------------------------------------------------------
     0     I      -9481.98474076         39.39627654       1519.66062473          0.00201374          0.07767744
     1   L1s      -9519.28236651          3.43987007         85.95691509          0.00077132          0.01920742
     2   L1s      -9519.67903904          2.07624141         53.68056979          0.00009391          0.00295107
     3   L1s      -9520.45783483          1.83762449         45.50912320          0.00035705          0.01194130
     4   L0s      -9521.02189715          1.05859211         24.90920804          0.00035705          0.00739129
     5   L1s      -9521.16178311          1.47024779         36.82124012          0.00013868          0.00274004
     6   L1s      -9521.26513996          0.85614747         23.69371563          0.00011705          0.00326145
     7   L1s      -9521.37409817          0.81168710         15.12160523          0.00016055          0.00325081
     8   L1s      -9521.43433612          1.09842420         26.45384910          0.00010725          0.00239571
     9   L1s      -9521.58582315          0.63140341         14.15757870          0.00029189          0.00513960
    10   L1s      -9521.63596772          0.55422217         13.86890336          0.00011581          0.00196929
    11   L1s      -9521.69583862          0.59277909         12.60204206          0.00016359          0.00308352
    12   L1s      -9521.71142194          0.50392309          8.84129224          0.00004760          0.00090434
    13   L1s      -9521.76095514          0.38284207          5.64861956          0.00017097          0.00345240
    14   L1s      -9521.78593725          0.45345846         12.77218383          0.00010103          0.00192891
    15   L1s      -9521.79785027          0.39731699          6.44775888          0.00005269          0.00109470
    16   L1s      -9521.82481567          0.32813741          5.03545444          0.00013139          0.00271674
    17   L1s      -9521.84452329          0.39009261          8.12903045          0.00010766          0.00206460
    18   L1s      -9521.85067224          0.27414503          3.92607831          0.00003594          0.00069818
    19   L1s      -9521.86376146          0.23664191          3.77966689          0.00008572          0.00158437
    20   L1s      -9521.87840000          0.23718867          3.73182086          0.00010814          0.00177070
    21   L1s      -9521.88316035          0.26077168          8.05028109          0.00003874          0.00066116
    22   L1s      -9521.88858132          0.23068328          4.31445792          0.00004722          0.00076736
    23   L1s      -9521.89769143          0.24273761          6.04778010          0.00008557          0.00135184
    24   L1s      -9521.90112830          0.25529120          5.29443333          0.00003427          0.00052973
    25   L1s      -9521.90868845          0.17173025          2.68791017          0.00007912          0.00122557
    26   L0s      -9521.91516668          0.15866971          2.36219740          0.00007912          0.00100857
    27   L1s      -9521.91940954          0.17252121          2.68716709          0.00005603          0.00067961
    28   L1s      -9521.92193253          0.20677659          5.27606402          0.00003399          0.00040200
    29   L1s      -9521.92540874          0.16165855          3.04014860          0.00004878          0.00051905
    30   L0s      -9521.92847317          0.24130805          7.54843745          0.00004878          0.00048079
    31   L0s      -9521.93164417          0.15586013          2.10716106          0.00004878          0.00049304
    32   L1s      -9521.93574305          0.13740282          2.48059906          0.00005707          0.00048948
    33   L1s      -9521.93785659          0.19070136          5.99417829          0.00003242          0.00030187
    34   L0s      -9521.93993597          0.12828893          1.94301336          0.00003242          0.00029220
    35   L1s      -9521.94303181          0.20061455          5.19551541          0.00005110          0.00041652
    36   L1s      -9521.94501096          0.12008720          1.60653677          0.00003384          0.00029936
    37   L1s      -9521.94790977          0.15459948          3.47787470          0.00005330          0.00046126
    38   L1s      -9521.95019336          0.20868150          5.27579321          0.00004366          0.00037932
    39   L1s      -9521.95300081          0.13746725          2.73304378          0.00005478          0.00047156
    40   L1s      -9521.95638505          0.16287170          3.37376069          0.00006897          0.00060063
    41   L1s      -9521.95792282          0.15239874          3.32255989          0.00003226          0.00026231
    42   L1s      -9521.96146754          0.14656503          2.53635263          0.00007672          0.00058958
    43   L1s      -9521.96313929          0.19428673          5.48312371          0.00003735          0.00027722
    44   L1s      -9521.96713129          0.14704552          3.19862233          0.00009072          0.00062734
    45   L0s      -9521.97071305          0.18620040          4.36646737          0.00009072          0.00065352
    46   L1s      -9521.97300862          0.19998027          5.43392973          0.00005717          0.00044092
    47   L1s      -9521.97619530          0.13210130          2.10106280          0.00007549          0.00061882
    48   L1s      -9521.97776222          0.17899467          5.02234868          0.00003834          0.00032075
    49   L1s      -9521.98058318          0.13164181          1.83569405          0.00007021          0.00064223
    50   L1s      -9521.98489470          0.16950630          3.22232581          0.00011053          0.00104691
    51   L1s      -9521.98668989          0.18215961          5.13342070          0.00004681          0.00045382
    52   L1s      -9521.99031943          0.14654861          2.72467143          0.00009602          0.00094830
    53   L1s      -9521.99205093          0.17929216          5.65646589          0.00004681          0.00046580
    54   L1s      -9521.99497038          0.13858286          3.17466336          0.00008003          0.00079760
    55   L1s      -9521.99832822          0.15425930          3.04702310          0.00009412          0.00093171
    56   L1s      -9522.00027245          0.19572969          5.66053328          0.00005546          0.00054537
    57   L1s      -9522.00332355          0.13653429          1.79410199          0.00008795          0.00084706
    58   L1s      -9522.00602466          0.22192154          5.67465359          0.00007947          0.00075824
    59   L1s      -9522.00925416          0.14363037          2.11411652          0.00009575          0.00088984
    60   L1s      -9522.01390163          0.17062876          3.85950977          0.00014025          0.00131755
    61   L1s      -9522.01556790          0.16969395          4.19108479          0.00005090          0.00050042
    62   L1s      -9522.01835877          0.15053767          3.23777536          0.00008629          0.00088489
    63   L1s      -9522.02170472          0.20695296          6.21016786          0.00010501          0.00109408
    64   L1s      -9522.02407996          0.15002947          2.49616594          0.00007511          0.00080006
    65   L1s      -9522.02863518          0.14481667          3.03949354          0.00014615          0.00156846
    66   L1s      -9522.02989228          0.16271670          4.30460608          0.00004093          0.00043904
    67   L1s      -9522.03333626          0.14059968          2.71853568          0.00011342          0.00117971
    68   L1s      -9522.03578677          0.17573373          4.68091042          0.00008195          0.00083099
    69   L1s      -9522.03751580          0.12289738          2.26296955          0.00005837          0.00056047
    70   L1s      -9522.03974385          0.11498743          2.18784386          0.00007664          0.00071613
    71   L1s      -9522.04059365          0.13063912          3.58652260          0.00002984          0.00028553
    72   L1s      -9522.04244032          0.11448392          2.60019161          0.00006585          0.00064974
    73   L1s      -9522.04475772          0.14663971          2.95917826          0.00008425          0.00084572
    74   L1s      -9522.04596239          0.12508898          2.08400246          0.00004430          0.00045432
    75   L1s      -9522.04805442          0.10460945          1.84812808          0.00007811          0.00082057
    76   L1s      -9522.04885240          0.13368702          3.90189605          0.00003043          0.00032354
    77   L1s      -9522.05086951          0.10189395          2.05331282          0.00007794          0.00083672
    78   L1s      -9522.05247872          0.11704935          3.06799828          0.00006351          0.00068221
    79   L1s      -9522.05332021          0.11235552          2.82693317          0.00003370          0.00036104
    80   L1s      -9522.05484321          0.10155233          1.85627441          0.00006199          0.00065686
    81   L1s      -9522.05567373          0.12397158          3.52762380          0.00003444          0.00036155
    82   L1s      -9522.05676869          0.07797952          1.25154299          0.00004597          0.00046805
----------------------------------------------------------------------------------------------------------------

Minimization converged.

-------------------  Conjugate Gradient Minimizer Statistics -------------------
Iterations             =             82  Function Calls         =            159
--------------------------------------------------------------------------------
