
#-----------------------------------------------------------------------------#
#                                                                             #
#                                EasyHybrid                                   #
#                   - A pDynamo graphical user interface -                    #
#                                                                             #
#-----------------------------------------------------------------------------#
#                                                                             #
#     Developed by Jose Fernando R Bachega and Luis Fernando S M Timmers      #
#                            <ferbachega@gmail.com>                           #
#                                                                             #
#             visit: https://sites.google.com/site/EasyHybrid/                #
#                   Univesity of Sao Paulo - SP, Brazil                       #
#      Pontifical Catholic University of Rio Grande do Sul - RS, Brazil       #
#                                                                             #
#                                                                             #
#   EasyHybrid team:                               Special thanks to:         #
#   - Jose Fernando R Bachega           |         - Fernando V Maluf          #
#   - Michele Silva                     |                                     #
#   - Luis Fernando S M Timmers         |                                     #
#   - Martin Field                      |         - Leonardo R Bachega        #
#   - Troy Wymore                       |         - Lucas Assirati            #
#   - Osmar Norberto de Souza           |         - Richard Garratt           #
#   - Walter R Paixao-Cortes            |                                     #
#                                                                             #
#   Cite this work as:                                                        #
#   J.F.R. Bachega, L.F.S.M. Timmers, L.Assirati, L.B. Bachega, M.J. Field,   #
#   T. Wymore. J. Comput. Chem. 2013, 34, 2190-2196. DOI: 10.1002/jcc.23346   #
#                                                                             #
#-----------------------------------------------------------------------------#

Generated on Wed Jun  5 17:22:11 2019


--------------------------------------------------------------------------------
                       Summary for System "Pruned System"
--------------------------------------------------------------------------------

---------------------------- Atom Container Summary ----------------------------
Number of Atoms        =           2173  Number of Heavy Atoms  =           1040
Number of Hydrogens    =           1133  Number of Unknowns     =              0
--------------------------------------------------------------------------------

----------------------------- Connectivity Summary -----------------------------
Atoms                  =           2173
--------------------------------------------------------------------------------

------------------------------- Electronic State -------------------------------
Charge                 =             -1  Multiplicity           =              1
--------------------------------------------------------------------------------

--------------------------------------------------------------------------------
                    Summary for Energy Model "AMBER/AM1/ABFS"
--------------------------------------------------------------------------------

----------------------------------- Summary for MM Model "AMBER" -----------------------------------
LJ 1-4 Scaling                   =          0.500  El. 1-4 Scaling                  =          0.833
Number of MM Atoms               =           2173  Number of MM Atom Types          =             37
Number of Inactive MM Atoms      =             33  Total MM Charge                  =          -4.00
Harmonic Bond Terms              =           2169  Harmonic Bond Parameters         =             49
Harmonic Bond Inactive           =           1308  Fourier Improper Terms           =            320
Fourier Improper Parameters      =              3  Fourier Improper Inactive        =            164
Harmonic Angle Terms             =           3403  Harmonic Angle Parameters        =            103
Harmonic Angle Inactive          =           1938  Fourier Dihedral Terms           =           6697
Fourier Dihedral Parameters      =             48  Fourier Dihedral Inactive        =           3453
Exclusions                       =          10377  1-4 Interactions                 =           4805
LJ Parameters Form               =          AMBER  LJ Parameters Types              =             21
1-4 Lennard-Jones Form           =          AMBER  1-4 Lennard-Jones Types          =             21
----------------------------------------------------------------------------------------------------

-------------------------- Summary for QC Model "AM1" --------------------------
Number of QC Atoms     =             39  Boundary Atoms         =              6
Nuclear Charge         =            129  Orbital Functions      =            108
Fitting Functions      =              0  Energy Base Line       =      188.36370
QC Parameter Centers   =              6
--------------------------------------------------------------------------------

----------------------------- ABFS NB Model Summary ----------------------------
Dielectric             =       1.000000  El. 1-4 Scaling        =       0.833333
Damping Cutoff         =       0.500000  Inner Cutoff           =       8.000000
List Cutoff            =      13.500000  Outer Cutoff           =      12.000000
QC/MM Coupling         =    RC Coupling  Use Centering          =          False
--------------------------------------------------------------------------------

-------------------------- Pairlist Generator Summary --------------------------
Cell Size              =          6.750  Cutoff                 =         13.500
Cutoff Cell Size Factor =          0.500  Grid Cell/Cell Method  =           True
Minimum Cell Extent    =              2  Minimum Cell Size      =          3.000
Minimum Extent Factor  =          1.500  Minimum Points         =            500
Sort Indices           =          False
--------------------------------------------------------------------------------

----------------------- SoftConstraint Container Summary -----------------------
Multiple Distance      =              2
--------------------------------------------------------------------------------

---------------------------- Hard Constraint Container Summary ---------------------------
Number of Charge Constraints  =            0  Number of Fixed Atoms         =         1351
------------------------------------------------------------------------------------------

------------------------------- Sequence Summary -------------------------------
Number of Atoms            =       2173  Number of Components       =        213
Number of Entities         =          1  Number of Linear Polymers  =          0
Number of Links            =          0  Number of Variants         =          0
--------------------------------------------------------------------------------

-------------------------------  Conjugate Gradient Minimizer Options ------------------------------
Beta Type                        =              1  Initial Step                     =            0.1
Line Searcher                    =           None  Log Frequency                    =              1
Maximum Iterations               =           5000  Maximum Theta                    =          1e+10
Minimum Theta                    =          1e-10  RMS Gradient Tolerance           =            0.1
Steepest Descent Tolerance       =          0.001  Use Spectral Theta               =           True
----------------------------------------------------------------------------------------------------

----------------------------------------------------------------------------------------------------------------
  Iteration       Function          RMS Gradient        Max. |Grad.|          RMS Disp.         Max. |Disp.|
----------------------------------------------------------------------------------------------------------------
     0     I      -9524.80070929         39.46208064       1414.62279032          0.00201374          0.07218785
     1   L1s      -9562.77336768          3.48714312         98.65661094          0.00077932          0.02194371
     2   L1s      -9563.21774105          2.18296386         55.22963760          0.00010367          0.00218394
     3   L1s      -9563.63168790          1.11519778         20.93420032          0.00018218          0.00441236
     4   L1s      -9563.95004698          1.04604721         21.71674188          0.00027213          0.00471427
     5   L1s      -9564.06404182          1.47526962         35.31346444          0.00013047          0.00240672
     6   L1s      -9564.19659896          0.88554405         15.82853408          0.00016813          0.00319932
     7   L0s      -9564.30142250          0.70589060         16.75986274          0.00016813          0.00292023
     8   L1s      -9564.32996387          0.68960885         11.84627015          0.00005633          0.00089582
     9   L1s      -9564.40627935          0.57778909         11.13056129          0.00017253          0.00228404
    10   L1s      -9564.45792350          0.67949779         13.31542007          0.00013750          0.00170422
    11   L1s      -9564.48962616          0.74540898         13.05755289          0.00009247          0.00119870
    12   L1s      -9564.53446903          0.43058206          5.89762826          0.00013962          0.00200514
    13   L0s      -9564.57558427          0.58979746         11.73608615          0.00013962          0.00201197
    14   L1s      -9564.59645041          0.45673855         10.67789316          0.00007929          0.00113591
    15   L1s      -9564.62276474          0.37516329          5.37663379          0.00012116          0.00162853
    16   L1s      -9564.65055851          0.55104119         14.91858020          0.00014137          0.00216064
    17   L1s      -9564.66259420          0.31184748          4.80449745          0.00006374          0.00093653
    18   L1s      -9564.68068574          0.34159494          5.48584451          0.00010684          0.00157636
    19   L0s      -9564.69595398          0.47377111         14.31082974          0.00010684          0.00165939
    20   L1s      -9564.70684228          0.29684669          4.62059277          0.00007469          0.00104307
    21   L0s      -9564.71936721          0.26516083          4.35044258          0.00007469          0.00079254
    22   L1s      -9564.72752377          0.38640570         12.78953974          0.00005466          0.00070093
    23   L1s      -9564.73671194          0.23790997          3.15999011          0.00006502          0.00074783
    24   L1s      -9564.74712900          0.35529556         10.58094869          0.00008183          0.00094655
    25   L1s      -9564.75335892          0.22717806          3.77014160          0.00005095          0.00054044
    26   L1s      -9564.76126752          0.21613389          5.26806726          0.00007057          0.00064650
    27   L1s      -9564.76945792          0.29296315          7.32513985          0.00007930          0.00079489
    28   L1s      -9564.77454311          0.26299610          5.93541512          0.00005120          0.00048830
    29   L1s      -9564.78362752          0.22113146          4.31723152          0.00009569          0.00097631
    30   L1s      -9564.78727220          0.26962277          6.92099045          0.00004068          0.00043139
    31   L1s      -9564.79440175          0.20731939          3.44210666          0.00008241          0.00091677
    32   L1s      -9564.80262406          0.22841909          4.35754669          0.00010038          0.00113798
    33   L1s      -9564.80596735          0.22212004          4.83558445          0.00004251          0.00048924
    34   L1s      -9564.81074418          0.16246048          2.76569515          0.00006320          0.00075119
    35   L0s      -9564.81528565          0.20386017          5.31272088          0.00006320          0.00077537
    36   L1s      -9564.81752314          0.18498121          3.59072025          0.00003260          0.00041723
    37   L1s      -9564.82308248          0.17116076          2.63304893          0.00008607          0.00116103
    38   L1s      -9564.82583438          0.22171623          6.28067955          0.00004456          0.00061800
    39   L1s      -9564.82984756          0.16719703          2.21748300          0.00006662          0.00095779
    40   L1s      -9564.83801793          0.21971988          4.61202398          0.00014131          0.00203406
    41   L1s      -9564.84098998          0.22719248          5.54066172          0.00005255          0.00075546
    42   L1s      -9564.84666152          0.22005682          4.26957071          0.00010229          0.00146756
    43   L1s      -9564.85353070          0.31020848          9.90707381          0.00012644          0.00181734
    44   L1s      -9564.85848257          0.18285769          3.25683257          0.00009207          0.00133992
    45   L1s      -9564.86587243          0.19494074          2.68074552          0.00014131          0.00208659
    46   L1s      -9564.87013200          0.26293202          7.85328347          0.00008336          0.00123987
    47   L0s      -9564.87449174          0.17826118          2.09869094          0.00008336          0.00125446
    48   L1s      -9564.88025593          0.25548476          7.94176843          0.00010893          0.00164298
    49   L1s      -9564.88360402          0.19608986          3.39017623          0.00006514          0.00098115
    50   L1s      -9564.88886918          0.15603894          3.07131172          0.00010473          0.00155591
    51   L1s      -9564.89199479          0.21556532          6.05862646          0.00006425          0.00094784
    52   L0s      -9564.89498665          0.17762943          3.72694458          0.00006425          0.00094070
    53   L1s      -9564.90007408          0.16574267          2.72406304          0.00011293          0.00165147
    54   L1s      -9564.90240843          0.20807897          6.69971054          0.00005162          0.00075591
    55   L1s      -9564.90547880          0.13392355          2.12683000          0.00006895          0.00101465
    56   L0s      -9564.90851415          0.18004159          5.16987047          0.00006895          0.00101078
    57   L1s      -9564.91047321          0.15694285          2.95807422          0.00004588          0.00066628
    58   L1s      -9564.91446182          0.14558680          2.20113984          0.00009852          0.00139104
    59   L1s      -9564.91783450          0.19621753          6.12273333          0.00008538          0.00118625
    60   L1s      -9564.91977369          0.15063835          2.98423165          0.00004974          0.00067465
    61   L1s      -9564.92325212          0.15689700          3.25383099          0.00009116          0.00122304
    62   L1s      -9564.92507089          0.17712962          4.81659133          0.00004858          0.00064803
    63   L1s      -9564.92803338          0.12139349          1.63727978          0.00008028          0.00106582
    64   L1s      -9564.93133230          0.14794496          3.88791512          0.00009207          0.00121322
    65   L1s      -9564.93273784          0.16204670          4.06521817          0.00003997          0.00052175
    66   L1s      -9564.93650100          0.14816123          2.22316872          0.00010866          0.00138373
    67   L1s      -9564.93825381          0.16881825          4.74480303          0.00005150          0.00064160
    68   L1s      -9564.94029018          0.12466963          2.14497751          0.00006064          0.00072175
    69   L1s      -9564.94314872          0.12280099          1.89336437          0.00008713          0.00099851
    70   L1s      -9564.94480731          0.16905358          4.99350560          0.00005172          0.00058571
    71   L1s      -9564.94677371          0.11476599          2.02971957          0.00006204          0.00067859
    72   L1s      -9564.94895843          0.15648527          4.28326671          0.00007063          0.00075436
    73   L1s      -9564.95014761          0.11492605          1.77623451          0.00003894          0.00040034
    74   L1s      -9564.95196038          0.10161919          1.96278176          0.00006072          0.00059431
    75   L0s      -9564.95364032          0.14936758          4.04521905          0.00006072          0.00057632
    76   L1s      -9564.95481150          0.11399898          1.79230194          0.00004169          0.00037805
    77   L1s      -9564.95682125          0.10762960          1.75654728          0.00006752          0.00058202
    78   L1s      -9564.95779924          0.13593696          3.90671399          0.00003368          0.00028027
    79   L1s      -9564.95920146          0.08834948          1.30637072          0.00004901          0.00037257
----------------------------------------------------------------------------------------------------------------

Minimization converged.

-------------------  Conjugate Gradient Minimizer Statistics -------------------
Iterations             =             79  Function Calls         =            150
--------------------------------------------------------------------------------
