
#-----------------------------------------------------------------------------#
#                                                                             #
#                                EasyHybrid                                   #
#                   - A pDynamo graphical user interface -                    #
#                                                                             #
#-----------------------------------------------------------------------------#
#                                                                             #
#     Developed by Jose Fernando R Bachega and Luis Fernando S M Timmers      #
#                            <ferbachega@gmail.com>                           #
#                                                                             #
#             visit: https://sites.google.com/site/EasyHybrid/                #
#                   Univesity of Sao Paulo - SP, Brazil                       #
#      Pontifical Catholic University of Rio Grande do Sul - RS, Brazil       #
#                                                                             #
#                                                                             #
#   EasyHybrid team:                               Special thanks to:         #
#   - Jose Fernando R Bachega           |         - Fernando V Maluf          #
#   - Michele Silva                     |                                     #
#   - Luis Fernando S M Timmers         |                                     #
#   - Martin Field                      |         - Leonardo R Bachega        #
#   - Troy Wymore                       |         - Lucas Assirati            #
#   - Osmar Norberto de Souza           |         - Richard Garratt           #
#   - Walter R Paixao-Cortes            |                                     #
#                                                                             #
#   Cite this work as:                                                        #
#   J.F.R. Bachega, L.F.S.M. Timmers, L.Assirati, L.B. Bachega, M.J. Field,   #
#   T. Wymore. J. Comput. Chem. 2013, 34, 2190-2196. DOI: 10.1002/jcc.23346   #
#                                                                             #
#-----------------------------------------------------------------------------#

Generated on Wed Jun  5 17:28:25 2019


--------------------------------------------------------------------------------
                       Summary for System "Pruned System"
--------------------------------------------------------------------------------

---------------------------- Atom Container Summary ----------------------------
Number of Atoms        =           2173  Number of Heavy Atoms  =           1040
Number of Hydrogens    =           1133  Number of Unknowns     =              0
--------------------------------------------------------------------------------

----------------------------- Connectivity Summary -----------------------------
Atoms                  =           2173
--------------------------------------------------------------------------------

------------------------------- Electronic State -------------------------------
Charge                 =             -1  Multiplicity           =              1
--------------------------------------------------------------------------------

--------------------------------------------------------------------------------
                    Summary for Energy Model "AMBER/AM1/ABFS"
--------------------------------------------------------------------------------

----------------------------------- Summary for MM Model "AMBER" -----------------------------------
LJ 1-4 Scaling                   =          0.500  El. 1-4 Scaling                  =          0.833
Number of MM Atoms               =           2173  Number of MM Atom Types          =             37
Number of Inactive MM Atoms      =             33  Total MM Charge                  =          -4.00
Harmonic Bond Terms              =           2169  Harmonic Bond Parameters         =             49
Harmonic Bond Inactive           =           1308  Fourier Improper Terms           =            320
Fourier Improper Parameters      =              3  Fourier Improper Inactive        =            164
Harmonic Angle Terms             =           3403  Harmonic Angle Parameters        =            103
Harmonic Angle Inactive          =           1938  Fourier Dihedral Terms           =           6697
Fourier Dihedral Parameters      =             48  Fourier Dihedral Inactive        =           3453
Exclusions                       =          10377  1-4 Interactions                 =           4805
LJ Parameters Form               =          AMBER  LJ Parameters Types              =             21
1-4 Lennard-Jones Form           =          AMBER  1-4 Lennard-Jones Types          =             21
----------------------------------------------------------------------------------------------------

-------------------------- Summary for QC Model "AM1" --------------------------
Number of QC Atoms     =             39  Boundary Atoms         =              6
Nuclear Charge         =            129  Orbital Functions      =            108
Fitting Functions      =              0  Energy Base Line       =      188.36370
QC Parameter Centers   =              6
--------------------------------------------------------------------------------

----------------------------- ABFS NB Model Summary ----------------------------
Dielectric             =       1.000000  El. 1-4 Scaling        =       0.833333
Damping Cutoff         =       0.500000  Inner Cutoff           =       8.000000
List Cutoff            =      13.500000  Outer Cutoff           =      12.000000
QC/MM Coupling         =    RC Coupling  Use Centering          =          False
--------------------------------------------------------------------------------

-------------------------- Pairlist Generator Summary --------------------------
Cell Size              =          6.750  Cutoff                 =         13.500
Cutoff Cell Size Factor =          0.500  Grid Cell/Cell Method  =           True
Minimum Cell Extent    =              2  Minimum Cell Size      =          3.000
Minimum Extent Factor  =          1.500  Minimum Points         =            500
Sort Indices           =          False
--------------------------------------------------------------------------------

----------------------- SoftConstraint Container Summary -----------------------
Multiple Distance      =              2
--------------------------------------------------------------------------------

---------------------------- Hard Constraint Container Summary ---------------------------
Number of Charge Constraints  =            0  Number of Fixed Atoms         =         1351
------------------------------------------------------------------------------------------

------------------------------- Sequence Summary -------------------------------
Number of Atoms            =       2173  Number of Components       =        213
Number of Entities         =          1  Number of Linear Polymers  =          0
Number of Links            =          0  Number of Variants         =          0
--------------------------------------------------------------------------------

-------------------------------  Conjugate Gradient Minimizer Options ------------------------------
Beta Type                        =              1  Initial Step                     =            0.1
Line Searcher                    =           None  Log Frequency                    =              1
Maximum Iterations               =           5000  Maximum Theta                    =          1e+10
Minimum Theta                    =          1e-10  RMS Gradient Tolerance           =            0.1
Steepest Descent Tolerance       =          0.001  Use Spectral Theta               =           True
----------------------------------------------------------------------------------------------------

----------------------------------------------------------------------------------------------------------------
  Iteration       Function          RMS Gradient        Max. |Grad.|          RMS Disp.         Max. |Disp.|
----------------------------------------------------------------------------------------------------------------
     0     I      -9330.90748335         39.05368668       1471.02117855          0.00201374          0.07585083
     1   L1s      -9367.50410703          3.02791554         84.90923617          0.00075222          0.01978790
     2   L1s      -9368.06692678          3.37647953         88.84140286          0.00015077          0.00535611
     3   L1s      -9369.37757192          1.63195892         46.66208891          0.00047058          0.01214251
     4   L1s      -9369.78310053          1.02461064         23.88175844          0.00024689          0.00462459
     5   L1s      -9369.94061631          1.77885868         43.67303685          0.00015769          0.00307625
     6   L1s      -9370.13647230          1.20287219         27.19059279          0.00021570          0.00469738
     7   L1s      -9370.32340235          0.79491607         18.44065135          0.00024281          0.00405105
     8   L1s      -9370.42227776          1.04446382         28.84873882          0.00016296          0.00282624
     9   L1s      -9370.47216456          0.53674633         10.01621250          0.00009089          0.00126911
    10   L1s      -9370.50371780          0.44967734          9.77140791          0.00007453          0.00110419
    11   L1s      -9370.54502267          0.71056813         21.43502855          0.00012266          0.00203078
    12   L1s      -9370.56693084          0.43879102          7.00633139          0.00006970          0.00118996
    13   L1s      -9370.60278451          0.36037081          6.65219179          0.00013176          0.00249153
    14   L1s      -9370.64862861          0.45769311          7.05293896          0.00019758          0.00404992
    15   L1s      -9370.67236671          0.64396190         15.51251711          0.00011067          0.00214849
    16   L0s      -9370.69557402          0.38171711          5.78108460          0.00011067          0.00226138
    17   L1s      -9370.72455132          0.44320277          9.03162817          0.00014890          0.00317678
    18   L0s      -9370.75285873          0.52534936         15.43977580          0.00014890          0.00299810
    19   L1s      -9370.76780080          0.38525813          6.70451582          0.00008295          0.00179091
    20   L1s      -9370.80156602          0.45175288          7.44741362          0.00021376          0.00463448
    21   L1s      -9370.81643075          0.54488153         15.19198382          0.00009754          0.00211071
    22   L1s      -9370.84510017          0.34792781          5.20388390          0.00019295          0.00424358
    23   L1s      -9370.86402544          0.36473911          6.92605384          0.00013426          0.00307125
    24   L1s      -9370.87331985          0.39640769         10.02463771          0.00006910          0.00156364
    25   L1s      -9370.89252962          0.30046171          4.01461641          0.00014819          0.00327564
    26   L1s      -9370.90681456          0.44805082         10.54361904          0.00011634          0.00266480
    27   L1s      -9370.91813933          0.36072645          5.98283095          0.00009458          0.00212180
    28   L1s      -9370.93296530          0.25163607          3.35874639          0.00012825          0.00291583
    29   L1s      -9370.94320502          0.39496085         10.11114123          0.00009469          0.00218023
    30   L0s      -9370.95331312          0.31296217          4.24080700          0.00009469          0.00215974
    31   L1s      -9370.97242093          0.27035156          3.51908256          0.00018467          0.00424033
    32   L1s      -9370.97946665          0.39169319          8.50252838          0.00007267          0.00168263
    33   L1s      -9370.99287515          0.31031340          4.89119679          0.00014110          0.00324931
    34   L1s      -9371.01391334          0.40696104          8.53639774          0.00022890          0.00530023
    35   L1s      -9371.02440886          0.40259719          8.17348054          0.00011572          0.00262220
    36   L1s      -9371.04569468          0.34629907          7.95006851          0.00023914          0.00549898
    37   L1s      -9371.06173239          0.32898823          6.21967276          0.00018599          0.00414964
    38   L1s      -9371.06932954          0.39056169          8.33655713          0.00008963          0.00206701
    39   L1s      -9371.08739294          0.26675955          4.10407988          0.00021644          0.00503915
    40   L1s      -9371.09738573          0.41680752          9.89489315          0.00012207          0.00275350
    41   L1s      -9371.10837156          0.25097083          3.12437222          0.00013591          0.00309739
    42   L1s      -9371.12085538          0.25731201          4.49903702          0.00015944          0.00348540
    43   L1s      -9371.12687880          0.31138346          7.32257294          0.00007902          0.00179013
    44   L0s      -9371.13322203          0.22806939          3.51724754          0.00007902          0.00173211
    45   L1s      -9371.14469944          0.31478677          6.38650670          0.00014042          0.00293667
    46   L1s      -9371.15112374          0.32093036          7.17879083          0.00008276          0.00178596
    47   L1s      -9371.16351602          0.24720511          3.98923091          0.00016275          0.00341940
    48   L1s      -9371.17115579          0.33040115         10.61338939          0.00010319          0.00217753
    49   L1s      -9371.17650872          0.21013244          3.14571201          0.00007354          0.00152461
    50   L1s      -9371.18475308          0.19293559          1.99623251          0.00011767          0.00234121
    51   L1s      -9371.19120565          0.35423943          8.77522667          0.00009603          0.00196514
    52   L0s      -9371.19816631          0.19622730          2.85031886          0.00009603          0.00187353
    53   L1s      -9371.20539516          0.24832575          5.88791668          0.00008443          0.00158156
    54   L1s      -9371.20931488          0.26286507          6.55006731          0.00004937          0.00091670
    55   L1s      -9371.21647300          0.21819324          4.41077027          0.00009282          0.00168307
    56   L1s      -9371.22179589          0.28934714          7.38246880          0.00007174          0.00128361
    57   L0s      -9371.22675424          0.21659479          3.46541215          0.00007174          0.00123512
    58   L1s      -9371.23492816          0.23896564          7.04710376          0.00012608          0.00218440
    59   L1s      -9371.23747857          0.19658037          3.73432954          0.00003886          0.00066023
    60   L1s      -9371.24504473          0.19824587          3.20740806          0.00011945          0.00194542
    61   L1s      -9371.24951484          0.24338437          5.77879797          0.00007291          0.00123959
    62   L1s      -9371.25276092          0.20451698          3.12722477          0.00005403          0.00087858
    63   L1s      -9371.25983829          0.19716686          3.21701482          0.00012112          0.00185238
    64   L1s      -9371.26287705          0.24046132          7.15253276          0.00005346          0.00086000
    65   L1s      -9371.26832024          0.18240561          3.06970136          0.00009752          0.00150645
    66   L1s      -9371.27242737          0.25204458          7.78396935          0.00007590          0.00115710
    67   L1s      -9371.27587442          0.17879134          3.33062843          0.00006464          0.00098988
    68   L1s      -9371.28253818          0.18333491          2.19679801          0.00012861          0.00191857
    69   L1s      -9371.28515215          0.23494545          5.72103115          0.00005174          0.00080884
    70   L1s      -9371.28983712          0.14791550          1.72203542          0.00009414          0.00148674
    71   L1s      -9371.29389560          0.22509173          7.09708428          0.00008461          0.00128794
    72   L1s      -9371.29657813          0.17159182          3.03318389          0.00005676          0.00088260
    73   L1s      -9371.30013471          0.17030285          3.10765368          0.00007713          0.00121043
    74   L1s      -9371.30257914          0.21624977          6.03406180          0.00005430          0.00083391
    75   L1s      -9371.30664054          0.15234833          3.00098373          0.00009150          0.00143543
    76   L1s      -9371.31115972          0.21117036          5.25135848          0.00010459          0.00160852
    77   L1s      -9371.31325277          0.16729917          3.21940776          0.00004911          0.00075986
    78   L1s      -9371.31721321          0.13608697          1.58275389          0.00009490          0.00151337
    79   L1s      -9371.31956109          0.19648929          5.88268856          0.00005801          0.00091418
    80   L0s      -9371.32187264          0.14920064          2.37547970          0.00005801          0.00089889
    81   L1s      -9371.32515902          0.17381021          4.19933082          0.00008450          0.00134600
    82   L1s      -9371.32699077          0.16947833          3.20673727          0.00004784          0.00073655
    83   L1s      -9371.33049343          0.13683919          1.80680533          0.00009300          0.00145378
    84   L1s      -9371.33324014          0.21481970          6.33789434          0.00007468          0.00115191
    85   L1s      -9371.33552006          0.12310196          1.60792815          0.00006259          0.00097494
    86   L1s      -9371.33914076          0.15224114          3.45239602          0.00010223          0.00167823
    87   L1s      -9371.34070437          0.17419074          4.40499230          0.00004494          0.00070496
    88   L1s      -9371.34385204          0.13593670          2.13450861          0.00009167          0.00143749
    89   L1s      -9371.34592849          0.18235242          4.05771042          0.00006166          0.00101284
    90   L0s      -9371.34803156          0.13210180          2.68000903          0.00006166          0.00099965
    91   L1s      -9371.35091803          0.15377734          3.20356697          0.00008474          0.00141517
    92   L1s      -9371.35255777          0.18210358          5.20973840          0.00004965          0.00083382
    93   L1s      -9371.35635705          0.14548612          2.84199186          0.00011628          0.00196869
    94   L1s      -9371.35973368          0.17834778          3.83818591          0.00010504          0.00184840
    95   L1s      -9371.36138776          0.16359694          2.39058678          0.00005201          0.00090051
    96   L1s      -9371.36550280          0.13732123          1.51663296          0.00013094          0.00222122
    97   L1s      -9371.36769515          0.20327283          6.80650322          0.00007079          0.00125372
    98   L1s      -9371.37042111          0.13846193          1.94971421          0.00008870          0.00152902
    99   L0s      -9371.37304051          0.18186417          5.00318626          0.00008870          0.00149073
   100   L1s      -9371.37483936          0.15413020          2.93618368          0.00006082          0.00103144
   101   L1s      -9371.37812921          0.14005848          1.80219483          0.00010928          0.00181169
   102   L1s      -9371.38060226          0.22381601          6.68134967          0.00008342          0.00139154
   103   L1s      -9371.38355043          0.12408145          1.54164698          0.00010002          0.00162982
   104   L1s      -9371.38749382          0.17210566          3.14661741          0.00013637          0.00212569
   105   L1s      -9371.38894917          0.15756653          3.48946226          0.00005079          0.00079620
   106   L1s      -9371.39306519          0.15031415          2.90735416          0.00014522          0.00226972
   107   L1s      -9371.39582574          0.19693100          5.60780704          0.00009859          0.00146014
   108   L1s      -9371.39792947          0.15229905          2.87191429          0.00007562          0.00112760
   109   L1s      -9371.40178930          0.17041426          2.97759624          0.00014039          0.00211822
   110   L1s      -9371.40343969          0.16508125          3.52190202          0.00006062          0.00086960
   111   L1s      -9371.40718632          0.14145295          2.15213886          0.00013881          0.00197497
   112   L1s      -9371.40935852          0.19778186          6.29570696          0.00008125          0.00114150
   113   L0s      -9371.41165051          0.12643294          1.98837731          0.00008125          0.00111941
   114   L1s      -9371.41518362          0.16887945          4.01861637          0.00011637          0.00162018
   115   L1s      -9371.41668991          0.16454161          3.34260042          0.00005162          0.00069282
   116   L1s      -9371.42039862          0.13523269          2.11327547          0.00012840          0.00166487
   117   L1s      -9371.42290322          0.21530121          5.73374903          0.00008794          0.00114349
   118   L0s      -9371.42548178          0.14639308          2.89890190          0.00008794          0.00110068
   119   L1s      -9371.42892991          0.15530925          2.79079670          0.00011451          0.00144205
   120   L1s      -9371.43045483          0.17275473          3.86510904          0.00005271          0.00064199
   121   L1s      -9371.43330778          0.12666375          1.74509334          0.00009953          0.00121614
   122   L1s      -9371.43552326          0.20516005          6.85341398          0.00007865          0.00092982
   123   L1s      -9371.43808795          0.14884530          2.19717120          0.00009164          0.00104316
   124   L1s      -9371.44135115          0.19550465          5.09718390          0.00011790          0.00137335
   125   L1s      -9371.44311085          0.13517237          2.03203166          0.00006400          0.00071281
   126   L1s      -9371.44618632          0.15971664          3.46304529          0.00011327          0.00126728
   127   L1s      -9371.44778628          0.17512166          4.85483999          0.00005947          0.00066758
   128   L1s      -9371.45090269          0.14095522          3.84259331          0.00011680          0.00131755
   129   L1s      -9371.45362894          0.18914659          5.82435954          0.00010338          0.00117064
   130   L1s      -9371.45526699          0.13426791          2.75661010          0.00006250          0.00071399
   131   L1s      -9371.45839142          0.13410066          2.30595887          0.00012064          0.00139325
   132   L1s      -9371.45971573          0.17411369          4.36158600          0.00005175          0.00060139
   133   L1s      -9371.46278769          0.13314368          2.51135647          0.00012090          0.00141858
   134   L0s      -9371.46553314          0.21507429          4.98892346          0.00012090          0.00142401
   135   L1s      -9371.46746337          0.15663878          2.88516668          0.00008024          0.00094951
   136   L1s      -9371.47059204          0.13946777          2.54285249          0.00010937          0.00130259
   137   L1s      -9371.47176293          0.15427113          3.45550346          0.00004150          0.00049710
   138   L1s      -9371.47419232          0.12391868          2.34782502          0.00008704          0.00105323
   139   L1s      -9371.47603153          0.18936899          6.45484856          0.00006697          0.00081339
   140   L1s      -9371.47813668          0.12029898          2.13749705          0.00007718          0.00094331
   141   L1s      -9371.47992986          0.16121350          3.96032180          0.00006687          0.00081837
   142   L1s      -9371.48119698          0.10605628          1.52695525          0.00004768          0.00058383
   143   L1s      -9371.48303142          0.14283417          4.40599482          0.00007043          0.00086590
   144   L1s      -9371.48401725          0.12180593          2.30308301          0.00003826          0.00047453
   145   L1s      -9371.48662708          0.13002874          2.65104128          0.00010277          0.00128359
   146   L1s      -9371.48774025          0.14828728          4.00962050          0.00004438          0.00055750
   147   L1s      -9371.48950373          0.10962748          2.27252588          0.00007096          0.00090252
   148   L0s      -9371.49140198          0.15003176          4.21807117          0.00007096          0.00090839
   149   L1s      -9371.49260268          0.11359220          2.13007045          0.00004739          0.00061566
   150   L1s      -9371.49545133          0.12302255          2.19039305          0.00013330          0.00175336
   151   L1s      -9371.49681878          0.17024170          4.76143643          0.00006461          0.00085463
   152   L1s      -9371.49897628          0.12181397          2.57354187          0.00010243          0.00136579
   153   L1s      -9371.50135764          0.13818003          2.96909498          0.00011417          0.00152943
   154   L1s      -9371.50259486          0.15973521          3.40597028          0.00005977          0.00080348
   155   L1s      -9371.50565633          0.13153570          2.06643552          0.00014871          0.00201367
   156   L1s      -9371.50825266          0.17597028          3.86290606          0.00012711          0.00173027
   157   L1s      -9371.50966910          0.12964508          1.98874772          0.00006965          0.00095789
   158   L1s      -9371.51277979          0.12861442          1.95212157          0.00015424          0.00214248
   159   L1s      -9371.51419764          0.17525358          4.95988612          0.00007088          0.00098968
   160   L1s      -9371.51677949          0.12480638          1.87661439          0.00012962          0.00182663
   161   L1s      -9371.51905974          0.18721575          5.66181693          0.00011536          0.00163301
   162   L1s      -9371.52104961          0.14174228          2.37687457          0.00010104          0.00144246
   163   L1s      -9371.52393304          0.15352407          3.75846590          0.00014737          0.00212027
   164   L1s      -9371.52531234          0.15699249          3.92132750          0.00007084          0.00102664
   165   L1s      -9371.52834758          0.13257313          1.92811715          0.00015669          0.00228826
   166   L1s      -9371.53081500          0.19938490          6.26525452          0.00012824          0.00187707
   167   L1s      -9371.53288087          0.14455354          2.67286018          0.00010768          0.00158053
   168   L1s      -9371.53692979          0.15630530          2.97676912          0.00021225          0.00312262
   169   L1s      -9371.53883488          0.19941562          5.36657822          0.00010035          0.00147907
   170   L1s      -9371.54213497          0.14454472          3.06156607          0.00017437          0.00258403
   171   L0s      -9371.54518741          0.17019947          3.57915234          0.00017437          0.00259652
   172   L1s      -9371.54672816          0.17514251          3.72372901          0.00008658          0.00129393
   173   L1s      -9371.55050823          0.13753338          2.02804104          0.00019965          0.00299414
   174   L1s      -9371.55317168          0.22133883          6.01276818          0.00014161          0.00212597
   175   L0s      -9371.55573633          0.14609022          2.40790117          0.00014161          0.00213260
   176   L1s      -9371.55994928          0.16399966          2.64418121          0.00024419          0.00369684
   177   L1s      -9371.56171306          0.18964605          3.95722298          0.00009976          0.00151758
   178   L1s      -9371.56540442          0.14729880          3.14354015          0.00020937          0.00321732
   179   L1s      -9371.56849937          0.19600288          5.97064759          0.00017623          0.00272103
   180   L1s      -9371.57045884          0.15221158          3.06639475          0.00011183          0.00173723
   181   L1s      -9371.57423958          0.17280380          3.26825333          0.00021663          0.00336775
   182   L1s      -9371.57604419          0.17997420          3.67641655          0.00010371          0.00161131
   183   L1s      -9371.58033789          0.15681396          2.06270092          0.00024753          0.00383693
   184   L1s      -9371.58349774          0.25392576          8.47757126          0.00018295          0.00283515
   185   L1s      -9371.58750063          0.16573637          2.50286082          0.00023207          0.00360247
   186   L1s      -9371.59229580          0.18646895          3.93422811          0.00027900          0.00434450
   187   L1s      -9371.59452506          0.21015813          5.32042979          0.00013010          0.00203134
   188   L1s      -9371.59912159          0.15973518          3.80537132          0.00026885          0.00421899
   189   L1s      -9371.60316594          0.21335141          4.98958760          0.00023746          0.00373767
   190   L1s      -9371.60551812          0.18684579          3.76077521          0.00013842          0.00218764
   191   L1s      -9371.61045183          0.15738710          2.96625297          0.00029114          0.00462996
   192   L1s      -9371.61388415          0.25542299          6.64420050          0.00020314          0.00323671
   193   L0s      -9371.61755143          0.15863060          2.88915058          0.00020314          0.00324451
   194   L1s      -9371.62212409          0.21522080          4.69725923          0.00022580          0.00360561
   195   L1s      -9371.62514356          0.23579661          5.18681881          0.00015438          0.00246296
   196   L1s      -9371.63065028          0.16706176          2.60934310          0.00028215          0.00449194
   197   L1s      -9371.63367569          0.24701671          7.89081163          0.00015560          0.00247881
   198   L1s      -9371.63785638          0.16524743          2.25587561          0.00021546          0.00345873
   199   L1s      -9371.64155567          0.23958166          6.70341456          0.00019159          0.00309290
   200   L1s      -9371.64457815          0.17267369          2.16746862          0.00015684          0.00256373
   201   L1s      -9371.65016532          0.20998568          4.63959536          0.00029105          0.00478877
   202   L1s      -9371.65261972          0.21623459          6.06480865          0.00012820          0.00211950
   203   L1s      -9371.65888811          0.18556517          3.39991899          0.00032820          0.00543498
   204   L1s      -9371.66306125          0.26717379          8.46511589          0.00021916          0.00363034
   205   L0s      -9371.66682699          0.20899357          3.66020885          0.00021916          0.00363378
   206   L1s      -9371.67463809          0.20788509          3.19454183          0.00048352          0.00803007
   207   L1s      -9371.67891692          0.29479049          8.84699219          0.00023866          0.00396652
   208   L1s      -9371.68468980          0.18075976          2.52728832          0.00032234          0.00536249
   209   L1s      -9371.69124343          0.21643707          4.61527044          0.00036686          0.00610571
   210   L1s      -9371.69405158          0.22734892          6.44544696          0.00015751          0.00262364
   211   L1s      -9371.70010886          0.19257294          3.70937118          0.00034032          0.00569039
   212   L1s      -9371.70490225          0.26592619          7.37118731          0.00026946          0.00451894
   213   L1s      -9371.70900190          0.19938781          3.63811380          0.00023059          0.00388906
   214   L1s      -9371.71507858          0.21437760          3.93486754          0.00034210          0.00578454
   215   L1s      -9371.71819452          0.23986341          6.28720141          0.00017557          0.00297048
   216   L1s      -9371.72369281          0.17107831          2.37334324          0.00031016          0.00522635
   217   L1s      -9371.73009426          0.25938673          6.07985327          0.00036207          0.00609330
   218   L1s      -9371.73309824          0.19286495          2.92996440          0.00017018          0.00286177
   219   L1s      -9371.74035884          0.17918769          2.73900233          0.00041266          0.00699791
   220   L1s      -9371.74451053          0.27856951          7.73005352          0.00023665          0.00403196
   221   L0s      -9371.74877445          0.15987394          2.24391789          0.00023665          0.00409670
   222   L1s      -9371.75485913          0.21324625          3.44506365          0.00031942          0.00555448
   223   L1s      -9371.75755722          0.22250181          5.32661639          0.00014400          0.00250944
   224   L1s      -9371.76281902          0.17785125          3.00033226          0.00028134          0.00489537
   225   L0s      -9371.76821831          0.23838499          6.27713825          0.00028134          0.00488939
   226   L1s      -9371.77119889          0.19940677          3.71805766          0.00015740          0.00273187
   227   L1s      -9371.77762040          0.21390144          2.61970079          0.00035363          0.00613626
   228   L1s      -9371.78227152          0.29200501          8.74159889          0.00025665          0.00446797
   229   L1s      -9371.78832142          0.19440454          2.08556224          0.00033431          0.00585878
   230   L1s      -9371.79509593          0.28905645          9.33296800          0.00037557          0.00658188
   231   L1s      -9371.79888218          0.19361636          2.51483247          0.00021010          0.00367435
   232   L1s      -9371.80665672          0.21077328          3.45059530          0.00043194          0.00757020
   233   L1s      -9371.81084711          0.28427060          8.35091235          0.00023293          0.00409433
   234   L1s      -9371.81648269          0.21122297          4.43412304          0.00031332          0.00555739
   235   L1s      -9371.82337202          0.19933636          2.85757637          0.00038333          0.00686803
   236   L1s      -9371.82699354          0.27956258          6.74449031          0.00020166          0.00362628
   237   L1s      -9371.83341957          0.18970386          2.79690752          0.00035824          0.00645158
   238   L0s      -9371.83976328          0.24361655          7.16434681          0.00035824          0.00644920
   239   L1s      -9371.84280089          0.21172648          4.37258194          0.00017101          0.00307847
   240   L1s      -9371.84975398          0.19807034          3.77081808          0.00038667          0.00699036
   241   L1s      -9371.85258747          0.24061880          5.67853799          0.00015777          0.00286159
   242   L1s      -9371.85893271          0.16500482          2.03691466          0.00035380          0.00645135
   243   L1s      -9371.86382309          0.28265322          9.10318799          0.00027296          0.00497559
   244   L1s      -9371.86768428          0.16983191          2.02443912          0.00021561          0.00391138
   245   L1s      -9371.87343262          0.18418744          2.62504525          0.00032120          0.00580562
   246   L1s      -9371.87659271          0.25284293          7.38753888          0.00017684          0.00319395
   247   L1s      -9371.88125592          0.17806476          3.36435276          0.00026128          0.00473070
   248   L1s      -9371.88764779          0.21462734          3.74945915          0.00035925          0.00651914
   249   L1s      -9371.89093543          0.24731690          5.78521776          0.00018517          0.00336272
   250   L1s      -9371.89594868          0.17160462          2.40768359          0.00028289          0.00512291
   251   L1s      -9371.90151927          0.22778162          6.83824085          0.00031559          0.00569250
   252   L1s      -9371.90412554          0.19127806          3.56801465          0.00014792          0.00267531
   253   L1s      -9371.90992668          0.17834714          3.04883093          0.00033003          0.00597710
   254   L1s      -9371.91214986          0.21263287          4.81349455          0.00012669          0.00229542
   255   L1s      -9371.91765483          0.17054716          2.33495957          0.00031417          0.00569422
   256   L1s      -9371.92215819          0.24826568          7.64702558          0.00025757          0.00467309
   257   L1s      -9371.92533685          0.18999883          3.35464203          0.00018199          0.00331128
   258   L1s      -9371.93076070          0.17949917          4.14036095          0.00031129          0.00569192
   259   L1s      -9371.93516243          0.24850635          7.28154956          0.00025330          0.00464398
   260   L1s      -9371.93824902          0.17810318          2.68093776          0.00017783          0.00327644
   261   L1s      -9371.94401931          0.16417929          2.47368847          0.00033337          0.00617355
   262   L1s      -9371.94710598          0.24998106          6.04684720          0.00017889          0.00332110
   263   L1s      -9371.95116453          0.16287100          3.29570035          0.00023559          0.00440423
   264   L1s      -9371.95686471          0.20721575          5.52892152          0.00033204          0.00623856
   265   L1s      -9371.95923603          0.20117840          4.88298136          0.00013841          0.00261408
   266   L1s      -9371.96566487          0.18192274          3.06501959          0.00037619          0.00713520
   267   L1s      -9371.96832433          0.23766812          6.03771977          0.00015590          0.00296282
   268   L1s      -9371.97414828          0.16800719          2.76693892          0.00034181          0.00650838
   269   L1s      -9371.97849714          0.22194095          5.98776004          0.00025542          0.00486995
   270   L1s      -9371.98119265          0.19919234          4.50312955          0.00015850          0.00302810
   271   L1s      -9371.98647180          0.15622468          2.65415249          0.00031111          0.00596913
   272   L1s      -9371.99018423          0.22173088          6.39298644          0.00021931          0.00421371
   273   L1s      -9371.99271976          0.17729539          2.54255230          0.00015004          0.00288599
   274   L1s      -9371.99824494          0.16429956          3.00919356          0.00032782          0.00629244
   275   L1s      -9372.00201284          0.26094584          6.50989412          0.00022431          0.00430107
   276   L0s      -9372.00571905          0.16064530          2.52729183          0.00022431          0.00429162
   277   L1s      -9372.01148477          0.19939996          5.47250623          0.00035895          0.00686991
   278   L1s      -9372.01346767          0.17196730          3.89094580          0.00012251          0.00234688
   279   L1s      -9372.01862090          0.17672248          2.80362996          0.00031932          0.00611954
   280   L1s      -9372.02129442          0.22299221          6.63442738          0.00016599          0.00318082
   281   L1s      -9372.02503655          0.15960813          3.12612688          0.00023267          0.00445339
   282   L1s      -9372.02967727          0.18118382          3.43254763          0.00028942          0.00553583
   283   L1s      -9372.03220328          0.22108398          6.06810980          0.00015789          0.00301916
   284   L1s      -9372.03638200          0.16769574          3.00633214          0.00026165          0.00500400
   285   L1s      -9372.04179855          0.18417389          3.30942047          0.00034040          0.00650474
   286   L1s      -9372.04408031          0.21836634          4.42449442          0.00014384          0.00274506
   287   L1s      -9372.05006682          0.15803979          2.15701377          0.00037811          0.00716388
   288   L1s      -9372.05326276          0.22735579          7.41888354          0.00020223          0.00381682
   289   L0s      -9372.05621869          0.15896873          2.59978250          0.00020223          0.00379106
   290   L1s      -9372.06054652          0.19072331          4.70924382          0.00031977          0.00597329
   291   L1s      -9372.06259207          0.18266971          4.82676638          0.00014313          0.00266440
   292   L1s      -9372.06694809          0.15910383          2.80406856          0.00030538          0.00565833
   293   L1s      -9372.07084100          0.20435860          6.08697401          0.00027362          0.00504954
   294   L1s      -9372.07319802          0.17338298          3.12866441          0.00016591          0.00304137
   295   L1s      -9372.07713424          0.15672402          3.14960040          0.00027764          0.00503856
   296   L1s      -9372.07912725          0.19831997          5.23772930          0.00014093          0.00254139
   297   L1s      -9372.08310589          0.14761962          1.53308161          0.00028179          0.00502679
   298   L1s      -9372.08795731          0.21018444          5.80967177          0.00034464          0.00611809
   299   L1s      -9372.09000401          0.15749479          2.59385234          0.00014561          0.00256270
   300   L1s      -9372.09430522          0.16243423          3.22098849          0.00030675          0.00534885
   301   L1s      -9372.09610576          0.17974560          3.63638500          0.00012868          0.00222637
   302   L1s      -9372.10003013          0.15403757          2.55646364          0.00028090          0.00480831
   303   L1s      -9372.10339100          0.18669172          3.88693573          0.00024113          0.00410064
   304   L1s      -9372.10546956          0.17768022          3.85795011          0.00014946          0.00252468
   305   L1s      -9372.10922272          0.14099293          1.40755291          0.00027054          0.00452499
   306   L1s      -9372.11191919          0.21706315          6.62344820          0.00019521          0.00324925
   307   L1s      -9372.11491732          0.13286473          1.59931301          0.00021740          0.00356171
   308   L1s      -9372.11864914          0.19969795          6.04160217          0.00027162          0.00441108
   309   L1s      -9372.12057798          0.15229764          2.62119064          0.00014061          0.00224656
   310   L1s      -9372.12427396          0.15316418          2.17413926          0.00026998          0.00424579
   311   L1s      -9372.12729106          0.20719854          6.38380252          0.00022087          0.00344626
   312   L1s      -9372.12974361          0.14138653          2.20282682          0.00017980          0.00276280
   313   L1s      -9372.13272476          0.16110090          4.61132743          0.00021920          0.00333146
   314   L1s      -9372.13430185          0.16102007          3.52264291          0.00011626          0.00174779
   315   L1s      -9372.13767768          0.13859706          1.92543849          0.00024949          0.00369406
   316   L0s      -9372.14096425          0.19017242          5.56698927          0.00024949          0.00366316
   317   L1s      -9372.14265574          0.13911233          1.91504876          0.00012723          0.00183725
   318   L1s      -9372.14620298          0.15880769          3.68264100          0.00025627          0.00365136
   319   L1s      -9372.14772215          0.16219553          3.12055770          0.00011004          0.00154698
   320   L1s      -9372.15159506          0.13498395          1.58232639          0.00028122          0.00386890
   321   L1s      -9372.15463625          0.21616234          5.06099070          0.00022128          0.00301805
   322   L1s      -9372.15703906          0.14412144          2.69014243          0.00017505          0.00234234
   323   L1s      -9372.16062239          0.15760059          2.88507032          0.00026180          0.00345715
   324   L1s      -9372.16251571          0.17346559          4.79901918          0.00013867          0.00181370
   325   L1s      -9372.16506843          0.13992662          2.58146651          0.00018740          0.00242077
   326   L1s      -9372.16812658          0.17460546          4.70696047          0.00022527          0.00288595
   327   L1s      -9372.16961485          0.13838296          3.32222062          0.00010988          0.00138739
   328   L1s      -9372.17319843          0.12694716          1.62187919          0.00026538          0.00326739
   329   L1s      -9372.17523119          0.18955913          5.83539742          0.00015101          0.00183595
   330   L1s      -9372.17751569          0.13415799          1.52536009          0.00017005          0.00202324
   331   L1s      -9372.18068131          0.18298400          4.68365578          0.00023656          0.00283043
   332   L1s      -9372.18242624          0.14419879          2.56882901          0.00013064          0.00157693
   333   L1s      -9372.18547693          0.13227221          2.41945861          0.00022896          0.00277979
   334   L1s      -9372.18779285          0.18052379          4.44114964          0.00017431          0.00211728
   335   L1s      -9372.18958618          0.14178619          1.88210305          0.00013525          0.00163961
   336   L1s      -9372.19329899          0.15026962          2.51577817          0.00028083          0.00339525
   337   L1s      -9372.19502998          0.17356650          4.97761512          0.00013129          0.00158596
   338   L1s      -9372.19768735          0.11627208          1.67344406          0.00020194          0.00245011
   339   L1s      -9372.19987692          0.18198762          5.98102810          0.00016699          0.00203333
   340   L1s      -9372.20157905          0.12348550          1.54057682          0.00013007          0.00159912
   341   L1s      -9372.20477180          0.12657605          2.19438381          0.00024493          0.00303126
   342   L1s      -9372.20624680          0.17375354          5.30030838          0.00011354          0.00140848
   343   L1s      -9372.20892947          0.12129455          1.61056034          0.00020694          0.00256787
   344   L1s      -9372.21092340          0.18169920          5.51217659          0.00015423          0.00191239
   345   L0s      -9372.21294508          0.12695568          2.30723081          0.00015423          0.00190708
   346   L1s      -9372.21526457          0.12597949          2.03730187          0.00017468          0.00215331
   347   L1s      -9372.21723350          0.18764580          4.68452102          0.00015101          0.00185893
   348   L0s      -9372.21927941          0.11046020          1.28740795          0.00015101          0.00185013
   349   L1s      -9372.22173863          0.14573333          4.04980908          0.00016842          0.00206119
   350   L1s      -9372.22283615          0.12436917          2.77218497          0.00007703          0.00094235
   351   L1s      -9372.22551755          0.13695437          2.55836183          0.00018896          0.00231721
   352   L1s      -9372.22698065          0.16843137          4.86918958          0.00010342          0.00127044
   353   L1s      -9372.22949747          0.11729868          2.06529180          0.00017835          0.00219532
   354   L0s      -9372.23190014          0.15479373          3.40364535          0.00017835          0.00218882
   355   L1s      -9372.23312923          0.14002587          2.90480091          0.00008983          0.00109478
   356   L1s      -9372.23529806          0.11000799          1.83963560          0.00015129          0.00180909
   357   L1s      -9372.23717951          0.16140259          5.03594234          0.00013193          0.00156253
   358   L1s      -9372.23855916          0.12122701          1.62948900          0.00009698          0.00113005
   359   L1s      -9372.24094407          0.13524484          2.83379406          0.00016835          0.00194455
   360   L1s      -9372.24202720          0.13637424          2.69045868          0.00007672          0.00088051
   361   L1s      -9372.24452681          0.10047895          1.07409909          0.00017772          0.00203352
   362   L1s      -9372.24576252          0.15839770          5.05004895          0.00008851          0.00101183
   363   L1s      -9372.24734183          0.10183965          1.58623352          0.00011341          0.00129289
   364   L1s      -9372.24961085          0.13366961          2.70219309          0.00016393          0.00186055
   365   L1s      -9372.25082920          0.14488586          3.16008922          0.00008833          0.00099724
   366   L1s      -9372.25252682          0.10598864          2.33629162          0.00012345          0.00137534
   367   L0s      -9372.25418153          0.13836312          3.89631351          0.00012345          0.00136300
   368   L1s      -9372.25512915          0.10508528          1.83564507          0.00007033          0.00076346
   369   L1s      -9372.25722005          0.12408061          2.66347160          0.00015092          0.00161851
   370   L1s      -9372.25818176          0.13577999          3.93169287          0.00006971          0.00074029
   371   L1s      -9372.26043378          0.10442167          1.43990069          0.00016379          0.00171388
   372   L1s      -9372.26226031          0.15110533          4.45442985          0.00013359          0.00138945
   373   L1s      -9372.26330123          0.10540515          1.46012694          0.00007634          0.00078486
   374   L1s      -9372.26551649          0.11032929          2.34155860          0.00016346          0.00166337
   375   L1s      -9372.26675741          0.14764498          3.56861724          0.00009202          0.00093010
   376   L0s      -9372.26809800          0.10047918          2.49051435          0.00009202          0.00091003
   377   L0s      -9372.26969052          0.10085893          2.65972034          0.00009202          0.00088487
   378   L1s      -9372.27034951          0.10591067          2.74694475          0.00004105          0.00038413
   379   L1s      -9372.27193238          0.10497797          1.68872237          0.00010715          0.00096948
   380   L1s      -9372.27296290          0.14390441          3.42583639          0.00007019          0.00062339
   381   L1s      -9372.27460783          0.09876866          1.89075558          0.00011243          0.00096105
----------------------------------------------------------------------------------------------------------------

Minimization converged.

-------------------  Conjugate Gradient Minimizer Statistics -------------------
Iterations             =            381  Function Calls         =            734
--------------------------------------------------------------------------------
