
#-----------------------------------------------------------------------------#
#                                                                             #
#                                EasyHybrid                                   #
#                   - A pDynamo graphical user interface -                    #
#                                                                             #
#-----------------------------------------------------------------------------#
#                                                                             #
#     Developed by Jose Fernando R Bachega and Luis Fernando S M Timmers      #
#                            <ferbachega@gmail.com>                           #
#                                                                             #
#             visit: https://sites.google.com/site/EasyHybrid/                #
#                   Univesity of Sao Paulo - SP, Brazil                       #
#      Pontifical Catholic University of Rio Grande do Sul - RS, Brazil       #
#                                                                             #
#                                                                             #
#   EasyHybrid team:                               Special thanks to:         #
#   - Jose Fernando R Bachega           |         - Fernando V Maluf          #
#   - Michele Silva                     |                                     #
#   - Luis Fernando S M Timmers         |                                     #
#   - Martin Field                      |         - Leonardo R Bachega        #
#   - Troy Wymore                       |         - Lucas Assirati            #
#   - Osmar Norberto de Souza           |         - Richard Garratt           #
#   - Walter R Paixao-Cortes            |                                     #
#                                                                             #
#   Cite this work as:                                                        #
#   J.F.R. Bachega, L.F.S.M. Timmers, L.Assirati, L.B. Bachega, M.J. Field,   #
#   T. Wymore. J. Comput. Chem. 2013, 34, 2190-2196. DOI: 10.1002/jcc.23346   #
#                                                                             #
#-----------------------------------------------------------------------------#

Generated on Wed Jun  5 17:23:39 2019


--------------------------------------------------------------------------------
                       Summary for System "Pruned System"
--------------------------------------------------------------------------------

---------------------------- Atom Container Summary ----------------------------
Number of Atoms        =           2173  Number of Heavy Atoms  =           1040
Number of Hydrogens    =           1133  Number of Unknowns     =              0
--------------------------------------------------------------------------------

----------------------------- Connectivity Summary -----------------------------
Atoms                  =           2173
--------------------------------------------------------------------------------

------------------------------- Electronic State -------------------------------
Charge                 =             -1  Multiplicity           =              1
--------------------------------------------------------------------------------

--------------------------------------------------------------------------------
                    Summary for Energy Model "AMBER/AM1/ABFS"
--------------------------------------------------------------------------------

----------------------------------- Summary for MM Model "AMBER" -----------------------------------
LJ 1-4 Scaling                   =          0.500  El. 1-4 Scaling                  =          0.833
Number of MM Atoms               =           2173  Number of MM Atom Types          =             37
Number of Inactive MM Atoms      =             33  Total MM Charge                  =          -4.00
Harmonic Bond Terms              =           2169  Harmonic Bond Parameters         =             49
Harmonic Bond Inactive           =           1308  Fourier Improper Terms           =            320
Fourier Improper Parameters      =              3  Fourier Improper Inactive        =            164
Harmonic Angle Terms             =           3403  Harmonic Angle Parameters        =            103
Harmonic Angle Inactive          =           1938  Fourier Dihedral Terms           =           6697
Fourier Dihedral Parameters      =             48  Fourier Dihedral Inactive        =           3453
Exclusions                       =          10377  1-4 Interactions                 =           4805
LJ Parameters Form               =          AMBER  LJ Parameters Types              =             21
1-4 Lennard-Jones Form           =          AMBER  1-4 Lennard-Jones Types          =             21
----------------------------------------------------------------------------------------------------

-------------------------- Summary for QC Model "AM1" --------------------------
Number of QC Atoms     =             39  Boundary Atoms         =              6
Nuclear Charge         =            129  Orbital Functions      =            108
Fitting Functions      =              0  Energy Base Line       =      188.36370
QC Parameter Centers   =              6
--------------------------------------------------------------------------------

----------------------------- ABFS NB Model Summary ----------------------------
Dielectric             =       1.000000  El. 1-4 Scaling        =       0.833333
Damping Cutoff         =       0.500000  Inner Cutoff           =       8.000000
List Cutoff            =      13.500000  Outer Cutoff           =      12.000000
QC/MM Coupling         =    RC Coupling  Use Centering          =          False
--------------------------------------------------------------------------------

-------------------------- Pairlist Generator Summary --------------------------
Cell Size              =          6.750  Cutoff                 =         13.500
Cutoff Cell Size Factor =          0.500  Grid Cell/Cell Method  =           True
Minimum Cell Extent    =              2  Minimum Cell Size      =          3.000
Minimum Extent Factor  =          1.500  Minimum Points         =            500
Sort Indices           =          False
--------------------------------------------------------------------------------

----------------------- SoftConstraint Container Summary -----------------------
Multiple Distance      =              2
--------------------------------------------------------------------------------

---------------------------- Hard Constraint Container Summary ---------------------------
Number of Charge Constraints  =            0  Number of Fixed Atoms         =         1351
------------------------------------------------------------------------------------------

------------------------------- Sequence Summary -------------------------------
Number of Atoms            =       2173  Number of Components       =        213
Number of Entities         =          1  Number of Linear Polymers  =          0
Number of Links            =          0  Number of Variants         =          0
--------------------------------------------------------------------------------

-------------------------------  Conjugate Gradient Minimizer Options ------------------------------
Beta Type                        =              1  Initial Step                     =            0.1
Line Searcher                    =           None  Log Frequency                    =              1
Maximum Iterations               =           5000  Maximum Theta                    =          1e+10
Minimum Theta                    =          1e-10  RMS Gradient Tolerance           =            0.1
Steepest Descent Tolerance       =          0.001  Use Spectral Theta               =           True
----------------------------------------------------------------------------------------------------

----------------------------------------------------------------------------------------------------------------
  Iteration       Function          RMS Gradient        Max. |Grad.|          RMS Disp.         Max. |Disp.|
----------------------------------------------------------------------------------------------------------------
     0     I      -9535.55017767         39.30609376       1566.69078273          0.00201374          0.08026512
     1   L1s      -9570.98347485          3.31700509         88.11802463          0.00073409          0.01822831
     2   L1s      -9571.56617882          3.37624695         94.81891443          0.00014265          0.00473577
     3   L1s      -9573.43112741          2.55198287         68.02435388          0.00064068          0.02116809
     4   L1s      -9574.15471937          1.40219774         32.53355789          0.00033326          0.00698198
     5   L1s      -9574.35109738          1.97318984         50.17842747          0.00014264          0.00320843
     6   L1s      -9574.57658308          1.10232378         21.63958033          0.00018811          0.00369930
     7   L1s      -9574.90153425          1.09881706         22.10440893          0.00035805          0.00844333
     8   L1s      -9575.09424264          1.18132331         38.13598818          0.00025624          0.00597744
     9   L1s      -9575.14155747          0.51598418         10.49914451          0.00007086          0.00122029
    10   L1s      -9575.19153225          0.79689957         23.59875608          0.00010807          0.00191269
    11   L1s      -9575.21929685          0.47805933          8.71510393          0.00006635          0.00123216
    12   L1s      -9575.26865440          0.37956491          6.59040342          0.00014463          0.00293122
    13   L1s      -9575.28734242          0.33710925          5.21476845          0.00006772          0.00142789
    14   L1s      -9575.29968186          0.52834398         11.83040319          0.00005365          0.00113611
    15   L1s      -9575.31943932          0.30737893          4.51888673          0.00009111          0.00186421
    16   L1s      -9575.33384029          0.29883585          6.16881698          0.00007661          0.00149205
    17   L1s      -9575.33949024          0.29904123          6.03255790          0.00003375          0.00062700
    18   L1s      -9575.34901482          0.21657806          2.85503707          0.00006249          0.00109516
    19   L1s      -9575.35900163          0.26377225          7.32642137          0.00007543          0.00123348
    20   L1s      -9575.36286005          0.27379116          5.54301293          0.00003146          0.00047602
    21   L1s      -9575.37182369          0.16995167          2.26193926          0.00007776          0.00124160
    22   L0s      -9575.38006145          0.20281391          3.97177200          0.00007776          0.00120969
    23   L1s      -9575.38434622          0.26713303          7.35371677          0.00004473          0.00067782
    24   L1s      -9575.38905055          0.17485666          3.22005356          0.00005240          0.00077001
    25   L0s      -9575.39377060          0.25230949          6.50442698          0.00005240          0.00075880
    26   L0s      -9575.39827937          0.22402918          4.97887306          0.00005240          0.00075048
    27   L1s      -9575.40443630          0.15009935          2.18981841          0.00008164          0.00116225
    28   L1s      -9575.41047366          0.20068484          3.99175483          0.00009326          0.00141683
    29   L1s      -9575.41305616          0.22018484          5.30538163          0.00004122          0.00065641
    30   L1s      -9575.41803600          0.16940420          3.36082977          0.00008160          0.00135022
    31   L1s      -9575.42103549          0.23438317          7.19789637          0.00005115          0.00086254
    32   L1s      -9575.42492158          0.15230268          2.87781078          0.00006766          0.00125007
    33   L0s      -9575.42871531          0.15927204          3.58865655          0.00006766          0.00131089
    34   L1s      -9575.43318112          0.20531095          6.51342000          0.00008317          0.00162644
    35   L1s      -9575.43512071          0.16296764          2.81302634          0.00003731          0.00072991
    36   L1s      -9575.43956612          0.14804204          3.74682118          0.00008828          0.00179905
    37   L1s      -9575.44131927          0.18295093          4.34408877          0.00003601          0.00074225
    38   L1s      -9575.44470416          0.13374325          1.63984787          0.00007116          0.00137486
    39   L0s      -9575.44824001          0.13307933          2.02042842          0.00007116          0.00138982
    40   L1s      -9575.45077252          0.19379477          4.62957359          0.00005351          0.00105559
    41   L1s      -9575.45255722          0.11766558          2.22466032          0.00003989          0.00077777
    42   L1s      -9575.45460669          0.12090675          2.00319584          0.00004792          0.00089739
    43   L1s      -9575.45598730          0.15513588          3.26513546          0.00003357          0.00062190
    44   L1s      -9575.45791778          0.11207388          1.56740771          0.00004803          0.00094360
    45   L1s      -9575.46050765          0.12117549          2.49231124          0.00006710          0.00132212
    46   L1s      -9575.46134058          0.13333513          3.38671445          0.00002229          0.00043452
    47   L1s      -9575.46389739          0.08937743          0.98966575          0.00007017          0.00138340
----------------------------------------------------------------------------------------------------------------

Minimization converged.

-------------------  Conjugate Gradient Minimizer Statistics -------------------
Iterations             =             47  Function Calls         =             90
--------------------------------------------------------------------------------
