
#-----------------------------------------------------------------------------#
#                                                                             #
#                                EasyHybrid                                   #
#                   - A pDynamo graphical user interface -                    #
#                                                                             #
#-----------------------------------------------------------------------------#
#                                                                             #
#     Developed by Jose Fernando R Bachega and Luis Fernando S M Timmers      #
#                            <ferbachega@gmail.com>                           #
#                                                                             #
#             visit: https://sites.google.com/site/EasyHybrid/                #
#                   Univesity of Sao Paulo - SP, Brazil                       #
#      Pontifical Catholic University of Rio Grande do Sul - RS, Brazil       #
#                                                                             #
#                                                                             #
#   EasyHybrid team:                               Special thanks to:         #
#   - Jose Fernando R Bachega           |         - Fernando V Maluf          #
#   - Michele Silva                     |                                     #
#   - Luis Fernando S M Timmers         |                                     #
#   - Martin Field                      |         - Leonardo R Bachega        #
#   - Troy Wymore                       |         - Lucas Assirati            #
#   - Osmar Norberto de Souza           |         - Richard Garratt           #
#   - Walter R Paixao-Cortes            |                                     #
#                                                                             #
#   Cite this work as:                                                        #
#   J.F.R. Bachega, L.F.S.M. Timmers, L.Assirati, L.B. Bachega, M.J. Field,   #
#   T. Wymore. J. Comput. Chem. 2013, 34, 2190-2196. DOI: 10.1002/jcc.23346   #
#                                                                             #
#-----------------------------------------------------------------------------#

Generated on Wed Jun  5 17:27:37 2019


--------------------------------------------------------------------------------
                       Summary for System "Pruned System"
--------------------------------------------------------------------------------

---------------------------- Atom Container Summary ----------------------------
Number of Atoms        =           2173  Number of Heavy Atoms  =           1040
Number of Hydrogens    =           1133  Number of Unknowns     =              0
--------------------------------------------------------------------------------

----------------------------- Connectivity Summary -----------------------------
Atoms                  =           2173
--------------------------------------------------------------------------------

------------------------------- Electronic State -------------------------------
Charge                 =             -1  Multiplicity           =              1
--------------------------------------------------------------------------------

--------------------------------------------------------------------------------
                    Summary for Energy Model "AMBER/AM1/ABFS"
--------------------------------------------------------------------------------

----------------------------------- Summary for MM Model "AMBER" -----------------------------------
LJ 1-4 Scaling                   =          0.500  El. 1-4 Scaling                  =          0.833
Number of MM Atoms               =           2173  Number of MM Atom Types          =             37
Number of Inactive MM Atoms      =             33  Total MM Charge                  =          -4.00
Harmonic Bond Terms              =           2169  Harmonic Bond Parameters         =             49
Harmonic Bond Inactive           =           1308  Fourier Improper Terms           =            320
Fourier Improper Parameters      =              3  Fourier Improper Inactive        =            164
Harmonic Angle Terms             =           3403  Harmonic Angle Parameters        =            103
Harmonic Angle Inactive          =           1938  Fourier Dihedral Terms           =           6697
Fourier Dihedral Parameters      =             48  Fourier Dihedral Inactive        =           3453
Exclusions                       =          10377  1-4 Interactions                 =           4805
LJ Parameters Form               =          AMBER  LJ Parameters Types              =             21
1-4 Lennard-Jones Form           =          AMBER  1-4 Lennard-Jones Types          =             21
----------------------------------------------------------------------------------------------------

-------------------------- Summary for QC Model "AM1" --------------------------
Number of QC Atoms     =             39  Boundary Atoms         =              6
Nuclear Charge         =            129  Orbital Functions      =            108
Fitting Functions      =              0  Energy Base Line       =      188.36370
QC Parameter Centers   =              6
--------------------------------------------------------------------------------

----------------------------- ABFS NB Model Summary ----------------------------
Dielectric             =       1.000000  El. 1-4 Scaling        =       0.833333
Damping Cutoff         =       0.500000  Inner Cutoff           =       8.000000
List Cutoff            =      13.500000  Outer Cutoff           =      12.000000
QC/MM Coupling         =    RC Coupling  Use Centering          =          False
--------------------------------------------------------------------------------

-------------------------- Pairlist Generator Summary --------------------------
Cell Size              =          6.750  Cutoff                 =         13.500
Cutoff Cell Size Factor =          0.500  Grid Cell/Cell Method  =           True
Minimum Cell Extent    =              2  Minimum Cell Size      =          3.000
Minimum Extent Factor  =          1.500  Minimum Points         =            500
Sort Indices           =          False
--------------------------------------------------------------------------------

----------------------- SoftConstraint Container Summary -----------------------
Multiple Distance      =              2
--------------------------------------------------------------------------------

---------------------------- Hard Constraint Container Summary ---------------------------
Number of Charge Constraints  =            0  Number of Fixed Atoms         =         1351
------------------------------------------------------------------------------------------

------------------------------- Sequence Summary -------------------------------
Number of Atoms            =       2173  Number of Components       =        213
Number of Entities         =          1  Number of Linear Polymers  =          0
Number of Links            =          0  Number of Variants         =          0
--------------------------------------------------------------------------------

-------------------------------  Conjugate Gradient Minimizer Options ------------------------------
Beta Type                        =              1  Initial Step                     =            0.1
Line Searcher                    =           None  Log Frequency                    =              1
Maximum Iterations               =           5000  Maximum Theta                    =          1e+10
Minimum Theta                    =          1e-10  RMS Gradient Tolerance           =            0.1
Steepest Descent Tolerance       =          0.001  Use Spectral Theta               =           True
----------------------------------------------------------------------------------------------------

----------------------------------------------------------------------------------------------------------------
  Iteration       Function          RMS Gradient        Max. |Grad.|          RMS Disp.         Max. |Disp.|
----------------------------------------------------------------------------------------------------------------
     0     I      -9379.40681319         39.41916813       1488.04323909          0.00201374          0.07601715
     1   L1s      -9417.83976496          3.09699995         85.85851530          0.00078446          0.02158519
     2   L1s      -9418.24807434          2.45730327         70.50759901          0.00010696          0.00384012
     3   L1s      -9419.22058776          1.56004837         43.73051805          0.00041025          0.01104346
     4   L1s      -9419.57909198          0.89142297         20.42732713          0.00023762          0.00441313
     5   L1s      -9419.68407823          1.46585039         36.56097147          0.00011829          0.00235621
     6   L1s      -9419.82981484          1.01653640         21.99943565          0.00018314          0.00373554
     7   L0s      -9419.95455218          0.71456206         18.93104437          0.00018314          0.00313693
     8   L1s      -9420.06492281          0.67193677         13.13442108          0.00020384          0.00353297
     9   L1s      -9420.09711345          0.63357786         20.41671986          0.00007158          0.00125190
    10   L1s      -9420.12171610          0.43397638          6.83029671          0.00006309          0.00083007
    11   L1s      -9420.15831339          0.68031235         22.90049584          0.00011607          0.00149781
    12   L1s      -9420.17886471          0.35093290          4.58258169          0.00006961          0.00097535
    13   L1s      -9420.20396807          0.28741718          6.18878492          0.00010278          0.00159989
    14   L0s      -9420.22658166          0.32513608          5.98216094          0.00010278          0.00164530
    15   L1s      -9420.23527223          0.41321002         10.68841536          0.00004649          0.00075944
    16   L1s      -9420.25219073          0.27058858          5.15508278          0.00010111          0.00164547
    17   L0s      -9420.26667106          0.37615733          7.90930276          0.00010111          0.00162776
    18   L1s      -9420.27834072          0.38827148          7.91270224          0.00008331          0.00132664
    19   L1s      -9420.28818522          0.22983091          3.71518580          0.00007086          0.00108847
    20   L1s      -9420.30458581          0.33693706          5.82022522          0.00013151          0.00199762
    21   L1s      -9420.31138617          0.35382409          6.79231281          0.00005694          0.00085847
    22   L1s      -9420.32658586          0.23893147          3.36156615          0.00013200          0.00195064
    23   L1s      -9420.33929968          0.25538432          2.88484554          0.00011859          0.00168304
    24   L1s      -9420.34643652          0.31626047          8.60908257          0.00007033          0.00095612
    25   L0s      -9420.35276122          0.24430034          4.76612156          0.00007033          0.00092338
    26   L1s      -9420.36137056          0.27018744          5.05797376          0.00010427          0.00143407
    27   L1s      -9420.36512263          0.21765533          4.81439758          0.00004415          0.00064129
    28   L1s      -9420.37003821          0.17047022          2.23224203          0.00006066          0.00092962
    29   L1s      -9420.37524403          0.24650238          6.68700057          0.00006886          0.00106904
    30   L1s      -9420.37916899          0.20417889          3.69881580          0.00005348          0.00083731
    31   L1s      -9420.38585994          0.15871723          2.07646816          0.00009501          0.00147492
    32   L1s      -9420.38948485          0.21176345          5.94321975          0.00005466          0.00084181
    33   L0s      -9420.39271644          0.20880702          4.47682243          0.00005466          0.00083670
    34   L1s      -9420.39758208          0.19042481          3.06732100          0.00008420          0.00126943
    35   L1s      -9420.40145077          0.25528023          6.80758634          0.00006342          0.00095032
    36   L1s      -9420.40579885          0.18482153          3.01492621          0.00007259          0.00108490
    37   L1s      -9420.41190361          0.22395179          4.21085595          0.00010543          0.00159776
    38   L1s      -9420.41525310          0.21264692          4.92975087          0.00005909          0.00091783
    39   L1s      -9420.42155708          0.18808580          3.12415117          0.00011379          0.00185935
    40   L1s      -9420.42650793          0.21575704          3.49910767          0.00009193          0.00156793
    41   L1s      -9420.43066816          0.25773347          7.33625352          0.00007878          0.00138480
    42   L1s      -9420.43733233          0.18886993          3.02307630          0.00012792          0.00237442
    43   L1s      -9420.44047821          0.23843956          6.36321956          0.00006182          0.00118367
    44   L1s      -9420.44517967          0.18243998          2.45692819          0.00009378          0.00188030
    45   L1s      -9420.45206976          0.25620561          5.68319911          0.00014092          0.00287426
    46   L1s      -9420.45726384          0.26689951          6.76221757          0.00010746          0.00221642
    47   L1s      -9420.46530570          0.23343861          4.42222794          0.00016825          0.00348405
    48   L0s      -9420.47338681          0.23101505          5.96533338          0.00016825          0.00345765
    49   L1s      -9420.47748940          0.26331612          6.27462021          0.00008668          0.00176542
    50   L1s      -9420.48525899          0.23108103          3.34154821          0.00016824          0.00336713
    51   L1s      -9420.49028485          0.30551183          9.76357576          0.00011033          0.00218643
    52   L1s      -9420.49935823          0.24835429          3.36483603          0.00020066          0.00393213
    53   L0s      -9420.50922355          0.26235788          3.63909898          0.00020066          0.00391027
    54   L1s      -9420.51788584          0.33782828          8.36021651          0.00018014          0.00351371
    55   L0s      -9420.52625755          0.23896596          3.19091086          0.00018014          0.00353846
    56   L1s      -9420.53985397          0.27921559          4.22961868          0.00028789          0.00570964
    57   L1s      -9420.54644470          0.35478763          9.77343662          0.00014358          0.00286803
    58   L1s      -9420.55835381          0.30472181          5.54125885          0.00026083          0.00527863
    59   L0s      -9420.57008693          0.36120044         11.40936503          0.00026083          0.00534501
    60   L1s      -9420.57797483          0.29446797          4.79738649          0.00017572          0.00367940
    61   L1s      -9420.59352289          0.30067274          4.30586353          0.00034518          0.00740829
    62   L0s      -9420.60863887          0.33525158          7.28416063          0.00034518          0.00756187
    63   L1s      -9420.61820703          0.40882584         10.47191168          0.00021839          0.00484495
    64   L1s      -9420.63695715          0.31335991          3.64327290          0.00042314          0.00955516
    65   L0s      -9420.65563715          0.54637596         14.81283347          0.00042314          0.00959649
    66   L1s      -9420.67137637          0.35760852          4.55055340          0.00035513          0.00811406
    67   L1s      -9420.69235770          0.38705638          7.49337890          0.00046662          0.01069900
    68   L1s      -9420.70953187          0.45286586         11.61967860          0.00038068          0.00873361
    69   L1s      -9420.72239995          0.32855493          3.97960209          0.00028457          0.00651396
    70   L1s      -9420.74250271          0.29074556          3.93335775          0.00044453          0.01005104
    71   L1s      -9420.75806613          0.43075535         12.55290243          0.00034429          0.00771537
    72   L1s      -9420.76754060          0.28424296          6.16233577          0.00020986          0.00458884
    73   L1s      -9420.77999406          0.36329996          8.36328034          0.00027687          0.00595796
    74   L1s      -9420.78837104          0.33618032          8.74870232          0.00018673          0.00394420
    75   L1s      -9420.80084606          0.26909887          4.33340073          0.00027881          0.00573251
    76   L0s      -9420.81299716          0.24982382          5.25054342          0.00027881          0.00558083
    77   L1s      -9420.81822220          0.29246245          7.62645039          0.00012106          0.00237844
    78   L1s      -9420.82595631          0.19454877          2.41126872          0.00017749          0.00335525
    79   L0s      -9420.83289599          0.29583523          6.46963484          0.00017749          0.00330642
    80   L1s      -9420.83661768          0.21651075          2.54389345          0.00009061          0.00163565
    81   L1s      -9420.84330627          0.18663200          2.66342953          0.00013885          0.00241633
    82   L1s      -9420.84710949          0.24797579          6.86916558          0.00008063          0.00137627
    83   L1s      -9420.85183770          0.18056433          3.11850910          0.00010142          0.00167300
    84   L0s      -9420.85660653          0.19649078          4.24186413          0.00010142          0.00162104
    85   L1s      -9420.85911221          0.20854421          4.48705012          0.00005459          0.00084744
    86   L1s      -9420.86477076          0.19038903          3.09599620          0.00012846          0.00191180
    87   L1s      -9420.87215158          0.19924244          4.94151041          0.00017044          0.00242825
    88   L1s      -9420.87467977          0.19894301          4.83409062          0.00005925          0.00080753
    89   L1s      -9420.87959139          0.16659251          2.38321919          0.00011681          0.00149586
    90   L1s      -9420.88242999          0.22982928          6.38549810          0.00006889          0.00085395
    91   L1s      -9420.88619304          0.16516530          2.80292333          0.00009228          0.00107297
    92   L1s      -9420.89099984          0.15654656          2.02090399          0.00012020          0.00129119
    93   L1s      -9420.89434772          0.20335857          6.04838080          0.00008553          0.00087280
    94   L1s      -9420.89706726          0.18298530          3.46497068          0.00007032          0.00068628
    95   L1s      -9420.90194275          0.18252098          4.42850589          0.00012791          0.00121912
    96   L1s      -9420.90375470          0.16939866          4.39988912          0.00004822          0.00046115
    97   L1s      -9420.90796836          0.12364024          1.28912452          0.00011392          0.00108252
    98   L1s      -9420.91150102          0.16439117          4.03737687          0.00009829          0.00090552
    99   L1s      -9420.91315860          0.15566992          4.09902928          0.00004684          0.00041430
   100   L1s      -9420.91591071          0.15370631          2.80464421          0.00007906          0.00067109
   101   L1s      -9420.91823587          0.18699412          5.52101529          0.00006792          0.00056430
   102   L0s      -9420.92053151          0.13204997          1.65553498          0.00006792          0.00055458
   103   L1s      -9420.92429330          0.12700542          1.20928400          0.00011387          0.00090335
   104   L1s      -9420.92694014          0.19707822          6.35464347          0.00008174          0.00064219
   105   L1s      -9420.92901503          0.12737606          1.33775897          0.00006464          0.00049297
   106   L1s      -9420.93150178          0.16734448          4.82741443          0.00007907          0.00060260
   107   L1s      -9420.93308966          0.13240988          2.36906802          0.00005107          0.00038999
   108   L1s      -9420.93556879          0.12083182          2.54328377          0.00008118          0.00063315
   109   L1s      -9420.93830258          0.13479757          2.73432053          0.00009139          0.00073477
   110   L1s      -9420.93967390          0.15721418          4.04281504          0.00004657          0.00038256
   111   L1s      -9420.94186122          0.11204060          1.52646366          0.00007513          0.00063623
   112   L1s      -9420.94338387          0.15823140          4.46160727          0.00005345          0.00045587
   113   L1s      -9420.94510798          0.10767350          1.31935786          0.00006116          0.00052081
   114   L1s      -9420.94785533          0.12087056          1.41859719          0.00009964          0.00084562
   115   L1s      -9420.94973594          0.17170446          4.60882573          0.00006936          0.00059040
   116   L0s      -9420.95147778          0.13935491          2.10111052          0.00006936          0.00059880
   117   L1s      -9420.95417352          0.15451543          3.08726649          0.00011196          0.00098492
   118   L1s      -9420.95585437          0.14823360          3.48546453          0.00006669          0.00060016
   119   L1s      -9420.95788343          0.10627835          1.39102108          0.00008126          0.00076315
   120   L1s      -9420.96022723          0.12102119          2.08152662          0.00009556          0.00092106
   121   L1s      -9420.96149374          0.14278402          3.57316405          0.00005234          0.00051280
   122   L1s      -9420.96369680          0.11700021          1.78088168          0.00009188          0.00091933
   123   L0s      -9420.96572968          0.13242011          2.78317806          0.00009188          0.00093196
   124   L1s      -9420.96700235          0.14892692          3.32601798          0.00005715          0.00058355
   125   L1s      -9420.96898265          0.12385732          2.15395788          0.00008521          0.00087172
   126   L0s      -9420.97080554          0.16759779          4.76237716          0.00008521          0.00087028
   127   L1s      -9420.97230401          0.10716262          1.06281981          0.00006817          0.00068757
   128   L1s      -9420.97485126          0.09969094          1.27905645          0.00009904          0.00100036
----------------------------------------------------------------------------------------------------------------

Minimization converged.

-------------------  Conjugate Gradient Minimizer Statistics -------------------
Iterations             =            128  Function Calls         =            239
--------------------------------------------------------------------------------
