
#-----------------------------------------------------------------------------#
#                                                                             #
#                                EasyHybrid                                   #
#                   - A pDynamo graphical user interface -                    #
#                                                                             #
#-----------------------------------------------------------------------------#
#                                                                             #
#     Developed by Jose Fernando R Bachega and Luis Fernando S M Timmers      #
#                            <ferbachega@gmail.com>                           #
#                                                                             #
#             visit: https://sites.google.com/site/EasyHybrid/                #
#                   Univesity of Sao Paulo - SP, Brazil                       #
#      Pontifical Catholic University of Rio Grande do Sul - RS, Brazil       #
#                                                                             #
#                                                                             #
#   EasyHybrid team:                               Special thanks to:         #
#   - Jose Fernando R Bachega           |         - Fernando V Maluf          #
#   - Michele Silva                     |                                     #
#   - Luis Fernando S M Timmers         |                                     #
#   - Martin Field                      |         - Leonardo R Bachega        #
#   - Troy Wymore                       |         - Lucas Assirati            #
#   - Osmar Norberto de Souza           |         - Richard Garratt           #
#   - Walter R Paixao-Cortes            |                                     #
#                                                                             #
#   Cite this work as:                                                        #
#   J.F.R. Bachega, L.F.S.M. Timmers, L.Assirati, L.B. Bachega, M.J. Field,   #
#   T. Wymore. J. Comput. Chem. 2013, 34, 2190-2196. DOI: 10.1002/jcc.23346   #
#                                                                             #
#-----------------------------------------------------------------------------#

Generated on Wed Jun  5 17:26:14 2019


--------------------------------------------------------------------------------
                       Summary for System "Pruned System"
--------------------------------------------------------------------------------

---------------------------- Atom Container Summary ----------------------------
Number of Atoms        =           2173  Number of Heavy Atoms  =           1040
Number of Hydrogens    =           1133  Number of Unknowns     =              0
--------------------------------------------------------------------------------

----------------------------- Connectivity Summary -----------------------------
Atoms                  =           2173
--------------------------------------------------------------------------------

------------------------------- Electronic State -------------------------------
Charge                 =             -1  Multiplicity           =              1
--------------------------------------------------------------------------------

--------------------------------------------------------------------------------
                    Summary for Energy Model "AMBER/AM1/ABFS"
--------------------------------------------------------------------------------

----------------------------------- Summary for MM Model "AMBER" -----------------------------------
LJ 1-4 Scaling                   =          0.500  El. 1-4 Scaling                  =          0.833
Number of MM Atoms               =           2173  Number of MM Atom Types          =             37
Number of Inactive MM Atoms      =             33  Total MM Charge                  =          -4.00
Harmonic Bond Terms              =           2169  Harmonic Bond Parameters         =             49
Harmonic Bond Inactive           =           1308  Fourier Improper Terms           =            320
Fourier Improper Parameters      =              3  Fourier Improper Inactive        =            164
Harmonic Angle Terms             =           3403  Harmonic Angle Parameters        =            103
Harmonic Angle Inactive          =           1938  Fourier Dihedral Terms           =           6697
Fourier Dihedral Parameters      =             48  Fourier Dihedral Inactive        =           3453
Exclusions                       =          10377  1-4 Interactions                 =           4805
LJ Parameters Form               =          AMBER  LJ Parameters Types              =             21
1-4 Lennard-Jones Form           =          AMBER  1-4 Lennard-Jones Types          =             21
----------------------------------------------------------------------------------------------------

-------------------------- Summary for QC Model "AM1" --------------------------
Number of QC Atoms     =             39  Boundary Atoms         =              6
Nuclear Charge         =            129  Orbital Functions      =            108
Fitting Functions      =              0  Energy Base Line       =      188.36370
QC Parameter Centers   =              6
--------------------------------------------------------------------------------

----------------------------- ABFS NB Model Summary ----------------------------
Dielectric             =       1.000000  El. 1-4 Scaling        =       0.833333
Damping Cutoff         =       0.500000  Inner Cutoff           =       8.000000
List Cutoff            =      13.500000  Outer Cutoff           =      12.000000
QC/MM Coupling         =    RC Coupling  Use Centering          =          False
--------------------------------------------------------------------------------

-------------------------- Pairlist Generator Summary --------------------------
Cell Size              =          6.750  Cutoff                 =         13.500
Cutoff Cell Size Factor =          0.500  Grid Cell/Cell Method  =           True
Minimum Cell Extent    =              2  Minimum Cell Size      =          3.000
Minimum Extent Factor  =          1.500  Minimum Points         =            500
Sort Indices           =          False
--------------------------------------------------------------------------------

----------------------- SoftConstraint Container Summary -----------------------
Multiple Distance      =              2
--------------------------------------------------------------------------------

---------------------------- Hard Constraint Container Summary ---------------------------
Number of Charge Constraints  =            0  Number of Fixed Atoms         =         1351
------------------------------------------------------------------------------------------

------------------------------- Sequence Summary -------------------------------
Number of Atoms            =       2173  Number of Components       =        213
Number of Entities         =          1  Number of Linear Polymers  =          0
Number of Links            =          0  Number of Variants         =          0
--------------------------------------------------------------------------------

-------------------------------  Conjugate Gradient Minimizer Options ------------------------------
Beta Type                        =              1  Initial Step                     =            0.1
Line Searcher                    =           None  Log Frequency                    =              1
Maximum Iterations               =           5000  Maximum Theta                    =          1e+10
Minimum Theta                    =          1e-10  RMS Gradient Tolerance           =            0.1
Steepest Descent Tolerance       =          0.001  Use Spectral Theta               =           True
----------------------------------------------------------------------------------------------------

----------------------------------------------------------------------------------------------------------------
  Iteration       Function          RMS Gradient        Max. |Grad.|          RMS Disp.         Max. |Disp.|
----------------------------------------------------------------------------------------------------------------
     0     I      -9469.71587387         39.38128275       1524.61904136          0.00201374          0.07796056
     1   L1s      -9507.80172139          2.63602198         63.33568582          0.00078728          0.01888110
     2   L1s      -9508.07772703          1.90547085         50.72606555          0.00008488          0.00244979
     3   L1s      -9508.59504193          1.67198872         41.15091345          0.00027321          0.00933772
     4   L1s      -9509.13749096          0.96112396         23.92085708          0.00038414          0.00910864
     5   L1s      -9509.22330019          1.08035062         27.58215130          0.00009451          0.00184278
     6   L1s      -9509.28113523          0.64026722         17.28457261          0.00007693          0.00183342
     7   L1s      -9509.35512590          0.55022717         11.58575889          0.00013614          0.00305640
     8   L1s      -9509.43564508          0.79917732         18.89444825          0.00019002          0.00440422
     9   L1s      -9509.47068759          0.56719053         13.61650816          0.00009003          0.00192750
    10   L1s      -9509.49479333          0.37552008          7.49658942          0.00007090          0.00117604
    11   L1s      -9509.52577032          0.48157386         13.08725950          0.00011309          0.00191051
    12   L1s      -9509.53588854          0.35667259          5.65062376          0.00004065          0.00069137
    13   L1s      -9509.55957226          0.23934395          3.47070168          0.00010930          0.00172023
    14   L1s      -9509.57317573          0.23003065          3.53138201          0.00007777          0.00111473
    15   L1s      -9509.58294466          0.33052684         11.28713058          0.00006561          0.00094045
    16   L1s      -9509.58863971          0.24800296          5.02775343          0.00004074          0.00047284
    17   L1s      -9509.59673975          0.23208089          4.58359196          0.00006372          0.00076461
    18   L1s      -9509.60079960          0.25362863          6.98671000          0.00003495          0.00044101
    19   L1s      -9509.60628287          0.17540164          2.80389378          0.00005035          0.00063091
    20   L1s      -9509.61257014          0.16275863          2.93382516          0.00006464          0.00072462
    21   L1s      -9509.61733404          0.14441534          2.15760599          0.00005443          0.00076082
    22   L1s      -9509.61991068          0.23613934          5.04482849          0.00003279          0.00047419
    23   L1s      -9509.62409555          0.15460638          2.44976184          0.00005516          0.00073321
    24   L1s      -9509.62903268          0.16280731          2.81801606          0.00007005          0.00089194
    25   L1s      -9509.63111143          0.18992485          4.10305052          0.00003126          0.00038784
    26   L1s      -9509.63508199          0.13608376          3.13274006          0.00006207          0.00070711
    27   L1s      -9509.63783385          0.13179063          2.69217324          0.00004605          0.00053354
    28   L1s      -9509.64140051          0.18830553          3.69814960          0.00006360          0.00073466
    29   L1s      -9509.64305530          0.14237266          2.88715145          0.00003036          0.00033561
    30   L1s      -9509.64704864          0.12494418          1.80907632          0.00007670          0.00080835
    31   L0s      -9509.65071581          0.13997332          3.01998385          0.00007670          0.00081721
    32   L1s      -9509.65194278          0.13881458          3.31823388          0.00002641          0.00028489
    33   L1s      -9509.65401694          0.09244144          1.02069910          0.00004499          0.00049374
----------------------------------------------------------------------------------------------------------------

Minimization converged.

-------------------  Conjugate Gradient Minimizer Statistics -------------------
Iterations             =             33  Function Calls         =             66
--------------------------------------------------------------------------------
