
#-----------------------------------------------------------------------------#
#                                                                             #
#                                EasyHybrid                                   #
#                   - A pDynamo graphical user interface -                    #
#                                                                             #
#-----------------------------------------------------------------------------#
#                                                                             #
#     Developed by Jose Fernando R Bachega and Luis Fernando S M Timmers      #
#                            <ferbachega@gmail.com>                           #
#                                                                             #
#             visit: https://sites.google.com/site/EasyHybrid/                #
#                   Univesity of Sao Paulo - SP, Brazil                       #
#      Pontifical Catholic University of Rio Grande do Sul - RS, Brazil       #
#                                                                             #
#                                                                             #
#   EasyHybrid team:                               Special thanks to:         #
#   - Jose Fernando R Bachega           |         - Fernando V Maluf          #
#   - Michele Silva                     |                                     #
#   - Luis Fernando S M Timmers         |                                     #
#   - Martin Field                      |         - Leonardo R Bachega        #
#   - Troy Wymore                       |         - Lucas Assirati            #
#   - Osmar Norberto de Souza           |         - Richard Garratt           #
#   - Walter R Paixao-Cortes            |                                     #
#                                                                             #
#   Cite this work as:                                                        #
#   J.F.R. Bachega, L.F.S.M. Timmers, L.Assirati, L.B. Bachega, M.J. Field,   #
#   T. Wymore. J. Comput. Chem. 2013, 34, 2190-2196. DOI: 10.1002/jcc.23346   #
#                                                                             #
#-----------------------------------------------------------------------------#

Generated on Wed Jun  5 17:32:04 2019


--------------------------------------------------------------------------------
                       Summary for System "Pruned System"
--------------------------------------------------------------------------------

---------------------------- Atom Container Summary ----------------------------
Number of Atoms        =           2173  Number of Heavy Atoms  =           1040
Number of Hydrogens    =           1133  Number of Unknowns     =              0
--------------------------------------------------------------------------------

----------------------------- Connectivity Summary -----------------------------
Atoms                  =           2173
--------------------------------------------------------------------------------

------------------------------- Electronic State -------------------------------
Charge                 =             -1  Multiplicity           =              1
--------------------------------------------------------------------------------

--------------------------------------------------------------------------------
                    Summary for Energy Model "AMBER/AM1/ABFS"
--------------------------------------------------------------------------------

----------------------------------- Summary for MM Model "AMBER" -----------------------------------
LJ 1-4 Scaling                   =          0.500  El. 1-4 Scaling                  =          0.833
Number of MM Atoms               =           2173  Number of MM Atom Types          =             37
Number of Inactive MM Atoms      =             33  Total MM Charge                  =          -4.00
Harmonic Bond Terms              =           2169  Harmonic Bond Parameters         =             49
Harmonic Bond Inactive           =           1308  Fourier Improper Terms           =            320
Fourier Improper Parameters      =              3  Fourier Improper Inactive        =            164
Harmonic Angle Terms             =           3403  Harmonic Angle Parameters        =            103
Harmonic Angle Inactive          =           1938  Fourier Dihedral Terms           =           6697
Fourier Dihedral Parameters      =             48  Fourier Dihedral Inactive        =           3453
Exclusions                       =          10377  1-4 Interactions                 =           4805
LJ Parameters Form               =          AMBER  LJ Parameters Types              =             21
1-4 Lennard-Jones Form           =          AMBER  1-4 Lennard-Jones Types          =             21
----------------------------------------------------------------------------------------------------

-------------------------- Summary for QC Model "AM1" --------------------------
Number of QC Atoms     =             39  Boundary Atoms         =              6
Nuclear Charge         =            129  Orbital Functions      =            108
Fitting Functions      =              0  Energy Base Line       =      188.36370
QC Parameter Centers   =              6
--------------------------------------------------------------------------------

----------------------------- ABFS NB Model Summary ----------------------------
Dielectric             =       1.000000  El. 1-4 Scaling        =       0.833333
Damping Cutoff         =       0.500000  Inner Cutoff           =       8.000000
List Cutoff            =      13.500000  Outer Cutoff           =      12.000000
QC/MM Coupling         =    RC Coupling  Use Centering          =          False
--------------------------------------------------------------------------------

-------------------------- Pairlist Generator Summary --------------------------
Cell Size              =          6.750  Cutoff                 =         13.500
Cutoff Cell Size Factor =          0.500  Grid Cell/Cell Method  =           True
Minimum Cell Extent    =              2  Minimum Cell Size      =          3.000
Minimum Extent Factor  =          1.500  Minimum Points         =            500
Sort Indices           =          False
--------------------------------------------------------------------------------

----------------------- SoftConstraint Container Summary -----------------------
Multiple Distance      =              2
--------------------------------------------------------------------------------

---------------------------- Hard Constraint Container Summary ---------------------------
Number of Charge Constraints  =            0  Number of Fixed Atoms         =         1351
------------------------------------------------------------------------------------------

------------------------------- Sequence Summary -------------------------------
Number of Atoms            =       2173  Number of Components       =        213
Number of Entities         =          1  Number of Linear Polymers  =          0
Number of Links            =          0  Number of Variants         =          0
--------------------------------------------------------------------------------

-------------------------------  Conjugate Gradient Minimizer Options ------------------------------
Beta Type                        =              1  Initial Step                     =            0.1
Line Searcher                    =           None  Log Frequency                    =              1
Maximum Iterations               =           5000  Maximum Theta                    =          1e+10
Minimum Theta                    =          1e-10  RMS Gradient Tolerance           =            0.1
Steepest Descent Tolerance       =          0.001  Use Spectral Theta               =           True
----------------------------------------------------------------------------------------------------

----------------------------------------------------------------------------------------------------------------
  Iteration       Function          RMS Gradient        Max. |Grad.|          RMS Disp.         Max. |Disp.|
----------------------------------------------------------------------------------------------------------------
     0     I      -9484.45148228         39.09950219       1511.96696702          0.00201374          0.07787078
     1   L1s      -9519.83718756          3.92375205         95.33855166          0.00073693          0.01782013
     2   L1s      -9520.39154924          2.59438270         64.50165483          0.00011518          0.00328073
     3   L1s      -9521.40723540          2.25766094         57.79774005          0.00038300          0.01234614
     4   L0s      -9522.21211279          1.16500976         25.49431617          0.00038300          0.00714532
     5   L1s      -9522.38097645          1.76045442         46.12633640          0.00013814          0.00259885
     6   L1s      -9522.54293880          1.06979404         31.19541879          0.00015445          0.00394727
     7   L1s      -9522.75498470          0.89100634         19.28125647          0.00025789          0.00570412
     8   L1s      -9522.85960527          1.48768204         39.02257528          0.00015880          0.00332405
     9   L1s      -9523.03775568          0.61318809         10.07162174          0.00028713          0.00691507
    10   L1s      -9523.08049228          0.90484923         22.44747919          0.00009024          0.00211322
    11   L1s      -9523.13049382          0.70726357         17.66445785          0.00011470          0.00279063
    12   L1s      -9523.18952253          0.47350218          7.86939100          0.00015148          0.00369115
    13   L0s      -9523.24005595          0.49396728         11.70751004          0.00015148          0.00336427
    14   L1s      -9523.26008651          0.59869530         16.44313070          0.00006905          0.00166230
    15   L1s      -9523.28665718          0.42915033          7.58668457          0.00010001          0.00228169
    16   L1s      -9523.30625433          0.62111756         17.60292595          0.00008257          0.00184667
    17   L1s      -9523.33285975          0.35074315          5.24777841          0.00011737          0.00259641
    18   L0s      -9523.35703409          0.26698901          3.89618777          0.00011737          0.00241651
    19   L1s      -9523.36701017          0.44031969         12.18277568          0.00005676          0.00125066
    20   L0s      -9523.37733357          0.25888261          3.11263685          0.00005676          0.00116514
    21   L1s      -9523.38933578          0.31092875          7.56673460          0.00006681          0.00123373
    22   L1s      -9523.39471703          0.28019704          7.93720821          0.00003414          0.00069728
    23   L1s      -9523.40157650          0.24707378          4.70177634          0.00004784          0.00096204
    24   L1s      -9523.40632145          0.30922959          8.78840049          0.00003657          0.00071802
    25   L1s      -9523.41525702          0.19417580          2.56419271          0.00007275          0.00144029
    26   L1s      -9523.42165709          0.31777573          8.36889907          0.00005858          0.00110203
    27   L1s      -9523.42594035          0.19345725          2.76870591          0.00004069          0.00077641
    28   L1s      -9523.43277167          0.19161344          4.41746251          0.00007095          0.00132746
    29   L1s      -9523.43597640          0.24398469          5.83899570          0.00003593          0.00063739
    30   L1s      -9523.43947753          0.17667434          3.79879985          0.00004094          0.00072767
    31   L1s      -9523.44401185          0.22299238          4.99567712          0.00005694          0.00092767
    32   L1s      -9523.44672445          0.18679775          4.38088975          0.00003546          0.00057719
    33   L1s      -9523.45280096          0.22370652          5.87313940          0.00008373          0.00141622
    34   L1s      -9523.45503296          0.19010814          4.66013888          0.00003179          0.00047543
    35   L1s      -9523.46040033          0.15382265          1.97718400          0.00007980          0.00110845
    36   L1s      -9523.46393432          0.24614116          6.96677796          0.00005572          0.00082527
    37   L1s      -9523.46675820          0.16467876          1.95315053          0.00004549          0.00065270
    38   L1s      -9523.47183541          0.16216159          3.87924371          0.00008553          0.00113953
    39   L1s      -9523.47360621          0.19029039          5.23776223          0.00003111          0.00044221
    40   L1s      -9523.47745625          0.19022252          4.00154367          0.00006960          0.00096767
    41   L1s      -9523.48037051          0.22649960          5.53693078          0.00005414          0.00073057
    42   L1s      -9523.48409740          0.15105685          2.69752314          0.00007051          0.00095318
    43   L1s      -9523.48832429          0.21210257          4.20214049          0.00008316          0.00108389
    44   L1s      -9523.49014089          0.15248998          2.86290459          0.00003641          0.00048703
    45   L1s      -9523.49408984          0.13694324          1.82096906          0.00008189          0.00108498
    46   L1s      -9523.49681181          0.24334619          7.55688591          0.00005872          0.00075489
    47   L1s      -9523.50013173          0.15617733          2.30009153          0.00007249          0.00093737
    48   L1s      -9523.50413871          0.21576335          5.66309789          0.00008988          0.00109645
    49   L1s      -9523.50664757          0.16971488          2.75797412          0.00005706          0.00067914
    50   L1s      -9523.51005179          0.16288076          4.00417454          0.00007912          0.00095282
    51   L1s      -9523.51135294          0.15066135          3.95784010          0.00003094          0.00032541
    52   L1s      -9523.51451572          0.14948281          3.76985297          0.00007712          0.00075705
    53   L1s      -9523.51802149          0.18684004          5.17810960          0.00008755          0.00088011
    54   L1s      -9523.51940013          0.13237625          1.85980069          0.00003494          0.00032589
    55   L1s      -9523.52255803          0.12018412          1.86646208          0.00008232          0.00074410
    56   L1s      -9523.52396771          0.16591619          5.59648834          0.00003796          0.00033634
    57   L1s      -9523.52568890          0.11664337          1.61276825          0.00004711          0.00040402
    58   L0s      -9523.52724507          0.17640391          5.45115105          0.00004711          0.00039750
    59   L0s      -9523.52897390          0.10986257          1.92321583          0.00004711          0.00043064
    60   L1s      -9523.53063687          0.13516904          3.53931974          0.00003492          0.00034194
    61   L1s      -9523.53156685          0.12436476          1.94206389          0.00002097          0.00022048
    62   L1s      -9523.53386238          0.12435776          1.77011579          0.00005389          0.00059674
    63   L1s      -9523.53502416          0.14925558          3.93769415          0.00002831          0.00032273
    64   L1s      -9523.53701089          0.10858913          1.62880870          0.00004960          0.00058632
    65   L1s      -9523.53799145          0.14258576          4.76336721          0.00002555          0.00030598
    66   L1s      -9523.53937914          0.09754184          1.36629162          0.00003701          0.00044646
----------------------------------------------------------------------------------------------------------------

Minimization converged.

-------------------  Conjugate Gradient Minimizer Statistics -------------------
Iterations             =             66  Function Calls         =            127
--------------------------------------------------------------------------------
