
#-----------------------------------------------------------------------------#
#                                                                             #
#                                EasyHybrid                                   #
#                   - A pDynamo graphical user interface -                    #
#                                                                             #
#-----------------------------------------------------------------------------#
#                                                                             #
#     Developed by Jose Fernando R Bachega and Luis Fernando S M Timmers      #
#                            <ferbachega@gmail.com>                           #
#                                                                             #
#             visit: https://sites.google.com/site/EasyHybrid/                #
#                   Univesity of Sao Paulo - SP, Brazil                       #
#      Pontifical Catholic University of Rio Grande do Sul - RS, Brazil       #
#                                                                             #
#                                                                             #
#   EasyHybrid team:                               Special thanks to:         #
#   - Jose Fernando R Bachega           |         - Fernando V Maluf          #
#   - Michele Silva                     |                                     #
#   - Luis Fernando S M Timmers         |                                     #
#   - Martin Field                      |         - Leonardo R Bachega        #
#   - Troy Wymore                       |         - Lucas Assirati            #
#   - Osmar Norberto de Souza           |         - Richard Garratt           #
#   - Walter R Paixao-Cortes            |                                     #
#                                                                             #
#   Cite this work as:                                                        #
#   J.F.R. Bachega, L.F.S.M. Timmers, L.Assirati, L.B. Bachega, M.J. Field,   #
#   T. Wymore. J. Comput. Chem. 2013, 34, 2190-2196. DOI: 10.1002/jcc.23346   #
#                                                                             #
#-----------------------------------------------------------------------------#

Generated on Wed Jun  5 17:25:30 2019


--------------------------------------------------------------------------------
                       Summary for System "Pruned System"
--------------------------------------------------------------------------------

---------------------------- Atom Container Summary ----------------------------
Number of Atoms        =           2173  Number of Heavy Atoms  =           1040
Number of Hydrogens    =           1133  Number of Unknowns     =              0
--------------------------------------------------------------------------------

----------------------------- Connectivity Summary -----------------------------
Atoms                  =           2173
--------------------------------------------------------------------------------

------------------------------- Electronic State -------------------------------
Charge                 =             -1  Multiplicity           =              1
--------------------------------------------------------------------------------

--------------------------------------------------------------------------------
                    Summary for Energy Model "AMBER/AM1/ABFS"
--------------------------------------------------------------------------------

----------------------------------- Summary for MM Model "AMBER" -----------------------------------
LJ 1-4 Scaling                   =          0.500  El. 1-4 Scaling                  =          0.833
Number of MM Atoms               =           2173  Number of MM Atom Types          =             37
Number of Inactive MM Atoms      =             33  Total MM Charge                  =          -4.00
Harmonic Bond Terms              =           2169  Harmonic Bond Parameters         =             49
Harmonic Bond Inactive           =           1308  Fourier Improper Terms           =            320
Fourier Improper Parameters      =              3  Fourier Improper Inactive        =            164
Harmonic Angle Terms             =           3403  Harmonic Angle Parameters        =            103
Harmonic Angle Inactive          =           1938  Fourier Dihedral Terms           =           6697
Fourier Dihedral Parameters      =             48  Fourier Dihedral Inactive        =           3453
Exclusions                       =          10377  1-4 Interactions                 =           4805
LJ Parameters Form               =          AMBER  LJ Parameters Types              =             21
1-4 Lennard-Jones Form           =          AMBER  1-4 Lennard-Jones Types          =             21
----------------------------------------------------------------------------------------------------

-------------------------- Summary for QC Model "AM1" --------------------------
Number of QC Atoms     =             39  Boundary Atoms         =              6
Nuclear Charge         =            129  Orbital Functions      =            108
Fitting Functions      =              0  Energy Base Line       =      188.36370
QC Parameter Centers   =              6
--------------------------------------------------------------------------------

----------------------------- ABFS NB Model Summary ----------------------------
Dielectric             =       1.000000  El. 1-4 Scaling        =       0.833333
Damping Cutoff         =       0.500000  Inner Cutoff           =       8.000000
List Cutoff            =      13.500000  Outer Cutoff           =      12.000000
QC/MM Coupling         =    RC Coupling  Use Centering          =          False
--------------------------------------------------------------------------------

-------------------------- Pairlist Generator Summary --------------------------
Cell Size              =          6.750  Cutoff                 =         13.500
Cutoff Cell Size Factor =          0.500  Grid Cell/Cell Method  =           True
Minimum Cell Extent    =              2  Minimum Cell Size      =          3.000
Minimum Extent Factor  =          1.500  Minimum Points         =            500
Sort Indices           =          False
--------------------------------------------------------------------------------

----------------------- SoftConstraint Container Summary -----------------------
Multiple Distance      =              2
--------------------------------------------------------------------------------

---------------------------- Hard Constraint Container Summary ---------------------------
Number of Charge Constraints  =            0  Number of Fixed Atoms         =         1351
------------------------------------------------------------------------------------------

------------------------------- Sequence Summary -------------------------------
Number of Atoms            =       2173  Number of Components       =        213
Number of Entities         =          1  Number of Linear Polymers  =          0
Number of Links            =          0  Number of Variants         =          0
--------------------------------------------------------------------------------

-------------------------------  Conjugate Gradient Minimizer Options ------------------------------
Beta Type                        =              1  Initial Step                     =            0.1
Line Searcher                    =           None  Log Frequency                    =              1
Maximum Iterations               =           5000  Maximum Theta                    =          1e+10
Minimum Theta                    =          1e-10  RMS Gradient Tolerance           =            0.1
Steepest Descent Tolerance       =          0.001  Use Spectral Theta               =           True
----------------------------------------------------------------------------------------------------

----------------------------------------------------------------------------------------------------------------
  Iteration       Function          RMS Gradient        Max. |Grad.|          RMS Disp.         Max. |Disp.|
----------------------------------------------------------------------------------------------------------------
     0     I      -9508.41788499         39.37834743       1533.92950516          0.00201374          0.07844249
     1   L1s      -9544.81618618          2.79192566         61.35662694          0.00075285          0.01650684
     2   L1s      -9545.17603114          2.34588861         64.87705190          0.00010442          0.00316629
     3   L1s      -9545.81550985          1.97852489         51.96294007          0.00029012          0.01044433
     4   L1s      -9546.54269538          1.14720337         30.61547682          0.00043869          0.01053686
     5   L1s      -9546.67852272          1.32616229         33.82452451          0.00012662          0.00250568
     6   L1s      -9546.75964465          0.82294686         24.27556489          0.00009017          0.00235451
     7   L1s      -9546.90019022          0.74199790         14.37385682          0.00020931          0.00475482
     8   L1s      -9546.98324703          1.18265127         31.46803412          0.00015348          0.00366303
     9   L0s      -9547.06409156          0.51025097         12.03286337          0.00015348          0.00307950
    10   L1s      -9547.09591294          0.45790106         11.99707761          0.00007217          0.00124648
    11   L1s      -9547.13935099          0.65270008         21.13218105          0.00012733          0.00226317
    12   L1s      -9547.15747956          0.41202756          8.28272685          0.00005767          0.00104927
    13   L1s      -9547.18701169          0.39090294          9.06966073          0.00011042          0.00194259
    14   L1s      -9547.19429988          0.33509561          8.71655816          0.00003114          0.00052825
    15   L1s      -9547.21803468          0.30900046          4.88602932          0.00011655          0.00184050
    16   L1s      -9547.23599375          0.31647282          5.89884017          0.00009999          0.00152742
    17   L1s      -9547.24285081          0.31737507          7.24749973          0.00004203          0.00064240
    18   L1s      -9547.25117424          0.24043762          5.53500086          0.00005527          0.00088201
    19   L1s      -9547.26203484          0.26689955          5.14682970          0.00008088          0.00130651
    20   L1s      -9547.26692402          0.31186518          9.44877272          0.00003933          0.00062590
    21   L1s      -9547.27684288          0.19815084          2.48732116          0.00008387          0.00127815
    22   L1s      -9547.28334735          0.24130512          5.81148613          0.00006115          0.00100667
    23   L1s      -9547.28697057          0.24251777          4.40502642          0.00003616          0.00064034
    24   L1s      -9547.29845920          0.21287997          3.34080774          0.00012098          0.00196189
    25   L1s      -9547.30698709          0.22443815          3.61925182          0.00009553          0.00150987
    26   L1s      -9547.31158081          0.29997168          8.71609967          0.00005405          0.00084126
    27   L1s      -9547.31964292          0.20857954          4.08581185          0.00009734          0.00138220
    28   L1s      -9547.32508290          0.26966787          8.32811641          0.00006901          0.00088942
    29   L1s      -9547.32962156          0.25275416          5.00414430          0.00005918          0.00075407
    30   L1s      -9547.33959285          0.19957745          2.46561251          0.00013392          0.00155587
    31   L0s      -9547.34960136          0.26280334          5.70513274          0.00013392          0.00146870
    32   L1s      -9547.35385055          0.24788097          4.59096185          0.00005962          0.00061842
    33   L1s      -9547.36264317          0.18637096          2.44871007          0.00013343          0.00133937
    34   L1s      -9547.37024115          0.21990545          3.93419237          0.00012004          0.00120633
    35   L1s      -9547.37311835          0.23244017          5.53417739          0.00004668          0.00046917
    36   L1s      -9547.37955616          0.18031966          3.72250904          0.00010682          0.00111436
    37   L1s      -9547.38435380          0.21830609          4.60300813          0.00008247          0.00088561
    38   L1s      -9547.38760058          0.22146203          4.82192709          0.00005710          0.00062232
    39   L1s      -9547.39379252          0.17602102          2.54483557          0.00011124          0.00120582
    40   L1s      -9547.40108483          0.15860774          2.12522233          0.00013528          0.00141924
    41   L1s      -9547.40444109          0.24455564          8.18800300          0.00006455          0.00066479
    42   L0s      -9547.40798961          0.15297525          1.91344432          0.00006455          0.00061314
    43   L1s      -9547.41309396          0.24202997          5.66085695          0.00008694          0.00079325
    44   L1s      -9547.41634889          0.20079612          4.01841768          0.00005775          0.00051754
    45   L1s      -9547.42209937          0.16929204          3.08964781          0.00010466          0.00098935
    46   L1s      -9547.42705476          0.25046056          7.55611231          0.00009331          0.00092055
    47   L1s      -9547.43019353          0.18400723          3.54822427          0.00005996          0.00063412
    48   L1s      -9547.43507343          0.19319956          3.60474067          0.00009567          0.00106404
    49   L1s      -9547.43861562          0.25149012          7.55857156          0.00007104          0.00080943
    50   L1s      -9547.44330364          0.16645190          2.37489487          0.00009522          0.00112917
    51   L1s      -9547.45018216          0.19097614          4.92610193          0.00014373          0.00172745
    52   L1s      -9547.45230850          0.20000731          5.59249384          0.00004533          0.00054918
    53   L1s      -9547.45752364          0.15770397          2.13215760          0.00011318          0.00136976
    54   L1s      -9547.46015979          0.22807066          6.85025881          0.00005883          0.00070970
    55   L1s      -9547.46401367          0.15043521          2.66084911          0.00008709          0.00103500
    56   L1s      -9547.46910565          0.19793292          4.22387043          0.00011832          0.00138698
    57   L1s      -9547.47280993          0.24519575          7.29556086          0.00008739          0.00101307
    58   L0s      -9547.47659100          0.16042327          3.15748496          0.00008739          0.00097979
    59   L1s      -9547.48130090          0.22774411          7.14853782          0.00010719          0.00118144
    60   L1s      -9547.48373258          0.15566406          2.69237048          0.00005677          0.00061559
    61   L1s      -9547.48762667          0.14780937          2.71168756          0.00009314          0.00104637
    62   L1s      -9547.49094153          0.22870406          7.37898799          0.00008136          0.00092046
    63   L1s      -9547.49366958          0.14063074          2.09348159          0.00006766          0.00077013
    64   L1s      -9547.49750594          0.19135565          5.23403343          0.00009768          0.00110908
    65   L1s      -9547.49934131          0.15916057          3.43420401          0.00004737          0.00053308
    66   L1s      -9547.50368800          0.16390011          4.77107524          0.00011434          0.00124985
    67   L1s      -9547.50706677          0.17885890          4.79479611          0.00009041          0.00095115
    68   L1s      -9547.50868271          0.14111114          2.89418831          0.00004387          0.00044239
    69   L1s      -9547.51152071          0.11461896          2.40008915          0.00007874          0.00082067
    70   L1s      -9547.51241241          0.13912688          4.23631170          0.00002553          0.00027198
    71   L1s      -9547.51517355          0.12041820          1.50118776          0.00008067          0.00088495
    72   L1s      -9547.51816396          0.18503070          5.38264547          0.00008968          0.00099457
    73   L1s      -9547.51987027          0.13578761          2.38787678          0.00005171          0.00058405
    74   L1s      -9547.52269271          0.14370650          2.71851086          0.00008718          0.00099641
    75   L1s      -9547.52456803          0.18804479          5.39358524          0.00005889          0.00067630
    76   L1s      -9547.52711409          0.12187677          2.57010092          0.00008071          0.00093129
    77   L0s      -9547.52959537          0.12795039          2.26598920          0.00008071          0.00092990
    78   L1s      -9547.53062415          0.13241187          3.16148071          0.00003407          0.00039129
    79   L1s      -9547.53255960          0.10607189          1.33671041          0.00006496          0.00073832
    80   L0s      -9547.53432461          0.18093313          6.50474451          0.00006496          0.00073515
    81   L1s      -9547.53576685          0.10006517          1.51559171          0.00005117          0.00056216
    82   L0s      -9547.53751956          0.11828903          2.64830920          0.00005117          0.00054948
    83   L1s      -9547.53834485          0.11667013          3.03286703          0.00002483          0.00026075
    84   L1s      -9547.54008580          0.10943328          2.82514274          0.00005432          0.00055625
    85   L1s      -9547.54123637          0.14301095          4.64824429          0.00003690          0.00037271
    86   L1s      -9547.54258386          0.10422654          2.52457065          0.00004388          0.00043328
    87   L1s      -9547.54461430          0.11472045          2.64869722          0.00006800          0.00066187
    88   L1s      -9547.54545352          0.12782333          3.16543164          0.00002873          0.00027694
    89   L1s      -9547.54727906          0.09754735          1.41310364          0.00006355          0.00060562
----------------------------------------------------------------------------------------------------------------

Minimization converged.

-------------------  Conjugate Gradient Minimizer Statistics -------------------
Iterations             =             89  Function Calls         =            172
--------------------------------------------------------------------------------
