
#-----------------------------------------------------------------------------#
#                                                                             #
#                                EasyHybrid                                   #
#                   - A pDynamo graphical user interface -                    #
#                                                                             #
#-----------------------------------------------------------------------------#
#                                                                             #
#     Developed by Jose Fernando R Bachega and Luis Fernando S M Timmers      #
#                            <ferbachega@gmail.com>                           #
#                                                                             #
#             visit: https://sites.google.com/site/EasyHybrid/                #
#                   Univesity of Sao Paulo - SP, Brazil                       #
#      Pontifical Catholic University of Rio Grande do Sul - RS, Brazil       #
#                                                                             #
#                                                                             #
#   EasyHybrid team:                               Special thanks to:         #
#   - Jose Fernando R Bachega           |         - Fernando V Maluf          #
#   - Michele Silva                     |                                     #
#   - Luis Fernando S M Timmers         |                                     #
#   - Martin Field                      |         - Leonardo R Bachega        #
#   - Troy Wymore                       |         - Lucas Assirati            #
#   - Osmar Norberto de Souza           |         - Richard Garratt           #
#   - Walter R Paixao-Cortes            |                                     #
#                                                                             #
#   Cite this work as:                                                        #
#   J.F.R. Bachega, L.F.S.M. Timmers, L.Assirati, L.B. Bachega, M.J. Field,   #
#   T. Wymore. J. Comput. Chem. 2013, 34, 2190-2196. DOI: 10.1002/jcc.23346   #
#                                                                             #
#-----------------------------------------------------------------------------#

Generated on Wed Jun  5 17:27:10 2019


--------------------------------------------------------------------------------
                       Summary for System "Pruned System"
--------------------------------------------------------------------------------

---------------------------- Atom Container Summary ----------------------------
Number of Atoms        =           2173  Number of Heavy Atoms  =           1040
Number of Hydrogens    =           1133  Number of Unknowns     =              0
--------------------------------------------------------------------------------

----------------------------- Connectivity Summary -----------------------------
Atoms                  =           2173
--------------------------------------------------------------------------------

------------------------------- Electronic State -------------------------------
Charge                 =             -1  Multiplicity           =              1
--------------------------------------------------------------------------------

--------------------------------------------------------------------------------
                    Summary for Energy Model "AMBER/AM1/ABFS"
--------------------------------------------------------------------------------

----------------------------------- Summary for MM Model "AMBER" -----------------------------------
LJ 1-4 Scaling                   =          0.500  El. 1-4 Scaling                  =          0.833
Number of MM Atoms               =           2173  Number of MM Atom Types          =             37
Number of Inactive MM Atoms      =             33  Total MM Charge                  =          -4.00
Harmonic Bond Terms              =           2169  Harmonic Bond Parameters         =             49
Harmonic Bond Inactive           =           1308  Fourier Improper Terms           =            320
Fourier Improper Parameters      =              3  Fourier Improper Inactive        =            164
Harmonic Angle Terms             =           3403  Harmonic Angle Parameters        =            103
Harmonic Angle Inactive          =           1938  Fourier Dihedral Terms           =           6697
Fourier Dihedral Parameters      =             48  Fourier Dihedral Inactive        =           3453
Exclusions                       =          10377  1-4 Interactions                 =           4805
LJ Parameters Form               =          AMBER  LJ Parameters Types              =             21
1-4 Lennard-Jones Form           =          AMBER  1-4 Lennard-Jones Types          =             21
----------------------------------------------------------------------------------------------------

-------------------------- Summary for QC Model "AM1" --------------------------
Number of QC Atoms     =             39  Boundary Atoms         =              6
Nuclear Charge         =            129  Orbital Functions      =            108
Fitting Functions      =              0  Energy Base Line       =      188.36370
QC Parameter Centers   =              6
--------------------------------------------------------------------------------

----------------------------- ABFS NB Model Summary ----------------------------
Dielectric             =       1.000000  El. 1-4 Scaling        =       0.833333
Damping Cutoff         =       0.500000  Inner Cutoff           =       8.000000
List Cutoff            =      13.500000  Outer Cutoff           =      12.000000
QC/MM Coupling         =    RC Coupling  Use Centering          =          False
--------------------------------------------------------------------------------

-------------------------- Pairlist Generator Summary --------------------------
Cell Size              =          6.750  Cutoff                 =         13.500
Cutoff Cell Size Factor =          0.500  Grid Cell/Cell Method  =           True
Minimum Cell Extent    =              2  Minimum Cell Size      =          3.000
Minimum Extent Factor  =          1.500  Minimum Points         =            500
Sort Indices           =          False
--------------------------------------------------------------------------------

----------------------- SoftConstraint Container Summary -----------------------
Multiple Distance      =              2
--------------------------------------------------------------------------------

---------------------------- Hard Constraint Container Summary ---------------------------
Number of Charge Constraints  =            0  Number of Fixed Atoms         =         1351
------------------------------------------------------------------------------------------

------------------------------- Sequence Summary -------------------------------
Number of Atoms            =       2173  Number of Components       =        213
Number of Entities         =          1  Number of Linear Polymers  =          0
Number of Links            =          0  Number of Variants         =          0
--------------------------------------------------------------------------------

-------------------------------  Conjugate Gradient Minimizer Options ------------------------------
Beta Type                        =              1  Initial Step                     =            0.1
Line Searcher                    =           None  Log Frequency                    =              1
Maximum Iterations               =           5000  Maximum Theta                    =          1e+10
Minimum Theta                    =          1e-10  RMS Gradient Tolerance           =            0.1
Steepest Descent Tolerance       =          0.001  Use Spectral Theta               =           True
----------------------------------------------------------------------------------------------------

----------------------------------------------------------------------------------------------------------------
  Iteration       Function          RMS Gradient        Max. |Grad.|          RMS Disp.         Max. |Disp.|
----------------------------------------------------------------------------------------------------------------
     0     I      -9396.29609849         39.47061802       1502.47277424          0.00201374          0.07665423
     1   L1s      -9435.48108486          2.97560467         86.16311985          0.00080237          0.02312207
     2   L1s      -9435.79444869          1.84388397         54.21070255          0.00008544          0.00293065
     3   L1s      -9436.35139582          1.35198433         38.84638627          0.00028937          0.00729080
     4   L1s      -9436.65392075          0.70869402         15.56246102          0.00023698          0.00450106
     5   L1s      -9436.71401738          1.11235790         31.21479067          0.00008332          0.00161944
     6   L1s      -9436.79621561          0.62709730         13.02780687          0.00012891          0.00229581
     7   L1s      -9436.84503495          0.50395328         12.25918873          0.00009984          0.00153216
     8   L1s      -9436.89872873          0.41859490          5.44190691          0.00013987          0.00203804
     9   L1s      -9436.91771198          0.45889395         13.44205227          0.00006164          0.00088751
    10   L1s      -9436.93027277          0.38750824          6.41106746          0.00004642          0.00071126
    11   L1s      -9436.95693421          0.43519886         12.99136762          0.00011329          0.00216947
    12   L1s      -9436.96599224          0.33165511          6.55684887          0.00004203          0.00065744
    13   L1s      -9436.98141906          0.21867344          3.93599785          0.00008088          0.00133647
    14   L0s      -9436.99441815          0.22584529          4.13329915          0.00008088          0.00139379
    15   L0s      -9437.00641871          0.29548270          7.25248757          0.00008088          0.00139071
    16   L1s      -9437.01133350          0.26023514          4.27224326          0.00003742          0.00064297
    17   L1s      -9437.02185794          0.26217977          5.55180052          0.00009386          0.00156186
    18   L0s      -9437.03248082          0.17020140          1.97931357          0.00009386          0.00136471
    19   L1s      -9437.03721153          0.27782866          7.43996936          0.00004459          0.00063021
    20   L0s      -9437.04139822          0.19274822          3.45557731          0.00004459          0.00062306
    21   L1s      -9437.04997970          0.19051045          2.42544518          0.00010251          0.00145008
    22   L1s      -9437.05434991          0.27442683          6.78756243          0.00005364          0.00075350
    23   L1s      -9437.05930118          0.19229052          2.95128392          0.00006251          0.00082476
    24   L1s      -9437.06460088          0.18870940          4.04687317          0.00007057          0.00082345
    25   L1s      -9437.06737591          0.21264451          5.58406879          0.00003882          0.00042242
    26   L1s      -9437.07195338          0.15604015          2.21169351          0.00006637          0.00073492
    27   L1s      -9437.07483707          0.16532940          3.91362649          0.00004443          0.00052632
    28   L1s      -9437.07629631          0.13531579          2.17198472          0.00002359          0.00029920
    29   L1s      -9437.07934477          0.12138899          1.36713377          0.00005257          0.00068790
    30   L1s      -9437.08273029          0.21073978          5.64372654          0.00006262          0.00081868
    31   L1s      -9437.08482217          0.13054551          1.40169417          0.00003952          0.00050780
    32   L1s      -9437.08838300          0.12387234          1.64424491          0.00007082          0.00086205
    33   L1s      -9437.09044850          0.17862394          5.06784282          0.00004325          0.00050753
    34   L0s      -9437.09244264          0.14466155          2.39458472          0.00004325          0.00049391
    35   L1s      -9437.09545281          0.12760548          1.38958388          0.00006779          0.00079336
    36   L1s      -9437.09782242          0.18097227          5.24266571          0.00005475          0.00064381
    37   L1s      -9437.09971977          0.13303870          1.94004243          0.00004466          0.00052479
    38   L1s      -9437.10326794          0.15849335          3.62683608          0.00008628          0.00099843
    39   L1s      -9437.10460581          0.13657342          3.85939779          0.00003325          0.00037480
    40   L1s      -9437.10807124          0.13135890          2.05490999          0.00008852          0.00097341
    41   L1s      -9437.11053740          0.19448387          4.00390032          0.00006480          0.00073121
    42   L1s      -9437.11263879          0.12316942          1.40433312          0.00005590          0.00066735
    43   L0s      -9437.11481686          0.11024632          1.66519461          0.00005590          0.00071041
    44   L1s      -9437.11745555          0.18169285          4.12348028          0.00006964          0.00090845
    45   L1s      -9437.11923039          0.14424032          2.08664159          0.00004855          0.00065790
    46   L1s      -9437.12313296          0.13310207          1.64043543          0.00010901          0.00149565
    47   L1s      -9437.12602743          0.15330571          4.50657877          0.00008277          0.00110778
    48   L1s      -9437.12722738          0.12790372          1.99148176          0.00003490          0.00044196
    49   L1s      -9437.12976379          0.10935025          1.76751661          0.00007551          0.00084670
    50   L1s      -9437.13116132          0.16386936          5.22909504          0.00004287          0.00045538
    51   L1s      -9437.13360247          0.11851301          1.74551683          0.00007586          0.00074220
    52   L1s      -9437.13575944          0.13874560          2.68291022          0.00006864          0.00065391
    53   L1s      -9437.13706335          0.14455089          3.91025064          0.00004219          0.00040988
    54   L1s      -9437.13913273          0.10568707          1.57477247          0.00006795          0.00068414
    55   L1s      -9437.14155108          0.11724960          1.54030520          0.00008158          0.00083450
    56   L1s      -9437.14280275          0.15974419          4.20879456          0.00004310          0.00044225
    57   L1s      -9437.14504940          0.10682547          1.10758511          0.00007821          0.00079027
    58   L1s      -9437.14784875          0.10928284          1.31574545          0.00009978          0.00096598
    59   L1s      -9437.14885760          0.14390827          3.14496409          0.00003673          0.00034524
    60   L1s      -9437.15079179          0.09772513          1.26748352          0.00007126          0.00065355
----------------------------------------------------------------------------------------------------------------

Minimization converged.

-------------------  Conjugate Gradient Minimizer Statistics -------------------
Iterations             =             60  Function Calls         =            115
--------------------------------------------------------------------------------
