
#-----------------------------------------------------------------------------#
#                                                                             #
#                                EasyHybrid                                   #
#                   - A pDynamo graphical user interface -                    #
#                                                                             #
#-----------------------------------------------------------------------------#
#                                                                             #
#     Developed by Jose Fernando R Bachega and Luis Fernando S M Timmers      #
#                            <ferbachega@gmail.com>                           #
#                                                                             #
#             visit: https://sites.google.com/site/EasyHybrid/                #
#                   Univesity of Sao Paulo - SP, Brazil                       #
#      Pontifical Catholic University of Rio Grande do Sul - RS, Brazil       #
#                                                                             #
#                                                                             #
#   EasyHybrid team:                               Special thanks to:         #
#   - Jose Fernando R Bachega           |         - Fernando V Maluf          #
#   - Michele Silva                     |                                     #
#   - Luis Fernando S M Timmers         |                                     #
#   - Martin Field                      |         - Leonardo R Bachega        #
#   - Troy Wymore                       |         - Lucas Assirati            #
#   - Osmar Norberto de Souza           |         - Richard Garratt           #
#   - Walter R Paixao-Cortes            |                                     #
#                                                                             #
#   Cite this work as:                                                        #
#   J.F.R. Bachega, L.F.S.M. Timmers, L.Assirati, L.B. Bachega, M.J. Field,   #
#   T. Wymore. J. Comput. Chem. 2013, 34, 2190-2196. DOI: 10.1002/jcc.23346   #
#                                                                             #
#-----------------------------------------------------------------------------#

Generated on Wed Jun  5 17:28:19 2019


--------------------------------------------------------------------------------
                       Summary for System "Pruned System"
--------------------------------------------------------------------------------

---------------------------- Atom Container Summary ----------------------------
Number of Atoms        =           2173  Number of Heavy Atoms  =           1040
Number of Hydrogens    =           1133  Number of Unknowns     =              0
--------------------------------------------------------------------------------

----------------------------- Connectivity Summary -----------------------------
Atoms                  =           2173
--------------------------------------------------------------------------------

------------------------------- Electronic State -------------------------------
Charge                 =             -1  Multiplicity           =              1
--------------------------------------------------------------------------------

--------------------------------------------------------------------------------
                    Summary for Energy Model "AMBER/AM1/ABFS"
--------------------------------------------------------------------------------

----------------------------------- Summary for MM Model "AMBER" -----------------------------------
LJ 1-4 Scaling                   =          0.500  El. 1-4 Scaling                  =          0.833
Number of MM Atoms               =           2173  Number of MM Atom Types          =             37
Number of Inactive MM Atoms      =             33  Total MM Charge                  =          -4.00
Harmonic Bond Terms              =           2169  Harmonic Bond Parameters         =             49
Harmonic Bond Inactive           =           1308  Fourier Improper Terms           =            320
Fourier Improper Parameters      =              3  Fourier Improper Inactive        =            164
Harmonic Angle Terms             =           3403  Harmonic Angle Parameters        =            103
Harmonic Angle Inactive          =           1938  Fourier Dihedral Terms           =           6697
Fourier Dihedral Parameters      =             48  Fourier Dihedral Inactive        =           3453
Exclusions                       =          10377  1-4 Interactions                 =           4805
LJ Parameters Form               =          AMBER  LJ Parameters Types              =             21
1-4 Lennard-Jones Form           =          AMBER  1-4 Lennard-Jones Types          =             21
----------------------------------------------------------------------------------------------------

-------------------------- Summary for QC Model "AM1" --------------------------
Number of QC Atoms     =             39  Boundary Atoms         =              6
Nuclear Charge         =            129  Orbital Functions      =            108
Fitting Functions      =              0  Energy Base Line       =      188.36370
QC Parameter Centers   =              6
--------------------------------------------------------------------------------

----------------------------- ABFS NB Model Summary ----------------------------
Dielectric             =       1.000000  El. 1-4 Scaling        =       0.833333
Damping Cutoff         =       0.500000  Inner Cutoff           =       8.000000
List Cutoff            =      13.500000  Outer Cutoff           =      12.000000
QC/MM Coupling         =    RC Coupling  Use Centering          =          False
--------------------------------------------------------------------------------

-------------------------- Pairlist Generator Summary --------------------------
Cell Size              =          6.750  Cutoff                 =         13.500
Cutoff Cell Size Factor =          0.500  Grid Cell/Cell Method  =           True
Minimum Cell Extent    =              2  Minimum Cell Size      =          3.000
Minimum Extent Factor  =          1.500  Minimum Points         =            500
Sort Indices           =          False
--------------------------------------------------------------------------------

----------------------- SoftConstraint Container Summary -----------------------
Multiple Distance      =              2
--------------------------------------------------------------------------------

---------------------------- Hard Constraint Container Summary ---------------------------
Number of Charge Constraints  =            0  Number of Fixed Atoms         =         1351
------------------------------------------------------------------------------------------

------------------------------- Sequence Summary -------------------------------
Number of Atoms            =       2173  Number of Components       =        213
Number of Entities         =          1  Number of Linear Polymers  =          0
Number of Links            =          0  Number of Variants         =          0
--------------------------------------------------------------------------------

-------------------------------  Conjugate Gradient Minimizer Options ------------------------------
Beta Type                        =              1  Initial Step                     =            0.1
Line Searcher                    =           None  Log Frequency                    =              1
Maximum Iterations               =           5000  Maximum Theta                    =          1e+10
Minimum Theta                    =          1e-10  RMS Gradient Tolerance           =            0.1
Steepest Descent Tolerance       =          0.001  Use Spectral Theta               =           True
----------------------------------------------------------------------------------------------------

----------------------------------------------------------------------------------------------------------------
  Iteration       Function          RMS Gradient        Max. |Grad.|          RMS Disp.         Max. |Disp.|
----------------------------------------------------------------------------------------------------------------
     0     I      -9353.57416022         39.34769287       1482.70949488          0.00201374          0.07588226
     1   L1s      -9391.45430728          3.24526262         91.63772314          0.00077347          0.02165592
     2   L1s      -9391.91178894          2.67890719         77.20651598          0.00011438          0.00414249
     3   L1s      -9393.06795430          1.59844582         44.27230888          0.00045404          0.01176404
     4   L1s      -9393.44124209          0.97106089         21.14185604          0.00023699          0.00441619
     5   L1s      -9393.56397241          1.60735176         40.84393126          0.00012898          0.00258234
     6   L1s      -9393.73863462          1.12149996         21.79597576          0.00020386          0.00432554
     7   L1s      -9393.90552600          0.78824996         19.22615532          0.00023042          0.00402815
     8   L0s      -9394.02943216          0.74633741         16.14804934          0.00023042          0.00361453
     9   L1s      -9394.07321738          0.62829836         13.39314005          0.00009269          0.00122944
    10   L1s      -9394.09109835          0.46670108          6.26934265          0.00004155          0.00055488
    11   L1s      -9394.14388735          0.42970903          7.17356500          0.00015323          0.00226195
    12   L1s      -9394.16553996          0.56324777         16.68450998          0.00007495          0.00116134
    13   L0s      -9394.18382145          0.41213792          8.32505737          0.00007495          0.00126726
    14   L1s      -9394.20470104          0.48071313         10.21906915          0.00009875          0.00171863
    15   L1s      -9394.22174427          0.49914528         11.56367759          0.00008228          0.00145627
    16   L1s      -9394.24506345          0.37498670          7.39745937          0.00011877          0.00210166
    17   L0s      -9394.26560505          0.44078625         10.40747733          0.00011877          0.00209440
    18   L1s      -9394.27722508          0.41658597         10.30148011          0.00006940          0.00120625
    19   L1s      -9394.30378582          0.41807062          8.15905464          0.00016004          0.00274349
    20   L1s      -9394.31480562          0.40235115         10.40335364          0.00006982          0.00118247
    21   L1s      -9394.33016641          0.37723327          5.99022830          0.00010212          0.00170585
    22   L1s      -9394.35687665          0.39939389          7.11846154          0.00018656          0.00307233
    23   L1s      -9394.36844626          0.40861257         12.11441626          0.00008417          0.00136362
    24   L1s      -9394.38178751          0.31055487          5.40760610          0.00010064          0.00158094
    25   L0s      -9394.39340858          0.41630003         13.06525222          0.00010064          0.00155262
    26   L1s      -9394.40158295          0.27469150          3.77347245          0.00006981          0.00099536
    27   L1s      -9394.41464237          0.24311226          3.31796082          0.00010074          0.00128365
    28   L1s      -9394.42486041          0.26838484          4.62159230          0.00008593          0.00103028
    29   L1s      -9394.43106825          0.28451846          6.87012895          0.00005545          0.00065422
    30   L0s      -9394.43652667          0.20370605          2.48543842          0.00005545          0.00060732
    31   L1s      -9394.44549893          0.23379567          4.00594008          0.00010286          0.00118477
    32   L1s      -9394.45096800          0.26612316          7.78804773          0.00006306          0.00070544
    33   L1s      -9394.45545242          0.18176464          2.79531798          0.00005347          0.00056858
    34   L1s      -9394.46017071          0.24401385          4.64366583          0.00006007          0.00067629
    35   L1s      -9394.46424883          0.24650698          6.94538513          0.00005364          0.00059690
    36   L1s      -9394.47116965          0.20769443          2.35117634          0.00009384          0.00098053
    37   L0s      -9394.47820575          0.26051402          4.68991481          0.00009384          0.00100056
    38   L1s      -9394.48285714          0.21563474          4.45655779          0.00006510          0.00066609
    39   L1s      -9394.48910232          0.19234174          2.76732125          0.00009757          0.00095173
    40   L1s      -9394.49385690          0.22074034          4.71351653          0.00007685          0.00081676
    41   L1s      -9394.49770549          0.21474419          4.11489737          0.00006381          0.00060673
    42   L1s      -9394.50238427          0.15728501          2.20130605          0.00007955          0.00080724
    43   L0s      -9394.50689618          0.21933948          5.66074022          0.00007955          0.00076275
    44   L1s      -9394.50983636          0.15214338          2.53451729          0.00005316          0.00055971
    45   L1s      -9394.51229794          0.14654261          2.63113572          0.00004714          0.00053422
    46   L1s      -9394.51592032          0.20020638          5.52092637          0.00007221          0.00083470
    47   L1s      -9394.51813607          0.15481203          2.51260258          0.00004507          0.00052896
    48   L1s      -9394.52169519          0.20055223          4.92067620          0.00007477          0.00087360
    49   L1s      -9394.52409409          0.16019357          3.88507615          0.00005133          0.00058960
    50   L1s      -9394.52683135          0.13570187          2.19969632          0.00006018          0.00066883
    51   L1s      -9394.52910213          0.14680170          3.14418981          0.00005174          0.00055868
    52   L1s      -9394.53066833          0.13936765          2.74125291          0.00003671          0.00038535
    53   L1s      -9394.53334553          0.12744910          1.80789032          0.00006466          0.00066572
    54   L0s      -9394.53569654          0.17770294          4.30879015          0.00006466          0.00068534
    55   L1s      -9394.53741712          0.12946785          2.14505790          0.00004572          0.00051017
    56   L1s      -9394.53970597          0.12104495          2.19659567          0.00005299          0.00061347
    57   L1s      -9394.54159565          0.15576570          3.51816694          0.00004554          0.00053350
    58   L1s      -9394.54297423          0.12726256          2.19510610          0.00003399          0.00040073
    59   L1s      -9394.54517715          0.11991826          1.82126812          0.00005611          0.00069576
    60   L1s      -9394.54640741          0.14195257          3.69122852          0.00003242          0.00041631
    61   L1s      -9394.54822965          0.09999046          1.42542351          0.00004914          0.00066846
----------------------------------------------------------------------------------------------------------------

Minimization converged.

-------------------  Conjugate Gradient Minimizer Statistics -------------------
Iterations             =             61  Function Calls         =            115
--------------------------------------------------------------------------------
