
#-----------------------------------------------------------------------------#
#                                                                             #
#                                EasyHybrid                                   #
#                   - A pDynamo graphical user interface -                    #
#                                                                             #
#-----------------------------------------------------------------------------#
#                                                                             #
#     Developed by Jose Fernando R Bachega and Luis Fernando S M Timmers      #
#                            <ferbachega@gmail.com>                           #
#                                                                             #
#             visit: https://sites.google.com/site/EasyHybrid/                #
#                   Univesity of Sao Paulo - SP, Brazil                       #
#      Pontifical Catholic University of Rio Grande do Sul - RS, Brazil       #
#                                                                             #
#                                                                             #
#   EasyHybrid team:                               Special thanks to:         #
#   - Jose Fernando R Bachega           |         - Fernando V Maluf          #
#   - Michele Silva                     |                                     #
#   - Luis Fernando S M Timmers         |                                     #
#   - Martin Field                      |         - Leonardo R Bachega        #
#   - Troy Wymore                       |         - Lucas Assirati            #
#   - Osmar Norberto de Souza           |         - Richard Garratt           #
#   - Walter R Paixao-Cortes            |                                     #
#                                                                             #
#   Cite this work as:                                                        #
#   J.F.R. Bachega, L.F.S.M. Timmers, L.Assirati, L.B. Bachega, M.J. Field,   #
#   T. Wymore. J. Comput. Chem. 2013, 34, 2190-2196. DOI: 10.1002/jcc.23346   #
#                                                                             #
#-----------------------------------------------------------------------------#

Generated on Wed Jun  5 17:29:30 2019


--------------------------------------------------------------------------------
                       Summary for System "Pruned System"
--------------------------------------------------------------------------------

---------------------------- Atom Container Summary ----------------------------
Number of Atoms        =           2173  Number of Heavy Atoms  =           1040
Number of Hydrogens    =           1133  Number of Unknowns     =              0
--------------------------------------------------------------------------------

----------------------------- Connectivity Summary -----------------------------
Atoms                  =           2173
--------------------------------------------------------------------------------

------------------------------- Electronic State -------------------------------
Charge                 =             -1  Multiplicity           =              1
--------------------------------------------------------------------------------

--------------------------------------------------------------------------------
                    Summary for Energy Model "AMBER/AM1/ABFS"
--------------------------------------------------------------------------------

----------------------------------- Summary for MM Model "AMBER" -----------------------------------
LJ 1-4 Scaling                   =          0.500  El. 1-4 Scaling                  =          0.833
Number of MM Atoms               =           2173  Number of MM Atom Types          =             37
Number of Inactive MM Atoms      =             33  Total MM Charge                  =          -4.00
Harmonic Bond Terms              =           2169  Harmonic Bond Parameters         =             49
Harmonic Bond Inactive           =           1308  Fourier Improper Terms           =            320
Fourier Improper Parameters      =              3  Fourier Improper Inactive        =            164
Harmonic Angle Terms             =           3403  Harmonic Angle Parameters        =            103
Harmonic Angle Inactive          =           1938  Fourier Dihedral Terms           =           6697
Fourier Dihedral Parameters      =             48  Fourier Dihedral Inactive        =           3453
Exclusions                       =          10377  1-4 Interactions                 =           4805
LJ Parameters Form               =          AMBER  LJ Parameters Types              =             21
1-4 Lennard-Jones Form           =          AMBER  1-4 Lennard-Jones Types          =             21
----------------------------------------------------------------------------------------------------

-------------------------- Summary for QC Model "AM1" --------------------------
Number of QC Atoms     =             39  Boundary Atoms         =              6
Nuclear Charge         =            129  Orbital Functions      =            108
Fitting Functions      =              0  Energy Base Line       =      188.36370
QC Parameter Centers   =              6
--------------------------------------------------------------------------------

----------------------------- ABFS NB Model Summary ----------------------------
Dielectric             =       1.000000  El. 1-4 Scaling        =       0.833333
Damping Cutoff         =       0.500000  Inner Cutoff           =       8.000000
List Cutoff            =      13.500000  Outer Cutoff           =      12.000000
QC/MM Coupling         =    RC Coupling  Use Centering          =          False
--------------------------------------------------------------------------------

-------------------------- Pairlist Generator Summary --------------------------
Cell Size              =          6.750  Cutoff                 =         13.500
Cutoff Cell Size Factor =          0.500  Grid Cell/Cell Method  =           True
Minimum Cell Extent    =              2  Minimum Cell Size      =          3.000
Minimum Extent Factor  =          1.500  Minimum Points         =            500
Sort Indices           =          False
--------------------------------------------------------------------------------

----------------------- SoftConstraint Container Summary -----------------------
Multiple Distance      =              2
--------------------------------------------------------------------------------

---------------------------- Hard Constraint Container Summary ---------------------------
Number of Charge Constraints  =            0  Number of Fixed Atoms         =         1351
------------------------------------------------------------------------------------------

------------------------------- Sequence Summary -------------------------------
Number of Atoms            =       2173  Number of Components       =        213
Number of Entities         =          1  Number of Linear Polymers  =          0
Number of Links            =          0  Number of Variants         =          0
--------------------------------------------------------------------------------

-------------------------------  Conjugate Gradient Minimizer Options ------------------------------
Beta Type                        =              1  Initial Step                     =            0.1
Line Searcher                    =           None  Log Frequency                    =              1
Maximum Iterations               =           5000  Maximum Theta                    =          1e+10
Minimum Theta                    =          1e-10  RMS Gradient Tolerance           =            0.1
Steepest Descent Tolerance       =          0.001  Use Spectral Theta               =           True
----------------------------------------------------------------------------------------------------

----------------------------------------------------------------------------------------------------------------
  Iteration       Function          RMS Gradient        Max. |Grad.|          RMS Disp.         Max. |Disp.|
----------------------------------------------------------------------------------------------------------------
     0     I      -9495.01059923         38.51864037       1450.81418119          0.00201374          0.07584803
     1   L1s      -9531.68578365          2.41876447         63.72351404          0.00076561          0.01915594
     2   L1s      -9532.21748940          3.36821508        101.11459476          0.00017861          0.00537884
     3   L1s      -9533.09189359          1.56095772         41.39209061          0.00036000          0.00882336
     4   L1s      -9533.52539237          1.06474121         27.51915932          0.00028648          0.00667085
     5   L1s      -9533.70078574          1.69286120         50.25739937          0.00017707          0.00472997
     6   L1s      -9533.87917868          1.19919718         27.86482408          0.00019972          0.00519863
     7   L1s      -9534.08259142          0.90275009         17.61660127          0.00026673          0.00716992
     8   L1s      -9534.15183188          1.11586529         34.50101786          0.00010960          0.00304400
     9   L1s      -9534.23449751          0.55892440          8.17091717          0.00014397          0.00424547
    10   L0s      -9534.29819294          0.59992581         15.16570837          0.00014397          0.00417954
    11   L1s      -9534.34727588          0.69226841         16.71151653          0.00012904          0.00394826
    12   L1s      -9534.38022118          0.71535380         18.76135220          0.00009491          0.00270173
    13   L1s      -9534.45247468          0.48962817          7.25407715          0.00022372          0.00604178
    14   L0s      -9534.51446170          0.95977746         32.44933971          0.00022372          0.00595473
    15   L1s      -9534.55947252          0.68517509         12.67903178          0.00016367          0.00421513
    16   L1s      -9534.64197071          0.58995128          8.69401028          0.00030233          0.00781145
    17   L1s      -9534.70492673          0.71812396         13.67200000          0.00024554          0.00623918
    18   L1s      -9534.73787183          0.69209635         14.34948788          0.00013400          0.00375021
    19   L1s      -9534.78781326          0.52591113          8.31684853          0.00021185          0.00620578
    20   L1s      -9534.82571305          0.69627736         16.68037895          0.00017157          0.00483659
    21   L1s      -9534.84974581          0.46710392          5.04447522          0.00011220          0.00337974
    22   L1s      -9534.90033648          0.47631904          7.79376562          0.00025247          0.00776158
    23   L1s      -9534.94053441          0.34675475          8.18494182          0.00021253          0.00621162
    24   L1s      -9534.95005265          0.46645442          9.77497771          0.00005495          0.00165941
    25   L1s      -9534.97595528          0.32560843          5.09666448          0.00015619          0.00463751
    26   L1s      -9534.99178913          0.35908653          9.21631498          0.00010308          0.00276687
    27   L1s      -9534.99926524          0.32382470          6.93106142          0.00005150          0.00145382
    28   L1s      -9535.01540953          0.28366753          4.52131389          0.00011837          0.00319653
    29   L0s      -9535.02953643          0.33943189          7.87920029          0.00011837          0.00315460
    30   L1s      -9535.03762649          0.39204766          8.77404456          0.00006885          0.00180231
    31   L1s      -9535.05096798          0.27062942          4.73621009          0.00011218          0.00284785
    32   L0s      -9535.06318651          0.22968316          2.93544280          0.00011218          0.00269403
    33   L0s      -9535.07539195          0.33677993          8.15881943          0.00011218          0.00274637
    34   L1s      -9535.08220924          0.28527807          5.49289336          0.00006683          0.00152951
    35   L1s      -9535.09576171          0.28746481          5.02242192          0.00015189          0.00324794
    36   L1s      -9535.10249846          0.33770520          7.26202830          0.00007774          0.00171296
    37   L1s      -9535.11154884          0.24161683          4.35692427          0.00010669          0.00217881
    38   L1s      -9535.12189731          0.22692306          3.41894834          0.00012698          0.00257431
    39   L1s      -9535.12807947          0.28440041          8.09791237          0.00007884          0.00142734
    40   L1s      -9535.13294662          0.19834755          3.32571252          0.00006361          0.00109484
    41   L1s      -9535.14175474          0.19312004          3.11939319          0.00012072          0.00199352
    42   L1s      -9535.14660484          0.25754481          7.57308431          0.00006958          0.00110051
    43   L1s      -9535.15009149          0.16456931          2.74246702          0.00005120          0.00077425
    44   L1s      -9535.15549810          0.23193910          5.22451100          0.00008375          0.00130204
    45   L1s      -9535.15873567          0.20192771          4.09704845          0.00005141          0.00075072
    46   L1s      -9535.16317830          0.17424648          3.65281404          0.00007277          0.00107602
    47   L1s      -9535.16875909          0.15128039          2.08172813          0.00009507          0.00132741
    48   L1s      -9535.17111104          0.21266108          6.77662604          0.00004197          0.00061598
    49   L1s      -9535.17527468          0.12997314          1.77976891          0.00007599          0.00103192
    50   L1s      -9535.17878011          0.15631936          3.06823670          0.00006752          0.00088226
    51   L1s      -9535.18089518          0.20482161          5.75916211          0.00004220          0.00052420
    52   L1s      -9535.18496953          0.14123088          1.62558932          0.00008288          0.00090243
    53   L1s      -9535.18742267          0.17522024          4.53241391          0.00005185          0.00055337
    54   L1s      -9535.18920466          0.13021830          2.60926740          0.00003856          0.00041222
    55   L1s      -9535.19246407          0.12705451          2.45181751          0.00007339          0.00070978
    56   L1s      -9535.19494856          0.14632006          3.57600035          0.00005813          0.00061790
    57   L1s      -9535.19660223          0.15749715          3.83621880          0.00003977          0.00040734
    58   L1s      -9535.19905309          0.10805214          1.21000490          0.00006028          0.00058817
    59   L1s      -9535.20170198          0.13281271          3.58195520          0.00006813          0.00065389
    60   L1s      -9535.20267716          0.12938702          2.86037161          0.00002578          0.00024613
    61   L1s      -9535.20587033          0.13182798          1.98755052          0.00008676          0.00079762
    62   L1s      -9535.20748067          0.16471438          4.88892213          0.00004485          0.00040868
    63   L1s      -9535.20972308          0.12550774          2.23575530          0.00006342          0.00057847
    64   L1s      -9535.21220883          0.10824420          1.52927631          0.00007213          0.00059449
    65   L1s      -9535.21405498          0.13781352          3.94412605          0.00005531          0.00049953
    66   L1s      -9535.21513270          0.10903409          1.81596470          0.00003290          0.00032408
    67   L1s      -9535.21728359          0.10030397          1.42040568          0.00006759          0.00067618
    68   L1s      -9535.21886568          0.14772334          4.28746052          0.00005135          0.00053970
    69   L1s      -9535.22013760          0.12055589          2.22340547          0.00004186          0.00047968
    70   L1s      -9535.22231084          0.10866318          1.91295933          0.00007300          0.00080815
    71   L1s      -9535.22327061          0.12497648          3.48422909          0.00003302          0.00035256
    72   L1s      -9535.22473916          0.11022985          1.65654276          0.00005143          0.00052954
    73   L1s      -9535.22688972          0.09162169          1.00861366          0.00007696          0.00081969
----------------------------------------------------------------------------------------------------------------

Minimization converged.

-------------------  Conjugate Gradient Minimizer Statistics -------------------
Iterations             =             73  Function Calls         =            142
--------------------------------------------------------------------------------
