
#-----------------------------------------------------------------------------#
#                                                                             #
#                                EasyHybrid                                   #
#                   - A pDynamo graphical user interface -                    #
#                                                                             #
#-----------------------------------------------------------------------------#
#                                                                             #
#     Developed by Jose Fernando R Bachega and Luis Fernando S M Timmers      #
#                            <ferbachega@gmail.com>                           #
#                                                                             #
#             visit: https://sites.google.com/site/EasyHybrid/                #
#                   Univesity of Sao Paulo - SP, Brazil                       #
#      Pontifical Catholic University of Rio Grande do Sul - RS, Brazil       #
#                                                                             #
#                                                                             #
#   EasyHybrid team:                               Special thanks to:         #
#   - Jose Fernando R Bachega           |         - Fernando V Maluf          #
#   - Michele Silva                     |                                     #
#   - Luis Fernando S M Timmers         |                                     #
#   - Martin Field                      |         - Leonardo R Bachega        #
#   - Troy Wymore                       |         - Lucas Assirati            #
#   - Osmar Norberto de Souza           |         - Richard Garratt           #
#   - Walter R Paixao-Cortes            |                                     #
#                                                                             #
#   Cite this work as:                                                        #
#   J.F.R. Bachega, L.F.S.M. Timmers, L.Assirati, L.B. Bachega, M.J. Field,   #
#   T. Wymore. J. Comput. Chem. 2013, 34, 2190-2196. DOI: 10.1002/jcc.23346   #
#                                                                             #
#-----------------------------------------------------------------------------#

Generated on Wed Dec  6 13:06:23 2017


-------------------------------  Conjugate Gradient Minimizer Options ------------------------------
Beta Type                        =              1  Initial Step                     =              1
Line Searcher                    =           None  Log Frequency                    =              1
Maximum Iterations               =           1000  Maximum Theta                    =          1e+10
Minimum Theta                    =          1e-10  RMS Gradient Tolerance           =          0.001
Steepest Descent Tolerance       =          0.001  Use Spectral Theta               =           True
----------------------------------------------------------------------------------------------------

----------------------------------------------------------------------------------------------------------------
  Iteration       Function          RMS Gradient        Max. |Grad.|          RMS Disp.         Max. |Disp.|
----------------------------------------------------------------------------------------------------------------
     0     I    2655303.68694078      21206.93678498      49851.48530072          0.15811388          0.37168083
     1   L4s     501501.46900589      29791.45315399     118119.33095886          4.80386290         13.84424571
     2   L1s     -95761.04375587      24844.37309049      89206.36561981          1.85509323          6.56259228
     3   L2s    -668109.73323158      12786.95206144      40463.54967128          1.49844019          4.61833854
     4   L1s    -812069.69823957      11955.76280737      25195.72485182          0.62346325          0.98054022
     5   L1s   -1041486.87355019      10804.22441688      24526.93590212          1.35895447          2.94800431
     6   L1s   -1166682.72523399       9600.53720421      23518.94704599          0.88512526          1.89157927
     7   L1s   -1285548.44573233      10096.82916991      25710.29485260          1.02204241          2.26220898
     8   L1s   -1412658.18164421       9630.51677400      33412.01788664          1.23421135          2.78010233
     9   L1s   -1482641.02979522       5108.75889080      17382.33728685          0.74013196          2.07327665
    10   L1s   -1506988.87949417       4361.78452035      12779.31409381          0.35077280          0.87716923
    11   L1s   -1524336.13708800       2877.90537920       7151.96505533          0.31747055          0.71312171
    12   L1s   -1532183.59320475       2349.46279570       4363.45016722          0.19724289          0.40767803
    13   L0s   -1538192.95496132       1742.37669133       4182.62022944          0.19724289          0.38837724
    14   L1s   -1540635.63499838       1166.02942499       2657.44874107          0.10659593          0.25470591
    15   L1s   -1542061.17065773        941.27228645       2046.87447557          0.08705427          0.16124706
    16   L1s   -1543037.62190574        924.51692743       2254.46668164          0.07894381          0.15247401
    17   L1s   -1544136.41270235        815.33699749       1638.61104298          0.10672582          0.20598979
    18   L1s   -1544797.52403773        703.70573068       1672.82969530          0.07560171          0.18022986
    19   L0s   -1545409.65042005        565.45415501       1230.83821687          0.07560171          0.18702316
    20   L1s   -1545696.68303289        358.01328825        872.13961778          0.04317776          0.09541086
    21   L1s   -1545826.30763156        250.14725488        658.53182094          0.02924665          0.06786556
    22   L1s   -1545869.74930609        148.43801100        297.07972257          0.01307034          0.02831998
    23   L0s   -1545896.26912445        147.34132171        409.96026099          0.01307034          0.03290552
    24   L1s   -1545916.76159344        135.54248062        407.72512837          0.01183272          0.02773401
    25   L1s   -1545940.83766129        129.14431207        281.40119425          0.01592178          0.03878399
    26   L1s   -1545957.81176931        100.68574262        283.41727723          0.01301514          0.03525717
    27   L1s   -1545967.00139188         82.52210567        240.94849489          0.00839957          0.02072973
    28   L1s   -1545976.22200194         92.79914465        225.33447527          0.01011286          0.01982870
    29   L1s   -1545992.74019910        136.31001253        381.25165760          0.02018505          0.03519388
    30   L1s   -1546013.34862373        109.80976513        334.20056725          0.02628623          0.04256805
    31   L1s   -1546027.11018024        106.36996852        305.15182001          0.01864268          0.03136644
    32   L1s   -1546042.77908205        128.85904413        294.58975831          0.02246581          0.03331691
    33   L1s   -1546069.23540110        157.43156144        360.68431755          0.03931341          0.05544537
    34   L1s   -1546102.44603775        160.56114780        351.03959102          0.05052896          0.06637072
    35   L1s   -1546139.06741961        213.32695679        441.71203306          0.05715142          0.07011779
    36   L1s   -1546226.21585200        262.74155446        644.46699637          0.13846097          0.17918993
    37   L1s   -1546294.74153092        198.77984172        403.83704077          0.11077808          0.14901716
    38   L1s   -1546331.08691722        157.30089843        392.66106142          0.06106990          0.07914586
    39   L1s   -1546356.31710258        130.77984610        385.68151932          0.04361532          0.06004904
    40   L1s   -1546376.67355412        132.80931979        283.39115486          0.03622768          0.05046002
    41   L0s   -1546395.59193596        124.97918042        375.97544934          0.03622768          0.05068474
    42   L0s   -1546413.76371837        118.18412282        301.71178423          0.03622768          0.05021618
    43   L1s   -1546426.01758255         86.36790736        219.37362436          0.02381553          0.03716362
    44   L1s   -1546433.40255320         73.25555948        200.99178341          0.01469386          0.02309050
    45   L1s   -1546438.47859523         47.48601428        122.70026074          0.01067881          0.01920530
    46   L1s   -1546440.16227982         32.51094930        112.35210586          0.00396278          0.00819364
    47   L1s   -1546441.29057576         26.86860518         64.92456354          0.00317259          0.00689705
    48   L1s   -1546442.02593452         25.20955952         62.69102474          0.00247974          0.00526234
    49   L1s   -1546442.75083268         19.19996629         59.02386639          0.00283587          0.00646738
    50   L1s   -1546443.03796812         13.85763847         38.32152740          0.00134944          0.00318461
    51   L0s   -1546443.26244743         12.87464166         29.16960918          0.00134944          0.00337834
    52   L1s   -1546443.42220076         10.66507684         23.75046604          0.00114003          0.00259720
    53   L0s   -1546443.55117808         10.62364234         30.09595547          0.00114003          0.00228460
    54   L0s   -1546443.66369595          8.97705928         18.35926052          0.00114003          0.00203677
    55   L1s   -1546443.75347764          8.49765783         18.04141483          0.00100424          0.00198861
    56   L1s   -1546443.82237684          6.84275339         15.52347920          0.00085862          0.00155001
    57   L0s   -1546443.88710130          7.01984747         13.03556489          0.00085862          0.00149316
    58   L0s   -1546443.93942612          5.98540116         13.45579360          0.00085862          0.00147622
    59   L1s   -1546443.98787896          7.57303081         20.42747032          0.00097411          0.00152007
    60   L1s   -1546444.08812136         10.66348878         23.44111207          0.00205994          0.00300180
    61   L1s   -1546444.31045931         16.86678343         44.44791400          0.00468646          0.00665603
    62   L1s   -1546444.73377236         16.66738325         49.14693805          0.00901171          0.01217789
    63   L1s   -1546444.98113303         13.93878060         42.64049996          0.00532015          0.00704045
    64   L1s   -1546445.27734072         17.12529159         56.56689070          0.00646161          0.00866553
    65   L1s   -1546445.62192874         16.71551040         42.99567125          0.00758528          0.00975220
    66   L0s   -1546445.95512578         15.46300058         40.23565994          0.00758528          0.00993289
    67   L1s   -1546446.17412570         13.34926272         27.22844815          0.00505358          0.00727227
    68   L0s   -1546446.40268156         13.37799169         42.08601387          0.00505358          0.00732004
    69   L1s   -1546446.60504855         12.65046179         34.19223544          0.00454151          0.00623897
    70   L0s   -1546446.80340683         12.68087887         44.41528800          0.00454151          0.00636538
    71   L1s   -1546446.96460333          8.79733609         26.86752580          0.00374745          0.00639963
    72   L1s   -1546447.03041711          6.95862403         20.01698431          0.00163992          0.00293148
    73   L1s   -1546447.08109345          5.38861465         14.79629562          0.00131415          0.00235554
    74   L1s   -1546447.10325083          3.19097324          6.12508299          0.00061027          0.00137507
    75   L1s   -1546447.11105401          2.02195665          4.71560119          0.00024727          0.00070722
    76   L1s   -1546447.11478918          1.76057462          3.69421975          0.00015014          0.00039082
    77   L1s   -1546447.11912653          1.87274810          4.44033534          0.00021347          0.00055030
    78   L1s   -1546447.12239630          1.51980321          3.70959203          0.00018308          0.00038447
    79   L0s   -1546447.12507121          1.50767429          3.18268873          0.00018308          0.00045727
    80   L1s   -1546447.12714044          1.11740679          2.16031272          0.00015565          0.00039180
    81   L1s   -1546447.12813655          0.73272836          2.09110831          0.00008256          0.00017073
    82   L1s   -1546447.12861181          0.52262698          1.24260382          0.00005102          0.00011933
    83   L1s   -1546447.12887215          0.44680290          0.97581328          0.00003744          0.00008239
    84   L0s   -1546447.12907689          0.33472864          0.88657667          0.00003744          0.00007718
    85   L1s   -1546447.12918311          0.31316203          0.73978811          0.00002509          0.00005102
    86   L1s   -1546447.12932632          0.33170233          0.78255425          0.00004075          0.00007565
    87   L1s   -1546447.12942902          0.26106377          0.65866002          0.00003307          0.00007458
    88   L1s   -1546447.12950867          0.27841050          0.57173190          0.00002984          0.00005293
    89   L1s   -1546447.12963994          0.39899742          0.82313068          0.00005454          0.00009360
    90   L1s   -1546447.12992761          0.50752300          1.30442931          0.00012484          0.00022122
    91   L1s   -1546447.13017170          0.39360191          0.92172117          0.00010862          0.00019196
    92   L1s   -1546447.13036529          0.42390628          0.91986819          0.00008959          0.00015717
    93   L0s   -1546447.13057155          0.38919296          1.03597360          0.00008959          0.00012466
    94   L1s   -1546447.13086401          0.59650899          1.39437364          0.00013094          0.00017989
    95   L1s   -1546447.13141513          0.69653730          1.65095296          0.00026024          0.00033913
    96   L1s   -1546447.13209904          0.81772914          2.07294981          0.00032666          0.00041612
    97   L1s   -1546447.13298139          0.85823181          1.96771633          0.00042488          0.00052636
    98   L0s   -1546447.13387370          0.86003203          2.08391546          0.00042488          0.00052587
    99   L0s   -1546447.13473587          0.71909872          1.55355332          0.00042488          0.00059216
   100   L1s   -1546447.13514601          0.52244243          1.42347708          0.00021170          0.00028444
   101   L1s   -1546447.13544494          0.43704432          1.39261966          0.00014919          0.00023003
   102   L1s   -1546447.13560626          0.31008568          0.72419030          0.00008260          0.00014182
   103   L1s   -1546447.13569646          0.20804623          0.45592358          0.00004842          0.00007905
   104   L1s   -1546447.13572740          0.12431153          0.28298724          0.00001820          0.00003421
   105   L1s   -1546447.13574245          0.09849170          0.20737053          0.00001072          0.00002102
   106   L1s   -1546447.13575130          0.08114407          0.20578097          0.00000774          0.00002166
   107   L1s   -1546447.13576168          0.10518985          0.22065095          0.00001111          0.00002579
   108   L1s   -1546447.13577532          0.09992090          0.26763363          0.00001597          0.00003733
   109   L1s   -1546447.13578591          0.07977085          0.14943509          0.00001349          0.00003213
   110   L1s   -1546447.13579081          0.04561227          0.10333908          0.00000696          0.00001593
   111   L1s   -1546447.13579244          0.03203592          0.08042059          0.00000293          0.00000638
   112   L0s   -1546447.13579362          0.02961981          0.05930323          0.00000293          0.00000537
   113   L1s   -1546447.13579431          0.02181498          0.04705014          0.00000208          0.00000425
   114   L1s   -1546447.13579496          0.02514134          0.05373676          0.00000233          0.00000437
   115   L1s   -1546447.13579586          0.03129105          0.07679492          0.00000374          0.00000738
   116   L1s   -1546447.13579742          0.03692508          0.09706922          0.00000688          0.00001076
   117   L0s   -1546447.13579905          0.03548565          0.09302156          0.00000688          0.00001025
   118   L1s   -1546447.13580140          0.05481779          0.15253499          0.00001040          0.00001417
   119   L1s   -1546447.13580737          0.07315083          0.18053590          0.00002799          0.00004008
   120   L1s   -1546447.13581493          0.08554296          0.18866889          0.00003577          0.00005255
   121   L0s   -1546447.13582304          0.06447338          0.15787374          0.00003577          0.00004816
   122   L1s   -1546447.13582769          0.05574804          0.13086129          0.00001960          0.00002584
   123   L1s   -1546447.13583091          0.04981185          0.11175376          0.00001521          0.00002054
   124   L1s   -1546447.13583448          0.05633097          0.12707728          0.00001719          0.00002563
   125   L0s   -1546447.13583813          0.04792927          0.10627374          0.00001719          0.00002449
   126   L1s   -1546447.13584052          0.04317343          0.09657130          0.00001132          0.00001730
   127   L1s   -1546447.13584340          0.04656142          0.09815722          0.00001479          0.00002225
   128   L1s   -1546447.13584530          0.03347475          0.07555474          0.00000994          0.00001783
   129   L1s   -1546447.13584645          0.02570860          0.06717200          0.00000625          0.00001113
   130   L1s   -1546447.13584708          0.02246253          0.05428409          0.00000365          0.00000667
   131   L0s   -1546447.13584769          0.01777354          0.03597554          0.00000365          0.00000774
   132   L1s   -1546447.13584794          0.01131049          0.02329922          0.00000166          0.00000334
   133   L1s   -1546447.13584807          0.00864151          0.01829984          0.00000104          0.00000224
   134   L1s   -1546447.13584813          0.00585560          0.01586553          0.00000064          0.00000134
   135   L1s   -1546447.13584816          0.00491262          0.01306725          0.00000043          0.00000090
   136   L1s   -1546447.13584820          0.00623506          0.01496949          0.00000057          0.00000105
   137   L1s   -1546447.13584826          0.00786533          0.01589987          0.00000123          0.00000216
   138   L1s   -1546447.13584834          0.00798692          0.01933217          0.00000153          0.00000241
   139   L1s   -1546447.13584843          0.01038609          0.02333815          0.00000183          0.00000286
   140   L1s   -1546447.13584864          0.01255062          0.02919706          0.00000450          0.00000677
   141   L1s   -1546447.13584878          0.01023250          0.02410917          0.00000299          0.00000439
   142   L1s   -1546447.13584893          0.01178729          0.03261594          0.00000340          0.00000536
   143   L1s   -1546447.13584912          0.01385398          0.02938033          0.00000425          0.00000614
   144   L1s   -1546447.13584938          0.01226182          0.03668714          0.00000578          0.00000786
   145   L1s   -1546447.13584951          0.00930401          0.02050571          0.00000289          0.00000379
   146   L1s   -1546447.13584965          0.01253335          0.03464981          0.00000333          0.00000424
   147   L1s   -1546447.13584985          0.01291460          0.04086594          0.00000516          0.00000636
   148   L0s   -1546447.13585004          0.01265001          0.02762480          0.00000516          0.00000657
   149   L1s   -1546447.13585018          0.01027203          0.02040167          0.00000362          0.00000538
   150   L1s   -1546447.13585031          0.00904883          0.01906996          0.00000311          0.00000461
   151   L1s   -1546447.13585037          0.00529560          0.01047099          0.00000156          0.00000262
   152   L1s   -1546447.13585040          0.00355519          0.00846318          0.00000063          0.00000124
   153   L1s   -1546447.13585041          0.00216691          0.00561930          0.00000031          0.00000073
   154   L1s   -1546447.13585041          0.00178010          0.00425816          0.00000016          0.00000040
   155   L0s   -1546447.13585042          0.00133310          0.00300215          0.00000016          0.00000040
   156  L20p   -1546447.13585042          0.00133310          0.00300215          0.00000000          0.00000000
   157  L20p   -1546447.13585042          0.00133310          0.00300215          0.00000000          0.00000000
   158  L20e   -1546447.13585042          0.00133310          0.00300215          0.00000000          0.00000000
----------------------------------------------------------------------------------------------------------------

Minimization error: Line search error: Too many iterations.

-------------------  Conjugate Gradient Minimizer Statistics -------------------
Iterations             =            158  Function Calls         =            353
--------------------------------------------------------------------------------

PMF generated at a temperature of 300.0 K.

--------------------------------------------------
                Window Information
--------------------------------------------------
  Window         Points            Free Energy
--------------------------------------------------
         0               50001            -15.8602
         1               50001              -16.26
         2               50001            -18.0061
         3               50001            -18.2013
         4               50001            -16.6561
         5               50001            -17.2338
         6               50001            -14.0597
         7               50001            -11.4014
         8               50001            -17.3886
         9               50001             -15.922
        10               50001             33.3944
        11               50001             23.3371
        12               50001             14.3214
        13               50001             6.27815
        14               50001           -0.751073
        15               50001             -6.8632
        16               50001             -12.082
        17               50001            -16.1666
        18               50001             57.0182
        19               50001             44.5787
        20               50001            -3.19715
        21               50001            -7.78812
        22               50001             51.3574
        23               50001             38.5291
        24               50001             69.7208
        25               50001             66.8195
        26               50001             9.45994
        27               50001             2.50048
        28               50001             27.1959
        29               50001             17.6653
        30               50001            -27.4945
        31               50001            -27.6275
        32               50001            -27.3585
        33               50001            -26.7473
        34               50001            -24.1948
        35               50001            -25.5156
        36               50001            -26.4854
        37               50001            -27.0896
        38               50001            -19.5445
        39               50001            -22.2812
--------------------------------------------------

------------------------------------------------------------
                   Potential of Mean Force
------------------------------------------------------------
    ReactionCoord            PMF                 PDF
------------------------------------------------------------
            -2.26704             3.04724            0.450965
            -2.22234             2.59998             0.53953
            -2.17765             2.48501            0.564981
            -2.13296             2.07481            0.665968
            -2.08826             1.67971            0.780271
            -2.04357             1.24494            0.928848
            -1.99887            0.895141             1.06868
            -1.95418            0.593984             1.20582
            -1.90948            0.269382             1.37341
            -1.86479           0.0806285             1.48137
             -1.8201           0.0137705             1.52162
             -1.7754                   0             1.53004
            -1.73071            0.131061             1.45172
            -1.68601             0.38619             1.31058
            -1.64132            0.637706             1.18487
            -1.59662            0.789116             1.11509
            -1.55193            0.904325             1.06475
            -1.50724             1.29333               0.911
            -1.46254             1.87952            0.720206
            -1.41785             2.47113            0.568134
            -1.37315             2.92629             0.47337
            -1.32846              3.4841            0.378512
            -1.28376             4.32368            0.270333
            -1.23907             5.58756             0.16287
            -1.19438              7.1151           0.0882836
            -1.14968             8.70314           0.0467071
            -1.10499             10.0814           0.0268791
            -1.06029             11.6351           0.0144175
             -1.0156             13.8424          0.00595076
           -0.970905              16.551          0.00200897
            -0.92621             19.2867         0.000670904
           -0.881516             22.1159         0.000215803
           -0.836822             25.2511         6.14015e-05
           -0.792128               28.69         1.54678e-05
           -0.747433              32.425         3.46043e-06
           -0.702739             36.4879         6.78784e-07
           -0.658045             40.8542         1.17897e-07
            -0.61335             45.3656         1.93204e-08
           -0.568656             50.1467         2.84162e-09
           -0.523962             55.3814         3.48454e-10
           -0.479268             61.0234         3.62916e-11
           -0.434573             66.7398         3.66863e-12
           -0.389879             72.3643         3.84782e-13
           -0.345185             77.9973         4.02209e-14
            -0.30049             83.5267         4.38243e-15
           -0.255796             88.8161         5.25736e-16
           -0.211102             93.8396         7.01633e-17
           -0.166408             98.6936         1.00227e-17
           -0.121713             103.081         1.72616e-18
          -0.0770189             106.519         4.35014e-19
          -0.0323246             109.045         1.58031e-19
           0.0123697             110.181         1.00198e-19
           0.0570639             111.202          6.6535e-20
            0.101758             112.472         3.99947e-20
            0.146453             112.478          3.9898e-20
            0.191147              111.58         5.71807e-20
            0.235841             109.466         1.33463e-19
            0.280535             96.8918         2.06394e-17
             0.32523             87.2519         9.84248e-16
            0.369924             78.8136          2.8995e-14
            0.414618              71.159          6.2385e-13
            0.459313                64.3         9.75685e-12
            0.504007             58.1277         1.15871e-10
            0.548701             52.6351         1.04788e-09
            0.593395             47.6823         7.63205e-09
             0.63809             42.8707         5.25292e-08
            0.682784             38.2226          3.3861e-07
            0.727478             34.0827         1.78032e-06
            0.772173             30.4298         7.70047e-06
            0.816867             27.1082         2.91633e-05
            0.861561             24.0251         0.000100381
            0.906255             21.3703         0.000290994
             0.95095             19.3006         0.000667172
            0.995644             17.5442          0.00134912
             1.04034             15.7254          0.00279724
             1.08503             14.0795          0.00541117
             1.12973             12.8985          0.00868807
             1.17442               12.17           0.0116351
             1.21912             11.7178           0.0139474
             1.26381             10.9937           0.0186452
              1.3085             10.0474            0.027248
              1.3532             9.29043           0.0369087
             1.39789             9.06532           0.0403947
             1.44259             9.21605           0.0380259
             1.48728             9.75814           0.0305982
             1.53198             10.3471           0.0241633
             1.57667              10.816           0.0200223
             1.62136             11.0092           0.0185297
             1.66606             11.0936           0.0179136
             1.71075             11.2692           0.0166953
             1.75545             11.4055           0.0158078
             1.80014              11.563           0.0148405
             1.84484             11.8398           0.0132815
             1.88953             12.0601           0.0121592
             1.93422             12.2614           0.0112161
             1.97892             12.2556           0.0112425
             2.02361              12.032           0.0122968
             2.06831             11.7923           0.0135368
               2.113              11.334           0.0162674
              2.1577             12.2339           0.0113405
------------------------------------------------------------
