
#-----------------------------------------------------------------------------#
#                                                                             #
#                                EasyHybrid                                   #
#                   - A pDynamo graphical user interface -                    #
#                                                                             #
#-----------------------------------------------------------------------------#
#                                                                             #
#     Developed by Jose Fernando R Bachega and Luis Fernando S M Timmers      #
#                            <ferbachega@gmail.com>                           #
#                                                                             #
#             visit: https://sites.google.com/site/EasyHybrid/                #
#                   Univesity of Sao Paulo - SP, Brazil                       #
#      Pontifical Catholic University of Rio Grande do Sul - RS, Brazil       #
#                                                                             #
#                                                                             #
#   EasyHybrid team:                               Special thanks to:         #
#   - Jose Fernando R Bachega           |         - Fernando V Maluf          #
#   - Michele Silva                     |                                     #
#   - Luis Fernando S M Timmers         |                                     #
#   - Martin Field                      |         - Leonardo R Bachega        #
#   - Troy Wymore                       |         - Lucas Assirati            #
#   - Osmar Norberto de Souza           |         - Richard Garratt           #
#   - Walter R Paixao-Cortes            |                                     #
#                                                                             #
#   Cite this work as:                                                        #
#   J.F.R. Bachega, L.F.S.M. Timmers, L.Assirati, L.B. Bachega, M.J. Field,   #
#   T. Wymore. J. Comput. Chem. 2013, 34, 2190-2196. DOI: 10.1002/jcc.23346   #
#                                                                             #
#-----------------------------------------------------------------------------#

Generated on Thu Nov 30 15:39:40 2017


--------------------------------------------------------------------------------
                      Summary for System "MtSDH_29Nov_2017"
--------------------------------------------------------------------------------

---------------------------- Atom Container Summary ----------------------------
Number of Atoms        =           7432  Number of Heavy Atoms  =           3101
Number of Hydrogens    =           4331  Number of Unknowns     =              0
--------------------------------------------------------------------------------

----------------------------- Connectivity Summary -----------------------------
Atoms                  =           7432
--------------------------------------------------------------------------------

------------------------------- Electronic State -------------------------------
Charge                 =              0  Multiplicity           =              1
--------------------------------------------------------------------------------

--------------------------------------------------------------------------------
                 Summary for Energy Model "AMBER/AM1DPHOT/ABFS"
--------------------------------------------------------------------------------

----------------------------------- Summary for MM Model "AMBER" -----------------------------------
LJ 1-4 Scaling                   =          0.500  El. 1-4 Scaling                  =          0.833
Number of MM Atoms               =           7432  Number of MM Atom Types          =             48
Number of Inactive MM Atoms      =             67  Total MM Charge                  =          -5.00
Harmonic Bond Terms              =           7464  Harmonic Bond Parameters         =             71
Harmonic Bond Inactive           =           3762  Fourier Improper Terms           =            707
Fourier Improper Parameters      =              8  Fourier Improper Inactive        =            196
Harmonic Angle Terms             =           6793  Harmonic Angle Parameters        =            102
Harmonic Angle Inactive          =           2038  Fourier Dihedral Terms           =          12480
Fourier Dihedral Parameters      =            183  Fourier Dihedral Inactive        =           3520
Exclusions                       =          23942  1-4 Interactions                 =           9685
LJ Parameters Form               =          AMBER  LJ Parameters Types              =             48
1-4 Lennard-Jones Form           =          AMBER  1-4 Lennard-Jones Types          =             48
----------------------------------------------------------------------------------------------------

------------------------ Summary for QC Model "AM1DPHOT" -----------------------
Number of QC Atoms     =             69  Boundary Atoms         =              2
Nuclear Charge         =            194  Orbital Functions      =            171
Fitting Functions      =              0  Energy Base Line       =      256.79196
QC Parameter Centers   =              4
--------------------------------------------------------------------------------

----------------------------- ABFS NB Model Summary ----------------------------
Dielectric             =       1.000000  El. 1-4 Scaling        =       0.833333
Damping Cutoff         =       0.500000  Inner Cutoff           =       8.000000
List Cutoff            =      13.500000  Outer Cutoff           =      12.000000
QC/MM Coupling         =    RC Coupling  Use Centering          =          False
--------------------------------------------------------------------------------

-------------------------- Pairlist Generator Summary --------------------------
Cell Size              =          6.750  Cutoff                 =         13.500
Cutoff Cell Size Factor =          0.500  Grid Cell/Cell Method  =           True
Minimum Cell Extent    =              2  Minimum Cell Size      =          3.000
Minimum Extent Factor  =          1.500  Minimum Points         =            500
Sort Indices           =          False
--------------------------------------------------------------------------------

---------------------------- Hard Constraint Container Summary ---------------------------
Number of Charge Constraints  =            0  Number of Fixed Atoms         =         3861
------------------------------------------------------------------------------------------

------------------------------- Sequence Summary -------------------------------
Number of Atoms            =       7432  Number of Components       =       1490
Number of Entities         =          1  Number of Linear Polymers  =          0
Number of Links            =          0  Number of Variants         =          0
--------------------------------------------------------------------------------

--------------------------------------------------------------------------------
                              EasyHybrid SCAN2D
--------------------------------------------------------------------------------

--------------------- Coordinate 1 - Multiple-Distance -------------------------
ATOM1                  =           3633  ATOM NAME1             =              C
ATOM2*                 =           3635  ATOM NAME2             =              H
ATOM3                  =           3704  ATOM NAME3             =              C
--------------------- Coordinate 1 - Multiple-Distance -------------------------
ATOM1                  =            965  ATOM NAME1             =              N
ATOM2*                 =            968  ATOM NAME2             =              H
ATOM3                  =           3705  ATOM NAME3             =              O


MATRIX1    -41791.87534430     -41793.59979027     -41795.08858161     -41795.98085554     -41796.37487309     -41795.67611485     -41793.90093249     -41790.27862660     -41784.98777594     -41777.52548279     -41767.75221172     -41755.84247028     -41742.17971648     -41726.91039578     -41710.38276845     -41692.97746073     -41675.77598126     -41660.50364125     -41646.61773664     -41634.61078285     -41625.16303505     -41616.27009536     -41607.67275490     -41599.33906084     -41591.65024858     -41585.29065661     -41579.73720211     -41575.07545646     -41572.18979792     -41568.30507206     -41563.99059141     -41559.72731620     -41554.78492870     -41551.03980255     -41546.14478240  
MATRIX1    -41792.17619491     -41793.86670396     -41795.37265567     -41796.40751595     -41796.62199757     -41796.14000569     -41794.15447707     -41790.68315913     -41785.28798216     -41777.81409194     -41768.05723384     -41756.15229440     -41742.56226984     -41727.04696506     -41710.27339716     -41692.83335116     -41675.58739530     -41660.53290549     -41646.77504319     -41634.72698336     -41624.44153369     -41616.31004677     -41607.89640873     -41599.52165477     -41591.98890569     -41585.17398119     -41580.39818383     -41575.97308595     -41571.76083370     -41567.58303182     -41564.57269779     -41560.05648976     -41555.09280532     -41550.04791504     -41544.62959816  
MATRIX1    -41792.10243802     -41793.97890350     -41795.35359816     -41796.45390506     -41796.82919637     -41796.13935809     -41794.37296014     -41790.69059441     -41785.40352843     -41777.80180061     -41768.21736334     -41756.42080402     -41742.58775032     -41727.19674922     -41710.08192485     -41692.64640527     -41676.06849263     -41660.20377030     -41646.18900837     -41634.24767891     -41625.01578598     -41616.05027650     -41607.37904737     -41599.28817185     -41591.65857743     -41584.73219605     -41580.11953634     -41575.77682396     -41571.47609734     -41567.60118109     -41563.27875567     -41559.21944401     -41554.30726067     -41548.89695586     -41544.68611666  
MATRIX1    -41791.79425243     -41793.58452171     -41795.13302533     -41796.18479017     -41796.45916387     -41796.03079500     -41794.07299339     -41790.64505660     -41785.15660275     -41777.52273668     -41768.03544295     -41756.21386028     -41742.36480112     -41727.01302283     -41709.87352304     -41692.59744061     -41675.84535873     -41659.98461452     -41645.92641949     -41634.69621812     -41624.61695379     -41615.27990361     -41606.82375247     -41598.64073969     -41591.71127617     -41585.12061423     -41579.40664736     -41574.72024010     -41571.46353160     -41567.32501485     -41562.71430590     -41558.53331842     -41553.47919657     -41547.92620860     -41543.40417161  
MATRIX1    -41791.01561827     -41792.82447597     -41794.49486160     -41795.50765063     -41796.06718052     -41795.40267123     -41793.67702974     -41790.06814882     -41784.70296723     -41777.23318401     -41767.51067929     -41755.79533262     -41741.60418451     -41726.35904848     -41709.66589117     -41691.96830640     -41674.68678711     -41659.49012908     -41645.59947782     -41633.51006969     -41623.06626429     -41614.82673976     -41606.46770712     -41598.12568962     -41590.62005763     -41583.79853715     -41578.98926411     -41574.46101385     -41570.09001237     -41566.45223305     -41562.07176276     -41556.97492862     -41552.28333043     -41546.83096429     -41540.84154166  
MATRIX1    -41789.98891421     -41791.82585961     -41793.46539565     -41794.73247153     -41795.06263734     -41794.67093655     -41792.77369427     -41789.35135683     -41783.90603022     -41776.23133382     -41766.66888715     -41754.84057233     -41740.96442000     -41725.56597735     -41708.36256977     -41690.86209717     -41674.40298595     -41658.50129590     -41644.38789116     -41632.35495523     -41622.88060202     -41613.86250504     -41605.15247807     -41596.79967432     -41589.44426733     -41582.76559266     -41577.88148664     -41573.34256157     -41568.85578537     -41564.28589799     -41560.78540716     -41555.86155942     -41550.31551246     -41544.78097317     -41538.69634665  
MATRIX1    -41788.43317302     -41790.38976262     -41792.16846283     -41793.32735438     -41793.87184158     -41793.50660025     -41791.57788396     -41788.15306367     -41782.71194541     -41775.23915808     -41765.51134003     -41753.50572445     -41739.75635294     -41724.41854674     -41707.51914586     -41690.05901184     -41672.83443318     -41657.16743345     -41643.40709717     -41631.29534983     -41620.82057603     -41612.35798426     -41603.95535381     -41595.61379102     -41588.05028538     -41581.17805379     -41576.56907995     -41571.84728789     -41567.26981096     -41562.61813252     -41558.31356277     -41553.17559140     -41548.59844031     -41543.06924580     -41536.98722655  
MATRIX1    -41787.48601226     -41789.40621669     -41791.09579984     -41792.28102120     -41792.76530735     -41792.19383974     -41790.46949741     -41786.80711009     -41781.49269518     -41773.91703967     -41764.16282009     -41752.26144519     -41738.38268418     -41722.97670494     -41706.09374499     -41688.32408821     -41671.37585202     -41655.30279423     -41641.08143164     -41629.69136247     -41619.66248904     -41610.30324321     -41601.51634798     -41594.30547547     -41586.70315716     -41579.81770433     -41574.29594254     -41569.26391071     -41565.33899065     -41560.81824364     -41555.75337454     -41551.16074456     -41545.67750319     -41539.74440098     -41533.34576637  
MATRIX1    -41785.19900022     -41787.11954999     -41788.79289632     -41790.03047098     -41790.57540301     -41790.11971361     -41788.26132679     -41784.80727014     -41779.37245978     -41771.84410522     -41762.05553728     -41750.27640018     -41736.45634954     -41720.58308430     -41703.96123764     -41686.46648507     -41669.00160470     -41652.79795336     -41639.42589684     -41627.55698353     -41617.09208101     -41607.78208356     -41599.94499868     -41591.82189096     -41584.05911253     -41577.82407041     -41572.18574837     -41567.03387960     -41562.19411608     -41557.85731468     -41552.72477996     -41548.05066239     -41542.28567493     -41536.28330875     -41529.61356117  
MATRIX1    -41782.16289790     -41784.13465707     -41785.91894801     -41787.27653094     -41787.74522425     -41787.43656372     -41785.53406493     -41782.16906801     -41776.70496883     -41769.20899200     -41759.41732306     -41747.41885661     -41733.68532490     -41717.98858124     -41701.07066691     -41683.43756027     -41665.89825483     -41650.51458722     -41636.59207638     -41624.44547623     -41613.92302502     -41605.55134891     -41597.00538741     -41588.68872341     -41580.62158144     -41574.62824145     -41568.83597830     -41563.55201811     -41558.47441827     -41553.99213286     -41548.61849560     -41544.38137136     -41538.68714561     -41532.56443492     -41525.91087860  
MATRIX1    -41778.40420471     -41780.45205853     -41782.37122426     -41783.76802737     -41784.18642909     -41784.09404553     -41782.28246716     -41778.80829726     -41773.36052474     -41765.69078679     -41755.97650896     -41743.83990094     -41730.03523733     -41714.63801331     -41697.79118087     -41679.98371017     -41662.53691904     -41646.95924398     -41632.98388539     -41620.73365484     -41610.33321471     -41602.04823506     -41593.47815894     -41585.02221701     -41577.30684919     -41570.71625211     -41564.79910650     -41559.21998961     -41554.91485338     -41549.73755743     -41545.38915718     -41539.99960801     -41533.86620372     -41611.27327798     -41607.71909450  
MATRIX1    -41774.73819988     -41776.79711426     -41778.68955285     -41780.07936500     -41780.64984525     -41780.27405234     -41778.34354144     -41774.91240030     -41769.39316438     -41761.85248476     -41751.95822704     -41739.99556863     -41726.23897455     -41710.04980924     -41693.55781089     -41675.96602023     -41658.41107049     -41642.92219551     -41628.94077607     -41616.60898955     -41606.13755362     -41597.97016299     -41589.61104127     -41581.18940206     -41573.20885161     -41566.31947119     -41560.13478092     -41555.68027230     -41550.76494664     -41545.39559458     -41540.22795001     -41534.31622925     -41508.86680794     -41504.63981038     -41500.45446137  
MATRIX1    -41769.22707659     -41771.25538696     -41773.08884410     -41774.54620678     -41775.00860581     -41774.89216436     -41773.06730865     -41769.50486267     -41764.07562444     -41756.50022668     -41746.68678467     -41734.58743594     -41720.72732240     -41705.13838095     -41687.81717596     -41670.32296167     -41653.65050087     -41637.59048284     -41623.42860462     -41611.31141153     -41601.65650277     -41592.60364123     -41583.77543599     -41576.92191131     -41569.04490297     -41561.79021579     -41555.40784341     -41550.37828268     -41545.26214193     -41541.12940646     -41535.66560716     -41511.16211661     -41505.02273752     -41499.89581880     -41496.60841686  
MATRIX1    -41762.30770663     -41764.52672971     -41766.32109714     -41767.83991135     -41768.32499403     -41768.30004038     -41766.53224530     -41763.00195080     -41757.58975913     -41750.00088431     -41740.04869736     -41728.31735042     -41714.43806210     -41698.56119170     -41681.84910477     -41664.37580178     -41646.89959086     -41630.63552766     -41617.46452182     -41605.75835622     -41595.39399074     -41587.35725953     -41579.12538861     -41570.88194767     -41562.96802398     -41557.51441364     -41551.42256159     -41545.68395668     -41540.48366902     -41535.34024268     -41529.79236266     -41504.13291451     -41501.57478172     -41496.48904630     -41492.66243494  
MATRIX1    -41754.30171912     -41756.54722884     -41759.70499538     -41761.17303998     -41761.97046478     -41761.64300060     -41759.81579784     -41756.39626720     -41750.87526913     -41743.20604840     -41733.29373983     -41721.22408211     -41707.45334079     -41691.75659869     -41675.07522709     -41657.35342726     -41639.91647832     -41625.09660226     -41611.54712224     -41599.87663402     -41589.78148186     -41581.26595680     -41572.90349716     -41566.74819104     -41559.22200524     -41552.01995092     -41545.73955858     -41540.28857392     -41534.99930082     -41531.86403888     -41527.20468723     -41503.81393754     -41495.32652031     -41491.08846223     -41488.88046346  
MATRIX1    -41747.07798436     -41749.27725664     -41751.13179252     -41752.52644297     -41753.24532273     -41752.97330257     -41751.23766566     -41747.86963978     -41742.34512044     -41734.80893134     -41724.92576057     -41713.12161889     -41699.24377637     -41683.53028274     -41667.15783770     -41649.80006950     -41632.90239248     -41618.14491327     -41604.98596622     -41593.69403505     -41584.18588788     -41576.33769980     -41568.68745029     -41560.74788220     -41553.32749188     -41546.06416330     -41541.60209688     -41536.16193634     -41530.91776482     -41504.46904518     -41503.33491109     -41497.42012732     -41494.30535697     -41489.60326109     -41485.55327351  
MATRIX1    -41737.06176053     -41739.26784348     -41741.18024706     -41742.65582126     -41743.40106918     -41743.30666534     -41741.59681150     -41738.14690741     -41732.83173012     -41725.26173668     -41715.60156063     -41703.68780676     -41690.23300185     -41674.98587929     -41658.11818736     -41642.79399473     -41626.46879754     -41611.52023104     -41598.50617729     -41587.83771404     -41578.75197516     -41571.24167473     -41563.76453696     -41556.72389849     -41549.75333002     -41543.49123324     -41537.63766665     -41533.09171389     -41528.44928518     -41503.37347014     -41499.93475423     -41495.64781828     -41490.54046171     -41489.94436883     -41485.64240622  
MATRIX1    -41725.52723690     -41727.83839090     -41729.77227068     -41731.45206111     -41732.13605563     -41732.23958084     -41730.64551839     -41727.29195419     -41722.11154591     -41714.67339552     -41705.28546946     -41693.71992551     -41679.67476290     -41666.24136354     -41650.29483785     -41633.91066081     -41618.22633113     -41603.81383611     -41591.68037015     -41581.66177754     -41574.03893593     -41566.92999686     -41559.99148655     -41553.80581513     -41547.32610019     -41541.92046829     -41536.78385614     -41533.08113360     -41528.82042999     -41499.84517211     -41500.88429451     -41495.54057079     -41493.76794766     -41489.75450931     -41486.76829390  
MATRIX1    -41712.68107120     -41714.93023025     -41717.04697650     -41718.61487142     -41719.85772031     -41719.72362929     -41718.33162476     -41715.18934327     -41710.13775089     -41703.04136870     -41693.84988331     -41682.45899548     -41669.48275434     -41654.80322766     -41639.00287786     -41622.80772174     -41609.42995595     -41596.33864113     -41585.58318040     -41577.04726058     -41570.13827606     -41564.67785726     -41559.11278879     -41553.98519468     -41548.62925774     -41543.91499449     -41539.30627106     -41536.09294085     -41532.56137629     -41563.21597668     -41564.49361482     -41564.49465973     -41569.84032803     -41569.31744408     -41577.40300785  
MATRIX1    -41698.41339488     -41700.76646235     -41702.92055432     -41704.84854173     -41705.86914469     -41706.25044366     -41704.99914624     -41702.00420338     -41697.40515942     -41690.46720265     -41681.28751883     -41672.28164505     -41659.63165896     -41645.37357991     -41630.39201010     -41615.46855501     -41601.66440376     -41589.93557083     -41581.20334654     -41574.68343349     -41570.37762020     -41566.36647769     -41562.05204046     -41558.88883326     -41554.74427259     -41550.58793856     -41547.94651866     -41544.91673803     -41544.03096163     -41541.40067846     -41538.68591287     -41535.34459820     -41588.88016649     -41589.47849078     -41588.93278238  
MATRIX1    -41682.91623322     -41685.48934943     -41688.07377208     -41689.84059686     -41691.11574869     -41691.75871617     -41690.78267255     -41688.15030972     -41683.55821159     -41679.38926957     -41670.86888843     -41660.26735203     -41648.15689944     -41634.82280941     -41621.06916509     -41607.63244871     -41595.55501394     -41587.25527248     -41581.12985259     -41577.37488740     -41576.56662973     -41574.69253860     -41572.24874740     -41569.55747323     -41566.26668369     -41564.58612208     -41562.05149521     -41589.99322078     -41590.45890861     -41590.93131317     -41590.34222281     -41617.65897441     -41617.45514859     -41617.02461065     -41614.67170567  
MATRIX1    -41670.20668246     -41672.86878112     -41675.28801786     -41677.63802998     -41679.10673499     -41679.84068447     -41679.27637101     -41677.29106717     -41673.26809826     -41667.19237136     -41659.32561609     -41649.74502034     -41638.87854438     -41626.42438267     -41614.68048664     -41603.78611136     -41594.80569973     -41591.06825874     -41588.71914735     -41588.00469925     -41587.96178108     -41587.29707654     -41587.81677524     -41586.37601793     -41584.20178260     -41609.85710094     -41610.34712969     -41610.36301759     -41610.72879536     -41610.39731266     -41641.24933054     -41641.32028628     -41641.39201518     -41638.73065242     -41638.04180730  
MATRIX1    -41656.14295809     -41658.88933975     -41661.61143552     -41663.84149609     -41666.02646117     -41666.97587028     -41666.93871811     -41665.64584895     -41662.31627173     -41657.06252449     -41650.36165473     -41641.98457741     -41632.23918050     -41623.02028542     -41613.99108825     -41606.34588159     -41601.00529342     -41602.08191685     -41602.55361489     -41603.96169677     -41605.03030925     -41606.00368465     -41605.74240898     -41631.31023344     -41631.81555859     -41631.14236858     -41631.47040001     -41631.27614810     -41631.70885048     -41631.66790830     -41630.73583153     -41659.73718747     -41660.05626347     -41659.13166646     -41658.54665530  
MATRIX1    -41644.86485631     -41647.72577321     -41650.72943024     -41653.49929782     -41655.91741930     -41657.93138199     -41658.47974254     -41657.77559592     -41655.66459415     -41651.69394083     -41646.91848712     -41640.43248730     -41632.96232360     -41626.05080019     -41619.84834669     -41614.98891742     -41622.49276672     -41623.32729991     -41625.72158309     -41627.94917917     -41631.03535410     -41632.60962606     -41632.97997576     -41651.95295283     -41652.32930774     -41652.24554299     -41651.93624622     -41652.68717101     -41652.82817995     -41652.87865138     -41652.84186815     -41652.13613970     -41681.69549397     -41681.92285079     -41681.05983472  
MATRIX1    -41639.07330775     -41642.24233386     -41645.41226515     -41648.83873657     -41651.86511239     -41654.64016642     -41656.20693305     -41656.82961754     -41655.81456452     -41653.25154599     -41649.41018414     -41651.60729349     -41647.79422747     -41643.34354302     -41639.59968154     -41637.22184653     -41637.76375114     -41639.08723243     -41641.46166062     -41644.24221612     -41646.11716529     -41669.67707219     -41671.66918464     -41672.18372158     -41672.41556514     -41671.99443072     -41672.36717648     -41672.24636237     -41672.79225852     -41672.81896759     -41671.97410615     -41700.30703423     -41700.91173816     -41700.68557824     -41699.22805098  
MATRIX1    -41639.24147483     -41642.17113829     -41646.03559813     -41649.57477114     -41659.00520151     -41663.67167784     -41666.33820623     -41667.84221157     -41668.01801605     -41666.82125190     -41664.34755507     -41660.98744320     -41656.96541420     -41656.41888289     -41654.15435823     -41652.94072933     -41653.65455108     -41655.38365890     -41658.53047971     -41661.31839863     -41685.24578865     -41688.28623850     -41689.74165514     -41690.54142429     -41690.18548425     -41690.45539517     -41690.30135745     -41690.92184426     -41690.94242793     -41690.47278837     -41723.27489611     -41723.58056791     -41722.50271393     -41722.07840734     -41720.51111177  
MATRIX1    -41654.72891277     -41657.27777067     -41660.37987545     -41663.52954572     -41668.35293354     -41671.96141069     -41674.98601432     -41677.19874613     -41677.88416580     -41677.77717509     -41676.11312708     -41674.43467689     -41671.69960794     -41668.77125808     -41667.82259929     -41667.29576847     -41668.19627087     -41670.69606333     -41673.58280188     -41679.35676226     -41682.52244424     -41684.93210947     -41685.90812466     -41706.21537876     -41706.48653457     -41706.68194506     -41706.52251819     -41707.26212292     -41707.28106013     -41707.52589404     -41707.13030807     -41706.13934455     -41735.65787353     -41735.73640277     -41734.68041914  
MATRIX1    -41663.67434738     -41665.88545893     -41668.84445231     -41672.00630327     -41676.22789912     -41679.69923028     -41684.31085114     -41686.71128277     -41687.92865818     -41687.95284600     -41686.83952369     -41685.31682598     -41682.88859521     -41680.31242306     -41680.12553279     -41679.94609043     -41681.20157822     -41683.94114496     -41686.97334482     -41693.04684563     -41696.23438467     -41698.70554060     -41699.57882100     -41720.18368526     -41720.68884545     -41720.66140973     -41721.13442405     -41721.19584644     -41721.64409045     -41721.59899788     -41720.97462414     -41751.20549676     -41751.59210608     -41751.37984896     -41750.21151580  
MATRIX1    -41672.13592193     -41673.89924732     -41676.98779944     -41680.76100846     -41684.36517970     -41688.60533389     -41691.80887127     -41695.76183967     -41697.23042177     -41697.46866606     -41696.63521164     -41695.01461454     -41692.69185597     -41691.94254116     -41690.73701491     -41690.74536524     -41692.29257279     -41694.75978113     -41700.05916860     -41703.73694889     -41706.73315192     -41729.71027045     -41732.14541038     -41732.67286178     -41732.98181984     -41732.56160263     -41732.96079377     -41733.05391773     -41733.54232118     -41733.36381710     -41732.59451774     -41765.09495286     -41765.43052456     -41765.46000941     -41763.82223890  
MATRIX1    -41679.81765530     -41681.96410272     -41684.92843967     -41688.59528626     -41692.20355667     -41696.46600312     -41699.69260525     -41702.80496546     -41704.33642974     -41704.87797205     -41705.27336085     -41704.06081234     -41702.27219690     -41700.36313441     -41700.41224576     -41700.71265410     -41702.24820006     -41705.32334872     -41708.54664287     -41714.61279617     -41718.13524744     -41740.15406690     -41742.31617566     -41743.03749505     -41742.90237400     -41743.25755351     -41743.01972152     -41743.60211419     -41743.45978478     -41743.46858877     -41743.20185075     -41742.36667374     -41778.90440336     -41779.34131258     -41779.15973180  
MATRIX1    -41687.24058686     -41688.94939640     -41691.83079253     -41695.57294277     -41699.16748023     -41703.46480338     -41706.75826956     -41709.84311525     -41711.42166859     -41712.45926579     -41712.02483994     -41711.53610418     -41709.98668425     -41708.55121990     -41707.53611812     -41709.06594256     -41710.82794512     -41713.88542530     -41717.10936802     -41720.82138622     -41745.89419090     -41748.98405760     -41750.62677491     -41751.48712692     -41751.20901368     -41751.65307092     -41751.52006837     -41752.10295058     -41752.03347294     -41751.53269709     -41750.39627047     -41779.60278056     -41780.17281797     -41779.83267171     -41779.18357103  
MATRIX1    -41693.05355942     -41694.67563996     -41697.62576886     -41701.45067266     -41705.09895648     -41710.14392134     -41713.51325001     -41716.14515767     -41717.90755255     -41718.84274411     -41718.34620646     -41717.60771808     -41716.07166649     -41714.33810263     -41714.92462409     -41715.42028200     -41717.12347333     -41720.28187648     -41723.60921533     -41748.64848652     -41753.09814223     -41755.90482739     -41757.79494483     -41758.24275304     -41758.76525960     -41758.54181209     -41758.98670260     -41759.13006401     -41758.88079292     -41758.83643221     -41758.53772069     -41757.87412809     -41756.46189988     -41788.78857640     -41788.37024530  
MATRIX1    -41697.49480989     -41700.93997798     -41703.71375184     -41707.23478562     -41711.15495260     -41714.76905668     -41718.50933201     -41721.02074817     -41723.07927153     -41723.63453121     -41724.08766399     -41723.10572089     -41721.59292984     -41719.96568544     -41720.58453890     -41721.19550247     -41722.97039392     -41726.17590830     -41729.46237484     -41754.30958036     -41758.71990039     -41761.79126108     -41763.32355445     -41764.32078558     -41764.20145733     -41764.55489949     -41764.52882601     -41765.00019993     -41765.11240448     -41764.61079359     -41764.19167161     -41763.60896510     -41798.93107793     -41799.14114285     -41798.89472333  
MATRIX1    -41703.04378668     -41704.68357010     -41707.53360588     -41711.20732667     -41714.75716470     -41718.91798154     -41722.16349973     -41725.27728459     -41726.85540524     -41732.96431786     -41732.84681438     -41731.91175415     -41730.19477567     -41729.33619838     -41728.50448925     -41728.76119658     -41731.13258690     -41733.96290792     -41737.44506672     -41741.08252883     -41767.06314370     -41770.37256033     -41772.08475679     -41773.09094815     -41773.06222431     -41773.61176810     -41773.44345720     -41774.05017403     -41774.16145110     -41773.78539210     -41773.04748073     -41772.15630640     -41770.62585528     -41801.46476890     -41802.48891470  
MATRIX1    -41705.55176860     -41707.17831211     -41710.13512666     -41713.88699396     -41717.49860789     -41728.04560733     -41732.08214085     -41734.51551002     -41736.00127875     -41736.43429646     -41736.18033879     -41734.69321322     -41732.83060910     -41730.93133678     -41731.29604541     -41731.56453337     -41733.09233250     -41736.17941640     -41739.44510034     -41765.45353764     -41769.56173374     -41772.72068223     -41774.45130484     -41775.58298484     -41775.64420284     -41776.75689983     -41776.86556629     -41777.01192858     -41776.61578786     -41776.82883936     -41776.44164600     -41775.39548030     -41804.94457565     -41805.94070173     -41806.17957149  
MATRIX1    -41706.63692357     -41708.80669811     -41718.67877166     -41722.66136431     -41726.20273120     -41730.20693422     -41733.22751067     -41735.95709671     -41737.28395860     -41737.72370966     -41738.08488200     -41736.93685299     -41735.08827760     -41733.84464785     -41732.91058288     -41734.99095939     -41736.95485122     -41740.31703363     -41743.77439781     -41768.34620863     -41772.74430659     -41775.67411430     -41777.72155090     -41778.39705496     -41779.16599041     -41779.11729318     -41779.72451721     -41779.86083813     -41779.54944412     -41779.41262845     -41778.91664827     -41777.87123777     -41776.16239334     -41806.43724398     -41807.06730175  
MATRIX1    -41726.84085585     -41729.13145067     -41731.19397938     -41734.35577581     -41738.07834477     -41741.28853944     -41744.62233152     -41746.88837282     -41748.46653190     -41749.56574834     -41749.34719918     -41749.62728113     -41748.87804319     -41748.39389309     -41748.46453539     -41751.77893350     -41754.82628088     -41759.11355818     -41763.44839496     -41768.72378069     -41772.45804610     -41776.63970796     -41778.56974760     -41779.41526160     -41779.65379599     -41779.38451986     -41780.72435284     -41780.92278052     -41780.79377134     -41780.54515065     -41779.53961427     -41779.14311932     -41778.18533911     -41777.61378748     -41776.17660127  
MATRIX1    -41727.51463786     -41729.21538762     -41731.81066707     -41735.13546689     -41738.32340598     -41742.11131699     -41744.98953290     -41747.76248532     -41749.14855126     -41749.76870464     -41750.67508709     -41749.99265211     -41748.75429487     -41749.52420972     -41749.91175249     -41751.40867855     -41754.65492650     -41758.57092993     -41765.12042720     -41769.86276523     -41773.75211648     -41776.67913485     -41778.69723520     -41779.29044280     -41780.78708107     -41780.89196705     -41780.81241179     -41781.22723295     -41780.90792424     -41780.95895056     -41780.45910276     -41779.42031720     -41777.67013711     -41807.85510672     -41808.52838651  
MATRIX1    -41726.90933878     -41728.97129839     -41731.14474128     -41735.07717400     -41738.52163753     -41742.17409485     -41745.14436826     -41747.86680738     -41749.16605347     -41749.64155302     -41750.51025262     -41749.70507983     -41748.36868122     -41749.14213042     -41749.44483590     -41750.93771781     -41754.13573546     -41757.97438038     -41763.12377568     -41767.43007158     -41773.38274104     -41776.28698757     -41778.10505731     -41780.05880473     -41780.52209832     -41780.61093878     -41780.72097681     -41780.45535558     -41781.26700784     -41781.12051520     -41780.46999777     -41778.97184665     -41806.99092705     -41808.59914002     -41809.03759687  
MATRIX1    -41726.09412207     -41727.85859203     -41730.39832508     -41734.00576297     -41737.37120940     -41742.11611299     -41745.22127149     -41747.54939460     -41748.90083343     -41749.34096225     -41749.95361129     -41749.15644740     -41748.05267053     -41747.03284799     -41748.78519915     -41750.35216037     -41753.18560358     -41757.64078999     -41762.16064225     -41768.45111715     -41772.38518983     -41775.36125656     -41777.14095766     -41778.54264404     -41778.80764694     -41780.06299404     -41780.46749444     -41780.61095499     -41780.72930684     -41780.04425561     -41779.70502385     -41778.69324873     -41777.50190646     -41775.68233278     -41786.80586006  
MATRIX1    -41723.87633828     -41725.64755953     -41729.73071452     -41733.09214725     -41736.84140188     -41740.32707330     -41743.77615236     -41746.00152928     -41747.41900805     -41747.94008418     -41748.73285139     -41747.87734480     -41746.47523685     -41746.95959983     -41747.28387098     -41748.75081545     -41751.84039915     -41755.71002552     -41761.48199872     -41765.99510141     -41770.06484441     -41774.35113161     -41776.40551193     -41777.38486406     -41777.74071979     -41778.04927093     -41777.91261605     -41779.61884230     -41779.48096169     -41779.13890810     -41777.86397130     -41777.08080746     -41776.05273503     -41774.89376496     -41772.99814297  
MATRIX1    -41720.66637439     -41724.94360513     -41727.78074659     -41731.51322039     -41735.60142511     -41739.08409536     -41742.38844731     -41744.74559175     -41746.16195397     -41746.95057412     -41746.35315716     -41745.14655812     -41743.41345008     -41745.15978064     -41745.49195879     -41747.01516436     -41750.34123282     -41754.36599623     -41759.78586514     -41764.35357367     -41768.46900181     -41772.76677623     -41774.69030095     -41775.67388543     -41776.10271553     -41776.46729036     -41776.45612552     -41778.20880986     -41778.21205908     -41777.82824975     -41777.40314364     -41776.34856306     -41775.05831990     -41773.30746787     -41788.69239980  
MATRIX1    -41720.04952517     -41722.13106827     -41725.51968828     -41729.44628089     -41733.09099387     -41737.13387973     -41740.41239298     -41742.96738946     -41744.25083097     -41744.58651945     -41745.15826172     -41744.06636491     -41742.45221565     -41741.73041662     -41741.56617781     -41745.11796841     -41748.18795340     -41752.64843115     -41757.69609905     -41762.07028319     -41766.92569443     -41769.87478824     -41773.08314830     -41774.23719134     -41774.77437239     -41775.06831863     -41775.82502352     -41776.05536416     -41776.77012499     -41776.44043215     -41775.46331086     -41774.75194128     -41773.42477761     -41772.09468590     -41770.32185505  
MATRIX1    -41716.57607062     -41718.98179148     -41722.43339912     -41725.87793541     -41731.44272012     -41735.35364657     -41738.64461204     -41740.96530713     -41742.24142795     -41742.83309935     -41742.03825641     -41741.72547489     -41740.42568158     -41739.46856554     -41739.22380715     -41742.54153728     -41745.70318611     -41750.15907985     -41755.22941926     -41760.32402437     -41764.12202462     -41768.70799742     -41770.73927331     -41771.95568198     -41772.48227523     -41772.99871750     -41773.59380516     -41773.72284205     -41775.32791892     -41775.04527828     -41774.19368182     -41773.14992653     -41771.44377865     -41770.16269082     -41768.82806372  
MATRIX1    -41712.25748835     -41715.32500598     -41718.43397796     -41724.21791882     -41728.23019321     -41732.09216089     -41735.36973155     -41737.93734887     -41738.94332711     -41740.24101071     -41739.55633876     -41738.16583264     -41736.28100085     -41737.10802399     -41737.22979764     -41738.83148263     -41741.70906037     -41746.50673565     -41751.27316971     -41758.09855351     -41762.40837436     -41765.75560608     -41767.90189942     -41769.28916524     -41769.60482023     -41771.00848808     -41771.65380782     -41772.08691118     -41772.78660589     -41772.51982634     -41772.61462862     -41771.57132360     -41770.10640807     -41768.07553642     -41766.94739301  


MATRIX2        17.16225256         15.43780660         13.94901526         13.05674133         12.66272378         13.36148202         15.13666437         18.75897026         24.04982093         31.51211407         41.28538515         53.19512658         66.85788039         82.12720109         98.65482841        116.06013613        133.26161560        148.53395562        162.41986023        174.42681402        183.87456182        192.76750151        201.36484197        209.69853603        217.38734828        223.74694025        229.30039476        233.96214040        236.84779895        240.73252480        245.04700546        249.31028067        254.25266817        257.99779431        262.89281447  
MATRIX2        16.86140195         15.17089291         13.66494119         12.63008091         12.41559930         12.89759117         14.88311980         18.35443773         23.74961470         31.22350493         40.98036303         52.88530246         66.47532702         81.99063180         98.76419971        116.20424571        133.45020156        148.50469137        162.26255367        174.31061351        184.59606318        192.72755010        201.14118814        209.51594209        217.04869118        223.86361567        228.63941304        233.06451092        237.27676316        241.45456505        244.46489908        248.98110710        253.94479155        258.98968182        264.40799871  
MATRIX2        16.93515884         15.05869336         13.68399870         12.58369181         12.20840050         12.89823878         14.66463672         18.34700246         23.63406843         31.23579626         40.82023353         52.61679285         66.44984655         81.84084765         98.95567201        116.39119160        132.96910424        148.83382657        162.84858850        174.78991796        184.02181089        192.98732037        201.65854949        209.74942502        217.37901944        224.30540082        228.91806053        233.26077291        237.56149953        241.43641577        245.75884119        249.81815285        254.73033619        260.14064101        264.35148021  
MATRIX2        17.24334444         15.45307516         13.90457153         12.85280669         12.57843300         13.00680187         14.96460348         18.39254026         23.88099412         31.51486018         41.00215392         52.82373658         66.67279575         82.02457403         99.16407382        116.44015625        133.19223813        149.05298235        163.11117737        174.34137875        184.42064308        193.75769326        202.21384439        210.39685718        217.32632070        223.91698264        229.63094951        234.31735677        237.57406527        241.71258202        246.32329096        250.50427845        255.55840030        261.11138827        265.63342526  
MATRIX2        18.02197860         16.21312089         14.54273526         13.52994624         12.97041635         13.63492563         15.36056713         18.96944804         24.33462964         31.80441286         41.52691758         53.24226425         67.43341236         82.67854838         99.37170569        117.06929047        134.35080976        149.54746778        163.43811904        175.52752717        185.97133258        194.21085710        202.56988975        210.91190724        218.41753923        225.23905971        230.04833276        234.57658302        238.94758449        242.58536381        246.96583411        252.06266825        256.75426643        262.20663257        268.19605520  
MATRIX2        19.04868266         17.21173726         15.57220121         14.30512534         13.97495953         14.36666031         16.26390260         19.68624003         25.13156665         32.80626305         42.36870972         54.19702453         68.07317687         83.47161951        100.67502709        118.17549969        134.63461092        150.53630097        164.64970571        176.68264164        186.15699484        195.17509183        203.88511880        212.23792255        219.59332954        226.27200420        231.15611023        235.69503530        240.18181150        244.75169887        248.25218971        253.17603744        258.72208441        264.25662370        270.34125022  
MATRIX2        20.60442385         18.64783424         16.86913404         15.71024248         15.16575528         15.53099662         17.45971291         20.88453320         26.32565145         33.79843878         43.52625684         55.53187242         69.28124393         84.61905012        101.51845101        118.97858503        136.20316369        151.87016341        165.63049970        177.74224703        188.21702083        196.67961261        205.08224306        213.42380584        220.98731149        227.85954308        232.46851691        237.19030898        241.76778591        246.41946435        250.72403409        255.86200547        260.43915656        265.96835107        272.05037032  
MATRIX2        21.55158461         19.63138017         17.94179703         16.75657566         16.27228952         16.84375712         18.56809946         22.23048677         27.54490168         35.12055719         44.87477678         56.77615167         70.65491269         86.06089192        102.94385187        120.71350866        137.66174485        153.73480263        167.95616522        179.34623440        189.37510783        198.73435366        207.52124889        214.73212139        222.33443971        229.21989254        234.74165432        239.77368616        243.69860622        248.21935323        253.28422233        257.87685231        263.36009367        269.29319589        275.69183050  
MATRIX2        23.83859664         21.91804687         20.24470055         19.00712589         18.46219386         18.91788326         20.77627008         24.23032673         29.66513708         37.19349165         46.98205959         58.76119669         72.58124733         88.45451257        105.07635923        122.57111180        140.03599216        156.23964351        169.61170002        181.48061333        191.94551586        201.25551330        209.09259819        217.21570590        224.97848434        231.21352646        236.85184850        242.00371727        246.84348079        251.18028219        256.31281690        260.98693448        266.75192194        272.75428812        279.42403570  
MATRIX2        26.87469896         24.90293980         23.11864885         21.76106593         21.29237262         21.60103315         23.50353194         26.86852886         32.33262803         39.82860487         49.62027381         61.61874025         75.35227196         91.04901563        107.96692995        125.60003660        143.13934204        158.52300965        172.44552049        184.59212064        195.11457184        203.48624796        212.03220945        220.34887346        228.41601542        234.40935542        240.20161857        245.48557875        250.56317859        255.04546400        260.41910127        264.65622551        270.35045125        276.47316195        283.12671827  
MATRIX2        30.63339215         28.58553834         26.66637261         25.26956950         24.85116778         24.94355133         26.75512971         30.22929960         35.67707213         43.34681008         53.06108790         65.19769593         79.00235954         94.39958356        111.24641600        129.05388670        146.50067783        162.07835288        176.05371148        188.30394203        198.70438215        206.98936181        215.55943793        224.01537986        231.73074768        238.32134475        244.23849037        249.81760725        254.12274349        259.30003944        263.64843969        269.03798886        275.17139315        197.76431889        201.31850237  
MATRIX2        34.29939698         32.24048260         30.34804402         28.95823186         28.38775162         28.76354452         30.69405543         34.12519657         39.64443249         47.18511210         57.07936983         69.04202823         82.79862232         98.98778763        115.47978598        133.07157664        150.62652638        166.11540136        180.09682080        192.42860731        202.90004324        211.06743388        219.42655559        227.84819481        235.82874525        242.71812568        248.90281595        253.35732456        258.27265023        263.64200229        268.80964686        274.72136761        300.17078893        304.39778649        308.58313550  
MATRIX2        39.81052028         37.78220990         35.94875276         34.49139009         34.02899106         34.14543251         35.97028822         39.53273419         44.96197243         52.53737019         62.35081220         74.45016093         88.31027446        103.89921592        121.22042090        138.71463519        155.38709600        171.44711403        185.60899224        197.72618534        207.38109409        216.43395564        225.26216088        232.11568556        239.99269390        247.24738108        253.62975345        258.65931419        263.77545494        267.90819041        273.37198970        297.87548026        304.01485935        309.14177806        312.42918000  
MATRIX2        46.72989024         44.51086716         42.71649973         41.19768552         40.71260284         40.73755648         42.50535157         46.03564607         51.44783774         59.03671256         68.98889951         80.72024645         94.59953477        110.47640517        127.18849209        144.66179509        162.13800600        178.40206921        191.57307504        203.27924065        213.64360613        221.68033734        229.91220826        238.15564920        246.06957289        251.52318323        257.61503528        263.35364018        268.55392785        273.69735418        279.24523421        304.90468236        307.46281515        312.54855057        316.37516193  
MATRIX2        54.73587775         52.49036803         49.33260149         47.86455689         47.06713209         47.39459627         49.22179902         52.64132967         58.16232773         65.83154846         75.74385703         87.81351476        101.58425608        117.28099818        133.96236978        151.68416960        169.12111855        183.94099461        197.49047463        209.16096285        219.25611500        227.77164007        236.13409970        242.28940583        249.81559163        257.01764594        263.29803829        268.74902294        274.03829605        277.17355799        281.83290964        305.22365932        313.71107655        317.94913464        320.15713341  
MATRIX2        61.95961250         59.76034022         57.90580434         56.51115390         55.79227414         56.06429430         57.79993121         61.16795709         66.69247643         74.22866552         84.11183630         95.91597798        109.79382049        125.50731413        141.87975916        159.23752737        176.13520439        190.89268360        204.05163064        215.34356181        224.85170898        232.69989707        240.35014658        248.28971467        255.71010499        262.97343357        267.43549999        272.87566053        278.11983205        304.56855169        305.70268578        311.61746955        314.73223990        319.43433578        323.48432336  
MATRIX2        71.97583633         69.76975338         67.85734980         66.38177561         65.63652769         65.73093153         67.44078537         70.89068946         76.20586674         83.77586019         93.43603624        105.34979011        118.80459501        134.05171757        150.91940951        166.24360214        182.56879932        197.51736583        210.53141958        221.19988283        230.28562170        237.79592214        245.27305991        252.31369837        259.28426684        265.54636363        271.39993021        275.94588298        280.58831169        305.66412672        309.10284264        313.38977859        318.49713516        319.09322803        323.39519065  
MATRIX2        83.51035996         81.19920596         79.26532618         77.58553576         76.90154123         76.79801602         78.39207848         81.74564268         86.92605095         94.36420135        103.75212740        115.31767136        129.36283397        142.79623333        158.74275902        175.12693605        190.81126573        205.22376076        217.35722671        227.37581933        234.99866094        242.10760000        249.04611032        255.23178173        261.71149668        267.11712858        272.25374073        275.95646326        280.21716687        309.19242476        308.15330236        313.49702607        315.26964921        319.28308756        322.26930297  
MATRIX2        96.35652566         94.10736661         91.99062037         90.42272545         89.17987656         89.31396757         90.70597210         93.84825360         98.89984598        105.99622817        115.18771356        126.57860138        139.55484253        154.23436921        170.03471901        186.22987513        199.60764092        212.69895574        223.45441647        231.99033629        238.89932081        244.35973960        249.92480808        255.05240218        260.40833912        265.12260237        269.73132581        272.94465601        276.47622057        245.82162018        244.54398205        244.54293713        239.19726884        239.72015278        231.63458902  
MATRIX2       110.62420199        108.27113452        106.11704254        104.18905513        103.16845218        102.78715321        104.03845063        107.03339349        111.63243745        118.57039422        127.75007804        136.75595182        149.40593791        163.66401696        178.64558676        193.56904185        207.37319311        219.10202604        227.83425033        234.35416337        238.65997667        242.67111918        246.98555641        250.14876361        254.29332428        258.44965830        261.09107821        264.12085883        265.00663523        267.63691841        270.35168400        273.69299867        220.15743038        219.55910609        220.10481448  
MATRIX2       126.12136365        123.54824743        120.96382478        119.19700000        117.92184818        117.27888069        118.25492431        120.88728714        125.47938528        129.64832730        138.16870844        148.77024484        160.88069743        174.21478745        187.96843177        201.40514815        213.48258292        221.78232439        227.90774428        231.66270946        232.47096713        234.34505827        236.78884947        239.48012364        242.77091318        244.45147478        246.98610166        219.04437608        218.57868826        218.10628370        218.69537406        191.37862245        191.58244828        192.01298622        194.36589120  
MATRIX2       138.83091441        136.16881575        133.74957901        131.39956689        129.93086188        129.19691240        129.76122585        131.74652969        135.76949861        141.84522551        149.71198078        159.29257653        170.15905249        182.61321420        194.35711023        205.25148551        214.23189714        217.96933812        220.31844952        221.03289761        221.07581579        221.74052033        221.22082162        222.66157893        224.83581426        199.18049592        198.69046717        198.67457928        198.30880151        198.64028421        167.78826632        167.71731059        167.64558169        170.30694445        170.99578956  
MATRIX2       152.89463878        150.14825712        147.42616134        145.19610078        143.01113570        142.06172658        142.09887876        143.39174791        146.72132514        151.97507238        158.67594214        167.05301945        176.79841636        186.01731144        195.04650862        202.69171528        208.03230345        206.95568002        206.48398198        205.07590010        204.00728762        203.03391221        203.29518789        177.72736342        177.22203828        177.89522829        177.56719686        177.76144876        177.32874639        177.36968857        178.30176534        149.30040939        148.98133340        149.90593041        150.49094157  
MATRIX2       164.17274056        161.31182366        158.30816663        155.53829905        153.12017757        151.10621488        150.55785432        151.26200095        153.37300272        157.34365604        162.11910974        168.60510957        176.07527326        182.98679667        189.18925018        194.04867945        186.54483015        185.71029695        183.31601378        181.08841770        178.00224277        176.42797081        176.05762111        157.08464404        156.70828913        156.79205387        157.10135065        156.35042586        156.20941691        156.15894549        156.19572871        156.90145717        127.34210290        127.11474608        127.97776215  
MATRIX2       169.96428911        166.79526300        163.62533172        160.19886030        157.17248448        154.39743045        152.83066382        152.20797932        153.22303235        155.78605088        159.62741273        157.43030338        161.24336939        165.69405385        169.43791533        171.81575033        171.27384573        169.95036444        167.57593624        164.79538075        162.92043157        139.36052468        137.36841222        136.85387529        136.62203173        137.04316615        136.67042039        136.79123450        136.24533835        136.21862928        137.06349072        108.73056264        108.12585870        108.35201863        109.80954589  
MATRIX2       169.79612204        166.86645858        163.00199874        159.46282573        150.03239536        145.36591902        142.69939064        141.19538530        141.01958081        142.21634497        144.69004180        148.05015367        152.07218267        152.61871397        154.88323863        156.09686754        155.38304579        153.65393796        150.50711716        147.71919824        123.79180821        120.75135837        119.29594173        118.49617257        118.85211262        118.58220170        118.73623942        118.11575260        118.09516894        118.56480850         85.76270076         85.45702895         86.53488294         86.95918953         88.52648510  
MATRIX2       154.30868410        151.75982620        148.65772142        145.50805115        140.68466333        137.07618618        134.05158254        131.83885073        131.15343107        131.26042177        132.92446979        134.60291998        137.33798893        140.26633878        141.21499758        141.74182839        140.84132599        138.34153354        135.45479499        129.68083460        126.51515263        124.10548739        123.12947220        102.82221811        102.55106229        102.35565180        102.51507868        101.77547395        101.75653673        101.51170283        101.90728880        102.89825232         73.37972334         73.30119410         74.35717773  
MATRIX2       145.36324949        143.15213793        140.19314455        137.03129360        132.80969775        129.33836658        124.72674573        122.32631410        121.10893868        121.08475087        122.19807318        123.72077089        126.14900166        128.72517381        128.91206408        129.09150644        127.83601864        125.09645191        122.06425205        115.99075124        112.80321219        110.33205626        109.45877587         88.85391160         88.34875141         88.37618714         87.90317282         87.84175043         87.39350641         87.43859898         88.06297272         57.83210010         57.44549079         57.65774790         58.82608107  
MATRIX2       136.90167493        135.13834955        132.04979743        128.27658841        124.67241716        120.43226297        117.22872560        113.27575720        111.80717510        111.56893081        112.40238523        114.02298232        116.34574090        117.09505570        118.30058196        118.29223163        116.74502407        114.27781574        108.97842827        105.30064798        102.30444495         79.32732642         76.89218648         76.36473509         76.05577703         76.47599423         76.07680309         75.98367913         75.49527569         75.67377977         76.44307913         43.94264401         43.60707231         43.57758746         45.21535797  
MATRIX2       129.21994157        127.07349415        124.10915720        120.44231061        116.83404020        112.57159375        109.34499161        106.23263141        104.70116712        104.15962482        103.76423601        104.97678453        106.76539997        108.67446246        108.62535110        108.32494277        106.78939681        103.71424815        100.49095400         94.42480069         90.90234943         68.88352997         66.72142121         66.00010182         66.13522287         65.78004336         66.01787535         65.43548268         65.57781209         65.56900810         65.83574611         66.67092313         30.13319351         29.69628429         29.87786507  
MATRIX2       121.79701001        120.08820047        117.20680434        113.46465409        109.87011664        105.57279349        102.27932730         99.19448162         97.61592828         96.57833108         97.01275693         97.50149269         99.05091262        100.48637696        101.50147875         99.97165430         98.20965175         95.15217157         91.92822885         88.21621065         63.14340596         60.05353927         58.41082196         57.55046995         57.82858319         57.38452595         57.51752850         56.93464629         57.00412393         57.50489978         58.64132640         29.43481630         28.86477890         29.20492516         29.85402584  
MATRIX2       115.98403744        114.36195691        111.41182801        107.58692420        103.93864038         98.89367553         95.52434686         92.89243920         91.13004432         90.19485276         90.69139040         91.42987879         92.96593038         94.69949423         94.11297278         93.61731486         91.91412354         88.75572038         85.42838154         60.38911034         55.93945464         53.13276947         51.24265204         50.79484383         50.27233727         50.49578477         50.05089427         49.90753286         50.15680395         50.20116466         50.49987617         51.16346878         52.57569699         20.24902047         20.66735157  
MATRIX2       111.54278698        108.09761889        105.32384503        101.80281125         97.88264427         94.26854018         90.52826486         88.01684870         85.95832534         85.40306566         84.94993288         85.93187597         87.44466703         89.07191143         88.45305797         87.84209440         86.06720295         82.86168857         79.57522202         54.72801650         50.31769648         47.24633579         45.71404242         44.71681129         44.83613954         44.48269737         44.50877086         44.03739694         43.92519239         44.42680328         44.84592525         45.42863176         10.10651894          9.89645402         10.14287354  
MATRIX2       105.99381018        104.35402677        101.50399099         97.83027019         94.28043217         90.11961533         86.87409713         83.76031228         82.18219163         76.07327901         76.19078248         77.12584272         78.84282119         79.70139849         80.53310761         80.27640029         77.90500997         75.07468895         71.59253015         67.95506804         41.97445316         38.66503654         36.95284007         35.94664871         35.97537255         35.42582877         35.59413967         34.98742284         34.87614577         35.25220477         35.99011613         36.88129047         38.41174159          7.57282797          6.54868217  
MATRIX2       103.48582827        101.85928475         98.90247021         95.15060291         91.53898898         80.99198954         76.95545602         74.52208684         73.03631812         72.60330041         72.85725807         74.34438364         76.20698777         78.10626009         77.74155145         77.47306350         75.94526437         72.85818046         69.59249653         43.58405923         39.47586312         36.31691464         34.58629202         33.45461203         33.39339402         32.28069704         32.17203057         32.02566828         32.42180901         32.20875751         32.59595087         33.64211656          4.09302122          3.09689514          2.85802538  
MATRIX2       102.40067330        100.23089875         90.35882521         86.37623256         82.83486567         78.83066265         75.81008620         73.08050016         71.75363827         71.31388720         70.95271487         72.10074388         73.94931927         75.19294901         76.12701398         74.04663747         72.08274565         68.72056324         65.26319906         40.69138824         36.29329028         33.36348257         31.31604597         30.64054190         29.87160646         29.92030369         29.31307966         29.17675874         29.48815275         29.62496842         30.12094860         31.16635909         32.87520353          2.60035289          1.97029512  
MATRIX2        82.19674101         79.90614620         77.84361749         74.68182106         70.95925210         67.74905742         64.41526535         62.14922405         60.57106497         59.47184852         59.69039769         59.41031573         60.15955368         60.64370378         60.57306148         57.25866336         54.21131599         49.92403869         45.58920191         40.31381617         36.57955077         32.39788891         30.46784927         29.62233527         29.38380087         29.65307700         28.31324403         28.11481635         28.24382552         28.49244622         29.49798259         29.89447755         30.85225776         31.42380939         32.86099560  
MATRIX2        81.52295901         79.82220924         77.22692980         73.90212998         70.71419089         66.92627988         64.04806397         61.27511154         59.88904560         59.26889222         58.36250977         59.04494475         60.28330200         59.51338714         59.12584437         57.62891832         54.38267037         50.46666693         43.91716967         39.17483163         35.28548039         32.35846201         30.34036167         29.74715407         28.25051579         28.14562982         28.22518508         27.81036391         28.12967262         28.07864630         28.57849410         29.61727967         31.36745975          1.18249015          0.50921036  
MATRIX2        82.12825808         80.06629848         77.89285558         73.96042287         70.51595934         66.86350202         63.89322861         61.17078949         59.87154340         59.39604385         58.52734425         59.33251704         60.66891564         59.89546644         59.59276096         58.09987906         54.90186141         51.06321648         45.91382119         41.60752528         35.65485582         32.75060930         30.93253955         28.97879214         28.51549855         28.42665809         28.31662005         28.58224128         27.77058903         27.91708167         28.56759910         30.06575022          2.04666982          0.43845685          0.00000000  
MATRIX2        82.94347479         81.17900483         78.63927179         75.03183390         71.66638747         66.92148388         63.81632538         61.48820227         60.13676344         59.69663462         59.08398557         59.88114947         60.98492634         62.00474887         60.25239772         58.68543650         55.85199329         51.39680688         46.87695461         40.58647972         36.65240704         33.67634030         31.89663921         30.49495283         30.22994993         28.97460283         28.57010242         28.42664187         28.30829003         28.99334125         29.33257302         30.34434814         31.53569040         33.35526408         22.23173681  
MATRIX2        85.16125859         83.39003733         79.30688235         75.94544961         72.19619499         68.71052356         65.26144450         63.03606758         61.61858882         61.09751269         60.30474548         61.16025207         62.56236002         62.07799704         61.75372588         60.28678142         57.19719771         53.32757135         47.55559815         43.04249546         38.97275245         34.68646525         32.63208493         31.65273281         31.29687707         30.98832594         31.12498081         29.41875457         29.55663517         29.89868877         31.17362556         31.95678940         32.98486183         34.14383191         36.03945390  
MATRIX2        88.37122248         84.09399174         81.25685027         77.52437647         73.43617176         69.95350151         66.64914955         64.29200512         62.87564290         62.08702275         62.68443970         63.89103875         65.62414679         63.87781623         63.54563807         62.02243251         58.69636405         54.67160063         49.25173172         44.68402319         40.56859506         36.27082063         34.34729592         33.36371144         32.93488134         32.57030650         32.58147135         30.82878700         30.82553778         31.20934711         31.63445322         32.68903380         33.97927697         35.73012900         20.34519707  
MATRIX2        88.98807170         86.90652859         83.51790858         79.59131597         75.94660300         71.90371714         68.62520389         66.07020741         64.78676590         64.45107742         63.87933515         64.97123196         66.58538121         67.30718025         67.47141905         63.91962846         60.84964347         56.38916572         51.34149782         46.96731367         42.11190243         39.16280863         35.95444856         34.80040553         34.26322448         33.96927823         33.21257335         32.98223271         32.26747188         32.59716472         33.57428601         34.28565559         35.61281926         36.94291096         38.71574181  
MATRIX2        92.46152625         90.05580538         86.60419775         83.15966146         77.59487675         73.68395030         70.39298483         68.07228974         66.79616891         66.20449752         66.99934045         67.31212198         68.61191529         69.56903132         69.81378972         66.49605959         63.33441076         58.87851701         53.80817761         48.71357250         44.91557225         40.32959944         38.29832355         37.08191489         36.55532164         36.03887936         35.44379171         35.31475482         33.70967795         33.99231859         34.84391504         35.88767033         37.59381822         38.87490605         40.20953315  
MATRIX2        96.78010852         93.71259088         90.60361890         84.81967805         80.80740366         76.94543598         73.66786532         71.10024800         70.09426976         68.79658615         69.48125810         70.87176423         72.75659602         71.92957288         71.80779923         70.20611423         67.32853650         62.53086121         57.76442716         50.93904336         46.62922250         43.28199079         41.13569745         39.74843163         39.43277664         38.02910879         37.38378904         36.95068569         36.25099098         36.51777053         36.42296825         37.46627326         38.93118879         40.96206045         42.09020386  