
#-----------------------------------------------------------------------------#
#                                                                             #
#                                EasyHybrid                                   #
#                   - A pDynamo graphical user interface -                    #
#                                                                             #
#-----------------------------------------------------------------------------#
#                                                                             #
#     Developed by Jose Fernando R Bachega and Luis Fernando S M Timmers      #
#                            <ferbachega@gmail.com>                           #
#                                                                             #
#             visit: https://sites.google.com/site/EasyHybrid/                #
#                   Univesity of Sao Paulo - SP, Brazil                       #
#      Pontifical Catholic University of Rio Grande do Sul - RS, Brazil       #
#                                                                             #
#                                                                             #
#   EasyHybrid team:                               Special thanks to:         #
#   - Jose Fernando R Bachega           |         - Fernando V Maluf          #
#   - Michele Silva                     |                                     #
#   - Luis Fernando S M Timmers         |                                     #
#   - Martin Field                      |         - Leonardo R Bachega        #
#   - Troy Wymore                       |         - Lucas Assirati            #
#   - Osmar Norberto de Souza           |         - Richard Garratt           #
#   - Walter R Paixao-Cortes            |                                     #
#                                                                             #
#   Cite this work as:                                                        #
#   J.F.R. Bachega, L.F.S.M. Timmers, L.Assirati, L.B. Bachega, M.J. Field,   #
#   T. Wymore. J. Comput. Chem. 2013, 34, 2190-2196. DOI: 10.1002/jcc.23346   #
#                                                                             #
#-----------------------------------------------------------------------------#

Generated on Thu Dec 14 11:54:07 2017


--------------------------------------------------------------------------------
                      Summary for System "MtSDH_29Nov_2017"
--------------------------------------------------------------------------------

---------------------------- Atom Container Summary ----------------------------
Number of Atoms        =           7432  Number of Heavy Atoms  =           3101
Number of Hydrogens    =           4331  Number of Unknowns     =              0
--------------------------------------------------------------------------------

----------------------------- Connectivity Summary -----------------------------
Atoms                  =           7432
--------------------------------------------------------------------------------

------------------------------- Electronic State -------------------------------
Charge                 =              0  Multiplicity           =              1
--------------------------------------------------------------------------------

--------------------------------------------------------------------------------
Summary for Energy Model "AMBER/ORCA:B3LYP 6-31+G* NORMALSCF RKS CHELPG
%pal
npr
--------------------------------------------------------------------------------

----------------------------------- Summary for MM Model "AMBER" -----------------------------------
LJ 1-4 Scaling                   =          0.500  El. 1-4 Scaling                  =          0.833
Number of MM Atoms               =           7432  Number of MM Atom Types          =             48
Number of Inactive MM Atoms      =             64  Total MM Charge                  =           0.00
Harmonic Bond Terms              =           7464  Harmonic Bond Parameters         =             71
Harmonic Bond Inactive           =           3759  Fourier Improper Terms           =            707
Fourier Improper Parameters      =              8  Fourier Improper Inactive        =            196
Harmonic Angle Terms             =           6793  Harmonic Angle Parameters        =            102
Harmonic Angle Inactive          =           2038  Fourier Dihedral Terms           =          12480
Fourier Dihedral Parameters      =            183  Fourier Dihedral Inactive        =           3520
Exclusions                       =          23942  1-4 Interactions                 =           9685
LJ Parameters Form               =          AMBER  LJ Parameters Types              =             48
1-4 Lennard-Jones Form           =          AMBER  1-4 Lennard-Jones Types          =             48
----------------------------------------------------------------------------------------------------

------------------- Summary for QC Model "ORCA:BP86:DefBas4" -------------------
Number of QC Atoms     =             66  Boundary Atoms         =              2
Nuclear Charge         =            252  Orbital Functions      =              0
Fitting Functions      =              0  Energy Base Line       =        0.00000
--------------------------------------------------------------------------------

----------------------------- ORCA NB Model Summary ----------------------------
El. 1-4 Scaling        =       0.833333  QC/MM Coupling         =    RC Coupling
--------------------------------------------------------------------------------

---------------------------- Hard Constraint Container Summary ---------------------------
Number of Charge Constraints  =            0  Number of Fixed Atoms         =         3861
------------------------------------------------------------------------------------------

------------------------------- Sequence Summary -------------------------------
Number of Atoms            =       7432  Number of Components       =       1490
Number of Entities         =          1  Number of Linear Polymers  =          0
Number of Links            =          0  Number of Variants         =          0
--------------------------------------------------------------------------------

--------------------------------------------------------------------------------
                              EasyHybrid SCAN2D
--------------------------------------------------------------------------------

--------------------- Coordinate 1 - Multiple-Distance -------------------------
ATOM1                  =           3633  ATOM NAME1             =              C
ATOM2*                 =           3635  ATOM NAME2             =              H
ATOM3                  =           3704  ATOM NAME3             =              C
--------------------------------------------------------------------------------
--------------------- Coordinate 2 - Multiple-Distance -------------------------
ATOM1                  =            965  ATOM NAME1             =              N
ATOM2*                 =            968  ATOM NAME2             =              H
ATOM3                  =           3705  ATOM NAME3             =              O
--------------------------------------------------------------------------------


MATRIX1  -4351969.73634554   -4351981.57765844   -4351993.31194336   -4352006.11860582   -4352010.59138501   -4352008.59325454   -4352011.22299373   -4352013.40558121   -4352006.12580046   -4351989.34072949   -4351975.04360624   -4351965.85194628  
MATRIX1  -4351967.43007363   -4351979.45206181   -4351993.44835996   -4352005.01653658   -4352008.70740405   -4352005.52999025   -4352006.26629903   -4352009.43757452   -4352004.02953607   -4351986.04170248   -4351971.19765666   -4351960.36557600  
MATRIX1  -4351962.36368111   -4351974.37214116   -4351988.50670868   -4351999.03057970   -4352005.07699683   -4352000.35264868   -4352004.18992935   -4352008.02115226   -4351997.88521776   -4351979.96348687   -4351969.86554727   -4351956.36524302  
MATRIX1  -4351952.60788636   -4351964.05054240   -4351979.36231092   -4351988.70690537   -4351994.32271937   -4351992.62119142   -4351993.80584699   -4351997.40301020   -4351985.82500869   -4351968.97121396   -4351953.81900024   -4351946.71979380  
MATRIX1  -4351936.57640803   -4351947.78800566   -4351962.50849845   -4351973.04566135   -4351978.40585016   -4351974.76333619   -4351977.08450835   -4351980.26899901   -4351976.56140913   -4351959.91161076   -4351942.63738820   -4351928.52588108  
MATRIX1  -4351912.86553969   -4351925.63171674   -4351938.86647628   -4351949.79302808   -4351956.00654088   -4351957.51232588   -4351965.94244250   -4351967.88408034   -4351955.57633913   -4351938.91035965   -4351923.03948431   -4351916.14439244  
MATRIX1  -4351877.59247436   -4351891.06496917   -4351905.81754250   -4351918.39015066   -4351928.84583533   -4351928.77023707   -4351938.69284661   -4351939.45956241   -4351927.30271146   -4351910.68802976   -4351874.07943987   -4351881.12232750  
MATRIX1  -4351838.18695353   -4351848.34789095   -4351865.86410296   -4351881.11861403   -4351890.28855363   -4351895.28219451   -4351898.56282762   -4351900.87888045   -4351888.89340450   -4351876.48518645   -4351872.39855679   -4351872.25876795  
MATRIX1  -4351789.16699133   -4351796.97793678   -4351814.99856231   -4351832.55638358   -4351836.52059520   -4351852.26929241   -4351871.90157202   -4351896.43993355   -4351899.88015200   -4351892.62347732   -4351888.81596424   -4351891.36304041  
MATRIX1  -4351775.44915484   -4351776.08763714   -4351785.36183404   -4351810.11791790   -4351835.45139286   -4351862.11605204   -4351889.87170521   -4351906.18298234   -4351923.38260617   -4351771.72119478   -4351915.15339803   -4351918.84340285  
MATRIX1  -4351777.99098811   -4351771.72119478   -4351789.00810880   -4351814.37319226   -4351843.44622089   -4351875.42410611   -4351905.65037982   -4351939.56709443   -4351941.90136385   -4351936.59279359   -4351929.97186089   -4351935.26318771  
MATRIX1  -4351777.62753068   -4351774.10742393   -4351793.32915582   -4351841.05143865   -4351874.13070698   -4351909.34003994   -4351942.95794133   -4351958.38580495   -4351962.73507034   -4351954.81908575   -4351952.56674272   -4351928.96629809  
MATRIX1  -4351797.27321099   -4351789.73479171   -4351802.87643743   -4351829.41017863   -4351866.07204362   -4351909.41311600   -4351944.45682317   -4351964.09244833   -4351970.25481155   -4351960.87117284   -4351957.72536544   -4351949.90363100  
MATRIX1  -4351793.06412606   -4351785.28100744   -4351801.96358617   -4351825.50944964   -4351860.16071176   -4351899.93063887   -4351936.37788741   -4351958.70916554   -4351963.43457675   -4351955.16731080   -4351951.61488395   -4351945.88485241  
MATRIX1  -4351782.55169185   -4351777.61679355   -4351794.23581792   -4351817.73597406   -4351847.82324775   -4351885.72919994   -4351921.38335926   -4351943.46600494   -4351947.66893551   -4351945.50814617   -4351938.07051077   -4351931.40515948  


MATRIX2        43.66923568         31.82792277         20.09363786          7.28697539          2.81419620          4.81232667          2.18258748          0.00000000          7.27978075         24.06485172         38.36197497         47.55363493  
MATRIX2        45.97550758         33.95351940         19.95722125          8.38904463          4.69817716          7.87559096          7.13928218          3.96800669          9.37604514         27.36387873         42.20792455         53.04000521  
MATRIX2        51.04190010         39.03344005         24.89887253         14.37500151          8.32858438         13.05293253          9.21565186          5.38442895         15.52036345         33.44209434         43.54003394         57.04033819  
MATRIX2        60.79769485         49.35503881         34.04327029         24.69867584         19.08286184         20.78438979         19.59973422         16.00257101         27.58057252         44.43436725         59.58658097         66.68578741  
MATRIX2        76.82917318         65.61757555         50.89708276         40.35991986         34.99973105         38.64224502         36.32107286         33.13658220         36.84417208         53.49397045         70.76819301         84.87970013  
MATRIX2       100.54004152         87.77386447         74.53910493         63.61255313         57.39904033         55.89325534         47.46313872         45.52150087         57.82924208         74.49522156         90.36609690         97.26118877  
MATRIX2       135.81310685        122.34061204        107.58803871         95.01543055         84.55974588         84.63534414         74.71273460         73.94601881         86.10286975        102.71755145        139.32614134        132.28325371  
MATRIX2       175.21862768        165.05769026        147.54147825        132.28696718        123.11702759        118.12338670        114.84275359        112.52670076        124.51217671        136.92039476        141.00702442        141.14681326  
MATRIX2       224.23858988        216.42764443        198.40701890        180.84919764        176.88498601        161.13628880        141.50400919        116.96564766        113.52542921        120.78210390        124.58961697        122.04254080  
MATRIX2       237.95642637        237.31794407        228.04374717        203.28766331        177.95418835        151.28952918        123.53387600        107.22259887         90.02297505        241.68438643         98.25218318         94.56217836  
MATRIX2       235.41459310        241.68438643        224.39747241        199.03238895        169.95936032        137.98147510        107.75520139         73.83848678         71.50421736         76.81278762         83.43372032         78.14239350  
MATRIX2       235.77805054        239.29815728        220.07642539        172.35414256        139.27487424        104.06554127         70.44763988         55.01977626         50.67051087         58.58649547         60.83883849         84.43928312  
MATRIX2       216.13237022        223.67078950        210.52914378        183.99540259        147.33353759        103.99246521         68.94875804         49.31313288         43.15076966         52.53440837         55.68021577         63.50195021  
MATRIX2       220.34145515        228.12457377        211.44199504        187.89613157        153.24486945        113.47494234         77.02769380         54.69641567         49.97100446         58.23827041         61.79069727         67.52072880  
MATRIX2       230.85388936        235.78878766        219.16976329        195.66960715        165.58233346        127.67638127         92.02222195         69.93957627         65.73664570         67.89743504         75.33507044         82.00042173  


RCOORD1        -2.21659256         -2.21636060         -2.21665202         -2.21628266         -2.21688544         -2.21672383         -2.21729743         -2.21680087         -2.21699248         -2.21677737         -2.21667384         -2.21756008  
RCOORD1        -1.91778218         -1.91849909         -1.91754880         -1.91762963         -1.91779524         -1.91790689         -1.91771534         -1.91785961         -1.91774360         -1.91764943         -1.91805388         -1.91924153  
RCOORD1        -1.61942362         -1.61952910         -1.61902978         -1.61954930         -1.61939171         -1.61924442         -1.61955921         -1.61899031         -1.61955101         -1.61932067         -1.62023021         -1.62073987  
RCOORD1        -1.32161030         -1.32172405         -1.32103864         -1.32129871         -1.32095791         -1.32114456         -1.32097651         -1.32147355         -1.32157836         -1.32242360         -1.32286325         -1.32371562  
RCOORD1        -1.02528629         -1.02575143         -1.02502010         -1.02489470         -1.02491673         -1.02481465         -1.02444486         -1.02446927         -1.02376481         -1.02446774         -1.02511358         -1.02227439  
RCOORD1        -0.72912885         -0.72927738         -0.72891474         -0.72868387         -0.72814718         -0.72746129         -0.72595709         -0.72420362         -0.72329279         -0.72228270         -0.72040644         -0.71973611  
RCOORD1        -0.43496342         -0.43456496         -0.43430908         -0.43299067         -0.43122164         -0.42841413         -0.42340231         -0.41766412         -0.41309519         -0.40997988         -0.40520722         -0.40446084  
RCOORD1        -0.13584140         -0.13477212         -0.13365034         -0.13102509         -0.12655214         -0.11804285         -0.10516105         -0.09943740         -0.09521214         -0.09166746         -0.09095289         -0.09095845  
RCOORD1         0.18010300          0.18060452          0.18278531          0.18739421          0.19668042          0.20112462          0.20477915          0.20636250          0.20728345          0.20702587          0.20758304          0.20742942  
RCOORD1         0.49348930          0.49332801          0.49404903          0.49486204          0.49624196          0.49757037          0.49871765          0.49942509          0.49917831          0.49938115          0.49967003          0.49930518  
RCOORD1         0.79072069          0.79072083          0.79109896          0.79109598          0.79138743          0.79176502          0.79216921          0.79233811          0.79243648          0.79273881          0.79281002          0.79210082  
RCOORD1         1.08686282          1.08688662          1.08670924          1.08733478          1.08704052          1.08750739          1.08754302          1.08795461          1.08782909          1.08738580          1.08766876          1.08738008  
RCOORD1         1.38366905          1.38374958          1.38401289          1.38401516          1.38362281          1.38346617          1.38376982          1.38352054          1.38423698          1.38428800          1.38401919          1.38379493  
RCOORD1         1.68030471          1.68081596          1.68112172          1.68121419          1.68062788          1.68105010          1.68111933          1.68137216          1.68185494          1.68174278          1.68171747          1.68212274  
RCOORD1         1.97905006          1.97903563          1.97921842          1.97902581          1.97928007          1.97950275          1.97974859          1.98011217          1.98021754          1.98077138          1.98070843          1.98145784  


RCOORD2        -1.34524758         -1.06791782         -0.80121819         -0.54829330         -0.28475667          0.00672687          0.33334521          0.66178545          0.98560939          1.32080354          1.63978401          1.95968542  
RCOORD2        -1.34442304         -1.06711331         -0.80210918         -0.54625562         -0.28439090          0.00553433          0.33478114          0.66151160          0.98815887          1.32094643          1.63829493          1.95309598  
RCOORD2        -1.34398991         -1.06691895         -0.80140689         -0.54741480         -0.28499359          0.00680438          0.33299103          0.66259171          0.98653950          1.31907549          1.63744118          1.95205921  
RCOORD2        -1.34315127         -1.06636346         -0.80180460         -0.54786906         -0.28745711          0.00550145          0.33421466          0.66209450          0.98514022          1.31615284          1.63138783          1.94889666  
RCOORD2        -1.34352278         -1.06630802         -0.80200593         -0.54915539         -0.28577643          0.00388980          0.33349844          0.66006385          0.98283548          1.31606549          1.63042481          1.96614548  
RCOORD2        -1.34229047         -1.06642685         -0.80006521         -0.54835546         -0.28599410          0.00858975          0.33850485          0.66698626          0.98347935          1.31302538          1.65227828          1.97306143  
RCOORD2        -1.34262798         -1.06492780         -0.79910643         -0.54604731         -0.28024800          0.01494787          0.35103992          0.67750806          0.99135949          1.32283409          1.67634395          1.99446580  
RCOORD2        -1.34209485         -1.06195980         -0.79419238         -0.53735834         -0.26807020          0.04482298          0.38707229          0.69814164          1.00761097          1.33961872          1.67618075          1.99094142  
RCOORD2        -1.34089721         -1.05663334         -0.78360870         -0.51771348         -0.23113491          0.08215978          0.40745958          0.71824721          1.02144086          1.33980232          1.65640068          1.98695733  
RCOORD2        -1.34528696         -1.05574947         -0.77325119         -0.50344796         -0.22028135          0.09258552          0.41059017          0.71531153          1.02325679          1.34068835          1.65627190          1.98750390  
RCOORD2        -1.34561590         -1.05272004         -0.77344589         -0.49985257         -0.21622124          0.09667239          0.41123064          0.71978545          1.01730098          1.34464511          1.65327282          1.98523350  
RCOORD2        -1.34535540         -1.05302905         -0.77348868         -0.49943008         -0.21709086          0.09493051          0.41240454          0.72004819          1.01867828          1.34530586          1.66115693          1.99238411  
RCOORD2        -1.34515014         -1.05562930         -0.77247452         -0.49808600         -0.21078822          0.10275281          0.41705238          0.72024519          1.02187309          1.34073463          1.65398895          1.97725000  
RCOORD2        -1.34521394         -1.05348656         -0.77296911         -0.49936250         -0.21202165          0.10166128          0.41871088          0.71859822          1.02017726          1.34156634          1.65868859          1.97196883  
RCOORD2        -1.34370267         -1.05212799         -0.77176350         -0.49986841         -0.21397335          0.10372358          0.42291297          0.71924864          1.02317398          1.34198244          1.65393981          1.97635953  