
#-----------------------------------------------------------------------------#
#                                                                             #
#                                EasyHybrid                                   #
#                   - A pDynamo graphical user interface -                    #
#                                                                             #
#-----------------------------------------------------------------------------#
#                                                                             #
#     Developed by Jose Fernando R Bachega and Luis Fernando S M Timmers      #
#                            <ferbachega@gmail.com>                           #
#                                                                             #
#             visit: https://sites.google.com/site/EasyHybrid/                #
#                   Univesity of Sao Paulo - SP, Brazil                       #
#      Pontifical Catholic University of Rio Grande do Sul - RS, Brazil       #
#                                                                             #
#                                                                             #
#   EasyHybrid team:                               Special thanks to:         #
#   - Jose Fernando R Bachega           |         - Fernando V Maluf          #
#   - Michele Silva                     |                                     #
#   - Luis Fernando S M Timmers         |                                     #
#   - Martin Field                      |         - Leonardo R Bachega        #
#   - Troy Wymore                       |         - Lucas Assirati            #
#   - Osmar Norberto de Souza           |         - Richard Garratt           #
#   - Walter R Paixao-Cortes            |                                     #
#                                                                             #
#   Cite this work as:                                                        #
#   J.F.R. Bachega, L.F.S.M. Timmers, L.Assirati, L.B. Bachega, M.J. Field,   #
#   T. Wymore. J. Comput. Chem. 2013, 34, 2190-2196. DOI: 10.1002/jcc.23346   #
#                                                                             #
#-----------------------------------------------------------------------------#

Generated on Fri Dec  8 10:26:03 2017


--------------------------------------------------------------------------------
                      Summary for System "MtSDH_29Nov_2017"
--------------------------------------------------------------------------------

---------------------------- Atom Container Summary ----------------------------
Number of Atoms        =           7432  Number of Heavy Atoms  =           3101
Number of Hydrogens    =           4331  Number of Unknowns     =              0
--------------------------------------------------------------------------------

----------------------------- Connectivity Summary -----------------------------
Atoms                  =           7432
--------------------------------------------------------------------------------

------------------------------- Electronic State -------------------------------
Charge                 =              0  Multiplicity           =              1
--------------------------------------------------------------------------------

--------------------------------------------------------------------------------
Summary for Energy Model "AMBER/ORCA:B3LYP 6-31+G* NORMALSCF RKS CHELPG
%pal
npr
--------------------------------------------------------------------------------

----------------------------------- Summary for MM Model "AMBER" -----------------------------------
LJ 1-4 Scaling                   =          0.500  El. 1-4 Scaling                  =          0.833
Number of MM Atoms               =           7432  Number of MM Atom Types          =             48
Number of Inactive MM Atoms      =             64  Total MM Charge                  =          -5.00
Harmonic Bond Terms              =           7464  Harmonic Bond Parameters         =             71
Harmonic Bond Inactive           =           3759  Fourier Improper Terms           =            707
Fourier Improper Parameters      =              8  Fourier Improper Inactive        =            196
Harmonic Angle Terms             =           6793  Harmonic Angle Parameters        =            102
Harmonic Angle Inactive          =           2038  Fourier Dihedral Terms           =          12480
Fourier Dihedral Parameters      =            183  Fourier Dihedral Inactive        =           3520
Exclusions                       =          23942  1-4 Interactions                 =           9685
LJ Parameters Form               =          AMBER  LJ Parameters Types              =             48
1-4 Lennard-Jones Form           =          AMBER  1-4 Lennard-Jones Types          =             48
----------------------------------------------------------------------------------------------------

------------------- Summary for QC Model "ORCA:BP86:DefBas4" -------------------
Number of QC Atoms     =             66  Boundary Atoms         =              2
Nuclear Charge         =            252  Orbital Functions      =              0
Fitting Functions      =              0  Energy Base Line       =        0.00000
--------------------------------------------------------------------------------

----------------------------- ORCA NB Model Summary ----------------------------
El. 1-4 Scaling        =       0.833333  QC/MM Coupling         =    RC Coupling
--------------------------------------------------------------------------------

---------------------------- Hard Constraint Container Summary ---------------------------
Number of Charge Constraints  =            0  Number of Fixed Atoms         =         3861
------------------------------------------------------------------------------------------

------------------------------- Sequence Summary -------------------------------
Number of Atoms            =       7432  Number of Components       =       1490
Number of Entities         =          1  Number of Linear Polymers  =          0
Number of Links            =          0  Number of Variants         =          0
--------------------------------------------------------------------------------

--------------------------------------------------------------------------------
                              EasyHybrid SCAN2D
--------------------------------------------------------------------------------

--------------------- Coordinate 1 - Multiple-Distance -------------------------
ATOM1                  =           3633  ATOM NAME1             =              C
ATOM2*                 =           3635  ATOM NAME2             =              H
ATOM3                  =           3704  ATOM NAME3             =              C
--------------------------------------------------------------------------------
--------------------- Coordinate 2 - Multiple-Distance -------------------------
ATOM1                  =            965  ATOM NAME1             =              N
ATOM2*                 =            968  ATOM NAME2             =              H
ATOM3                  =           3705  ATOM NAME3             =              O
--------------------------------------------------------------------------------


MATRIX1  -4406341.22255136   -4406347.86634193   -4406350.27891623   -4406345.19869448   -4406326.88567159   -4406296.67458429   -4406267.43824823   -4406244.25493261   -4406219.46077594   -4406187.82211341   -4406163.16912680   -4406144.85959979  
MATRIX1  -4406338.81248610   -4406345.70353321   -4406348.58562477   -4406343.41488610   -4406325.39389735   -4406294.02379593   -4406264.00126281   -4406240.87697208   -4406215.56115388   -4406184.70324720   -4406160.11393428   -4406141.48377415  
MATRIX1  -4406332.79083467   -4406340.35494785   -4406343.86072007   -4406338.35604916   -4406321.23104265   -4406288.82531262   -4406258.82075445   -4406235.24308562   -4406208.53740415   -4406178.82778950   -4406157.05464459   -4406137.24403186  
MATRIX1  -4406324.29870194   -4406332.72381400   -4406336.27373787   -4406330.39524473   -4406312.41787969   -4406281.35358998   -4406249.27305852   -4406226.61257959   -4406200.38654824   -4406173.11827115   -4406149.21188349   -4406130.85898461  
MATRIX1  -4406313.79451061   -4406321.59094491   -4406325.57940368   -4406319.30875063   -4406301.89477895   -4406270.38812595   -4406240.19609222   -4406219.35291186   -4406200.87067315   -4406174.14284179   -4406152.76368691   -4406158.76629790  
MATRIX1  -4406299.24403931   -4406308.21482113   -4406311.85989304   -4406306.74118076   -4406290.35763333   -4406262.93732442   -4406239.23906703   -4406224.25058310   -4406202.74219254   -4406183.28390084   -4406172.34953379   -4406167.10131217  
MATRIX1  -4406272.99744413   -4406283.38521372   -4406290.15940215   -4406288.00308546   -4406276.77142806   -4406252.72598762   -4406237.52465027   -4406223.54992289   -4406206.04227791   -4406185.66074905   -4406217.26293119   -4406223.37658411  
MATRIX1  -4406252.64498259   -4406266.51686406   -4406275.06531359   -4406276.97497638   -4406267.72355186   -4406249.14525393   -4406233.84541953   -4406224.36272263   -4406208.06175512   -4406218.44349908   -4406224.23244113   -4406232.90766619  
MATRIX1  -4406222.42042713   -4406239.78791295   -4406254.31396339   -4406261.08599447   -4406258.64951655   -4406253.00608403   -4406252.38701557   -4406264.59346278   -4406261.03062519   -4406250.69155519   -4406247.56735646   -4406270.77222765  
MATRIX1  -4406212.41797772   -4406225.00542688   -4406247.68427668   -4406261.42573515   -4406269.22660131   -4406274.59131841   -4406282.49959096   -4406287.05848703   -4406298.55577790   -4406290.94508364   -4406288.47806804   -4406314.48887022  
MATRIX1  -4406219.99593804   -4406232.55103007   -4406249.56320846   -4406270.71387120   -4406284.35154038   -4406295.85611123   -4406306.88749711   -4406329.78892286   -4406325.48284342   -4406320.13848664   -4406312.86573027   -4406342.84714459  
MATRIX1  -4406221.92166327   -4406233.64074504   -4406249.73928851   -4406271.62818239   -4406284.03033053   -4406296.66771951   -4406310.07218024   -4406333.06229386   -4406329.31566473   -4406325.83269179   -4406323.73724033   -4406345.25598758  
MATRIX1  -4406223.66405697   -4406232.29632377   -4406247.26053066   -4406267.39632043   -4406289.13157448   -4406309.51999102   -4406325.89015553   -4406338.72310622   -4406335.39276843   -4406330.59957935   -4406326.62403109   -4406333.32564985  
MATRIX1  -4406224.33419654   -4406232.71105815   -4406246.08458442   -4406262.84097536   -4406283.73729030   -4406304.11781712   -4406319.90993113   -4406331.35824220   -4406330.04661116   -4406328.01922923   -4406327.81488229   -4406324.21317420  
MATRIX1  -4406214.98906471   -4406227.03530520   -4406242.26637980   -4406257.72507897   -4406273.36056948   -4406297.26873509   -4406312.25594163   -4406320.94677785   -4406323.63137805   -4406319.73929513   -4406314.76789721   -4406314.45713531  


MATRIX2         9.05636487          2.41257430          0.00000000          5.08022174         23.39324464         53.60433194         82.84066800        106.02398362        130.81814029        162.45680282        187.10978943        205.41931643  
MATRIX2        11.46643013          4.57538301          1.69329145          6.86403013         24.88501888         56.25512030         86.27765342        109.40194414        134.71776235        165.57566903        190.16498195        208.79514208  
MATRIX2        17.48808156          9.92396838          6.41819616         11.92286707         29.04787358         61.45360361         91.45816178        115.03583060        141.74151208        171.45112673        193.22427164        213.03488437  
MATRIX2        25.98021428         17.55510223         14.00517836         19.88367150         37.86103654         68.92532625        101.00585771        123.66633663        149.89236799        177.16064508        201.06703274        219.41993162  
MATRIX2        36.48440562         28.68797131         24.69951254         30.97016560         48.38413728         79.89079028        110.08282401        130.92600436        149.40824308        176.13607444        197.51522932        191.51261833  
MATRIX2        51.03487692         42.06409509         38.41902319         43.53773546         59.92128290         87.34159180        111.03984920        126.02833312        147.53672369        166.99501539        177.92938244        183.17760406  
MATRIX2        77.28147210         66.89370251         60.11951407         62.27583077         73.50748817         97.55292861        112.75426596        126.72899334        144.23663832        164.61816718        133.01598504        126.90233212  
MATRIX2        97.63393364         83.76205217         75.21360264         73.30393985         82.55536436        101.13366230        116.43349669        125.91619360        142.21716111        131.83541715        126.04647509        117.37125004  
MATRIX2       127.85848910        110.49100328         95.96495284         89.19292175         91.62939968         97.27283219         97.89190066         85.68545345         89.24829104         99.58736103        102.71155977         79.50668857  
MATRIX2       137.86093851        125.27348934        102.59463954         88.85318107         81.05231492         75.68759781         67.77932527         63.22042920         51.72313833         59.33383259         61.80084819         35.79004600  
MATRIX2       130.28297818        117.72788616        100.71570777         79.56504503         65.92737585         54.42280500         43.39141912         20.48999337         24.79607281         30.14042959         37.41318595          7.43177164  
MATRIX2       128.35725295        116.63817119        100.53962771         78.65073384         66.24858569         53.61119672         40.20673598         17.21662237         20.96325150         24.44622444         26.54167590          5.02292865  
MATRIX2       126.61485926        117.98259245        103.01838556         82.88259579         61.14734175         40.75892521         24.38876069         11.55581000         14.88614780         19.67933688         23.65488514         16.95326637  
MATRIX2       125.94471969        117.56785807        104.19433181         87.43794086         66.54162593         46.16109911         30.36898510         18.92067403         20.23230506         22.25968700         22.46403394         26.06574202  
MATRIX2       135.28985152        123.24361102        108.01253643         92.55383726         76.91834674         53.01018114         38.02297460         29.33213837         26.64753817         30.53962110         35.51101902         35.82178091  


RCOORD1        -2.21659256         -2.21636060         -2.21665202         -2.21628266         -2.21688544         -2.21672383         -2.21729743         -2.21680087         -2.21699248         -2.21677737         -2.21667384         -2.21756008  
RCOORD1        -1.91778218         -1.91849909         -1.91754880         -1.91762963         -1.91779524         -1.91790689         -1.91771534         -1.91785961         -1.91774360         -1.91764943         -1.91805388         -1.91924153  
RCOORD1        -1.61942362         -1.61952910         -1.61902978         -1.61954930         -1.61939171         -1.61924442         -1.61955921         -1.61899031         -1.61955101         -1.61932067         -1.62023021         -1.62073987  
RCOORD1        -1.32161030         -1.32172405         -1.32103864         -1.32129871         -1.32095791         -1.32114456         -1.32097651         -1.32147355         -1.32157836         -1.32242360         -1.32286325         -1.32371562  
RCOORD1        -1.02528629         -1.02575143         -1.02502010         -1.02489470         -1.02491673         -1.02481465         -1.02444486         -1.02446927         -1.02376481         -1.02446774         -1.02511358         -1.02227439  
RCOORD1        -0.72912885         -0.72927738         -0.72891474         -0.72868387         -0.72814718         -0.72746129         -0.72595709         -0.72420362         -0.72329279         -0.72228270         -0.72040644         -0.71973611  
RCOORD1        -0.43496342         -0.43456496         -0.43430908         -0.43299067         -0.43122164         -0.42841413         -0.42340231         -0.41766412         -0.41309519         -0.40997988         -0.40520722         -0.40446084  
RCOORD1        -0.13584140         -0.13477212         -0.13365034         -0.13102509         -0.12655214         -0.11804285         -0.10516105         -0.09943740         -0.09521214         -0.09166746         -0.09095289         -0.09095845  
RCOORD1         0.18010300          0.18060452          0.18278531          0.18739421          0.19668042          0.20112462          0.20477915          0.20636250          0.20728345          0.20702587          0.20758304          0.20742942  
RCOORD1         0.49348930          0.49332801          0.49404903          0.49486204          0.49624196          0.49757037          0.49871765          0.49942509          0.49917831          0.49938115          0.49967003          0.49930518  
RCOORD1         0.79072069          0.79072083          0.79109896          0.79109598          0.79138743          0.79176502          0.79216921          0.79233811          0.79243648          0.79273881          0.79281002          0.79210082  
RCOORD1         1.08686282          1.08688662          1.08670924          1.08733478          1.08704052          1.08750739          1.08754302          1.08795461          1.08782909          1.08738580          1.08766876          1.08738008  
RCOORD1         1.38366905          1.38374958          1.38401289          1.38401516          1.38362281          1.38346617          1.38376982          1.38352054          1.38423698          1.38428800          1.38401919          1.38379493  
RCOORD1         1.68030471          1.68081596          1.68112172          1.68121419          1.68062788          1.68105010          1.68111933          1.68137216          1.68185494          1.68174278          1.68171747          1.68212274  
RCOORD1         1.97905006          1.97903563          1.97921842          1.97902581          1.97928007          1.97950275          1.97974859          1.98011217          1.98021754          1.98077138          1.98070843          1.98145784  


RCOORD2        -1.34524758         -1.06791782         -0.80121819         -0.54829330         -0.28475667          0.00672687          0.33334521          0.66178545          0.98560939          1.32080354          1.63978401          1.95968542  
RCOORD2        -1.34442304         -1.06711331         -0.80210918         -0.54625562         -0.28439090          0.00553433          0.33478114          0.66151160          0.98815887          1.32094643          1.63829493          1.95309598  
RCOORD2        -1.34398991         -1.06691895         -0.80140689         -0.54741480         -0.28499359          0.00680438          0.33299103          0.66259171          0.98653950          1.31907549          1.63744118          1.95205921  
RCOORD2        -1.34315127         -1.06636346         -0.80180460         -0.54786906         -0.28745711          0.00550145          0.33421466          0.66209450          0.98514022          1.31615284          1.63138783          1.94889666  
RCOORD2        -1.34352278         -1.06630802         -0.80200593         -0.54915539         -0.28577643          0.00388980          0.33349844          0.66006385          0.98283548          1.31606549          1.63042481          1.96614548  
RCOORD2        -1.34229047         -1.06642685         -0.80006521         -0.54835546         -0.28599410          0.00858975          0.33850485          0.66698626          0.98347935          1.31302538          1.65227828          1.97306143  
RCOORD2        -1.34262798         -1.06492780         -0.79910643         -0.54604731         -0.28024800          0.01494787          0.35103992          0.67750806          0.99135949          1.32283409          1.67634395          1.99446580  
RCOORD2        -1.34209485         -1.06195980         -0.79419238         -0.53735834         -0.26807020          0.04482298          0.38707229          0.69814164          1.00761097          1.33961872          1.67618075          1.99094142  
RCOORD2        -1.34089721         -1.05663334         -0.78360870         -0.51771348         -0.23113491          0.08215978          0.40745958          0.71824721          1.02144086          1.33980232          1.65640068          1.98695733  
RCOORD2        -1.34528696         -1.05574947         -0.77325119         -0.50344796         -0.22028135          0.09258552          0.41059017          0.71531153          1.02325679          1.34068835          1.65627190          1.98750390  
RCOORD2        -1.34561590         -1.05272004         -0.77344589         -0.49985257         -0.21622124          0.09667239          0.41123064          0.71978545          1.01730098          1.34464511          1.65327282          1.98523350  
RCOORD2        -1.34535540         -1.05302905         -0.77348868         -0.49943008         -0.21709086          0.09493051          0.41240454          0.72004819          1.01867828          1.34530586          1.66115693          1.99238411  
RCOORD2        -1.34515014         -1.05562930         -0.77247452         -0.49808600         -0.21078822          0.10275281          0.41705238          0.72024519          1.02187309          1.34073463          1.65398895          1.97725000  
RCOORD2        -1.34521394         -1.05348656         -0.77296911         -0.49936250         -0.21202165          0.10166128          0.41871088          0.71859822          1.02017726          1.34156634          1.65868859          1.97196883  
RCOORD2        -1.34370267         -1.05212799         -0.77176350         -0.49986841         -0.21397335          0.10372358          0.42291297          0.71924864          1.02317398          1.34198244          1.65393981          1.97635953  