
#-----------------------------------------------------------------------------#
#                                                                             #
#                                EasyHybrid                                   #
#                   - A pDynamo graphical user interface -                    #
#                                                                             #
#-----------------------------------------------------------------------------#
#                                                                             #
#     Developed by Jose Fernando R Bachega and Luis Fernando S M Timmers      #
#                            <ferbachega@gmail.com>                           #
#                                                                             #
#             visit: https://sites.google.com/site/EasyHybrid/                #
#                   Univesity of Sao Paulo - SP, Brazil                       #
#      Pontifical Catholic University of Rio Grande do Sul - RS, Brazil       #
#                                                                             #
#                                                                             #
#   EasyHybrid team:                               Special thanks to:         #
#   - Jose Fernando R Bachega           |         - Fernando V Maluf          #
#   - Michele Silva                     |                                     #
#   - Luis Fernando S M Timmers         |                                     #
#   - Martin Field                      |         - Leonardo R Bachega        #
#   - Troy Wymore                       |         - Lucas Assirati            #
#   - Osmar Norberto de Souza           |         - Richard Garratt           #
#   - Walter R Paixao-Cortes            |                                     #
#                                                                             #
#   Cite this work as:                                                        #
#   J.F.R. Bachega, L.F.S.M. Timmers, L.Assirati, L.B. Bachega, M.J. Field,   #
#   T. Wymore. J. Comput. Chem. 2013, 34, 2190-2196. DOI: 10.1002/jcc.23346   #
#                                                                             #
#-----------------------------------------------------------------------------#

Generated on Thu Dec  7 14:56:39 2017


--------------------------------------------------------------------------------
                      Summary for System "MtSDH_29Nov_2017"
--------------------------------------------------------------------------------

---------------------------- Atom Container Summary ----------------------------
Number of Atoms        =           7432  Number of Heavy Atoms  =           3101
Number of Hydrogens    =           4331  Number of Unknowns     =              0
--------------------------------------------------------------------------------

----------------------------- Connectivity Summary -----------------------------
Atoms                  =           7432
--------------------------------------------------------------------------------

------------------------------- Electronic State -------------------------------
Charge                 =              0  Multiplicity           =              1
--------------------------------------------------------------------------------

--------------------------------------------------------------------------------
Summary for Energy Model "AMBER/ORCA:B3LYP 6-31+G* NORMALSCF RKS CHELPG
%pal
npr
--------------------------------------------------------------------------------

----------------------------------- Summary for MM Model "AMBER" -----------------------------------
LJ 1-4 Scaling                   =          0.500  El. 1-4 Scaling                  =          0.833
Number of MM Atoms               =           7432  Number of MM Atom Types          =             48
Number of Inactive MM Atoms      =             64  Total MM Charge                  =          -5.00
Harmonic Bond Terms              =           7464  Harmonic Bond Parameters         =             71
Harmonic Bond Inactive           =           3759  Fourier Improper Terms           =            707
Fourier Improper Parameters      =              8  Fourier Improper Inactive        =            196
Harmonic Angle Terms             =           6793  Harmonic Angle Parameters        =            102
Harmonic Angle Inactive          =           2038  Fourier Dihedral Terms           =          12480
Fourier Dihedral Parameters      =            183  Fourier Dihedral Inactive        =           3520
Exclusions                       =          23942  1-4 Interactions                 =           9685
LJ Parameters Form               =          AMBER  LJ Parameters Types              =             48
1-4 Lennard-Jones Form           =          AMBER  1-4 Lennard-Jones Types          =             48
----------------------------------------------------------------------------------------------------

------------------- Summary for QC Model "ORCA:BP86:DefBas4" -------------------
Number of QC Atoms     =             66  Boundary Atoms         =              2
Nuclear Charge         =            252  Orbital Functions      =              0
Fitting Functions      =              0  Energy Base Line       =        0.00000
--------------------------------------------------------------------------------

----------------------------- ORCA NB Model Summary ----------------------------
El. 1-4 Scaling        =       0.833333  QC/MM Coupling         =    RC Coupling
--------------------------------------------------------------------------------

---------------------------- Hard Constraint Container Summary ---------------------------
Number of Charge Constraints  =            0  Number of Fixed Atoms         =         3861
------------------------------------------------------------------------------------------

------------------------------- Sequence Summary -------------------------------
Number of Atoms            =       7432  Number of Components       =       1490
Number of Entities         =          1  Number of Linear Polymers  =          0
Number of Links            =          0  Number of Variants         =          0
--------------------------------------------------------------------------------


--------------------------------------------------------------------------------
                              EasyHybrid SCAN
--------------------------------------------------------------------------------

------------------------ EasyHybrid SCAN Multiple-Distance ----------------------
ATOM1                  =           3633  ATOM NAME1             =              C
ATOM2*                 =           3635  ATOM NAME2             =              H
ATOM3                  =           3704  ATOM NAME3             =              C
TYPE                   = ENERGY REFINAMENT
--------------------------------------------------------------------------------

--------------------------------------------------------------------------------------------------------------------------------------------------------
      Frame     distance1-pK1-pK2      distance2-pK2-pK3      dis1-dis2         Energy(kJ/mol)       Energy_Norm(kJ/mol)         Energy(kCal/mol)
----------------------------------------------------------------------------------------------------------------------------------------------------------
        0       1.129007374791       3.146293177328       -2.017285802537       -4406348.688645257615       0.000000000000       0.000000000000
        1       1.131080912354       3.048747559099       -1.917666646746       -4406348.171385170892       0.517260086723       0.123746432230
        2       1.134220340000       2.952490108319       -1.818269768320       -4406346.269610077143       2.419035180472       0.578716550352
        3       1.134907155909       2.853564941628       -1.718657785720       -4406345.090162057430       3.598483200185       0.860881148370
        4       1.136961229141       2.756133844216       -1.619172615075       -4406343.031188570894       5.657456686720       1.353458537493
        5       1.141062780545       2.661249126366       -1.520186345821       -4406339.644103011116       9.044542246498       2.163766087679
        6       1.141102004882       2.561646663180       -1.420544658299       -4406339.798512752168       8.890132505447       2.126825958241
        7       1.146873678779       2.468251148672       -1.321377469893       -4406335.740923945792       12.947721311823       3.097540983690
        8       1.150301554470       2.372804228174       -1.222502673704       -4406332.426502726972       16.262142530642       3.890464720249
        9       1.156030343868       2.279697923250       -1.123667579382       -4406327.389915122651       21.298730134964       5.095389984441
       10       1.159620564200       2.184272211762       -1.024651647562       -4406327.021180124953       21.667465132661       5.183604098723
       11       1.169183012764       2.095970537360       -0.926787524597       -4406320.469286235049       28.219359022565       6.751042828365
       12       1.175798530844       2.003394484073       -0.827595953229       -4406314.190816845745       34.497828411870       8.253068998055
       13       1.185766119526       1.915313358043       -0.729547238516       -4406306.892978949472       41.795666308142       9.998963231613
       14       1.196390372342       1.827329424802       -0.630939052460       -4406299.131533393636       49.557111863978       11.855768388512
       15       1.207856645705       1.740050586546       -0.532193940841       -4406299.824054338038       48.864590919577       11.690093521430
       16       1.228138629829       1.662203201761       -0.434064571932       -4406290.295239009894       58.393406247720       13.969714413330
       17       1.249028625832       1.584469478977       -0.335440853145       -4406281.278279057704       67.410366199911       16.126881866007
       18       1.274707635241       1.510809094957       -0.236101459716       -4406274.098851718940       74.589793538675       17.844448214994
       19       1.303500861534       1.437378329174       -0.133877467639       -4406275.270878403448       73.417766854167       17.564059056021
       20       1.343716623816       1.374758696199       -0.031042072383       -4406268.809301176108       79.879344081506       19.109890928590
       21       1.393594141633       1.318650019723       0.074944121910       -4406263.090287650004       85.598357607611       20.478075982682
       22       1.465229771443       1.279728010223       0.185501761220       -4406259.641197181307       89.047448076308       21.303217243136
       23       1.541354848040       1.250752896790       0.290601951250       -4406258.251333762892       90.437311494723       21.635720453283
       24       1.625994873466       1.230663417060       0.395331456405       -4406260.009329535998       88.679315721616       21.215147301822
       25       1.706271385730       1.211576294380       0.494695091350       -4406265.648711630143       83.039933627471       19.866012829539
       26       1.785857546129       1.192516353801       0.593341192328       -4406271.386854266748       77.301790990867       18.493251433222
       27       1.870506031345       1.178600564271       0.691905467074       -4406276.820967414416       71.867677843198       17.193224364401
       28       1.959281271724       1.169066747212       0.790214524512       -4406280.025938924402       68.662706333213       16.426484768711
       29       2.050648631861       1.161228389693       0.889420242168       -4406282.155918397941       66.532726859674       15.916920301357
       30       2.139256444115       1.151785715498       0.987470728617       -4406285.571438320912       63.117206936702       15.099810271938
       31       2.229741847247       1.144032152205       1.085709695042       -4406287.609983311035       61.078661946580       14.612120082914
       32       2.326332535203       1.141231595541       1.185100939662       -4406286.934652689844       61.753992567770       14.773682432481
       33       2.417754183548       1.134348166256       1.283406017291       -4406288.531221220270       60.157424037345       14.391728238599
       34       2.510821391888       1.128851468489       1.381969923399       -4406288.783673517406       59.904971740209       14.331332952203
       35       2.604642474799       1.123907544024       1.480734930774       -4406287.437714842148       61.250930415466       14.653332635279
       36       2.707395272748       1.126641410419       1.580753862328       -4406285.553604155779       63.135041101836       15.104076818621
       37       2.799669346120       1.120226597916       1.679442748203       -4406283.624478406273       65.064166851342       15.565590155823
       38       2.895674274871       1.116983384251       1.778690890620       -4406281.232628629543       67.456016628072       16.137803021070
       39       3.006214660481       1.125749753436       1.880464907045       -4406259.941043608822       88.747601648793       21.231483648037