
#-----------------------------------------------------------------------------#
#                                                                             #
#                                EasyHybrid                                   #
#                   - A pDynamo graphical user interface -                    #
#                                                                             #
#-----------------------------------------------------------------------------#
#                                                                             #
#     Developed by Jose Fernando R Bachega and Luis Fernando S M Timmers      #
#                            <ferbachega@gmail.com>                           #
#                                                                             #
#             visit: https://sites.google.com/site/EasyHybrid/                #
#                   Univesity of Sao Paulo - SP, Brazil                       #
#      Pontifical Catholic University of Rio Grande do Sul - RS, Brazil       #
#                                                                             #
#                                                                             #
#   EasyHybrid team:                               Special thanks to:         #
#   - Jose Fernando R Bachega           |         - Fernando V Maluf          #
#   - Michele Silva                     |                                     #
#   - Luis Fernando S M Timmers         |                                     #
#   - Martin Field                      |         - Leonardo R Bachega        #
#   - Troy Wymore                       |         - Lucas Assirati            #
#   - Osmar Norberto de Souza           |         - Richard Garratt           #
#   - Walter R Paixao-Cortes            |                                     #
#                                                                             #
#   Cite this work as:                                                        #
#   J.F.R. Bachega, L.F.S.M. Timmers, L.Assirati, L.B. Bachega, M.J. Field,   #
#   T. Wymore. J. Comput. Chem. 2013, 34, 2190-2196. DOI: 10.1002/jcc.23346   #
#                                                                             #
#-----------------------------------------------------------------------------#

Generated on Wed Jun  5 17:58:50 2019


--------------------------------------------------------------------------------
                        Summary for System "12_ramon_new"
--------------------------------------------------------------------------------

---------------------------- Atom Container Summary ----------------------------
Number of Atoms        =           2173  Number of Heavy Atoms  =           1040
Number of Hydrogens    =           1133  Number of Unknowns     =              0
--------------------------------------------------------------------------------

----------------------------- Connectivity Summary -----------------------------
Atoms                  =           2173
--------------------------------------------------------------------------------

------------------------------- Electronic State -------------------------------
Charge                 =             -1  Multiplicity           =              1
--------------------------------------------------------------------------------

--------------------------------------------------------------------------------
                 Summary for Energy Model "AMBER/AM1DPHOT/ABFS"
--------------------------------------------------------------------------------

----------------------------------- Summary for MM Model "AMBER" -----------------------------------
LJ 1-4 Scaling                   =          0.500  El. 1-4 Scaling                  =          0.833
Number of MM Atoms               =           2173  Number of MM Atom Types          =             37
Number of Inactive MM Atoms      =             33  Total MM Charge                  =          -4.00
Harmonic Bond Terms              =           2169  Harmonic Bond Parameters         =             49
Harmonic Bond Inactive           =           1308  Fourier Improper Terms           =            320
Fourier Improper Parameters      =              3  Fourier Improper Inactive        =            164
Harmonic Angle Terms             =           3403  Harmonic Angle Parameters        =            103
Harmonic Angle Inactive          =           1938  Fourier Dihedral Terms           =           6697
Fourier Dihedral Parameters      =             48  Fourier Dihedral Inactive        =           3453
Exclusions                       =          10377  1-4 Interactions                 =           4805
LJ Parameters Form               =          AMBER  LJ Parameters Types              =             21
1-4 Lennard-Jones Form           =          AMBER  1-4 Lennard-Jones Types          =             21
----------------------------------------------------------------------------------------------------

------------------------ Summary for QC Model "AM1DPHOT" -----------------------
Number of QC Atoms     =             39  Boundary Atoms         =              6
Nuclear Charge         =            129  Orbital Functions      =            113
Fitting Functions      =              0  Energy Base Line       =      189.57630
QC Parameter Centers   =              6
--------------------------------------------------------------------------------

----------------------------- ABFS NB Model Summary ----------------------------
Dielectric             =       1.000000  El. 1-4 Scaling        =       0.833333
Damping Cutoff         =       0.500000  Inner Cutoff           =       8.000000
List Cutoff            =      13.500000  Outer Cutoff           =      12.000000
QC/MM Coupling         =    RC Coupling  Use Centering          =          False
--------------------------------------------------------------------------------

-------------------------- Pairlist Generator Summary --------------------------
Cell Size              =          6.750  Cutoff                 =         13.500
Cutoff Cell Size Factor =          0.500  Grid Cell/Cell Method  =           True
Minimum Cell Extent    =              2  Minimum Cell Size      =          3.000
Minimum Extent Factor  =          1.500  Minimum Points         =            500
Sort Indices           =          False
--------------------------------------------------------------------------------

----------------------- SoftConstraint Container Summary -----------------------
Multiple Distance      =              2
--------------------------------------------------------------------------------

---------------------------- Hard Constraint Container Summary ---------------------------
Number of Charge Constraints  =            0  Number of Fixed Atoms         =         1351
------------------------------------------------------------------------------------------

------------------------------- Sequence Summary -------------------------------
Number of Atoms            =       2173  Number of Components       =        213
Number of Entities         =          1  Number of Linear Polymers  =          0
Number of Links            =          0  Number of Variants         =          0
--------------------------------------------------------------------------------

-------------------------------  Conjugate Gradient Minimizer Options ------------------------------
Beta Type                        =              1  Initial Step                     =            0.1
Line Searcher                    =           None  Log Frequency                    =              1
Maximum Iterations               =            500  Maximum Theta                    =          1e+10
Minimum Theta                    =          1e-10  RMS Gradient Tolerance           =            0.1
Steepest Descent Tolerance       =          0.001  Use Spectral Theta               =           True
----------------------------------------------------------------------------------------------------

----------------------------------------------------------------------------------------------------------------
  Iteration       Function          RMS Gradient        Max. |Grad.|          RMS Disp.         Max. |Disp.|
----------------------------------------------------------------------------------------------------------------
     0     I      -9461.27847922         77.27194800       2922.51436046          0.00201374          0.07616199
     1   L1s      -9604.35500761          8.56831811        243.54802732          0.00151111          0.04268039
     2   L1s      -9606.77104040          4.41190426        110.44621538          0.00022950          0.00648959
     3   L1s      -9610.52391739          3.99717740         97.90903720          0.00077882          0.02069049
     4   L1s      -9613.64965463          3.25635996         72.66465209          0.00089217          0.01914824
     5   L1s      -9614.15007768          2.87350313         59.01893242          0.00018712          0.00382981
     6   L1s      -9614.91320628          1.50547050         31.16504459          0.00035642          0.00724890
     7   L1s      -9615.62869890          1.78992566         31.27371080          0.00050937          0.01121179
     8   L1s      -9616.09514747          2.24393796         63.27892281          0.00039245          0.00852994
     9   L1s      -9616.34120549          1.16976532         19.51446286          0.00022604          0.00453618
    10   L1s      -9616.50748452          1.50717296         41.42682528          0.00019111          0.00324942
    11   L1s      -9616.62745166          1.14347103         26.49912678          0.00015215          0.00290085
    12   L1s      -9616.80177753          0.81464111         16.05099627          0.00025354          0.00442964
    13   L0s      -9616.93599552          0.61044573         10.73181137          0.00025354          0.00414674
    14   L1s      -9616.99555315          1.09606370         25.22441482          0.00013841          0.00237963
    15   L0s      -9617.05373900          0.45340845          7.17611014          0.00013841          0.00248773
    16   L1s      -9617.11462026          0.46186921          7.16363504          0.00017590          0.00318184
    17   L1s      -9617.14198174          0.54465329         15.61678067          0.00009279          0.00163921
    18   L1s      -9617.15806601          0.41632689          7.59187562          0.00005957          0.00098340
    19   L1s      -9617.17995644          0.51602767         16.88963489          0.00009163          0.00141798
    20   L1s      -9617.19368413          0.36518410          6.97589623          0.00006136          0.00083788
    21   L1s      -9617.21260831          0.28446131          4.57386915          0.00009447          0.00127903
    22   L1s      -9617.23422586          0.28483759          5.74808367          0.00012423          0.00172296
    23   L1s      -9617.23993619          0.35556049          7.11611005          0.00003661          0.00049472
    24   L1s      -9617.25205736          0.26810703          4.05947696          0.00008250          0.00092575
    25   L1s      -9617.27203707          0.24688022          2.61761179          0.00014887          0.00164687
    26   L1s      -9617.28302964          0.39075902         12.68091013          0.00008952          0.00113155
    27   L1s      -9617.29105286          0.27802517          4.27015943          0.00006741          0.00081476
    28   L1s      -9617.30062480          0.35301215         10.86322981          0.00008509          0.00105198
    29   L1s      -9617.30761265          0.25432640          3.79018020          0.00006414          0.00076953
    30   L1s      -9617.32020799          0.25042755          4.87384328          0.00012243          0.00139001
    31   L0s      -9617.33333147          0.24193420          3.54709979          0.00012243          0.00135530
    32   L1s      -9617.33866996          0.34384646          7.75933507          0.00005302          0.00060322
    33   L1s      -9617.34912548          0.20920612          3.22088994          0.00011151          0.00133388
    34   L0s      -9617.35840444          0.21447715          3.00345059          0.00011151          0.00132249
    35   L1s      -9617.36354018          0.29491055          9.75947945          0.00006416          0.00074557
    36   L1s      -9617.36932448          0.18914183          2.18992090          0.00007205          0.00077202
    37   L1s      -9617.37309376          0.28207065          9.65492825          0.00004966          0.00051018
    38   L1s      -9617.37924667          0.18618082          2.22008202          0.00008297          0.00083713
    39   L1s      -9617.38754194          0.18470698          3.59313183          0.00011754          0.00118645
    40   L1s      -9617.39338274          0.20011474          4.22585596          0.00008660          0.00082479
    41   L1s      -9617.39564386          0.19808291          4.10251000          0.00003476          0.00030790
    42   L1s      -9617.39949291          0.14509138          2.55380463          0.00006124          0.00058442
    43   L1s      -9617.40175752          0.20563356          5.46509565          0.00003819          0.00036370
    44   L1s      -9617.40600194          0.14440688          1.65715277          0.00007352          0.00069099
    45   L1s      -9617.41151305          0.14607800          1.87791098          0.00010038          0.00104348
    46   L1s      -9617.41328518          0.20465670          4.61450291          0.00003375          0.00036553
    47   L1s      -9617.41715171          0.13460442          2.01098915          0.00007521          0.00086720
    48   L1s      -9617.42021242          0.13993634          2.84835824          0.00006234          0.00074204
    49   L1s      -9617.42183462          0.15426071          3.42009339          0.00003435          0.00041513
    50   L1s      -9617.42409217          0.11645516          1.64473668          0.00004926          0.00059767
    51   L1s      -9617.42675089          0.19707104          5.42831398          0.00006089          0.00073405
    52   L1s      -9617.42850359          0.12455962          1.78294820          0.00004078          0.00047832
    53   L1s      -9617.43118552          0.10352899          1.32875096          0.00006479          0.00071691
    54   L0s      -9617.43385664          0.11362017          2.57720581          0.00006479          0.00067517
    55   L1s      -9617.43486276          0.14234733          3.67761153          0.00002571          0.00025803
    56   L1s      -9617.43826605          0.16734761          4.95010339          0.00009162          0.00089371
    57   L1s      -9617.43962396          0.13540941          3.03488578          0.00003714          0.00034719
    58   L1s      -9617.44245186          0.11576116          1.42570333          0.00007912          0.00070430
    59   L0s      -9617.44546077          0.12022835          1.69895493          0.00007912          0.00071483
    60   L1s      -9617.44707913          0.16919289          5.07530842          0.00004442          0.00040451
    61   L1s      -9617.44905245          0.12386375          2.26457333          0.00005755          0.00052057
    62   L1s      -9617.45067171          0.16664462          5.12913118          0.00004840          0.00043233
    63   L1s      -9617.45275665          0.10867963          1.21070046          0.00006314          0.00054483
    64   L1s      -9617.45572910          0.13594761          1.91247903          0.00009271          0.00082628
    65   L1s      -9617.45709446          0.17402344          3.81486945          0.00004336          0.00039617
    66   L1s      -9617.46000228          0.12024052          1.40496369          0.00009335          0.00089261
    67   L1s      -9617.46226242          0.15668784          4.28565107          0.00007416          0.00072551
    68   L1s      -9617.46358719          0.10109381          1.33514033          0.00004400          0.00045269
    69   L1s      -9617.46553753          0.14434286          3.76595329          0.00006665          0.00070527
    70   L1s      -9617.46656338          0.12227326          2.21547529          0.00003552          0.00038956
    71   L1s      -9617.46867189          0.11052480          2.21940523          0.00007434          0.00084413
    72   L1s      -9617.47130052          0.13007816          3.77895485          0.00009467          0.00109356
    73   L1s      -9617.47223312          0.12427191          2.33008159          0.00003409          0.00039985
    74   L1s      -9617.47436758          0.14170039          4.57628892          0.00007927          0.00093586
    75   L1s      -9617.47541988          0.11471847          1.98601463          0.00003954          0.00046935
    76   L1s      -9617.47753925          0.08317051          0.99932304          0.00008101          0.00095500
----------------------------------------------------------------------------------------------------------------

Minimization converged.

-------------------  Conjugate Gradient Minimizer Statistics -------------------
Iterations             =             76  Function Calls         =            147
--------------------------------------------------------------------------------
