
#-----------------------------------------------------------------------------#
#                                                                             #
#                                EasyHybrid                                   #
#                   - A pDynamo graphical user interface -                    #
#                                                                             #
#-----------------------------------------------------------------------------#
#                                                                             #
#     Developed by Jose Fernando R Bachega and Luis Fernando S M Timmers      #
#                            <ferbachega@gmail.com>                           #
#                                                                             #
#             visit: https://sites.google.com/site/EasyHybrid/                #
#                   Univesity of Sao Paulo - SP, Brazil                       #
#      Pontifical Catholic University of Rio Grande do Sul - RS, Brazil       #
#                                                                             #
#                                                                             #
#   EasyHybrid team:                               Special thanks to:         #
#   - Jose Fernando R Bachega           |         - Fernando V Maluf          #
#   - Michele Silva                     |                                     #
#   - Luis Fernando S M Timmers         |                                     #
#   - Martin Field                      |         - Leonardo R Bachega        #
#   - Troy Wymore                       |         - Lucas Assirati            #
#   - Osmar Norberto de Souza           |         - Richard Garratt           #
#   - Walter R Paixao-Cortes            |                                     #
#                                                                             #
#   Cite this work as:                                                        #
#   J.F.R. Bachega, L.F.S.M. Timmers, L.Assirati, L.B. Bachega, M.J. Field,   #
#   T. Wymore. J. Comput. Chem. 2013, 34, 2190-2196. DOI: 10.1002/jcc.23346   #
#                                                                             #
#-----------------------------------------------------------------------------#

Generated on Wed Jun  5 18:03:33 2019


--------------------------------------------------------------------------------
                        Summary for System "12_ramon_new"
--------------------------------------------------------------------------------

---------------------------- Atom Container Summary ----------------------------
Number of Atoms        =           2173  Number of Heavy Atoms  =           1040
Number of Hydrogens    =           1133  Number of Unknowns     =              0
--------------------------------------------------------------------------------

----------------------------- Connectivity Summary -----------------------------
Atoms                  =           2173
--------------------------------------------------------------------------------

------------------------------- Electronic State -------------------------------
Charge                 =             -1  Multiplicity           =              1
--------------------------------------------------------------------------------

--------------------------------------------------------------------------------
                 Summary for Energy Model "AMBER/AM1DPHOT/ABFS"
--------------------------------------------------------------------------------

----------------------------------- Summary for MM Model "AMBER" -----------------------------------
LJ 1-4 Scaling                   =          0.500  El. 1-4 Scaling                  =          0.833
Number of MM Atoms               =           2173  Number of MM Atom Types          =             37
Number of Inactive MM Atoms      =             33  Total MM Charge                  =          -4.00
Harmonic Bond Terms              =           2169  Harmonic Bond Parameters         =             49
Harmonic Bond Inactive           =           1308  Fourier Improper Terms           =            320
Fourier Improper Parameters      =              3  Fourier Improper Inactive        =            164
Harmonic Angle Terms             =           3403  Harmonic Angle Parameters        =            103
Harmonic Angle Inactive          =           1938  Fourier Dihedral Terms           =           6697
Fourier Dihedral Parameters      =             48  Fourier Dihedral Inactive        =           3453
Exclusions                       =          10377  1-4 Interactions                 =           4805
LJ Parameters Form               =          AMBER  LJ Parameters Types              =             21
1-4 Lennard-Jones Form           =          AMBER  1-4 Lennard-Jones Types          =             21
----------------------------------------------------------------------------------------------------

------------------------ Summary for QC Model "AM1DPHOT" -----------------------
Number of QC Atoms     =             39  Boundary Atoms         =              6
Nuclear Charge         =            129  Orbital Functions      =            113
Fitting Functions      =              0  Energy Base Line       =      189.57630
QC Parameter Centers   =              6
--------------------------------------------------------------------------------

----------------------------- ABFS NB Model Summary ----------------------------
Dielectric             =       1.000000  El. 1-4 Scaling        =       0.833333
Damping Cutoff         =       0.500000  Inner Cutoff           =       8.000000
List Cutoff            =      13.500000  Outer Cutoff           =      12.000000
QC/MM Coupling         =    RC Coupling  Use Centering          =          False
--------------------------------------------------------------------------------

-------------------------- Pairlist Generator Summary --------------------------
Cell Size              =          6.750  Cutoff                 =         13.500
Cutoff Cell Size Factor =          0.500  Grid Cell/Cell Method  =           True
Minimum Cell Extent    =              2  Minimum Cell Size      =          3.000
Minimum Extent Factor  =          1.500  Minimum Points         =            500
Sort Indices           =          False
--------------------------------------------------------------------------------

----------------------- SoftConstraint Container Summary -----------------------
Multiple Distance      =              2
--------------------------------------------------------------------------------

---------------------------- Hard Constraint Container Summary ---------------------------
Number of Charge Constraints  =            0  Number of Fixed Atoms         =         1351
------------------------------------------------------------------------------------------

------------------------------- Sequence Summary -------------------------------
Number of Atoms            =       2173  Number of Components       =        213
Number of Entities         =          1  Number of Linear Polymers  =          0
Number of Links            =          0  Number of Variants         =          0
--------------------------------------------------------------------------------

-------------------------------  Conjugate Gradient Minimizer Options ------------------------------
Beta Type                        =              1  Initial Step                     =            0.1
Line Searcher                    =           None  Log Frequency                    =              1
Maximum Iterations               =            500  Maximum Theta                    =          1e+10
Minimum Theta                    =          1e-10  RMS Gradient Tolerance           =            0.1
Steepest Descent Tolerance       =          0.001  Use Spectral Theta               =           True
----------------------------------------------------------------------------------------------------

----------------------------------------------------------------------------------------------------------------
  Iteration       Function          RMS Gradient        Max. |Grad.|          RMS Disp.         Max. |Disp.|
----------------------------------------------------------------------------------------------------------------
     0     I      -9421.21729529         71.25934098       2645.66487250          0.00201374          0.07476468
     1   L1s      -9564.21019239          6.60875956        119.03270975          0.00161122          0.03352422
     2   L1s      -9567.47040602          8.17910890        258.16033729          0.00040138          0.00845384
     3   L1s      -9573.20036242          4.04919845        105.83990893          0.00090595          0.02537335
     4   L0s      -9576.38364913          2.48430362         69.30452880          0.00090595          0.02389841
     5   L1s      -9577.08142704          3.23550935         76.83913484          0.00030486          0.00852709
     6   L0s      -9577.73216508          1.86290287         35.63779670          0.00030486          0.00722486
     7   L1s      -9578.09613943          2.45921204         61.97144122          0.00022656          0.00470880
     8   L1s      -9578.55798639          1.40813364         37.02072751          0.00033038          0.00651187
     9   L1s      -9578.77643501          1.02715900         22.67668185          0.00020036          0.00397715
    10   L1s      -9578.87407085          1.24145905         27.39164568          0.00011842          0.00198999
    11   L1s      -9578.98286419          0.75053269         12.79770958          0.00014996          0.00301636
    12   L1s      -9579.03963712          1.05056661         24.65410002          0.00009933          0.00217351
    13   L1s      -9579.16868255          0.74137194         13.27107809          0.00024691          0.00570409
    14   L1s      -9579.27008046          0.95043303         18.60499439          0.00022328          0.00596094
    15   L1s      -9579.32236749          0.85577784         14.09968589          0.00012333          0.00305839
    16   L1s      -9579.44011776          0.97994077         17.46644559          0.00029954          0.00828190
    17   L1s      -9579.49526214          0.77890405         15.66075918          0.00014782          0.00382411
    18   L1s      -9579.58198291          0.62387826         10.20510579          0.00024814          0.00660621
    19   L1s      -9579.63652364          0.83098280         17.58715447          0.00017012          0.00429329
    20   L1s      -9579.67488158          0.59765021         10.01922858          0.00012526          0.00298037
    21   L1s      -9579.71877665          0.56696660         12.64791271          0.00015511          0.00403139
    22   L1s      -9579.73651573          0.42258528          6.27215344          0.00006732          0.00144431
    23   L1s      -9579.76752899          0.38918519          6.07649134          0.00013213          0.00278947
    24   L1s      -9579.78724031          0.54763559         14.26445077          0.00009369          0.00190260
    25   L1s      -9579.80294058          0.27282736          3.04251814          0.00007816          0.00137531
    26   L1s      -9579.81430389          0.42035274         10.38380822          0.00006602          0.00108783
    27   L1s      -9579.82797767          0.31353712          5.45947705          0.00008373          0.00126472
    28   L1s      -9579.84280394          0.28667901          5.13939695          0.00009863          0.00144203
    29   L1s      -9579.85026811          0.36266422          7.75437598          0.00005389          0.00075539
    30   L1s      -9579.85999602          0.23330546          4.10241199          0.00007354          0.00085545
    31   L1s      -9579.86753983          0.31715533          8.84147415          0.00006277          0.00071124
    32   L0s      -9579.87495429          0.24492777          3.40095667          0.00006277          0.00058398
    33   L1s      -9579.88630184          0.25196747          4.55675719          0.00010177          0.00106798
    34   L1s      -9579.89139773          0.30958566          6.37152565          0.00004944          0.00040287
    35   L1s      -9579.90058047          0.22783399          3.16092727          0.00009228          0.00083109
    36   L1s      -9579.90733337          0.34658455          9.17036546          0.00007199          0.00068127
    37   L1s      -9579.91802857          0.21159128          2.20287096          0.00011674          0.00126807
    38   L0s      -9579.92801829          0.31634233          5.60512717          0.00011674          0.00130636
    39   L1s      -9579.93350422          0.26385789          4.34967948          0.00006526          0.00074640
    40   L1s      -9579.94201019          0.25383946          5.07822912          0.00010313          0.00119848
    41   L1s      -9579.94718885          0.27396806          5.17226476          0.00006494          0.00077002
    42   L1s      -9579.95533026          0.19471178          3.68984246          0.00010489          0.00132267
    43   L1s      -9579.96207606          0.25799786          5.39696520          0.00009132          0.00117425
    44   L1s      -9579.96616936          0.24141751          4.15540023          0.00005688          0.00073873
    45   L1s      -9579.97392503          0.22266772          4.45275839          0.00011089          0.00141318
    46   L1s      -9579.97679467          0.19480844          3.17075851          0.00004235          0.00052192
    47   L1s      -9579.98446264          0.21002454          3.36717702          0.00011758          0.00139628
    48   L0s      -9579.99184705          0.29985346          7.12144949          0.00011758          0.00137173
    49   L1s      -9579.99685524          0.22429216          3.47399632          0.00008059          0.00090684
    50   L1s      -9580.00466041          0.30711316          7.26812867          0.00012733          0.00139431
    51   L1s      -9580.01049464          0.23286559          3.54985099          0.00009641          0.00100020
    52   L1s      -9580.01762989          0.16772095          2.27801230          0.00012047          0.00114330
    53   L1s      -9580.02166877          0.23811302          6.96994578          0.00007088          0.00064683
    54   L1s      -9580.02526903          0.17752871          2.52643573          0.00006436          0.00054769
    55   L1s      -9580.03013685          0.26929999          6.76527398          0.00008984          0.00072951
    56   L0s      -9580.03455105          0.19902784          3.00009435          0.00008984          0.00065962
    57   L1s      -9580.04091500          0.16844342          2.42691510          0.00014015          0.00099449
    58   L1s      -9580.04312065          0.20213576          4.36620721          0.00004449          0.00030732
    59   L1s      -9580.04733527          0.15829769          3.19885881          0.00008668          0.00059896
    60   L1s      -9580.04984625          0.20182939          4.01037897          0.00005322          0.00036827
    61   L1s      -9580.05364631          0.15792965          2.44809970          0.00008198          0.00056261
    62   L0s      -9580.05754812          0.18123984          3.76671151          0.00008198          0.00055274
    63   L1s      -9580.05974084          0.18066819          3.21991022          0.00004780          0.00032757
    64   L1s      -9580.06484627          0.17194697          3.08133874          0.00011969          0.00082261
    65   L1s      -9580.06739909          0.19734394          4.41149528          0.00006104          0.00041755
    66   L1s      -9580.07101393          0.15156295          2.27695911          0.00008769          0.00059819
    67   L1s      -9580.07415115          0.23260786          4.96297048          0.00007793          0.00053233
    68   L1s      -9580.07784052          0.15702161          1.98416872          0.00009255          0.00063349
    69   L1s      -9580.08210832          0.16756219          3.59095672          0.00010929          0.00075232
    70   L1s      -9580.08377964          0.16026707          3.81234926          0.00004356          0.00030224
    71   L1s      -9580.08830314          0.17903918          3.13599185          0.00012010          0.00084093
    72   L1s      -9580.09026338          0.16235173          3.43601662          0.00005280          0.00037379
    73   L1s      -9580.09391481          0.14936451          2.60238958          0.00010002          0.00071508
    74   L1s      -9580.09628532          0.17827080          4.97956416          0.00006620          0.00047472
    75   L1s      -9580.09822014          0.13286111          2.30533422          0.00005474          0.00039179
    76   L1s      -9580.10157116          0.16164466          3.50644901          0.00009700          0.00068544
    77   L1s      -9580.10327218          0.15113214          2.71190067          0.00004998          0.00034631
    78   L1s      -9580.10622034          0.13832358          2.88029107          0.00008805          0.00061355
    79   L1s      -9580.10763309          0.15606867          3.82143268          0.00004300          0.00030350
    80   L1s      -9580.11050451          0.11908742          1.66922222          0.00008866          0.00064036
    81   L1s      -9580.11261994          0.16632652          3.35067055          0.00006689          0.00048923
    82   L1s      -9580.11418916          0.11691928          1.87706681          0.00005021          0.00037674
    83   L1s      -9580.11633357          0.14275564          3.35669559          0.00007020          0.00053527
    84   L1s      -9580.11758346          0.11911929          1.94951585          0.00004153          0.00032340
    85   L1s      -9580.11992099          0.12946353          2.28218407          0.00007928          0.00062571
    86   L1s      -9580.12129527          0.15252141          3.10642994          0.00004740          0.00037690
    87   L1s      -9580.12332509          0.10426199          1.38480041          0.00007084          0.00056907
    88   L1s      -9580.12508369          0.14501874          3.51950163          0.00006288          0.00050663
    89   L1s      -9580.12638058          0.11317847          2.16167080          0.00004693          0.00037912
    90   L1s      -9580.12813873          0.12579407          2.64824902          0.00006486          0.00052370
    91   L1s      -9580.12909452          0.11139346          2.00146929          0.00003579          0.00028844
    92   L1s      -9580.13117742          0.10171771          1.65304944          0.00007947          0.00063722
    93   L1s      -9580.13214384          0.12873948          3.43391917          0.00003768          0.00030126
    94   L1s      -9580.13349800          0.10235902          1.81467718          0.00005348          0.00042659
    95   L1s      -9580.13505320          0.12913778          2.95904746          0.00006264          0.00050029
    96   L1s      -9580.13611635          0.10645216          1.44507486          0.00004334          0.00034762
    97   L1s      -9580.13806094          0.12786530          3.30685058          0.00008063          0.00065062
    98   L1s      -9580.13909360          0.12463020          2.69294154          0.00004331          0.00035200
    99   L1s      -9580.14104426          0.09052739          0.85664257          0.00008280          0.00068236
----------------------------------------------------------------------------------------------------------------

Minimization converged.

-------------------  Conjugate Gradient Minimizer Statistics -------------------
Iterations             =             99  Function Calls         =            192
--------------------------------------------------------------------------------
