
#-----------------------------------------------------------------------------#
#                                                                             #
#                                EasyHybrid                                   #
#                   - A pDynamo graphical user interface -                    #
#                                                                             #
#-----------------------------------------------------------------------------#
#                                                                             #
#     Developed by Jose Fernando R Bachega and Luis Fernando S M Timmers      #
#                            <ferbachega@gmail.com>                           #
#                                                                             #
#             visit: https://sites.google.com/site/EasyHybrid/                #
#                   Univesity of Sao Paulo - SP, Brazil                       #
#      Pontifical Catholic University of Rio Grande do Sul - RS, Brazil       #
#                                                                             #
#                                                                             #
#   EasyHybrid team:                               Special thanks to:         #
#   - Jose Fernando R Bachega           |         - Fernando V Maluf          #
#   - Michele Silva                     |                                     #
#   - Luis Fernando S M Timmers         |                                     #
#   - Martin Field                      |         - Leonardo R Bachega        #
#   - Troy Wymore                       |         - Lucas Assirati            #
#   - Osmar Norberto de Souza           |         - Richard Garratt           #
#   - Walter R Paixao-Cortes            |                                     #
#                                                                             #
#   Cite this work as:                                                        #
#   J.F.R. Bachega, L.F.S.M. Timmers, L.Assirati, L.B. Bachega, M.J. Field,   #
#   T. Wymore. J. Comput. Chem. 2013, 34, 2190-2196. DOI: 10.1002/jcc.23346   #
#                                                                             #
#-----------------------------------------------------------------------------#

Generated on Wed Jun  5 18:00:00 2019


--------------------------------------------------------------------------------
                        Summary for System "12_ramon_new"
--------------------------------------------------------------------------------

---------------------------- Atom Container Summary ----------------------------
Number of Atoms        =           2173  Number of Heavy Atoms  =           1040
Number of Hydrogens    =           1133  Number of Unknowns     =              0
--------------------------------------------------------------------------------

----------------------------- Connectivity Summary -----------------------------
Atoms                  =           2173
--------------------------------------------------------------------------------

------------------------------- Electronic State -------------------------------
Charge                 =             -1  Multiplicity           =              1
--------------------------------------------------------------------------------

--------------------------------------------------------------------------------
                 Summary for Energy Model "AMBER/AM1DPHOT/ABFS"
--------------------------------------------------------------------------------

----------------------------------- Summary for MM Model "AMBER" -----------------------------------
LJ 1-4 Scaling                   =          0.500  El. 1-4 Scaling                  =          0.833
Number of MM Atoms               =           2173  Number of MM Atom Types          =             37
Number of Inactive MM Atoms      =             33  Total MM Charge                  =          -4.00
Harmonic Bond Terms              =           2169  Harmonic Bond Parameters         =             49
Harmonic Bond Inactive           =           1308  Fourier Improper Terms           =            320
Fourier Improper Parameters      =              3  Fourier Improper Inactive        =            164
Harmonic Angle Terms             =           3403  Harmonic Angle Parameters        =            103
Harmonic Angle Inactive          =           1938  Fourier Dihedral Terms           =           6697
Fourier Dihedral Parameters      =             48  Fourier Dihedral Inactive        =           3453
Exclusions                       =          10377  1-4 Interactions                 =           4805
LJ Parameters Form               =          AMBER  LJ Parameters Types              =             21
1-4 Lennard-Jones Form           =          AMBER  1-4 Lennard-Jones Types          =             21
----------------------------------------------------------------------------------------------------

------------------------ Summary for QC Model "AM1DPHOT" -----------------------
Number of QC Atoms     =             39  Boundary Atoms         =              6
Nuclear Charge         =            129  Orbital Functions      =            113
Fitting Functions      =              0  Energy Base Line       =      189.57630
QC Parameter Centers   =              6
--------------------------------------------------------------------------------

----------------------------- ABFS NB Model Summary ----------------------------
Dielectric             =       1.000000  El. 1-4 Scaling        =       0.833333
Damping Cutoff         =       0.500000  Inner Cutoff           =       8.000000
List Cutoff            =      13.500000  Outer Cutoff           =      12.000000
QC/MM Coupling         =    RC Coupling  Use Centering          =          False
--------------------------------------------------------------------------------

-------------------------- Pairlist Generator Summary --------------------------
Cell Size              =          6.750  Cutoff                 =         13.500
Cutoff Cell Size Factor =          0.500  Grid Cell/Cell Method  =           True
Minimum Cell Extent    =              2  Minimum Cell Size      =          3.000
Minimum Extent Factor  =          1.500  Minimum Points         =            500
Sort Indices           =          False
--------------------------------------------------------------------------------

----------------------- SoftConstraint Container Summary -----------------------
Multiple Distance      =              2
--------------------------------------------------------------------------------

---------------------------- Hard Constraint Container Summary ---------------------------
Number of Charge Constraints  =            0  Number of Fixed Atoms         =         1351
------------------------------------------------------------------------------------------

------------------------------- Sequence Summary -------------------------------
Number of Atoms            =       2173  Number of Components       =        213
Number of Entities         =          1  Number of Linear Polymers  =          0
Number of Links            =          0  Number of Variants         =          0
--------------------------------------------------------------------------------

-------------------------------  Conjugate Gradient Minimizer Options ------------------------------
Beta Type                        =              1  Initial Step                     =            0.1
Line Searcher                    =           None  Log Frequency                    =              1
Maximum Iterations               =            500  Maximum Theta                    =          1e+10
Minimum Theta                    =          1e-10  RMS Gradient Tolerance           =            0.1
Steepest Descent Tolerance       =          0.001  Use Spectral Theta               =           True
----------------------------------------------------------------------------------------------------

----------------------------------------------------------------------------------------------------------------
  Iteration       Function          RMS Gradient        Max. |Grad.|          RMS Disp.         Max. |Disp.|
----------------------------------------------------------------------------------------------------------------
     0     I      -9366.40771611         78.49329324       2986.79724275          0.00201374          0.07662609
     1   L1s      -9521.48411980          7.52108238        242.32307651          0.00160571          0.05147894
     2   L1s      -9523.11938991          2.62772865         48.99949280          0.00017668          0.00344328
     3   L1s      -9524.20423651          1.81777644         49.01759353          0.00035541          0.00716261
     4   L1s      -9525.05408587          2.06143223         46.11723326          0.00046555          0.00995774
     5   L1s      -9525.21942241          1.36773748         26.75336838          0.00011185          0.00190971
     6   L1s      -9525.45845400          0.75474919         13.35509635          0.00021422          0.00398597
     7   L1s      -9525.52479723          0.81639085         20.13648591          0.00009287          0.00225192
     8   L1s      -9525.56634675          0.61770472         12.01405209          0.00007136          0.00115283
     9   L1s      -9525.62151154          0.59170839         10.11591996          0.00011938          0.00188278
    10   L1s      -9525.65005530          0.74670588         18.67501776          0.00007309          0.00124302
    11   L1s      -9525.69831542          0.47801963          7.73262160          0.00013425          0.00251595
    12   L1s      -9525.75243760          0.47602266          9.59356120          0.00017609          0.00334573
    13   L0s      -9525.79632023          0.68218376         16.24029935          0.00017609          0.00372356
    14   L1s      -9525.81215999          0.39570299          6.70539540          0.00006305          0.00127305
    15   L1s      -9525.84755030          0.37346383          4.41632778          0.00013065          0.00241696
    16   L1s      -9525.86625815          0.67333411         17.41634026          0.00008016          0.00169182
    17   L1s      -9525.90179573          0.39742231          6.19164946          0.00015820          0.00323144
    18   L1s      -9525.92912865          0.47524096         12.20183209          0.00013397          0.00256521
    19   L1s      -9525.94339276          0.45399363          9.11762283          0.00007396          0.00151008
    20   L1s      -9525.96913326          0.45237456         12.32535209          0.00014112          0.00253155
    21   L1s      -9525.97997716          0.36485137          8.78696817          0.00006247          0.00117246
    22   L1s      -9525.99350316          0.27421173          5.42696584          0.00008364          0.00153359
    23   L1s      -9526.01270687          0.45596585          9.96624611          0.00013189          0.00236219
    24   L1s      -9526.02189466          0.32336605          4.52419606          0.00006516          0.00116134
    25   L1s      -9526.04109923          0.27540851          4.99684604          0.00014447          0.00243380
    26   L1s      -9526.05439529          0.43331438         11.02889087          0.00010759          0.00175034
    27   L1s      -9526.06308194          0.26823688          3.27241923          0.00007215          0.00106135
    28   L1s      -9526.07841669          0.32282570          7.48331977          0.00013578          0.00199999
    29   L1s      -9526.08474747          0.28205705          7.03821030          0.00005831          0.00080535
    30   L1s      -9526.09362880          0.24555791          4.72346888          0.00008562          0.00132582
    31   L1s      -9526.09851913          0.31190094          8.53463614          0.00004978          0.00067728
    32   L1s      -9526.10774588          0.23703333          3.96569271          0.00009696          0.00133989
    33   L1s      -9526.12164959          0.29114892          4.40650091          0.00015373          0.00235029
    34   L1s      -9526.12693590          0.31272336          7.34024932          0.00006027          0.00080873
    35   L1s      -9526.13622849          0.20439939          2.86569138          0.00010864          0.00145487
    36   L0s      -9526.14561549          0.23404399          5.91727035          0.00010864          0.00159268
    37   L1s      -9526.14868647          0.21524677          5.26535125          0.00003780          0.00046518
    38   L1s      -9526.15572287          0.22839234          5.65486379          0.00009706          0.00120780
    39   L1s      -9526.15934068          0.23789924          5.91154474          0.00005152          0.00058054
    40   L1s      -9526.16750156          0.18913909          3.21669448          0.00011947          0.00123232
    41   L1s      -9526.17228592          0.29853100          7.41901328          0.00007290          0.00078500
    42   L0s      -9526.17727360          0.16249225          2.08513602          0.00007290          0.00071986
    43   L0s      -9526.18315464          0.19970380          3.74361971          0.00007290          0.00068514
    44   L1s      -9526.18635589          0.24005890          6.86476336          0.00004426          0.00040187
    45   L1s      -9526.19171801          0.17924091          2.96361887          0.00008118          0.00068157
    46   L1s      -9526.19555682          0.24489039          5.88643577          0.00006066          0.00050937
    47   L1s      -9526.19995471          0.18085335          2.42538732          0.00007101          0.00061443
    48   L0s      -9526.20453056          0.26280674          8.03477628          0.00007101          0.00062029
    49   L0s      -9526.20888928          0.16068238          2.24765923          0.00007101          0.00063537
    50   L1s      -9526.21524475          0.17222875          3.54466702          0.00012773          0.00114976
    51   L1s      -9526.21785199          0.22321146          6.54373808          0.00005442          0.00048927
    52   L1s      -9526.22251760          0.18474978          3.98611173          0.00009884          0.00087476
    53   L1s      -9526.22543506          0.22331773          6.47659699          0.00006311          0.00054795
    54   L1s      -9526.23046214          0.16531729          2.27005335          0.00011029          0.00089346
    55   L0s      -9526.23543331          0.19953078          5.56532104          0.00011029          0.00088963
    56   L1s      -9526.23767891          0.18946997          3.04718450          0.00005087          0.00043580
    57   L1s      -9526.24237438          0.16891169          3.51308265          0.00010971          0.00101404
    58   L1s      -9526.24515815          0.21023060          4.67029368          0.00006637          0.00062007
    59   L1s      -9526.24946729          0.16283554          2.50740935          0.00010409          0.00089334
    60   L0s      -9526.25365875          0.25258143          5.96246876          0.00010409          0.00086374
    61   L1s      -9526.25669745          0.14633678          1.84541529          0.00007576          0.00060985
    62   L1s      -9526.26085800          0.15992587          3.78487367          0.00010400          0.00086877
    63   L1s      -9526.26292505          0.18240293          4.30427651          0.00005270          0.00046336
    64   L1s      -9526.26622247          0.14693334          2.69452607          0.00008534          0.00075769
    65   L1s      -9526.26779931          0.17648389          5.09958664          0.00004172          0.00036334
    66   L1s      -9526.27166416          0.11801350          1.50173766          0.00010380          0.00079704
    67   L1s      -9526.27471304          0.19260394          5.60848838          0.00008465          0.00064265
    68   L1s      -9526.27659694          0.13967249          2.46937229          0.00005289          0.00044092
    69   L1s      -9526.27919663          0.17161236          4.97894744          0.00007453          0.00065508
    70   L1s      -9526.28124850          0.15536098          3.00728998          0.00005962          0.00053446
    71   L1s      -9526.28450152          0.13082822          1.89246159          0.00009603          0.00077969
    72   L1s      -9526.28684616          0.21525194          5.32310806          0.00007077          0.00055861
    73   L1s      -9526.28970871          0.12939789          1.90067947          0.00008707          0.00068899
    74   L0s      -9526.29257577          0.15521149          3.54285482          0.00008707          0.00072806
    75   L1s      -9526.29406374          0.12867270          2.71782035          0.00004619          0.00041932
    76   L1s      -9526.29692115          0.15899435          3.33986467          0.00009333          0.00084789
    77   L1s      -9526.29825437          0.14044476          2.94169724          0.00004408          0.00038959
    78   L1s      -9526.30108757          0.11991959          1.33526555          0.00009508          0.00078950
    79   L1s      -9526.30335275          0.17571942          5.41991998          0.00007754          0.00064384
    80   L1s      -9526.30524879          0.13043444          2.00973772          0.00006549          0.00056774
    81   L1s      -9526.30739256          0.18353836          5.81388185          0.00007525          0.00066644
    82   L0s      -9526.30948516          0.12633724          1.83702166          0.00007525          0.00067633
    83   L1s      -9526.31211919          0.11920675          1.90684091          0.00009783          0.00082581
    84   L1s      -9526.31360679          0.16371170          4.79886725          0.00005521          0.00044908
    85   L1s      -9526.31552930          0.11430313          2.11114776          0.00007200          0.00055420
    86   L1s      -9526.31687641          0.15214334          4.67629383          0.00005135          0.00039263
    87   L1s      -9526.31891890          0.09944132          1.09401681          0.00007862          0.00062665
----------------------------------------------------------------------------------------------------------------

Minimization converged.

-------------------  Conjugate Gradient Minimizer Statistics -------------------
Iterations             =             87  Function Calls         =            165
--------------------------------------------------------------------------------
