
#-----------------------------------------------------------------------------#
#                                                                             #
#                                EasyHybrid                                   #
#                   - A pDynamo graphical user interface -                    #
#                                                                             #
#-----------------------------------------------------------------------------#
#                                                                             #
#     Developed by Jose Fernando R Bachega and Luis Fernando S M Timmers      #
#                            <ferbachega@gmail.com>                           #
#                                                                             #
#             visit: https://sites.google.com/site/EasyHybrid/                #
#                   Univesity of Sao Paulo - SP, Brazil                       #
#      Pontifical Catholic University of Rio Grande do Sul - RS, Brazil       #
#                                                                             #
#                                                                             #
#   EasyHybrid team:                               Special thanks to:         #
#   - Jose Fernando R Bachega           |         - Fernando V Maluf          #
#   - Michele Silva                     |                                     #
#   - Luis Fernando S M Timmers         |                                     #
#   - Martin Field                      |         - Leonardo R Bachega        #
#   - Troy Wymore                       |         - Lucas Assirati            #
#   - Osmar Norberto de Souza           |         - Richard Garratt           #
#   - Walter R Paixao-Cortes            |                                     #
#                                                                             #
#   Cite this work as:                                                        #
#   J.F.R. Bachega, L.F.S.M. Timmers, L.Assirati, L.B. Bachega, M.J. Field,   #
#   T. Wymore. J. Comput. Chem. 2013, 34, 2190-2196. DOI: 10.1002/jcc.23346   #
#                                                                             #
#-----------------------------------------------------------------------------#

Generated on Wed Jun  5 17:59:58 2019


--------------------------------------------------------------------------------
                        Summary for System "12_ramon_new"
--------------------------------------------------------------------------------

---------------------------- Atom Container Summary ----------------------------
Number of Atoms        =           2173  Number of Heavy Atoms  =           1040
Number of Hydrogens    =           1133  Number of Unknowns     =              0
--------------------------------------------------------------------------------

----------------------------- Connectivity Summary -----------------------------
Atoms                  =           2173
--------------------------------------------------------------------------------

------------------------------- Electronic State -------------------------------
Charge                 =             -1  Multiplicity           =              1
--------------------------------------------------------------------------------

--------------------------------------------------------------------------------
                 Summary for Energy Model "AMBER/AM1DPHOT/ABFS"
--------------------------------------------------------------------------------

----------------------------------- Summary for MM Model "AMBER" -----------------------------------
LJ 1-4 Scaling                   =          0.500  El. 1-4 Scaling                  =          0.833
Number of MM Atoms               =           2173  Number of MM Atom Types          =             37
Number of Inactive MM Atoms      =             33  Total MM Charge                  =          -4.00
Harmonic Bond Terms              =           2169  Harmonic Bond Parameters         =             49
Harmonic Bond Inactive           =           1308  Fourier Improper Terms           =            320
Fourier Improper Parameters      =              3  Fourier Improper Inactive        =            164
Harmonic Angle Terms             =           3403  Harmonic Angle Parameters        =            103
Harmonic Angle Inactive          =           1938  Fourier Dihedral Terms           =           6697
Fourier Dihedral Parameters      =             48  Fourier Dihedral Inactive        =           3453
Exclusions                       =          10377  1-4 Interactions                 =           4805
LJ Parameters Form               =          AMBER  LJ Parameters Types              =             21
1-4 Lennard-Jones Form           =          AMBER  1-4 Lennard-Jones Types          =             21
----------------------------------------------------------------------------------------------------

------------------------ Summary for QC Model "AM1DPHOT" -----------------------
Number of QC Atoms     =             39  Boundary Atoms         =              6
Nuclear Charge         =            129  Orbital Functions      =            113
Fitting Functions      =              0  Energy Base Line       =      189.57630
QC Parameter Centers   =              6
--------------------------------------------------------------------------------

----------------------------- ABFS NB Model Summary ----------------------------
Dielectric             =       1.000000  El. 1-4 Scaling        =       0.833333
Damping Cutoff         =       0.500000  Inner Cutoff           =       8.000000
List Cutoff            =      13.500000  Outer Cutoff           =      12.000000
QC/MM Coupling         =    RC Coupling  Use Centering          =          False
--------------------------------------------------------------------------------

-------------------------- Pairlist Generator Summary --------------------------
Cell Size              =          6.750  Cutoff                 =         13.500
Cutoff Cell Size Factor =          0.500  Grid Cell/Cell Method  =           True
Minimum Cell Extent    =              2  Minimum Cell Size      =          3.000
Minimum Extent Factor  =          1.500  Minimum Points         =            500
Sort Indices           =          False
--------------------------------------------------------------------------------

----------------------- SoftConstraint Container Summary -----------------------
Multiple Distance      =              2
--------------------------------------------------------------------------------

---------------------------- Hard Constraint Container Summary ---------------------------
Number of Charge Constraints  =            0  Number of Fixed Atoms         =         1351
------------------------------------------------------------------------------------------

------------------------------- Sequence Summary -------------------------------
Number of Atoms            =       2173  Number of Components       =        213
Number of Entities         =          1  Number of Linear Polymers  =          0
Number of Links            =          0  Number of Variants         =          0
--------------------------------------------------------------------------------

-------------------------------  Conjugate Gradient Minimizer Options ------------------------------
Beta Type                        =              1  Initial Step                     =            0.1
Line Searcher                    =           None  Log Frequency                    =              1
Maximum Iterations               =            500  Maximum Theta                    =          1e+10
Minimum Theta                    =          1e-10  RMS Gradient Tolerance           =            0.1
Steepest Descent Tolerance       =          0.001  Use Spectral Theta               =           True
----------------------------------------------------------------------------------------------------

----------------------------------------------------------------------------------------------------------------
  Iteration       Function          RMS Gradient        Max. |Grad.|          RMS Disp.         Max. |Disp.|
----------------------------------------------------------------------------------------------------------------
     0     I      -9426.33197227         78.75122825       3014.21944401          0.00201374          0.07707632
     1   L1s      -9582.36189269          5.84031355        164.19715412          0.00159607          0.04459703
     2   L1s      -9583.47838913          3.23834481         87.13636692          0.00015559          0.00462451
     3   L1s      -9585.18852594          2.21022674         62.04347930          0.00049216          0.01047717
     4   L0s      -9586.19261011          1.48091160         31.12899252          0.00049216          0.00952710
     5   L1s      -9586.48090385          2.02567275         56.28547236          0.00021158          0.00463076
     6   L1s      -9586.66673625          1.03480386         20.65116533          0.00015315          0.00216145
     7   L0s      -9586.80219409          0.93718122         17.07221297          0.00015315          0.00258946
     8   L1s      -9586.88386480          1.14842534         25.04984913          0.00011667          0.00195316
     9   L1s      -9586.99189716          0.65340952          9.22834530          0.00017274          0.00221086
    10   L0s      -9587.07772785          0.60321173         11.06574930          0.00017274          0.00277035
    11   L1s      -9587.13965530          0.87515125         21.41472422          0.00015004          0.00206748
    12   L1s      -9587.17369910          0.54726337          8.55764734          0.00008846          0.00124319
    13   L1s      -9587.23930766          0.40722089          7.42247830          0.00019615          0.00284665
    14   L1s      -9587.25612578          0.56289681         16.05760840          0.00006032          0.00086845
    15   L1s      -9587.28664680          0.42375590          7.59473306          0.00011801          0.00151869
    16   L1s      -9587.33218977          0.45081141          9.84829859          0.00019616          0.00251962
    17   L1s      -9587.36310273          0.57541048         12.57115585          0.00014450          0.00163564
    18   L1s      -9587.38153202          0.52184857         10.53052710          0.00008991          0.00102542
    19   L1s      -9587.41737475          0.33481542          4.73223892          0.00018350          0.00220159
    20   L1s      -9587.43590147          0.41979237          9.93247016          0.00010500          0.00145369
    21   L1s      -9587.44506590          0.30088735          4.95444070          0.00005489          0.00070020
    22   L1s      -9587.46817482          0.33449476          6.42689236          0.00015177          0.00195726
    23   L0s      -9587.49106599          0.31674909          4.33653466          0.00015177          0.00199857
    24   L1s      -9587.49826130          0.38547384          9.92762345          0.00005114          0.00061756
    25   L1s      -9587.51646347          0.25659814          2.91313990          0.00013941          0.00159548
    26   L1s      -9587.53118314          0.30460572          6.73901411          0.00012216          0.00138782
    27   L1s      -9587.53755489          0.30687496          8.59086024          0.00005552          0.00062649
    28   L1s      -9587.54753509          0.22954133          5.40834889          0.00009086          0.00102641
    29   L1s      -9587.55526203          0.24902500          6.28081740          0.00007546          0.00087104
    30   L1s      -9587.55908408          0.27275175          5.01533998          0.00003935          0.00045813
    31   L1s      -9587.57221909          0.19143045          1.93559916          0.00014081          0.00179235
    32   L1s      -9587.57914979          0.17586047          3.26450991          0.00007991          0.00107029
    33   L1s      -9587.58374453          0.27939560          7.45662459          0.00005705          0.00076492
    34   L0s      -9587.58862957          0.15923493          2.07960244          0.00005705          0.00069945
    35   L1s      -9587.59333333          0.25554271          8.18602918          0.00005089          0.00059636
    36   L1s      -9587.59681117          0.17834374          2.37841500          0.00004010          0.00042523
    37   L1s      -9587.60286701          0.17323808          3.12371565          0.00007506          0.00078170
    38   L1s      -9587.60561189          0.21344809          4.58246545          0.00003636          0.00038759
    39   L1s      -9587.60906308          0.14769651          2.32345237          0.00004756          0.00053415
    40   L1s      -9587.61341226          0.17200496          3.83006049          0.00006451          0.00071531
    41   L1s      -9587.61540406          0.19023946          5.50689729          0.00003100          0.00035102
    42   L1s      -9587.61970055          0.14670444          2.25525656          0.00006933          0.00075475
    43   L1s      -9587.62218416          0.19749174          5.61869831          0.00004237          0.00044780
    44   L0s      -9587.62455467          0.13634025          2.21262436          0.00004237          0.00044113
    45   L1s      -9587.62935797          0.16723660          3.09506355          0.00009194          0.00101069
    46   L1s      -9587.63164970          0.19556513          6.19968803          0.00004485          0.00050779
    47   L1s      -9587.63469982          0.13234779          2.26603589          0.00006102          0.00070035
    48   L0s      -9587.63740088          0.18168431          5.09961434          0.00006102          0.00068239
    49   L1s      -9587.63884031          0.13061497          2.02775774          0.00003192          0.00032708
    50   L1s      -9587.64170286          0.12729752          1.90657207          0.00005776          0.00056126
    51   L1s      -9587.64348950          0.17920865          5.01791536          0.00003781          0.00036795
    52   L1s      -9587.64590644          0.11631135          1.34948803          0.00005230          0.00054685
    53   L1s      -9587.64862390          0.14989582          4.36359521          0.00006178          0.00064263
    54   L1s      -9587.64968634          0.12137271          2.38427688          0.00002483          0.00024897
    55   L1s      -9587.65244439          0.12240939          2.01465173          0.00006704          0.00062601
    56   L1s      -9587.65370922          0.16010041          3.42274102          0.00003186          0.00029234
    57   L1s      -9587.65679640          0.12885255          1.86069007          0.00007933          0.00079233
    58   L0s      -9587.65982443          0.15633995          3.62800200          0.00007933          0.00080293
    59   L1s      -9587.66121368          0.14328473          3.21113376          0.00003723          0.00036734
    60   L1s      -9587.66368005          0.12082001          2.01806603          0.00006829          0.00058069
    61   L1s      -9587.66513565          0.17201053          5.69366796          0.00004147          0.00035730
    62   L1s      -9587.66771863          0.10968761          1.78635030          0.00007459          0.00062870
    63   L0s      -9587.67028269          0.13846558          3.63962249          0.00007459          0.00065613
    64   L1s      -9587.67163816          0.15365665          3.93721819          0.00004062          0.00036837
    65   L1s      -9587.67486740          0.13869998          2.46746477          0.00010014          0.00086891
    66   L1s      -9587.67681781          0.18636149          5.62543870          0.00006155          0.00051697
    67   L1s      -9587.67910987          0.12401120          2.46119086          0.00007301          0.00063060
    68   L1s      -9587.68214596          0.13624528          2.39173058          0.00009872          0.00082360
    69   L1s      -9587.68369812          0.17432090          4.01261110          0.00005131          0.00042884
    70   L1s      -9587.68731112          0.13474590          1.95663329          0.00012062          0.00101342
    71   L1s      -9587.68992258          0.19481801          6.22049588          0.00008860          0.00074922
    72   L1s      -9587.69176187          0.11819130          1.27679322          0.00006287          0.00054573
    73   L1s      -9587.69528060          0.15232408          3.70826537          0.00012268          0.00109347
    74   L1s      -9587.69663664          0.14426755          2.80296953          0.00004783          0.00043960
    75   L1s      -9587.69966327          0.13270672          2.64051058          0.00010811          0.00102864
    76   L0s      -9587.70269871          0.19333829          5.61282392          0.00010811          0.00104109
    77   L1s      -9587.70463086          0.14243003          2.34322190          0.00006993          0.00068516
    78   L1s      -9587.70805560          0.14180905          3.24640202          0.00012942          0.00127806
    79   L1s      -9587.70937318          0.15311868          4.35118357          0.00005036          0.00049953
    80   L1s      -9587.71261456          0.11548541          1.76028074          0.00012508          0.00124136
    81   L1s      -9587.71493838          0.13911277          3.89093620          0.00009113          0.00090364
    82   L1s      -9587.71618517          0.14298128          3.44854185          0.00004943          0.00048992
    83   L1s      -9587.71903853          0.11870441          2.04252098          0.00011428          0.00113750
    84   L1s      -9587.72026924          0.15988783          4.42552131          0.00005001          0.00050047
    85   L1s      -9587.72270177          0.12533393          2.67138815          0.00009962          0.00101691
    86   L1s      -9587.72584028          0.14716704          2.88163263          0.00013014          0.00136142
    87   L1s      -9587.72732906          0.15252922          3.65550675          0.00006228          0.00066787
    88   L1s      -9587.72976826          0.11537766          1.55310201          0.00010288          0.00115133
    89   L1s      -9587.73263840          0.17575358          5.49134308          0.00012274          0.00139140
    90   L1s      -9587.73403360          0.12095630          1.76332424          0.00006001          0.00069440
    91   L1s      -9587.73690642          0.13189641          2.23067970          0.00012506          0.00145541
    92   L1s      -9587.73802137          0.13925413          2.88990226          0.00004901          0.00057161
    93   L1s      -9587.74079633          0.11673762          2.13027360          0.00012303          0.00143011
    94   L1s      -9587.74384329          0.15975097          3.68166944          0.00013671          0.00158587
    95   L1s      -9587.74520683          0.13524358          2.72690904          0.00006157          0.00071265
    96   L1s      -9587.74782099          0.12068328          2.04919224          0.00011910          0.00138054
    97   L1s      -9587.74892262          0.14317841          4.39550725          0.00005074          0.00058987
    98   L1s      -9587.75076585          0.10632926          1.68955300          0.00008552          0.00100694
    99   L1s      -9587.75307649          0.11910182          2.65513107          0.00010866          0.00130192
   100   L1s      -9587.75396897          0.12174642          3.05232144          0.00004241          0.00051749
   101   L1s      -9587.75614041          0.09853962          1.05945463          0.00010423          0.00131065
----------------------------------------------------------------------------------------------------------------

Minimization converged.

-------------------  Conjugate Gradient Minimizer Statistics -------------------
Iterations             =            101  Function Calls         =            193
--------------------------------------------------------------------------------
