
#-----------------------------------------------------------------------------#
#                                                                             #
#                                EasyHybrid                                   #
#                   - A pDynamo graphical user interface -                    #
#                                                                             #
#-----------------------------------------------------------------------------#
#                                                                             #
#     Developed by Jose Fernando R Bachega and Luis Fernando S M Timmers      #
#                            <ferbachega@gmail.com>                           #
#                                                                             #
#             visit: https://sites.google.com/site/EasyHybrid/                #
#                   Univesity of Sao Paulo - SP, Brazil                       #
#      Pontifical Catholic University of Rio Grande do Sul - RS, Brazil       #
#                                                                             #
#                                                                             #
#   EasyHybrid team:                               Special thanks to:         #
#   - Jose Fernando R Bachega           |         - Fernando V Maluf          #
#   - Michele Silva                     |                                     #
#   - Luis Fernando S M Timmers         |                                     #
#   - Martin Field                      |         - Leonardo R Bachega        #
#   - Troy Wymore                       |         - Lucas Assirati            #
#   - Osmar Norberto de Souza           |         - Richard Garratt           #
#   - Walter R Paixao-Cortes            |                                     #
#                                                                             #
#   Cite this work as:                                                        #
#   J.F.R. Bachega, L.F.S.M. Timmers, L.Assirati, L.B. Bachega, M.J. Field,   #
#   T. Wymore. J. Comput. Chem. 2013, 34, 2190-2196. DOI: 10.1002/jcc.23346   #
#                                                                             #
#-----------------------------------------------------------------------------#

Generated on Wed Jun  5 18:00:36 2019


--------------------------------------------------------------------------------
                        Summary for System "12_ramon_new"
--------------------------------------------------------------------------------

---------------------------- Atom Container Summary ----------------------------
Number of Atoms        =           2173  Number of Heavy Atoms  =           1040
Number of Hydrogens    =           1133  Number of Unknowns     =              0
--------------------------------------------------------------------------------

----------------------------- Connectivity Summary -----------------------------
Atoms                  =           2173
--------------------------------------------------------------------------------

------------------------------- Electronic State -------------------------------
Charge                 =             -1  Multiplicity           =              1
--------------------------------------------------------------------------------

--------------------------------------------------------------------------------
                 Summary for Energy Model "AMBER/AM1DPHOT/ABFS"
--------------------------------------------------------------------------------

----------------------------------- Summary for MM Model "AMBER" -----------------------------------
LJ 1-4 Scaling                   =          0.500  El. 1-4 Scaling                  =          0.833
Number of MM Atoms               =           2173  Number of MM Atom Types          =             37
Number of Inactive MM Atoms      =             33  Total MM Charge                  =          -4.00
Harmonic Bond Terms              =           2169  Harmonic Bond Parameters         =             49
Harmonic Bond Inactive           =           1308  Fourier Improper Terms           =            320
Fourier Improper Parameters      =              3  Fourier Improper Inactive        =            164
Harmonic Angle Terms             =           3403  Harmonic Angle Parameters        =            103
Harmonic Angle Inactive          =           1938  Fourier Dihedral Terms           =           6697
Fourier Dihedral Parameters      =             48  Fourier Dihedral Inactive        =           3453
Exclusions                       =          10377  1-4 Interactions                 =           4805
LJ Parameters Form               =          AMBER  LJ Parameters Types              =             21
1-4 Lennard-Jones Form           =          AMBER  1-4 Lennard-Jones Types          =             21
----------------------------------------------------------------------------------------------------

------------------------ Summary for QC Model "AM1DPHOT" -----------------------
Number of QC Atoms     =             39  Boundary Atoms         =              6
Nuclear Charge         =            129  Orbital Functions      =            113
Fitting Functions      =              0  Energy Base Line       =      189.57630
QC Parameter Centers   =              6
--------------------------------------------------------------------------------

----------------------------- ABFS NB Model Summary ----------------------------
Dielectric             =       1.000000  El. 1-4 Scaling        =       0.833333
Damping Cutoff         =       0.500000  Inner Cutoff           =       8.000000
List Cutoff            =      13.500000  Outer Cutoff           =      12.000000
QC/MM Coupling         =    RC Coupling  Use Centering          =          False
--------------------------------------------------------------------------------

-------------------------- Pairlist Generator Summary --------------------------
Cell Size              =          6.750  Cutoff                 =         13.500
Cutoff Cell Size Factor =          0.500  Grid Cell/Cell Method  =           True
Minimum Cell Extent    =              2  Minimum Cell Size      =          3.000
Minimum Extent Factor  =          1.500  Minimum Points         =            500
Sort Indices           =          False
--------------------------------------------------------------------------------

----------------------- SoftConstraint Container Summary -----------------------
Multiple Distance      =              2
--------------------------------------------------------------------------------

---------------------------- Hard Constraint Container Summary ---------------------------
Number of Charge Constraints  =            0  Number of Fixed Atoms         =         1351
------------------------------------------------------------------------------------------

------------------------------- Sequence Summary -------------------------------
Number of Atoms            =       2173  Number of Components       =        213
Number of Entities         =          1  Number of Linear Polymers  =          0
Number of Links            =          0  Number of Variants         =          0
--------------------------------------------------------------------------------

-------------------------------  Conjugate Gradient Minimizer Options ------------------------------
Beta Type                        =              1  Initial Step                     =            0.1
Line Searcher                    =           None  Log Frequency                    =              1
Maximum Iterations               =            500  Maximum Theta                    =          1e+10
Minimum Theta                    =          1e-10  RMS Gradient Tolerance           =            0.1
Steepest Descent Tolerance       =          0.001  Use Spectral Theta               =           True
----------------------------------------------------------------------------------------------------

----------------------------------------------------------------------------------------------------------------
  Iteration       Function          RMS Gradient        Max. |Grad.|          RMS Disp.         Max. |Disp.|
----------------------------------------------------------------------------------------------------------------
     0     I      -9320.88114590         78.21456846       2940.93749920          0.00201374          0.07571843
     1   L1s      -9474.49256580          6.64521677        210.20090847          0.00157469          0.04935406
     2   L1s      -9476.07086714          3.86147379        122.01070113          0.00019292          0.00672105
     3   L1s      -9478.67625405          2.66962829         75.45958903          0.00063421          0.01400207
     4   L1s      -9479.84897330          2.58678485         68.12736300          0.00045150          0.01230099
     5   L1s      -9480.09292389          1.49847757         34.93067819          0.00012154          0.00246438
     6   L1s      -9480.60819074          1.66605888         37.09969217          0.00038003          0.00736286
     7   L1s      -9480.77951554          1.54429917         29.93013148          0.00015122          0.00270182
     8   L1s      -9481.08919055          1.25122436         33.10950667          0.00031921          0.00468937
     9   L1s      -9481.29770511          1.11634097         22.88681525          0.00025322          0.00336982
    10   L1s      -9481.36202831          0.98268043         17.91518582          0.00009121          0.00132919
    11   L1s      -9481.46992785          0.65732476         12.36692982          0.00017708          0.00291972
    12   L1s      -9481.59011463          0.92636006         23.69741783          0.00024667          0.00422101
    13   L1s      -9481.63990093          0.79702821         18.52813825          0.00011107          0.00196694
    14   L1s      -9481.71911837          0.66574936         10.42196765          0.00019409          0.00359585
    15   L1s      -9481.75652838          0.90503835         27.18333214          0.00010264          0.00194493
    16   L1s      -9481.85901426          0.61367469          8.53134793          0.00029569          0.00575448
    17   L0s      -9481.95799089          0.59567370          9.33602095          0.00029569          0.00555749
    18   L1s      -9481.99857914          0.91229741         30.50813891          0.00013383          0.00247034
    19   L1s      -9482.07423729          0.68330844         10.14046051          0.00026469          0.00470291
    20   L1s      -9482.12814548          0.83407791         23.96586395          0.00020004          0.00350141
    21   L1s      -9482.16973077          0.54626762          8.33256901          0.00015921          0.00273721
    22   L1s      -9482.23465251          0.62672097         11.27126856          0.00026746          0.00460028
    23   L0s      -9482.29235564          0.86839719         21.13310127          0.00026746          0.00457214
    24   L1s      -9482.32145976          0.47641148          6.70780949          0.00013296          0.00214127
    25   L1s      -9482.36754715          0.52828034         12.13501865          0.00018415          0.00280408
    26   L1s      -9482.38773789          0.58389146         16.02871599          0.00008641          0.00125197
    27   L1s      -9482.42303118          0.48253188          9.21963194          0.00015885          0.00215032
    28   L1s      -9482.44306129          0.58358553         16.97083521          0.00009628          0.00124869
    29   L1s      -9482.46890476          0.34901042          7.21757116          0.00012925          0.00159352
    30   L0s      -9482.49159719          0.42297389          6.83684455          0.00012925          0.00154795
    31   L1s      -9482.50152839          0.42392144          9.79708980          0.00005893          0.00067769
    32   L1s      -9482.52555950          0.35898702          7.71420187          0.00014578          0.00167528
    33   L0s      -9482.54835405          0.43165441         11.78346490          0.00014578          0.00186281
    34   L1s      -9482.55745804          0.34712092          6.65763979          0.00006096          0.00068021
    35   L1s      -9482.58020666          0.41215086          7.35945150          0.00016442          0.00190974
    36   L1s      -9482.59205781          0.43685216         10.44037361          0.00008884          0.00094883
    37   L1s      -9482.61807891          0.34324065          4.15616043          0.00020107          0.00221089
    38   L1s      -9482.63142678          0.51714561         16.21519754          0.00010747          0.00111704
    39   L1s      -9482.64997938          0.33119043          5.36735429          0.00015236          0.00156111
    40   L1s      -9482.67016050          0.33323995          5.69938424          0.00017282          0.00183593
    41   L1s      -9482.67963051          0.42693747         11.70989187          0.00008435          0.00088295
    42   L1s      -9482.69414009          0.29578254          4.34949442          0.00013215          0.00141338
    43   L0s      -9482.70873381          0.38641693         10.40217763          0.00013215          0.00139662
    44   L1s      -9482.71713829          0.24720586          3.76676740          0.00007974          0.00080894
    45   L1s      -9482.72652274          0.28590866          8.42931180          0.00010379          0.00102682
    46   L1s      -9482.73082337          0.25220425          3.91885724          0.00004908          0.00047634
    47   L1s      -9482.74187630          0.23786821          2.97671329          0.00013105          0.00127466
    48   L1s      -9482.75067278          0.39744070         13.59758330          0.00010851          0.00105131
    49   L1s      -9482.76063311          0.24140454          3.78948887          0.00012450          0.00117580
    50   L1s      -9482.76657893          0.29349338          9.02728710          0.00007702          0.00071357
    51   L0s      -9482.77252965          0.22155757          4.16153623          0.00007702          0.00074072
    52   L1s      -9482.78051758          0.21789973          4.31994230          0.00010596          0.00096180
    53   L1s      -9482.78386576          0.26460561          4.64789160          0.00004705          0.00042791
    54   L1s      -9482.79288324          0.20854720          2.91801785          0.00012971          0.00116698
    55   L1s      -9482.79844467          0.28859075          8.90466763          0.00008296          0.00073217
    56   L0s      -9482.80374666          0.19944753          2.71544558          0.00008296          0.00076189
    57   L1s      -9482.80945745          0.30514671         10.09918352          0.00009501          0.00086621
    58   L0s      -9482.81459812          0.20717715          3.32629818          0.00009501          0.00086363
    59   L1s      -9482.82080995          0.20333817          4.35253572          0.00012985          0.00123860
    60   L1s      -9482.82484860          0.25808150          7.02384523          0.00007726          0.00075789
    61   L1s      -9482.83061326          0.18885608          2.89883375          0.00011179          0.00109792
    62   L1s      -9482.83385132          0.24713343          7.49110341          0.00006431          0.00061122
    63   L1s      -9482.83975778          0.18803207          2.03046258          0.00011893          0.00101143
    64   L0s      -9482.84559838          0.23331608          6.68319383          0.00011893          0.00096432
    65   L1s      -9482.84902651          0.19840257          4.13626917          0.00007109          0.00054879
    66   L1s      -9482.85504891          0.24733574          6.01422051          0.00012920          0.00100876
    67   L1s      -9482.85854576          0.21137368          4.95827822          0.00007587          0.00055147
    68   L1s      -9482.86491723          0.19588742          3.23238567          0.00014042          0.00103665
    69   L1s      -9482.86938562          0.25918777          6.98757517          0.00010021          0.00083593
    70   L1s      -9482.87453685          0.17774268          3.08032109          0.00011660          0.00090861
    71   L1s      -9482.87808171          0.24433935          6.45140190          0.00008194          0.00075548
    72   L1s      -9482.88228565          0.18882615          3.55222146          0.00009813          0.00087880
    73   L1s      -9482.88788603          0.20428629          4.58532697          0.00013300          0.00111661
    74   L1s      -9482.89083301          0.20212740          4.49946309          0.00007094          0.00062726
    75   L1s      -9482.89655484          0.18889985          3.33149874          0.00013968          0.00097613
    76   L1s      -9482.89886897          0.20070261          5.01740320          0.00005746          0.00044029
    77   L1s      -9482.90377003          0.17587324          3.39666605          0.00012320          0.00083436
    78   L1s      -9482.90735210          0.22118343          5.26673081          0.00009159          0.00061263
    79   L0s      -9482.91115520          0.16186199          2.40788050          0.00009159          0.00062571
    80   L1s      -9482.91567475          0.22397636          4.78489111          0.00010470          0.00072639
    81   L1s      -9482.91824616          0.16858504          2.97742093          0.00006231          0.00044533
    82   L1s      -9482.92285325          0.16196100          2.76818081          0.00011381          0.00084285
    83   L1s      -9482.92552128          0.22060178          6.27886752          0.00006726          0.00050753
    84   L1s      -9482.93053197          0.15902154          2.27778207          0.00012766          0.00099470
    85   L1s      -9482.93295743          0.21842554          5.83087144          0.00006302          0.00049826
    86   L1s      -9482.93710010          0.17140356          3.14065509          0.00010872          0.00087524
    87   L1s      -9482.94242957          0.18781013          4.96862994          0.00014212          0.00115354
    88   L1s      -9482.94465346          0.18463280          4.53111594          0.00006008          0.00049036
    89   L1s      -9482.94964841          0.19587712          5.55847031          0.00013671          0.00111328
    90   L1s      -9482.95208533          0.19880906          4.25461108          0.00006745          0.00054587
    91   L1s      -9482.95725658          0.14482013          2.05777233          0.00014468          0.00113829
    92   L1s      -9482.96068657          0.22139354          7.27549143          0.00009790          0.00075830
    93   L1s      -9482.96365678          0.17300932          2.01328079          0.00008546          0.00064713
    94   L1s      -9482.96824220          0.22962551          7.13179912          0.00013368          0.00101796
    95   L1s      -9482.97118349          0.16483549          2.47232127          0.00008636          0.00065918
    96   L1s      -9482.97588120          0.16424621          2.52240458          0.00013984          0.00105965
    97   L1s      -9482.97894125          0.24483910          6.93513767          0.00009235          0.00070005
    98   L1s      -9482.98358311          0.17180204          2.56363685          0.00014093          0.00108662
    99   L1s      -9482.98719584          0.22082824          5.99824593          0.00011105          0.00087009
   100   L1s      -9482.99044782          0.15980576          2.56126005          0.00010066          0.00081667
   101   L1s      -9482.99490683          0.17266887          3.83786074          0.00013988          0.00115983
   102   L1s      -9482.99673870          0.18049942          3.35473691          0.00005812          0.00049069
   103   L1s      -9483.00114366          0.16104442          2.39674035          0.00014114          0.00121945
   104   L1s      -9483.00393439          0.20094925          4.63538955          0.00009054          0.00079457
   105   L0s      -9483.00691573          0.13147911          1.76974286          0.00009054          0.00082411
   106   L0s      -9483.01004617          0.20826190          5.89888176          0.00009054          0.00083317
   107   L1s      -9483.01222903          0.15729470          2.25639052          0.00006414          0.00059517
   108   L1s      -9483.01705672          0.14934236          2.32444304          0.00013618          0.00124482
   109   L1s      -9483.01950677          0.20726927          5.03210795          0.00007038          0.00063872
   110   L0s      -9483.02207729          0.12581365          1.90962728          0.00007038          0.00062770
   111   L0s      -9483.02488020          0.15170343          4.23137867          0.00007038          0.00062989
   112   L1s      -9483.02629420          0.14760059          3.48285977          0.00003766          0.00033958
   113   L1s      -9483.02932426          0.14918051          3.97798077          0.00008372          0.00075617
   114   L1s      -9483.03065943          0.14812832          3.35679434          0.00003760          0.00033885
   115   L1s      -9483.03416564          0.13119838          2.52001559          0.00010060          0.00088610
   116   L1s      -9483.03582508          0.17756881          4.71041634          0.00004870          0.00042305
   117   L1s      -9483.03793873          0.11779210          2.57115202          0.00006278          0.00052801
   118   L1s      -9483.04051165          0.13146159          2.39525289          0.00007846          0.00064087
   119   L1s      -9483.04159106          0.14505604          2.95196339          0.00003359          0.00026959
   120   L1s      -9483.04411640          0.10782461          2.16309090          0.00007986          0.00064525
   121   L1s      -9483.04612507          0.17286729          5.19925730          0.00006530          0.00053130
   122   L1s      -9483.04769232          0.12242016          2.50281606          0.00005147          0.00042666
   123   L1s      -9483.05005849          0.14748491          3.10374778          0.00007929          0.00066702
   124   L1s      -9483.05140177          0.13617336          2.60653342          0.00004561          0.00039074
   125   L1s      -9483.05393476          0.12577070          2.52827227          0.00008731          0.00076578
   126   L1s      -9483.05493753          0.13450882          3.77430721          0.00003517          0.00031484
   127   L1s      -9483.05679667          0.09354191          1.53154437          0.00006617          0.00061706
----------------------------------------------------------------------------------------------------------------

Minimization converged.

-------------------  Conjugate Gradient Minimizer Statistics -------------------
Iterations             =            127  Function Calls         =            241
--------------------------------------------------------------------------------
