
#-----------------------------------------------------------------------------#
#                                                                             #
#                                EasyHybrid                                   #
#                   - A pDynamo graphical user interface -                    #
#                                                                             #
#-----------------------------------------------------------------------------#
#                                                                             #
#     Developed by Jose Fernando R Bachega and Luis Fernando S M Timmers      #
#                            <ferbachega@gmail.com>                           #
#                                                                             #
#             visit: https://sites.google.com/site/EasyHybrid/                #
#                   Univesity of Sao Paulo - SP, Brazil                       #
#      Pontifical Catholic University of Rio Grande do Sul - RS, Brazil       #
#                                                                             #
#                                                                             #
#   EasyHybrid team:                               Special thanks to:         #
#   - Jose Fernando R Bachega           |         - Fernando V Maluf          #
#   - Michele Silva                     |                                     #
#   - Luis Fernando S M Timmers         |                                     #
#   - Martin Field                      |         - Leonardo R Bachega        #
#   - Troy Wymore                       |         - Lucas Assirati            #
#   - Osmar Norberto de Souza           |         - Richard Garratt           #
#   - Walter R Paixao-Cortes            |                                     #
#                                                                             #
#   Cite this work as:                                                        #
#   J.F.R. Bachega, L.F.S.M. Timmers, L.Assirati, L.B. Bachega, M.J. Field,   #
#   T. Wymore. J. Comput. Chem. 2013, 34, 2190-2196. DOI: 10.1002/jcc.23346   #
#                                                                             #
#-----------------------------------------------------------------------------#

Generated on Wed Jun  5 18:02:56 2019


--------------------------------------------------------------------------------
                        Summary for System "12_ramon_new"
--------------------------------------------------------------------------------

---------------------------- Atom Container Summary ----------------------------
Number of Atoms        =           2173  Number of Heavy Atoms  =           1040
Number of Hydrogens    =           1133  Number of Unknowns     =              0
--------------------------------------------------------------------------------

----------------------------- Connectivity Summary -----------------------------
Atoms                  =           2173
--------------------------------------------------------------------------------

------------------------------- Electronic State -------------------------------
Charge                 =             -1  Multiplicity           =              1
--------------------------------------------------------------------------------

--------------------------------------------------------------------------------
                 Summary for Energy Model "AMBER/AM1DPHOT/ABFS"
--------------------------------------------------------------------------------

----------------------------------- Summary for MM Model "AMBER" -----------------------------------
LJ 1-4 Scaling                   =          0.500  El. 1-4 Scaling                  =          0.833
Number of MM Atoms               =           2173  Number of MM Atom Types          =             37
Number of Inactive MM Atoms      =             33  Total MM Charge                  =          -4.00
Harmonic Bond Terms              =           2169  Harmonic Bond Parameters         =             49
Harmonic Bond Inactive           =           1308  Fourier Improper Terms           =            320
Fourier Improper Parameters      =              3  Fourier Improper Inactive        =            164
Harmonic Angle Terms             =           3403  Harmonic Angle Parameters        =            103
Harmonic Angle Inactive          =           1938  Fourier Dihedral Terms           =           6697
Fourier Dihedral Parameters      =             48  Fourier Dihedral Inactive        =           3453
Exclusions                       =          10377  1-4 Interactions                 =           4805
LJ Parameters Form               =          AMBER  LJ Parameters Types              =             21
1-4 Lennard-Jones Form           =          AMBER  1-4 Lennard-Jones Types          =             21
----------------------------------------------------------------------------------------------------

------------------------ Summary for QC Model "AM1DPHOT" -----------------------
Number of QC Atoms     =             39  Boundary Atoms         =              6
Nuclear Charge         =            129  Orbital Functions      =            113
Fitting Functions      =              0  Energy Base Line       =      189.57630
QC Parameter Centers   =              6
--------------------------------------------------------------------------------

----------------------------- ABFS NB Model Summary ----------------------------
Dielectric             =       1.000000  El. 1-4 Scaling        =       0.833333
Damping Cutoff         =       0.500000  Inner Cutoff           =       8.000000
List Cutoff            =      13.500000  Outer Cutoff           =      12.000000
QC/MM Coupling         =    RC Coupling  Use Centering          =          False
--------------------------------------------------------------------------------

-------------------------- Pairlist Generator Summary --------------------------
Cell Size              =          6.750  Cutoff                 =         13.500
Cutoff Cell Size Factor =          0.500  Grid Cell/Cell Method  =           True
Minimum Cell Extent    =              2  Minimum Cell Size      =          3.000
Minimum Extent Factor  =          1.500  Minimum Points         =            500
Sort Indices           =          False
--------------------------------------------------------------------------------

----------------------- SoftConstraint Container Summary -----------------------
Multiple Distance      =              2
--------------------------------------------------------------------------------

---------------------------- Hard Constraint Container Summary ---------------------------
Number of Charge Constraints  =            0  Number of Fixed Atoms         =         1351
------------------------------------------------------------------------------------------

------------------------------- Sequence Summary -------------------------------
Number of Atoms            =       2173  Number of Components       =        213
Number of Entities         =          1  Number of Linear Polymers  =          0
Number of Links            =          0  Number of Variants         =          0
--------------------------------------------------------------------------------

-------------------------------  Conjugate Gradient Minimizer Options ------------------------------
Beta Type                        =              1  Initial Step                     =            0.1
Line Searcher                    =           None  Log Frequency                    =              1
Maximum Iterations               =            500  Maximum Theta                    =          1e+10
Minimum Theta                    =          1e-10  RMS Gradient Tolerance           =            0.1
Steepest Descent Tolerance       =          0.001  Use Spectral Theta               =           True
----------------------------------------------------------------------------------------------------

----------------------------------------------------------------------------------------------------------------
  Iteration       Function          RMS Gradient        Max. |Grad.|          RMS Disp.         Max. |Disp.|
----------------------------------------------------------------------------------------------------------------
     0     I      -9277.14905494         74.11175895       2698.62146449          0.00201374          0.07332605
     1   L1s      -9419.77713383          6.03025337        165.29767405          0.00153924          0.03928817
     2   L1s      -9428.33175607          6.49824207        143.46452308          0.00115582          0.03366147
     3   L1s      -9430.31441780          4.78492190        103.79209887          0.00035867          0.00811692
     4   L1s      -9432.91517746          1.91878263         53.31843862          0.00065004          0.01513423
     5   L1s      -9433.88959076          2.97639456         76.02954375          0.00048323          0.01174828
     6   L1s      -9434.32743847          1.93989757         45.34628169          0.00024732          0.00554038
     7   L1s      -9434.91872262          1.68301608         42.94608018          0.00041910          0.00901958
     8   L1s      -9435.34676596          1.48770815         31.19658963          0.00036561          0.00762022
     9   L1s      -9435.47947929          1.34451132         33.76787994          0.00013478          0.00257975
    10   L1s      -9435.65474676          0.87982185         12.56792958          0.00020692          0.00351220
    11   L1s      -9435.84155062          1.30200726         29.98960370          0.00028008          0.00548660
    12   L1s      -9435.93927959          1.05981226         24.01381551          0.00015878          0.00297311
    13   L1s      -9436.11322380          0.83857211         11.27635843          0.00031229          0.00606452
    14   L1s      -9436.34517623          1.19038493         20.52764013          0.00047487          0.00877514
    15   L1s      -9436.43314348          1.14623817         27.45951265          0.00018946          0.00395042
    16   L1s      -9436.60493338          0.81782833         10.56026759          0.00038998          0.00897335
    17   L1s      -9436.70855899          1.11856148         29.81772878          0.00025840          0.00546844
    18   L1s      -9436.77984776          0.75749740         12.77484827          0.00018507          0.00426460
    19   L1s      -9436.86157780          0.61024388          9.60879211          0.00022993          0.00543599
    20   L1s      -9436.94382087          0.68337929         13.89711143          0.00025649          0.00593689
    21   L1s      -9436.98162505          0.83712197         18.07561669          0.00012607          0.00315114
    22   L1s      -9437.07387132          0.53957066          6.55381478          0.00032079          0.00781303
    23   L1s      -9437.12153184          0.80320951         19.55777792          0.00018094          0.00397095
    24   L1s      -9437.15834116          0.50802968          6.82783355          0.00014462          0.00329920
    25   L1s      -9437.20985612          0.52370500         10.64428671          0.00021950          0.00485533
    26   L0s      -9437.25848470          0.57535414         12.71905619          0.00021950          0.00442418
    27   L1s      -9437.28034277          0.56597164         14.03327745          0.00010344          0.00213038
    28   L1s      -9437.31992425          0.42518831          6.34507083          0.00019678          0.00420222
    29   L0s      -9437.35458739          0.71003943         18.94310456          0.00019678          0.00433440
    30   L1s      -9437.38142848          0.49107310          6.45009813          0.00014934          0.00333323
    31   L1s      -9437.42167333          0.37509651          5.35835259          0.00020902          0.00480860
    32   L1s      -9437.45131065          0.66159829         21.32515421          0.00016735          0.00394057
    33   L0s      -9437.47983144          0.48880124          7.05275909          0.00016735          0.00392492
    34   L1s      -9437.53098150          0.45415096          6.18614833          0.00031458          0.00726605
    35   L0s      -9437.58320575          0.62996218         17.36396511          0.00031458          0.00719442
    36   L1s      -9437.60722407          0.51276279         10.97094891          0.00015236          0.00338661
    37   L1s      -9437.64348676          0.47793805          8.89357051          0.00025853          0.00558737
    38   L1s      -9437.67514398          0.66482218         19.01231513          0.00023263          0.00502947
    39   L0s      -9437.70486057          0.53718673          7.50098048          0.00023263          0.00493984
    40   L1s      -9437.77149472          0.50909776          6.21247157          0.00054369          0.01136144
    41   L1s      -9437.81570212          0.67082639         14.18270304          0.00035552          0.00731213
    42   L1s      -9437.84354689          0.59698525         13.10272253          0.00022481          0.00458536
    43   L1s      -9437.90146266          0.48881705          7.89199285          0.00047347          0.00957785
    44   L1s      -9437.92933691          0.73357914         15.58111038          0.00023053          0.00460265
    45   L1s      -9437.99124916          0.57275543         10.20611483          0.00051819          0.01018560
    46   L1s      -9438.03801624          0.48437473          7.43190257          0.00040121          0.00760595
    47   L1s      -9438.06948413          0.68961384         21.97616202          0.00026881          0.00498954
    48   L0s      -9438.09834773          0.46246602          6.12812100          0.00026881          0.00485716
    49   L1s      -9438.14094628          0.56024147         10.10035482          0.00043747          0.00835879
    50   L1s      -9438.16646602          0.62228005         13.05616055          0.00024965          0.00456934
    51   L1s      -9438.21655581          0.52716217          8.16022708          0.00049318          0.00910924
    52   L1s      -9438.25136158          0.62569810         16.94312599          0.00034267          0.00614217
    53   L1s      -9438.27693855          0.51333441         10.90456971          0.00025340          0.00436640
    54   L1s      -9438.31273253          0.40703269          6.65598565          0.00035786          0.00601534
    55   L1s      -9438.33570176          0.60945688         18.21202170          0.00023266          0.00374744
    56   L1s      -9438.36458845          0.39386157          5.35826319          0.00029496          0.00459087
    57   L1s      -9438.38683007          0.49394922         11.29644908          0.00023028          0.00363120
    58   L1s      -9438.40376649          0.45008252          6.87631572          0.00017733          0.00248191
    59   L1s      -9438.43575749          0.40778306          6.02731709          0.00033936          0.00464331
    60   L1s      -9438.45717225          0.48877662         10.87993278          0.00022944          0.00311089
    61   L1s      -9438.47253770          0.38946270          6.97934166          0.00016643          0.00219274
    62   L1s      -9438.49684232          0.40573029          9.10846035          0.00026816          0.00338483
    63   L1s      -9438.50938020          0.42209108         10.80215071          0.00014049          0.00169691
    64   L1s      -9438.52999642          0.32753559          5.10790678          0.00023398          0.00253929
    65   L0s      -9438.54936176          0.49951921         14.90683066          0.00023398          0.00247375
    66   L1s      -9438.56304722          0.36010395          5.39884786          0.00016275          0.00168773
    67   L1s      -9438.58476925          0.36142865          7.03344125          0.00024343          0.00261406
    68   L1s      -9438.59871220          0.45462694         10.05156028          0.00015937          0.00174170
    69   L1s      -9438.61790566          0.37708894          6.13405311          0.00022194          0.00233756
    70   L0s      -9438.63835557          0.35256485          9.47219519          0.00022194          0.00217761
    71   L1s      -9438.64758531          0.36722265          9.70324690          0.00010140          0.00094780
    72   L1s      -9438.66740420          0.31753227          3.50602997          0.00023827          0.00221207
    73   L1s      -9438.68502389          0.42172051         12.65913141          0.00021654          0.00187932
    74   L1s      -9438.69593087          0.34279327          7.23943554          0.00013560          0.00116599
    75   L1s      -9438.71131375          0.32666383          5.06628999          0.00019469          0.00171461
    76   L0s      -9438.72492120          0.46821986         11.73092083          0.00019469          0.00173037
    77   L1s      -9438.73773774          0.31941631          3.45648895          0.00017509          0.00163208
    78   L1s      -9438.75647952          0.32935795          6.45290448          0.00021065          0.00206446
    79   L1s      -9438.76586747          0.40931436         10.63020887          0.00010803          0.00108960
    80   L1s      -9438.78676146          0.33394560          5.11283292          0.00024398          0.00253120
    81   L1s      -9438.80479658          0.44991681         12.19880096          0.00021519          0.00224965
    82   L1s      -9438.81599879          0.30531346          3.17554805          0.00013518          0.00142362
    83   L1s      -9438.83476212          0.32916011          6.05745391          0.00023201          0.00243511
    84   L1s      -9438.84714113          0.41387251         12.76658753          0.00015606          0.00162920
    85   L0s      -9438.85892545          0.32047335          6.38209350          0.00015606          0.00161201
    86   L1s      -9438.87732949          0.32787468          6.26942170          0.00025369          0.00258091
    87   L1s      -9438.88441702          0.33874426          6.71189333          0.00009604          0.00096126
    88   L1s      -9438.90483923          0.28814060          3.21751929          0.00028103          0.00271818
    89   L1s      -9438.91790526          0.40682879         12.42736958          0.00018348          0.00175628
    90   L1s      -9438.92775125          0.29443618          5.50992037          0.00013963          0.00132909
    91   L1s      -9438.94178568          0.28156118          4.41592681          0.00020278          0.00192732
    92   L1s      -9438.95185849          0.35798390          7.92228674          0.00014838          0.00144183
    93   L1s      -9438.96034914          0.27560136          3.53744270          0.00012655          0.00127770
    94   L1s      -9438.97577316          0.30230476          8.20107500          0.00023431          0.00241854
    95   L1s      -9438.98181834          0.30637241          7.10235641          0.00009325          0.00097792
    96   L1s      -9438.99582348          0.26425798          3.03827814          0.00021919          0.00230951
    97   L0s      -9439.00887975          0.37656372          8.61639214          0.00021919          0.00231277
    98   L1s      -9439.01608172          0.27752477          3.67156844          0.00011873          0.00125398
    99   L1s      -9439.02754159          0.24695766          4.22469586          0.00017536          0.00186423
   100   L1s      -9439.03726190          0.32937506          8.31651153          0.00015210          0.00162155
   101   L1s      -9439.04395187          0.24735593          4.29584284          0.00010598          0.00113109
   102   L1s      -9439.05483561          0.25020469          3.05840422          0.00017606          0.00185973
   103   L1s      -9439.06000925          0.28897227          6.22369529          0.00008538          0.00089300
   104   L1s      -9439.06746813          0.19312268          2.61222497          0.00012485          0.00127688
   105   L1s      -9439.07653257          0.21742612          3.62819768          0.00015636          0.00159005
   106   L1s      -9439.08046783          0.25450844          7.22793027          0.00006946          0.00070467
   107   L1s      -9439.08699999          0.19589991          2.86096332          0.00011716          0.00118138
   108   L0s      -9439.09322734          0.28844691          7.02155120          0.00011716          0.00117257
   109   L1s      -9439.09839734          0.21529854          3.43482339          0.00009718          0.00095200
   110   L1s      -9439.10574214          0.20420384          3.04906728          0.00013570          0.00129745
   111   L1s      -9439.11405330          0.27542603          8.06897458          0.00015704          0.00149096
   112   L1s      -9439.11798130          0.20160566          3.37034658          0.00007510          0.00070729
   113   L1s      -9439.12811448          0.23107684          5.49044103          0.00019797          0.00185240
   114   L1s      -9439.13107978          0.19650851          4.06270574          0.00005885          0.00054459
   115   L1s      -9439.13707847          0.16932198          2.15979350          0.00012160          0.00109509
   116   L0s      -9439.14299443          0.21701432          5.31593654          0.00012160          0.00107688
   117   L1s      -9439.14611876          0.21154686          5.25280441          0.00006564          0.00057331
   118   L1s      -9439.15222143          0.16929863          3.10154468          0.00013210          0.00114938
   119   L1s      -9439.15535245          0.20495419          5.21973161          0.00006943          0.00060460
   120   L0s      -9439.15834655          0.15807853          2.64995725          0.00006943          0.00060699
   121   L1s      -9439.16339441          0.15783161          2.56532747          0.00012193          0.00105790
   122   L1s      -9439.16630327          0.22135725          7.14565253          0.00007000          0.00060452
   123   L1s      -9439.16980938          0.14395049          1.62137238          0.00008535          0.00072996
   124   L1s      -9439.17435784          0.14438778          2.54795965          0.00011362          0.00097726
   125   L1s      -9439.17605279          0.17149631          4.42967709          0.00004339          0.00037559
   126   L1s      -9439.18025240          0.16534386          3.44317156          0.00010935          0.00095364
   127   L1s      -9439.18394137          0.19737020          6.10693158          0.00009775          0.00085375
   128   L1s      -9439.18619655          0.14924468          2.58195501          0.00006047          0.00052683
   129   L1s      -9439.18983748          0.12553809          1.56961158          0.00009960          0.00085436
   130   L1s      -9439.19293824          0.17138443          3.64806175          0.00008715          0.00074001
   131   L1s      -9439.19462701          0.14184430          2.38461145          0.00004813          0.00040250
   132   L1s      -9439.19801595          0.12811128          2.15587534          0.00009851          0.00080629
   133   L1s      -9439.19948234          0.14777794          3.61256777          0.00004361          0.00035046
   134   L1s      -9439.20136988          0.10251350          1.25839760          0.00005709          0.00043794
   135   L1s      -9439.20396481          0.13309782          2.47710582          0.00008111          0.00060275
   136   L1s      -9439.20523427          0.14238392          2.93761475          0.00004043          0.00029220
   137   L1s      -9439.20754046          0.12129371          2.29055162          0.00007462          0.00054630
   138   L1s      -9439.21036129          0.12813534          2.86424984          0.00009322          0.00068658
   139   L1s      -9439.21159051          0.13634791          3.08716945          0.00004136          0.00030586
   140   L1s      -9439.21374484          0.10303280          1.21825494          0.00007361          0.00054813
   141   L1s      -9439.21546603          0.17014259          3.93816812          0.00006035          0.00045038
   142   L1s      -9439.21739997          0.10469920          1.10139359          0.00006844          0.00051180
   143   L1s      -9439.21987476          0.11128799          1.91893301          0.00008964          0.00066339
   144   L1s      -9439.22141303          0.14826041          4.43165828          0.00005684          0.00041651
   145   L0s      -9439.22293203          0.11567482          2.13156507          0.00005684          0.00040783
   146   L1s      -9439.22501804          0.10778922          2.12559506          0.00007951          0.00055661
   147   L1s      -9439.22589653          0.11591834          2.81266714          0.00003407          0.00023399
   148   L1s      -9439.22752522          0.09065276          0.93976237          0.00006418          0.00043033
----------------------------------------------------------------------------------------------------------------

Minimization converged.

-------------------  Conjugate Gradient Minimizer Statistics -------------------
Iterations             =            148  Function Calls         =            282
--------------------------------------------------------------------------------
