
#-----------------------------------------------------------------------------#
#                                                                             #
#                                EasyHybrid                                   #
#                   - A pDynamo graphical user interface -                    #
#                                                                             #
#-----------------------------------------------------------------------------#
#                                                                             #
#     Developed by Jose Fernando R Bachega and Luis Fernando S M Timmers      #
#                            <ferbachega@gmail.com>                           #
#                                                                             #
#             visit: https://sites.google.com/site/EasyHybrid/                #
#                   Univesity of Sao Paulo - SP, Brazil                       #
#      Pontifical Catholic University of Rio Grande do Sul - RS, Brazil       #
#                                                                             #
#                                                                             #
#   EasyHybrid team:                               Special thanks to:         #
#   - Jose Fernando R Bachega           |         - Fernando V Maluf          #
#   - Michele Silva                     |                                     #
#   - Luis Fernando S M Timmers         |                                     #
#   - Martin Field                      |         - Leonardo R Bachega        #
#   - Troy Wymore                       |         - Lucas Assirati            #
#   - Osmar Norberto de Souza           |         - Richard Garratt           #
#   - Walter R Paixao-Cortes            |                                     #
#                                                                             #
#   Cite this work as:                                                        #
#   J.F.R. Bachega, L.F.S.M. Timmers, L.Assirati, L.B. Bachega, M.J. Field,   #
#   T. Wymore. J. Comput. Chem. 2013, 34, 2190-2196. DOI: 10.1002/jcc.23346   #
#                                                                             #
#-----------------------------------------------------------------------------#

Generated on Wed Jun  5 18:03:50 2019


--------------------------------------------------------------------------------
                        Summary for System "12_ramon_new"
--------------------------------------------------------------------------------

---------------------------- Atom Container Summary ----------------------------
Number of Atoms        =           2173  Number of Heavy Atoms  =           1040
Number of Hydrogens    =           1133  Number of Unknowns     =              0
--------------------------------------------------------------------------------

----------------------------- Connectivity Summary -----------------------------
Atoms                  =           2173
--------------------------------------------------------------------------------

------------------------------- Electronic State -------------------------------
Charge                 =             -1  Multiplicity           =              1
--------------------------------------------------------------------------------

--------------------------------------------------------------------------------
                 Summary for Energy Model "AMBER/AM1DPHOT/ABFS"
--------------------------------------------------------------------------------

----------------------------------- Summary for MM Model "AMBER" -----------------------------------
LJ 1-4 Scaling                   =          0.500  El. 1-4 Scaling                  =          0.833
Number of MM Atoms               =           2173  Number of MM Atom Types          =             37
Number of Inactive MM Atoms      =             33  Total MM Charge                  =          -4.00
Harmonic Bond Terms              =           2169  Harmonic Bond Parameters         =             49
Harmonic Bond Inactive           =           1308  Fourier Improper Terms           =            320
Fourier Improper Parameters      =              3  Fourier Improper Inactive        =            164
Harmonic Angle Terms             =           3403  Harmonic Angle Parameters        =            103
Harmonic Angle Inactive          =           1938  Fourier Dihedral Terms           =           6697
Fourier Dihedral Parameters      =             48  Fourier Dihedral Inactive        =           3453
Exclusions                       =          10377  1-4 Interactions                 =           4805
LJ Parameters Form               =          AMBER  LJ Parameters Types              =             21
1-4 Lennard-Jones Form           =          AMBER  1-4 Lennard-Jones Types          =             21
----------------------------------------------------------------------------------------------------

------------------------ Summary for QC Model "AM1DPHOT" -----------------------
Number of QC Atoms     =             39  Boundary Atoms         =              6
Nuclear Charge         =            129  Orbital Functions      =            113
Fitting Functions      =              0  Energy Base Line       =      189.57630
QC Parameter Centers   =              6
--------------------------------------------------------------------------------

----------------------------- ABFS NB Model Summary ----------------------------
Dielectric             =       1.000000  El. 1-4 Scaling        =       0.833333
Damping Cutoff         =       0.500000  Inner Cutoff           =       8.000000
List Cutoff            =      13.500000  Outer Cutoff           =      12.000000
QC/MM Coupling         =    RC Coupling  Use Centering          =          False
--------------------------------------------------------------------------------

-------------------------- Pairlist Generator Summary --------------------------
Cell Size              =          6.750  Cutoff                 =         13.500
Cutoff Cell Size Factor =          0.500  Grid Cell/Cell Method  =           True
Minimum Cell Extent    =              2  Minimum Cell Size      =          3.000
Minimum Extent Factor  =          1.500  Minimum Points         =            500
Sort Indices           =          False
--------------------------------------------------------------------------------

----------------------- SoftConstraint Container Summary -----------------------
Multiple Distance      =              2
--------------------------------------------------------------------------------

---------------------------- Hard Constraint Container Summary ---------------------------
Number of Charge Constraints  =            0  Number of Fixed Atoms         =         1351
------------------------------------------------------------------------------------------

------------------------------- Sequence Summary -------------------------------
Number of Atoms            =       2173  Number of Components       =        213
Number of Entities         =          1  Number of Linear Polymers  =          0
Number of Links            =          0  Number of Variants         =          0
--------------------------------------------------------------------------------

-------------------------------  Conjugate Gradient Minimizer Options ------------------------------
Beta Type                        =              1  Initial Step                     =            0.1
Line Searcher                    =           None  Log Frequency                    =              1
Maximum Iterations               =            500  Maximum Theta                    =          1e+10
Minimum Theta                    =          1e-10  RMS Gradient Tolerance           =            0.1
Steepest Descent Tolerance       =          0.001  Use Spectral Theta               =           True
----------------------------------------------------------------------------------------------------

----------------------------------------------------------------------------------------------------------------
  Iteration       Function          RMS Gradient        Max. |Grad.|          RMS Disp.         Max. |Disp.|
----------------------------------------------------------------------------------------------------------------
     0     I      -9247.83416549         69.67765923       2436.34687949          0.00201374          0.07041238
     1   L1s      -9387.27439513          7.98539737        167.27227194          0.00160678          0.03360753
     2   L1s      -9392.28565627          9.72126896        317.95470732          0.00051296          0.01315348
     3   L1s      -9400.73968775          4.53851069        118.42776714          0.00111832          0.03235559
     4   L1s      -9404.19124563          1.97522331         44.99599797          0.00078753          0.01992397
     5   L1s      -9404.83135749          3.09346976         85.74650815          0.00030746          0.00720442
     6   L1s      -9405.47352141          1.88393340         33.83075460          0.00035205          0.00693004
     7   L1s      -9405.84148413          2.31031586         50.62574315          0.00025944          0.00493015
     8   L1s      -9406.23409587          1.47863530         23.77980000          0.00031006          0.00555026
     9   L0s      -9406.58302712          0.96772903         18.87510231          0.00031006          0.00552068
    10   L1s      -9406.74319564          0.82952014         15.75484073          0.00019051          0.00322124
    11   L0s      -9406.85246249          1.36944378         34.47375206          0.00019051          0.00386249
    12   L0s      -9406.95125780          0.99794427         23.38422815          0.00019051          0.00368643
    13   L1s      -9407.06794983          1.01885461         20.96665016          0.00022907          0.00503387
    14   L1s      -9407.14155835          0.88349387         17.16117524          0.00014739          0.00305072
    15   L1s      -9407.30487489          0.78161377         12.22316339          0.00036004          0.00712177
    16   L1s      -9407.40518258          1.01221513         22.73588118          0.00024509          0.00550341
    17   L1s      -9407.45670935          0.65527757         14.57618234          0.00013232          0.00266425
    18   L1s      -9407.51848259          0.78887409         17.04509739          0.00017603          0.00369989
    19   L1s      -9407.55737720          0.50924101          8.30388709          0.00011776          0.00202585
    20   L1s      -9407.59707104          0.44409292          8.40062140          0.00013572          0.00256465
    21   L0s      -9407.63207029          0.54482862         10.15309822          0.00013572          0.00231541
    22   L1s      -9407.65059024          0.49778784         11.36360275          0.00007686          0.00132083
    23   L1s      -9407.68447708          0.51574713         12.13797149          0.00015108          0.00284203
    24   L1s      -9407.70072244          0.38923917          5.61576357          0.00007674          0.00124883
    25   L1s      -9407.72314670          0.32616994          4.50276097          0.00011589          0.00173941
    26   L0s      -9407.74373498          0.35216736          6.52672937          0.00011589          0.00158282
    27   L1s      -9407.75215807          0.35545172          7.18421970          0.00005150          0.00063845
    28   L1s      -9407.76975849          0.37360908          9.36262216          0.00011671          0.00130223
    29   L1s      -9407.77842811          0.30452874          5.15321834          0.00006048          0.00070461
    30   L1s      -9407.79271474          0.25780290          3.19967682          0.00010667          0.00103926
    31   L0s      -9407.80692410          0.30887758          6.20539916          0.00010667          0.00122881
    32   L1s      -9407.81475833          0.30282098          5.96701302          0.00006406          0.00061721
    33   L1s      -9407.82287971          0.24842020          5.79812366          0.00007499          0.00075449
    34   L1s      -9407.82777292          0.27342276          5.65814783          0.00004793          0.00049691
    35   L1s      -9407.83914644          0.23139781          3.84257298          0.00011642          0.00123772
    36   L0s      -9407.84996923          0.32157027          7.57502536          0.00011642          0.00122891
    37   L1s      -9407.85685379          0.28460375          6.36348679          0.00007628          0.00078705
    38   L1s      -9407.86769337          0.34345772          8.99275525          0.00012480          0.00125018
    39   L1s      -9407.87446723          0.22369631          3.13198262          0.00007961          0.00074393
    40   L1s      -9407.88482811          0.24272895          3.22588696          0.00012744          0.00117888
    41   L1s      -9407.89288634          0.33639490          9.36985953          0.00010269          0.00097482
    42   L0s      -9407.90151174          0.24801532          5.64416912          0.00010269          0.00102656
    43   L0s      -9407.90962525          0.41051498         11.13679583          0.00010269          0.00103974
    44   L1s      -9407.92215269          0.23733317          2.81523826          0.00015600          0.00154954
    45   L1s      -9407.93305240          0.26761627          6.32058626          0.00010872          0.00105127
    46   L1s      -9407.93890391          0.26867082          6.14393604          0.00006102          0.00057111
    47   L0s      -9407.94508381          0.20688156          3.74114736          0.00006102          0.00052803
    48   L0s      -9407.95126671          0.31282117          9.51911587          0.00006102          0.00054539
    49   L1s      -9407.95913444          0.19797334          3.10567204          0.00008399          0.00065361
    50   L1s      -9407.96746609          0.24097495          4.60045172          0.00009986          0.00095392
    51   L1s      -9407.97187493          0.24009956          5.33364689          0.00005486          0.00043059
    52   L1s      -9407.97916457          0.19159470          3.82946087          0.00009402          0.00079928
    53   L0s      -9407.98640445          0.26529301          6.86498632          0.00009402          0.00084924
    54   L1s      -9407.99085087          0.19866967          3.17546963          0.00006067          0.00046602
    55   L1s      -9407.99594607          0.20043343          4.87154958          0.00007808          0.00072949
    56   L1s      -9407.99860605          0.18916783          3.79329155          0.00004218          0.00032992
    57   L1s      -9408.00335409          0.14655801          2.43907136          0.00007798          0.00067252
    58   L0s      -9408.00772234          0.21048495          6.06581529          0.00007798          0.00085541
    59   L1s      -9408.01059332          0.17118143          2.49432993          0.00005159          0.00039535
    60   L1s      -9408.01532943          0.14793337          2.41391749          0.00008453          0.00065333
    61   L1s      -9408.01901406          0.23254281          6.40849926          0.00006880          0.00058770
    62   L0s      -9408.02266899          0.16139344          2.43247457          0.00006880          0.00056093
    63   L0s      -9408.02631248          0.20032695          5.09162543          0.00006880          0.00056781
    64   L1s      -9408.02892066          0.15710597          3.19893550          0.00005105          0.00043221
    65   L1s      -9408.03325891          0.15548476          3.11841577          0.00009080          0.00076750
    66   L1s      -9408.03678729          0.20678361          5.18563713          0.00007611          0.00063212
    67   L1s      -9408.03979169          0.15584304          2.09426074          0.00006587          0.00054725
    68   L1s      -9408.04500090          0.19479972          3.46724266          0.00011736          0.00101361
    69   L1s      -9408.04717401          0.17341789          3.32831377          0.00004979          0.00044970
    70   L1s      -9408.05181515          0.15813955          2.45730000          0.00010852          0.00104232
    71   L1s      -9408.05440522          0.20461826          4.18675964          0.00006198          0.00061333
    72   L1s      -9408.05892216          0.15358797          3.26880057          0.00010957          0.00105192
    73   L1s      -9408.06276241          0.15846436          2.87283539          0.00009539          0.00085835
    74   L1s      -9408.06477987          0.16863864          4.25026357          0.00005116          0.00043617
    75   L1s      -9408.06752300          0.12789063          2.21953216          0.00007080          0.00062483
    76   L1s      -9408.06933265          0.17966322          5.02682621          0.00004810          0.00043230
    77   L1s      -9408.07222961          0.11550591          1.80781743          0.00007812          0.00072770
    78   L0s      -9408.07503773          0.15472884          3.94687341          0.00007812          0.00074087
    79   L1s      -9408.07683999          0.15241683          2.95060256          0.00005106          0.00049294
    80   L1s      -9408.08046457          0.13588889          2.18223596          0.00010465          0.00103321
    81   L1s      -9408.08267638          0.18507892          5.51938622          0.00006521          0.00065152
    82   L0s      -9408.08499445          0.12035587          2.43689894          0.00006521          0.00066721
    83   L0s      -9408.08764047          0.15267562          4.85443464          0.00006521          0.00067545
    84   L1s      -9408.08948309          0.12965500          2.36388317          0.00004933          0.00052110
    85   L1s      -9408.09209933          0.11654164          2.31937079          0.00008045          0.00086768
    86   L0s      -9408.09462177          0.15859919          3.82903075          0.00008045          0.00087667
    87   L1s      -9408.09601801          0.12630759          2.28749790          0.00004486          0.00049610
    88   L1s      -9408.09859094          0.14533310          3.57030437          0.00008292          0.00092636
    89   L1s      -9408.09988643          0.12227142          2.02374103          0.00004237          0.00047991
    90   L1s      -9408.10274709          0.10693412          1.66712294          0.00009547          0.00109988
    91   L1s      -9408.10485378          0.15645949          3.50106233          0.00007209          0.00083612
    92   L1s      -9408.10643717          0.11847477          2.20924635          0.00005480          0.00064177
    93   L1s      -9408.10818203          0.12977461          3.20150360          0.00006156          0.00072490
    94   L1s      -9408.10931705          0.12330779          2.05424145          0.00004066          0.00048080
    95   L1s      -9408.11149292          0.10003418          1.84835127          0.00007927          0.00093810
    96   L0s      -9408.11357927          0.14435631          3.92981098          0.00007927          0.00093677
    97   L1s      -9408.11482775          0.10523728          1.77615077          0.00004750          0.00055826
    98   L1s      -9408.11664253          0.11579237          2.77010545          0.00006825          0.00079764
    99   L1s      -9408.11760663          0.12992996          3.40946170          0.00003688          0.00042894
   100   L1s      -9408.11996420          0.11279200          2.14411056          0.00009143          0.00105510
   101   L1s      -9408.12183018          0.14292556          4.07526862          0.00007361          0.00084510
   102   L1s      -9408.12319365          0.10369177          1.51061474          0.00005433          0.00061764
   103   L1s      -9408.12543322          0.10667555          2.34428898          0.00009094          0.00102320
   104   L1s      -9408.12644499          0.12325081          2.75127312          0.00004179          0.00046645
   105   L1s      -9408.12763051          0.09749902          1.87581630          0.00004959          0.00054580
----------------------------------------------------------------------------------------------------------------

Minimization converged.

-------------------  Conjugate Gradient Minimizer Statistics -------------------
Iterations             =            105  Function Calls         =            191
--------------------------------------------------------------------------------
