
#-----------------------------------------------------------------------------#
#                                                                             #
#                                EasyHybrid                                   #
#                   - A pDynamo graphical user interface -                    #
#                                                                             #
#-----------------------------------------------------------------------------#
#                                                                             #
#     Developed by Jose Fernando R Bachega and Luis Fernando S M Timmers      #
#                            <ferbachega@gmail.com>                           #
#                                                                             #
#             visit: https://sites.google.com/site/EasyHybrid/                #
#                   Univesity of Sao Paulo - SP, Brazil                       #
#      Pontifical Catholic University of Rio Grande do Sul - RS, Brazil       #
#                                                                             #
#                                                                             #
#   EasyHybrid team:                               Special thanks to:         #
#   - Jose Fernando R Bachega           |         - Fernando V Maluf          #
#   - Michele Silva                     |                                     #
#   - Luis Fernando S M Timmers         |                                     #
#   - Martin Field                      |         - Leonardo R Bachega        #
#   - Troy Wymore                       |         - Lucas Assirati            #
#   - Osmar Norberto de Souza           |         - Richard Garratt           #
#   - Walter R Paixao-Cortes            |                                     #
#                                                                             #
#   Cite this work as:                                                        #
#   J.F.R. Bachega, L.F.S.M. Timmers, L.Assirati, L.B. Bachega, M.J. Field,   #
#   T. Wymore. J. Comput. Chem. 2013, 34, 2190-2196. DOI: 10.1002/jcc.23346   #
#                                                                             #
#-----------------------------------------------------------------------------#

Generated on Wed Jun  5 17:59:35 2019


--------------------------------------------------------------------------------
                        Summary for System "12_ramon_new"
--------------------------------------------------------------------------------

---------------------------- Atom Container Summary ----------------------------
Number of Atoms        =           2173  Number of Heavy Atoms  =           1040
Number of Hydrogens    =           1133  Number of Unknowns     =              0
--------------------------------------------------------------------------------

----------------------------- Connectivity Summary -----------------------------
Atoms                  =           2173
--------------------------------------------------------------------------------

------------------------------- Electronic State -------------------------------
Charge                 =             -1  Multiplicity           =              1
--------------------------------------------------------------------------------

--------------------------------------------------------------------------------
                 Summary for Energy Model "AMBER/AM1DPHOT/ABFS"
--------------------------------------------------------------------------------

----------------------------------- Summary for MM Model "AMBER" -----------------------------------
LJ 1-4 Scaling                   =          0.500  El. 1-4 Scaling                  =          0.833
Number of MM Atoms               =           2173  Number of MM Atom Types          =             37
Number of Inactive MM Atoms      =             33  Total MM Charge                  =          -4.00
Harmonic Bond Terms              =           2169  Harmonic Bond Parameters         =             49
Harmonic Bond Inactive           =           1308  Fourier Improper Terms           =            320
Fourier Improper Parameters      =              3  Fourier Improper Inactive        =            164
Harmonic Angle Terms             =           3403  Harmonic Angle Parameters        =            103
Harmonic Angle Inactive          =           1938  Fourier Dihedral Terms           =           6697
Fourier Dihedral Parameters      =             48  Fourier Dihedral Inactive        =           3453
Exclusions                       =          10377  1-4 Interactions                 =           4805
LJ Parameters Form               =          AMBER  LJ Parameters Types              =             21
1-4 Lennard-Jones Form           =          AMBER  1-4 Lennard-Jones Types          =             21
----------------------------------------------------------------------------------------------------

------------------------ Summary for QC Model "AM1DPHOT" -----------------------
Number of QC Atoms     =             39  Boundary Atoms         =              6
Nuclear Charge         =            129  Orbital Functions      =            113
Fitting Functions      =              0  Energy Base Line       =      189.57630
QC Parameter Centers   =              6
--------------------------------------------------------------------------------

----------------------------- ABFS NB Model Summary ----------------------------
Dielectric             =       1.000000  El. 1-4 Scaling        =       0.833333
Damping Cutoff         =       0.500000  Inner Cutoff           =       8.000000
List Cutoff            =      13.500000  Outer Cutoff           =      12.000000
QC/MM Coupling         =    RC Coupling  Use Centering          =          False
--------------------------------------------------------------------------------

-------------------------- Pairlist Generator Summary --------------------------
Cell Size              =          6.750  Cutoff                 =         13.500
Cutoff Cell Size Factor =          0.500  Grid Cell/Cell Method  =           True
Minimum Cell Extent    =              2  Minimum Cell Size      =          3.000
Minimum Extent Factor  =          1.500  Minimum Points         =            500
Sort Indices           =          False
--------------------------------------------------------------------------------

----------------------- SoftConstraint Container Summary -----------------------
Multiple Distance      =              2
--------------------------------------------------------------------------------

---------------------------- Hard Constraint Container Summary ---------------------------
Number of Charge Constraints  =            0  Number of Fixed Atoms         =         1351
------------------------------------------------------------------------------------------

------------------------------- Sequence Summary -------------------------------
Number of Atoms            =       2173  Number of Components       =        213
Number of Entities         =          1  Number of Linear Polymers  =          0
Number of Links            =          0  Number of Variants         =          0
--------------------------------------------------------------------------------

-------------------------------  Conjugate Gradient Minimizer Options ------------------------------
Beta Type                        =              1  Initial Step                     =            0.1
Line Searcher                    =           None  Log Frequency                    =              1
Maximum Iterations               =            500  Maximum Theta                    =          1e+10
Minimum Theta                    =          1e-10  RMS Gradient Tolerance           =            0.1
Steepest Descent Tolerance       =          0.001  Use Spectral Theta               =           True
----------------------------------------------------------------------------------------------------

----------------------------------------------------------------------------------------------------------------
  Iteration       Function          RMS Gradient        Max. |Grad.|          RMS Disp.         Max. |Disp.|
----------------------------------------------------------------------------------------------------------------
     0     I      -9430.96751758         78.35922125       3000.54191721          0.00201374          0.07711042
     1   L1s      -9579.61864678          6.91401935        196.93713372          0.00154862          0.04393013
     2   L1s      -9581.19454818          3.38245825         82.00338708          0.00018537          0.00504623
     3   L1s      -9582.95106973          2.65531371         62.85674471          0.00047089          0.01441584
     4   L1s      -9584.78806495          2.38781163         53.94246381          0.00073969          0.01967423
     5   L1s      -9585.12488301          2.39303466         57.68471851          0.00017790          0.00342771
     6   L1s      -9585.56451752          1.06341084         21.01221948          0.00027481          0.00554190
     7   L1s      -9585.79696174          1.23672390         19.52128638          0.00022917          0.00469373
     8   L1s      -9585.93753124          1.55559242         35.82062802          0.00016624          0.00375784
     9   L1s      -9586.21376458          1.03352369         21.86412250          0.00035732          0.00728728
    10   L1s      -9586.35029444          1.19017040         25.62463010          0.00020594          0.00389891
    11   L1s      -9586.42184651          0.92162010         19.92654477          0.00011838          0.00236930
    12   L1s      -9586.52616149          0.62017102         14.43435658          0.00019559          0.00376026
    13   L1s      -9586.63006347          0.51013834          8.24981530          0.00023784          0.00429333
    14   L1s      -9586.66319296          0.75127407         21.21619851          0.00009235          0.00153690
    15   L1s      -9586.70278970          0.41048171          7.67626978          0.00011832          0.00211051
    16   L1s      -9586.72793796          0.67871836         20.55641814          0.00009006          0.00162791
    17   L1s      -9586.75476178          0.39536537          6.84950601          0.00010123          0.00184447
    18   L1s      -9586.78366111          0.33068714          5.41411328          0.00012412          0.00228689
    19   L0s      -9586.81102431          0.33544433          6.60830953          0.00012412          0.00202895
    20   L1s      -9586.82646089          0.40341164         12.98944899          0.00008065          0.00126531
    21   L1s      -9586.83429993          0.26238078          3.82047865          0.00004603          0.00072443
    22   L1s      -9586.84717149          0.40072294         11.48906105          0.00008543          0.00140216
    23   L1s      -9586.85576184          0.26688919          4.39164846          0.00005961          0.00104911
    24   L1s      -9586.86910137          0.24794429          3.52979571          0.00010102          0.00146928
    25   L0s      -9586.88100594          0.43293254         11.32843842          0.00010102          0.00150361
    26   L1s      -9586.88926574          0.24379704          2.84119705          0.00007044          0.00097401
    27   L1s      -9586.90084858          0.26809936          5.36722297          0.00009847          0.00126761
    28   L1s      -9586.90650047          0.30128254          7.73820831          0.00005100          0.00072770
    29   L1s      -9586.91520116          0.23194275          3.93564773          0.00008194          0.00100308
    30   L1s      -9586.92064664          0.33138056         10.57525927          0.00005470          0.00072737
    31   L1s      -9586.92932833          0.22886742          4.22260178          0.00008977          0.00108115
    32   L1s      -9586.94001163          0.22490632          3.73345190          0.00011676          0.00113765
    33   L1s      -9586.94448806          0.30637658          9.02348325          0.00005151          0.00053728
    34   L1s      -9586.95202254          0.18934905          2.59582724          0.00008896          0.00082500
    35   L1s      -9586.95728494          0.24164813          5.67286826          0.00006609          0.00060754
    36   L1s      -9586.96049077          0.16515270          2.65171412          0.00004167          0.00039497
    37   L1s      -9586.96575837          0.21469938          4.75665552          0.00007320          0.00068572
    38   L1s      -9586.96830436          0.20636179          4.36705147          0.00003666          0.00033470
    39   L1s      -9586.97481675          0.18054988          4.04878358          0.00009721          0.00082265
    40   L0s      -9586.98108874          0.22248840          5.24134514          0.00009721          0.00076765
    41   L1s      -9586.98386328          0.21086818          3.86304350          0.00004426          0.00033662
    42   L1s      -9586.98932517          0.17835925          3.33760887          0.00009016          0.00066650
    43   L1s      -9586.99205388          0.21113287          5.02436188          0.00004672          0.00034071
    44   L1s      -9586.99615864          0.15074709          2.27058726          0.00007203          0.00055779
    45   L1s      -9587.00084440          0.24432443          6.75100139          0.00008602          0.00066431
    46   L1s      -9587.00365599          0.17309790          3.22352035          0.00005245          0.00037984
    47   L1s      -9587.00936618          0.15113321          2.61584546          0.00010985          0.00091330
    48   L1s      -9587.01267647          0.21479215          6.62203653          0.00006612          0.00058053
    49   L1s      -9587.01534816          0.17420067          3.11863869          0.00005431          0.00050976
    50   L1s      -9587.02006389          0.21736369          6.82751095          0.00009835          0.00094802
    51   L1s      -9587.02277429          0.17937256          2.80187144          0.00005743          0.00056782
    52   L1s      -9587.02800164          0.13986797          1.96422080          0.00011325          0.00112194
    53   L1s      -9587.03068497          0.24383033          5.71646958          0.00006018          0.00059349
    54   L1s      -9587.03467630          0.13952147          1.65228347          0.00009050          0.00086145
    55   L1s      -9587.03924649          0.16839101          3.31808579          0.00010699          0.00098227
    56   L1s      -9587.04122976          0.18126402          4.67202942          0.00004741          0.00042038
    57   L1s      -9587.04451474          0.15330021          2.96147438          0.00007990          0.00067002
    58   L1s      -9587.04665030          0.20790286          6.34394137          0.00005316          0.00043190
    59   L1s      -9587.05138776          0.16452588          3.69039567          0.00011936          0.00092075
    60   L0s      -9587.05645409          0.15796721          3.35160509          0.00011936          0.00088406
    61   L1s      -9587.05827176          0.19218961          5.21604583          0.00004364          0.00033625
    62   L1s      -9587.06338054          0.15175709          2.44114167          0.00013172          0.00105014
    63   L1s      -9587.06711731          0.21177018          5.37131609          0.00009836          0.00078921
    64   L1s      -9587.06972378          0.15269504          2.24955120          0.00006933          0.00055538
    65   L1s      -9587.07458314          0.19533467          4.74210714          0.00013180          0.00103519
    66   L1s      -9587.07629753          0.15149544          2.56172044          0.00004704          0.00035364
    67   L1s      -9587.08104610          0.14971229          3.06207046          0.00013275          0.00099324
    68   L1s      -9587.08486059          0.17099112          3.47361384          0.00010862          0.00083482
    69   L1s      -9587.08662675          0.17288853          4.15282307          0.00005098          0.00040043
    70   L1s      -9587.09035063          0.15129639          2.92942915          0.00010890          0.00087108
    71   L1s      -9587.09217394          0.17370703          4.62571218          0.00005421          0.00043983
    72   L1s      -9587.09533193          0.13569568          2.32379131          0.00009506          0.00079518
    73   L1s      -9587.09891459          0.16101460          3.61569093          0.00010994          0.00093427
    74   L1s      -9587.10048217          0.17452861          4.07762316          0.00004874          0.00041884
    75   L1s      -9587.10489092          0.12073483          1.28484502          0.00013863          0.00120472
    76   L1s      -9587.10784577          0.18588254          6.04699503          0.00009502          0.00082570
    77   L1s      -9587.10969145          0.12865496          1.97343447          0.00005990          0.00051705
    78   L1s      -9587.11248570          0.17362685          4.89750505          0.00009238          0.00078997
    79   L1s      -9587.11394797          0.12595879          1.91170611          0.00004882          0.00040797
    80   L1s      -9587.11670030          0.12078139          2.78258468          0.00009359          0.00075664
    81   L0s      -9587.11941454          0.14326458          2.55754174          0.00009359          0.00073680
    82   L1s      -9587.12055071          0.13893112          3.19793824          0.00003976          0.00030411
    83   L1s      -9587.12339369          0.11465375          1.46990900          0.00010144          0.00076975
    84   L1s      -9587.12470522          0.15385037          3.90770850          0.00004771          0.00036423
    85   L1s      -9587.12697094          0.10287176          1.32485949          0.00008328          0.00064370
    86   L0s      -9587.12915346          0.16678313          4.70236595          0.00008328          0.00064652
    87   L1s      -9587.13040947          0.11509622          1.87407910          0.00004786          0.00037464
    88   L1s      -9587.13310831          0.09885594          1.16585656          0.00010151          0.00080361
----------------------------------------------------------------------------------------------------------------

Minimization converged.

-------------------  Conjugate Gradient Minimizer Statistics -------------------
Iterations             =             88  Function Calls         =            171
--------------------------------------------------------------------------------
