
#-----------------------------------------------------------------------------#
#                                                                             #
#                                EasyHybrid                                   #
#                   - A pDynamo graphical user interface -                    #
#                                                                             #
#-----------------------------------------------------------------------------#
#                                                                             #
#     Developed by Jose Fernando R Bachega and Luis Fernando S M Timmers      #
#                            <ferbachega@gmail.com>                           #
#                                                                             #
#             visit: https://sites.google.com/site/EasyHybrid/                #
#                   Univesity of Sao Paulo - SP, Brazil                       #
#      Pontifical Catholic University of Rio Grande do Sul - RS, Brazil       #
#                                                                             #
#                                                                             #
#   EasyHybrid team:                               Special thanks to:         #
#   - Jose Fernando R Bachega           |         - Fernando V Maluf          #
#   - Michele Silva                     |                                     #
#   - Luis Fernando S M Timmers         |                                     #
#   - Martin Field                      |         - Leonardo R Bachega        #
#   - Troy Wymore                       |         - Lucas Assirati            #
#   - Osmar Norberto de Souza           |         - Richard Garratt           #
#   - Walter R Paixao-Cortes            |                                     #
#                                                                             #
#   Cite this work as:                                                        #
#   J.F.R. Bachega, L.F.S.M. Timmers, L.Assirati, L.B. Bachega, M.J. Field,   #
#   T. Wymore. J. Comput. Chem. 2013, 34, 2190-2196. DOI: 10.1002/jcc.23346   #
#                                                                             #
#-----------------------------------------------------------------------------#

Generated on Wed Jun  5 17:58:30 2019


--------------------------------------------------------------------------------
                        Summary for System "12_ramon_new"
--------------------------------------------------------------------------------

---------------------------- Atom Container Summary ----------------------------
Number of Atoms        =           2173  Number of Heavy Atoms  =           1040
Number of Hydrogens    =           1133  Number of Unknowns     =              0
--------------------------------------------------------------------------------

----------------------------- Connectivity Summary -----------------------------
Atoms                  =           2173
--------------------------------------------------------------------------------

------------------------------- Electronic State -------------------------------
Charge                 =             -1  Multiplicity           =              1
--------------------------------------------------------------------------------

--------------------------------------------------------------------------------
                 Summary for Energy Model "AMBER/AM1DPHOT/ABFS"
--------------------------------------------------------------------------------

----------------------------------- Summary for MM Model "AMBER" -----------------------------------
LJ 1-4 Scaling                   =          0.500  El. 1-4 Scaling                  =          0.833
Number of MM Atoms               =           2173  Number of MM Atom Types          =             37
Number of Inactive MM Atoms      =             33  Total MM Charge                  =          -4.00
Harmonic Bond Terms              =           2169  Harmonic Bond Parameters         =             49
Harmonic Bond Inactive           =           1308  Fourier Improper Terms           =            320
Fourier Improper Parameters      =              3  Fourier Improper Inactive        =            164
Harmonic Angle Terms             =           3403  Harmonic Angle Parameters        =            103
Harmonic Angle Inactive          =           1938  Fourier Dihedral Terms           =           6697
Fourier Dihedral Parameters      =             48  Fourier Dihedral Inactive        =           3453
Exclusions                       =          10377  1-4 Interactions                 =           4805
LJ Parameters Form               =          AMBER  LJ Parameters Types              =             21
1-4 Lennard-Jones Form           =          AMBER  1-4 Lennard-Jones Types          =             21
----------------------------------------------------------------------------------------------------

------------------------ Summary for QC Model "AM1DPHOT" -----------------------
Number of QC Atoms     =             39  Boundary Atoms         =              6
Nuclear Charge         =            129  Orbital Functions      =            113
Fitting Functions      =              0  Energy Base Line       =      189.57630
QC Parameter Centers   =              6
--------------------------------------------------------------------------------

----------------------------- ABFS NB Model Summary ----------------------------
Dielectric             =       1.000000  El. 1-4 Scaling        =       0.833333
Damping Cutoff         =       0.500000  Inner Cutoff           =       8.000000
List Cutoff            =      13.500000  Outer Cutoff           =      12.000000
QC/MM Coupling         =    RC Coupling  Use Centering          =          False
--------------------------------------------------------------------------------

-------------------------- Pairlist Generator Summary --------------------------
Cell Size              =          6.750  Cutoff                 =         13.500
Cutoff Cell Size Factor =          0.500  Grid Cell/Cell Method  =           True
Minimum Cell Extent    =              2  Minimum Cell Size      =          3.000
Minimum Extent Factor  =          1.500  Minimum Points         =            500
Sort Indices           =          False
--------------------------------------------------------------------------------

----------------------- SoftConstraint Container Summary -----------------------
Multiple Distance      =              2
--------------------------------------------------------------------------------

---------------------------- Hard Constraint Container Summary ---------------------------
Number of Charge Constraints  =            0  Number of Fixed Atoms         =         1351
------------------------------------------------------------------------------------------

------------------------------- Sequence Summary -------------------------------
Number of Atoms            =       2173  Number of Components       =        213
Number of Entities         =          1  Number of Linear Polymers  =          0
Number of Links            =          0  Number of Variants         =          0
--------------------------------------------------------------------------------

-------------------------------  Conjugate Gradient Minimizer Options ------------------------------
Beta Type                        =              1  Initial Step                     =            0.1
Line Searcher                    =           None  Log Frequency                    =              1
Maximum Iterations               =            500  Maximum Theta                    =          1e+10
Minimum Theta                    =          1e-10  RMS Gradient Tolerance           =            0.1
Steepest Descent Tolerance       =          0.001  Use Spectral Theta               =           True
----------------------------------------------------------------------------------------------------

----------------------------------------------------------------------------------------------------------------
  Iteration       Function          RMS Gradient        Max. |Grad.|          RMS Disp.         Max. |Disp.|
----------------------------------------------------------------------------------------------------------------
     0     I      -9424.87328155         77.61924351       2957.40835650          0.00201374          0.07672649
     1   L1s      -9571.56751439          6.94562102        173.87686480          0.00154268          0.03845853
     2   L1s      -9573.28213833          4.18733246         98.67218175          0.00020110          0.00517435
     3   L1s      -9575.84820615          3.30077218         78.43146036          0.00058490          0.01774371
     4   L1s      -9578.25828823          2.51043688         50.06095916          0.00079749          0.01957919
     5   L1s      -9578.66917357          2.82042974         69.55845654          0.00019125          0.00365823
     6   L1s      -9579.35236914          1.49733110         35.89479302          0.00037305          0.00847087
     7   L1s      -9579.68731008          1.82782575         38.86160380          0.00025723          0.00674764
     8   L1s      -9579.89425060          1.61215243         29.30811221          0.00018307          0.00479405
     9   L1s      -9580.50499449          1.38511139         32.45987804          0.00062187          0.01713260
    10   L1s      -9580.68581606          1.52371495         34.15516836          0.00021205          0.00555922
    11   L1s      -9580.80807003          1.13933900         27.03899141          0.00015737          0.00432088
    12   L1s      -9581.00949275          0.73816814         13.46349901          0.00029695          0.00804498
    13   L0s      -9581.17401974          0.71035033         18.42860089          0.00029695          0.00681621
    14   L1s      -9581.21478314          0.86044315         23.26778048          0.00008750          0.00214857
    15   L1s      -9581.28254857          0.57362103         11.50563556          0.00016089          0.00358804
    16   L1s      -9581.31499081          0.82160513         23.08887586          0.00008960          0.00194616
    17   L1s      -9581.37119311          0.46470807          7.69152126          0.00016486          0.00318488
    18   L0s      -9581.41523139          0.43351635          8.94349785          0.00016486          0.00294336
    19   L1s      -9581.44789810          0.48615269         10.13827842          0.00013465          0.00251079
    20   L1s      -9581.46061933          0.44889254          8.15504727          0.00005406          0.00088796
    21   L1s      -9581.48073998          0.30222664          5.82656126          0.00009291          0.00141100
    22   L0s      -9581.49800866          0.34820216          5.93525995          0.00009291          0.00143087
    23   L1s      -9581.50768811          0.39848857          9.56323836          0.00005657          0.00078824
    24   L1s      -9581.52384837          0.24776521          2.92903045          0.00009951          0.00124139
    25   L0s      -9581.53811453          0.44879300         12.06455758          0.00009951          0.00132258
    26   L1s      -9581.54728002          0.27294433          4.03134263          0.00006607          0.00072004
    27   L1s      -9581.56237755          0.22474113          2.89943385          0.00011786          0.00123313
    28   L1s      -9581.57249328          0.24470656          3.80527974          0.00008698          0.00091951
    29   L1s      -9581.58048281          0.35768358          9.32542509          0.00007364          0.00075011
    30   L1s      -9581.58717044          0.22474969          2.87816352          0.00006348          0.00053937
    31   L1s      -9581.59895209          0.25870715          5.43775789          0.00011964          0.00097118
    32   L1s      -9581.60435594          0.29158039          5.92835264          0.00005742          0.00050419
    33   L1s      -9581.61212590          0.20503379          3.03327509          0.00008535          0.00077804
    34   L1s      -9581.62116563          0.21586301          3.90284229          0.00010552          0.00100453
    35   L1s      -9581.62414201          0.23708596          5.11305361          0.00003648          0.00035422
    36   L1s      -9581.62974441          0.18275263          2.94389345          0.00007130          0.00068740
    37   L1s      -9581.63809663          0.19340603          2.91006205          0.00011260          0.00105240
    38   L1s      -9581.64530012          0.21592314          4.73000822          0.00010169          0.00093326
    39   L1s      -9581.64845571          0.25454609          5.83195838          0.00004609          0.00041572
    40   L1s      -9581.65635135          0.16296827          2.02265948          0.00011805          0.00100764
    41   L1s      -9581.66010382          0.24681675          6.34149766          0.00005918          0.00049356
    42   L0s      -9581.66407702          0.13962386          2.22410932          0.00005918          0.00044238
    43   L0s      -9581.66831070          0.16798000          3.23001829          0.00005918          0.00044544
    44   L0s      -9581.67256977          0.24362438          7.46752751          0.00005918          0.00045383
    45   L1s      -9581.67706961          0.16666783          3.51327245          0.00006711          0.00053189
    46   L0s      -9581.68087481          0.18373982          3.71927588          0.00006711          0.00055550
    47   L1s      -9581.68303619          0.18039604          3.72955872          0.00003976          0.00034611
    48   L1s      -9581.68741209          0.15135188          2.58825730          0.00008726          0.00079018
    49   L0s      -9581.69147292          0.20023258          5.47226170          0.00008726          0.00079509
    50   L1s      -9581.69383866          0.16975352          2.69103736          0.00005081          0.00045999
    51   L1s      -9581.69697960          0.15935030          3.10311082          0.00006566          0.00058110
    52   L1s      -9581.69951797          0.20822387          6.03103114          0.00005461          0.00047429
    53   L1s      -9581.70253375          0.14603516          2.40555267          0.00006594          0.00054446
    54   L1s      -9581.70692302          0.14104930          2.44883475          0.00009906          0.00076375
    55   L1s      -9581.70896910          0.17536480          5.14324280          0.00004763          0.00035040
    56   L0s      -9581.71109715          0.13644010          3.15770536          0.00004763          0.00035810
    57   L1s      -9581.71380942          0.17288743          3.32441460          0.00006069          0.00048853
    58   L1s      -9581.71596081          0.18286253          4.82487382          0.00005076          0.00042927
    59   L1s      -9581.72062709          0.12844260          1.34310920          0.00011206          0.00101157
    60   L1s      -9581.72410266          0.18161392          4.62575659          0.00008632          0.00078923
    61   L1s      -9581.72581803          0.15565493          3.57343457          0.00004329          0.00039836
    62   L1s      -9581.72945276          0.15456435          3.00439502          0.00009365          0.00084987
    63   L1s      -9581.73196976          0.19270189          5.27409767          0.00006617          0.00059035
    64   L0s      -9581.73454511          0.13526946          2.36861403          0.00006617          0.00055704
    65   L1s      -9581.73826048          0.14538750          2.59069488          0.00009470          0.00073285
    66   L1s      -9581.74035961          0.20186619          6.05111262          0.00005623          0.00041226
    67   L1s      -9581.74348954          0.14736336          2.52704515          0.00008479          0.00060106
    68   L1s      -9581.74737636          0.19584917          5.32791860          0.00010746          0.00078244
    69   L1s      -9581.74923249          0.12908137          2.14441149          0.00005189          0.00039964
    70   L1s      -9581.75232610          0.12727704          1.89776146          0.00008865          0.00071436
    71   L1s      -9581.75475898          0.18591996          5.76602541          0.00007142          0.00058476
    72   L1s      -9581.75669376          0.14298242          2.43118707          0.00005742          0.00047989
    73   L1s      -9581.76007652          0.16026339          3.76160452          0.00010220          0.00086106
    74   L1s      -9581.76198965          0.17895495          4.05273835          0.00005860          0.00049512
    75   L1s      -9581.76535491          0.12045353          1.21249448          0.00010421          0.00087398
    76   L0s      -9581.76868649          0.16466592          4.45438081          0.00010421          0.00086356
    77   L1s      -9581.77033912          0.16097577          3.87238153          0.00005266          0.00042941
    78   L1s      -9581.77326519          0.13018896          2.47258347          0.00009565          0.00075356
    79   L1s      -9581.77496431          0.16459398          4.78290146          0.00005653          0.00043472
    80   L1s      -9581.77691974          0.12631894          2.24932203          0.00006577          0.00048979
    81   L1s      -9581.78073921          0.13079143          1.98085424          0.00013077          0.00098504
    82   L1s      -9581.78258936          0.18575828          5.99250593          0.00006437          0.00048743
    83   L1s      -9581.78499103          0.12148850          1.85079176          0.00008421          0.00064512
    84   L0s      -9581.78722576          0.18274179          5.30633656          0.00008421          0.00064872
    85   L1s      -9581.78901622          0.13703476          2.53603848          0.00006590          0.00051156
    86   L1s      -9581.79212354          0.13555572          2.84432464          0.00010571          0.00082593
    87   L0s      -9581.79498933          0.19199196          5.51120643          0.00010571          0.00082893
    88   L1s      -9581.79674908          0.13004408          1.69750496          0.00006321          0.00049786
    89   L1s      -9581.79998967          0.12398126          2.14282773          0.00010296          0.00081680
    90   L1s      -9581.80118111          0.15345791          4.26091395          0.00003865          0.00030871
    91   L1s      -9581.80368419          0.10833105          1.69631652          0.00008228          0.00066544
    92   L1s      -9581.80533786          0.17718498          5.73524322          0.00005576          0.00045288
    93   L1s      -9581.80736611          0.11404870          1.31516922          0.00006902          0.00056553
    94   L1s      -9581.81017081          0.14282614          3.43165220          0.00009749          0.00080264
    95   L1s      -9581.81127604          0.12462349          2.19335292          0.00003893          0.00032372
    96   L1s      -9581.81365897          0.11538696          2.74234019          0.00008536          0.00071875
    97   L1s      -9581.81573929          0.15447238          4.20590821          0.00007593          0.00064370
    98   L1s      -9581.81700317          0.11206938          2.03896398          0.00004661          0.00039994
    99   L1s      -9581.81911011          0.10367141          1.45953235          0.00007917          0.00068762
   100   L1s      -9581.81996700          0.13360655          4.06750894          0.00003288          0.00028759
   101   L1s      -9581.82189538          0.09707305          1.51781848          0.00007492          0.00066299
----------------------------------------------------------------------------------------------------------------

Minimization converged.

-------------------  Conjugate Gradient Minimizer Statistics -------------------
Iterations             =            101  Function Calls         =            189
--------------------------------------------------------------------------------
