
#-----------------------------------------------------------------------------#
#                                                                             #
#                                EasyHybrid                                   #
#                   - A pDynamo graphical user interface -                    #
#                                                                             #
#-----------------------------------------------------------------------------#
#                                                                             #
#     Developed by Jose Fernando R Bachega and Luis Fernando S M Timmers      #
#                            <ferbachega@gmail.com>                           #
#                                                                             #
#             visit: https://sites.google.com/site/EasyHybrid/                #
#                   Univesity of Sao Paulo - SP, Brazil                       #
#      Pontifical Catholic University of Rio Grande do Sul - RS, Brazil       #
#                                                                             #
#                                                                             #
#   EasyHybrid team:                               Special thanks to:         #
#   - Jose Fernando R Bachega           |         - Fernando V Maluf          #
#   - Michele Silva                     |                                     #
#   - Luis Fernando S M Timmers         |                                     #
#   - Martin Field                      |         - Leonardo R Bachega        #
#   - Troy Wymore                       |         - Lucas Assirati            #
#   - Osmar Norberto de Souza           |         - Richard Garratt           #
#   - Walter R Paixao-Cortes            |                                     #
#                                                                             #
#   Cite this work as:                                                        #
#   J.F.R. Bachega, L.F.S.M. Timmers, L.Assirati, L.B. Bachega, M.J. Field,   #
#   T. Wymore. J. Comput. Chem. 2013, 34, 2190-2196. DOI: 10.1002/jcc.23346   #
#                                                                             #
#-----------------------------------------------------------------------------#

Generated on Wed Jun  5 18:00:19 2019


--------------------------------------------------------------------------------
                        Summary for System "12_ramon_new"
--------------------------------------------------------------------------------

---------------------------- Atom Container Summary ----------------------------
Number of Atoms        =           2173  Number of Heavy Atoms  =           1040
Number of Hydrogens    =           1133  Number of Unknowns     =              0
--------------------------------------------------------------------------------

----------------------------- Connectivity Summary -----------------------------
Atoms                  =           2173
--------------------------------------------------------------------------------

------------------------------- Electronic State -------------------------------
Charge                 =             -1  Multiplicity           =              1
--------------------------------------------------------------------------------

--------------------------------------------------------------------------------
                 Summary for Energy Model "AMBER/AM1DPHOT/ABFS"
--------------------------------------------------------------------------------

----------------------------------- Summary for MM Model "AMBER" -----------------------------------
LJ 1-4 Scaling                   =          0.500  El. 1-4 Scaling                  =          0.833
Number of MM Atoms               =           2173  Number of MM Atom Types          =             37
Number of Inactive MM Atoms      =             33  Total MM Charge                  =          -4.00
Harmonic Bond Terms              =           2169  Harmonic Bond Parameters         =             49
Harmonic Bond Inactive           =           1308  Fourier Improper Terms           =            320
Fourier Improper Parameters      =              3  Fourier Improper Inactive        =            164
Harmonic Angle Terms             =           3403  Harmonic Angle Parameters        =            103
Harmonic Angle Inactive          =           1938  Fourier Dihedral Terms           =           6697
Fourier Dihedral Parameters      =             48  Fourier Dihedral Inactive        =           3453
Exclusions                       =          10377  1-4 Interactions                 =           4805
LJ Parameters Form               =          AMBER  LJ Parameters Types              =             21
1-4 Lennard-Jones Form           =          AMBER  1-4 Lennard-Jones Types          =             21
----------------------------------------------------------------------------------------------------

------------------------ Summary for QC Model "AM1DPHOT" -----------------------
Number of QC Atoms     =             39  Boundary Atoms         =              6
Nuclear Charge         =            129  Orbital Functions      =            113
Fitting Functions      =              0  Energy Base Line       =      189.57630
QC Parameter Centers   =              6
--------------------------------------------------------------------------------

----------------------------- ABFS NB Model Summary ----------------------------
Dielectric             =       1.000000  El. 1-4 Scaling        =       0.833333
Damping Cutoff         =       0.500000  Inner Cutoff           =       8.000000
List Cutoff            =      13.500000  Outer Cutoff           =      12.000000
QC/MM Coupling         =    RC Coupling  Use Centering          =          False
--------------------------------------------------------------------------------

-------------------------- Pairlist Generator Summary --------------------------
Cell Size              =          6.750  Cutoff                 =         13.500
Cutoff Cell Size Factor =          0.500  Grid Cell/Cell Method  =           True
Minimum Cell Extent    =              2  Minimum Cell Size      =          3.000
Minimum Extent Factor  =          1.500  Minimum Points         =            500
Sort Indices           =          False
--------------------------------------------------------------------------------

----------------------- SoftConstraint Container Summary -----------------------
Multiple Distance      =              2
--------------------------------------------------------------------------------

---------------------------- Hard Constraint Container Summary ---------------------------
Number of Charge Constraints  =            0  Number of Fixed Atoms         =         1351
------------------------------------------------------------------------------------------

------------------------------- Sequence Summary -------------------------------
Number of Atoms            =       2173  Number of Components       =        213
Number of Entities         =          1  Number of Linear Polymers  =          0
Number of Links            =          0  Number of Variants         =          0
--------------------------------------------------------------------------------

-------------------------------  Conjugate Gradient Minimizer Options ------------------------------
Beta Type                        =              1  Initial Step                     =            0.1
Line Searcher                    =           None  Log Frequency                    =              1
Maximum Iterations               =            500  Maximum Theta                    =          1e+10
Minimum Theta                    =          1e-10  RMS Gradient Tolerance           =            0.1
Steepest Descent Tolerance       =          0.001  Use Spectral Theta               =           True
----------------------------------------------------------------------------------------------------

----------------------------------------------------------------------------------------------------------------
  Iteration       Function          RMS Gradient        Max. |Grad.|          RMS Disp.         Max. |Disp.|
----------------------------------------------------------------------------------------------------------------
     0     I      -9423.56408392         78.76681729       3010.70077004          0.00201374          0.07697111
     1   L1s      -9579.92147567          5.75092438        162.66593865          0.00159965          0.04498008
     2   L1s      -9581.04266083          3.26787624         86.99728132          0.00015862          0.00470058
     3   L1s      -9582.74325418          2.21618964         62.35656996          0.00048761          0.01039975
     4   L0s      -9583.76236514          1.52505289         30.11128384          0.00048761          0.01024607
     5   L1s      -9583.98036257          2.04117294         61.41816575          0.00015607          0.00302144
     6   L1s      -9584.24741119          0.99728686         18.45191225          0.00021618          0.00328840
     7   L1s      -9584.37427863          1.13760932         26.50530728          0.00014610          0.00224233
     8   L1s      -9584.45800585          0.99920867         20.19982192          0.00011351          0.00170148
     9   L1s      -9584.58074952          0.66350007         10.94499845          0.00019400          0.00250987
    10   L0s      -9584.67393823          0.62425968         10.10313428          0.00019400          0.00271140
    11   L0s      -9584.75477965          0.58087697          9.92347596          0.00019400          0.00318947
    12   L1s      -9584.79074910          0.83907132         26.88318186          0.00009801          0.00118087
    13   L1s      -9584.84437751          0.41481120          5.87811577          0.00015578          0.00190925
    14   L1s      -9584.86238866          0.60801909         19.93328007          0.00006310          0.00082748
    15   L1s      -9584.89603623          0.43750959          8.38235724          0.00012612          0.00155012
    16   L1s      -9584.94693477          0.42385502          6.20094528          0.00021275          0.00246764
    17   L0s      -9584.99118556          0.49383620          8.31151822          0.00021275          0.00263547
    18   L1s      -9585.01898097          0.58464903         15.60724498          0.00013888          0.00162564
    19   L1s      -9585.03879769          0.36178345          5.69247836          0.00010008          0.00130839
    20   L1s      -9585.05953405          0.28032543          3.00360997          0.00011474          0.00144632
    21   L0s      -9585.07900558          0.46175237         12.21759942          0.00011474          0.00160084
    22   L1s      -9585.09192370          0.38891033          6.30656232          0.00008255          0.00106258
    23   L1s      -9585.11241631          0.34757271          5.55451905          0.00014834          0.00178915
    24   L1s      -9585.12188051          0.40369881         10.78012554          0.00007199          0.00088411
    25   L1s      -9585.14045174          0.29001720          4.14318333          0.00014614          0.00160803
    26   L1s      -9585.15547291          0.31037968          5.82588600          0.00012551          0.00136079
    27   L1s      -9585.16331095          0.35916373          9.09370288          0.00006861          0.00074224
    28   L1s      -9585.17373095          0.23929400          3.37470791          0.00009419          0.00100513
    29   L1s      -9585.18008304          0.31657179          9.80241739          0.00006134          0.00067152
    30   L1s      -9585.18708891          0.23449120          3.57182308          0.00007000          0.00078632
    31   L1s      -9585.20165773          0.23157723          3.86556660          0.00015406          0.00178358
    32   L1s      -9585.20653578          0.26893405          8.34636939          0.00005435          0.00066025
    33   L0s      -9585.21165813          0.18458856          1.97974340          0.00005435          0.00068462
    34   L1s      -9585.21768796          0.27177005          7.98247979          0.00006406          0.00079515
    35   L1s      -9585.22171891          0.20021953          4.14935587          0.00004576          0.00053236
    36   L1s      -9585.22857908          0.18819224          2.94847843          0.00008269          0.00086168
    37   L0s      -9585.23519461          0.23064243          6.90889300          0.00008269          0.00086467
    38   L1s      -9585.23831087          0.20419225          4.51101984          0.00004083          0.00044198
    39   L1s      -9585.24452727          0.16808899          4.49683696          0.00008746          0.00099785
    40   L1s      -9585.24671816          0.21295355          4.74731945          0.00003257          0.00037405
    41   L1s      -9585.25204471          0.15228130          1.64855412          0.00008175          0.00085211
    42   L0s      -9585.25752478          0.15390173          2.76875437          0.00008175          0.00084518
    43   L1s      -9585.25981347          0.19019748          6.04876613          0.00003653          0.00036984
    44   L1s      -9585.26271714          0.14549819          2.18649942          0.00005051          0.00051544
    45   L1s      -9585.26644429          0.22163695          6.77891836          0.00006808          0.00071601
    46   L1s      -9585.26916128          0.16946723          2.80229491          0.00005061          0.00055310
    47   L1s      -9585.27446186          0.13684781          1.77797845          0.00010195          0.00114545
    48   L1s      -9585.27811101          0.17866289          5.45674561          0.00007344          0.00082562
    49   L1s      -9585.27976968          0.13587817          2.33692045          0.00003422          0.00037881
    50   L1s      -9585.28366882          0.13985334          2.02573954          0.00008375          0.00087303
    51   L1s      -9585.28609729          0.20506045          6.17928801          0.00005403          0.00055011
    52   L0s      -9585.28867487          0.13309137          2.50871759          0.00005403          0.00052424
    53   L1s      -9585.29235197          0.14635824          2.56896735          0.00007265          0.00069440
    54   L1s      -9585.29390097          0.16200319          3.92481515          0.00003332          0.00031646
    55   L1s      -9585.29666256          0.13459209          3.20465636          0.00006098          0.00058358
    56   L1s      -9585.29890694          0.20095230          6.70516699          0.00005137          0.00049957
    57   L1s      -9585.30149495          0.13979118          3.17791409          0.00006014          0.00061700
    58   L1s      -9585.30575707          0.14339846          2.47753717          0.00010210          0.00104208
    59   L1s      -9585.30754463          0.18271817          5.80181711          0.00004400          0.00043656
    60   L1s      -9585.31012363          0.12182224          2.01330998          0.00006451          0.00058918
    61   L1s      -9585.31232360          0.19920198          5.32217963          0.00005694          0.00052056
    62   L1s      -9585.31486348          0.11962451          2.22717903          0.00006655          0.00056605
    63   L0s      -9585.31744890          0.12713943          2.06721653          0.00006655          0.00057077
    64   L1s      -9585.31904839          0.18268530          5.64891822          0.00004276          0.00036684
    65   L1s      -9585.32204691          0.12995289          2.19835033          0.00008317          0.00077163
    66   L0s      -9585.32499625          0.19463211          5.83902389          0.00008317          0.00078454
    67   L1s      -9585.32702570          0.12460628          1.47994600          0.00005812          0.00053630
    68   L1s      -9585.33017365          0.14976661          3.29206204          0.00009417          0.00081745
    69   L1s      -9585.33168760          0.17488856          3.98795244          0.00004603          0.00039017
    70   L1s      -9585.33557997          0.13801286          2.97573907          0.00011971          0.00103101
    71   L1s      -9585.33889263          0.17427104          5.26279795          0.00010372          0.00091948
    72   L1s      -9585.34052567          0.14468780          3.07473830          0.00005169          0.00047139
    73   L1s      -9585.34383019          0.15857414          3.73036138          0.00010626          0.00093065
    74   L1s      -9585.34549940          0.17020080          4.18821369          0.00005434          0.00045417
    75   L1s      -9585.34864177          0.12996702          2.61846940          0.00010337          0.00082459
    76   L1s      -9585.35240748          0.16676799          4.62918352          0.00012609          0.00104915
    77   L1s      -9585.35381874          0.14743120          2.93479852          0.00004775          0.00042201
    78   L1s      -9585.35707409          0.12964348          2.74915517          0.00011159          0.00098185
    79   L1s      -9585.35836109          0.15214296          4.19944693          0.00004485          0.00038438
    80   L1s      -9585.36084496          0.11843855          2.34562039          0.00008755          0.00074257
    81   L0s      -9585.36310986          0.15656081          3.83556147          0.00008755          0.00073941
    82   L1s      -9585.36419395          0.12711272          2.23384037          0.00004095          0.00034257
    83   L1s      -9585.36686151          0.11379314          1.98845445          0.00009191          0.00076802
    84   L1s      -9585.36826014          0.16043667          5.22342537          0.00004920          0.00041319
    85   L1s      -9585.37008468          0.11581768          2.09194879          0.00006484          0.00055792
    86   L0s      -9585.37198928          0.16481223          4.51280835          0.00006484          0.00056768
    87   L0s      -9585.37375422          0.12089322          2.14567172          0.00006484          0.00059220
    88   L1s      -9585.37668810          0.10988395          1.68536846          0.00012584          0.00121619
    89   L1s      -9585.37770634          0.15206365          3.75029417          0.00004248          0.00042139
    90   L1s      -9585.38011435          0.12149526          2.47587056          0.00010128          0.00103201
    91   L0s      -9585.38233441          0.12804338          3.19477454          0.00010128          0.00104351
    92   L1s      -9585.38321277          0.11658351          2.80192279          0.00004012          0.00041580
    93   L1s      -9585.38513333          0.11912858          1.93868375          0.00008194          0.00084783
    94   L1s      -9585.38630798          0.15515042          4.71498510          0.00005074          0.00052403
    95   L1s      -9585.38879792          0.10501083          1.53955540          0.00010833          0.00111276
    96   L0s      -9585.39125088          0.12075664          2.97458385          0.00010833          0.00111003
    97   L1s      -9585.39208785          0.12179443          2.34991969          0.00003739          0.00038270
    98   L1s      -9585.39367519          0.09050443          1.16535622          0.00007174          0.00073698
----------------------------------------------------------------------------------------------------------------

Minimization converged.

-------------------  Conjugate Gradient Minimizer Statistics -------------------
Iterations             =             98  Function Calls         =            181
--------------------------------------------------------------------------------
