
#-----------------------------------------------------------------------------#
#                                                                             #
#                                EasyHybrid                                   #
#                   - A pDynamo graphical user interface -                    #
#                                                                             #
#-----------------------------------------------------------------------------#
#                                                                             #
#     Developed by Jose Fernando R Bachega and Luis Fernando S M Timmers      #
#                            <ferbachega@gmail.com>                           #
#                                                                             #
#             visit: https://sites.google.com/site/EasyHybrid/                #
#                   Univesity of Sao Paulo - SP, Brazil                       #
#      Pontifical Catholic University of Rio Grande do Sul - RS, Brazil       #
#                                                                             #
#                                                                             #
#   EasyHybrid team:                               Special thanks to:         #
#   - Jose Fernando R Bachega           |         - Fernando V Maluf          #
#   - Michele Silva                     |                                     #
#   - Luis Fernando S M Timmers         |                                     #
#   - Martin Field                      |         - Leonardo R Bachega        #
#   - Troy Wymore                       |         - Lucas Assirati            #
#   - Osmar Norberto de Souza           |         - Richard Garratt           #
#   - Walter R Paixao-Cortes            |                                     #
#                                                                             #
#   Cite this work as:                                                        #
#   J.F.R. Bachega, L.F.S.M. Timmers, L.Assirati, L.B. Bachega, M.J. Field,   #
#   T. Wymore. J. Comput. Chem. 2013, 34, 2190-2196. DOI: 10.1002/jcc.23346   #
#                                                                             #
#-----------------------------------------------------------------------------#

Generated on Wed Jun  5 17:59:46 2019


--------------------------------------------------------------------------------
                        Summary for System "12_ramon_new"
--------------------------------------------------------------------------------

---------------------------- Atom Container Summary ----------------------------
Number of Atoms        =           2173  Number of Heavy Atoms  =           1040
Number of Hydrogens    =           1133  Number of Unknowns     =              0
--------------------------------------------------------------------------------

----------------------------- Connectivity Summary -----------------------------
Atoms                  =           2173
--------------------------------------------------------------------------------

------------------------------- Electronic State -------------------------------
Charge                 =             -1  Multiplicity           =              1
--------------------------------------------------------------------------------

--------------------------------------------------------------------------------
                 Summary for Energy Model "AMBER/AM1DPHOT/ABFS"
--------------------------------------------------------------------------------

----------------------------------- Summary for MM Model "AMBER" -----------------------------------
LJ 1-4 Scaling                   =          0.500  El. 1-4 Scaling                  =          0.833
Number of MM Atoms               =           2173  Number of MM Atom Types          =             37
Number of Inactive MM Atoms      =             33  Total MM Charge                  =          -4.00
Harmonic Bond Terms              =           2169  Harmonic Bond Parameters         =             49
Harmonic Bond Inactive           =           1308  Fourier Improper Terms           =            320
Fourier Improper Parameters      =              3  Fourier Improper Inactive        =            164
Harmonic Angle Terms             =           3403  Harmonic Angle Parameters        =            103
Harmonic Angle Inactive          =           1938  Fourier Dihedral Terms           =           6697
Fourier Dihedral Parameters      =             48  Fourier Dihedral Inactive        =           3453
Exclusions                       =          10377  1-4 Interactions                 =           4805
LJ Parameters Form               =          AMBER  LJ Parameters Types              =             21
1-4 Lennard-Jones Form           =          AMBER  1-4 Lennard-Jones Types          =             21
----------------------------------------------------------------------------------------------------

------------------------ Summary for QC Model "AM1DPHOT" -----------------------
Number of QC Atoms     =             39  Boundary Atoms         =              6
Nuclear Charge         =            129  Orbital Functions      =            113
Fitting Functions      =              0  Energy Base Line       =      189.57630
QC Parameter Centers   =              6
--------------------------------------------------------------------------------

----------------------------- ABFS NB Model Summary ----------------------------
Dielectric             =       1.000000  El. 1-4 Scaling        =       0.833333
Damping Cutoff         =       0.500000  Inner Cutoff           =       8.000000
List Cutoff            =      13.500000  Outer Cutoff           =      12.000000
QC/MM Coupling         =    RC Coupling  Use Centering          =          False
--------------------------------------------------------------------------------

-------------------------- Pairlist Generator Summary --------------------------
Cell Size              =          6.750  Cutoff                 =         13.500
Cutoff Cell Size Factor =          0.500  Grid Cell/Cell Method  =           True
Minimum Cell Extent    =              2  Minimum Cell Size      =          3.000
Minimum Extent Factor  =          1.500  Minimum Points         =            500
Sort Indices           =          False
--------------------------------------------------------------------------------

----------------------- SoftConstraint Container Summary -----------------------
Multiple Distance      =              2
--------------------------------------------------------------------------------

---------------------------- Hard Constraint Container Summary ---------------------------
Number of Charge Constraints  =            0  Number of Fixed Atoms         =         1351
------------------------------------------------------------------------------------------

------------------------------- Sequence Summary -------------------------------
Number of Atoms            =       2173  Number of Components       =        213
Number of Entities         =          1  Number of Linear Polymers  =          0
Number of Links            =          0  Number of Variants         =          0
--------------------------------------------------------------------------------

-------------------------------  Conjugate Gradient Minimizer Options ------------------------------
Beta Type                        =              1  Initial Step                     =            0.1
Line Searcher                    =           None  Log Frequency                    =              1
Maximum Iterations               =            500  Maximum Theta                    =          1e+10
Minimum Theta                    =          1e-10  RMS Gradient Tolerance           =            0.1
Steepest Descent Tolerance       =          0.001  Use Spectral Theta               =           True
----------------------------------------------------------------------------------------------------

----------------------------------------------------------------------------------------------------------------
  Iteration       Function          RMS Gradient        Max. |Grad.|          RMS Disp.         Max. |Disp.|
----------------------------------------------------------------------------------------------------------------
     0     I      -9413.08444165         78.65063863       3014.21573545          0.00201374          0.07717481
     1   L1s      -9566.40449098          6.33674193        180.90400389          0.00158901          0.04520469
     2   L1s      -9567.71876765          3.06300678         65.77472610          0.00016866          0.00407825
     3   L1s      -9569.12624204          2.23765274         56.36251391          0.00041547          0.01149013
     4   L1s      -9570.44555065          1.98556225         41.40472166          0.00061214          0.01576811
     5   L1s      -9570.70214783          2.09086946         54.00194649          0.00015938          0.00264500
     6   L1s      -9571.03099689          0.93019317         14.85166253          0.00024033          0.00345887
     7   L1s      -9571.14999985          1.02286821         18.99015521          0.00013536          0.00251115
     8   L1s      -9571.22503105          1.01695277         18.73141871          0.00010396          0.00191422
     9   L1s      -9571.38816578          0.89625267         18.66929319          0.00026104          0.00509899
    10   L0s      -9571.52477954          1.07671557         21.80872581          0.00026104          0.00474111
    11   L1s      -9571.57953976          0.86758265         13.40955961          0.00011056          0.00209079
    12   L1s      -9571.66796314          0.53638638         10.29335610          0.00018773          0.00329373
    13   L1s      -9571.74947235          0.53792419          9.43023912          0.00021319          0.00325521
    14   L1s      -9571.76793848          0.60569274         12.07948060          0.00005574          0.00084546
    15   L1s      -9571.81125369          0.43601260          9.18038519          0.00014309          0.00208695
    16   L0s      -9571.84730108          0.46578137         10.77024877          0.00014309          0.00198540
    17   L1s      -9571.87676918          0.58095193         17.42584297          0.00012594          0.00173087
    18   L1s      -9571.89274405          0.36710694          5.09938090          0.00007033          0.00096931
    19   L1s      -9571.92033270          0.53406802         15.84572504          0.00013577          0.00183061
    20   L1s      -9571.93712053          0.42882286          7.94246150          0.00008646          0.00110543
    21   L1s      -9571.96315237          0.26388913          3.59427829          0.00014282          0.00178586
    22   L0s      -9571.98498446          0.42225940          7.59172736          0.00014282          0.00187295
    23   L1s      -9571.99449037          0.39659506          6.12363884          0.00006314          0.00084134
    24   L1s      -9572.01379403          0.31479813          3.58343946          0.00012902          0.00145018
    25   L1s      -9572.03845761          0.36476549          4.97612535          0.00017674          0.00190838
    26   L1s      -9572.04957469          0.41001901         11.61039452          0.00008342          0.00087994
    27   L1s      -9572.06425975          0.31438808          3.94499138          0.00011394          0.00112920
    28   L0s      -9572.07746962          0.45365505         14.24598155          0.00011394          0.00109084
    29   L1s      -9572.08716975          0.26240377          3.05527156          0.00008300          0.00069170
    30   L1s      -9572.10343243          0.29291512          4.01879373          0.00012900          0.00098525
    31   L1s      -9572.11369776          0.43848821         12.71430543          0.00008624          0.00068451
    32   L1s      -9572.12570369          0.26374689          3.68878835          0.00010328          0.00093033
    33   L1s      -9572.13855308          0.30797993          7.10265059          0.00011740          0.00111815
    34   L1s      -9572.14390542          0.25466565          5.20485285          0.00005089          0.00051589
    35   L1s      -9572.15284132          0.23300481          4.69788142          0.00008961          0.00091894
    36   L1s      -9572.15707501          0.27650051          8.15390622          0.00004494          0.00045563
    37   L1s      -9572.16353188          0.20408503          4.30665998          0.00007110          0.00068321
    38   L1s      -9572.17345055          0.22790463          3.43532170          0.00011612          0.00106148
    39   L1s      -9572.17815064          0.31295550          8.40558943          0.00005751          0.00051242
    40   L1s      -9572.18653209          0.20115348          2.24368028          0.00010482          0.00089277
    41   L1s      -9572.19339083          0.26955800          6.83134454          0.00009013          0.00075938
    42   L1s      -9572.19741952          0.19749386          2.41482113          0.00005431          0.00044922
    43   L1s      -9572.20491527          0.22512381          5.60194280          0.00010562          0.00087183
    44   L1s      -9572.20745213          0.19750360          4.70517237          0.00003689          0.00030497
    45   L1s      -9572.21418594          0.18087132          3.57260621          0.00010176          0.00082420
    46   L1s      -9572.21951643          0.19948166          4.30576277          0.00008401          0.00068086
    47   L1s      -9572.22183124          0.19658645          4.67048069          0.00003768          0.00032169
    48   L1s      -9572.22652786          0.14935455          2.56849466          0.00007889          0.00056297
    49   L1s      -9572.22987371          0.24986126          6.35272594          0.00005906          0.00041709
    50   L1s      -9572.23496405          0.17391323          2.60076350          0.00009135          0.00066369
    51   L0s      -9572.23998327          0.23570901          6.94509820          0.00009135          0.00066249
    52   L1s      -9572.24264397          0.15941459          2.43024299          0.00004972          0.00035437
    53   L1s      -9572.24804242          0.15993872          3.86479166          0.00010850          0.00074226
    54   L1s      -9572.25254022          0.20722681          5.38242952          0.00009324          0.00065976
    55   L1s      -9572.25504711          0.19808175          3.39389941          0.00005288          0.00042375
    56   L1s      -9572.26074986          0.17008713          3.17340107          0.00012256          0.00094208
    57   L1s      -9572.26338260          0.21145103          5.25726061          0.00005796          0.00042242
    58   L1s      -9572.26781027          0.16475252          2.42691909          0.00009893          0.00068210
    59   L1s      -9572.27302106          0.20137564          4.94560800          0.00011921          0.00085041
    60   L1s      -9572.27496714          0.16992334          3.33281535          0.00004521          0.00035551
    61   L1s      -9572.28230560          0.16217767          2.10422496          0.00017404          0.00136239
    62   L1s      -9572.28657163          0.20653388          6.18053170          0.00010341          0.00078140
    63   L1s      -9572.28886336          0.16678534          3.36788656          0.00005627          0.00042357
    64   L1s      -9572.29295276          0.17499579          4.62683024          0.00010237          0.00077310
    65   L1s      -9572.29486468          0.16944412          3.45147998          0.00004867          0.00036412
    66   L1s      -9572.29921162          0.14629076          2.77572163          0.00011261          0.00086678
    67   L0s      -9572.30312307          0.19813044          4.11993363          0.00011261          0.00084915
    68   L1s      -9572.30490447          0.16363912          2.61347553          0.00004984          0.00035358
    69   L1s      -9572.30842309          0.12948630          2.42850758          0.00008919          0.00056559
    70   L0s      -9572.31176944          0.20433059          6.18172578          0.00008919          0.00056730
    71   L1s      -9572.31370618          0.13189073          1.82734853          0.00005155          0.00034644
    72   L1s      -9572.31669245          0.18617038          5.49669199          0.00007792          0.00052232
    73   L1s      -9572.31869908          0.14653446          2.77935595          0.00005308          0.00034147
    74   L1s      -9572.32206278          0.13671605          3.17721939          0.00009090          0.00057496
    75   L1s      -9572.32415211          0.18668187          5.49238613          0.00005780          0.00037020
    76   L0s      -9572.32609865          0.11877645          2.16868857          0.00005780          0.00037886
    77   L1s      -9572.32916605          0.12765814          1.87077893          0.00010061          0.00065739
    78   L1s      -9572.33099082          0.18117101          5.09494528          0.00005816          0.00037771
    79   L1s      -9572.33384678          0.11672070          1.36534367          0.00009193          0.00058004
    80   L1s      -9572.33610652          0.19045957          5.61543916          0.00007441          0.00046581
    81   L1s      -9572.33800560          0.11070343          1.23583481          0.00006305          0.00040137
    82   L1s      -9572.34092056          0.11927977          2.10348118          0.00009911          0.00063985
    83   L1s      -9572.34329705          0.17094450          5.04008990          0.00008240          0.00053562
    84   L1s      -9572.34495955          0.13020263          2.52091124          0.00005818          0.00038270
    85   L1s      -9572.34738685          0.14485978          4.07359125          0.00008629          0.00057323
    86   L1s      -9572.34868196          0.13818631          3.24293045          0.00004661          0.00031308
    87   L1s      -9572.35165557          0.10790809          1.27867606          0.00010842          0.00074195
    88   L0s      -9572.35459705          0.14554634          3.81689518          0.00010842          0.00074875
    89   L1s      -9572.35576130          0.13543454          2.88545831          0.00004360          0.00030428
    90   L1s      -9572.35839316          0.10827535          1.41458651          0.00010092          0.00071495
    91   L1s      -9572.35956191          0.14177915          3.65325874          0.00004566          0.00032608
    92   L1s      -9572.36143915          0.10871225          1.81792912          0.00007412          0.00053605
    93   L1s      -9572.36383666          0.11996732          2.18565397          0.00009633          0.00070309
    94   L1s      -9572.36489985          0.14047278          3.26208983          0.00004332          0.00031822
    95   L1s      -9572.36671742          0.10257194          2.22105136          0.00007480          0.00056126
    96   L0s      -9572.36865500          0.09463976          1.74506085          0.00007480          0.00057366
----------------------------------------------------------------------------------------------------------------

Minimization converged.

-------------------  Conjugate Gradient Minimizer Statistics -------------------
Iterations             =             96  Function Calls         =            183
--------------------------------------------------------------------------------
