
#-----------------------------------------------------------------------------#
#                                                                             #
#                                EasyHybrid                                   #
#                   - A pDynamo graphical user interface -                    #
#                                                                             #
#-----------------------------------------------------------------------------#
#                                                                             #
#     Developed by Jose Fernando R Bachega and Luis Fernando S M Timmers      #
#                            <ferbachega@gmail.com>                           #
#                                                                             #
#             visit: https://sites.google.com/site/EasyHybrid/                #
#                   Univesity of Sao Paulo - SP, Brazil                       #
#      Pontifical Catholic University of Rio Grande do Sul - RS, Brazil       #
#                                                                             #
#                                                                             #
#   EasyHybrid team:                               Special thanks to:         #
#   - Jose Fernando R Bachega           |         - Fernando V Maluf          #
#   - Michele Silva                     |                                     #
#   - Luis Fernando S M Timmers         |                                     #
#   - Martin Field                      |         - Leonardo R Bachega        #
#   - Troy Wymore                       |         - Lucas Assirati            #
#   - Osmar Norberto de Souza           |         - Richard Garratt           #
#   - Walter R Paixao-Cortes            |                                     #
#                                                                             #
#   Cite this work as:                                                        #
#   J.F.R. Bachega, L.F.S.M. Timmers, L.Assirati, L.B. Bachega, M.J. Field,   #
#   T. Wymore. J. Comput. Chem. 2013, 34, 2190-2196. DOI: 10.1002/jcc.23346   #
#                                                                             #
#-----------------------------------------------------------------------------#

Generated on Wed Jun  5 18:01:25 2019


--------------------------------------------------------------------------------
                        Summary for System "12_ramon_new"
--------------------------------------------------------------------------------

---------------------------- Atom Container Summary ----------------------------
Number of Atoms        =           2173  Number of Heavy Atoms  =           1040
Number of Hydrogens    =           1133  Number of Unknowns     =              0
--------------------------------------------------------------------------------

----------------------------- Connectivity Summary -----------------------------
Atoms                  =           2173
--------------------------------------------------------------------------------

------------------------------- Electronic State -------------------------------
Charge                 =             -1  Multiplicity           =              1
--------------------------------------------------------------------------------

--------------------------------------------------------------------------------
                 Summary for Energy Model "AMBER/AM1DPHOT/ABFS"
--------------------------------------------------------------------------------

----------------------------------- Summary for MM Model "AMBER" -----------------------------------
LJ 1-4 Scaling                   =          0.500  El. 1-4 Scaling                  =          0.833
Number of MM Atoms               =           2173  Number of MM Atom Types          =             37
Number of Inactive MM Atoms      =             33  Total MM Charge                  =          -4.00
Harmonic Bond Terms              =           2169  Harmonic Bond Parameters         =             49
Harmonic Bond Inactive           =           1308  Fourier Improper Terms           =            320
Fourier Improper Parameters      =              3  Fourier Improper Inactive        =            164
Harmonic Angle Terms             =           3403  Harmonic Angle Parameters        =            103
Harmonic Angle Inactive          =           1938  Fourier Dihedral Terms           =           6697
Fourier Dihedral Parameters      =             48  Fourier Dihedral Inactive        =           3453
Exclusions                       =          10377  1-4 Interactions                 =           4805
LJ Parameters Form               =          AMBER  LJ Parameters Types              =             21
1-4 Lennard-Jones Form           =          AMBER  1-4 Lennard-Jones Types          =             21
----------------------------------------------------------------------------------------------------

------------------------ Summary for QC Model "AM1DPHOT" -----------------------
Number of QC Atoms     =             39  Boundary Atoms         =              6
Nuclear Charge         =            129  Orbital Functions      =            113
Fitting Functions      =              0  Energy Base Line       =      189.57630
QC Parameter Centers   =              6
--------------------------------------------------------------------------------

----------------------------- ABFS NB Model Summary ----------------------------
Dielectric             =       1.000000  El. 1-4 Scaling        =       0.833333
Damping Cutoff         =       0.500000  Inner Cutoff           =       8.000000
List Cutoff            =      13.500000  Outer Cutoff           =      12.000000
QC/MM Coupling         =    RC Coupling  Use Centering          =          False
--------------------------------------------------------------------------------

-------------------------- Pairlist Generator Summary --------------------------
Cell Size              =          6.750  Cutoff                 =         13.500
Cutoff Cell Size Factor =          0.500  Grid Cell/Cell Method  =           True
Minimum Cell Extent    =              2  Minimum Cell Size      =          3.000
Minimum Extent Factor  =          1.500  Minimum Points         =            500
Sort Indices           =          False
--------------------------------------------------------------------------------

----------------------- SoftConstraint Container Summary -----------------------
Multiple Distance      =              2
--------------------------------------------------------------------------------

---------------------------- Hard Constraint Container Summary ---------------------------
Number of Charge Constraints  =            0  Number of Fixed Atoms         =         1351
------------------------------------------------------------------------------------------

------------------------------- Sequence Summary -------------------------------
Number of Atoms            =       2173  Number of Components       =        213
Number of Entities         =          1  Number of Linear Polymers  =          0
Number of Links            =          0  Number of Variants         =          0
--------------------------------------------------------------------------------

-------------------------------  Conjugate Gradient Minimizer Options ------------------------------
Beta Type                        =              1  Initial Step                     =            0.1
Line Searcher                    =           None  Log Frequency                    =              1
Maximum Iterations               =            500  Maximum Theta                    =          1e+10
Minimum Theta                    =          1e-10  RMS Gradient Tolerance           =            0.1
Steepest Descent Tolerance       =          0.001  Use Spectral Theta               =           True
----------------------------------------------------------------------------------------------------

----------------------------------------------------------------------------------------------------------------
  Iteration       Function          RMS Gradient        Max. |Grad.|          RMS Disp.         Max. |Disp.|
----------------------------------------------------------------------------------------------------------------
     0     I      -9428.78593317         78.38530688       2999.78480323          0.00201374          0.07706531
     1   L1s      -9576.56119472          5.76329489        147.17791206          0.00150482          0.03801048
     2   L1s      -9578.02710347          4.88864613        138.07262908          0.00020691          0.00725769
     3   L1s      -9581.26031427          2.90940834         82.99022551          0.00070417          0.01538988
     4   L1s      -9582.76074209          2.09616885         34.41126782          0.00052628          0.01232926
     5   L1s      -9582.99211409          2.18726352         56.88488130          0.00012158          0.00244755
     6   L1s      -9583.80401126          1.89110129         34.90833717          0.00052397          0.01074684
     7   L1s      -9584.17110541          2.21757126         50.40357309          0.00028476          0.00569031
     8   L1s      -9584.46142417          1.56833191         34.37528965          0.00024929          0.00383179
     9   L1s      -9584.83155239          1.00565247         16.83448562          0.00037110          0.00697000
    10   L1s      -9584.96644059          1.29577485         30.03661152          0.00017335          0.00306430
    11   L1s      -9585.04952957          1.00976009         15.10022072          0.00011871          0.00248990
    12   L1s      -9585.22608425          0.78711656         11.94680558          0.00028938          0.00661918
    13   L1s      -9585.36028818          1.10977987         36.42887677          0.00025937          0.00514685
    14   L1s      -9585.41360433          0.67798743          9.18576618          0.00010997          0.00258539
    15   L1s      -9585.54748584          0.86856425         23.08538549          0.00031936          0.00728210
    16   L1s      -9585.59201877          0.93227625         19.30512658          0.00011373          0.00269053
    17   L1s      -9585.69602890          0.66976060          8.62612605          0.00028064          0.00659068
    18   L1s      -9585.83606802          0.76562244         14.02130308          0.00041352          0.00902599
    19   L1s      -9585.89422358          0.97396718         29.81127294          0.00018253          0.00445986
    20   L0s      -9585.95212104          0.58315083          7.27273486          0.00018253          0.00433247
    21   L1s      -9586.01608844          0.97284283         26.95071099          0.00021173          0.00492433
    22   L1s      -9586.06850837          0.74174465         11.90377998          0.00018051          0.00434351
    23   L1s      -9586.16136814          0.61058181          9.93018353          0.00033537          0.00812078
    24   L1s      -9586.22621590          0.68100717         19.10742091          0.00024855          0.00586374
    25   L1s      -9586.25372862          0.71313838         14.68484220          0.00011042          0.00262824
    26   L1s      -9586.32848622          0.55983069         10.30224590          0.00031201          0.00785362
    27   L1s      -9586.35281212          0.68144847         21.61259954          0.00010713          0.00252110
    28   L1s      -9586.39511034          0.46138768          9.40562609          0.00019292          0.00466303
    29   L0s      -9586.43616659          0.46661539          9.31599836          0.00019292          0.00472987
    30   L1s      -9586.46517335          0.73004613         20.08782695          0.00014582          0.00388737
    31   L1s      -9586.49701034          0.48507125          7.95918115          0.00016639          0.00455726
    32   L1s      -9586.54293780          0.51186827         12.08665966          0.00025255          0.00666663
    33   L1s      -9586.55610631          0.43451175          8.28829393          0.00007517          0.00217665
    34   L1s      -9586.58692865          0.43582512          7.20154289          0.00018533          0.00534166
    35   L1s      -9586.62164202          0.64087672         19.23808034          0.00021921          0.00635223
    36   L1s      -9586.63899315          0.39989909          5.51543022          0.00011171          0.00319033
    37   L1s      -9586.68678883          0.45462282          6.82138962          0.00032361          0.00927902
    38   L1s      -9586.71025850          0.58650924         13.19221215          0.00016394          0.00446315
    39   L1s      -9586.72943634          0.37430688          4.85034664          0.00013667          0.00359706
    40   L1s      -9586.75611362          0.52053643         13.84161797          0.00019945          0.00540268
    41   L1s      -9586.77045687          0.45206285          9.02114377          0.00010935          0.00273446
    42   L1s      -9586.79850259          0.34896185          5.84616454          0.00021925          0.00526099
    43   L0s      -9586.82458136          0.43608857         10.30054227          0.00021925          0.00546556
    44   L1s      -9586.83402719          0.41079056          7.03910609          0.00008026          0.00187625
    45   L1s      -9586.85950154          0.35924680          6.77018553          0.00021389          0.00504552
    46   L1s      -9586.87589230          0.52137768         14.75697758          0.00014180          0.00329859
    47   L0s      -9586.89298772          0.33725186          8.44722872          0.00014180          0.00333892
    48   L0s      -9586.91202710          0.34507523          6.93209891          0.00014180          0.00344362
    49   L1s      -9586.92072093          0.40704496         11.46718967          0.00007100          0.00171744
    50   L1s      -9586.94016737          0.29422134          4.31226172          0.00017216          0.00414900
    51   L0s      -9586.95721834          0.52313010         15.03645713          0.00017216          0.00438958
    52   L1s      -9586.96958945          0.34756056          4.68328137          0.00011949          0.00297019
    53   L1s      -9586.99019568          0.35827677          9.02635301          0.00017298          0.00402012
    54   L1s      -9586.99783674          0.37103866          9.54292299          0.00006666          0.00166295
    55   L1s      -9587.01304918          0.27158197          6.20997991          0.00013676          0.00343640
    56   L1s      -9587.02344121          0.36368821         11.79599550          0.00009805          0.00228084
    57   L1s      -9587.03040168          0.27569808          5.19649456          0.00006750          0.00164251
    58   L1s      -9587.04546771          0.29248397          5.13098397          0.00015250          0.00379220
    59   L1s      -9587.05128182          0.33572708          8.59382345          0.00006088          0.00144592
    60   L1s      -9587.06230283          0.23340341          4.67430490          0.00011849          0.00272241
    61   L1s      -9587.07130382          0.33523868          9.89327626          0.00010189          0.00247577
    62   L1s      -9587.07687774          0.23524900          4.29438898          0.00006451          0.00146974
    63   L1s      -9587.08694780          0.24305356          5.28361200          0.00012172          0.00255512
    64   L1s      -9587.09136834          0.29625682          9.00801643          0.00005551          0.00123940
    65   L1s      -9587.09981531          0.24341800          4.97160534          0.00010857          0.00236426
    66   L1s      -9587.11095049          0.31332550          9.40003008          0.00014768          0.00294858
    67   L1s      -9587.11504752          0.19709996          3.27038751          0.00005541          0.00112708
    68   L1s      -9587.12281594          0.21164061          3.80007771          0.00010963          0.00221291
    69   L1s      -9587.12615261          0.25939072          5.81816770          0.00004871          0.00091192
    70   L1s      -9587.13251382          0.17867180          3.33445907          0.00009501          0.00178153
    71   L1s      -9587.13763504          0.24726368          7.70287254          0.00008005          0.00148128
    72   L1s      -9587.14070536          0.18154629          3.38377368          0.00004903          0.00094694
    73   L1s      -9587.14677832          0.19280511          3.90555609          0.00010078          0.00211046
    74   L1s      -9587.15011926          0.26351917          8.50755313          0.00005722          0.00112424
    75   L1s      -9587.15589013          0.16896769          3.96240299          0.00010044          0.00202206
    76   L1s      -9587.16022222          0.21250583          5.80306967          0.00007815          0.00171478
    77   L1s      -9587.16264551          0.18174822          3.66676296          0.00004470          0.00093523
    78   L1s      -9587.16822427          0.15114947          2.49806867          0.00010585          0.00214596
    79   L1s      -9587.17014606          0.19986027          4.59462136          0.00003785          0.00080428
    80   L1s      -9587.17352857          0.13582069          2.96216468          0.00006803          0.00144138
    81   L0s      -9587.17645737          0.19309954          5.17382493          0.00006803          0.00133051
    82   L1s      -9587.17815708          0.15386282          3.01559570          0.00003804          0.00078120
    83   L1s      -9587.18140522          0.13170305          2.57639631          0.00006477          0.00139186
    84   L1s      -9587.18296146          0.18355538          5.65199497          0.00003249          0.00063003
    85   L1s      -9587.18591783          0.12060875          2.49900236          0.00006311          0.00116670
    86   L1s      -9587.18829159          0.18209256          5.76896452          0.00005312          0.00105314
    87   L1s      -9587.19000555          0.13146240          2.81637536          0.00003910          0.00071582
    88   L1s      -9587.19296944          0.13139746          2.32829260          0.00007005          0.00118507
    89   L1s      -9587.19410199          0.14916648          3.18135069          0.00002765          0.00049550
    90   L1s      -9587.19655447          0.11495752          3.17678993          0.00006135          0.00111072
    91   L1s      -9587.19846693          0.16835779          5.04467412          0.00004973          0.00082302
    92   L1s      -9587.19996557          0.11703602          2.95658886          0.00003963          0.00067954
    93   L1s      -9587.20242027          0.13402321          3.14523837          0.00006715          0.00123278
    94   L1s      -9587.20368121          0.16224988          4.57131483          0.00003534          0.00060529
    95   L1s      -9587.20702989          0.12162955          2.51407502          0.00009529          0.00170226
    96   L1s      -9587.20888244          0.17674002          6.09402747          0.00005397          0.00094092
    97   L0s      -9587.21062739          0.11588877          2.43691264          0.00005397          0.00095807
    98   L1s      -9587.21286083          0.12683514          2.39566008          0.00007481          0.00140194
    99   L1s      -9587.21377922          0.12724575          2.37560944          0.00003014          0.00054681
   100   L1s      -9587.21588133          0.10423246          1.92068101          0.00007032          0.00125162
   101   L1s      -9587.21764493          0.16852008          5.12470989          0.00006063          0.00113822
   102   L1s      -9587.21917315          0.10773670          1.86775078          0.00005306          0.00096592
   103   L1s      -9587.22151073          0.13230289          3.13563406          0.00008312          0.00148122
   104   L1s      -9587.22258193          0.14100565          3.92193982          0.00003869          0.00070572
   105   L1s      -9587.22515055          0.10739751          2.39805585          0.00009391          0.00175229
   106   L1s      -9587.22665463          0.15136354          4.88852404          0.00005598          0.00098506
   107   L1s      -9587.22793234          0.10500751          2.62406324          0.00004805          0.00087166
   108   L1s      -9587.22978524          0.10773245          1.97491112          0.00007114          0.00132412
   109   L1s      -9587.23057850          0.12488255          2.74331138          0.00003100          0.00055087
   110   L1s      -9587.23227097          0.09356404          1.82998397          0.00006706          0.00115926
----------------------------------------------------------------------------------------------------------------

Minimization converged.

-------------------  Conjugate Gradient Minimizer Statistics -------------------
Iterations             =            110  Function Calls         =            213
--------------------------------------------------------------------------------
