
#-----------------------------------------------------------------------------#
#                                                                             #
#                                EasyHybrid                                   #
#                   - A pDynamo graphical user interface -                    #
#                                                                             #
#-----------------------------------------------------------------------------#
#                                                                             #
#     Developed by Jose Fernando R Bachega and Luis Fernando S M Timmers      #
#                            <ferbachega@gmail.com>                           #
#                                                                             #
#             visit: https://sites.google.com/site/EasyHybrid/                #
#                   Univesity of Sao Paulo - SP, Brazil                       #
#      Pontifical Catholic University of Rio Grande do Sul - RS, Brazil       #
#                                                                             #
#                                                                             #
#   EasyHybrid team:                               Special thanks to:         #
#   - Jose Fernando R Bachega           |         - Fernando V Maluf          #
#   - Michele Silva                     |                                     #
#   - Luis Fernando S M Timmers         |                                     #
#   - Martin Field                      |         - Leonardo R Bachega        #
#   - Troy Wymore                       |         - Lucas Assirati            #
#   - Osmar Norberto de Souza           |         - Richard Garratt           #
#   - Walter R Paixao-Cortes            |                                     #
#                                                                             #
#   Cite this work as:                                                        #
#   J.F.R. Bachega, L.F.S.M. Timmers, L.Assirati, L.B. Bachega, M.J. Field,   #
#   T. Wymore. J. Comput. Chem. 2013, 34, 2190-2196. DOI: 10.1002/jcc.23346   #
#                                                                             #
#-----------------------------------------------------------------------------#

Generated on Wed Jun  5 17:59:52 2019


--------------------------------------------------------------------------------
                        Summary for System "12_ramon_new"
--------------------------------------------------------------------------------

---------------------------- Atom Container Summary ----------------------------
Number of Atoms        =           2173  Number of Heavy Atoms  =           1040
Number of Hydrogens    =           1133  Number of Unknowns     =              0
--------------------------------------------------------------------------------

----------------------------- Connectivity Summary -----------------------------
Atoms                  =           2173
--------------------------------------------------------------------------------

------------------------------- Electronic State -------------------------------
Charge                 =             -1  Multiplicity           =              1
--------------------------------------------------------------------------------

--------------------------------------------------------------------------------
                 Summary for Energy Model "AMBER/AM1DPHOT/ABFS"
--------------------------------------------------------------------------------

----------------------------------- Summary for MM Model "AMBER" -----------------------------------
LJ 1-4 Scaling                   =          0.500  El. 1-4 Scaling                  =          0.833
Number of MM Atoms               =           2173  Number of MM Atom Types          =             37
Number of Inactive MM Atoms      =             33  Total MM Charge                  =          -4.00
Harmonic Bond Terms              =           2169  Harmonic Bond Parameters         =             49
Harmonic Bond Inactive           =           1308  Fourier Improper Terms           =            320
Fourier Improper Parameters      =              3  Fourier Improper Inactive        =            164
Harmonic Angle Terms             =           3403  Harmonic Angle Parameters        =            103
Harmonic Angle Inactive          =           1938  Fourier Dihedral Terms           =           6697
Fourier Dihedral Parameters      =             48  Fourier Dihedral Inactive        =           3453
Exclusions                       =          10377  1-4 Interactions                 =           4805
LJ Parameters Form               =          AMBER  LJ Parameters Types              =             21
1-4 Lennard-Jones Form           =          AMBER  1-4 Lennard-Jones Types          =             21
----------------------------------------------------------------------------------------------------

------------------------ Summary for QC Model "AM1DPHOT" -----------------------
Number of QC Atoms     =             39  Boundary Atoms         =              6
Nuclear Charge         =            129  Orbital Functions      =            113
Fitting Functions      =              0  Energy Base Line       =      189.57630
QC Parameter Centers   =              6
--------------------------------------------------------------------------------

----------------------------- ABFS NB Model Summary ----------------------------
Dielectric             =       1.000000  El. 1-4 Scaling        =       0.833333
Damping Cutoff         =       0.500000  Inner Cutoff           =       8.000000
List Cutoff            =      13.500000  Outer Cutoff           =      12.000000
QC/MM Coupling         =    RC Coupling  Use Centering          =          False
--------------------------------------------------------------------------------

-------------------------- Pairlist Generator Summary --------------------------
Cell Size              =          6.750  Cutoff                 =         13.500
Cutoff Cell Size Factor =          0.500  Grid Cell/Cell Method  =           True
Minimum Cell Extent    =              2  Minimum Cell Size      =          3.000
Minimum Extent Factor  =          1.500  Minimum Points         =            500
Sort Indices           =          False
--------------------------------------------------------------------------------

----------------------- SoftConstraint Container Summary -----------------------
Multiple Distance      =              2
--------------------------------------------------------------------------------

---------------------------- Hard Constraint Container Summary ---------------------------
Number of Charge Constraints  =            0  Number of Fixed Atoms         =         1351
------------------------------------------------------------------------------------------

------------------------------- Sequence Summary -------------------------------
Number of Atoms            =       2173  Number of Components       =        213
Number of Entities         =          1  Number of Linear Polymers  =          0
Number of Links            =          0  Number of Variants         =          0
--------------------------------------------------------------------------------

-------------------------------  Conjugate Gradient Minimizer Options ------------------------------
Beta Type                        =              1  Initial Step                     =            0.1
Line Searcher                    =           None  Log Frequency                    =              1
Maximum Iterations               =            500  Maximum Theta                    =          1e+10
Minimum Theta                    =          1e-10  RMS Gradient Tolerance           =            0.1
Steepest Descent Tolerance       =          0.001  Use Spectral Theta               =           True
----------------------------------------------------------------------------------------------------

----------------------------------------------------------------------------------------------------------------
  Iteration       Function          RMS Gradient        Max. |Grad.|          RMS Disp.         Max. |Disp.|
----------------------------------------------------------------------------------------------------------------
     0     I      -9389.65721666         78.81535448       3019.99118597          0.00201374          0.07716108
     1   L1s      -9545.65202236          5.85711120        160.21784164          0.00159399          0.04333020
     2   L1s      -9546.76385800          3.24898175         87.89033119          0.00015452          0.00461490
     3   L1s      -9548.50883551          2.21141499         62.39809777          0.00050072          0.01074652
     4   L0s      -9549.50111276          1.49229077         34.13937680          0.00050072          0.00955626
     5   L1s      -9549.82102985          1.92469489         48.48915421          0.00023534          0.00530997
     6   L1s      -9549.97435582          1.04840379         19.91155313          0.00012729          0.00203064
     7   L1s      -9550.10921811          0.88884910         18.39030301          0.00015369          0.00283120
     8   L0s      -9550.20732484          1.28445265         30.89339997          0.00015369          0.00267046
     9   L0s      -9550.29361886          0.71220417         11.97783362          0.00015369          0.00198314
    10   L0s      -9550.37378632          0.61193704         10.90925032          0.00015369          0.00281779
    11   L1s      -9550.41647389          0.91497613         20.45680309          0.00009581          0.00147732
    12   L1s      -9550.47227179          0.51994685          7.04143452          0.00013771          0.00203813
    13   L1s      -9550.53179820          0.44880156          9.59401450          0.00017377          0.00267749
    14   L1s      -9550.54796983          0.52464486         15.03944653          0.00005548          0.00086356
    15   L1s      -9550.57514601          0.43989834          9.04572710          0.00010226          0.00142923
    16   L1s      -9550.60626325          0.59163761         12.98142753          0.00013027          0.00189158
    17   L1s      -9550.62585859          0.52754788         11.93351737          0.00008637          0.00120143
    18   L1s      -9550.66416333          0.40204462          6.15830149          0.00017873          0.00225900
    19   L1s      -9550.70618351          0.41687514          6.31075486          0.00021373          0.00277928
    20   L1s      -9550.71753705          0.42794613         12.21485569          0.00006180          0.00073451
    21   L1s      -9550.73471801          0.31102244          5.43674192          0.00009908          0.00125479
    22   L1s      -9550.74538618          0.45466122         14.14750200          0.00006756          0.00078704
    23   L1s      -9550.76129451          0.33477297          4.36720393          0.00010469          0.00126074
    24   L1s      -9550.78472927          0.30297020          4.91355881          0.00016424          0.00195821
    25   L1s      -9550.80044684          0.36274763          8.73934337          0.00011797          0.00153231
    26   L1s      -9550.80813228          0.34283018          7.00469465          0.00006018          0.00070027
    27   L1s      -9550.82129501          0.27858493          5.48678388          0.00010770          0.00123720
    28   L1s      -9550.82871508          0.36275293          8.90589174          0.00006445          0.00073561
    29   L1s      -9550.83931809          0.21829381          2.72805538          0.00009510          0.00106494
    30   L0s      -9550.84990647          0.19935446          2.86614760          0.00009510          0.00107823
    31   L1s      -9550.85704889          0.34997045          9.88880659          0.00007023          0.00081310
    32   L0s      -9550.86435216          0.24978385          5.36070609          0.00007023          0.00085498
    33   L1s      -9550.87360262          0.19340996          3.16818656          0.00008843          0.00114681
    34   L1s      -9550.87671236          0.24668206          5.95109764          0.00003525          0.00046742
    35   L1s      -9550.88378273          0.20293086          3.23721612          0.00008346          0.00108385
    36   L1s      -9550.88844885          0.29251659          7.74797564          0.00005817          0.00073743
    37   L1s      -9550.89355604          0.18360092          2.51211203          0.00006522          0.00075436
    38   L1s      -9550.90141108          0.18985865          3.44612504          0.00010615          0.00111138
    39   L1s      -9550.90501738          0.26061084          6.96931905          0.00005111          0.00053520
    40   L1s      -9550.90926790          0.16742649          3.90916738          0.00006168          0.00066557
    41   L0s      -9550.91368180          0.17759449          4.23855845          0.00006168          0.00067869
    42   L1s      -9550.91604966          0.19056291          4.89091908          0.00003537          0.00040912
    43   L1s      -9550.92174198          0.16874402          2.24549908          0.00009502          0.00108541
    44   L1s      -9550.92408941          0.21939070          6.00756555          0.00004078          0.00045641
    45   L1s      -9550.92804785          0.15641677          3.09530389          0.00007032          0.00073616
    46   L1s      -9550.93300031          0.18316916          4.11426585          0.00009166          0.00093007
    47   L1s      -9550.93586401          0.23502660          6.57387528          0.00005449          0.00057425
    48   L1s      -9550.94114053          0.17791316          3.07816752          0.00010204          0.00109801
    49   L1s      -9550.94368941          0.21081988          5.44407190          0.00005066          0.00054160
    50   L1s      -9550.94719830          0.13880935          2.04865999          0.00007103          0.00070412
    51   L1s      -9550.95142066          0.16856033          3.22770977          0.00008897          0.00084143
    52   L1s      -9550.95335678          0.19718391          3.98646394          0.00004184          0.00038536
    53   L1s      -9550.95765685          0.16626818          3.80746708          0.00009462          0.00086369
    54   L1s      -9550.96088105          0.20473362          5.36355402          0.00007267          0.00065817
    55   L1s      -9550.96346352          0.14807483          2.58991078          0.00005909          0.00051941
    56   L1s      -9550.96741759          0.16839053          2.93763979          0.00009307          0.00078599
    57   L1s      -9550.96909860          0.18016198          4.47427011          0.00004038          0.00033139
    58   L1s      -9550.97347656          0.14532671          2.30549479          0.00010700          0.00089493
    59   L0s      -9550.97797716          0.22712786          6.76418702          0.00010700          0.00090013
    60   L1s      -9550.98120898          0.18339066          4.00136926          0.00008021          0.00066965
    61   L1s      -9550.98564258          0.20546315          5.46084672          0.00012103          0.00096226
    62   L1s      -9550.98798879          0.18439907          3.84605381          0.00006471          0.00055296
    63   L1s      -9550.99286434          0.16526415          2.91971053          0.00013621          0.00122830
    64   L1s      -9550.99715329          0.22902226          7.18995480          0.00012177          0.00110452
    65   L1s      -9550.99991381          0.16331877          2.50009461          0.00007897          0.00078342
    66   L1s      -9551.00396427          0.24395452          6.93971131          0.00011767          0.00106562
    67   L0s      -9551.00775735          0.22384357          4.22204245          0.00011767          0.00118080
    68   L1s      -9551.01460517          0.19166024          2.85707737          0.00021590          0.00223768
    69   L1s      -9551.02027116          0.27512768          8.97539969          0.00016710          0.00171710
    70   L1s      -9551.02433244          0.18416254          2.22941432          0.00012034          0.00129931
    71   L1s      -9551.02898051          0.25990725          7.17750795          0.00013934          0.00137630
    72   L0s      -9551.03320699          0.23727966          4.50004102          0.00013934          0.00147752
    73   L1s      -9551.04129606          0.21264766          3.32092019          0.00027231          0.00278032
    74   L1s      -9551.04722888          0.26036563          7.39557442          0.00018113          0.00186959
    75   L1s      -9551.05186412          0.22584182          4.77125632          0.00014232          0.00142391
    76   L1s      -9551.05951686          0.23397584          4.70262833          0.00023678          0.00223541
    77   L1s      -9551.06328254          0.26902965          5.65086127          0.00011718          0.00120354
    78   L1s      -9551.07174411          0.23224961          3.14163987          0.00026463          0.00261075
    79   L1s      -9551.07895156          0.31688920          7.78969050          0.00022736          0.00235577
    80   L0s      -9551.08610338          0.24533080          3.97035844          0.00022736          0.00228510
    81   L1s      -9551.09564401          0.24403733          4.14770068          0.00030645          0.00311505
    82   L1s      -9551.10254433          0.31639432          9.75792680          0.00022147          0.00230202
    83   L1s      -9551.10866908          0.21784545          2.61384186          0.00019730          0.00193654
    84   L0s      -9551.11454072          0.31249027          9.58436967          0.00019730          0.00207157
    85   L0s      -9551.12043713          0.22536319          3.01440560          0.00019730          0.00194177
    86   L1s      -9551.12890525          0.22891935          3.35605227          0.00027064          0.00272869
    87   L1s      -9551.13624628          0.33761063         10.92533560          0.00023361          0.00233188
    88   L0s      -9551.14394724          0.22351739          2.72515854          0.00023361          0.00224880
    89   L0s      -9551.15211166          0.35335658         10.61272216          0.00023361          0.00240381
    90   L0s      -9551.15946604          0.31377232          5.85397488          0.00023361          0.00228304
    91   L1s      -9551.17137281          0.23303604          2.36341459          0.00038731          0.00390024
    92   L0s      -9551.18430095          0.33141585          6.12705101          0.00038731          0.00394408
    93   L1s      -9551.19264176          0.37303047          7.28562605          0.00024212          0.00247890
    94   L1s      -9551.20655378          0.27489137          4.30446762          0.00038396          0.00393530
    95   L1s      -9551.21875319          0.37305370          8.39023563          0.00034034          0.00347947
    96   L1s      -9551.22632768          0.33392388          4.64301330          0.00021141          0.00215139
    97   L1s      -9551.24794096          0.34331933          5.01852082          0.00060608          0.00613292
    98   L0s      -9551.27017864          0.44813340         12.26136074          0.00060608          0.00632612
    99   L1s      -9551.28292519          0.37859596          7.79495686          0.00035301          0.00366986
   100   L1s      -9551.30212838          0.33416668          4.42963670          0.00055552          0.00590114
   101   L1s      -9551.32685764          0.40227193          7.77058681          0.00071796          0.00780022
   102   L1s      -9551.34013859          0.52188634         11.99651017          0.00038615          0.00409572
   103   L1s      -9551.36943111          0.43527945          6.76489704          0.00085656          0.00938979
   104   L1s      -9551.39253968          0.62493805         16.96110336          0.00067064          0.00711829
   105   L1s      -9551.42340995          0.51162841          8.99443223          0.00090389          0.00981638
   106   L1s      -9551.48332798          0.65610744         11.63327572          0.00174549          0.01885376
   107   L1s      -9551.58445210          1.00418620         23.30859703          0.00301067          0.03303219
   108   L1s      -9551.64800938          0.91145607         12.72661553          0.00169066          0.01838209
   109   L1s      -9551.77981503          0.81042208          9.73364667          0.00302648          0.03359783
   110   L1s      -9551.87268547          0.99905898         22.06776350          0.00163351          0.01751693
   111   L1s      -9551.92624181          0.78036540         12.00114423          0.00089384          0.00987657
   112   L1s      -9552.01977963          0.70825023          9.43534262          0.00166386          0.01791828
   113   L1s      -9552.06880043          0.91218975         20.84800016          0.00086542          0.00953152
   114   L1s      -9552.12834322          0.63346447          9.44755380          0.00101479          0.01164187
   115   L0s      -9552.18442773          0.86999253         20.50448806          0.00101479          0.01188084
   116   L1s      -9552.22142435          0.67703906         10.72232404          0.00061772          0.00747410
   117   L1s      -9552.29417033          0.59910895          7.85489548          0.00100064          0.01245107
   118   L1s      -9552.34357951          0.91109800         21.64627322          0.00066125          0.00830696
   119   L0s      -9552.39306394          0.59930669          7.26162659          0.00066125          0.00843200
   120   L1s      -9552.46259663          0.63443347          8.29321689          0.00092772          0.01200042
   121   L1s      -9552.50368961          0.86929388         18.29987468          0.00055721          0.00724398
   122   L1s      -9552.55635339          0.53426809          6.12045610          0.00071463          0.00929432
   123   L0s      -9552.61222672          0.57550395         11.44689971          0.00071463          0.00904573
   124   L1s      -9552.63477362          0.61817011         16.28072145          0.00028949          0.00358695
   125   L1s      -9552.69328678          0.53715574          8.78921054          0.00079836          0.00996089
   126   L1s      -9552.72177353          0.75042916         20.74674090          0.00038584          0.00484903
   127   L1s      -9552.77307238          0.50428329          6.29902234          0.00069784          0.00883385
   128   L0s      -9552.82230486          0.67142293         14.79353637          0.00069784          0.00867473
   129   L1s      -9552.84171381          0.49644528          6.61883881          0.00026961          0.00321311
   130   L1s      -9552.89178201          0.51096875          8.47745454          0.00064158          0.00777501
   131   L1s      -9552.92658678          0.69338340         19.83692987          0.00045206          0.00547655
   132   L1s      -9552.95607122          0.54971452         10.28666197          0.00038297          0.00453936
   133   L1s      -9553.00810254          0.61297685         15.72746844          0.00067904          0.00774363
   134   L1s      -9553.02881537          0.54795456         12.71932206          0.00027000          0.00296182
   135   L1s      -9553.07495085          0.47594260          4.83149313          0.00060502          0.00676329
   136   L0s      -9553.12184959          0.75961663         16.48589048          0.00060502          0.00658363
   137   L1s      -9553.15004389          0.49357746          7.61067875          0.00036986          0.00360601
   138   L1s      -9553.20838984          0.54085716          9.15874215          0.00081047          0.00768842
   139   L1s      -9553.23636562          0.71944167         17.87136296          0.00039367          0.00372334
   140   L1s      -9553.27807358          0.51764488          6.99102109          0.00058918          0.00559746
   141   L0s      -9553.32297347          0.64360012         17.80005785          0.00058918          0.00539902
   142   L1s      -9553.35228263          0.58573691         13.56527612          0.00039786          0.00343521
   143   L1s      -9553.39668709          0.52114661          6.62273840          0.00067480          0.00590105
   144   L1s      -9553.42568996          0.72470809         17.20410976          0.00044337          0.00393085
   145   L1s      -9553.46596930          0.50652709          5.95008931          0.00061848          0.00564313
   146   L1s      -9553.51219201          0.67380116         16.18565219          0.00071457          0.00661633
   147   L1s      -9553.53858800          0.55437883         11.22844683          0.00041013          0.00387276
   148   L1s      -9553.58342842          0.61802830          9.42533046          0.00070051          0.00669847
   149   L1s      -9553.61560294          0.70866182         16.99746312          0.00050582          0.00487438
   150   L1s      -9553.65707291          0.51579286          7.36417004          0.00065332          0.00636118
   151   L1s      -9553.70386603          0.67895136         16.12439549          0.00074151          0.00724211
   152   L1s      -9553.73081264          0.59199379         10.33206676          0.00042726          0.00418086
   153   L1s      -9553.78507140          0.61968967         11.98059627          0.00086331          0.00843044
   154   L1s      -9553.81232073          0.65450127         16.03715295          0.00043399          0.00422513
   155   L1s      -9553.86150186          0.55794407          8.13793675          0.00078584          0.00760736
   156   L1s      -9553.90329150          0.70182967         16.60720225          0.00066973          0.00646556
   157   L1s      -9553.93350688          0.61267673          8.36204463          0.00048598          0.00468245
   158   L1s      -9553.99197944          0.62831452         13.42652114          0.00094433          0.00912339
   159   L1s      -9554.02236409          0.69763684         18.95791424          0.00049329          0.00478473
   160   L1s      -9554.07388395          0.53580884          6.23065201          0.00083772          0.00821539
   161   L1s      -9554.10947633          0.74521875         15.07870089          0.00058278          0.00575135
   162   L0s      -9554.14738872          0.57967473          7.88394977          0.00058278          0.00581313
   163   L1s      -9554.21349193          0.63876066         13.43044075          0.00097661          0.00982999
   164   L1s      -9554.24535546          0.71863654         16.20638534          0.00049541          0.00502104
   165   L1s      -9554.29831990          0.59866552          7.09178859          0.00082571          0.00844703
   166   L1s      -9554.34581770          0.84440822         22.87920716          0.00074243          0.00762678
   167   L1s      -9554.38752528          0.57687303          7.53537602          0.00065343          0.00676340
   168   L1s      -9554.46835867          0.67343051         13.17085453          0.00127049          0.01318900
   169   L1s      -9554.50805884          0.84281342         20.94787679          0.00062648          0.00651190
   170   L1s      -9554.56849752          0.61809801          7.87530076          0.00095501          0.00994193
   171   L1s      -9554.61915979          0.82001270         20.42408499          0.00080409          0.00838083
   172   L1s      -9554.66202009          0.64109164         11.08540804          0.00068067          0.00711409
   173   L1s      -9554.72605501          0.59491064          8.78458706          0.00102094          0.01072238
   174   L1s      -9554.76767172          0.90218803         18.50856941          0.00066444          0.00699357
   175   L1s      -9554.82752310          0.57563512          6.86568262          0.00095848          0.01013797
   176   L1s      -9554.89460894          0.80530883         23.86800434          0.00108046          0.01143936
   177   L1s      -9554.93002528          0.62358278         12.74049219          0.00057235          0.00605869
   178   L1s      -9555.00040275          0.68535426         10.16762498          0.00114079          0.01202954
   179   L1s      -9555.03660736          0.80174183         20.71610917          0.00058853          0.00617931
   180   L1s      -9555.09895974          0.65536496         13.37349193          0.00101417          0.01053866
   181   L1s      -9555.17024824          0.67983996         13.01191913          0.00116482          0.01194433
   182   L1s      -9555.20307337          0.74431154         18.58730899          0.00053574          0.00542725
   183   L1s      -9555.26627533          0.58143922          7.59042191          0.00103361          0.01024324
   184   L1s      -9555.30393772          0.86975353         27.04260709          0.00061468          0.00603315
   185   L1s      -9555.37188871          0.56776493          5.62389287          0.00111164          0.01068887
   186   L0s      -9555.44308408          0.75009221         16.60139252          0.00111164          0.01058442
   187   L1s      -9555.48005916          0.72663475         13.56218708          0.00059177          0.00558245
   188   L1s      -9555.54154845          0.64570834         10.97978717          0.00104125          0.00972347
   189   L1s      -9555.59154599          0.83653441         22.37359360          0.00084763          0.00787052
   190   L0s      -9555.63684754          0.65170735         12.42838785          0.00084763          0.00786899
   191   L1s      -9555.69212551          0.64813403         13.04128116          0.00110249          0.01050912
   192   L1s      -9555.72082640          0.67787580         12.55117892          0.00051358          0.00501421
   193   L1s      -9555.77484328          0.62764750         10.94389441          0.00096712          0.00969358
   194   L1s      -9555.81469962          0.73536720         21.05898858          0.00071038          0.00724121
   195   L0s      -9555.85799376          0.56377931          9.01012124          0.00071038          0.00742320
   196   L1s      -9555.91304387          0.68998063         13.47010903          0.00084986          0.00900273
   197   L1s      -9555.94707042          0.74594602         13.18287815          0.00055437          0.00593374
   198   L1s      -9556.00969874          0.58731570         10.45057847          0.00102285          0.01111806
   199   L1s      -9556.05571306          0.84641179         20.34421374          0.00075141          0.00822646
   200   L0s      -9556.10274759          0.51150587          7.05900778          0.00075141          0.00839372
   201   L1s      -9556.16009105          0.76873255         15.49398634          0.00088919          0.01002889
   202   L1s      -9556.19096729          0.60942548          7.84298990          0.00048133          0.00551279
   203   L1s      -9556.25149458          0.59946696         10.66166161          0.00094684          0.01098697
   204   L1s      -9556.29568315          0.77960650         23.59434519          0.00068760          0.00802199
   205   L1s      -9556.33494964          0.57219649          8.77100965          0.00061024          0.00716207
   206   L1s      -9556.39394255          0.73474375         15.73635902          0.00092042          0.01081498
   207   L1s      -9556.42415650          0.63297282         13.82652808          0.00047354          0.00556426
   208   L1s      -9556.48060266          0.53281164          6.41716209          0.00089089          0.01042829
   209   L1s      -9556.52630364          0.78689390         19.89983821          0.00072623          0.00848859
   210   L1s      -9556.56265756          0.57526493          8.64026936          0.00057529          0.00671354
   211   L1s      -9556.61672450          0.68849932         18.07282890          0.00085977          0.01003783
   212   L1s      -9556.64508187          0.62114343         13.20996222          0.00045102          0.00526388
   213   L1s      -9556.70136675          0.58500324          8.26743197          0.00090031          0.01041448
   214   L0s      -9556.75670458          0.78784815         18.85426333          0.00090031          0.01030881
   215   L1s      -9556.78813719          0.58829031          8.31296853          0.00050710          0.00567395
   216   L1s      -9556.85467404          0.65363434         12.37027461          0.00104380          0.01145596
   217   L1s      -9556.88339870          0.69045780         18.25285729          0.00045472          0.00489876
   218   L1s      -9556.95788704          0.58955567          7.29073614          0.00118973          0.01289545
   219   L1s      -9557.00691587          0.92788501         19.97740506          0.00079441          0.00871076
   220   L1s      -9557.06377264          0.67383501         12.96896842          0.00091648          0.01023475
   221   L1s      -9557.12995082          0.65888405         13.47126663          0.00107417          0.01219087
   222   L1s      -9557.17563488          0.89775776         26.15225939          0.00073787          0.00847520
   223   L1s      -9557.24669182          0.64053089          7.55352215          0.00115001          0.01359992
   224   L0s      -9557.31375607          1.05610560         27.59919981          0.00115001          0.01367297
   225   L1s      -9557.36971256          0.68140409          7.79746460          0.00092438          0.01103009
   226   L1s      -9557.47474608          0.68812099          7.69520740          0.00148932          0.01822226
   227   L1s      -9557.56368242          1.12709989         30.43936928          0.00128444          0.01584136
   228   L1s      -9557.63452721          0.83198561         10.66944488          0.00101429          0.01265070
   229   L1s      -9557.76092695          0.98227598         23.39070739          0.00178650          0.02257281
   230   L1s      -9557.82634920          1.01744302         27.94728220          0.00090471          0.01161643
   231   L1s      -9557.97174410          0.83627962         16.98656982          0.00201173          0.02667051
   232   L1s      -9558.10508878          0.99992188         14.54241542          0.00180281          0.02428747
   233   L1s      -9558.17801991          1.17883831         23.00694561          0.00096480          0.01318695
   234   L1s      -9558.33469950          0.86296418          9.15627558          0.00208427          0.02945883
   235   L0s      -9558.48127796          1.24909686         32.42438474          0.00208427          0.02989333
   236   L1s      -9558.55202451          0.88546108         10.72725749          0.00093242          0.01352417
   237   L1s      -9558.70094224          1.04866321         21.58347043          0.00166626          0.02389505
   238   L1s      -9558.78670994          1.23083637         34.01695383          0.00093351          0.01326714
   239   L1s      -9558.95348762          1.01413215         22.45531202          0.00181541          0.02596623
   240   L1s      -9559.14496544          1.15082573         22.56564694          0.00202166          0.02875586
   241   L1s      -9559.23369225          1.22849465         25.87490598          0.00091759          0.01306278
   242   L1s      -9559.40136135          0.95831915         10.89081459          0.00173260          0.02428016
   243   L0s      -9559.56016335          1.50993529         46.87710787          0.00173260          0.02441840
   244   L1s      -9559.67102936          0.96411967         11.84059553          0.00114250          0.01639939
   245   L1s      -9559.88524133          1.22076911         24.44828395          0.00189293          0.02643450
   246   L1s      -9559.98716490          1.34018897         30.74904973          0.00089135          0.01195680
   247   L1s      -9560.22978777          1.03645456         13.24631735          0.00211287          0.02844013
   248   L1s      -9560.41381066          1.73296540         58.81780421          0.00150011          0.01992430
   249   L0s      -9560.59697127          1.13495444         11.86457728          0.00150011          0.01867862
   250   L1s      -9560.87109677          1.30821592         25.98152108          0.00223551          0.02652572
   251   L1s      -9560.98588144          1.39619121         30.91598642          0.00093142          0.01090708
   252   L1s      -9561.21492340          1.13438297         21.65479199          0.00186223          0.02088300
   253   L1s      -9561.41927092          1.57060939         45.64647013          0.00168715          0.01836200
   254   L1s      -9561.56383100          1.26966455         24.33843519          0.00117485          0.01207946
   255   L1s      -9561.83935785          1.21294410         16.10638652          0.00223680          0.02259676
   256   L1s      -9562.00050968          1.71914666         45.04826190          0.00129212          0.01261647
   257   L1s      -9562.23435231          1.09576329         12.73929238          0.00188720          0.01739214
   258   L1s      -9562.49644575          1.54080545         44.09834937          0.00210481          0.01914985
   259   L1s      -9562.62844862          1.30830532         26.13614474          0.00106628          0.00999437
   260   L1s      -9562.88191760          1.10429210         13.47644438          0.00205807          0.02004160
   261   L1s      -9563.04958722          1.71510946         45.70588096          0.00137239          0.01356342
   262   L1s      -9563.25021729          1.11078977         18.11891006          0.00163834          0.01671747
   263   L0s      -9563.45503386          1.22666115         26.54130145          0.00163834          0.01696593
   264   L1s      -9563.57044267          1.37967873         38.53499913          0.00092039          0.00959474
   265   L1s      -9563.76673786          1.02801441         11.11086527          0.00158843          0.01656081
   266   L0s      -9563.97052751          1.41531466         33.41760074          0.00158843          0.01652679
   267   L1s      -9564.08044409          1.03663829         18.34026434          0.00087369          0.00903983
   268   L1s      -9564.28846684          1.03316261         19.65038799          0.00177909          0.01816794
   269   L1s      -9564.37274921          1.27821035         34.80015596          0.00072646          0.00734710
   270   L1s      -9564.56999738          0.89971555         11.30098885          0.00170836          0.01688107
   271   L1s      -9564.72389359          1.26313023         25.47513495          0.00134241          0.01306085
   272   L1s      -9564.80553616          0.94903424         12.46516143          0.00071103          0.00668962
   273   L1s      -9564.97751289          0.93472069         12.39875139          0.00150375          0.01367246
   274   L1s      -9565.10411696          1.37493954         28.77249619          0.00111512          0.01015854
   275   L1s      -9565.21637264          0.95749543         15.06291166          0.00099231          0.00905164
   276   L1s      -9565.36975406          0.93724514         13.11359752          0.00135883          0.01234616
   277   L1s      -9565.49197088          1.39035202         35.71174310          0.00108494          0.00981794
   278   L0s      -9565.60429339          0.92158466         10.20090109          0.00108494          0.00970142
   279   L1s      -9565.75166768          0.99276111         18.04619790          0.00158779          0.01398095
   280   L1s      -9565.80910459          0.91718833         14.54647253          0.00057631          0.00497645
   281   L1s      -9565.95242367          0.95897335         13.21993548          0.00144334          0.01222918
   282   L1s      -9566.04163440          1.13687743         24.11450691          0.00090081          0.00752937
   283   L1s      -9566.14083861          0.92638813         13.74820981          0.00100488          0.00822956
   284   L1s      -9566.27965192          1.03700951         21.51154556          0.00141565          0.01140113
   285   L1s      -9566.35115528          1.02944036         19.59264330          0.00073360          0.00580397
   286   L1s      -9566.49381234          0.87228255         10.92451867          0.00146885          0.01129746
   287   L1s      -9566.57873246          1.23739238         25.56276626          0.00087747          0.00664775
   288   L1s      -9566.71657523          0.95685330         11.68235161          0.00142684          0.01058045
   289   L0s      -9566.84473219          1.17972850         22.84802075          0.00142684          0.01070720
   290   L1s      -9566.92065681          0.96932394         12.98198677          0.00082876          0.00634041
   291   L1s      -9567.06276857          0.93257921         13.83332008          0.00141558          0.01102802
   292   L1s      -9567.16743673          1.32706489         35.46097732          0.00104760          0.00822254
   293   L1s      -9567.29829523          0.94298603         10.65999057          0.00131421          0.01045015
   294   L1s      -9567.46181624          1.16798660         24.94262654          0.00165262          0.01329606
   295   L1s      -9567.54091823          1.02747579         16.32412303          0.00080306          0.00655766
   296   L1s      -9567.70767748          0.92023117         10.13094383          0.00169776          0.01399566
   297   L1s      -9567.81173529          1.33487450         29.71261781          0.00106362          0.00880456
   298   L1s      -9567.93938329          0.90666732         11.29165175          0.00130509          0.01090705
   299   L1s      -9568.08041599          1.06351357         23.71473065          0.00145101          0.01217315
   300   L1s      -9568.16199281          1.10446814         24.22948269          0.00083978          0.00705200
   301   L1s      -9568.28985807          0.85978133          8.65498657          0.00131896          0.01102463
   302   L0s      -9568.41458205          1.33969005         29.36157863          0.00131896          0.01100621
   303   L1s      -9568.50999251          0.81528859         10.29591028          0.00099763          0.00827694
   304   L1s      -9568.65399640          0.94985520         12.78041287          0.00142898          0.01169738
   305   L1s      -9568.72363015          1.13456184         24.69267215          0.00069419          0.00562749
   306   L1s      -9568.87574622          0.83655988          9.46532903          0.00151872          0.01216017
   307   L1s      -9568.99048958          1.11231091         28.98944119          0.00115090          0.00911239
   308   L1s      -9569.06212673          0.90448035         14.66302949          0.00071894          0.00556822
   309   L1s      -9569.18803208          0.86904476         14.28551179          0.00127183          0.00955611
   310   L1s      -9569.28035759          1.17603718         27.78107012          0.00093571          0.00690974
   311   L0s      -9569.37091431          0.83484410          9.28371588          0.00093571          0.00669043
   312   L1s      -9569.50846896          0.95957492         20.03890167          0.00144940          0.01047869
   313   L1s      -9569.56515017          0.93697419         19.40304115          0.00059296          0.00433819
   314   L1s      -9569.69030015          0.77555664          9.18940501          0.00131542          0.00979905
   315   L1s      -9569.78742182          1.23973102         33.52541267          0.00102783          0.00771145
   316   L0s      -9569.88350063          0.82660181          9.40069661          0.00102783          0.00783578
   317   L1s      -9569.99951606          0.95868932         18.21424161          0.00126056          0.00971741
   318   L1s      -9570.06745066          0.99871707         19.41813229          0.00073425          0.00571485
   319   L1s      -9570.16881061          0.79458550         11.18131837          0.00110157          0.00868916
   320   L0s      -9570.27623948          1.04167299         22.89068528          0.00110157          0.00874289
   321   L1s      -9570.34673436          0.86043103         15.95174613          0.00074539          0.00596484
   322   L1s      -9570.47519675          0.88036302         17.96670641          0.00149423          0.01202974
   323   L1s      -9570.53182410          0.91629243         20.38004744          0.00066071          0.00534611
   324   L1s      -9570.62231042          0.78981549         11.50157874          0.00105762          0.00860954
   325   L1s      -9570.69920569          0.99579889         16.96649926          0.00090159          0.00736334
   326   L0s      -9570.77064945          0.92402826         14.87475041          0.00090159          0.00738772
   327   L1s      -9570.86185653          0.76324645         11.37266958          0.00116716          0.00958405
   328   L1s      -9570.91312923          0.89715361         15.64258038          0.00058953          0.00484490
   329   L1s      -9570.99487679          0.79495319         10.70338679          0.00094385          0.00775600
   330   L1s      -9571.06882584          0.91609012         20.62058655          0.00085773          0.00704345
   331   L1s      -9571.13249851          0.85024166         15.78589291          0.00074158          0.00608023
   332   L1s      -9571.21917172          0.77726074         14.67525652          0.00101309          0.00827695
   333   L1s      -9571.27321633          0.89883594         18.47845805          0.00063408          0.00516198
   334   L1s      -9571.34986924          0.74827277         10.22107005          0.00090106          0.00728509
   335   L0s      -9571.41996772          1.02504617         19.69340626          0.00090106          0.00725469
   336   L1s      -9571.48251878          0.76470244          9.18248389          0.00077326          0.00616142
   337   L1s      -9571.56794484          0.78394842         10.67051748          0.00091163          0.00717283
   338   L1s      -9571.62750592          1.00947985         19.27603871          0.00063761          0.00506241
   339   L1s      -9571.71888856          0.75654827          7.64555409          0.00098150          0.00792923
   340   L0s      -9571.81683528          0.90361918         22.91405349          0.00098150          0.00802276
   341   L1s      -9571.87526287          0.85721494         18.33219719          0.00060205          0.00498871
   342   L1s      -9571.97353328          0.77363341         10.28392054          0.00110511          0.00931489
   343   L1s      -9572.03783356          0.98926063         17.49348431          0.00072619          0.00618458
   344   L1s      -9572.11591338          0.80954460         13.62001217          0.00088328          0.00763748
   345   L1s      -9572.20495471          0.81221125         14.40382330          0.00101149          0.00887323
   346   L1s      -9572.25459344          0.87932312         13.75246148          0.00056446          0.00506200
   347   L1s      -9572.35028976          0.77098634         10.69309357          0.00109192          0.01013761
   348   L1s      -9572.42241320          1.04578615         25.84582317          0.00082544          0.00780748
   349   L1s      -9572.50309011          0.77883518         13.24001482          0.00092597          0.00905026
   350   L0s      -9572.58544137          0.81216976         14.88870064          0.00092597          0.00930606
   351   L1s      -9572.64416370          0.95875532         21.16391454          0.00066486          0.00680945
   352   L1s      -9572.73800119          0.75833756          8.01383155          0.00108457          0.01140887
   353   L1s      -9572.81712281          1.04529338         21.26170088          0.00091973          0.00979566
   354   L0s      -9572.89065851          0.85261992         13.86979816          0.00091973          0.00995705
   355   L1s      -9572.97507223          0.83922768         11.56106096          0.00109268          0.01200207
   356   L1s      -9573.03573184          0.90478082         18.04087731          0.00072738          0.00808292
   357   L1s      -9573.10791311          0.77723816         11.31942552          0.00086820          0.00979250
   358   L1s      -9573.19056652          0.96058197         24.33564926          0.00099815          0.01136174
   359   L1s      -9573.25462227          0.82581870         14.70945291          0.00077561          0.00893427
   360   L1s      -9573.35073886          0.88783755         16.45054981          0.00116604          0.01356538
   361   L1s      -9573.41265846          0.89784532         15.94514726          0.00075267          0.00884036
   362   L1s      -9573.48963154          0.78446420         11.22607844          0.00093709          0.01114140
   363   L0s      -9573.56343904          0.95443091         18.46438922          0.00093709          0.01123438
   364   L1s      -9573.62283038          0.78040097          9.92536685          0.00074567          0.00904666
   365   L1s      -9573.71799055          0.85205739         13.36313440          0.00113138          0.01386214
   366   L1s      -9573.77192174          0.89749320         18.30514706          0.00064212          0.00793367
   367   L1s      -9573.86320538          0.75440337         11.09778579          0.00108895          0.01358885
   368   L1s      -9573.93137900          0.95233180         24.49618062          0.00081610          0.01023174
   369   L0s      -9573.99621102          0.80695461         14.37639759          0.00081610          0.01027849
   370   L1s      -9574.07172553          0.78083541         11.34836267          0.00096878          0.01222692
   371   L1s      -9574.12642451          0.91627999         16.03979885          0.00066628          0.00841615
   372   L1s      -9574.21026674          0.75545821         10.99055304          0.00102243          0.01291652
   373   L1s      -9574.27850424          0.91437521         16.72243127          0.00083397          0.01053621
   374   L1s      -9574.33911670          0.76710440         10.15596169          0.00074246          0.00938276
   375   L1s      -9574.41726180          0.85271667         15.58215021          0.00096228          0.01217504
   376   L1s      -9574.48130228          0.92948689         19.69935265          0.00079121          0.01002484
   377   L1s      -9574.56008738          0.75492713         12.71895559          0.00097586          0.01239199
   378   L0s      -9574.63719556          0.99433954         24.88332800          0.00097586          0.01239792
   379   L1s      -9574.69887258          0.70950358         10.61698699          0.00077528          0.00983823
   380   L1s      -9574.77692824          0.90170735         14.25729182          0.00094698          0.01199118
   381   L1s      -9574.84268005          0.92435369         16.17942009          0.00079851          0.01008038
   382   L1s      -9574.92687261          0.78791884          9.64197886          0.00102186          0.01282497
   383   L0s      -9575.01077699          1.00274114         19.14524501          0.00102186          0.01277632
   384   L1s      -9575.07324199          0.74365440         10.89655496          0.00076011          0.00943938
   385   L1s      -9575.16925961          0.93336433         19.80907224          0.00116496          0.01442987
   386   L1s      -9575.23067478          0.88554962         18.63765180          0.00074712          0.00923915
   387   L1s      -9575.31935049          0.82609454         13.04700977          0.00108264          0.01338654
   388   L0s      -9575.40507072          1.03871847         25.31416656          0.00108264          0.01338950
   389   L1s      -9575.47226403          0.80219571         11.18779950          0.00084161          0.01040114
   390   L1s      -9575.57468388          0.85331661         13.88147410          0.00122466          0.01507001
   391   L1s      -9575.63068842          0.94547170         17.69858568          0.00067019          0.00819882
   392   L1s      -9575.73664925          0.79789711          9.60867720          0.00126853          0.01527036
   393   L1s      -9575.82150205          1.02779006         19.97288521          0.00101482          0.01206038
   394   L1s      -9575.89025812          0.81767239         12.57633127          0.00082222          0.00983082
   395   L1s      -9575.98705904          0.82665166         14.72407266          0.00116054          0.01403427
   396   L1s      -9576.05125396          0.99521733         26.12618726          0.00077258          0.00941319
   397   L1s      -9576.13613551          0.72417304          9.66334137          0.00102534          0.01265251
   398   L0s      -9576.22640568          0.96411007         18.29980143          0.00102534          0.01271851
   399   L1s      -9576.29713269          0.88236306         14.44097842          0.00083193          0.01037074
   400   L1s      -9576.39332948          0.80064960         12.30351242          0.00123601          0.01546558
   401   L1s      -9576.45313678          0.87109385         16.22185710          0.00076929          0.00965156
   402   L0s      -9576.51315591          0.73633555          9.62558023          0.00076929          0.00968924
   403   L1s      -9576.60444461          0.95654578         19.90667506          0.00117213          0.01480394
   404   L1s      -9576.66298648          0.78496488         14.85961008          0.00075546          0.00958049
   405   L1s      -9576.73739498          0.75320307         13.51995556          0.00096517          0.01228107
   406   L1s      -9576.79875149          0.94181091         23.31054041          0.00079986          0.01019144
   407   L1s      -9576.87169726          0.74136111         11.07497069          0.00095377          0.01216028
   408   L0s      -9576.94253255          0.84690937         15.49768930          0.00095377          0.01216524
   409   L1s      -9576.99036994          0.78458832         12.02982106          0.00064198          0.00819452
   410   L1s      -9577.08709558          0.79938947         12.45883307          0.00126539          0.01619494
   411   L1s      -9577.14167296          0.88336198         15.47563588          0.00071564          0.00918201
   412   L1s      -9577.21305692          0.75109114          8.80131732          0.00093781          0.01206727
   413   L0s      -9577.29041826          0.81061584         17.34038445          0.00093781          0.01206887
   414   L1s      -9577.34778237          0.86983824         19.44643493          0.00070695          0.00909233
   415   L1s      -9577.43836693          0.80377557         13.68701639          0.00120606          0.01548015
   416   L1s      -9577.50860208          0.96615706         22.37526439          0.00093942          0.01204677
   417   L0s      -9577.58308899          0.74849303         11.20167939          0.00093942          0.01203835
   418   L0s      -9577.65810572          0.85322615         13.37029610          0.00093942          0.01204915
   419   L1s      -9577.71610870          0.94202735         15.94866590          0.00075758          0.00972259
   420   L1s      -9577.82000936          0.73738112          8.07185978          0.00132344          0.01696873
   421   L1s      -9577.89517517          1.08888003         22.18405827          0.00096105          0.01229968
   422   L0s      -9577.97572750          0.68503434          7.14073762          0.00096105          0.01216442
   423   L1s      -9578.08166411          0.90343659         19.53444436          0.00113164          0.01421643
   424   L1s      -9578.14280334          0.99564719         24.49805933          0.00067834          0.00847325
   425   L1s      -9578.25377045          0.81285283         16.23284106          0.00123571          0.01534774
   426   L0s      -9578.35889473          1.03453813         22.27177196          0.00123571          0.01529886
   427   L1s      -9578.41956213          0.90516399         14.92894340          0.00070308          0.00865267
   428   L1s      -9578.53532297          0.71201053          7.43336492          0.00126395          0.01527235
   429   L1s      -9578.61761757          1.07367142         32.51811292          0.00090488          0.01082264
   430   L1s      -9578.68386630          0.76148234         10.65656896          0.00072888          0.00851774
   431   L1s      -9578.83394745          0.84745275         14.91708585          0.00166083          0.01900514
   432   L1s      -9578.88920513          0.99736282         23.55587965          0.00061100          0.00688885
   433   L1s      -9578.99622808          0.73166388         10.31806263          0.00118521          0.01304252
   434   L1s      -9579.08761427          0.94759974         25.18313769          0.00101491          0.01101517
   435   L1s      -9579.14270971          0.85416335         19.05728123          0.00061441          0.00655618
   436   L1s      -9579.24923284          0.77578706         11.21893905          0.00119158          0.01256610
   437   L0s      -9579.34976750          1.14612520         26.60972888          0.00119158          0.01257209
   438   L1s      -9579.41105868          0.73402319          7.86271715          0.00070505          0.00742253
   439   L1s      -9579.52844823          0.72103937         10.67492575          0.00118985          0.01242278
   440   L1s      -9579.60311426          1.05919898         33.06344750          0.00075943          0.00788551
   441   L0s      -9579.67799688          0.80199129         13.07302418          0.00075943          0.00778834
   442   L1s      -9579.79752062          0.90749153         17.17643184          0.00121306          0.01228286
   443   L1s      -9579.85549919          0.96865051         21.25049088          0.00059274          0.00593125
   444   L1s      -9579.95171422          0.71932118          9.70661079          0.00098652          0.00967197
   445   L1s      -9580.06965357          0.73993188         15.72189588          0.00122232          0.01183513
   446   L1s      -9580.11656203          0.99286606         28.69158705          0.00048604          0.00467714
   447   L1s      -9580.24051054          0.73066469          9.72557977          0.00128827          0.01226667
   448   L1s      -9580.32464146          1.09020090         27.15376742          0.00087374          0.00826668
   449   L1s      -9580.39440735          0.71838497         10.57111045          0.00072714          0.00674729
   450   L1s      -9580.50379030          0.70951480          8.72357029          0.00115290          0.01034570
   451   L1s      -9580.56788021          1.12015089         33.93210201          0.00068326          0.00607527
   452   L1s      -9580.65956993          0.69090921          7.93529960          0.00097856          0.00860693
   453   L0s      -9580.75732941          0.71153097         11.76096157          0.00097856          0.00844009
   454   L1s      -9580.80851603          0.93593745         22.33618959          0.00051622          0.00438730
   455   L1s      -9580.89457864          0.73436260         13.17162955          0.00090905          0.00747463
   456   L1s      -9580.99051145          0.95309651         26.69009499          0.00101527          0.00827636
   457   L1s      -9581.03832056          0.76024642         16.10713754          0.00050784          0.00417668
   458   L1s      -9581.14207035          0.60970533          6.87303897          0.00110725          0.00913397
   459   L1s      -9581.22071331          0.88935621         22.23410733          0.00084757          0.00700776
   460   L1s      -9581.26411458          0.73296220         11.32288038          0.00046852          0.00389148
   461   L1s      -9581.35373161          0.72031577         12.59053121          0.00097089          0.00811554
   462   L1s      -9581.41054422          0.96835248         30.03208771          0.00061739          0.00517110
   463   L1s      -9581.47947215          0.62755314         11.45086786          0.00075143          0.00629688
   464   L1s      -9581.56769918          0.68977014         11.43104203          0.00096811          0.00816892
   465   L1s      -9581.61296048          0.87842275         19.84662295          0.00049946          0.00423453
   466   L1s      -9581.67062744          0.65148053         12.92584359          0.00063856          0.00546717
   467   L1s      -9581.76273493          0.66670768         15.05637891          0.00102763          0.00889447
   468   L1s      -9581.79795418          0.80686375         22.93359391          0.00039436          0.00343854
   469   L1s      -9581.87895973          0.58155137          6.61501319          0.00091039          0.00804053
   470   L1s      -9581.93450183          0.84140930         19.47544718          0.00062745          0.00557157
   471   L1s      -9581.97418273          0.64356903         10.41123431          0.00045000          0.00402935
   472   L1s      -9582.04644253          0.59835125         10.24599002          0.00082502          0.00745185
   473   L0s      -9582.11833220          0.79637914         24.59498033          0.00082502          0.00748394
   474   L1s      -9582.15201249          0.63857761         12.41749168          0.00038826          0.00354357
   475   L1s      -9582.22032136          0.58096015          8.84144360          0.00079490          0.00729137
   476   L1s      -9582.25083743          0.75731769         19.29288241          0.00035726          0.00328392
   477   L1s      -9582.30739605          0.54058781          7.93432511          0.00066467          0.00611491
   478   L1s      -9582.38109835          0.60361007         11.65957975          0.00087280          0.00801720
   479   L1s      -9582.40887322          0.73047972         19.86666267          0.00033079          0.00303387
   480   L1s      -9582.46621445          0.50607691          9.02979892          0.00068562          0.00625563
   481   L1s      -9582.51406613          0.67412985         14.82242334          0.00057637          0.00523437
   482   L1s      -9582.54372623          0.63803426         11.72680350          0.00035877          0.00323657
   483   L1s      -9582.60212801          0.53174757          8.37010828          0.00071029          0.00631703
   484   L1s      -9582.64563162          0.76243828         22.61792047          0.00053340          0.00470460
   485   L1s      -9582.67604150          0.49845363          7.19513365          0.00037426          0.00323003
   486   L1s      -9582.73613519          0.48319068          4.89902920          0.00074568          0.00625892
   487   L1s      -9582.77360319          0.74233723         19.93006071          0.00046903          0.00388360
   488   L1s      -9582.80643881          0.52144965          7.13577371          0.00041250          0.00330986
   489   L1s      -9582.85680909          0.58448809         13.92513301          0.00063733          0.00496384
   490   L1s      -9582.87951688          0.59817608         16.49484100          0.00028895          0.00218395
   491   L1s      -9582.92312744          0.48623341          9.35516912          0.00055806          0.00402181
   492   L0s      -9582.96823229          0.48168772          8.06130959          0.00055806          0.00382132
   493   L1s      -9582.99004477          0.66351667         15.08171186          0.00027231          0.00188289
   494   L1s      -9583.03759904          0.48804912          5.37656144          0.00060985          0.00430070
   495   L0s      -9583.08661065          0.61221903         17.39313611          0.00060985          0.00429342
   496   L1s      -9583.10987801          0.53908014         12.62065072          0.00029528          0.00210945
   497   L1s      -9583.15320206          0.47076245          6.73516729          0.00058217          0.00413829
   498   L1s      -9583.18858367          0.71467603         15.49975014          0.00047946          0.00326379
   499   L1s      -9583.21678938          0.48009375          6.44836852          0.00038363          0.00272216
   500   L1s      -9583.26923127          0.48314344          8.88295178          0.00071862          0.00500964
----------------------------------------------------------------------------------------------------------------

Too many iterations.

-------------------  Conjugate Gradient Minimizer Statistics -------------------
Iterations             =            500  Function Calls         =            935
--------------------------------------------------------------------------------
