
#-----------------------------------------------------------------------------#
#                                                                             #
#                                EasyHybrid                                   #
#                   - A pDynamo graphical user interface -                    #
#                                                                             #
#-----------------------------------------------------------------------------#
#                                                                             #
#     Developed by Jose Fernando R Bachega and Luis Fernando S M Timmers      #
#                            <ferbachega@gmail.com>                           #
#                                                                             #
#             visit: https://sites.google.com/site/EasyHybrid/                #
#                   Univesity of Sao Paulo - SP, Brazil                       #
#      Pontifical Catholic University of Rio Grande do Sul - RS, Brazil       #
#                                                                             #
#                                                                             #
#   EasyHybrid team:                               Special thanks to:         #
#   - Jose Fernando R Bachega           |         - Fernando V Maluf          #
#   - Michele Silva                     |                                     #
#   - Luis Fernando S M Timmers         |                                     #
#   - Martin Field                      |         - Leonardo R Bachega        #
#   - Troy Wymore                       |         - Lucas Assirati            #
#   - Osmar Norberto de Souza           |         - Richard Garratt           #
#   - Walter R Paixao-Cortes            |                                     #
#                                                                             #
#   Cite this work as:                                                        #
#   J.F.R. Bachega, L.F.S.M. Timmers, L.Assirati, L.B. Bachega, M.J. Field,   #
#   T. Wymore. J. Comput. Chem. 2013, 34, 2190-2196. DOI: 10.1002/jcc.23346   #
#                                                                             #
#-----------------------------------------------------------------------------#

Generated on Wed Jun  5 17:58:51 2019


--------------------------------------------------------------------------------
                        Summary for System "12_ramon_new"
--------------------------------------------------------------------------------

---------------------------- Atom Container Summary ----------------------------
Number of Atoms        =           2173  Number of Heavy Atoms  =           1040
Number of Hydrogens    =           1133  Number of Unknowns     =              0
--------------------------------------------------------------------------------

----------------------------- Connectivity Summary -----------------------------
Atoms                  =           2173
--------------------------------------------------------------------------------

------------------------------- Electronic State -------------------------------
Charge                 =             -1  Multiplicity           =              1
--------------------------------------------------------------------------------

--------------------------------------------------------------------------------
                 Summary for Energy Model "AMBER/AM1DPHOT/ABFS"
--------------------------------------------------------------------------------

----------------------------------- Summary for MM Model "AMBER" -----------------------------------
LJ 1-4 Scaling                   =          0.500  El. 1-4 Scaling                  =          0.833
Number of MM Atoms               =           2173  Number of MM Atom Types          =             37
Number of Inactive MM Atoms      =             33  Total MM Charge                  =          -4.00
Harmonic Bond Terms              =           2169  Harmonic Bond Parameters         =             49
Harmonic Bond Inactive           =           1308  Fourier Improper Terms           =            320
Fourier Improper Parameters      =              3  Fourier Improper Inactive        =            164
Harmonic Angle Terms             =           3403  Harmonic Angle Parameters        =            103
Harmonic Angle Inactive          =           1938  Fourier Dihedral Terms           =           6697
Fourier Dihedral Parameters      =             48  Fourier Dihedral Inactive        =           3453
Exclusions                       =          10377  1-4 Interactions                 =           4805
LJ Parameters Form               =          AMBER  LJ Parameters Types              =             21
1-4 Lennard-Jones Form           =          AMBER  1-4 Lennard-Jones Types          =             21
----------------------------------------------------------------------------------------------------

------------------------ Summary for QC Model "AM1DPHOT" -----------------------
Number of QC Atoms     =             39  Boundary Atoms         =              6
Nuclear Charge         =            129  Orbital Functions      =            113
Fitting Functions      =              0  Energy Base Line       =      189.57630
QC Parameter Centers   =              6
--------------------------------------------------------------------------------

----------------------------- ABFS NB Model Summary ----------------------------
Dielectric             =       1.000000  El. 1-4 Scaling        =       0.833333
Damping Cutoff         =       0.500000  Inner Cutoff           =       8.000000
List Cutoff            =      13.500000  Outer Cutoff           =      12.000000
QC/MM Coupling         =    RC Coupling  Use Centering          =          False
--------------------------------------------------------------------------------

-------------------------- Pairlist Generator Summary --------------------------
Cell Size              =          6.750  Cutoff                 =         13.500
Cutoff Cell Size Factor =          0.500  Grid Cell/Cell Method  =           True
Minimum Cell Extent    =              2  Minimum Cell Size      =          3.000
Minimum Extent Factor  =          1.500  Minimum Points         =            500
Sort Indices           =          False
--------------------------------------------------------------------------------

----------------------- SoftConstraint Container Summary -----------------------
Multiple Distance      =              2
--------------------------------------------------------------------------------

---------------------------- Hard Constraint Container Summary ---------------------------
Number of Charge Constraints  =            0  Number of Fixed Atoms         =         1351
------------------------------------------------------------------------------------------

------------------------------- Sequence Summary -------------------------------
Number of Atoms            =       2173  Number of Components       =        213
Number of Entities         =          1  Number of Linear Polymers  =          0
Number of Links            =          0  Number of Variants         =          0
--------------------------------------------------------------------------------

-------------------------------  Conjugate Gradient Minimizer Options ------------------------------
Beta Type                        =              1  Initial Step                     =            0.1
Line Searcher                    =           None  Log Frequency                    =              1
Maximum Iterations               =            500  Maximum Theta                    =          1e+10
Minimum Theta                    =          1e-10  RMS Gradient Tolerance           =            0.1
Steepest Descent Tolerance       =          0.001  Use Spectral Theta               =           True
----------------------------------------------------------------------------------------------------

----------------------------------------------------------------------------------------------------------------
  Iteration       Function          RMS Gradient        Max. |Grad.|          RMS Disp.         Max. |Disp.|
----------------------------------------------------------------------------------------------------------------
     0     I      -9420.35512420         78.26839522       2999.70758245          0.00201374          0.07717843
     1   L1s      -9570.59187074          6.46331549        165.42073458          0.00156653          0.03994952
     2   L1s      -9572.01106854          3.66197245         84.99252500          0.00017879          0.00460755
     3   L1s      -9574.01536776          2.79701419         69.10512577          0.00051362          0.01572620
     4   L1s      -9575.83144144          2.15739283         42.01539072          0.00069573          0.01766580
     5   L1s      -9576.18221579          2.60251849         66.68978596          0.00018957          0.00327303
     6   L1s      -9576.69471639          1.29525848         25.32570929          0.00031923          0.00652819
     7   L1s      -9576.91104159          1.48493445         31.03596740          0.00019071          0.00458380
     8   L1s      -9577.05778185          1.39999067         24.37730985          0.00015186          0.00371617
     9   L1s      -9577.49645721          1.33547002         31.72770202          0.00052062          0.01333790
    10   L1s      -9577.72145054          1.29096728         28.25337654          0.00029824          0.00734158
    11   L1s      -9577.80846039          1.16206749         18.74300122          0.00012750          0.00328324
    12   L1s      -9577.97751112          0.66050320         11.59672472          0.00027476          0.00687265
    13   L0s      -9578.11857417          0.60719759          8.99667233          0.00027476          0.00650137
    14   L1s      -9578.16032386          0.84423337         23.27471884          0.00009937          0.00221397
    15   L1s      -9578.21014665          0.51734572          8.27833388          0.00013056          0.00264555
    16   L1s      -9578.24670185          0.77485430         24.50485908          0.00011157          0.00241033
    17   L0s      -9578.28061022          0.47009626          8.36276587          0.00011157          0.00207489
    18   L1s      -9578.31681999          0.38975449          7.15560725          0.00013747          0.00224547
    19   L0s      -9578.35066843          0.35276580          4.90440886          0.00013747          0.00203758
    20   L1s      -9578.37553396          0.40288495         11.49467266          0.00011622          0.00153163
    21   L1s      -9578.38374043          0.32455654          7.56658263          0.00004285          0.00051560
    22   L1s      -9578.40002242          0.34667766          6.98119005          0.00009426          0.00133600
    23   L1s      -9578.40881114          0.40788482         11.01030897          0.00005486          0.00084373
    24   L1s      -9578.42783976          0.25942599          3.23909119          0.00012465          0.00159686
    25   L1s      -9578.44858926          0.28279372          3.66116376          0.00015088          0.00178541
    26   L1s      -9578.46024044          0.39309075         10.63724655          0.00009107          0.00107020
    27   L1s      -9578.46881399          0.25526729          3.30558478          0.00006930          0.00079691
    28   L1s      -9578.47911719          0.32057826          9.05444811          0.00008946          0.00087533
    29   L1s      -9578.48484792          0.28557632          6.10196558          0.00005183          0.00049476
    30   L1s      -9578.49673908          0.23583657          4.68989803          0.00011273          0.00090448
    31   L1s      -9578.50996643          0.25429030          3.89119996          0.00013340          0.00100682
    32   L1s      -9578.51878354          0.31632461          9.63426432          0.00009324          0.00067989
    33   L1s      -9578.52422883          0.22113148          3.65314060          0.00005925          0.00044736
    34   L1s      -9578.53429758          0.27460432          8.28962794          0.00011560          0.00090355
    35   L1s      -9578.53761533          0.20362278          2.92932318          0.00003933          0.00032705
    36   L1s      -9578.54574580          0.18911453          3.27301536          0.00010168          0.00084960
    37   L1s      -9578.55658715          0.23182662          3.81609713          0.00014338          0.00116374
    38   L1s      -9578.56092681          0.26465694          5.22216408          0.00005937          0.00047505
    39   L1s      -9578.56763251          0.21514685          4.52766318          0.00009401          0.00072352
    40   L0s      -9578.57445107          0.23093684          6.12272853          0.00009401          0.00069636
    41   L1s      -9578.57716194          0.18538082          3.57991834          0.00003893          0.00028463
    42   L1s      -9578.58443904          0.15855136          2.15487292          0.00011735          0.00088497
    43   L1s      -9578.58945211          0.23813164          6.47840742          0.00008481          0.00063003
    44   L1s      -9578.59275200          0.21724477          4.15628486          0.00005693          0.00040745
    45   L1s      -9578.60008281          0.18924227          4.47447235          0.00012945          0.00092358
    46   L1s      -9578.60261109          0.19787074          5.38759799          0.00004595          0.00033676
    47   L1s      -9578.60637632          0.15979900          2.88012099          0.00007014          0.00052579
    48   L1s      -9578.61143325          0.18515327          3.50770125          0.00009759          0.00073046
    49   L1s      -9578.61376912          0.21244647          4.53095985          0.00004623          0.00034605
    50   L1s      -9578.61902403          0.14609400          1.99203931          0.00010594          0.00080785
    51   L1s      -9578.62330689          0.17212865          4.32427387          0.00008957          0.00067960
    52   L1s      -9578.62512192          0.17191610          4.62685824          0.00003891          0.00029208
    53   L1s      -9578.62960677          0.16800810          2.78278475          0.00009849          0.00074908
    54   L1s      -9578.63192906          0.19884683          5.98361716          0.00005221          0.00040015
    55   L1s      -9578.63522607          0.14677036          2.93198048          0.00007531          0.00059141
    56   L1s      -9578.63918537          0.14071790          1.94024935          0.00009304          0.00072268
    57   L1s      -9578.64182138          0.23813546          6.20024380          0.00006377          0.00049471
    58   L1s      -9578.64598799          0.14750193          1.53113258          0.00010181          0.00081181
    59   L0s      -9578.65024544          0.17101885          3.54040506          0.00010181          0.00084532
    60   L1s      -9578.65233511          0.17649910          4.36553902          0.00005162          0.00044345
    61   L1s      -9578.65631216          0.14570119          2.16023063          0.00010423          0.00089947
    62   L1s      -9578.65894348          0.21092246          5.78871979          0.00007050          0.00060458
    63   L0s      -9578.66170879          0.14415743          2.00010826          0.00007050          0.00059605
    64   L1s      -9578.66614313          0.13936621          2.30802135          0.00010822          0.00092474
    65   L0s      -9578.67060571          0.13815911          2.59410864          0.00010822          0.00093827
    66   L1s      -9578.67277890          0.20707223          6.07435633          0.00005434          0.00047044
    67   L1s      -9578.67606100          0.13516630          1.73070503          0.00008626          0.00070974
    68   L1s      -9578.67872013          0.19741867          5.19405275          0.00007171          0.00057354
    69   L1s      -9578.68105257          0.13091228          1.76017898          0.00006363          0.00048196
    70   L1s      -9578.68526560          0.12664458          1.45357382          0.00011784          0.00090250
    71   L1s      -9578.68705908          0.19619915          4.94217394          0.00005146          0.00039461
    72   L1s      -9578.68999594          0.14845425          2.90231723          0.00008513          0.00063706
    73   L1s      -9578.69389289          0.13244306          1.82990605          0.00011496          0.00079976
    74   L1s      -9578.69731849          0.17565012          4.87786325          0.00010322          0.00070253
    75   L1s      -9578.69882518          0.14243926          2.45228222          0.00004593          0.00031205
    76   L1s      -9578.70259571          0.15808123          4.64407251          0.00011693          0.00078526
    77   L1s      -9578.70399034          0.14400543          3.21288963          0.00004384          0.00029977
    78   L1s      -9578.70778319          0.12488976          1.38086200          0.00012114          0.00082722
    79   L1s      -9578.71085474          0.16804484          2.91936450          0.00010011          0.00066838
    80   L1s      -9578.71239956          0.15670189          2.82465774          0.00005090          0.00033287
    81   L1s      -9578.71549473          0.12316455          1.97008326          0.00010323          0.00068449
    82   L0s      -9578.71880149          0.11366806          1.51992819          0.00010323          0.00070670
    83   L1s      -9578.72033668          0.18162710          6.10953272          0.00004859          0.00033423
    84   L1s      -9578.72335816          0.14041740          2.17339875          0.00009977          0.00068177
    85   L1s      -9578.72582373          0.19491150          5.61935438          0.00008265          0.00056813
    86   L0s      -9578.72821703          0.13282635          2.12800141          0.00008265          0.00057595
    87   L1s      -9578.73200908          0.12303950          1.32732964          0.00013611          0.00096200
    88   L1s      -9578.73365540          0.17966288          3.72545411          0.00005864          0.00041702
    89   L1s      -9578.73575509          0.11650947          1.95395232          0.00007539          0.00054356
    90   L1s      -9578.73844827          0.13161523          2.12241278          0.00009852          0.00071715
    91   L1s      -9578.74031825          0.17289174          5.42998644          0.00006936          0.00050746
    92   L1s      -9578.74247316          0.10661125          1.22901443          0.00008056          0.00059657
    93   L1s      -9578.74418135          0.16137359          4.77480878          0.00006517          0.00048497
    94   L1s      -9578.74555517          0.11156252          1.57577124          0.00005287          0.00039740
    95   L1s      -9578.74828982          0.10842290          1.71138870          0.00010710          0.00081350
    96   L1s      -9578.75061828          0.14686180          4.30286823          0.00009283          0.00070883
    97   L1s      -9578.75161633          0.10864843          1.74125242          0.00004017          0.00030962
    98   L1s      -9578.75348926          0.11822925          2.82578048          0.00007666          0.00059545
    99   L1s      -9578.75444347          0.12073087          2.10218344          0.00003960          0.00030982
   100   L1s      -9578.75618890          0.10112604          1.77603109          0.00007338          0.00058059
   101   L1s      -9578.75814720          0.11424916          2.04533314          0.00008382          0.00067033
   102   L1s      -9578.75901132          0.13399075          3.37176004          0.00003749          0.00030207
   103   L1s      -9578.76136262          0.09464058          1.43030916          0.00010307          0.00084190
----------------------------------------------------------------------------------------------------------------

Minimization converged.

-------------------  Conjugate Gradient Minimizer Statistics -------------------
Iterations             =            103  Function Calls         =            198
--------------------------------------------------------------------------------
