
#-----------------------------------------------------------------------------#
#                                                                             #
#                                EasyHybrid                                   #
#                   - A pDynamo graphical user interface -                    #
#                                                                             #
#-----------------------------------------------------------------------------#
#                                                                             #
#     Developed by Jose Fernando R Bachega and Luis Fernando S M Timmers      #
#                            <ferbachega@gmail.com>                           #
#                                                                             #
#             visit: https://sites.google.com/site/EasyHybrid/                #
#                   Univesity of Sao Paulo - SP, Brazil                       #
#      Pontifical Catholic University of Rio Grande do Sul - RS, Brazil       #
#                                                                             #
#                                                                             #
#   EasyHybrid team:                               Special thanks to:         #
#   - Jose Fernando R Bachega           |         - Fernando V Maluf          #
#   - Michele Silva                     |                                     #
#   - Luis Fernando S M Timmers         |                                     #
#   - Martin Field                      |         - Leonardo R Bachega        #
#   - Troy Wymore                       |         - Lucas Assirati            #
#   - Osmar Norberto de Souza           |         - Richard Garratt           #
#   - Walter R Paixao-Cortes            |                                     #
#                                                                             #
#   Cite this work as:                                                        #
#   J.F.R. Bachega, L.F.S.M. Timmers, L.Assirati, L.B. Bachega, M.J. Field,   #
#   T. Wymore. J. Comput. Chem. 2013, 34, 2190-2196. DOI: 10.1002/jcc.23346   #
#                                                                             #
#-----------------------------------------------------------------------------#

Generated on Wed Jun  5 17:58:55 2019


--------------------------------------------------------------------------------
                        Summary for System "12_ramon_new"
--------------------------------------------------------------------------------

---------------------------- Atom Container Summary ----------------------------
Number of Atoms        =           2173  Number of Heavy Atoms  =           1040
Number of Hydrogens    =           1133  Number of Unknowns     =              0
--------------------------------------------------------------------------------

----------------------------- Connectivity Summary -----------------------------
Atoms                  =           2173
--------------------------------------------------------------------------------

------------------------------- Electronic State -------------------------------
Charge                 =             -1  Multiplicity           =              1
--------------------------------------------------------------------------------

--------------------------------------------------------------------------------
                 Summary for Energy Model "AMBER/AM1DPHOT/ABFS"
--------------------------------------------------------------------------------

----------------------------------- Summary for MM Model "AMBER" -----------------------------------
LJ 1-4 Scaling                   =          0.500  El. 1-4 Scaling                  =          0.833
Number of MM Atoms               =           2173  Number of MM Atom Types          =             37
Number of Inactive MM Atoms      =             33  Total MM Charge                  =          -4.00
Harmonic Bond Terms              =           2169  Harmonic Bond Parameters         =             49
Harmonic Bond Inactive           =           1308  Fourier Improper Terms           =            320
Fourier Improper Parameters      =              3  Fourier Improper Inactive        =            164
Harmonic Angle Terms             =           3403  Harmonic Angle Parameters        =            103
Harmonic Angle Inactive          =           1938  Fourier Dihedral Terms           =           6697
Fourier Dihedral Parameters      =             48  Fourier Dihedral Inactive        =           3453
Exclusions                       =          10377  1-4 Interactions                 =           4805
LJ Parameters Form               =          AMBER  LJ Parameters Types              =             21
1-4 Lennard-Jones Form           =          AMBER  1-4 Lennard-Jones Types          =             21
----------------------------------------------------------------------------------------------------

------------------------ Summary for QC Model "AM1DPHOT" -----------------------
Number of QC Atoms     =             39  Boundary Atoms         =              6
Nuclear Charge         =            129  Orbital Functions      =            113
Fitting Functions      =              0  Energy Base Line       =      189.57630
QC Parameter Centers   =              6
--------------------------------------------------------------------------------

----------------------------- ABFS NB Model Summary ----------------------------
Dielectric             =       1.000000  El. 1-4 Scaling        =       0.833333
Damping Cutoff         =       0.500000  Inner Cutoff           =       8.000000
List Cutoff            =      13.500000  Outer Cutoff           =      12.000000
QC/MM Coupling         =    RC Coupling  Use Centering          =          False
--------------------------------------------------------------------------------

-------------------------- Pairlist Generator Summary --------------------------
Cell Size              =          6.750  Cutoff                 =         13.500
Cutoff Cell Size Factor =          0.500  Grid Cell/Cell Method  =           True
Minimum Cell Extent    =              2  Minimum Cell Size      =          3.000
Minimum Extent Factor  =          1.500  Minimum Points         =            500
Sort Indices           =          False
--------------------------------------------------------------------------------

----------------------- SoftConstraint Container Summary -----------------------
Multiple Distance      =              2
--------------------------------------------------------------------------------

---------------------------- Hard Constraint Container Summary ---------------------------
Number of Charge Constraints  =            0  Number of Fixed Atoms         =         1351
------------------------------------------------------------------------------------------

------------------------------- Sequence Summary -------------------------------
Number of Atoms            =       2173  Number of Components       =        213
Number of Entities         =          1  Number of Linear Polymers  =          0
Number of Links            =          0  Number of Variants         =          0
--------------------------------------------------------------------------------

-------------------------------  Conjugate Gradient Minimizer Options ------------------------------
Beta Type                        =              1  Initial Step                     =            0.1
Line Searcher                    =           None  Log Frequency                    =              1
Maximum Iterations               =            500  Maximum Theta                    =          1e+10
Minimum Theta                    =          1e-10  RMS Gradient Tolerance           =            0.1
Steepest Descent Tolerance       =          0.001  Use Spectral Theta               =           True
----------------------------------------------------------------------------------------------------

----------------------------------------------------------------------------------------------------------------
  Iteration       Function          RMS Gradient        Max. |Grad.|          RMS Disp.         Max. |Disp.|
----------------------------------------------------------------------------------------------------------------
     0     I      -9432.95551275         78.32760583       3002.50420057          0.00201374          0.07719199
     1   L1s      -9583.21808234          6.42503706        165.73089568          0.00156568          0.04024029
     2   L1s      -9584.62536713          3.63800940         84.41718445          0.00017832          0.00463521
     3   L1s      -9586.59912046          2.77341123         68.33329886          0.00050891          0.01565049
     4   L1s      -9588.39724989          2.14582398         42.53787857          0.00069412          0.01764086
     5   L1s      -9588.74643172          2.59594125         66.68138114          0.00018989          0.00334004
     6   L1s      -9589.25019480          1.23629080         25.64558765          0.00031544          0.00675869
     7   L1s      -9589.46339522          1.49029692         31.46669386          0.00019283          0.00454038
     8   L1s      -9589.60925208          1.38280967         24.13292807          0.00015376          0.00367602
     9   L1s      -9590.04835078          1.24305068         28.94684803          0.00052997          0.01328461
    10   L1s      -9590.24245608          1.33060793         30.23293733          0.00026451          0.00637260
    11   L1s      -9590.33558255          1.14077831         23.22374062          0.00013891          0.00349371
    12   L1s      -9590.48636855          0.66041015         11.94049477          0.00024953          0.00607016
    13   L1s      -9590.62309301          0.71529241         13.93837317          0.00028341          0.00690473
    14   L1s      -9590.65526737          0.71417656         14.22064480          0.00007603          0.00166828
    15   L1s      -9590.71717834          0.49344759          9.18675201          0.00016230          0.00320392
    16   L1s      -9590.75076683          0.81095647         22.48709942          0.00010397          0.00216375
    17   L1s      -9590.78956093          0.41371054          5.58946312          0.00012616          0.00218496
    18   L1s      -9590.82775243          0.38167303          6.36018087          0.00014500          0.00222722
    19   L0s      -9590.85916758          0.44177978          9.37697008          0.00014500          0.00220926
    20   L1s      -9590.87320877          0.46909718         13.29111872          0.00006821          0.00088910
    21   L1s      -9590.88861651          0.29132431          4.04675757          0.00007624          0.00098360
    22   L1s      -9590.89979395          0.45230792         13.22498602          0.00006344          0.00086899
    23   L1s      -9590.91436277          0.32095374          5.02902320          0.00008671          0.00136667
    24   L1s      -9590.93331524          0.26715457          3.80831447          0.00012251          0.00148689
    25   L1s      -9590.95469132          0.31955178          4.93163409          0.00015280          0.00182399
    26   L1s      -9590.96198911          0.37758043          8.09251245          0.00005537          0.00065838
    27   L1s      -9590.97503082          0.25029580          3.33933679          0.00010281          0.00112696
    28   L0s      -9590.98650551          0.28593024          4.68510751          0.00010281          0.00097213
    29   L1s      -9590.99403388          0.35089498          6.88091946          0.00006965          0.00063579
    30   L1s      -9591.00428627          0.23908542          3.36807332          0.00009508          0.00070573
    31   L1s      -9591.01848947          0.30925763          6.27773603          0.00014026          0.00101179
    32   L1s      -9591.02347553          0.28148636          5.34811302          0.00005094          0.00037613
    33   L1s      -9591.03338318          0.21258073          3.05120147          0.00010517          0.00080637
    34   L1s      -9591.04426789          0.18235512          1.74748790          0.00012279          0.00099024
    35   L1s      -9591.05075786          0.26589553          6.27398944          0.00007869          0.00064439
    36   L1s      -9591.05440101          0.22407779          3.62326625          0.00004554          0.00037279
    37   L1s      -9591.06427331          0.21584975          3.54679696          0.00012849          0.00104611
    38   L1s      -9591.06928907          0.27981107          7.74666873          0.00006795          0.00054582
    39   L1s      -9591.07541507          0.21398116          4.50445791          0.00008487          0.00065603
    40   L1s      -9591.08279659          0.16550058          1.78563661          0.00010604          0.00076879
    41   L1s      -9591.08759237          0.28533634          6.41564106          0.00007279          0.00054274
    42   L1s      -9591.09161391          0.14930886          1.74652377          0.00006210          0.00047598
    43   L1s      -9591.09842713          0.17766492          1.85302608          0.00011152          0.00081344
    44   L0s      -9591.10540139          0.18029935          3.85863734          0.00011152          0.00079594
    45   L1s      -9591.10811248          0.21125166          5.82406667          0.00004528          0.00033063
    46   L1s      -9591.11153896          0.15558273          2.09135174          0.00006123          0.00045809
    47   L1s      -9591.11529052          0.22190282          6.13971456          0.00006982          0.00052837
    48   L1s      -9591.11819920          0.16382013          1.88615099          0.00005517          0.00043939
    49   L1s      -9591.12440318          0.13710190          1.73912249          0.00012162          0.00098265
    50   L1s      -9591.12876026          0.17726981          3.08011687          0.00008916          0.00071433
    51   L1s      -9591.13051680          0.17683273          3.34435241          0.00003683          0.00029117
    52   L1s      -9591.13495936          0.14254531          2.43724763          0.00009535          0.00072591
    53   L1s      -9591.13978023          0.14371815          2.54704735          0.00010705          0.00086004
    54   L1s      -9591.14261146          0.18446873          5.49543898          0.00006486          0.00050737
    55   L1s      -9591.14472703          0.15958923          3.28166069          0.00004936          0.00035330
    56   L1s      -9591.14930203          0.19825413          5.12295272          0.00010923          0.00080360
    57   L1s      -9591.15139470          0.17274260          3.74424170          0.00005070          0.00039905
    58   L1s      -9591.15606284          0.14345809          2.06336858          0.00011519          0.00099469
    59   L1s      -9591.16115092          0.13509782          1.62892163          0.00012882          0.00110963
    60   L1s      -9591.16450271          0.22383992          5.15672797          0.00008722          0.00076001
    61   L1s      -9591.16693435          0.14392171          1.68611883          0.00006388          0.00056606
    62   L1s      -9591.17177566          0.14033506          1.86443931          0.00013004          0.00110479
    63   L1s      -9591.17512318          0.20436452          5.76636401          0.00009195          0.00077989
    64   L1s      -9591.17772670          0.15936611          2.66517487          0.00007225          0.00062941
    65   L1s      -9591.18173748          0.14153439          2.20003144          0.00011316          0.00091108
    66   L1s      -9591.18359938          0.19084031          4.95753611          0.00005359          0.00041078
    67   L1s      -9591.18634732          0.13612467          2.45099201          0.00007996          0.00057195
    68   L1s      -9591.19018955          0.11518940          1.32233735          0.00011410          0.00086828
    69   L0s      -9591.19402236          0.14052398          2.42802219          0.00011410          0.00085036
    70   L1s      -9591.19557624          0.18407754          3.85891838          0.00004753          0.00034501
    71   L1s      -9591.19942923          0.12590452          1.65474250          0.00012080          0.00089163
    72   L1s      -9591.20229174          0.16110250          3.42082019          0.00009162          0.00067779
    73   L1s      -9591.20407860          0.15641051          3.03826968          0.00005789          0.00042698
    74   L1s      -9591.20714115          0.12301081          1.67390164          0.00010050          0.00072646
    75   L0s      -9591.21024868          0.16148881          3.38680062          0.00010050          0.00071349
    76   L1s      -9591.21158000          0.13816939          2.76541205          0.00004422          0.00030605
    77   L1s      -9591.21569876          0.11827369          1.16130636          0.00014540          0.00097122
    78   L0s      -9591.21947686          0.14087146          1.80616286          0.00014540          0.00098213
    79   L1s      -9591.22108539          0.17552975          4.07102411          0.00006129          0.00041650
    80   L1s      -9591.22334446          0.12277383          1.44254750          0.00008321          0.00057460
    81   L1s      -9591.22652366          0.14930824          3.52512433          0.00011895          0.00082561
    82   L1s      -9591.22824364          0.16954161          4.68471694          0.00006502          0.00045451
    83   L1s      -9591.23158579          0.13798279          1.64257299          0.00012736          0.00090001
    84   L1s      -9591.23412230          0.19353957          5.14498527          0.00009779          0.00069477
    85   L1s      -9591.23613069          0.12578007          1.50982348          0.00007789          0.00056004
    86   L1s      -9591.23922463          0.10472085          1.20488429          0.00012165          0.00088875
    87   L1s      -9591.24150690          0.18303313          4.33896746          0.00009146          0.00067135
    88   L1s      -9591.24319516          0.12344389          1.33960167          0.00006807          0.00050454
    89   L1s      -9591.24600020          0.10790727          1.75546307          0.00011459          0.00085867
    90   L1s      -9591.24806736          0.14018561          3.44333512          0.00008585          0.00064732
    91   L1s      -9591.24914956          0.12459830          2.53634831          0.00004538          0.00034476
    92   L1s      -9591.25154919          0.12192611          1.67721848          0.00010186          0.00077966
    93   L1s      -9591.25295946          0.15293367          4.55689683          0.00006059          0.00046592
    94   L1s      -9591.25486392          0.10028973          1.32232124          0.00008243          0.00064132
    95   L1s      -9591.25695101          0.11546640          2.08716633          0.00009190          0.00072364
    96   L1s      -9591.25773867          0.12019029          2.38275946          0.00003512          0.00027948
    97   L1s      -9591.25978747          0.09341508          1.01667900          0.00009239          0.00074756
----------------------------------------------------------------------------------------------------------------

Minimization converged.

-------------------  Conjugate Gradient Minimizer Statistics -------------------
Iterations             =             97  Function Calls         =            189
--------------------------------------------------------------------------------
