
#-----------------------------------------------------------------------------#
#                                                                             #
#                                EasyHybrid                                   #
#                   - A pDynamo graphical user interface -                    #
#                                                                             #
#-----------------------------------------------------------------------------#
#                                                                             #
#     Developed by Jose Fernando R Bachega and Luis Fernando S M Timmers      #
#                            <ferbachega@gmail.com>                           #
#                                                                             #
#             visit: https://sites.google.com/site/EasyHybrid/                #
#                   Univesity of Sao Paulo - SP, Brazil                       #
#      Pontifical Catholic University of Rio Grande do Sul - RS, Brazil       #
#                                                                             #
#                                                                             #
#   EasyHybrid team:                               Special thanks to:         #
#   - Jose Fernando R Bachega           |         - Fernando V Maluf          #
#   - Michele Silva                     |                                     #
#   - Luis Fernando S M Timmers         |                                     #
#   - Martin Field                      |         - Leonardo R Bachega        #
#   - Troy Wymore                       |         - Lucas Assirati            #
#   - Osmar Norberto de Souza           |         - Richard Garratt           #
#   - Walter R Paixao-Cortes            |                                     #
#                                                                             #
#   Cite this work as:                                                        #
#   J.F.R. Bachega, L.F.S.M. Timmers, L.Assirati, L.B. Bachega, M.J. Field,   #
#   T. Wymore. J. Comput. Chem. 2013, 34, 2190-2196. DOI: 10.1002/jcc.23346   #
#                                                                             #
#-----------------------------------------------------------------------------#

Generated on Wed Jun  5 17:57:36 2019


--------------------------------------------------------------------------------
                        Summary for System "12_ramon_new"
--------------------------------------------------------------------------------

---------------------------- Atom Container Summary ----------------------------
Number of Atoms        =           2173  Number of Heavy Atoms  =           1040
Number of Hydrogens    =           1133  Number of Unknowns     =              0
--------------------------------------------------------------------------------

----------------------------- Connectivity Summary -----------------------------
Atoms                  =           2173
--------------------------------------------------------------------------------

------------------------------- Electronic State -------------------------------
Charge                 =             -1  Multiplicity           =              1
--------------------------------------------------------------------------------

--------------------------------------------------------------------------------
                 Summary for Energy Model "AMBER/AM1DPHOT/ABFS"
--------------------------------------------------------------------------------

----------------------------------- Summary for MM Model "AMBER" -----------------------------------
LJ 1-4 Scaling                   =          0.500  El. 1-4 Scaling                  =          0.833
Number of MM Atoms               =           2173  Number of MM Atom Types          =             37
Number of Inactive MM Atoms      =             33  Total MM Charge                  =          -4.00
Harmonic Bond Terms              =           2169  Harmonic Bond Parameters         =             49
Harmonic Bond Inactive           =           1308  Fourier Improper Terms           =            320
Fourier Improper Parameters      =              3  Fourier Improper Inactive        =            164
Harmonic Angle Terms             =           3403  Harmonic Angle Parameters        =            103
Harmonic Angle Inactive          =           1938  Fourier Dihedral Terms           =           6697
Fourier Dihedral Parameters      =             48  Fourier Dihedral Inactive        =           3453
Exclusions                       =          10377  1-4 Interactions                 =           4805
LJ Parameters Form               =          AMBER  LJ Parameters Types              =             21
1-4 Lennard-Jones Form           =          AMBER  1-4 Lennard-Jones Types          =             21
----------------------------------------------------------------------------------------------------

------------------------ Summary for QC Model "AM1DPHOT" -----------------------
Number of QC Atoms     =             39  Boundary Atoms         =              6
Nuclear Charge         =            129  Orbital Functions      =            113
Fitting Functions      =              0  Energy Base Line       =      189.57630
QC Parameter Centers   =              6
--------------------------------------------------------------------------------

----------------------------- ABFS NB Model Summary ----------------------------
Dielectric             =       1.000000  El. 1-4 Scaling        =       0.833333
Damping Cutoff         =       0.500000  Inner Cutoff           =       8.000000
List Cutoff            =      13.500000  Outer Cutoff           =      12.000000
QC/MM Coupling         =    RC Coupling  Use Centering          =          False
--------------------------------------------------------------------------------

-------------------------- Pairlist Generator Summary --------------------------
Cell Size              =          6.750  Cutoff                 =         13.500
Cutoff Cell Size Factor =          0.500  Grid Cell/Cell Method  =           True
Minimum Cell Extent    =              2  Minimum Cell Size      =          3.000
Minimum Extent Factor  =          1.500  Minimum Points         =            500
Sort Indices           =          False
--------------------------------------------------------------------------------

----------------------- SoftConstraint Container Summary -----------------------
Multiple Distance      =              2
--------------------------------------------------------------------------------

---------------------------- Hard Constraint Container Summary ---------------------------
Number of Charge Constraints  =            0  Number of Fixed Atoms         =         1351
------------------------------------------------------------------------------------------

------------------------------- Sequence Summary -------------------------------
Number of Atoms            =       2173  Number of Components       =        213
Number of Entities         =          1  Number of Linear Polymers  =          0
Number of Links            =          0  Number of Variants         =          0
--------------------------------------------------------------------------------

-------------------------------  Conjugate Gradient Minimizer Options ------------------------------
Beta Type                        =              1  Initial Step                     =            0.1
Line Searcher                    =           None  Log Frequency                    =              1
Maximum Iterations               =            500  Maximum Theta                    =          1e+10
Minimum Theta                    =          1e-10  RMS Gradient Tolerance           =            0.1
Steepest Descent Tolerance       =          0.001  Use Spectral Theta               =           True
----------------------------------------------------------------------------------------------------

----------------------------------------------------------------------------------------------------------------
  Iteration       Function          RMS Gradient        Max. |Grad.|          RMS Disp.         Max. |Disp.|
----------------------------------------------------------------------------------------------------------------
     0     I      -9426.28241538         74.57333469       2745.73993004          0.00201374          0.07414456
     1   L1s      -9569.96552088          8.40434864        212.19556574          0.00157155          0.03942784
     2   L1s      -9572.65372656          5.59733540        132.61880272          0.00026098          0.00596392
     3   L1s      -9578.51708866          5.00311366        130.96699155          0.00102521          0.02748548
     4   L0s      -9582.48651396          3.58907805         66.73719515          0.00102521          0.02676632
     5   L1s      -9583.17303212          3.62594515         81.10417236          0.00022899          0.00475325
     6   L1s      -9584.28129718          1.82101272         32.70192987          0.00042141          0.00853707
     7   L0s      -9584.93828498          2.73273777         60.21665771          0.00042141          0.01003228
     8   L1s      -9585.32130458          2.08971610         42.42194645          0.00025290          0.00523169
     9   L1s      -9586.02992500          1.11636138         18.20570122          0.00049559          0.00890783
    10   L1s      -9586.22256627          1.41899139         34.59130909          0.00019434          0.00425922
    11   L1s      -9586.32938134          0.89178531         15.82455726          0.00012370          0.00242498
    12   L1s      -9586.45073975          0.81170514         21.40748618          0.00017901          0.00327205
    13   L1s      -9586.52720975          0.98984960         30.09137546          0.00013636          0.00289858
    14   L1s      -9586.57421381          0.61718205         11.49128833          0.00009217          0.00151994
    15   L1s      -9586.64634509          0.71178486         18.05171724          0.00017045          0.00295910
    16   L1s      -9586.67477871          0.60776193         10.12914148          0.00007461          0.00146861
    17   L1s      -9586.73760817          0.48789564          8.64450254          0.00018501          0.00356486
    18   L1s      -9586.78714864          0.52886415         12.09032044          0.00016725          0.00349724
    19   L1s      -9586.80384561          0.49197343          7.91942895          0.00006188          0.00140916
    20   L1s      -9586.84297689          0.40129364          6.83155064          0.00015875          0.00318910
    21   L1s      -9586.86465418          0.61170360         17.04331740          0.00009828          0.00191601
    22   L0s      -9586.88466463          0.36605638          6.10637969          0.00009828          0.00211261
    23   L1s      -9586.91288756          0.50182424         12.34179279          0.00015952          0.00351389
    24   L1s      -9586.92784597          0.41655884          8.59072604          0.00008669          0.00189295
    25   L1s      -9586.94885468          0.35777285          6.82131499          0.00012855          0.00269601
    26   L1s      -9586.97258433          0.59221560         18.19694657          0.00015511          0.00333836
    27   L1s      -9586.98995786          0.38062341          4.84471866          0.00011592          0.00265353
    28   L1s      -9587.02195036          0.39968410          8.99697087          0.00022374          0.00512487
    29   L1s      -9587.03334445          0.44394910         10.67266270          0.00008285          0.00192626
    30   L1s      -9587.06158503          0.36269569          5.83209339          0.00021184          0.00532454
    31   L1s      -9587.08046829          0.59621961         17.80325734          0.00014762          0.00376868
    32   L1s      -9587.10212485          0.37959976          4.87023224          0.00017222          0.00461931
    33   L1s      -9587.13280960          0.45158261          8.05091258          0.00025277          0.00700598
    34   L1s      -9587.15127400          0.56315654         15.25881180          0.00015622          0.00440410
    35   L1s      -9587.18294443          0.43528246          5.72018716          0.00027171          0.00789985
    36   L1s      -9587.20716005          0.60985994         18.56984930          0.00021225          0.00628742
    37   L1s      -9587.22872206          0.45831025          5.76610407          0.00019064          0.00568727
    38   L1s      -9587.28000875          0.50866462          7.05527781          0.00046424          0.01391184
    39   L1s      -9587.31331526          0.71995682         20.59578763          0.00029987          0.00902445
    40   L1s      -9587.35003211          0.53106941          9.17282426          0.00033387          0.01002315
    41   L1s      -9587.41079141          0.77153751         21.96803893          0.00056714          0.01691689
    42   L1s      -9587.43715841          0.52787252          9.62973125          0.00024558          0.00740617
    43   L1s      -9587.48387936          0.45040656          8.31711729          0.00044084          0.01348434
    44   L1s      -9587.50701696          0.60782988         14.98343426          0.00023226          0.00713509
    45   L1s      -9587.53434680          0.49770363          7.18558002          0.00027593          0.00854502
    46   L1s      -9587.58279726          0.78952467         21.61196122          0.00049800          0.01564932
    47   L1s      -9587.61743642          0.63661588         13.22568985          0.00034938          0.01106574
    48   L1s      -9587.68113341          0.53680548          7.01697744          0.00063132          0.02024466
    49   L1s      -9587.73552379          0.88104174         25.34883133          0.00051825          0.01670995
    50   L1s      -9587.78326832          0.61675086          7.04105500          0.00045639          0.01464832
    51   L1s      -9587.86184574          0.66180830         14.52903974          0.00076820          0.02462753
    52   L1s      -9587.89733871          0.86411494         23.91130820          0.00033473          0.01085226
    53   L1s      -9587.98182985          0.67517629         13.00663706          0.00079829          0.02566797
    54   L1s      -9588.03355773          0.98663206         27.48613201          0.00054558          0.01748115
    55   L1s      -9588.10640544          0.56673672          6.82066815          0.00075873          0.02426869
    56   L1s      -9588.16998596          0.76243285         20.30693296          0.00058299          0.01881972
    57   L1s      -9588.19958733          0.59632518         11.63418618          0.00026698          0.00844749
    58   L1s      -9588.24968126          0.66728742         13.97241670          0.00045039          0.01408889
    59   L0s      -9588.29760095          0.96037531         27.41318445          0.00045039          0.01403646
    60   L1s      -9588.36055174          0.51758174          7.55025826          0.00057459          0.01709415
    61   L1s      -9588.40722713          0.60013008         16.07759978          0.00031906          0.00882594
    62   L1s      -9588.42790901          0.53414361         12.40474490          0.00014317          0.00381314
    63   L1s      -9588.48038603          0.57925269         11.47789001          0.00037560          0.00948465
    64   L1s      -9588.50229427          0.64773124         17.92323461          0.00016060          0.00389204
    65   L1s      -9588.56169975          0.53562187         14.84309423          0.00043822          0.00983243
    66   L1s      -9588.60303278          0.60318198         15.99007148          0.00031106          0.00677194
    67   L1s      -9588.62933561          0.63959547         13.89556800          0.00020103          0.00403620
    68   L1s      -9588.68997171          0.50572238          9.38386311          0.00046976          0.00861427
    69   L1s      -9588.70869559          0.60896823         16.26882656          0.00014683          0.00250267
    70   L1s      -9588.74754619          0.44613057          7.41609900          0.00030879          0.00464438
    71   L0s      -9588.78363672          0.61430901         18.33953502          0.00030879          0.00421061
    72   L1s      -9588.80230009          0.45158560          6.62344585          0.00015769          0.00215476
    73   L1s      -9588.84636199          0.53692393         10.02673386          0.00034879          0.00472760
    74   L1s      -9588.86756912          0.60864895         17.02493251          0.00017086          0.00231458
    75   L1s      -9588.90151429          0.44171831         10.94417216          0.00027699          0.00381254
    76   L1s      -9588.92771608          0.59302690         16.19985368          0.00021924          0.00303253
    77   L1s      -9588.94969735          0.45881829          9.49631026          0.00018634          0.00258081
    78   L1s      -9588.99117983          0.45817568          8.43467653          0.00035925          0.00490812
    79   L1s      -9589.00955334          0.58746805         15.79535182          0.00016238          0.00219611
    80   L1s      -9589.04042734          0.39078843          5.44868894          0.00027613          0.00363450
    81   L1s      -9589.06108412          0.63130974         19.92107034          0.00018968          0.00246672
    82   L1s      -9589.09043558          0.42104502          6.30941515          0.00027219          0.00342832
    83   L1s      -9589.12997313          0.53553261         11.18603368          0.00037466          0.00462983
    84   L1s      -9589.14726189          0.49641929         12.50097486          0.00016586          0.00200604
    85   L1s      -9589.17893877          0.43339458         10.11606726          0.00030828          0.00362786
    86   L1s      -9589.19870438          0.57800888         17.94941470          0.00019585          0.00226739
    87   L1s      -9589.22150984          0.41741022          9.81549396          0.00022818          0.00255075
    88   L1s      -9589.25374174          0.46228907         11.73900164          0.00032843          0.00355096
    89   L1s      -9589.26617488          0.42823782          8.06501379          0.00012851          0.00133136
    90   L1s      -9589.29768306          0.35635963          5.86873009          0.00033115          0.00327679
    91   L1s      -9589.31154620          0.51744871         15.66409515          0.00014913          0.00148150
    92   L1s      -9589.33150587          0.34118160          5.48909981          0.00021705          0.00216294
    93   L0s      -9589.35200467          0.51621789         13.87928549          0.00021705          0.00215910
    94   L1s      -9589.36922771          0.36964854          7.79059043          0.00018977          0.00187903
    95   L1s      -9589.39126322          0.35653898          7.23194509          0.00027175          0.00266512
    96   L1s      -9589.40754795          0.51751774         15.71600012          0.00020411          0.00198849
    97   L0s      -9589.42313236          0.33187972          4.94655902          0.00020411          0.00195001
    98   L1s      -9589.44241149          0.45435140         13.49197267          0.00026922          0.00253180
    99   L1s      -9589.45308475          0.31236159          4.72194412          0.00014737          0.00133457
   100   L1s      -9589.47078927          0.27312910          3.70903011          0.00024880          0.00214036
   101   L1s      -9589.47826535          0.39849372         12.12511870          0.00010736          0.00095838
   102   L1s      -9589.49215961          0.27572966          3.42390067          0.00020154          0.00189983
   103   L0s      -9589.50610683          0.36068416          9.97669821          0.00020154          0.00192593
   104   L1s      -9589.51332479          0.26746435          4.52477139          0.00010666          0.00102845
   105   L1s      -9589.52854906          0.33475708          7.17654018          0.00023934          0.00227307
   106   L1s      -9589.53614033          0.37418476          8.29465520          0.00012072          0.00112667
   107   L1s      -9589.55319707          0.30426044          5.51564376          0.00027365          0.00246578
   108   L0s      -9589.56912353          0.30381968          6.37797474          0.00027365          0.00235870
   109   L1s      -9589.57483046          0.32957257          7.78412336          0.00009908          0.00081987
   110   L1s      -9589.58778771          0.28365810          3.90706311          0.00021728          0.00179615
   111   L1s      -9589.59757995          0.38750442         12.00796860          0.00016658          0.00136893
   112   L0s      -9589.60799934          0.24736309          2.91306589          0.00016658          0.00142375
   113   L1s      -9589.62260788          0.32800157          7.36352335          0.00021519          0.00193431
   114   L1s      -9589.62947273          0.34436528          7.98122643          0.00010589          0.00101024
   115   L1s      -9589.64444928          0.28283813          4.57078593          0.00023381          0.00209144
   116   L1s      -9589.65208550          0.36100647         10.80532132          0.00012092          0.00127419
   117   L1s      -9589.66309708          0.25397167          5.68841310          0.00017629          0.00175151
   118   L0s      -9589.67409318          0.26242532          5.95385654          0.00017629          0.00173905
   119   L1s      -9589.67956794          0.31956363          8.31564819          0.00008973          0.00087174
   120   L1s      -9589.68993695          0.23793204          3.60892084          0.00017428          0.00188028
   121   L1s      -9589.69677253          0.35386270         11.27481808          0.00011719          0.00109589
   122   L1s      -9589.70617105          0.21453872          2.28681437          0.00016257          0.00155728
   123   L1s      -9589.71742193          0.26335878          7.68627168          0.00020005          0.00191614
   124   L1s      -9589.72129971          0.25022322          4.88488064          0.00006982          0.00066722
   125   L1s      -9589.73024991          0.21598792          5.01315046          0.00016382          0.00118740
   126   L1s      -9589.73363545          0.25474125          6.84134683          0.00006327          0.00051820
   127   L1s      -9589.74277707          0.19510827          2.50888044          0.00017334          0.00121824
   128   L1s      -9589.74943755          0.23959139          6.35382309          0.00012895          0.00090387
   129   L1s      -9589.75240108          0.19339784          3.81477939          0.00005827          0.00040695
   130   L1s      -9589.75875024          0.23211211          5.41357150          0.00012765          0.00088959
   131   L1s      -9589.76260871          0.24874255          6.42504105          0.00007872          0.00054776
   132   L1s      -9589.76888302          0.16876977          3.21985858          0.00012965          0.00089953
   133   L1s      -9589.77404286          0.20107295          5.20758981          0.00010957          0.00075888
   134   L1s      -9589.77659578          0.20450147          4.46364498          0.00005517          0.00038535
   135   L1s      -9589.78287998          0.20904327          4.29166851          0.00013807          0.00097181
   136   L1s      -9589.78661666          0.26866068          7.84615983          0.00008336          0.00058926
   137   L1s      -9589.79400861          0.16865717          2.18217375          0.00016640          0.00118740
   138   L1s      -9589.80008310          0.23415803          5.78662040          0.00013979          0.00100128
   139   L1s      -9589.80329184          0.20902195          4.70384961          0.00007468          0.00053722
   140   L1s      -9589.80892096          0.18551443          4.30353767          0.00013282          0.00096013
   141   L1s      -9589.81146993          0.21716205          5.63060671          0.00006116          0.00044364
   142   L1s      -9589.81675664          0.17000342          3.08799887          0.00012838          0.00093630
   143   L0s      -9589.82216777          0.18680651          4.65188995          0.00012838          0.00093884
   144   L1s      -9589.82456428          0.19388273          4.62461224          0.00005828          0.00042771
   145   L1s      -9589.82946436          0.17082975          2.73892702          0.00012563          0.00092514
   146   L1s      -9589.83199585          0.22601672          6.94642893          0.00006600          0.00048689
   147   L1s      -9589.83713666          0.15619151          2.15592189          0.00013530          0.00100054
   148   L0s      -9589.84266533          0.16187665          3.60239228          0.00013530          0.00100002
   149   L1s      -9589.84448791          0.17214772          4.50273505          0.00004595          0.00034038
   150   L1s      -9589.84974474          0.17658818          3.67369706          0.00014589          0.00108172
   151   L1s      -9589.85168083          0.19164144          5.27712361          0.00005446          0.00040412
   152   L1s      -9589.85795634          0.16444534          3.35335281          0.00017857          0.00132558
   153   L1s      -9589.86222588          0.14745214          2.61200087          0.00012330          0.00091532
   154   L1s      -9589.86471588          0.21868401          6.28858603          0.00007318          0.00054314
   155   L1s      -9589.86808839          0.14870037          1.99520491          0.00009992          0.00074074
   156   L0s      -9589.87149429          0.20132246          6.19487924          0.00009992          0.00073980
   157   L1s      -9589.87390470          0.13608633          1.77861447          0.00007227          0.00053437
   158   L1s      -9589.87837773          0.14309026          1.92547741          0.00014453          0.00106626
   159   L1s      -9589.88115129          0.22702538          5.32506670          0.00009101          0.00067081
   160   L0s      -9589.88411286          0.12305504          1.44470571          0.00009101          0.00066269
   161   L1s      -9589.88843313          0.17107850          3.91142799          0.00011261          0.00083367
   162   L1s      -9589.89027246          0.16132298          4.01219240          0.00005012          0.00038878
   163   L1s      -9589.89334830          0.15560844          3.12023991          0.00008524          0.00068798
   164   L1s      -9589.89535232          0.20068270          4.79060363          0.00005651          0.00046465
   165   L1s      -9589.89947255          0.15123748          3.06551639          0.00011736          0.00098105
   166   L1s      -9589.90435814          0.15418354          1.99721276          0.00014159          0.00118112
   167   L1s      -9589.90655521          0.21074561          4.66057023          0.00006472          0.00053717
   168   L1s      -9589.90962621          0.12391696          1.74624524          0.00009123          0.00073707
   169   L1s      -9589.91361424          0.12966977          2.19332565          0.00012132          0.00094291
   170   L1s      -9589.91542481          0.19176095          5.44872164          0.00005623          0.00042742
   171   L1s      -9589.91798667          0.12520194          1.82610168          0.00008029          0.00058192
   172   L0s      -9589.92044945          0.18821896          5.01974381          0.00008029          0.00057125
   173   L1s      -9589.92255191          0.12750402          1.76775144          0.00006842          0.00048487
   174   L1s      -9589.92638964          0.14612963          2.70501029          0.00012247          0.00086425
   175   L1s      -9589.92760750          0.15066839          3.46426258          0.00003944          0.00027725
   176   L1s      -9589.93028540          0.11786642          2.25100886          0.00008791          0.00061425
   177   L0s      -9589.93291121          0.14113410          3.60035207          0.00008791          0.00061171
   178   L1s      -9589.93412611          0.13081112          3.05019202          0.00004129          0.00028599
   179   L1s      -9589.93624146          0.12279520          2.60277944          0.00007324          0.00050458
   180   L1s      -9589.93720030          0.12919832          3.32936330          0.00003380          0.00023185
   181   L1s      -9589.93910083          0.10182398          1.41909787          0.00006805          0.00046416
   182   L1s      -9589.94168027          0.11303380          2.58977341          0.00009460          0.00064393
   183   L1s      -9589.94241516          0.12083553          2.56781062          0.00002746          0.00018675
   184   L1s      -9589.94463975          0.10522611          2.06878734          0.00008456          0.00057551
   185   L1s      -9589.94557893          0.12627825          2.91605893          0.00003643          0.00024816
   186   L1s      -9589.94718948          0.09607110          1.70704567          0.00006328          0.00043862
----------------------------------------------------------------------------------------------------------------

Minimization converged.

-------------------  Conjugate Gradient Minimizer Statistics -------------------
Iterations             =            186  Function Calls         =            356
--------------------------------------------------------------------------------
