
#-----------------------------------------------------------------------------#
#                                                                             #
#                                EasyHybrid                                   #
#                   - A pDynamo graphical user interface -                    #
#                                                                             #
#-----------------------------------------------------------------------------#
#                                                                             #
#     Developed by Jose Fernando R Bachega and Luis Fernando S M Timmers      #
#                            <ferbachega@gmail.com>                           #
#                                                                             #
#             visit: https://sites.google.com/site/EasyHybrid/                #
#                   Univesity of Sao Paulo - SP, Brazil                       #
#      Pontifical Catholic University of Rio Grande do Sul - RS, Brazil       #
#                                                                             #
#                                                                             #
#   EasyHybrid team:                               Special thanks to:         #
#   - Jose Fernando R Bachega           |         - Fernando V Maluf          #
#   - Michele Silva                     |                                     #
#   - Luis Fernando S M Timmers         |                                     #
#   - Martin Field                      |         - Leonardo R Bachega        #
#   - Troy Wymore                       |         - Lucas Assirati            #
#   - Osmar Norberto de Souza           |         - Richard Garratt           #
#   - Walter R Paixao-Cortes            |                                     #
#                                                                             #
#   Cite this work as:                                                        #
#   J.F.R. Bachega, L.F.S.M. Timmers, L.Assirati, L.B. Bachega, M.J. Field,   #
#   T. Wymore. J. Comput. Chem. 2013, 34, 2190-2196. DOI: 10.1002/jcc.23346   #
#                                                                             #
#-----------------------------------------------------------------------------#

Generated on Wed Jun  5 17:58:25 2019


--------------------------------------------------------------------------------
                        Summary for System "12_ramon_new"
--------------------------------------------------------------------------------

---------------------------- Atom Container Summary ----------------------------
Number of Atoms        =           2173  Number of Heavy Atoms  =           1040
Number of Hydrogens    =           1133  Number of Unknowns     =              0
--------------------------------------------------------------------------------

----------------------------- Connectivity Summary -----------------------------
Atoms                  =           2173
--------------------------------------------------------------------------------

------------------------------- Electronic State -------------------------------
Charge                 =             -1  Multiplicity           =              1
--------------------------------------------------------------------------------

--------------------------------------------------------------------------------
                 Summary for Energy Model "AMBER/AM1DPHOT/ABFS"
--------------------------------------------------------------------------------

----------------------------------- Summary for MM Model "AMBER" -----------------------------------
LJ 1-4 Scaling                   =          0.500  El. 1-4 Scaling                  =          0.833
Number of MM Atoms               =           2173  Number of MM Atom Types          =             37
Number of Inactive MM Atoms      =             33  Total MM Charge                  =          -4.00
Harmonic Bond Terms              =           2169  Harmonic Bond Parameters         =             49
Harmonic Bond Inactive           =           1308  Fourier Improper Terms           =            320
Fourier Improper Parameters      =              3  Fourier Improper Inactive        =            164
Harmonic Angle Terms             =           3403  Harmonic Angle Parameters        =            103
Harmonic Angle Inactive          =           1938  Fourier Dihedral Terms           =           6697
Fourier Dihedral Parameters      =             48  Fourier Dihedral Inactive        =           3453
Exclusions                       =          10377  1-4 Interactions                 =           4805
LJ Parameters Form               =          AMBER  LJ Parameters Types              =             21
1-4 Lennard-Jones Form           =          AMBER  1-4 Lennard-Jones Types          =             21
----------------------------------------------------------------------------------------------------

------------------------ Summary for QC Model "AM1DPHOT" -----------------------
Number of QC Atoms     =             39  Boundary Atoms         =              6
Nuclear Charge         =            129  Orbital Functions      =            113
Fitting Functions      =              0  Energy Base Line       =      189.57630
QC Parameter Centers   =              6
--------------------------------------------------------------------------------

----------------------------- ABFS NB Model Summary ----------------------------
Dielectric             =       1.000000  El. 1-4 Scaling        =       0.833333
Damping Cutoff         =       0.500000  Inner Cutoff           =       8.000000
List Cutoff            =      13.500000  Outer Cutoff           =      12.000000
QC/MM Coupling         =    RC Coupling  Use Centering          =          False
--------------------------------------------------------------------------------

-------------------------- Pairlist Generator Summary --------------------------
Cell Size              =          6.750  Cutoff                 =         13.500
Cutoff Cell Size Factor =          0.500  Grid Cell/Cell Method  =           True
Minimum Cell Extent    =              2  Minimum Cell Size      =          3.000
Minimum Extent Factor  =          1.500  Minimum Points         =            500
Sort Indices           =          False
--------------------------------------------------------------------------------

----------------------- SoftConstraint Container Summary -----------------------
Multiple Distance      =              2
--------------------------------------------------------------------------------

---------------------------- Hard Constraint Container Summary ---------------------------
Number of Charge Constraints  =            0  Number of Fixed Atoms         =         1351
------------------------------------------------------------------------------------------

------------------------------- Sequence Summary -------------------------------
Number of Atoms            =       2173  Number of Components       =        213
Number of Entities         =          1  Number of Linear Polymers  =          0
Number of Links            =          0  Number of Variants         =          0
--------------------------------------------------------------------------------

-------------------------------  Conjugate Gradient Minimizer Options ------------------------------
Beta Type                        =              1  Initial Step                     =            0.1
Line Searcher                    =           None  Log Frequency                    =              1
Maximum Iterations               =            500  Maximum Theta                    =          1e+10
Minimum Theta                    =          1e-10  RMS Gradient Tolerance           =            0.1
Steepest Descent Tolerance       =          0.001  Use Spectral Theta               =           True
----------------------------------------------------------------------------------------------------

----------------------------------------------------------------------------------------------------------------
  Iteration       Function          RMS Gradient        Max. |Grad.|          RMS Disp.         Max. |Disp.|
----------------------------------------------------------------------------------------------------------------
     0     I      -9388.75199031         77.50044754       2951.97378977          0.00201374          0.07670289
     1   L1s      -9535.47774878          6.94110186        170.64936506          0.00154532          0.03783757
     2   L1s      -9537.20002965          4.23146896         99.50412883          0.00020214          0.00507867
     3   L1s      -9539.77780410          3.31926080         78.89883667          0.00058357          0.01757157
     4   L1s      -9542.23855048          2.54642664         50.24461544          0.00080864          0.02001944
     5   L1s      -9542.63988817          2.77778122         67.30027938          0.00018508          0.00370514
     6   L1s      -9543.35360266          1.53389124         37.15554066          0.00038873          0.00904482
     7   L1s      -9543.68370126          1.90327750         42.20670716          0.00025022          0.00672965
     8   L1s      -9543.90259466          1.55545249         25.34719470          0.00018988          0.00515677
     9   L1s      -9544.56358097          1.37303875         27.79724168          0.00066915          0.01909175
    10   L1s      -9544.71238636          1.56177932         35.02893883          0.00017385          0.00474049
    11   L1s      -9544.86722667          1.12215699         30.52818157          0.00019802          0.00556435
    12   L1s      -9545.05761954          0.74828238         13.17661995          0.00028041          0.00777644
    13   L0s      -9545.21421614          0.80816386         24.81076742          0.00028041          0.00663185
    14   L1s      -9545.25321647          0.78512749         19.57725838          0.00008074          0.00200457
    15   L1s      -9545.32699377          0.61692312         14.00660321          0.00017425          0.00398644
    16   L1s      -9545.35400595          0.73564747         17.90951598          0.00007298          0.00160913
    17   L1s      -9545.41866444          0.46636058          7.62387728          0.00018870          0.00370505
    18   L1s      -9545.46293615          0.40944192          7.22196910          0.00015041          0.00255232
    19   L1s      -9545.48941594          0.61233601         18.17497009          0.00010396          0.00190116
    20   L1s      -9545.50752340          0.38392172          6.26335958          0.00007501          0.00123879
    21   L1s      -9545.52851215          0.36435555          6.90672134          0.00009761          0.00144048
    22   L1s      -9545.53778875          0.37793354          7.96446451          0.00004781          0.00073390
    23   L1s      -9545.55424846          0.31315194          5.69307687          0.00009187          0.00129846
    24   L1s      -9545.57366378          0.27710813          4.59858933          0.00011947          0.00173448
    25   L1s      -9545.58065133          0.41051726          8.51673904          0.00004763          0.00061869
    26   L1s      -9545.59807998          0.26812111          3.85883882          0.00012371          0.00145219
    27   L0s      -9545.61373075          0.29220053          6.20227763          0.00012371          0.00151591
    28   L1s      -9545.61905870          0.28626798          6.00081801          0.00004434          0.00046979
    29   L1s      -9545.62910367          0.25266698          4.82709951          0.00008636          0.00089821
    30   L0s      -9545.63894281          0.33365886          8.69910605          0.00008636          0.00083936
    31   L1s      -9545.64462028          0.23953376          3.48737965          0.00005278          0.00044753
    32   L1s      -9545.65733085          0.23352719          3.44144713          0.00013547          0.00112751
    33   L1s      -9545.66640615          0.27685768          6.93080388          0.00010173          0.00088802
    34   L1s      -9545.67052675          0.24956439          4.28260566          0.00004774          0.00044877
    35   L1s      -9545.67968866          0.20882909          3.77056462          0.00011024          0.00107441
    36   L1s      -9545.68307580          0.24151859          7.31431289          0.00004282          0.00042095
    37   L1s      -9545.68937003          0.20733009          3.46411799          0.00008233          0.00079214
    38   L1s      -9545.69771419          0.24279054          3.83204151          0.00011391          0.00106913
    39   L1s      -9545.70142195          0.25623827          4.90044227          0.00005212          0.00048736
    40   L1s      -9545.70829547          0.19349842          2.39438166          0.00009904          0.00089511
    41   L1s      -9545.71684651          0.19288227          3.75629708          0.00012837          0.00111743
    42   L1s      -9545.71928502          0.21038953          5.38442310          0.00003801          0.00032097
    43   L1s      -9545.72442930          0.17626259          2.77132514          0.00008259          0.00066844
    44   L1s      -9545.72731476          0.21999437          7.08639433          0.00004819          0.00037952
    45   L1s      -9545.73124043          0.18281043          2.60447934          0.00006714          0.00051386
    46   L1s      -9545.73913930          0.18263890          2.28485166          0.00013959          0.00109251
    47   L1s      -9545.74216747          0.22151528          4.77627766          0.00005515          0.00043536
    48   L0s      -9545.74516263          0.15537762          2.50591012          0.00005515          0.00043690
    49   L1s      -9545.75086102          0.15938437          2.32009599          0.00010820          0.00087497
    50   L1s      -9545.75362503          0.22325814          6.12728368          0.00005470          0.00044872
    51   L1s      -9545.75760539          0.14779931          2.03194976          0.00008010          0.00065905
    52   L1s      -9545.76070267          0.21403532          6.24107762          0.00006461          0.00052748
    53   L1s      -9545.76324657          0.15420905          2.52026528          0.00005394          0.00043278
    54   L1s      -9545.76717962          0.14402736          2.71277043          0.00008591          0.00070068
    55   L0s      -9545.77130945          0.14497747          3.33827984          0.00008591          0.00067977
    56   L1s      -9545.77261196          0.15026981          3.17325839          0.00002821          0.00021804
    57   L1s      -9545.77607052          0.13949764          1.54547532          0.00008280          0.00064509
    58   L1s      -9545.77897078          0.21490605          6.22155850          0.00007147          0.00055967
    59   L1s      -9545.78226373          0.16392310          2.91083564          0.00008210          0.00064080
    60   L0s      -9545.78577088          0.13579708          1.88740335          0.00008210          0.00062307
    61   L1s      -9545.78755870          0.19068620          5.41897531          0.00004176          0.00032266
    62   L1s      -9545.79098188          0.13709649          1.88512749          0.00008449          0.00065987
    63   L1s      -9545.79509324          0.14923579          2.15051686          0.00010435          0.00079926
    64   L1s      -9545.79705464          0.19409958          4.49180711          0.00005090          0.00038304
    65   L1s      -9545.80003270          0.13690474          2.26291963          0.00007828          0.00055796
    66   L0s      -9545.80314804          0.14999273          3.50403069          0.00007828          0.00052228
    67   L1s      -9545.80515468          0.18237927          5.28304352          0.00005230          0.00036606
    68   L1s      -9545.80893818          0.14779731          2.44476794          0.00010474          0.00076377
    69   L1s      -9545.81158194          0.20333606          5.35879747          0.00007461          0.00053767
    70   L1s      -9545.81384377          0.12219847          1.53371529          0.00006447          0.00041988
    71   L1s      -9545.81691087          0.14002539          2.67554800          0.00008977          0.00059605
    72   L1s      -9545.81964050          0.18591465          4.77876827          0.00008144          0.00054898
    73   L1s      -9545.82151225          0.14587338          1.88643495          0.00005644          0.00038813
    74   L1s      -9545.82534553          0.16176417          4.18455438          0.00011752          0.00081586
    75   L1s      -9545.82730226          0.17701182          4.48144334          0.00006078          0.00042390
    76   L1s      -9545.83056265          0.12654168          1.75801366          0.00010237          0.00071191
    77   L1s      -9545.83329716          0.18991389          4.00661131          0.00008762          0.00060514
    78   L1s      -9545.83531333          0.15422358          2.56082445          0.00006518          0.00044265
    79   L1s      -9545.83819905          0.11787596          1.53099067          0.00009452          0.00061448
    80   L0s      -9545.84093198          0.16478876          4.21988735          0.00009452          0.00060731
    81   L1s      -9545.84239031          0.14689154          2.50332413          0.00005012          0.00032453
    82   L1s      -9545.84586499          0.15161024          3.54243587          0.00011628          0.00075843
    83   L1s      -9545.84739578          0.15677457          4.29443244          0.00005188          0.00034064
    84   L1s      -9545.85017471          0.12768756          2.67873270          0.00009525          0.00064330
    85   L0s      -9545.85286366          0.14185876          2.02444535          0.00009525          0.00063875
    86   L1s      -9545.85447308          0.18468259          3.96665642          0.00005756          0.00038831
    87   L1s      -9545.85800807          0.12366349          1.58179456          0.00012622          0.00087555
    88   L0s      -9545.86162171          0.13094666          1.76170752          0.00012622          0.00090667
    89   L1s      -9545.86320310          0.17309700          4.19217851          0.00005638          0.00041211
    90   L1s      -9545.86552679          0.12866643          2.84703644          0.00008539          0.00063878
    91   L1s      -9545.86815963          0.11277414          1.22142970          0.00009815          0.00074827
    92   L1s      -9545.87003907          0.18104126          5.24389846          0.00007135          0.00054647
    93   L1s      -9545.87225560          0.12007514          2.00591915          0.00008473          0.00065133
    94   L0s      -9545.87457353          0.16315085          4.65956694          0.00008473          0.00065002
    95   L1s      -9545.87612579          0.12265909          2.79521774          0.00005892          0.00044988
    96   L1s      -9545.87849307          0.11204599          1.89499281          0.00010113          0.00076255
    97   L1s      -9545.88041480          0.16112464          3.76443438          0.00008326          0.00062655
    98   L1s      -9545.88183452          0.12193134          1.61033466          0.00006192          0.00046997
    99   L1s      -9545.88385859          0.10500656          1.93785544          0.00008930          0.00068513
   100   L1s      -9545.88503113          0.14123667          4.00780835          0.00005252          0.00040525
   101   L1s      -9545.88659275          0.09960738          1.29529173          0.00007052          0.00055001
----------------------------------------------------------------------------------------------------------------

Minimization converged.

-------------------  Conjugate Gradient Minimizer Statistics -------------------
Iterations             =            101  Function Calls         =            192
--------------------------------------------------------------------------------
