
#-----------------------------------------------------------------------------#
#                                                                             #
#                                EasyHybrid                                   #
#                   - A pDynamo graphical user interface -                    #
#                                                                             #
#-----------------------------------------------------------------------------#
#                                                                             #
#     Developed by Jose Fernando R Bachega and Luis Fernando S M Timmers      #
#                            <ferbachega@gmail.com>                           #
#                                                                             #
#             visit: https://sites.google.com/site/EasyHybrid/                #
#                   Univesity of Sao Paulo - SP, Brazil                       #
#      Pontifical Catholic University of Rio Grande do Sul - RS, Brazil       #
#                                                                             #
#                                                                             #
#   EasyHybrid team:                               Special thanks to:         #
#   - Jose Fernando R Bachega           |         - Fernando V Maluf          #
#   - Michele Silva                     |                                     #
#   - Luis Fernando S M Timmers         |                                     #
#   - Martin Field                      |         - Leonardo R Bachega        #
#   - Troy Wymore                       |         - Lucas Assirati            #
#   - Osmar Norberto de Souza           |         - Richard Garratt           #
#   - Walter R Paixao-Cortes            |                                     #
#                                                                             #
#   Cite this work as:                                                        #
#   J.F.R. Bachega, L.F.S.M. Timmers, L.Assirati, L.B. Bachega, M.J. Field,   #
#   T. Wymore. J. Comput. Chem. 2013, 34, 2190-2196. DOI: 10.1002/jcc.23346   #
#                                                                             #
#-----------------------------------------------------------------------------#

Generated on Wed Jun  5 18:03:30 2019


--------------------------------------------------------------------------------
                        Summary for System "12_ramon_new"
--------------------------------------------------------------------------------

---------------------------- Atom Container Summary ----------------------------
Number of Atoms        =           2173  Number of Heavy Atoms  =           1040
Number of Hydrogens    =           1133  Number of Unknowns     =              0
--------------------------------------------------------------------------------

----------------------------- Connectivity Summary -----------------------------
Atoms                  =           2173
--------------------------------------------------------------------------------

------------------------------- Electronic State -------------------------------
Charge                 =             -1  Multiplicity           =              1
--------------------------------------------------------------------------------

--------------------------------------------------------------------------------
                 Summary for Energy Model "AMBER/AM1DPHOT/ABFS"
--------------------------------------------------------------------------------

----------------------------------- Summary for MM Model "AMBER" -----------------------------------
LJ 1-4 Scaling                   =          0.500  El. 1-4 Scaling                  =          0.833
Number of MM Atoms               =           2173  Number of MM Atom Types          =             37
Number of Inactive MM Atoms      =             33  Total MM Charge                  =          -4.00
Harmonic Bond Terms              =           2169  Harmonic Bond Parameters         =             49
Harmonic Bond Inactive           =           1308  Fourier Improper Terms           =            320
Fourier Improper Parameters      =              3  Fourier Improper Inactive        =            164
Harmonic Angle Terms             =           3403  Harmonic Angle Parameters        =            103
Harmonic Angle Inactive          =           1938  Fourier Dihedral Terms           =           6697
Fourier Dihedral Parameters      =             48  Fourier Dihedral Inactive        =           3453
Exclusions                       =          10377  1-4 Interactions                 =           4805
LJ Parameters Form               =          AMBER  LJ Parameters Types              =             21
1-4 Lennard-Jones Form           =          AMBER  1-4 Lennard-Jones Types          =             21
----------------------------------------------------------------------------------------------------

------------------------ Summary for QC Model "AM1DPHOT" -----------------------
Number of QC Atoms     =             39  Boundary Atoms         =              6
Nuclear Charge         =            129  Orbital Functions      =            113
Fitting Functions      =              0  Energy Base Line       =      189.57630
QC Parameter Centers   =              6
--------------------------------------------------------------------------------

----------------------------- ABFS NB Model Summary ----------------------------
Dielectric             =       1.000000  El. 1-4 Scaling        =       0.833333
Damping Cutoff         =       0.500000  Inner Cutoff           =       8.000000
List Cutoff            =      13.500000  Outer Cutoff           =      12.000000
QC/MM Coupling         =    RC Coupling  Use Centering          =          False
--------------------------------------------------------------------------------

-------------------------- Pairlist Generator Summary --------------------------
Cell Size              =          6.750  Cutoff                 =         13.500
Cutoff Cell Size Factor =          0.500  Grid Cell/Cell Method  =           True
Minimum Cell Extent    =              2  Minimum Cell Size      =          3.000
Minimum Extent Factor  =          1.500  Minimum Points         =            500
Sort Indices           =          False
--------------------------------------------------------------------------------

----------------------- SoftConstraint Container Summary -----------------------
Multiple Distance      =              2
--------------------------------------------------------------------------------

---------------------------- Hard Constraint Container Summary ---------------------------
Number of Charge Constraints  =            0  Number of Fixed Atoms         =         1351
------------------------------------------------------------------------------------------

------------------------------- Sequence Summary -------------------------------
Number of Atoms            =       2173  Number of Components       =        213
Number of Entities         =          1  Number of Linear Polymers  =          0
Number of Links            =          0  Number of Variants         =          0
--------------------------------------------------------------------------------

-------------------------------  Conjugate Gradient Minimizer Options ------------------------------
Beta Type                        =              1  Initial Step                     =            0.1
Line Searcher                    =           None  Log Frequency                    =              1
Maximum Iterations               =            500  Maximum Theta                    =          1e+10
Minimum Theta                    =          1e-10  RMS Gradient Tolerance           =            0.1
Steepest Descent Tolerance       =          0.001  Use Spectral Theta               =           True
----------------------------------------------------------------------------------------------------

----------------------------------------------------------------------------------------------------------------
  Iteration       Function          RMS Gradient        Max. |Grad.|          RMS Disp.         Max. |Disp.|
----------------------------------------------------------------------------------------------------------------
     0     I      -9424.65951368         72.48962111       2723.79265421          0.00201374          0.07566616
     1   L1s      -9568.29758214          6.07966247        124.94204865          0.00159013          0.03324287
     2   L1s      -9571.45155250          8.17289556        245.36542326          0.00042113          0.00965754
     3   L1s      -9576.52378433          3.92812076        105.50695373          0.00084365          0.02309391
     4   L0s      -9579.44976092          2.64018470         67.31564111          0.00084365          0.02180155
     5   L1s      -9580.01784935          3.13717441         82.74832439          0.00023994          0.00706853
     6   L1s      -9581.02474526          1.89557587         32.18353364          0.00048726          0.01276521
     7   L1s      -9581.52920177          2.89151566         87.05557644          0.00032871          0.00824875
     8   L0s      -9581.95477576          1.61039445         35.43939779          0.00032871          0.00820303
     9   L1s      -9582.19288438          1.05152386         20.50520501          0.00024205          0.00569890
    10   L1s      -9582.33106714          1.36670839         30.02401851          0.00016094          0.00327206
    11   L1s      -9582.42882056          0.81577611         12.58417603          0.00012772          0.00244910
    12   L1s      -9582.52799973          1.16801088         25.04345203          0.00016254          0.00297484
    13   L0s      -9582.62370841          0.86134273         15.67047931          0.00016254          0.00398623
    14   L1s      -9582.74437473          0.89564169         16.05433909          0.00022897          0.00629889
    15   L1s      -9582.80659027          1.09012249         25.52159112          0.00013375          0.00347061
    16   L1s      -9582.93040128          0.88694227         17.25647177          0.00028186          0.00733166
    17   L0s      -9583.04106988          0.98505038         23.59332810          0.00028186          0.00824536
    18   L1s      -9583.09744806          0.82769631         10.82788737          0.00014893          0.00407812
    19   L1s      -9583.18505000          0.83641008         13.61623753          0.00023689          0.00575456
    20   L1s      -9583.22807008          0.81156994         16.89514372          0.00012375          0.00323671
    21   L1s      -9583.31227560          0.52043260          6.35304433          0.00025632          0.00666014
    22   L1s      -9583.34867785          0.71068236         15.82461751          0.00012385          0.00287659
    23   L1s      -9583.37966575          0.54812486          9.68661629          0.00011122          0.00250889
    24   L1s      -9583.41880495          0.62376962         15.89194963          0.00015200          0.00378805
    25   L1s      -9583.44050893          0.44718905          7.46533426          0.00008872          0.00183973
    26   L1s      -9583.46625742          0.36837834          6.02175476          0.00011508          0.00216017
    27   L1s      -9583.48444935          0.57918654         16.73774289          0.00009078          0.00174769
    28   L1s      -9583.50608033          0.36523339          5.19157899          0.00011210          0.00217464
    29   L0s      -9583.52525431          0.45079273         12.35746631          0.00011210          0.00179558
    30   L1s      -9583.53633454          0.32492038          4.75499885          0.00006675          0.00101805
    31   L1s      -9583.55296056          0.35677200          6.53600551          0.00010255          0.00152154
    32   L1s      -9583.56246137          0.40312655          8.92738138          0.00006243          0.00078655
    33   L1s      -9583.57760092          0.31636515          4.90341281          0.00010404          0.00113124
    34   L1s      -9583.59440435          0.45707287         13.19942562          0.00012326          0.00161483
    35   L1s      -9583.60633354          0.29407962          3.52562849          0.00009002          0.00090666
    36   L1s      -9583.62101405          0.39547509          9.74872305          0.00011794          0.00123631
    37   L1s      -9583.63009632          0.35819466          6.54914248          0.00007531          0.00070138
    38   L1s      -9583.65043191          0.29626882          3.90949980          0.00017479          0.00203555
    39   L1s      -9583.65892812          0.39137074         10.96387960          0.00007666          0.00084256
    40   L1s      -9583.67449397          0.32542495          4.83514210          0.00014414          0.00162375
    41   L1s      -9583.68646580          0.42680999         10.84578913          0.00011473          0.00131942
    42   L0s      -9583.69728080          0.29440340          5.48807684          0.00011473          0.00141984
    43   L1s      -9583.70992823          0.32830946          5.46808836          0.00014913          0.00196293
    44   L1s      -9583.71769250          0.34340179          6.16952247          0.00008802          0.00120906
    45   L1s      -9583.72893595          0.26275137          4.12450632          0.00013021          0.00182286
    46   L1s      -9583.73654261          0.34412488          8.39682374          0.00009121          0.00127384
    47   L1s      -9583.74484777          0.23822891          3.50867991          0.00010150          0.00138573
    48   L1s      -9583.75416591          0.33102043          6.16091480          0.00011822          0.00159527
    49   L1s      -9583.76085698          0.29115128          4.65758338          0.00008648          0.00115087
    50   L1s      -9583.77463312          0.30945338          6.04388666          0.00018206          0.00240836
    51   L1s      -9583.78218582          0.33354024          7.85321587          0.00010172          0.00133988
    52   L1s      -9583.79200358          0.29176422          4.91177991          0.00013438          0.00175623
    53   L1s      -9583.80307765          0.34479353          8.85111380          0.00015473          0.00200137
    54   L1s      -9583.80903055          0.21154341          3.37072612          0.00008433          0.00106262
    55   L1s      -9583.81794116          0.28699692          6.93818640          0.00013073          0.00164495
    56   L1s      -9583.82302632          0.27564686          6.46292990          0.00007599          0.00095691
    57   L1s      -9583.83459858          0.28118164          5.36195823          0.00017625          0.00219090
    58   L1s      -9583.84093004          0.28582692          6.88243652          0.00009814          0.00119964
    59   L0s      -9583.84701180          0.23568005          4.74199714          0.00009814          0.00117488
    60   L1s      -9583.85432389          0.26765166          6.56646920          0.00012178          0.00145591
    61   L1s      -9583.85788179          0.18309061          3.39069935          0.00005922          0.00071155
    62   L1s      -9583.86507201          0.23658912          3.98151527          0.00012387          0.00146017
    63   L1s      -9583.86872272          0.22995859          4.47666250          0.00006413          0.00073253
    64   L1s      -9583.87384125          0.19771264          3.31068338          0.00009169          0.00099592
    65   L0s      -9583.87872572          0.24521174          5.07434035          0.00009169          0.00097082
    66   L1s      -9583.88238720          0.19675551          3.72347814          0.00006924          0.00071001
    67   L1s      -9583.88832723          0.22288977          4.16781455          0.00011149          0.00111506
    68   L1s      -9583.89118556          0.19626178          2.84278951          0.00005465          0.00052849
    69   L1s      -9583.89750780          0.21258616          4.31399022          0.00012368          0.00115305
    70   L1s      -9583.90155051          0.24534321          6.46986931          0.00008055          0.00073115
    71   L0s      -9583.90588529          0.16916941          2.45910904          0.00008055          0.00068739
    72   L0s      -9583.91065973          0.19822778          4.96028719          0.00008055          0.00066882
    73   L1s      -9583.91323363          0.17897363          2.79908840          0.00004740          0.00038456
    74   L1s      -9583.91873485          0.21122834          4.80163551          0.00010919          0.00101080
    75   L1s      -9583.92117384          0.18248973          3.56347269          0.00004932          0.00038425
    76   L1s      -9583.92580304          0.16733456          3.30144661          0.00009584          0.00081647
    77   L1s      -9583.92982504          0.21642292          4.99884327          0.00008555          0.00072245
    78   L1s      -9583.93264803          0.18064813          3.25396026          0.00006097          0.00054211
    79   L1s      -9583.93728841          0.20958832          4.28548960          0.00010237          0.00074386
    80   L1s      -9583.93996944          0.18368449          3.20183580          0.00006003          0.00047666
    81   L1s      -9583.94508846          0.15103462          1.82592188          0.00011682          0.00107509
    82   L1s      -9583.94760422          0.21296680          4.50043633          0.00005897          0.00056845
    83   L1s      -9583.95073173          0.14299549          1.82015090          0.00007427          0.00062805
    84   L0s      -9583.95369033          0.19655098          4.36310749          0.00007427          0.00064060
    85   L1s      -9583.95600797          0.14102641          2.10575693          0.00005818          0.00051468
    86   L1s      -9583.95897427          0.15530767          2.75275506          0.00007266          0.00072290
    87   L1s      -9583.96084647          0.18344556          3.56085535          0.00004689          0.00048438
    88   L1s      -9583.96427172          0.14227741          2.39944453          0.00008712          0.00081224
    89   L1s      -9583.96692216          0.19369383          4.70928319          0.00006912          0.00060893
    90   L0s      -9583.96941959          0.14086819          1.69203050          0.00006912          0.00066379
    91   L1s      -9583.97216374          0.17131442          3.80105896          0.00008045          0.00083765
    92   L1s      -9583.97376046          0.14247172          1.95796689          0.00004600          0.00051230
    93   L1s      -9583.97730837          0.13465113          2.08487686          0.00010421          0.00102166
    94   L1s      -9583.97943410          0.18507015          4.80279955          0.00006370          0.00066418
    95   L1s      -9583.98182830          0.13923219          1.78882046          0.00007253          0.00078515
    96   L0s      -9583.98419701          0.17308592          4.16359357          0.00007253          0.00084731
    97   L1s      -9583.98621081          0.13951417          2.07961452          0.00006257          0.00077400
    98   L1s      -9583.98947128          0.14544410          2.49484359          0.00010419          0.00120632
    99   L1s      -9583.99133483          0.18956925          5.01731937          0.00006048          0.00069049
   100   L1s      -9583.99455415          0.13907392          2.18676364          0.00010539          0.00133891
   101   L1s      -9583.99742343          0.17501551          4.35945858          0.00009550          0.00126856
   102   L1s      -9583.99936438          0.14277028          2.01069278          0.00006519          0.00086919
   103   L1s      -9584.00190887          0.14348096          3.52857653          0.00008671          0.00106976
   104   L1s      -9584.00312804          0.13380397          2.35714639          0.00004211          0.00047786
   105   L1s      -9584.00558843          0.11848677          1.59798934          0.00008628          0.00106745
   106   L0s      -9584.00803893          0.18004538          3.71768595          0.00008628          0.00110414
   107   L1s      -9584.00993224          0.13728616          1.97382861          0.00006776          0.00089081
   108   L1s      -9584.01272891          0.16785915          3.46506993          0.00010379          0.00133580
   109   L1s      -9584.01462551          0.14866705          2.47891640          0.00007101          0.00089909
   110   L1s      -9584.01721708          0.12631483          1.75629504          0.00009805          0.00133193
   111   L1s      -9584.01891146          0.16739079          3.65276874          0.00006504          0.00091990
   112   L0s      -9584.02067959          0.10342368          1.35440251          0.00006504          0.00096326
   113   L1s      -9584.02299532          0.12615611          2.24597178          0.00008032          0.00109646
   114   L1s      -9584.02423520          0.14060129          2.50236242          0.00004501          0.00057433
   115   L1s      -9584.02667889          0.13127086          2.64159044          0.00008984          0.00117813
   116   L1s      -9584.02789693          0.14557418          2.63961909          0.00004539          0.00061461
   117   L1s      -9584.03020433          0.11894198          2.51145632          0.00008694          0.00118264
   118   L0s      -9584.03249838          0.11879134          2.00080174          0.00008694          0.00113315
   119   L1s      -9584.03372014          0.14944891          3.69362166          0.00004708          0.00061037
   120   L1s      -9584.03599256          0.12516252          1.78668306          0.00008897          0.00123251
   121   L1s      -9584.03722623          0.14166207          3.48459390          0.00004898          0.00070879
   122   L1s      -9584.03934713          0.11622224          1.59077925          0.00008506          0.00121797
   123   L1s      -9584.04234223          0.14564475          2.93869252          0.00012200          0.00168348
   124   L1s      -9584.04367238          0.14938841          3.82647819          0.00005468          0.00073431
   125   L1s      -9584.04615126          0.12904723          2.24316865          0.00010280          0.00141687
   126   L1s      -9584.04771128          0.14641829          3.75600048          0.00006538          0.00091694
   127   L1s      -9584.04944641          0.10509243          1.28766804          0.00007337          0.00101678
   128   L1s      -9584.05180516          0.14994219          4.24490017          0.00010136          0.00137291
   129   L1s      -9584.05313582          0.14815513          3.31578251          0.00005765          0.00077359
   130   L1s      -9584.05632932          0.12952340          2.34715058          0.00013952          0.00200687
   131   L1s      -9584.05800684          0.14571376          4.18006716          0.00007414          0.00111010
   132   L0s      -9584.05972195          0.12468273          1.98300279          0.00007414          0.00111549
   133   L1s      -9584.06255316          0.16356717          4.43685013          0.00012263          0.00178502
   134   L1s      -9584.06393589          0.13882776          2.62461866          0.00006127          0.00084985
   135   L1s      -9584.06748157          0.12685175          1.96050883          0.00015851          0.00230749
   136   L1s      -9584.06915735          0.16488110          4.80016302          0.00007551          0.00110774
   137   L1s      -9584.07164615          0.12343339          1.77502980          0.00011283          0.00153370
   138   L0s      -9584.07392729          0.20910354          5.50918108          0.00011283          0.00150208
   139   L0s      -9584.07629138          0.15793909          2.91405087          0.00011283          0.00150027
   140   L1s      -9584.07989270          0.13834144          2.66998895          0.00015305          0.00214110
   141   L1s      -9584.08183529          0.17285679          4.99642827          0.00008256          0.00116881
   142   L1s      -9584.08450615          0.12628793          2.44811338          0.00011421          0.00154475
   143   L1s      -9584.08671474          0.19943654          4.31829353          0.00009558          0.00127693
   144   L0s      -9584.08913184          0.13519270          2.66436633          0.00009558          0.00128117
   145   L1s      -9584.09251714          0.14842072          3.09608940          0.00011976          0.00164956
   146   L1s      -9584.09422168          0.17811933          3.51994892          0.00006524          0.00090797
   147   L1s      -9584.09732272          0.15392554          3.24312011          0.00011956          0.00163779
   148   L1s      -9584.09878536          0.15111032          3.47941826          0.00005692          0.00076561
   149   L1s      -9584.10252918          0.15822154          2.73722843          0.00014715          0.00201872
   150   L1s      -9584.10569639          0.24031350          6.87223122          0.00012548          0.00173804
   151   L0s      -9584.10887849          0.14975954          2.55751041          0.00012548          0.00175055
   152   L1s      -9584.11273882          0.19393009          5.63135853          0.00015191          0.00208306
   153   L1s      -9584.11489267          0.15708963          2.48143037          0.00008557          0.00114095
   154   L1s      -9584.11864303          0.22813809          5.41845181          0.00015046          0.00201507
   155   L1s      -9584.12128534          0.16551004          2.34903199          0.00010648          0.00146817
   156   L1s      -9584.12708386          0.18167110          3.65442816          0.00023507          0.00327591
   157   L1s      -9584.12963955          0.22071915          4.98055626          0.00010439          0.00145752
   158   L1s      -9584.13344481          0.16826194          3.48742449          0.00015610          0.00217810
   159   L1s      -9584.13652614          0.22591664          7.08233525          0.00012731          0.00178279
   160   L1s      -9584.14092479          0.16997982          4.15344730          0.00018259          0.00260226
   161   L1s      -9584.14461298          0.25527438          7.49734665          0.00015401          0.00220137
   162   L0s      -9584.14829017          0.18294759          4.33327497          0.00015401          0.00218370
   163   L1s      -9584.15472361          0.20728480          3.58094951          0.00027134          0.00382997
   164   L1s      -9584.15780678          0.24364233          5.82984035          0.00013016          0.00184077
   165   L1s      -9584.16504792          0.25886743          6.15236245          0.00030735          0.00439449
   166   L1s      -9584.16883366          0.22335773          4.88817284          0.00016162          0.00235083
   167   L1s      -9584.17601151          0.21700559          4.08363136          0.00030575          0.00449112
   168   L1s      -9584.18196547          0.36541831          9.17941950          0.00025468          0.00374272
   169   L1s      -9584.19151824          0.26063007          4.29232182          0.00041055          0.00602103
   170   L1s      -9584.20270055          0.33496156         10.10351667          0.00048009          0.00707081
   171   L1s      -9584.20928690          0.28603833          4.22567804          0.00028386          0.00421445
   172   L1s      -9584.22162971          0.43220291         11.86329999          0.00053189          0.00790247
   173   L1s      -9584.23153132          0.30294409          3.74661588          0.00042375          0.00626715
   174   L1s      -9584.25140422          0.36302011          6.46373895          0.00085270          0.01258426
   175   L1s      -9584.26020427          0.42031649         10.86486162          0.00036938          0.00545896
   176   L1s      -9584.27882195          0.38179063          7.13676051          0.00078218          0.01166050
   177   L1s      -9584.29200807          0.46729986         13.07946325          0.00055697          0.00835477
   178   L1s      -9584.31399520          0.35330206          6.88068865          0.00090582          0.01369586
   179   L1s      -9584.32959741          0.52187500         12.43611220          0.00061364          0.00928657
   180   L0s      -9584.34521231          0.34860212          8.52642241          0.00061364          0.00928478
   181   L1s      -9584.36644726          0.34941295          6.62405893          0.00081911          0.01243983
   182   L1s      -9584.37762429          0.41333052         12.20576573          0.00042876          0.00650538
   183   L1s      -9584.39322310          0.30940740          4.86845800          0.00059338          0.00885139
   184   L1s      -9584.40211736          0.42875139         11.98662857          0.00033366          0.00492008
   185   L1s      -9584.41785447          0.28326483          5.68633024          0.00059190          0.00851465
   186   L0s      -9584.43306313          0.31854298          5.19752940          0.00059190          0.00848158
   187   L1s      -9584.44237321          0.39155365          8.17150779          0.00035380          0.00504878
   188   L1s      -9584.45487939          0.31668249          5.51177937          0.00045419          0.00639167
   189   L1s      -9584.46408471          0.41819839         10.08181537          0.00033145          0.00461506
   190   L1s      -9584.47993929          0.27135181          3.50959821          0.00057179          0.00786031
   191   L1s      -9584.49876343          0.31991858          4.92145698          0.00065864          0.00912825
   192   L1s      -9584.51133080          0.43251789         12.29293489          0.00043731          0.00613512
   193   L0s      -9584.52462359          0.29391253          4.12542626          0.00043731          0.00587748
   194   L1s      -9584.53547913          0.47478278         12.77861588          0.00033136          0.00457710
   195   L1s      -9584.55483385          0.33655855          6.21839164          0.00060561          0.00820178
   196   L0s      -9584.57387242          0.36573564          9.05515508          0.00060561          0.00812111
   197   L1s      -9584.58264963          0.35029380          7.83731730          0.00027897          0.00363100
   198   L1s      -9584.59879218          0.33548549          7.73939986          0.00049463          0.00642796
   199   L1s      -9584.61022836          0.45688723         12.45767127          0.00035056          0.00432955
   200   L1s      -9584.62454105          0.30918596          6.02230206          0.00043817          0.00540666
   201   L1s      -9584.64242028          0.43290943         13.17232478          0.00054970          0.00665692
   202   L1s      -9584.65317262          0.30085335          4.79883658          0.00032811          0.00388208
   203   L1s      -9584.66777802          0.29872263          4.76507226          0.00044281          0.00489357
   204   L1s      -9584.67527719          0.38647122         10.83066532          0.00022701          0.00259335
   205   L1s      -9584.68906707          0.27985877          3.83345369          0.00041876          0.00455642
   206   L1s      -9584.69818816          0.37190574         10.98188216          0.00027688          0.00298289
   207   L1s      -9584.70889069          0.26040195          3.79918591          0.00032584          0.00330084
   208   L1s      -9584.72136081          0.29840039          6.42777084          0.00038034          0.00397981
   209   L1s      -9584.72732874          0.32295656          7.29396304          0.00018255          0.00183229
   210   L1s      -9584.73858667          0.27252053          4.89989580          0.00034577          0.00345278
   211   L1s      -9584.74485510          0.32218902          8.96969505          0.00019393          0.00193028
   212   L1s      -9584.75578530          0.21593356          2.52049886          0.00033856          0.00337217
   213   L1s      -9584.76512213          0.31149837          7.92544824          0.00029078          0.00287538
   214   L1s      -9584.77000385          0.22911152          4.19946920          0.00015220          0.00147462
   215   L1s      -9584.77769283          0.29562408          7.56274432          0.00024075          0.00229933
   216   L1s      -9584.78300292          0.24399279          4.20108067          0.00016675          0.00156275
   217   L1s      -9584.79367777          0.23059879          5.29383893          0.00033687          0.00313384
   218   L1s      -9584.80054809          0.31259253          7.15900655          0.00021776          0.00201868
   219   L1s      -9584.80656468          0.22565135          4.79501233          0.00019144          0.00179194
   220   L0s      -9584.81245579          0.28813332          7.53604741          0.00019144          0.00180170
   221   L1s      -9584.81764470          0.22280318          4.89665748          0.00016841          0.00159829
   222   L1s      -9584.82712478          0.21502081          2.88053837          0.00030243          0.00289748
   223   L1s      -9584.83216477          0.29722138          6.87924067          0.00016198          0.00156000
   224   L1s      -9584.83978558          0.21279317          3.16864784          0.00024581          0.00239368
   225   L1s      -9584.84403964          0.28741570          7.18081572          0.00013820          0.00135398
   226   L1s      -9584.85101742          0.20759795          3.67872983          0.00022748          0.00225429
   227   L0s      -9584.85861360          0.21541519          4.49508610          0.00022748          0.00227335
   228   L1s      -9584.86251950          0.23707591          5.31747651          0.00011872          0.00119533
   229   L1s      -9584.87101555          0.23688402          3.94495117          0.00028046          0.00284163
   230   L1s      -9584.87545809          0.29407372          6.43317727          0.00014731          0.00149803
   231   L1s      -9584.88304047          0.19357435          2.37389760          0.00025238          0.00258422
   232   L0s      -9584.89086572          0.24518335          6.40138643          0.00025238          0.00259198
   233   L1s      -9584.89518380          0.23297803          4.24199992          0.00014216          0.00146448
   234   L1s      -9584.90405320          0.22196593          4.49466746          0.00030657          0.00316325
   235   L1s      -9584.90717389          0.24910710          5.32171168          0.00010850          0.00112017
   236   L1s      -9584.91497759          0.18795760          3.16109063          0.00027251          0.00280818
   237   L1s      -9584.92189244          0.24147731          5.61038885          0.00024348          0.00250209
   238   L1s      -9584.92571047          0.20602971          3.85400660          0.00013500          0.00138092
   239   L1s      -9584.93143816          0.22100274          4.31257570          0.00020383          0.00207556
   240   L1s      -9584.93546450          0.27908993          5.81524066          0.00014402          0.00146248
   241   L1s      -9584.94227471          0.17531601          2.86773979          0.00024442          0.00246617
   242   L0s      -9584.94915896          0.20584409          4.09137274          0.00024442          0.00245506
   243   L1s      -9584.95255552          0.22441301          4.90197705          0.00012199          0.00122081
   244   L1s      -9584.95870184          0.19817097          3.42681763          0.00022541          0.00224341
   245   L1s      -9584.96166631          0.24563511          5.50981416          0.00010941          0.00108471
   246   L1s      -9584.96796314          0.16322486          1.98208504          0.00023332          0.00228951
   247   L0s      -9584.97451299          0.18740491          3.92660881          0.00023332          0.00227016
   248   L1s      -9584.97729351          0.20072977          4.29198392          0.00010103          0.00097625
   249   L1s      -9584.98234494          0.18894011          3.54926872          0.00019263          0.00184710
   250   L1s      -9584.98470954          0.20354861          4.01743523          0.00009074          0.00086421
   251   L1s      -9584.98884971          0.15969449          2.81180372          0.00015973          0.00150298
   252   L1s      -9584.99438782          0.15451830          1.78597715          0.00021553          0.00199823
   253   L1s      -9584.99785981          0.23163479          5.86349685          0.00013635          0.00125533
   254   L1s      -9585.00175354          0.16368359          3.31708826          0.00015353          0.00139298
   255   L1s      -9585.00458792          0.22322507          4.71254339          0.00011263          0.00101389
   256   L1s      -9585.00785238          0.14780842          2.30936759          0.00013027          0.00115211
   257   L1s      -9585.01274990          0.14848116          3.30836025          0.00019730          0.00171538
   258   L1s      -9585.01617554          0.17949943          3.94015888          0.00013932          0.00119727
   259   L1s      -9585.01832387          0.16576340          2.66037875          0.00008790          0.00074501
   260   L1s      -9585.02198929          0.19822912          4.52914139          0.00015106          0.00126744
   261   L1s      -9585.02404463          0.15435934          2.19441955          0.00008512          0.00070209
   262   L1s      -9585.02812210          0.13504915          1.95238675          0.00017022          0.00137178
   263   L0s      -9585.03243314          0.14792570          2.69917059          0.00017022          0.00134500
   264   L1s      -9585.03432172          0.17867926          4.00211659          0.00007620          0.00059456
   265   L1s      -9585.03824945          0.17610082          3.01520055          0.00016691          0.00128730
   266   L1s      -9585.03997788          0.16141792          3.48852151          0.00007389          0.00056247
   267   L1s      -9585.04409480          0.13643087          1.43016088          0.00017721          0.00132657
   268   L1s      -9585.04939856          0.13982425          2.13693643          0.00023046          0.00169780
   269   L1s      -9585.05284897          0.16675833          4.00194296          0.00015126          0.00110174
   270   L1s      -9585.05499570          0.16643787          3.20723138          0.00009468          0.00069217
   271   L1s      -9585.05843860          0.15877407          3.02276265          0.00015279          0.00112047
   272   L1s      -9585.06037842          0.19639390          4.18294253          0.00008664          0.00063621
   273   L1s      -9585.06406193          0.13532565          2.13281081          0.00016522          0.00121186
   274   L1s      -9585.06869395          0.12968452          1.93931607          0.00020959          0.00152468
   275   L1s      -9585.07215833          0.17341537          4.44987777          0.00015825          0.00114301
   276   L1s      -9585.07452148          0.16944812          3.63916549          0.00010851          0.00077682
   277   L1s      -9585.07809620          0.13837157          1.96751708          0.00016506          0.00116319
   278   L1s      -9585.08073908          0.22178095          6.08502033          0.00012299          0.00086131
   279   L0s      -9585.08354085          0.13131982          1.77080021          0.00012299          0.00084157
   280   L1s      -9585.08732061          0.14209369          1.79035735          0.00014820          0.00100492
   281   L1s      -9585.09005612          0.22560459          6.03760352          0.00011331          0.00076782
   282   L0s      -9585.09291515          0.13241141          1.40238521          0.00011331          0.00080641
   283   L1s      -9585.09573447          0.20185330          6.09523650          0.00010278          0.00074208
   284   L0s      -9585.09867782          0.13784089          1.83343649          0.00010278          0.00075294
   285   L0s      -9585.10163879          0.22457555          6.74119021          0.00010278          0.00075944
   286   L1s      -9585.10404233          0.16234450          3.34961576          0.00008286          0.00062270
   287   L1s      -9585.10828711          0.17672988          3.33949318          0.00013206          0.00099912
   288   L1s      -9585.11077038          0.21392554          4.92512584          0.00007807          0.00059024
   289   L1s      -9585.11499958          0.19037324          4.32082225          0.00013392          0.00100066
   290   L1s      -9585.11721687          0.18391381          4.11630890          0.00007086          0.00052367
   291   L1s      -9585.12197217          0.16036004          3.58393884          0.00015340          0.00114475
   292   L1s      -9585.12450330          0.23212782          6.14234498          0.00008264          0.00061987
   293   L1s      -9585.12824918          0.16113200          3.66423658          0.00012300          0.00092570
   294   L0s      -9585.13218748          0.20270718          6.03734631          0.00012300          0.00091649
   295   L1s      -9585.13485208          0.16391117          3.16332016          0.00008591          0.00062760
   296   L1s      -9585.13814981          0.23445623          6.79878626          0.00011796          0.00085637
   297   L0s      -9585.14120658          0.16441402          2.85870892          0.00011796          0.00085239
   298   L1s      -9585.14631671          0.17524938          3.69594079          0.00021257          0.00151054
   299   L1s      -9585.14834195          0.20191529          5.35223712          0.00007954          0.00055576
   300   L1s      -9585.15179350          0.13395457          2.07186366          0.00013626          0.00090419
   301   L1s      -9585.15575716          0.17113708          4.37259728          0.00015835          0.00103404
   302   L1s      -9585.15713378          0.15441003          3.55924735          0.00005538          0.00035581
   303   L1s      -9585.16161878          0.14865921          2.25505034          0.00018193          0.00113736
   304   L1s      -9585.16392067          0.20128286          5.00456237          0.00009422          0.00059068
   305   L1s      -9585.16730504          0.16853201          2.58711374          0.00013923          0.00088117
   306   L1s      -9585.16918117          0.17588813          4.43530469          0.00007771          0.00049616
   307   L1s      -9585.17247634          0.14880958          2.84856003          0.00013734          0.00088805
   308   L1s      -9585.17643192          0.19643391          5.50519633          0.00016628          0.00108343
   309   L1s      -9585.17813145          0.15240229          2.61821087          0.00007179          0.00047376
   310   L1s      -9585.18237596          0.13677622          2.70162394          0.00018072          0.00121063
   311   L1s      -9585.18501002          0.21316148          5.92525814          0.00011323          0.00076272
   312   L1s      -9585.18739516          0.15052447          2.99839190          0.00010293          0.00070026
   313   L1s      -9585.19131487          0.15013811          2.27612308          0.00017048          0.00116966
   314   L1s      -9585.19334187          0.19423473          4.68423216          0.00008883          0.00061172
   315   L1s      -9585.19651702          0.16426543          3.88868415          0.00013978          0.00096612
   316   L1s      -9585.19831652          0.16440236          3.61211603          0.00007972          0.00055271
   317   L1s      -9585.20152471          0.13422587          2.05615520          0.00014300          0.00099387
   318   L1s      -9585.20416517          0.20755384          6.23291034          0.00011880          0.00082596
   319   L1s      -9585.20618857          0.12485749          1.88496659          0.00009139          0.00063524
   320   L1s      -9585.20992433          0.13503114          1.71205147          0.00017053          0.00118470
   321   L1s      -9585.21142135          0.18595278          6.12982985          0.00006893          0.00047881
   322   L1s      -9585.21446267          0.12272617          1.62864538          0.00014064          0.00097802
   323   L0s      -9585.21723463          0.17557231          4.37696594          0.00014064          0.00098007
   324   L1s      -9585.21876618          0.15339811          2.81744449          0.00007482          0.00052265
   325   L1s      -9585.22121997          0.15463204          4.13888718          0.00010873          0.00076241
   326   L1s      -9585.22269943          0.12906537          2.77547694          0.00006601          0.00046598
   327   L1s      -9585.22520337          0.12885325          2.44521355          0.00011282          0.00080316
   328   L1s      -9585.22675142          0.18665596          4.49178822          0.00007043          0.00050350
   329   L1s      -9585.22958537          0.12061144          2.34328583          0.00012953          0.00093503
   330   L0s      -9585.23223723          0.17299389          4.70486977          0.00012953          0.00093888
   331   L1s      -9585.23383062          0.14264080          2.26805925          0.00007600          0.00055293
   332   L1s      -9585.23602040          0.16327946          4.15184179          0.00009727          0.00070838
   333   L1s      -9585.23754988          0.12805436          2.08740797          0.00006837          0.00049751
   334   L1s      -9585.24041132          0.12574026          2.29172125          0.00012918          0.00093361
   335   L1s      -9585.24214999          0.18319626          5.25216607          0.00007928          0.00057009
   336   L1s      -9585.24432764          0.11982904          1.70903960          0.00009977          0.00070914
   337   L1s      -9585.24588267          0.15585879          5.08954699          0.00007201          0.00051227
   338   L1s      -9585.24777571          0.10940729          1.64686807          0.00008822          0.00062940
   339   L1s      -9585.25010324          0.17282858          3.94062754          0.00010983          0.00078484
   340   L1s      -9585.25149459          0.12416422          1.67351105          0.00006597          0.00047280
   341   L1s      -9585.25412366          0.13147603          3.21347997          0.00012584          0.00090213
   342   L1s      -9585.25531161          0.13382938          3.35888978          0.00005732          0.00041042
   343   L1s      -9585.25788935          0.13144854          3.21244787          0.00012539          0.00089314
   344   L1s      -9585.25882945          0.13078557          2.83243465          0.00004610          0.00032626
   345   L1s      -9585.26129007          0.11271255          2.72495743          0.00012165          0.00085129
   346   L1s      -9585.26303897          0.15182726          3.87004133          0.00008739          0.00060741
   347   L1s      -9585.26448449          0.12449542          2.68133411          0.00007263          0.00049943
   348   L1s      -9585.26635955          0.16876963          4.77039390          0.00009500          0.00064935
   349   L1s      -9585.26795976          0.10550534          2.10375193          0.00008144          0.00054812
   350   L1s      -9585.27032709          0.12019767          2.02944209          0.00012184          0.00081121
   351   L1s      -9585.27135747          0.14590301          2.99768228          0.00005348          0.00035369
   352   L1s      -9585.27387280          0.13582708          2.68490562          0.00013136          0.00086389
   353   L1s      -9585.27505944          0.12828217          2.94471883          0.00006236          0.00040804
   354   L1s      -9585.27699527          0.09738319          1.43852814          0.00010244          0.00066604
----------------------------------------------------------------------------------------------------------------

Minimization converged.

-------------------  Conjugate Gradient Minimizer Statistics -------------------
Iterations             =            354  Function Calls         =            669
--------------------------------------------------------------------------------
