
#-----------------------------------------------------------------------------#
#                                                                             #
#                                EasyHybrid                                   #
#                   - A pDynamo graphical user interface -                    #
#                                                                             #
#-----------------------------------------------------------------------------#
#                                                                             #
#     Developed by Jose Fernando R Bachega and Luis Fernando S M Timmers      #
#                            <ferbachega@gmail.com>                           #
#                                                                             #
#             visit: https://sites.google.com/site/EasyHybrid/                #
#                   Univesity of Sao Paulo - SP, Brazil                       #
#      Pontifical Catholic University of Rio Grande do Sul - RS, Brazil       #
#                                                                             #
#                                                                             #
#   EasyHybrid team:                               Special thanks to:         #
#   - Jose Fernando R Bachega           |         - Fernando V Maluf          #
#   - Michele Silva                     |                                     #
#   - Luis Fernando S M Timmers         |                                     #
#   - Martin Field                      |         - Leonardo R Bachega        #
#   - Troy Wymore                       |         - Lucas Assirati            #
#   - Osmar Norberto de Souza           |         - Richard Garratt           #
#   - Walter R Paixao-Cortes            |                                     #
#                                                                             #
#   Cite this work as:                                                        #
#   J.F.R. Bachega, L.F.S.M. Timmers, L.Assirati, L.B. Bachega, M.J. Field,   #
#   T. Wymore. J. Comput. Chem. 2013, 34, 2190-2196. DOI: 10.1002/jcc.23346   #
#                                                                             #
#-----------------------------------------------------------------------------#

Generated on Wed Jun  5 17:59:08 2019


--------------------------------------------------------------------------------
                        Summary for System "12_ramon_new"
--------------------------------------------------------------------------------

---------------------------- Atom Container Summary ----------------------------
Number of Atoms        =           2173  Number of Heavy Atoms  =           1040
Number of Hydrogens    =           1133  Number of Unknowns     =              0
--------------------------------------------------------------------------------

----------------------------- Connectivity Summary -----------------------------
Atoms                  =           2173
--------------------------------------------------------------------------------

------------------------------- Electronic State -------------------------------
Charge                 =             -1  Multiplicity           =              1
--------------------------------------------------------------------------------

--------------------------------------------------------------------------------
                 Summary for Energy Model "AMBER/AM1DPHOT/ABFS"
--------------------------------------------------------------------------------

----------------------------------- Summary for MM Model "AMBER" -----------------------------------
LJ 1-4 Scaling                   =          0.500  El. 1-4 Scaling                  =          0.833
Number of MM Atoms               =           2173  Number of MM Atom Types          =             37
Number of Inactive MM Atoms      =             33  Total MM Charge                  =          -4.00
Harmonic Bond Terms              =           2169  Harmonic Bond Parameters         =             49
Harmonic Bond Inactive           =           1308  Fourier Improper Terms           =            320
Fourier Improper Parameters      =              3  Fourier Improper Inactive        =            164
Harmonic Angle Terms             =           3403  Harmonic Angle Parameters        =            103
Harmonic Angle Inactive          =           1938  Fourier Dihedral Terms           =           6697
Fourier Dihedral Parameters      =             48  Fourier Dihedral Inactive        =           3453
Exclusions                       =          10377  1-4 Interactions                 =           4805
LJ Parameters Form               =          AMBER  LJ Parameters Types              =             21
1-4 Lennard-Jones Form           =          AMBER  1-4 Lennard-Jones Types          =             21
----------------------------------------------------------------------------------------------------

------------------------ Summary for QC Model "AM1DPHOT" -----------------------
Number of QC Atoms     =             39  Boundary Atoms         =              6
Nuclear Charge         =            129  Orbital Functions      =            113
Fitting Functions      =              0  Energy Base Line       =      189.57630
QC Parameter Centers   =              6
--------------------------------------------------------------------------------

----------------------------- ABFS NB Model Summary ----------------------------
Dielectric             =       1.000000  El. 1-4 Scaling        =       0.833333
Damping Cutoff         =       0.500000  Inner Cutoff           =       8.000000
List Cutoff            =      13.500000  Outer Cutoff           =      12.000000
QC/MM Coupling         =    RC Coupling  Use Centering          =          False
--------------------------------------------------------------------------------

-------------------------- Pairlist Generator Summary --------------------------
Cell Size              =          6.750  Cutoff                 =         13.500
Cutoff Cell Size Factor =          0.500  Grid Cell/Cell Method  =           True
Minimum Cell Extent    =              2  Minimum Cell Size      =          3.000
Minimum Extent Factor  =          1.500  Minimum Points         =            500
Sort Indices           =          False
--------------------------------------------------------------------------------

----------------------- SoftConstraint Container Summary -----------------------
Multiple Distance      =              2
--------------------------------------------------------------------------------

---------------------------- Hard Constraint Container Summary ---------------------------
Number of Charge Constraints  =            0  Number of Fixed Atoms         =         1351
------------------------------------------------------------------------------------------

------------------------------- Sequence Summary -------------------------------
Number of Atoms            =       2173  Number of Components       =        213
Number of Entities         =          1  Number of Linear Polymers  =          0
Number of Links            =          0  Number of Variants         =          0
--------------------------------------------------------------------------------

-------------------------------  Conjugate Gradient Minimizer Options ------------------------------
Beta Type                        =              1  Initial Step                     =            0.1
Line Searcher                    =           None  Log Frequency                    =              1
Maximum Iterations               =            500  Maximum Theta                    =          1e+10
Minimum Theta                    =          1e-10  RMS Gradient Tolerance           =            0.1
Steepest Descent Tolerance       =          0.001  Use Spectral Theta               =           True
----------------------------------------------------------------------------------------------------

----------------------------------------------------------------------------------------------------------------
  Iteration       Function          RMS Gradient        Max. |Grad.|          RMS Disp.         Max. |Disp.|
----------------------------------------------------------------------------------------------------------------
     0     I      -9382.03825804         78.63635214       3019.44167139          0.00201374          0.07732265
     1   L1s      -9536.54647865          6.12526313        157.36760176          0.00160049          0.04098130
     2   L1s      -9537.76732856          3.29759416         75.05320970          0.00016226          0.00378978
     3   L1s      -9539.48714048          2.42671837         62.89807946          0.00048307          0.01316591
     4   L1s      -9540.83250837          1.83589057         32.38901694          0.00058265          0.01365577
     5   L1s      -9541.12586565          2.34495720         62.49643411          0.00018248          0.00319457
     6   L1s      -9541.49263660          1.12936602         25.03088737          0.00026078          0.00409513
     7   L1s      -9541.62235600          1.09884094         21.58045067          0.00013087          0.00269908
     8   L1s      -9541.70749004          1.11252476         20.65550834          0.00010631          0.00223905
     9   L1s      -9541.95913057          0.99949168         15.57508911          0.00036439          0.00815744
    10   L1s      -9542.13960146          0.99309031         18.64679645          0.00029753          0.00643815
    11   L1s      -9542.20403769          1.08240869         24.10010945          0.00011845          0.00265594
    12   L1s      -9542.30415475          0.54794054          7.05321553          0.00019889          0.00420697
    13   L1s      -9542.39681249          0.52644404          6.82536114          0.00023061          0.00479427
    14   L1s      -9542.42376716          0.68508166         15.55783294          0.00007890          0.00145799
    15   L1s      -9542.46386045          0.46401217          6.17092301          0.00012657          0.00217218
    16   L0s      -9542.50030807          0.62305061         15.07788454          0.00012657          0.00223288
    17   L1s      -9542.52010527          0.44325192          7.60266253          0.00007486          0.00110169
    18   L1s      -9542.54781387          0.35122536          5.47733007          0.00012343          0.00152288
    19   L1s      -9542.57723641          0.38247171          5.94472554          0.00014770          0.00184993
    20   L1s      -9542.58873580          0.46948076         11.59175865          0.00006264          0.00080020
    21   L1s      -9542.60613944          0.26468635          3.50654549          0.00009947          0.00115111
    22   L1s      -9542.62368392          0.30782338          4.49654991          0.00011374          0.00154785
    23   L1s      -9542.63757856          0.49207358         14.39691424          0.00009722          0.00134113
    24   L0s      -9542.65245098          0.27725987          3.27166344          0.00009722          0.00109101
    25   L0s      -9542.66717066          0.52136636         17.44299190          0.00009722          0.00103255
    26   L1s      -9542.68081750          0.33255507          5.74702775          0.00008762          0.00083188
    27   L0s      -9542.69664826          0.29184329          5.20141370          0.00008762          0.00077003
    28   L1s      -9542.70405054          0.35172420          9.75761465          0.00004579          0.00038620
    29   L1s      -9542.71450452          0.24729706          4.30431865          0.00006961          0.00060006
    30   L1s      -9542.72672714          0.33146785          9.34101111          0.00009071          0.00078249
    31   L1s      -9542.73238334          0.28054691          4.66540539          0.00004420          0.00038456
    32   L1s      -9542.74822167          0.30128380          6.95018443          0.00013195          0.00123828
    33   L1s      -9542.75392565          0.30604866          8.92854417          0.00004994          0.00049923
    34   L1s      -9542.76403941          0.23376565          4.74209952          0.00009252          0.00094294
    35   L0s      -9542.77387293          0.29238010          7.95857969          0.00009252          0.00089060
    36   L1s      -9542.77878927          0.23909230          4.64353994          0.00004899          0.00045983
    37   L1s      -9542.78863597          0.24140614          4.60496405          0.00010907          0.00104497
    38   L0s      -9542.79715822          0.41834440         13.28657222          0.00010907          0.00105174
    39   L0s      -9542.80591714          0.26850334          4.63119410          0.00010907          0.00106729
    40   L1s      -9542.81515788          0.28055933          7.84990431          0.00009875          0.00098456
    41   L1s      -9542.81928920          0.22783566          4.55807159          0.00004489          0.00045442
    42   L1s      -9542.82777096          0.19259914          3.28058777          0.00009697          0.00091876
    43   L1s      -9542.83154695          0.29176397          9.22121541          0.00004600          0.00042648
    44   L1s      -9542.83933654          0.20058158          3.11184277          0.00009733          0.00091202
    45   L1s      -9542.84442378          0.27672754          6.72339361          0.00006681          0.00063840
    46   L0s      -9542.84940931          0.22139296          4.00000856          0.00006681          0.00066090
    47   L1s      -9542.85841735          0.21290002          3.56042051          0.00012495          0.00122929
    48   L1s      -9542.86140978          0.23447781          6.68719972          0.00004320          0.00042026
    49   L1s      -9542.86680966          0.17702986          2.52543873          0.00008017          0.00075847
    50   L1s      -9542.87102256          0.27955066          9.16428370          0.00006547          0.00061347
    51   L1s      -9542.87647486          0.18404499          3.16400417          0.00008620          0.00078844
    52   L1s      -9542.88331034          0.22595604          6.32556415          0.00011215          0.00099121
    53   L1s      -9542.88599510          0.19967626          4.68719639          0.00004509          0.00038104
    54   L1s      -9542.89094698          0.17567943          4.10464551          0.00008557          0.00073679
    55   L1s      -9542.89373533          0.22510969          4.93197587          0.00004988          0.00043523
    56   L1s      -9542.89810383          0.16934881          3.73515605          0.00007972          0.00070731
    57   L1s      -9542.90381483          0.21800214          5.24599182          0.00010775          0.00096494
    58   L1s      -9542.90628566          0.19012890          3.93121012          0.00004752          0.00043179
    59   L1s      -9542.91175370          0.18802096          3.49169408          0.00010771          0.00100657
    60   L1s      -9542.91443216          0.22501279          7.22295464          0.00005400          0.00051370
    61   L1s      -9542.92000211          0.15832611          1.90039489          0.00011409          0.00111080
    62   L1s      -9542.92466053          0.25094762          8.42514865          0.00009842          0.00095597
    63   L1s      -9542.92795966          0.18244670          2.60580580          0.00007051          0.00067265
    64   L1s      -9542.93330549          0.20987212          4.71170905          0.00011671          0.00110558
    65   L1s      -9542.93578577          0.19288782          3.34738796          0.00005500          0.00052133
    66   L1s      -9542.94153892          0.17770113          2.94930790          0.00012985          0.00125545
    67   L1s      -9542.94617404          0.26098520          7.36593950          0.00010672          0.00103253
    68   L1s      -9542.94992351          0.18362417          2.85399519          0.00008711          0.00082918
    69   L1s      -9542.95582825          0.23578625          7.61352317          0.00013962          0.00129744
    70   L1s      -9542.95841446          0.16669630          2.96622115          0.00006179          0.00054477
    71   L1s      -9542.96387291          0.16084891          3.35941151          0.00013310          0.00116578
    72   L1s      -9542.96635474          0.21625438          7.17950992          0.00006181          0.00054118
    73   L1s      -9542.97015346          0.16954963          4.50179360          0.00009568          0.00082602
    74   L0s      -9542.97400551          0.21587610          6.05108882          0.00009568          0.00080722
    75   L1s      -9542.97667694          0.16583286          3.52985843          0.00006796          0.00054782
    76   L1s      -9542.98306535          0.17376559          3.02315984          0.00017420          0.00137368
    77   L1s      -9542.98605092          0.22350411          5.04725707          0.00008259          0.00064632
    78   L1s      -9542.98945495          0.14957939          1.91643180          0.00009497          0.00073818
    79   L1s      -9542.99319027          0.23558129          7.84364027          0.00010618          0.00081816
    80   L1s      -9542.99613092          0.15843610          2.01556676          0.00008421          0.00062615
    81   L1s      -9543.00165364          0.16910624          2.81962754          0.00016063          0.00115744
    82   L1s      -9543.00415691          0.21487848          6.79474136          0.00007380          0.00053208
    83   L1s      -9543.00832179          0.14638232          3.10506311          0.00012380          0.00088315
    84   L1s      -9543.01103587          0.20743078          6.65227561          0.00008206          0.00058476
    85   L0s      -9543.01352548          0.16312484          3.36997266          0.00008206          0.00059077
    86   L1s      -9543.01787970          0.14659853          2.41244460          0.00015144          0.00111968
    87   L1s      -9543.02003672          0.20322749          6.57197731          0.00006915          0.00051564
    88   L1s      -9543.02387136          0.13450002          2.12239881          0.00012388          0.00091641
    89   L0s      -9543.02777517          0.15765375          3.38690761          0.00012388          0.00091407
    90   L1s      -9543.02950740          0.17108543          3.78362966          0.00005626          0.00041720
    91   L1s      -9543.03306631          0.14917428          1.96164422          0.00012026          0.00091508
    92   L1s      -9543.03546608          0.19835878          6.30593974          0.00008213          0.00063138
    93   L0s      -9543.03796303          0.11701030          1.73904757          0.00008213          0.00063159
    94   L0s      -9543.04053508          0.13098555          2.26669478          0.00008213          0.00063281
    95   L1s      -9543.04209227          0.16588090          4.71847501          0.00005190          0.00040515
    96   L1s      -9543.04449738          0.11870175          1.31747323          0.00007925          0.00062815
    97   L1s      -9543.04729060          0.16862751          4.79544183          0.00009399          0.00074411
    98   L1s      -9543.04853551          0.11183690          1.68934981          0.00004231          0.00033161
    99   L1s      -9543.05122946          0.12488680          2.89535004          0.00009363          0.00072351
   100   L1s      -9543.05230369          0.13794208          3.69400885          0.00003798          0.00029076
   101   L1s      -9543.05492389          0.10605889          1.83483162          0.00009391          0.00072179
   102   L1s      -9543.05687158          0.13503221          3.62581191          0.00007138          0.00055659
   103   L1s      -9543.05806049          0.13442409          3.32159504          0.00004416          0.00035134
   104   L1s      -9543.06012205          0.10858001          1.92937876          0.00007758          0.00064232
   105   L1s      -9543.06126124          0.15203660          3.98236723          0.00004371          0.00036900
   106   L1s      -9543.06331255          0.10132135          1.42564278          0.00007946          0.00069650
   107   L1s      -9543.06571083          0.13373273          2.70708117          0.00009485          0.00084379
   108   L1s      -9543.06684378          0.13163226          2.83703395          0.00004533          0.00040816
   109   L1s      -9543.06915408          0.09952686          1.23800164          0.00009353          0.00085104
----------------------------------------------------------------------------------------------------------------

Minimization converged.

-------------------  Conjugate Gradient Minimizer Statistics -------------------
Iterations             =            109  Function Calls         =            206
--------------------------------------------------------------------------------
