
#-----------------------------------------------------------------------------#
#                                                                             #
#                                EasyHybrid                                   #
#                   - A pDynamo graphical user interface -                    #
#                                                                             #
#-----------------------------------------------------------------------------#
#                                                                             #
#     Developed by Jose Fernando R Bachega and Luis Fernando S M Timmers      #
#                            <ferbachega@gmail.com>                           #
#                                                                             #
#             visit: https://sites.google.com/site/EasyHybrid/                #
#                   Univesity of Sao Paulo - SP, Brazil                       #
#      Pontifical Catholic University of Rio Grande do Sul - RS, Brazil       #
#                                                                             #
#                                                                             #
#   EasyHybrid team:                               Special thanks to:         #
#   - Jose Fernando R Bachega           |         - Fernando V Maluf          #
#   - Michele Silva                     |                                     #
#   - Luis Fernando S M Timmers         |                                     #
#   - Martin Field                      |         - Leonardo R Bachega        #
#   - Troy Wymore                       |         - Lucas Assirati            #
#   - Osmar Norberto de Souza           |         - Richard Garratt           #
#   - Walter R Paixao-Cortes            |                                     #
#                                                                             #
#   Cite this work as:                                                        #
#   J.F.R. Bachega, L.F.S.M. Timmers, L.Assirati, L.B. Bachega, M.J. Field,   #
#   T. Wymore. J. Comput. Chem. 2013, 34, 2190-2196. DOI: 10.1002/jcc.23346   #
#                                                                             #
#-----------------------------------------------------------------------------#

Generated on Wed Jun  5 18:03:24 2019


--------------------------------------------------------------------------------
                        Summary for System "12_ramon_new"
--------------------------------------------------------------------------------

---------------------------- Atom Container Summary ----------------------------
Number of Atoms        =           2173  Number of Heavy Atoms  =           1040
Number of Hydrogens    =           1133  Number of Unknowns     =              0
--------------------------------------------------------------------------------

----------------------------- Connectivity Summary -----------------------------
Atoms                  =           2173
--------------------------------------------------------------------------------

------------------------------- Electronic State -------------------------------
Charge                 =             -1  Multiplicity           =              1
--------------------------------------------------------------------------------

--------------------------------------------------------------------------------
                 Summary for Energy Model "AMBER/AM1DPHOT/ABFS"
--------------------------------------------------------------------------------

----------------------------------- Summary for MM Model "AMBER" -----------------------------------
LJ 1-4 Scaling                   =          0.500  El. 1-4 Scaling                  =          0.833
Number of MM Atoms               =           2173  Number of MM Atom Types          =             37
Number of Inactive MM Atoms      =             33  Total MM Charge                  =          -4.00
Harmonic Bond Terms              =           2169  Harmonic Bond Parameters         =             49
Harmonic Bond Inactive           =           1308  Fourier Improper Terms           =            320
Fourier Improper Parameters      =              3  Fourier Improper Inactive        =            164
Harmonic Angle Terms             =           3403  Harmonic Angle Parameters        =            103
Harmonic Angle Inactive          =           1938  Fourier Dihedral Terms           =           6697
Fourier Dihedral Parameters      =             48  Fourier Dihedral Inactive        =           3453
Exclusions                       =          10377  1-4 Interactions                 =           4805
LJ Parameters Form               =          AMBER  LJ Parameters Types              =             21
1-4 Lennard-Jones Form           =          AMBER  1-4 Lennard-Jones Types          =             21
----------------------------------------------------------------------------------------------------

------------------------ Summary for QC Model "AM1DPHOT" -----------------------
Number of QC Atoms     =             39  Boundary Atoms         =              6
Nuclear Charge         =            129  Orbital Functions      =            113
Fitting Functions      =              0  Energy Base Line       =      189.57630
QC Parameter Centers   =              6
--------------------------------------------------------------------------------

----------------------------- ABFS NB Model Summary ----------------------------
Dielectric             =       1.000000  El. 1-4 Scaling        =       0.833333
Damping Cutoff         =       0.500000  Inner Cutoff           =       8.000000
List Cutoff            =      13.500000  Outer Cutoff           =      12.000000
QC/MM Coupling         =    RC Coupling  Use Centering          =          False
--------------------------------------------------------------------------------

-------------------------- Pairlist Generator Summary --------------------------
Cell Size              =          6.750  Cutoff                 =         13.500
Cutoff Cell Size Factor =          0.500  Grid Cell/Cell Method  =           True
Minimum Cell Extent    =              2  Minimum Cell Size      =          3.000
Minimum Extent Factor  =          1.500  Minimum Points         =            500
Sort Indices           =          False
--------------------------------------------------------------------------------

----------------------- SoftConstraint Container Summary -----------------------
Multiple Distance      =              2
--------------------------------------------------------------------------------

---------------------------- Hard Constraint Container Summary ---------------------------
Number of Charge Constraints  =            0  Number of Fixed Atoms         =         1351
------------------------------------------------------------------------------------------

------------------------------- Sequence Summary -------------------------------
Number of Atoms            =       2173  Number of Components       =        213
Number of Entities         =          1  Number of Linear Polymers  =          0
Number of Links            =          0  Number of Variants         =          0
--------------------------------------------------------------------------------

-------------------------------  Conjugate Gradient Minimizer Options ------------------------------
Beta Type                        =              1  Initial Step                     =            0.1
Line Searcher                    =           None  Log Frequency                    =              1
Maximum Iterations               =            500  Maximum Theta                    =          1e+10
Minimum Theta                    =          1e-10  RMS Gradient Tolerance           =            0.1
Steepest Descent Tolerance       =          0.001  Use Spectral Theta               =           True
----------------------------------------------------------------------------------------------------

----------------------------------------------------------------------------------------------------------------
  Iteration       Function          RMS Gradient        Max. |Grad.|          RMS Disp.         Max. |Disp.|
----------------------------------------------------------------------------------------------------------------
     0     I      -9347.74220280         72.66301416       2705.71601765          0.00201374          0.07498463
     1   L1s      -9490.87482491          6.07015391        131.42824496          0.00157969          0.03149769
     2   L1s      -9495.45118269          8.79721962        289.80103327          0.00061397          0.01428075
     3   L1s      -9499.89266249          4.17565215        107.47411500          0.00072053          0.01974638
     4   L1s      -9503.17805127          2.16646116         57.18491162          0.00084014          0.02250110
     5   L1s      -9504.09506959          3.29010645         91.40120343          0.00042057          0.01207313
     6   L1s      -9504.70475723          1.93751960         36.24335440          0.00031822          0.00788189
     7   L1s      -9505.41459660          1.89402677         45.70889153          0.00048012          0.01101793
     8   L1s      -9505.61745129          1.61430794         40.35037791          0.00016204          0.00353442
     9   L1s      -9505.83350700          1.07977309         26.22244855          0.00020432          0.00388911
    10   L0s      -9506.01609932          0.65672694         13.15556043          0.00020432          0.00415652
    11   L1s      -9506.16901217          1.17615675         30.55755043          0.00024764          0.00539317
    12   L1s      -9506.24855705          0.85439415         17.03659621          0.00014043          0.00353867
    13   L1s      -9506.38339252          0.85382552         11.72332377          0.00026984          0.00713651
    14   L1s      -9506.47587703          1.29961541         40.66575191          0.00020420          0.00510993
    15   L1s      -9506.59614172          0.86713167         12.26711409          0.00027580          0.00706799
    16   L1s      -9506.73037555          0.73187139         10.40811119          0.00033333          0.00859457
    17   L1s      -9506.82978147          0.66113557          9.59627934          0.00026949          0.00639032
    18   L1s      -9506.90765907          0.86182257         26.05591022          0.00023104          0.00610757
    19   L1s      -9506.94562696          0.52148887          7.29593398          0.00011807          0.00258840
    20   L0s      -9506.98219312          0.53235832         12.63111355          0.00011807          0.00258088
    21   L1s      -9507.00336216          0.54081504         11.41211755          0.00007668          0.00159913
    22   L1s      -9507.04542548          0.37423981          5.84316948          0.00017493          0.00353302
    23   L1s      -9507.06651179          0.34398387          5.23309744          0.00009889          0.00189605
    24   L1s      -9507.08006776          0.50726883         15.79183919          0.00007114          0.00129811
    25   L1s      -9507.10050916          0.31219794          3.85593009          0.00011213          0.00155126
    26   L0s      -9507.11817460          0.41663274         11.12026964          0.00011213          0.00180226
    27   L1s      -9507.12903409          0.34713906          6.83304169          0.00007049          0.00084056
    28   L1s      -9507.14423436          0.25511626          2.98818559          0.00009949          0.00103128
    29   L1s      -9507.15527323          0.40785833         13.69465884          0.00008033          0.00081394
    30   L0s      -9507.16515230          0.30862716          6.04898367          0.00008033          0.00078650
    31   L1s      -9507.17803249          0.25451175          3.51112658          0.00011452          0.00114321
    32   L1s      -9507.18731409          0.31843086          7.57945364          0.00008053          0.00076271
    33   L1s      -9507.19368651          0.28161585          5.25185724          0.00005762          0.00059146
    34   L1s      -9507.20888523          0.27518754          4.53975278          0.00014425          0.00160453
    35   L1s      -9507.21457205          0.30600048          7.83410076          0.00005650          0.00066219
    36   L1s      -9507.22835481          0.28101825          5.36234492          0.00014172          0.00172085
    37   L1s      -9507.23820662          0.32846873          6.60954530          0.00010525          0.00129459
    38   L1s      -9507.24504440          0.28120779          5.89548498          0.00007498          0.00093619
    39   L1s      -9507.25629908          0.23059935          2.63086904          0.00012759          0.00165136
    40   L0s      -9507.26669619          0.35902200         10.02756388          0.00012759          0.00168921
    41   L1s      -9507.27340104          0.26049322          5.06883420          0.00008200          0.00112384
    42   L1s      -9507.28539836          0.23847818          3.89326681          0.00014303          0.00193221
    43   L1s      -9507.29179539          0.31187293          8.14697438          0.00007929          0.00105104
    44   L1s      -9507.30006262          0.24245418          2.98127174          0.00010470          0.00133770
    45   L1s      -9507.30912245          0.29855647          8.54826011          0.00011867          0.00149319
    46   L1s      -9507.31520090          0.29937486          5.53846908          0.00008132          0.00101413
    47   L1s      -9507.32911340          0.25716401          3.67391558          0.00018992          0.00234990
    48   L1s      -9507.34053369          0.25928693          5.82887190          0.00016000          0.00194564
    49   L1s      -9507.34469107          0.24980402          4.63654020          0.00005966          0.00070766
    50   L1s      -9507.35172904          0.17686521          2.70947961          0.00010356          0.00115260
    51   L1s      -9507.35594768          0.23771816          5.24234941          0.00006503          0.00070206
    52   L0s      -9507.36028101          0.18940286          3.71723813          0.00006503          0.00067211
    53   L1s      -9507.36646711          0.18782485          2.66893196          0.00009418          0.00093498
    54   L1s      -9507.37003917          0.25549787          6.24325896          0.00005895          0.00057142
    55   L1s      -9507.37548753          0.15270514          1.94256350          0.00009156          0.00084940
    56   L1s      -9507.38009997          0.20174312          3.42987973          0.00008126          0.00074621
    57   L1s      -9507.38300629          0.19710123          4.22639710          0.00005252          0.00047447
    58   L1s      -9507.38841259          0.16380581          3.45336181          0.00010018          0.00086825
    59   L1s      -9507.39123426          0.20617318          4.11079658          0.00005411          0.00045296
    60   L0s      -9507.39426692          0.15003297          2.70049503          0.00005411          0.00040768
    61   L1s      -9507.39918574          0.15241750          2.56300875          0.00008489          0.00055941
    62   L1s      -9507.40168639          0.19808711          5.88605683          0.00004831          0.00030266
    63   L1s      -9507.40507061          0.15158403          2.46082640          0.00006683          0.00045977
    64   L1s      -9507.40887699          0.21636110          6.11982735          0.00007788          0.00051496
    65   L1s      -9507.41136133          0.15020323          2.77813059          0.00005167          0.00028734
    66   L1s      -9507.41575801          0.13817685          1.95445478          0.00009448          0.00051451
    67   L1s      -9507.41845405          0.19383988          4.99721266          0.00006007          0.00034490
    68   L0s      -9507.42100196          0.14557397          1.94042689          0.00006007          0.00031792
    69   L1s      -9507.42442381          0.18005340          3.49904397          0.00008503          0.00046763
    70   L1s      -9507.42611148          0.13901613          2.37829121          0.00004165          0.00022591
    71   L1s      -9507.42945487          0.12198280          1.84879970          0.00008478          0.00049247
    72   L0s      -9507.43247265          0.14519780          2.76064837          0.00008478          0.00054587
    73   L1s      -9507.43392036          0.16184955          3.02937086          0.00004055          0.00027933
    74   L1s      -9507.43702248          0.12743055          2.20804317          0.00008386          0.00063082
    75   L1s      -9507.43839492          0.14872724          3.17520016          0.00003812          0.00030139
    76   L1s      -9507.44070911          0.12300793          2.80658267          0.00006550          0.00053812
    77   L1s      -9507.44371546          0.11608693          2.44539683          0.00008736          0.00071877
    78   L1s      -9507.44533053          0.15168482          4.24805519          0.00004826          0.00039509
    79   L1s      -9507.44671484          0.10337954          1.59157992          0.00004203          0.00033717
    80   L1s      -9507.44873241          0.14503330          4.47535678          0.00006327          0.00049793
    81   L1s      -9507.44995363          0.10791184          1.62986473          0.00003890          0.00029297
    82   L1s      -9507.45240670          0.10059450          1.71388860          0.00008028          0.00056135
    83   L1s      -9507.45396472          0.12379898          2.29116954          0.00005251          0.00034516
    84   L1s      -9507.45489148          0.11398502          2.28779284          0.00003182          0.00019275
    85   L1s      -9507.45703094          0.10882963          1.76174970          0.00007502          0.00054389
    86   L1s      -9507.45797090          0.12018667          3.03462396          0.00003369          0.00019767
    87   L1s      -9507.45959514          0.08737290          1.39278329          0.00005926          0.00034747
----------------------------------------------------------------------------------------------------------------

Minimization converged.

-------------------  Conjugate Gradient Minimizer Statistics -------------------
Iterations             =             87  Function Calls         =            166
--------------------------------------------------------------------------------
