
#-----------------------------------------------------------------------------#
#                                                                             #
#                                EasyHybrid                                   #
#                   - A pDynamo graphical user interface -                    #
#                                                                             #
#-----------------------------------------------------------------------------#
#                                                                             #
#     Developed by Jose Fernando R Bachega and Luis Fernando S M Timmers      #
#                            <ferbachega@gmail.com>                           #
#                                                                             #
#             visit: https://sites.google.com/site/EasyHybrid/                #
#                   Univesity of Sao Paulo - SP, Brazil                       #
#      Pontifical Catholic University of Rio Grande do Sul - RS, Brazil       #
#                                                                             #
#                                                                             #
#   EasyHybrid team:                               Special thanks to:         #
#   - Jose Fernando R Bachega           |         - Fernando V Maluf          #
#   - Michele Silva                     |                                     #
#   - Luis Fernando S M Timmers         |                                     #
#   - Martin Field                      |         - Leonardo R Bachega        #
#   - Troy Wymore                       |         - Lucas Assirati            #
#   - Osmar Norberto de Souza           |         - Richard Garratt           #
#   - Walter R Paixao-Cortes            |                                     #
#                                                                             #
#   Cite this work as:                                                        #
#   J.F.R. Bachega, L.F.S.M. Timmers, L.Assirati, L.B. Bachega, M.J. Field,   #
#   T. Wymore. J. Comput. Chem. 2013, 34, 2190-2196. DOI: 10.1002/jcc.23346   #
#                                                                             #
#-----------------------------------------------------------------------------#

Generated on Wed Jun  5 18:00:19 2019


--------------------------------------------------------------------------------
                        Summary for System "12_ramon_new"
--------------------------------------------------------------------------------

---------------------------- Atom Container Summary ----------------------------
Number of Atoms        =           2173  Number of Heavy Atoms  =           1040
Number of Hydrogens    =           1133  Number of Unknowns     =              0
--------------------------------------------------------------------------------

----------------------------- Connectivity Summary -----------------------------
Atoms                  =           2173
--------------------------------------------------------------------------------

------------------------------- Electronic State -------------------------------
Charge                 =             -1  Multiplicity           =              1
--------------------------------------------------------------------------------

--------------------------------------------------------------------------------
                 Summary for Energy Model "AMBER/AM1DPHOT/ABFS"
--------------------------------------------------------------------------------

----------------------------------- Summary for MM Model "AMBER" -----------------------------------
LJ 1-4 Scaling                   =          0.500  El. 1-4 Scaling                  =          0.833
Number of MM Atoms               =           2173  Number of MM Atom Types          =             37
Number of Inactive MM Atoms      =             33  Total MM Charge                  =          -4.00
Harmonic Bond Terms              =           2169  Harmonic Bond Parameters         =             49
Harmonic Bond Inactive           =           1308  Fourier Improper Terms           =            320
Fourier Improper Parameters      =              3  Fourier Improper Inactive        =            164
Harmonic Angle Terms             =           3403  Harmonic Angle Parameters        =            103
Harmonic Angle Inactive          =           1938  Fourier Dihedral Terms           =           6697
Fourier Dihedral Parameters      =             48  Fourier Dihedral Inactive        =           3453
Exclusions                       =          10377  1-4 Interactions                 =           4805
LJ Parameters Form               =          AMBER  LJ Parameters Types              =             21
1-4 Lennard-Jones Form           =          AMBER  1-4 Lennard-Jones Types          =             21
----------------------------------------------------------------------------------------------------

------------------------ Summary for QC Model "AM1DPHOT" -----------------------
Number of QC Atoms     =             39  Boundary Atoms         =              6
Nuclear Charge         =            129  Orbital Functions      =            113
Fitting Functions      =              0  Energy Base Line       =      189.57630
QC Parameter Centers   =              6
--------------------------------------------------------------------------------

----------------------------- ABFS NB Model Summary ----------------------------
Dielectric             =       1.000000  El. 1-4 Scaling        =       0.833333
Damping Cutoff         =       0.500000  Inner Cutoff           =       8.000000
List Cutoff            =      13.500000  Outer Cutoff           =      12.000000
QC/MM Coupling         =    RC Coupling  Use Centering          =          False
--------------------------------------------------------------------------------

-------------------------- Pairlist Generator Summary --------------------------
Cell Size              =          6.750  Cutoff                 =         13.500
Cutoff Cell Size Factor =          0.500  Grid Cell/Cell Method  =           True
Minimum Cell Extent    =              2  Minimum Cell Size      =          3.000
Minimum Extent Factor  =          1.500  Minimum Points         =            500
Sort Indices           =          False
--------------------------------------------------------------------------------

----------------------- SoftConstraint Container Summary -----------------------
Multiple Distance      =              2
--------------------------------------------------------------------------------

---------------------------- Hard Constraint Container Summary ---------------------------
Number of Charge Constraints  =            0  Number of Fixed Atoms         =         1351
------------------------------------------------------------------------------------------

------------------------------- Sequence Summary -------------------------------
Number of Atoms            =       2173  Number of Components       =        213
Number of Entities         =          1  Number of Linear Polymers  =          0
Number of Links            =          0  Number of Variants         =          0
--------------------------------------------------------------------------------

-------------------------------  Conjugate Gradient Minimizer Options ------------------------------
Beta Type                        =              1  Initial Step                     =            0.1
Line Searcher                    =           None  Log Frequency                    =              1
Maximum Iterations               =            500  Maximum Theta                    =          1e+10
Minimum Theta                    =          1e-10  RMS Gradient Tolerance           =            0.1
Steepest Descent Tolerance       =          0.001  Use Spectral Theta               =           True
----------------------------------------------------------------------------------------------------

----------------------------------------------------------------------------------------------------------------
  Iteration       Function          RMS Gradient        Max. |Grad.|          RMS Disp.         Max. |Disp.|
----------------------------------------------------------------------------------------------------------------
     0     I      -9424.20357290         78.73931193       3012.70397181          0.00201374          0.07704923
     1   L1s      -9576.72298280          5.86403043        161.34904922          0.00155072          0.04227708
     2   L1s      -9577.96257638          3.88299722        116.61464610          0.00017203          0.00592227
     3   L1s      -9580.36162576          2.54714112         72.49580806          0.00060359          0.01323784
     4   L1s      -9581.57905419          1.58548715         30.91291391          0.00048929          0.01085581
     5   L1s      -9581.81448546          2.30786889         67.92472624          0.00015407          0.00300759
     6   L1s      -9582.25040037          1.38168224         27.70478040          0.00032440          0.00644635
     7   L1s      -9582.49988031          1.59052388         35.00116871          0.00023815          0.00457475
     8   L1s      -9582.65043851          1.35247269         24.69057843          0.00016314          0.00250299
     9   L1s      -9582.88767352          0.83678642         14.62667863          0.00029378          0.00493185
    10   L1s      -9583.01393066          0.77721360         12.19913509          0.00019878          0.00343802
    11   L1s      -9583.13396584          1.04332103         23.96512354          0.00022660          0.00417843
    12   L1s      -9583.18010748          0.73537172         13.45848648          0.00009421          0.00161849
    13   L1s      -9583.28288598          0.57686303          9.15994281          0.00023819          0.00372701
    14   L1s      -9583.30801515          0.70256114         16.45292868          0.00006806          0.00127552
    15   L1s      -9583.37316690          0.57146744          8.42451941          0.00019184          0.00349326
    16   L1s      -9583.44566918          0.54237392          9.95301686          0.00023640          0.00430718
    17   L0s      -9583.51063903          0.61320761         10.81697959          0.00023640          0.00402431
    18   L1s      -9583.55299028          0.87765010         20.27106707          0.00016314          0.00301346
    19   L0s      -9583.59473950          0.42195126          5.04867316          0.00016314          0.00293384
    20   L0s      -9583.63233489          0.46363571          7.52289023          0.00016314          0.00271455
    21   L1s      -9583.65167398          0.61451406         15.63193693          0.00009050          0.00167500
    22   L1s      -9583.69306937          0.45520150          7.25412222          0.00020005          0.00354339
    23   L0s      -9583.73430856          0.36802791          7.62811647          0.00020005          0.00359723
    24   L1s      -9583.74885953          0.58556576         14.51371801          0.00007628          0.00128080
    25   L1s      -9583.77908927          0.34219966          5.51235488          0.00016726          0.00274694
    26   L1s      -9583.80265607          0.33150027          6.78789393          0.00014194          0.00248672
    27   L1s      -9583.81477323          0.40973956          9.21962486          0.00007868          0.00129086
    28   L1s      -9583.82513001          0.28860698          5.77975210          0.00007030          0.00127736
    29   L1s      -9583.84036612          0.32431204          5.86228433          0.00011204          0.00227742
    30   L1s      -9583.84789252          0.39646258          8.65312994          0.00005847          0.00114730
    31   L1s      -9583.86519522          0.24793277          3.29478733          0.00013901          0.00290418
    32   L1s      -9583.87547586          0.19611670          2.26435608          0.00008909          0.00193465
    33   L1s      -9583.88676082          0.34391526         10.45572441          0.00010845          0.00217662
    34   L1s      -9583.89164736          0.21369083          2.68502720          0.00004836          0.00100010
    35   L1s      -9583.90110519          0.27477587          5.97579232          0.00010026          0.00210853
    36   L1s      -9583.90593723          0.27375532          4.70353310          0.00005318          0.00104045
    37   L1s      -9583.91453215          0.19313519          3.33162905          0.00009799          0.00183901
    38   L1s      -9583.92171682          0.18186564          2.96916929          0.00008728          0.00149273
    39   L1s      -9583.92644693          0.29081319          8.98015703          0.00006118          0.00105262
    40   L0s      -9583.93094476          0.18041830          2.21025131          0.00006118          0.00095341
    41   L1s      -9583.93830856          0.16012897          2.51814419          0.00010939          0.00166975
    42   L1s      -9583.94168850          0.24250151          7.71809541          0.00005164          0.00068080
    43   L1s      -9583.94556016          0.15521024          2.00622630          0.00006056          0.00077841
    44   L1s      -9583.95115650          0.24117913          6.06994515          0.00009226          0.00114890
    45   L1s      -9583.95381553          0.17296319          3.32558478          0.00004476          0.00056282
    46   L1s      -9583.95843281          0.13551890          1.45942771          0.00008066          0.00106004
    47   L0s      -9583.96259783          0.14369504          1.95368216          0.00008066          0.00101581
    48   L1s      -9583.96431604          0.19197933          4.08286460          0.00003435          0.00047254
    49   L1s      -9583.96743106          0.14121112          2.38746132          0.00006215          0.00083947
    50   L1s      -9583.97135292          0.13478813          1.94211985          0.00008139          0.00110469
    51   L1s      -9583.97429591          0.18146843          5.07450128          0.00006360          0.00085248
    52   L1s      -9583.97585424          0.12837980          2.13600730          0.00003438          0.00046782
    53   L1s      -9583.97869915          0.12544204          3.32078171          0.00006529          0.00075214
    54   L1s      -9583.97978242          0.14286083          3.71828795          0.00002583          0.00034171
    55   L1s      -9583.98280799          0.11644604          1.47487989          0.00007416          0.00091990
    56   L0s      -9583.98547493          0.15824143          3.56248128          0.00007416          0.00094658
    57   L1s      -9583.98675046          0.14725999          2.60516138          0.00003459          0.00040472
    58   L1s      -9583.98888845          0.10173009          1.54682328          0.00005400          0.00057964
    59   L1s      -9583.99186794          0.10082209          1.05204895          0.00007891          0.00074021
    60   L1s      -9583.99339984          0.15747732          4.81727637          0.00004241          0.00039707
    61   L0s      -9583.99477488          0.13099344          1.73507449          0.00004241          0.00041593
    62   L1s      -9583.99821749          0.14915610          3.60333333          0.00011186          0.00113844
    63   L1s      -9583.99966087          0.15262875          3.94648753          0.00004478          0.00047042
    64   L1s      -9584.00235168          0.11997747          1.45312586          0.00008469          0.00092061
    65   L1s      -9584.00433708          0.15867849          3.73533523          0.00006390          0.00070166
    66   L1s      -9584.00573806          0.12967253          2.20833828          0.00004565          0.00050479
    67   L1s      -9584.00858192          0.12181517          2.15579042          0.00009437          0.00104135
    68   L1s      -9584.01026745          0.16769622          4.47585553          0.00005703          0.00062996
    69   L1s      -9584.01219434          0.11386124          1.52760254          0.00006587          0.00073614
    70   L1s      -9584.01469120          0.17946806          4.65526350          0.00008719          0.00098735
    71   L1s      -9584.01638382          0.13270163          1.86575146          0.00005960          0.00069727
    72   L1s      -9584.01928187          0.12435920          1.79459803          0.00010358          0.00126787
    73   L1s      -9584.02143693          0.18252187          4.79573493          0.00007829          0.00097678
    74   L0s      -9584.02343649          0.14325759          2.01951983          0.00007829          0.00100348
    75   L1s      -9584.02609672          0.15420317          3.60381132          0.00010928          0.00141978
    76   L1s      -9584.02753632          0.13864766          3.13438828          0.00005632          0.00073999
    77   L1s      -9584.02980918          0.12063557          1.99768801          0.00008989          0.00118724
    78   L1s      -9584.03179782          0.16185411          4.25689596          0.00007977          0.00105338
    79   L1s      -9584.03329178          0.11333270          1.96975431          0.00006039          0.00079510
    80   L1s      -9584.03507086          0.14409322          3.25555264          0.00007303          0.00096074
    81   L1s      -9584.03660749          0.14796658          3.38048337          0.00006367          0.00083878
    82   L1s      -9584.03913246          0.12050490          1.87245130          0.00010553          0.00140575
    83   L1s      -9584.04116750          0.17968761          4.83935238          0.00008614          0.00115807
    84   L0s      -9584.04338866          0.13355687          1.56925693          0.00008614          0.00118491
    85   L1s      -9584.04641655          0.16411554          4.29319098          0.00010974          0.00154188
    86   L1s      -9584.04787413          0.13783288          2.71683561          0.00005635          0.00081599
    87   L1s      -9584.05109883          0.13667324          2.82438402          0.00012612          0.00187353
    88   L0s      -9584.05411206          0.20197550          4.36089176          0.00012612          0.00188816
    89   L1s      -9584.05601281          0.15253446          1.85636591          0.00007750          0.00116892
    90   L1s      -9584.06006930          0.13001966          1.33776572          0.00015156          0.00228152
    91   L1s      -9584.06580520          0.16381233          2.22311835          0.00021722          0.00325588
    92   L1s      -9584.06952664          0.24675558          5.62672047          0.00014209          0.00212630
    93   L1s      -9584.07280395          0.16813502          2.64041794          0.00012560          0.00187550
    94   L1s      -9584.07781946          0.14724362          2.58745076          0.00019376          0.00289833
    95   L1s      -9584.08115227          0.19881081          4.60036115          0.00013005          0.00195161
    96   L1s      -9584.08351273          0.16329080          2.25084385          0.00009262          0.00139999
    97   L1s      -9584.08853735          0.15334571          1.80615255          0.00019875          0.00304875
    98   L1s      -9584.09160470          0.23386809          5.40181584          0.00012244          0.00189223
    99   L0s      -9584.09467958          0.14985943          1.42686687          0.00012244          0.00193016
   100   L1s      -9584.10128265          0.15528241          1.39710248          0.00026304          0.00421172
   101   L0s      -9584.10815092          0.15121995          1.37073885          0.00026304          0.00423927
   102   L1s      -9584.11315632          0.23187728          5.95557680          0.00019294          0.00311285
   103   L1s      -9584.11562879          0.17054820          2.72990514          0.00009787          0.00158062
   104   L1s      -9584.12034457          0.16238367          3.22585761          0.00018804          0.00304821
   105   L0s      -9584.12531082          0.21899331          5.26460021          0.00018804          0.00306115
   106   L1s      -9584.12833513          0.18219871          3.26156395          0.00011828          0.00194199
   107   L1s      -9584.13358063          0.17155763          2.48217098          0.00022506          0.00373210
   108   L1s      -9584.13748574          0.26460795          6.54747814          0.00016857          0.00280320
   109   L0s      -9584.14143655          0.16433585          2.06127871          0.00016857          0.00281135
   110   L1s      -9584.14768001          0.20644787          4.68148451          0.00026222          0.00436685
   111   L1s      -9584.15032084          0.19969392          4.44027942          0.00011232          0.00186734
   112   L1s      -9584.15594543          0.18541616          2.95860820          0.00024036          0.00400033
   113   L1s      -9584.16102908          0.25514358          5.66950135          0.00021835          0.00364502
   114   L1s      -9584.16450194          0.21312451          2.85955136          0.00014956          0.00251257
   115   L1s      -9584.17228030          0.18485685          2.49088855          0.00033623          0.00571240
   116   L1s      -9584.17652377          0.28099012          7.59448349          0.00018428          0.00314451
   117   L1s      -9584.18281800          0.19112965          2.45259942          0.00027398          0.00470626
   118   L0s      -9584.18878749          0.23897264          4.45802420          0.00027398          0.00472276
   119   L1s      -9584.19174239          0.21958957          3.55249735          0.00013362          0.00231168
   120   L1s      -9584.19702355          0.16945726          2.73857935          0.00022645          0.00394331
   121   L1s      -9584.20303140          0.26963633          6.62080629          0.00025905          0.00452208
   122   L1s      -9584.20676121          0.17948863          2.62963757          0.00016121          0.00282691
   123   L1s      -9584.21356923          0.23762275          4.92938659          0.00029568          0.00518520
   124   L1s      -9584.21634213          0.20415264          3.64797588          0.00012079          0.00211623
   125   L1s      -9584.22253597          0.17955689          3.56892498          0.00027085          0.00474007
   126   L1s      -9584.22780703          0.22258898          5.02044696          0.00023172          0.00406240
   127   L1s      -9584.23106682          0.22831503          4.84679813          0.00014381          0.00252937
   128   L1s      -9584.23835154          0.22162395          4.51020015          0.00032246          0.00570465
   129   L1s      -9584.24179634          0.25572517          6.62143914          0.00015294          0.00271649
   130   L1s      -9584.24844148          0.17624615          2.27629200          0.00029563          0.00526948
   131   L0s      -9584.25529382          0.21105418          4.59940182          0.00029563          0.00526199
   132   L1s      -9584.25883729          0.26766760          6.94837947          0.00015503          0.00275695
   133   L1s      -9584.26752397          0.22476937          4.30883753          0.00038927          0.00692559
   134   L1s      -9584.27162773          0.27724544          8.39243388          0.00018444          0.00328620
   135   L1s      -9584.27867578          0.18589412          3.63225834          0.00031738          0.00569553
   136   L1s      -9584.28440072          0.19996247          3.73953914          0.00025852          0.00466323
   137   L1s      -9584.28812006          0.27305637          7.59861968          0.00016850          0.00304352
   138   L1s      -9584.29417238          0.19996019          2.70675612          0.00027477          0.00495112
   139   L0s      -9584.29992112          0.31348531         10.19631526          0.00027477          0.00494166
   140   L1s      -9584.30514894          0.18184936          2.07732240          0.00024317          0.00433638
   141   L1s      -9584.31193639          0.18571881          2.39697592          0.00027444          0.00488917
   142   L1s      -9584.31466176          0.25892520          5.48056203          0.00011085          0.00197665
   143   L1s      -9584.32348348          0.19292513          2.79051487          0.00035995          0.00646312
   144   L1s      -9584.33101020          0.21964913          4.47882888          0.00030845          0.00554704
   145   L1s      -9584.33519720          0.28619736          7.68002641          0.00017217          0.00309327
   146   L1s      -9584.34151272          0.20201314          4.21075984          0.00026031          0.00464306
   147   L0s      -9584.34749691          0.28526640          6.17971662          0.00026031          0.00462761
   148   L1s      -9584.35172383          0.21529638          3.56000952          0.00017967          0.00317832
   149   L1s      -9584.36057248          0.21300391          3.47893539          0.00034610          0.00613302
   150   L1s      -9584.36527289          0.31772343          9.67148174          0.00018449          0.00327313
   151   L1s      -9584.37244258          0.18350060          2.35397142          0.00028193          0.00501259
   152   L0s      -9584.37909439          0.28051147          7.48157918          0.00028193          0.00500258
   153   L1s      -9584.38263994          0.20570334          2.59886299          0.00014482          0.00255063
   154   L1s      -9584.39147564          0.23445019          4.82747823          0.00031982          0.00560989
   155   L1s      -9584.39531937          0.28263613          8.18712691          0.00013974          0.00244797
   156   L1s      -9584.40419042          0.21308257          5.08463273          0.00032358          0.00569171
   157   L1s      -9584.41055046          0.28856514          7.57596156          0.00023288          0.00410418
   158   L1s      -9584.41550381          0.24276945          4.91462808          0.00018177          0.00321103
   159   L1s      -9584.42570976          0.23614423          3.63202801          0.00037583          0.00663339
   160   L1s      -9584.43044421          0.32398250          9.36092115          0.00017477          0.00307783
   161   L1s      -9584.44046215          0.22125912          3.36749274          0.00037051          0.00646961
   162   L1s      -9584.44825741          0.30985688          8.67253325          0.00028936          0.00504930
   163   L1s      -9584.45323197          0.22261030          3.50975580          0.00018507          0.00324210
   164   L1s      -9584.46245814          0.22485187          4.47854268          0.00034493          0.00609338
   165   L1s      -9584.46631164          0.28506375          8.29457021          0.00014476          0.00256562
   166   L1s      -9584.47422755          0.20339377          2.93560285          0.00029829          0.00524722
   167   L1s      -9584.48080313          0.29719433          7.96269067          0.00024934          0.00435038
   168   L1s      -9584.48579773          0.23198256          4.00102971          0.00018989          0.00325991
   169   L1s      -9584.49560734          0.23579294          3.41259930          0.00037447          0.00638955
   170   L1s      -9584.50037798          0.31093959          9.14645042          0.00018266          0.00313045
   171   L1s      -9584.50798121          0.20422374          2.37960611          0.00029166          0.00504302
   172   L0s      -9584.51605429          0.30249851          9.09910550          0.00029166          0.00505907
   173   L1s      -9584.52115049          0.21299606          3.19484829          0.00019094          0.00333293
   174   L1s      -9584.53274833          0.23340465          3.48183805          0.00049408          0.00866541
   175   L1s      -9584.53693550          0.29613499          7.59303837          0.00017865          0.00314185
   176   L1s      -9584.54472700          0.21721167          4.22554707          0.00033288          0.00587934
   177   L1s      -9584.55362858          0.24484763          4.54130892          0.00038175          0.00675951
   178   L1s      -9584.55825377          0.28542152          8.59873400          0.00019900          0.00352948
   179   L1s      -9584.56610287          0.20715987          3.09805808          0.00033853          0.00602237
   180   L1s      -9584.57224615          0.33264619         11.06482802          0.00026610          0.00474040
   181   L0s      -9584.57836878          0.20440282          2.66377363          0.00026610          0.00476155
   182   L1s      -9584.58775690          0.20224011          2.71828927          0.00041070          0.00739124
   183   L1s      -9584.59337075          0.31981041          9.26274114          0.00024596          0.00443684
   184   L0s      -9584.59927863          0.16660755          1.28059530          0.00024596          0.00447131
   185   L1s      -9584.60395089          0.27552298          9.70337281          0.00016720          0.00304789
   186   L0s      -9584.60810152          0.19448363          2.72484555          0.00016720          0.00306590
   187   L1s      -9584.61620401          0.19708582          3.77819093          0.00035887          0.00660451
   188   L1s      -9584.62286109          0.23616922          4.57166292          0.00026746          0.00493481
   189   L1s      -9584.62651561          0.23879028          4.70015227          0.00014725          0.00272374
   190   L1s      -9584.63387755          0.19072207          2.75553991          0.00029770          0.00552726
   191   L0s      -9584.64071151          0.33019726          9.52160696          0.00029770          0.00553324
   192   L1s      -9584.64523824          0.20444059          2.27282846          0.00018873          0.00351069
   193   L1s      -9584.65361523          0.20566225          4.20058179          0.00029298          0.00544744
   194   L1s      -9584.65689940          0.24451350          7.27123413          0.00011554          0.00214739
   195   L1s      -9584.66213564          0.18069684          3.44792482          0.00018500          0.00343724
   196   L1s      -9584.66632625          0.27106623          7.65910645          0.00014928          0.00277379
   197   L0s      -9584.67075970          0.18796081          3.56277579          0.00014928          0.00277192
   198   L1s      -9584.67875314          0.21577837          4.35657444          0.00025378          0.00471140
   199   L1s      -9584.68177601          0.24187473          6.49953280          0.00010071          0.00186851
   200   L1s      -9584.68725132          0.18660568          3.77908058          0.00018335          0.00339108
   201   L0s      -9584.69237160          0.30765920          9.09788354          0.00018335          0.00338522
   202   L0s      -9584.69724844          0.20579119          3.31335208          0.00018335          0.00336903
   203   L1s      -9584.70450942          0.27593159          8.22400486          0.00026467          0.00484697
   204   L1s      -9584.70774155          0.19192588          2.96281864          0.00011321          0.00205889
   205   L1s      -9584.71477073          0.19176132          4.58320091          0.00024782          0.00447748
   206   L1s      -9584.71933910          0.27603633          8.90856293          0.00016216          0.00292062
   207   L0s      -9584.72363025          0.20894047          4.44043632          0.00016216          0.00290812
   208   L1s      -9584.73076692          0.26926404          6.75885413          0.00028248          0.00505404
   209   L1s      -9584.73440925          0.20811858          2.97948540          0.00013954          0.00248851
   210   L1s      -9584.74189920          0.19185775          1.97887630          0.00028856          0.00514127
   211   L1s      -9584.74709871          0.31566152          8.72423498          0.00020163          0.00359292
   212   L0s      -9584.75248691          0.17582303          2.33987089          0.00020163          0.00359434
   213   L1s      -9584.76006117          0.20435237          3.15650376          0.00026151          0.00465285
   214   L1s      -9584.76295850          0.25552298          5.78172446          0.00010321          0.00183251
   215   L1s      -9584.77011645          0.18093094          2.60150275          0.00025598          0.00450819
   216   L0s      -9584.77793712          0.25088528          5.21704360          0.00025598          0.00448550
   217   L1s      -9584.78124872          0.20872193          3.53556003          0.00011414          0.00198853
   218   L1s      -9584.78843607          0.18999388          3.41439749          0.00028671          0.00495978
   219   L1s      -9584.79395133          0.26346140          8.11273988          0.00022132          0.00381088
   220   L1s      -9584.79793816          0.21010384          3.82969576          0.00016050          0.00273912
   221   L1s      -9584.80553815          0.23961087          6.11516280          0.00030738          0.00519547
   222   L1s      -9584.80851174          0.22141063          4.84548524          0.00012068          0.00201552
   223   L1s      -9584.81610709          0.17515746          1.93038653          0.00030948          0.00507452
   224   L0s      -9584.82342103          0.26600180          5.45891795          0.00030948          0.00504459
   225   L1s      -9584.82664862          0.21985663          3.59931712          0.00013453          0.00217533
   226   L1s      -9584.83332511          0.19256132          4.35975194          0.00026717          0.00427850
   227   L0s      -9584.83954951          0.23630629          6.93533711          0.00026717          0.00424748
   228   L1s      -9584.84212510          0.20128507          3.41726289          0.00010852          0.00170542
   229   L1s      -9584.84822619          0.19804624          3.58954232          0.00023663          0.00367587
   230   L1s      -9584.85062323          0.20748243          4.50136594          0.00009346          0.00143784
   231   L1s      -9584.85710105          0.18206715          2.38394683          0.00025381          0.00387123
   232   L1s      -9584.86246789          0.26256447          7.65031250          0.00021162          0.00321580
   233   L1s      -9584.86557748          0.17898583          2.50393162          0.00012299          0.00185338
   234   L1s      -9584.87242367          0.17293088          2.66415442          0.00027255          0.00404711
   235   L1s      -9584.87545898          0.24530715          6.68982260          0.00012165          0.00179199
   236   L1s      -9584.88016706          0.17345736          3.80160940          0.00018932          0.00274230
   237   L1s      -9584.88388134          0.24423683          7.89614355          0.00015040          0.00216243
   238   L0s      -9584.88744773          0.19321963          4.60034624          0.00015040          0.00214268
   239   L1s      -9584.89357186          0.16087513          1.99035230          0.00026512          0.00373541
   240   L1s      -9584.89778551          0.27507274          7.12672882          0.00017421          0.00244140
   241   L0s      -9584.90167425          0.18301396          1.69348011          0.00017421          0.00240712
   242   L1s      -9584.90862446          0.19891082          3.09948491          0.00034209          0.00464005
   243   L1s      -9584.91170927          0.23577764          5.32342014          0.00014213          0.00190223
   244   L1s      -9584.91759373          0.17222014          1.97704360          0.00027179          0.00355889
   245   L0s      -9584.92371267          0.19690764          3.03055146          0.00027179          0.00351253
   246   L1s      -9584.92643296          0.22368925          4.64054308          0.00012263          0.00156945
   247   L1s      -9584.93147271          0.17012764          2.48584998          0.00023587          0.00298496
   248   L1s      -9584.93772478          0.16984862          2.12566296          0.00029404          0.00369093
   249   L1s      -9584.94226390          0.25976702          8.32946649          0.00021453          0.00268211
   250   L1s      -9584.94591862          0.16872879          1.93470205          0.00017310          0.00214190
   251   L1s      -9584.95062868          0.21619444          5.52961009          0.00022439          0.00275823
   252   L1s      -9584.95320067          0.18633077          3.77919204          0.00012293          0.00149755
   253   L1s      -9584.95819021          0.15754755          2.21418796          0.00023957          0.00288085
   254   L0s      -9584.96355864          0.14476557          1.86875143          0.00023957          0.00283259
   255   L1s      -9584.96603025          0.23028579          6.08455697          0.00010960          0.00128769
   256   L1s      -9584.97016927          0.16116170          1.42278893          0.00018996          0.00220592
   257   L1s      -9584.97659251          0.19076494          3.51846099          0.00029643          0.00342221
   258   L1s      -9584.97956261          0.21790940          6.12051779          0.00013758          0.00158260
   259   L1s      -9584.98352885          0.14709048          2.30183679          0.00018429          0.00210809
   260   L1s      -9584.98802393          0.15250301          2.78261671          0.00021030          0.00239261
   261   L1s      -9584.99301919          0.16437616          2.33724347          0.00023518          0.00265841
   262   L1s      -9584.99496722          0.19894552          4.02168489          0.00009222          0.00103755
   263   L1s      -9584.99878146          0.14362948          1.56452067          0.00018125          0.00201984
   264   L0s      -9585.00288130          0.17642059          3.96761985          0.00018125          0.00200855
   265   L1s      -9585.00487472          0.15961136          2.83605982          0.00009113          0.00100709
   266   L1s      -9585.00990413          0.15452732          1.30048267          0.00025508          0.00288028
   267   L0s      -9585.01490323          0.19620330          3.88005326          0.00025508          0.00289682
   268   L1s      -9585.01732406          0.17711141          3.29389806          0.00012387          0.00140655
   269   L1s      -9585.02076358          0.15111275          2.38768628          0.00017651          0.00197323
   270   L1s      -9585.02507435          0.21209572          5.18610124          0.00022239          0.00245605
   271   L1s      -9585.02713274          0.15248478          2.30514465          0.00010648          0.00115858
   272   L1s      -9585.03130200          0.15601833          3.63039521          0.00021682          0.00233834
   273   L1s      -9585.03313786          0.17368443          4.77791963          0.00009595          0.00102651
   274   L1s      -9585.03629390          0.13478334          1.30336598          0.00016560          0.00174340
   275   L1s      -9585.04030006          0.14287480          2.34085018          0.00021155          0.00219299
   276   L1s      -9585.04227772          0.18153335          5.25345924          0.00010503          0.00107893
   277   L1s      -9585.04509490          0.13303501          1.82614877          0.00015014          0.00152070
   278   L1s      -9585.04833652          0.14361591          2.47951826          0.00017390          0.00174669
   279   L1s      -9585.05001816          0.17643721          3.99332155          0.00009072          0.00090772
   280   L1s      -9585.05250644          0.12451936          1.51494541          0.00013472          0.00136619
   281   L1s      -9585.05474218          0.18063644          4.84839884          0.00012194          0.00123910
   282   L1s      -9585.05669994          0.12261470          1.21069972          0.00010714          0.00108007
   283   L1s      -9585.05985191          0.11661658          1.70616551          0.00017374          0.00169270
   284   L1s      -9585.06179181          0.15503970          4.02624701          0.00010777          0.00104670
   285   L1s      -9585.06326469          0.11871516          1.55753034          0.00008218          0.00080068
   286   L1s      -9585.06597138          0.11647171          1.34617641          0.00015215          0.00149500
   287   L1s      -9585.06808899          0.16761947          4.45128304          0.00011994          0.00118253
   288   L1s      -9585.06973013          0.13845730          2.71685855          0.00009328          0.00092247
   289   L1s      -9585.07255139          0.15398404          3.83094104          0.00016121          0.00159158
   290   L1s      -9585.07396705          0.14724205          3.81676351          0.00008123          0.00079892
   291   L1s      -9585.07719776          0.11660531          1.23648718          0.00018623          0.00181184
   292   L1s      -9585.07985943          0.14871331          3.67423041          0.00015454          0.00149263
   293   L1s      -9585.08131073          0.13972996          3.15939679          0.00008464          0.00081070
   294   L1s      -9585.08353641          0.10702402          1.25991248          0.00013045          0.00124140
   295   L1s      -9585.08636772          0.13945389          3.45596893          0.00016735          0.00159123
   296   L1s      -9585.08770175          0.14985735          3.99885346          0.00007923          0.00074818
   297   L1s      -9585.09030109          0.13068703          1.93517947          0.00015503          0.00143504
   298   L1s      -9585.09188094          0.16965857          4.86711909          0.00009472          0.00087512
   299   L1s      -9585.09406330          0.11952807          1.38905442          0.00013127          0.00121063
   300   L1s      -9585.09671215          0.11276533          1.63753375          0.00016033          0.00147282
   301   L1s      -9585.09797383          0.14699735          3.59229122          0.00007690          0.00070338
   302   L1s      -9585.09989577          0.11330166          1.14286024          0.00011762          0.00106131
   303   L1s      -9585.10246508          0.11457197          1.21430750          0.00015830          0.00139900
   304   L1s      -9585.10416606          0.15547625          3.64572121          0.00010547          0.00092075
   305   L1s      -9585.10563400          0.10630667          1.72611932          0.00009135          0.00077666
   306   L1s      -9585.10783502          0.15205786          3.24651221          0.00013800          0.00116010
   307   L1s      -9585.10893842          0.11530883          1.90436079          0.00006943          0.00057451
   308   L1s      -9585.11129114          0.11063673          1.66393011          0.00014906          0.00123157
   309   L1s      -9585.11284262          0.13729936          3.80902847          0.00009896          0.00081555
   310   L1s      -9585.11405148          0.11172607          1.99745540          0.00007741          0.00064124
   311   L1s      -9585.11635948          0.10313658          1.33806012          0.00014874          0.00123482
   312   L1s      -9585.11829304          0.13472727          4.02594294          0.00012553          0.00104941
   313   L1s      -9585.11932017          0.10913891          2.16635892          0.00006697          0.00056496
   314   L1s      -9585.12116976          0.10053384          1.47815227          0.00012137          0.00103139
   315   L1s      -9585.12219392          0.14751036          3.54047821          0.00006771          0.00057834
   316   L1s      -9585.12394759          0.10283945          1.21320224          0.00011633          0.00101298
   317   L0s      -9585.12578289          0.11657402          2.34370208          0.00011633          0.00102899
   318   L1s      -9585.12670512          0.10991022          2.08067953          0.00005954          0.00053499
   319   L1s      -9585.12827803          0.09173128          1.23682215          0.00010840          0.00098609
----------------------------------------------------------------------------------------------------------------

Minimization converged.

-------------------  Conjugate Gradient Minimizer Statistics -------------------
Iterations             =            319  Function Calls         =            599
--------------------------------------------------------------------------------
