
#-----------------------------------------------------------------------------#
#                                                                             #
#                                EasyHybrid                                   #
#                   - A pDynamo graphical user interface -                    #
#                                                                             #
#-----------------------------------------------------------------------------#
#                                                                             #
#     Developed by Jose Fernando R Bachega and Luis Fernando S M Timmers      #
#                            <ferbachega@gmail.com>                           #
#                                                                             #
#             visit: https://sites.google.com/site/EasyHybrid/                #
#                   Univesity of Sao Paulo - SP, Brazil                       #
#      Pontifical Catholic University of Rio Grande do Sul - RS, Brazil       #
#                                                                             #
#                                                                             #
#   EasyHybrid team:                               Special thanks to:         #
#   - Jose Fernando R Bachega           |         - Fernando V Maluf          #
#   - Michele Silva                     |                                     #
#   - Luis Fernando S M Timmers         |                                     #
#   - Martin Field                      |         - Leonardo R Bachega        #
#   - Troy Wymore                       |         - Lucas Assirati            #
#   - Osmar Norberto de Souza           |         - Richard Garratt           #
#   - Walter R Paixao-Cortes            |                                     #
#                                                                             #
#   Cite this work as:                                                        #
#   J.F.R. Bachega, L.F.S.M. Timmers, L.Assirati, L.B. Bachega, M.J. Field,   #
#   T. Wymore. J. Comput. Chem. 2013, 34, 2190-2196. DOI: 10.1002/jcc.23346   #
#                                                                             #
#-----------------------------------------------------------------------------#

Generated on Wed Jun  5 17:59:24 2019


--------------------------------------------------------------------------------
                        Summary for System "12_ramon_new"
--------------------------------------------------------------------------------

---------------------------- Atom Container Summary ----------------------------
Number of Atoms        =           2173  Number of Heavy Atoms  =           1040
Number of Hydrogens    =           1133  Number of Unknowns     =              0
--------------------------------------------------------------------------------

----------------------------- Connectivity Summary -----------------------------
Atoms                  =           2173
--------------------------------------------------------------------------------

------------------------------- Electronic State -------------------------------
Charge                 =             -1  Multiplicity           =              1
--------------------------------------------------------------------------------

--------------------------------------------------------------------------------
                 Summary for Energy Model "AMBER/AM1DPHOT/ABFS"
--------------------------------------------------------------------------------

----------------------------------- Summary for MM Model "AMBER" -----------------------------------
LJ 1-4 Scaling                   =          0.500  El. 1-4 Scaling                  =          0.833
Number of MM Atoms               =           2173  Number of MM Atom Types          =             37
Number of Inactive MM Atoms      =             33  Total MM Charge                  =          -4.00
Harmonic Bond Terms              =           2169  Harmonic Bond Parameters         =             49
Harmonic Bond Inactive           =           1308  Fourier Improper Terms           =            320
Fourier Improper Parameters      =              3  Fourier Improper Inactive        =            164
Harmonic Angle Terms             =           3403  Harmonic Angle Parameters        =            103
Harmonic Angle Inactive          =           1938  Fourier Dihedral Terms           =           6697
Fourier Dihedral Parameters      =             48  Fourier Dihedral Inactive        =           3453
Exclusions                       =          10377  1-4 Interactions                 =           4805
LJ Parameters Form               =          AMBER  LJ Parameters Types              =             21
1-4 Lennard-Jones Form           =          AMBER  1-4 Lennard-Jones Types          =             21
----------------------------------------------------------------------------------------------------

------------------------ Summary for QC Model "AM1DPHOT" -----------------------
Number of QC Atoms     =             39  Boundary Atoms         =              6
Nuclear Charge         =            129  Orbital Functions      =            113
Fitting Functions      =              0  Energy Base Line       =      189.57630
QC Parameter Centers   =              6
--------------------------------------------------------------------------------

----------------------------- ABFS NB Model Summary ----------------------------
Dielectric             =       1.000000  El. 1-4 Scaling        =       0.833333
Damping Cutoff         =       0.500000  Inner Cutoff           =       8.000000
List Cutoff            =      13.500000  Outer Cutoff           =      12.000000
QC/MM Coupling         =    RC Coupling  Use Centering          =          False
--------------------------------------------------------------------------------

-------------------------- Pairlist Generator Summary --------------------------
Cell Size              =          6.750  Cutoff                 =         13.500
Cutoff Cell Size Factor =          0.500  Grid Cell/Cell Method  =           True
Minimum Cell Extent    =              2  Minimum Cell Size      =          3.000
Minimum Extent Factor  =          1.500  Minimum Points         =            500
Sort Indices           =          False
--------------------------------------------------------------------------------

----------------------- SoftConstraint Container Summary -----------------------
Multiple Distance      =              2
--------------------------------------------------------------------------------

---------------------------- Hard Constraint Container Summary ---------------------------
Number of Charge Constraints  =            0  Number of Fixed Atoms         =         1351
------------------------------------------------------------------------------------------

------------------------------- Sequence Summary -------------------------------
Number of Atoms            =       2173  Number of Components       =        213
Number of Entities         =          1  Number of Linear Polymers  =          0
Number of Links            =          0  Number of Variants         =          0
--------------------------------------------------------------------------------

-------------------------------  Conjugate Gradient Minimizer Options ------------------------------
Beta Type                        =              1  Initial Step                     =            0.1
Line Searcher                    =           None  Log Frequency                    =              1
Maximum Iterations               =            500  Maximum Theta                    =          1e+10
Minimum Theta                    =          1e-10  RMS Gradient Tolerance           =            0.1
Steepest Descent Tolerance       =          0.001  Use Spectral Theta               =           True
----------------------------------------------------------------------------------------------------

----------------------------------------------------------------------------------------------------------------
  Iteration       Function          RMS Gradient        Max. |Grad.|          RMS Disp.         Max. |Disp.|
----------------------------------------------------------------------------------------------------------------
     0     I      -9429.04504283         78.27581623       2989.13184920          0.00201374          0.07689904
     1   L1s      -9577.17884710          7.49150792        222.46223683          0.00154484          0.04565655
     2   L1s      -9578.93557390          3.30123929         82.54833146          0.00019069          0.00525849
     3   L1s      -9580.69271463          2.65530361         63.27200869          0.00047358          0.01419664
     4   L1s      -9582.53894955          2.47827486         58.09927344          0.00074453          0.01954549
     5   L1s      -9582.85900617          2.28214180         49.49392214          0.00016640          0.00329218
     6   L1s      -9583.28738639          1.04110231         20.13270370          0.00026852          0.00511455
     7   L0s      -9583.54033439          1.19764209         20.01851410          0.00026852          0.00594685
     8   L0s      -9583.77209451          1.61405049         48.76575516          0.00026852          0.00612238
     9   L1s      -9583.93060175          1.05906258         21.80442451          0.00020309          0.00430660
    10   L0s      -9584.05514723          1.13280480         27.96071565          0.00020309          0.00373785
    11   L1s      -9584.12266778          0.89333383         16.58179768          0.00011989          0.00221356
    12   L1s      -9584.22159584          0.63535756         17.02742645          0.00019526          0.00358758
    13   L0s      -9584.30175020          0.84762225         25.03756694          0.00019526          0.00297063
    14   L1s      -9584.33358936          0.48801195          9.19005560          0.00008181          0.00137908
    15   L1s      -9584.37627743          0.67478169         17.23766255          0.00012180          0.00214427
    16   L1s      -9584.39567346          0.40924565          6.71850642          0.00006006          0.00110178
    17   L1s      -9584.42476723          0.42671606         12.57513926          0.00010685          0.00200560
    18   L1s      -9584.45428047          0.32585362          5.73165523          0.00012206          0.00234408
    19   L1s      -9584.46595525          0.46928626         13.99663707          0.00005630          0.00106175
    20   L1s      -9584.48635561          0.32925179          6.90627451          0.00010450          0.00170405
    21   L1s      -9584.49590742          0.40217360         12.15227935          0.00005429          0.00085389
    22   L1s      -9584.50613156          0.22209016          2.58689008          0.00006167          0.00108652
    23   L1s      -9584.52062826          0.24647955          5.80616702          0.00010221          0.00169599
    24   L1s      -9584.52911374          0.28039789          7.93733111          0.00006596          0.00103829
    25   L1s      -9584.53479016          0.29202824          6.67414611          0.00004710          0.00071366
    26   L1s      -9584.54519674          0.27683015          5.93160045          0.00009108          0.00135874
    27   L1s      -9584.54980094          0.27259201          6.52431595          0.00004251          0.00061208
    28   L1s      -9584.55930941          0.19856927          3.45363281          0.00009224          0.00135450
    29   L0s      -9584.56882716          0.17849903          2.86169686          0.00009224          0.00129631
    30   L1s      -9584.57427390          0.30346083          9.90684968          0.00005801          0.00087117
    31   L1s      -9584.58040108          0.21872391          3.35673430          0.00006896          0.00088352
    32   L0s      -9584.58596721          0.30088181          7.94785232          0.00006896          0.00097228
    33   L0s      -9584.59141254          0.22399178          5.35396757          0.00006896          0.00085398
    34   L1s      -9584.59846321          0.17191013          3.28725418          0.00008787          0.00093270
    35   L1s      -9584.60406570          0.21015459          5.46212269          0.00007276          0.00088017
    36   L1s      -9584.60604155          0.16054403          2.51403508          0.00002677          0.00030526
    37   L1s      -9584.61019653          0.15564339          3.09657428          0.00006008          0.00067278
    38   L1s      -9584.61228291          0.19690224          4.65867340          0.00003207          0.00035154
    39   L1s      -9584.61766426          0.14899062          1.73867901          0.00008562          0.00087183
    40   L0s      -9584.62279193          0.24485528          6.95091450          0.00008562          0.00083607
    41   L1s      -9584.62545700          0.16349227          2.23433997          0.00004557          0.00039894
    42   L1s      -9584.63060517          0.15405441          2.35966307          0.00009294          0.00075775
    43   L1s      -9584.63388588          0.20827255          5.51488651          0.00006168          0.00049723
    44   L1s      -9584.63669802          0.15127123          2.16703124          0.00005399          0.00043062
    45   L1s      -9584.64119190          0.19785762          3.49547121          0.00008959          0.00072844
    46   L1s      -9584.64343186          0.19579570          4.85374752          0.00004559          0.00039036
    47   L1s      -9584.64857925          0.14632377          2.26738571          0.00010691          0.00103334
    48   L1s      -9584.65288218          0.16094107          3.25679184          0.00009249          0.00096383
    49   L1s      -9584.65544187          0.21897777          6.22792176          0.00005651          0.00060805
    50   L1s      -9584.66000584          0.16213921          2.88390743          0.00010217          0.00114007
    51   L1s      -9584.66238548          0.22022568          6.96438086          0.00005458          0.00061674
    52   L1s      -9584.66666905          0.12975650          1.50009100          0.00009951          0.00112832
    53   L1s      -9584.67191388          0.15014460          2.57748044          0.00012615          0.00140229
    54   L1s      -9584.67436232          0.21016552          6.60058977          0.00006037          0.00066170
    55   L1s      -9584.67739196          0.14966718          3.18232720          0.00007560          0.00079964
    56   L1s      -9584.67981944          0.17039880          4.36450968          0.00006199          0.00063549
    57   L1s      -9584.68172376          0.14625745          3.18146671          0.00004947          0.00048482
    58   L1s      -9584.68679678          0.14595035          1.71967775          0.00013476          0.00125813
    59   L1s      -9584.69107239          0.21341945          5.82311208          0.00011599          0.00106133
    60   L1s      -9584.69310065          0.14963476          2.41207178          0.00005557          0.00049020
    61   L1s      -9584.69746791          0.16021882          3.71033014          0.00012197          0.00105607
    62   L1s      -9584.69945210          0.18258337          3.61896782          0.00005631          0.00048286
    63   L1s      -9584.70369592          0.12210850          1.76566477          0.00012191          0.00104278
    64   L1s      -9584.70725957          0.20665509          6.28667609          0.00010509          0.00090167
    65   L1s      -9584.70908331          0.13034303          1.92283906          0.00005425          0.00047132
    66   L1s      -9584.71301443          0.13379914          1.50814972          0.00011947          0.00105971
    67   L1s      -9584.71518208          0.19521158          4.85526196          0.00006718          0.00060273
    68   L1s      -9584.71838550          0.12345189          1.61725093          0.00010018          0.00092889
    69   L1s      -9584.72086810          0.17125688          3.83237818          0.00007933          0.00074718
    70   L1s      -9584.72234959          0.13451759          2.52718909          0.00004786          0.00046110
    71   L1s      -9584.72500095          0.11497108          2.28417493          0.00008713          0.00085857
    72   L1s      -9584.72811912          0.15019197          3.69899264          0.00010482          0.00104089
    73   L1s      -9584.72963717          0.15203748          3.35818575          0.00005168          0.00051592
    74   L1s      -9584.73250983          0.13530150          2.49425973          0.00009900          0.00098961
    75   L1s      -9584.73378566          0.15599121          4.88882721          0.00004463          0.00044575
    76   L1s      -9584.73642670          0.10929605          1.45487771          0.00009340          0.00092209
    77   L0s      -9584.73916335          0.10131751          1.41308379          0.00009340          0.00089453
    78   L1s      -9584.74052335          0.15555438          5.28479500          0.00004736          0.00044693
    79   L1s      -9584.74214159          0.10920148          1.40484720          0.00005833          0.00053144
    80   L0s      -9584.74365723          0.16105173          4.88510183          0.00005833          0.00052262
    81   L0s      -9584.74522700          0.10525125          1.81636769          0.00005833          0.00049793
    82   L1s      -9584.74718043          0.10470559          1.99619757          0.00006552          0.00053944
    83   L1s      -9584.74829966          0.14707082          4.49277871          0.00003913          0.00033065
    84   L1s      -9584.74984574          0.09815303          1.45038817          0.00005472          0.00048768
----------------------------------------------------------------------------------------------------------------

Minimization converged.

-------------------  Conjugate Gradient Minimizer Statistics -------------------
Iterations             =             84  Function Calls         =            158
--------------------------------------------------------------------------------
