
#-----------------------------------------------------------------------------#
#                                                                             #
#                                EasyHybrid                                   #
#                   - A pDynamo graphical user interface -                    #
#                                                                             #
#-----------------------------------------------------------------------------#
#                                                                             #
#     Developed by Jose Fernando R Bachega and Luis Fernando S M Timmers      #
#                            <ferbachega@gmail.com>                           #
#                                                                             #
#             visit: https://sites.google.com/site/EasyHybrid/                #
#                   Univesity of Sao Paulo - SP, Brazil                       #
#      Pontifical Catholic University of Rio Grande do Sul - RS, Brazil       #
#                                                                             #
#                                                                             #
#   EasyHybrid team:                               Special thanks to:         #
#   - Jose Fernando R Bachega           |         - Fernando V Maluf          #
#   - Michele Silva                     |                                     #
#   - Luis Fernando S M Timmers         |                                     #
#   - Martin Field                      |         - Leonardo R Bachega        #
#   - Troy Wymore                       |         - Lucas Assirati            #
#   - Osmar Norberto de Souza           |         - Richard Garratt           #
#   - Walter R Paixao-Cortes            |                                     #
#                                                                             #
#   Cite this work as:                                                        #
#   J.F.R. Bachega, L.F.S.M. Timmers, L.Assirati, L.B. Bachega, M.J. Field,   #
#   T. Wymore. J. Comput. Chem. 2013, 34, 2190-2196. DOI: 10.1002/jcc.23346   #
#                                                                             #
#-----------------------------------------------------------------------------#

Generated on Wed Jun  5 18:03:13 2019


--------------------------------------------------------------------------------
                        Summary for System "12_ramon_new"
--------------------------------------------------------------------------------

---------------------------- Atom Container Summary ----------------------------
Number of Atoms        =           2173  Number of Heavy Atoms  =           1040
Number of Hydrogens    =           1133  Number of Unknowns     =              0
--------------------------------------------------------------------------------

----------------------------- Connectivity Summary -----------------------------
Atoms                  =           2173
--------------------------------------------------------------------------------

------------------------------- Electronic State -------------------------------
Charge                 =             -1  Multiplicity           =              1
--------------------------------------------------------------------------------

--------------------------------------------------------------------------------
                 Summary for Energy Model "AMBER/AM1DPHOT/ABFS"
--------------------------------------------------------------------------------

----------------------------------- Summary for MM Model "AMBER" -----------------------------------
LJ 1-4 Scaling                   =          0.500  El. 1-4 Scaling                  =          0.833
Number of MM Atoms               =           2173  Number of MM Atom Types          =             37
Number of Inactive MM Atoms      =             33  Total MM Charge                  =          -4.00
Harmonic Bond Terms              =           2169  Harmonic Bond Parameters         =             49
Harmonic Bond Inactive           =           1308  Fourier Improper Terms           =            320
Fourier Improper Parameters      =              3  Fourier Improper Inactive        =            164
Harmonic Angle Terms             =           3403  Harmonic Angle Parameters        =            103
Harmonic Angle Inactive          =           1938  Fourier Dihedral Terms           =           6697
Fourier Dihedral Parameters      =             48  Fourier Dihedral Inactive        =           3453
Exclusions                       =          10377  1-4 Interactions                 =           4805
LJ Parameters Form               =          AMBER  LJ Parameters Types              =             21
1-4 Lennard-Jones Form           =          AMBER  1-4 Lennard-Jones Types          =             21
----------------------------------------------------------------------------------------------------

------------------------ Summary for QC Model "AM1DPHOT" -----------------------
Number of QC Atoms     =             39  Boundary Atoms         =              6
Nuclear Charge         =            129  Orbital Functions      =            113
Fitting Functions      =              0  Energy Base Line       =      189.57630
QC Parameter Centers   =              6
--------------------------------------------------------------------------------

----------------------------- ABFS NB Model Summary ----------------------------
Dielectric             =       1.000000  El. 1-4 Scaling        =       0.833333
Damping Cutoff         =       0.500000  Inner Cutoff           =       8.000000
List Cutoff            =      13.500000  Outer Cutoff           =      12.000000
QC/MM Coupling         =    RC Coupling  Use Centering          =          False
--------------------------------------------------------------------------------

-------------------------- Pairlist Generator Summary --------------------------
Cell Size              =          6.750  Cutoff                 =         13.500
Cutoff Cell Size Factor =          0.500  Grid Cell/Cell Method  =           True
Minimum Cell Extent    =              2  Minimum Cell Size      =          3.000
Minimum Extent Factor  =          1.500  Minimum Points         =            500
Sort Indices           =          False
--------------------------------------------------------------------------------

----------------------- SoftConstraint Container Summary -----------------------
Multiple Distance      =              2
--------------------------------------------------------------------------------

---------------------------- Hard Constraint Container Summary ---------------------------
Number of Charge Constraints  =            0  Number of Fixed Atoms         =         1351
------------------------------------------------------------------------------------------

------------------------------- Sequence Summary -------------------------------
Number of Atoms            =       2173  Number of Components       =        213
Number of Entities         =          1  Number of Linear Polymers  =          0
Number of Links            =          0  Number of Variants         =          0
--------------------------------------------------------------------------------

-------------------------------  Conjugate Gradient Minimizer Options ------------------------------
Beta Type                        =              1  Initial Step                     =            0.1
Line Searcher                    =           None  Log Frequency                    =              1
Maximum Iterations               =            500  Maximum Theta                    =          1e+10
Minimum Theta                    =          1e-10  RMS Gradient Tolerance           =            0.1
Steepest Descent Tolerance       =          0.001  Use Spectral Theta               =           True
----------------------------------------------------------------------------------------------------

----------------------------------------------------------------------------------------------------------------
  Iteration       Function          RMS Gradient        Max. |Grad.|          RMS Disp.         Max. |Disp.|
----------------------------------------------------------------------------------------------------------------
     0     I      -9435.99032073         72.40994026       2715.06893277          0.00201374          0.07550681
     1   L1s      -9579.74724965          6.03634316        124.60762626          0.00159327          0.03289779
     2   L1s      -9583.07514755          8.26800113        264.88024210          0.00044808          0.01026415
     3   L1s      -9587.86438817          3.94997701        104.31703811          0.00079678          0.02194091
     4   L0s      -9590.91014998          2.37642900         51.94801797          0.00079678          0.02107450
     5   L1s      -9591.47654763          3.09168466         83.24119765          0.00024618          0.00736550
     6   L1s      -9592.39896368          1.95995052         30.16144818          0.00047337          0.01287439
     7   L1s      -9592.88828841          2.72837361         83.18817870          0.00032383          0.00840300
     8   L1s      -9593.28218850          1.61983224         42.11803501          0.00028633          0.00703204
     9   L1s      -9593.56329308          0.98306595         16.72666128          0.00024902          0.00560762
    10   L0s      -9593.76428851          1.01887552         24.05722661          0.00024902          0.00489823
    11   L1s      -9593.81856373          0.86036436         15.16723484          0.00007935          0.00161517
    12   L1s      -9593.95233592          1.18734879         31.33814400          0.00022883          0.00466877
    13   L1s      -9594.02505799          0.88676044         15.26136176          0.00013383          0.00347123
    14   L1s      -9594.15381562          0.76351994         10.94001860          0.00026402          0.00709496
    15   L1s      -9594.30519362          1.05874969         21.49501748          0.00034885          0.00834339
    16   L1s      -9594.37246853          0.96586516         18.13821358          0.00016302          0.00428759
    17   L1s      -9594.47313079          0.87805385         21.72550187          0.00025793          0.00735904
    18   L1s      -9594.52287718          0.83284147         13.94707481          0.00013493          0.00348474
    19   L1s      -9594.61012192          0.65386561         10.80860059          0.00025209          0.00656066
    20   L0s      -9594.68773810          0.55650950          8.24229017          0.00025209          0.00700205
    21   L1s      -9594.70860431          0.61948600         15.31384879          0.00007402          0.00182630
    22   L1s      -9594.74560822          0.48432216          7.82084280          0.00013758          0.00304556
    23   L1s      -9594.77013333          0.62636158         15.66979734          0.00010017          0.00242885
    24   L1s      -9594.80198118          0.30903440          3.81773995          0.00013648          0.00282632
    25   L1s      -9594.82347994          0.42181827          8.34287081          0.00010793          0.00192853
    26   L1s      -9594.83611976          0.46821361          9.84269653          0.00006796          0.00125456
    27   L1s      -9594.85596652          0.31242851          5.43092886          0.00011212          0.00195973
    28   L1s      -9594.86836230          0.39709721         10.16043698          0.00007700          0.00103840
    29   L0s      -9594.87929691          0.30521673          5.67694677          0.00007700          0.00100505
    30   L1s      -9594.89329653          0.29774127          4.84678286          0.00010876          0.00130903
    31   L1s      -9594.90067623          0.38694796         11.74944149          0.00005751          0.00065955
    32   L1s      -9594.91468032          0.27085514          3.60475203          0.00011301          0.00119542
    33   L1s      -9594.93106725          0.26615545          3.90504405          0.00014096          0.00174619
    34   L1s      -9594.93752970          0.35624499          7.42865343          0.00005898          0.00062266
    35   L1s      -9594.95182675          0.34153826          6.88982300          0.00013449          0.00134994
    36   L1s      -9594.96059902          0.32995534          7.12327623          0.00008514          0.00091856
    37   L0s      -9594.96967992          0.25720142          5.24213024          0.00008514          0.00100964
    38   L1s      -9594.98805710          0.27997810          3.30905794          0.00017561          0.00220369
    39   L1s      -9594.99906375          0.40522462         10.46756122          0.00011436          0.00146584
    40   L1s      -9595.00762011          0.26194787          4.27897931          0.00009053          0.00121678
    41   L1s      -9595.02155984          0.34245640          8.43835327          0.00015371          0.00213659
    42   L1s      -9595.02855495          0.27271090          4.74164255          0.00007890          0.00114491
    43   L1s      -9595.04339327          0.23971172          2.96119889          0.00017300          0.00247291
    44   L1s      -9595.05106141          0.35669639         10.04320791          0.00009303          0.00131459
    45   L0s      -9595.05817694          0.25551418          3.44862885          0.00009303          0.00128836
    46   L1s      -9595.07202468          0.28900403          4.49748640          0.00019504          0.00265967
    47   L1s      -9595.07929915          0.33493994          7.80968327          0.00010048          0.00135496
    48   L1s      -9595.08974065          0.29601714          4.92928844          0.00014640          0.00194478
    49   L0s      -9595.09903596          0.42108027         10.09640867          0.00014640          0.00192980
    50   L0s      -9595.10884953          0.21724639          2.64718497          0.00014640          0.00179002
    51   L1s      -9595.11710187          0.21062723          3.38534854          0.00008497          0.00095360
    52   L1s      -9595.12116590          0.25459911          7.27493568          0.00004499          0.00047797
    53   L1s      -9595.12870063          0.21100687          3.88150390          0.00008679          0.00088919
    54   L0s      -9595.13589074          0.32187924          7.88224226          0.00008679          0.00089952
    55   L1s      -9595.14124166          0.21046411          3.60934823          0.00006622          0.00067951
    56   L1s      -9595.14812623          0.18767135          3.54045401          0.00009037          0.00083357
    57   L1s      -9595.15179699          0.22654398          6.74263027          0.00005074          0.00043166
    58   L1s      -9595.15608152          0.16867809          2.97251639          0.00006117          0.00050029
    59   L1s      -9595.16187120          0.20703804          4.84669279          0.00008722          0.00068999
    60   L1s      -9595.16401974          0.18038688          3.13347478          0.00003345          0.00028702
    61   L1s      -9595.16937594          0.16527948          2.44730928          0.00008680          0.00066520
    62   L1s      -9595.17254616          0.21678044          6.11353469          0.00005368          0.00040448
    63   L1s      -9595.17632902          0.14679294          1.99345426          0.00006559          0.00047630
    64   L1s      -9595.18103191          0.17312891          3.09767897          0.00008560          0.00063878
    65   L1s      -9595.18299618          0.19639221          4.53458965          0.00003692          0.00030595
    66   L1s      -9595.18830793          0.16374430          3.55242740          0.00010222          0.00076484
    67   L1s      -9595.19073264          0.17571525          4.46801332          0.00004818          0.00030916
    68   L0s      -9595.19330486          0.13479882          2.91971856          0.00004818          0.00031078
    69   L1s      -9595.19748091          0.14463267          2.73763467          0.00007799          0.00050850
    70   L1s      -9595.19946689          0.18268101          5.12181593          0.00004098          0.00025825
    71   L1s      -9595.20239903          0.14130859          2.73717775          0.00006190          0.00037803
    72   L1s      -9595.20442474          0.18887927          4.56652354          0.00004432          0.00027285
    73   L1s      -9595.20702834          0.12037152          2.17764944          0.00005804          0.00040956
    74   L1s      -9595.21040697          0.15867744          4.10254183          0.00007867          0.00064892
    75   L1s      -9595.21220087          0.15271621          3.71236405          0.00004277          0.00033863
    76   L1s      -9595.21489318          0.11945907          2.64717967          0.00006576          0.00055389
    77   L0s      -9595.21743442          0.17143608          4.49981934          0.00006576          0.00056175
    78   L1s      -9595.21893151          0.13167027          2.50367074          0.00003896          0.00033518
    79   L1s      -9595.22152758          0.15032708          3.93171133          0.00006725          0.00057053
    80   L1s      -9595.22285287          0.12527305          2.69416235          0.00003507          0.00028854
    81   L1s      -9595.22539572          0.10766611          2.27521317          0.00006927          0.00053933
    82   L1s      -9595.22755963          0.16579993          4.83593078          0.00006115          0.00046218
    83   L1s      -9595.22939634          0.12367185          2.92750456          0.00005268          0.00037257
    84   L1s      -9595.23165402          0.10507164          2.32969365          0.00006641          0.00044423
    85   L1s      -9595.23350262          0.15767883          4.57399599          0.00005621          0.00036998
    86   L1s      -9595.23502561          0.10525375          1.94900577          0.00004697          0.00028563
    87   L1s      -9595.23680463          0.14994503          4.36564376          0.00005655          0.00038812
    88   L1s      -9595.23796920          0.10949470          1.89013236          0.00003754          0.00024479
    89   L1s      -9595.24017427          0.11048036          2.40094370          0.00007295          0.00052275
    90   L1s      -9595.24126971          0.12842800          3.57917153          0.00003712          0.00021388
    91   L1s      -9595.24288476          0.10038927          2.48791218          0.00005567          0.00033611
    92   L1s      -9595.24490171          0.10512998          2.14746316          0.00007142          0.00050321
    93   L1s      -9595.24589014          0.13058352          3.52723894          0.00003582          0.00022065
    94   L1s      -9595.24814569          0.10645701          2.48846081          0.00008298          0.00052666
    95   L1s      -9595.24995363          0.13183805          2.96032573          0.00006793          0.00048182
    96   L1s      -9595.25088016          0.10657756          1.89617004          0.00003526          0.00023234
    97   L1s      -9595.25239273          0.10776126          2.27074499          0.00005871          0.00040376
    98   L1s      -9595.25305879          0.09255355          1.63554327          0.00002633          0.00018392
----------------------------------------------------------------------------------------------------------------

Minimization converged.

-------------------  Conjugate Gradient Minimizer Statistics -------------------
Iterations             =             98  Function Calls         =            186
--------------------------------------------------------------------------------
