
#-----------------------------------------------------------------------------#
#                                                                             #
#                                EasyHybrid                                   #
#                   - A pDynamo graphical user interface -                    #
#                                                                             #
#-----------------------------------------------------------------------------#
#                                                                             #
#     Developed by Jose Fernando R Bachega and Luis Fernando S M Timmers      #
#                            <ferbachega@gmail.com>                           #
#                                                                             #
#             visit: https://sites.google.com/site/EasyHybrid/                #
#                   Univesity of Sao Paulo - SP, Brazil                       #
#      Pontifical Catholic University of Rio Grande do Sul - RS, Brazil       #
#                                                                             #
#                                                                             #
#   EasyHybrid team:                               Special thanks to:         #
#   - Jose Fernando R Bachega           |         - Fernando V Maluf          #
#   - Michele Silva                     |                                     #
#   - Luis Fernando S M Timmers         |                                     #
#   - Martin Field                      |         - Leonardo R Bachega        #
#   - Troy Wymore                       |         - Lucas Assirati            #
#   - Osmar Norberto de Souza           |         - Richard Garratt           #
#   - Walter R Paixao-Cortes            |                                     #
#                                                                             #
#   Cite this work as:                                                        #
#   J.F.R. Bachega, L.F.S.M. Timmers, L.Assirati, L.B. Bachega, M.J. Field,   #
#   T. Wymore. J. Comput. Chem. 2013, 34, 2190-2196. DOI: 10.1002/jcc.23346   #
#                                                                             #
#-----------------------------------------------------------------------------#

Generated on Wed Jun  5 18:02:50 2019


--------------------------------------------------------------------------------
                        Summary for System "12_ramon_new"
--------------------------------------------------------------------------------

---------------------------- Atom Container Summary ----------------------------
Number of Atoms        =           2173  Number of Heavy Atoms  =           1040
Number of Hydrogens    =           1133  Number of Unknowns     =              0
--------------------------------------------------------------------------------

----------------------------- Connectivity Summary -----------------------------
Atoms                  =           2173
--------------------------------------------------------------------------------

------------------------------- Electronic State -------------------------------
Charge                 =             -1  Multiplicity           =              1
--------------------------------------------------------------------------------

--------------------------------------------------------------------------------
                 Summary for Energy Model "AMBER/AM1DPHOT/ABFS"
--------------------------------------------------------------------------------

----------------------------------- Summary for MM Model "AMBER" -----------------------------------
LJ 1-4 Scaling                   =          0.500  El. 1-4 Scaling                  =          0.833
Number of MM Atoms               =           2173  Number of MM Atom Types          =             37
Number of Inactive MM Atoms      =             33  Total MM Charge                  =          -4.00
Harmonic Bond Terms              =           2169  Harmonic Bond Parameters         =             49
Harmonic Bond Inactive           =           1308  Fourier Improper Terms           =            320
Fourier Improper Parameters      =              3  Fourier Improper Inactive        =            164
Harmonic Angle Terms             =           3403  Harmonic Angle Parameters        =            103
Harmonic Angle Inactive          =           1938  Fourier Dihedral Terms           =           6697
Fourier Dihedral Parameters      =             48  Fourier Dihedral Inactive        =           3453
Exclusions                       =          10377  1-4 Interactions                 =           4805
LJ Parameters Form               =          AMBER  LJ Parameters Types              =             21
1-4 Lennard-Jones Form           =          AMBER  1-4 Lennard-Jones Types          =             21
----------------------------------------------------------------------------------------------------

------------------------ Summary for QC Model "AM1DPHOT" -----------------------
Number of QC Atoms     =             39  Boundary Atoms         =              6
Nuclear Charge         =            129  Orbital Functions      =            113
Fitting Functions      =              0  Energy Base Line       =      189.57630
QC Parameter Centers   =              6
--------------------------------------------------------------------------------

----------------------------- ABFS NB Model Summary ----------------------------
Dielectric             =       1.000000  El. 1-4 Scaling        =       0.833333
Damping Cutoff         =       0.500000  Inner Cutoff           =       8.000000
List Cutoff            =      13.500000  Outer Cutoff           =      12.000000
QC/MM Coupling         =    RC Coupling  Use Centering          =          False
--------------------------------------------------------------------------------

-------------------------- Pairlist Generator Summary --------------------------
Cell Size              =          6.750  Cutoff                 =         13.500
Cutoff Cell Size Factor =          0.500  Grid Cell/Cell Method  =           True
Minimum Cell Extent    =              2  Minimum Cell Size      =          3.000
Minimum Extent Factor  =          1.500  Minimum Points         =            500
Sort Indices           =          False
--------------------------------------------------------------------------------

----------------------- SoftConstraint Container Summary -----------------------
Multiple Distance      =              2
--------------------------------------------------------------------------------

---------------------------- Hard Constraint Container Summary ---------------------------
Number of Charge Constraints  =            0  Number of Fixed Atoms         =         1351
------------------------------------------------------------------------------------------

------------------------------- Sequence Summary -------------------------------
Number of Atoms            =       2173  Number of Components       =        213
Number of Entities         =          1  Number of Linear Polymers  =          0
Number of Links            =          0  Number of Variants         =          0
--------------------------------------------------------------------------------

-------------------------------  Conjugate Gradient Minimizer Options ------------------------------
Beta Type                        =              1  Initial Step                     =            0.1
Line Searcher                    =           None  Log Frequency                    =              1
Maximum Iterations               =            500  Maximum Theta                    =          1e+10
Minimum Theta                    =          1e-10  RMS Gradient Tolerance           =            0.1
Steepest Descent Tolerance       =          0.001  Use Spectral Theta               =           True
----------------------------------------------------------------------------------------------------

----------------------------------------------------------------------------------------------------------------
  Iteration       Function          RMS Gradient        Max. |Grad.|          RMS Disp.         Max. |Disp.|
----------------------------------------------------------------------------------------------------------------
     0     I      -9439.35773534         72.37455945       2715.72584799          0.00201374          0.07556200
     1   L1s      -9583.27662372          6.05068558        123.45117670          0.00159605          0.03304183
     2   L1s      -9586.40361077          8.10558795        257.62561571          0.00041984          0.00961435
     3   L1s      -9591.26170429          3.90659735        103.62094378          0.00081274          0.02229510
     4   L0s      -9594.26422584          2.45547383         56.38228249          0.00081274          0.02139759
     5   L1s      -9594.80574217          3.04541812         80.51039690          0.00023407          0.00697136
     6   L1s      -9595.75611972          1.92287740         30.93609195          0.00048386          0.01319164
     7   L1s      -9596.16143519          2.83698914         87.36260957          0.00026928          0.00701942
     8   L1s      -9596.68726013          1.37078692         31.80734854          0.00038168          0.00924350
     9   L1s      -9596.92463579          1.03943045         23.05087569          0.00022296          0.00510301
    10   L0s      -9597.09686229          1.15649802         28.93486321          0.00022296          0.00415612
    11   L1s      -9597.15820084          0.83419176         14.12236687          0.00008825          0.00186070
    12   L1s      -9597.27399170          1.25173206         32.67506922          0.00018865          0.00377707
    13   L1s      -9597.35989579          0.85639428         13.72118450          0.00015053          0.00379908
    14   L1s      -9597.48768785          0.78039921         10.49682814          0.00025389          0.00706973
    15   L0s      -9597.59001539          1.38322613         39.26613205          0.00025389          0.00624494
    16   L0s      -9597.69464533          0.90070284         13.53409933          0.00025389          0.00645217
    17   L1s      -9597.77919949          1.07721335         29.78927685          0.00018640          0.00530254
    18   L1s      -9597.84658879          0.71768853         15.00885282          0.00015491          0.00414762
    19   L1s      -9597.93555625          0.75412651         13.05647326          0.00022845          0.00536659
    20   L1s      -9597.98278674          0.82291620         21.98217130          0.00013146          0.00356794
    21   L1s      -9598.03482556          0.50617945          9.40654114          0.00015371          0.00419720
    22   L1s      -9598.05951862          0.66884175         16.36350701          0.00008300          0.00200529
    23   L1s      -9598.09361912          0.45968532          6.73069258          0.00012193          0.00275008
    24   L1s      -9598.13319788          0.55216846         16.31377508          0.00015798          0.00409868
    25   L1s      -9598.14759439          0.34423067          5.10753415          0.00006110          0.00127359
    26   L1s      -9598.16944233          0.45314665          9.49306197          0.00010617          0.00200929
    27   L1s      -9598.18295304          0.46067275         11.26067886          0.00007001          0.00142672
    28   L1s      -9598.20417092          0.31724352          5.49094830          0.00011610          0.00245964
    29   L1s      -9598.21568819          0.41430402         11.88843859          0.00006945          0.00113389
    30   L1s      -9598.22817550          0.28730271          5.49396553          0.00007917          0.00124778
    31   L1s      -9598.24279485          0.36974294          9.75093439          0.00010150          0.00170493
    32   L1s      -9598.25031024          0.32533825          4.82925568          0.00005470          0.00080256
    33   L1s      -9598.26664038          0.33416112          6.07935961          0.00012565          0.00155346
    34   L1s      -9598.27484630          0.35486788          9.72216513          0.00006621          0.00085775
    35   L1s      -9598.28903301          0.26005117          3.56158684          0.00011895          0.00133782
    36   L0s      -9598.30168478          0.47194190         12.82814309          0.00011895          0.00132232
    37   L1s      -9598.31314468          0.27840613          4.81156953          0.00010579          0.00120926
    38   L1s      -9598.32284207          0.36112145          9.03224725          0.00008297          0.00106621
    39   L0s      -9598.33191706          0.31931225          7.00159736          0.00008297          0.00097040
    40   L1s      -9598.34793163          0.29001600          5.84229356          0.00015288          0.00186582
    41   L1s      -9598.35606402          0.36301916          7.85212305          0.00007835          0.00098229
    42   L1s      -9598.36581617          0.25886690          3.85892530          0.00009645          0.00128140
    43   L0s      -9598.37419278          0.42003806         12.06422120          0.00009645          0.00131194
    44   L1s      -9598.38421123          0.25589650          3.57668919          0.00010953          0.00154489
    45   L1s      -9598.39450546          0.30257130          9.58407994          0.00009163          0.00127652
    46   L1s      -9598.39967182          0.23079397          3.24403820          0.00004804          0.00064348
    47   L1s      -9598.40996025          0.24773855          4.85628875          0.00010224          0.00134802
    48   L1s      -9598.41683698          0.35534547          8.25316011          0.00007194          0.00094526
    49   L1s      -9598.42683027          0.26292608          5.20684104          0.00010701          0.00140077
    50   L1s      -9598.43408370          0.35636391         10.91029114          0.00008085          0.00105413
    51   L1s      -9598.44412418          0.27185797          7.49062138          0.00011422          0.00147587
    52   L1s      -9598.45516415          0.24176066          5.05337165          0.00012980          0.00166102
    53   L1s      -9598.45922079          0.24879235          7.01474302          0.00004961          0.00062788
    54   L1s      -9598.46767318          0.20859874          3.07895455          0.00010698          0.00132095
    55   L1s      -9598.47386031          0.33554150          8.87103053          0.00008192          0.00100420
    56   L1s      -9598.48116821          0.23034430          2.79180077          0.00009836          0.00119188
    57   L0s      -9598.48792694          0.31751466          9.19181750          0.00009836          0.00118028
    58   L1s      -9598.49340819          0.19438161          3.45791164          0.00007924          0.00091523
    59   L1s      -9598.50002973          0.21273317          5.77353359          0.00008943          0.00102349
    60   L1s      -9598.50305801          0.20407072          4.49433767          0.00004250          0.00048026
    61   L1s      -9598.50785557          0.17540558          3.51017887          0.00006997          0.00074918
    62   L1s      -9598.51126443          0.25155850          6.74771816          0.00005215          0.00053803
    63   L1s      -9598.51563998          0.17013242          3.61536462          0.00006841          0.00064149
    64   L0s      -9598.51963552          0.23616108          7.31936695          0.00006841          0.00062801
    65   L1s      -9598.52280920          0.16595731          3.03294744          0.00005415          0.00048524
    66   L1s      -9598.52767368          0.17288292          3.71860907          0.00007949          0.00068946
    67   L1s      -9598.52971694          0.18193748          4.92404319          0.00003473          0.00029046
    68   L1s      -9598.53434379          0.18219070          3.67496818          0.00008131          0.00065120
    69   L1s      -9598.53720170          0.22722849          5.19918186          0.00005181          0.00040406
    70   L1s      -9598.54116395          0.13806242          3.04233840          0.00007322          0.00052665
    71   L1s      -9598.54360770          0.20059653          6.07290338          0.00004738          0.00033092
    72   L1s      -9598.54678996          0.16038148          4.59911830          0.00006303          0.00047771
    73   L1s      -9598.55077283          0.16239743          3.85426729          0.00008140          0.00062776
    74   L1s      -9598.55272893          0.18278459          4.44440005          0.00004115          0.00028312
    75   L1s      -9598.55681675          0.15660179          2.74625899          0.00008789          0.00055810
    76   L1s      -9598.55861333          0.18607013          3.94788936          0.00003973          0.00024915
    77   L1s      -9598.56245311          0.14004718          2.34063248          0.00008655          0.00062698
    78   L1s      -9598.56489605          0.20011389          6.51502245          0.00005686          0.00038550
    79   L1s      -9598.56784074          0.13037598          2.29004129          0.00006957          0.00050729
    80   L0s      -9598.57091693          0.15862123          4.03364958          0.00006957          0.00052109
    81   L1s      -9598.57261348          0.14561463          3.16020249          0.00004043          0.00031044
    82   L1s      -9598.57554667          0.15378123          3.48445256          0.00007833          0.00060379
    83   L1s      -9598.57697675          0.15068109          2.79081629          0.00003893          0.00029834
    84   L1s      -9598.57979865          0.12837925          2.87532497          0.00007831          0.00058153
    85   L1s      -9598.58209593          0.17672788          5.47358109          0.00006537          0.00048380
    86   L1s      -9598.58411204          0.12137487          2.28413437          0.00005811          0.00040074
    87   L1s      -9598.58687494          0.15307125          3.97863428          0.00008174          0.00057980
    88   L1s      -9598.58805238          0.12677205          1.78452549          0.00003539          0.00021703
    89   L1s      -9598.59055781          0.14184040          2.62802221          0.00007698          0.00064881
    90   L1s      -9598.59179859          0.12979885          3.07419551          0.00003878          0.00024577
    91   L1s      -9598.59409080          0.10519942          2.09690521          0.00007307          0.00051341
    92   L1s      -9598.59567270          0.15316942          4.53473282          0.00005188          0.00041429
    93   L0s      -9598.59724124          0.11415111          2.55324715          0.00005188          0.00037537
    94   L0s      -9598.59887309          0.13283664          3.23853231          0.00005188          0.00035235
    95   L1s      -9598.59994355          0.10892316          1.97387807          0.00003535          0.00020860
    96   L1s      -9598.60230334          0.11309329          2.10712087          0.00008675          0.00062696
    97   L1s      -9598.60331739          0.13226114          3.19368076          0.00003798          0.00021417
    98   L1s      -9598.60563286          0.11429031          1.37588340          0.00008789          0.00051558
    99   L1s      -9598.60740267          0.16076856          4.45133776          0.00006833          0.00040633
   100   L1s      -9598.60880914          0.09776411          1.10690609          0.00005476          0.00033347
----------------------------------------------------------------------------------------------------------------

Minimization converged.

-------------------  Conjugate Gradient Minimizer Statistics -------------------
Iterations             =            100  Function Calls         =            189
--------------------------------------------------------------------------------
