
#-----------------------------------------------------------------------------#
#                                                                             #
#                                EasyHybrid                                   #
#                   - A pDynamo graphical user interface -                    #
#                                                                             #
#-----------------------------------------------------------------------------#
#                                                                             #
#     Developed by Jose Fernando R Bachega and Luis Fernando S M Timmers      #
#                            <ferbachega@gmail.com>                           #
#                                                                             #
#             visit: https://sites.google.com/site/EasyHybrid/                #
#                   Univesity of Sao Paulo - SP, Brazil                       #
#      Pontifical Catholic University of Rio Grande do Sul - RS, Brazil       #
#                                                                             #
#                                                                             #
#   EasyHybrid team:                               Special thanks to:         #
#   - Jose Fernando R Bachega           |         - Fernando V Maluf          #
#   - Michele Silva                     |                                     #
#   - Luis Fernando S M Timmers         |                                     #
#   - Martin Field                      |         - Leonardo R Bachega        #
#   - Troy Wymore                       |         - Lucas Assirati            #
#   - Osmar Norberto de Souza           |         - Richard Garratt           #
#   - Walter R Paixao-Cortes            |                                     #
#                                                                             #
#   Cite this work as:                                                        #
#   J.F.R. Bachega, L.F.S.M. Timmers, L.Assirati, L.B. Bachega, M.J. Field,   #
#   T. Wymore. J. Comput. Chem. 2013, 34, 2190-2196. DOI: 10.1002/jcc.23346   #
#                                                                             #
#-----------------------------------------------------------------------------#

Generated on Wed Jun  5 18:03:08 2019


--------------------------------------------------------------------------------
                        Summary for System "12_ramon_new"
--------------------------------------------------------------------------------

---------------------------- Atom Container Summary ----------------------------
Number of Atoms        =           2173  Number of Heavy Atoms  =           1040
Number of Hydrogens    =           1133  Number of Unknowns     =              0
--------------------------------------------------------------------------------

----------------------------- Connectivity Summary -----------------------------
Atoms                  =           2173
--------------------------------------------------------------------------------

------------------------------- Electronic State -------------------------------
Charge                 =             -1  Multiplicity           =              1
--------------------------------------------------------------------------------

--------------------------------------------------------------------------------
                 Summary for Energy Model "AMBER/AM1DPHOT/ABFS"
--------------------------------------------------------------------------------

----------------------------------- Summary for MM Model "AMBER" -----------------------------------
LJ 1-4 Scaling                   =          0.500  El. 1-4 Scaling                  =          0.833
Number of MM Atoms               =           2173  Number of MM Atom Types          =             37
Number of Inactive MM Atoms      =             33  Total MM Charge                  =          -4.00
Harmonic Bond Terms              =           2169  Harmonic Bond Parameters         =             49
Harmonic Bond Inactive           =           1308  Fourier Improper Terms           =            320
Fourier Improper Parameters      =              3  Fourier Improper Inactive        =            164
Harmonic Angle Terms             =           3403  Harmonic Angle Parameters        =            103
Harmonic Angle Inactive          =           1938  Fourier Dihedral Terms           =           6697
Fourier Dihedral Parameters      =             48  Fourier Dihedral Inactive        =           3453
Exclusions                       =          10377  1-4 Interactions                 =           4805
LJ Parameters Form               =          AMBER  LJ Parameters Types              =             21
1-4 Lennard-Jones Form           =          AMBER  1-4 Lennard-Jones Types          =             21
----------------------------------------------------------------------------------------------------

------------------------ Summary for QC Model "AM1DPHOT" -----------------------
Number of QC Atoms     =             39  Boundary Atoms         =              6
Nuclear Charge         =            129  Orbital Functions      =            113
Fitting Functions      =              0  Energy Base Line       =      189.57630
QC Parameter Centers   =              6
--------------------------------------------------------------------------------

----------------------------- ABFS NB Model Summary ----------------------------
Dielectric             =       1.000000  El. 1-4 Scaling        =       0.833333
Damping Cutoff         =       0.500000  Inner Cutoff           =       8.000000
List Cutoff            =      13.500000  Outer Cutoff           =      12.000000
QC/MM Coupling         =    RC Coupling  Use Centering          =          False
--------------------------------------------------------------------------------

-------------------------- Pairlist Generator Summary --------------------------
Cell Size              =          6.750  Cutoff                 =         13.500
Cutoff Cell Size Factor =          0.500  Grid Cell/Cell Method  =           True
Minimum Cell Extent    =              2  Minimum Cell Size      =          3.000
Minimum Extent Factor  =          1.500  Minimum Points         =            500
Sort Indices           =          False
--------------------------------------------------------------------------------

----------------------- SoftConstraint Container Summary -----------------------
Multiple Distance      =              2
--------------------------------------------------------------------------------

---------------------------- Hard Constraint Container Summary ---------------------------
Number of Charge Constraints  =            0  Number of Fixed Atoms         =         1351
------------------------------------------------------------------------------------------

------------------------------- Sequence Summary -------------------------------
Number of Atoms            =       2173  Number of Components       =        213
Number of Entities         =          1  Number of Linear Polymers  =          0
Number of Links            =          0  Number of Variants         =          0
--------------------------------------------------------------------------------

-------------------------------  Conjugate Gradient Minimizer Options ------------------------------
Beta Type                        =              1  Initial Step                     =            0.1
Line Searcher                    =           None  Log Frequency                    =              1
Maximum Iterations               =            500  Maximum Theta                    =          1e+10
Minimum Theta                    =          1e-10  RMS Gradient Tolerance           =            0.1
Steepest Descent Tolerance       =          0.001  Use Spectral Theta               =           True
----------------------------------------------------------------------------------------------------

----------------------------------------------------------------------------------------------------------------
  Iteration       Function          RMS Gradient        Max. |Grad.|          RMS Disp.         Max. |Disp.|
----------------------------------------------------------------------------------------------------------------
     0     I      -9353.89609919         74.00488024       2781.17869903          0.00201374          0.07567841
     1   L1s      -9497.67905126          5.48377980        133.86796677          0.00155686          0.03553805
     2   L1s      -9503.01909376          7.55716991        227.69946090          0.00079235          0.02051280
     3   L1s      -9505.52213352          4.08750683        100.40786702          0.00045467          0.01175862
     4   L1s      -9508.43437992          2.13050393         57.19048709          0.00078704          0.02077675
     5   L1s      -9509.25646997          3.44243662        101.02405336          0.00038553          0.01104553
     6   L0s      -9509.95389472          2.06950783         39.37847218          0.00038553          0.01023437
     7   L1s      -9510.70507775          1.68829819         42.39699037          0.00053520          0.01361139
     8   L1s      -9511.03773027          1.45458263         30.72434559          0.00027833          0.00610479
     9   L1s      -9511.16480848          1.29109669         26.35175945          0.00012799          0.00276523
    10   L1s      -9511.34767172          0.86323447         14.24337570          0.00021700          0.00418577
    11   L1s      -9511.41331541          1.13874077         23.75978903          0.00009898          0.00206957
    12   L1s      -9511.60172795          0.83736228         11.83693445          0.00031452          0.00792404
    13   L0s      -9511.75809712          0.91985270         14.61888430          0.00031452          0.00878282
    14   L1s      -9511.86624864          1.35981989         34.20523697          0.00023348          0.00581190
    15   L1s      -9512.02105292          0.89770821         13.48809329          0.00034152          0.00860571
    16   L0s      -9512.16894270          1.13110658         29.72189541          0.00034152          0.00905455
    17   L1s      -9512.23541448          0.82122842         15.33764666          0.00016276          0.00422812
    18   L1s      -9512.35740953          0.77874457         10.50392498          0.00033917          0.00913256
    19   L1s      -9512.44006489          0.84203043         22.34222888          0.00024538          0.00565186
    20   L1s      -9512.47942829          0.57894649         10.05348402          0.00012251          0.00304125
    21   L1s      -9512.53680692          0.60363378          9.95250427          0.00019594          0.00482625
    22   L1s      -9512.57272652          0.77411134         24.38672760          0.00013191          0.00325344
    23   L1s      -9512.61568539          0.38699131          4.17917210          0.00016414          0.00388708
    24   L1s      -9512.64512254          0.49471506          9.89446218          0.00012789          0.00245438
    25   L1s      -9512.66371972          0.50320135         10.23757257          0.00008634          0.00173466
    26   L1s      -9512.69490463          0.36571708          4.64017509          0.00015323          0.00280076
    27   L1s      -9512.71669210          0.54551602         16.01883166          0.00011760          0.00203061
    28   L1s      -9512.73324572          0.35151322          5.74214656          0.00009267          0.00154093
    29   L1s      -9512.75241186          0.34666980          5.35132361          0.00011610          0.00178234
    30   L1s      -9512.76743297          0.47935569         14.43685850          0.00009756          0.00139997
    31   L1s      -9512.78576669          0.31159832          4.00637157          0.00012300          0.00174700
    32   L1s      -9512.80490194          0.33837817          7.59861839          0.00013774          0.00185826
    33   L1s      -9512.81257007          0.37294603          8.76677781          0.00005815          0.00081702
    34   L1s      -9512.83635555          0.32161153          4.39489011          0.00018764          0.00255714
    35   L1s      -9512.84932105          0.44323978          9.81654052          0.00010727          0.00138869
    36   L1s      -9512.86480700          0.32100575          4.28207630          0.00013120          0.00178754
    37   L1s      -9512.88731822          0.32765474          4.62208413          0.00019918          0.00252230
    38   L1s      -9512.89658909          0.40947342         13.78329342          0.00008507          0.00106613
    39   L1s      -9512.91220280          0.26691127          3.12480224          0.00014657          0.00181905
    40   L1s      -9512.92343308          0.39748198         10.50832563          0.00011078          0.00137017
    41   L0s      -9512.93529758          0.29606201          4.52208586          0.00011078          0.00144504
    42   L1s      -9512.94958111          0.23931767          4.34265760          0.00013147          0.00176968
    43   L1s      -9512.96069020          0.30925207          6.53903363          0.00011878          0.00157382
    44   L1s      -9512.96621231          0.28286080          7.40455833          0.00006079          0.00078667
    45   L1s      -9512.97950368          0.23906319          2.99826662          0.00015120          0.00195341
    46   L0s      -9512.99157902          0.35771765          9.46397647          0.00015120          0.00197592
    47   L1s      -9512.99936853          0.30376136          4.23497663          0.00009616          0.00127495
    48   L1s      -9513.01185615          0.22302724          3.59844510          0.00014742          0.00197014
    49   L1s      -9513.01830014          0.29908047          7.02453082          0.00007956          0.00106476
    50   L1s      -9513.02324343          0.18366632          3.04603936          0.00006249          0.00083871
    51   L1s      -9513.03004905          0.20170292          3.31682333          0.00009115          0.00121208
    52   L0s      -9513.03711469          0.23773289          6.16490281          0.00009115          0.00119083
    53   L1s      -9513.04080228          0.18712459          2.83021810          0.00005049          0.00064881
    54   L1s      -9513.04824794          0.18323935          4.12793414          0.00012016          0.00156334
    55   L1s      -9513.05059237          0.20767221          5.35720345          0.00003921          0.00051579
    56   L1s      -9513.05644372          0.17041366          2.31398538          0.00010051          0.00133222
    57   L1s      -9513.06090254          0.21175364          5.63550389          0.00007947          0.00103818
    58   L1s      -9513.06376040          0.16128916          3.54223674          0.00005209          0.00065003
    59   L1s      -9513.06814892          0.15823137          2.22180633          0.00008298          0.00096768
    60   L1s      -9513.07193096          0.20371750          4.91638748          0.00007409          0.00084245
    61   L1s      -9513.07425877          0.15192943          2.79798811          0.00004653          0.00051548
    62   L1s      -9513.07806460          0.16616572          2.97551876          0.00007875          0.00086262
    63   L1s      -9513.08007675          0.17116281          3.13352172          0.00004277          0.00045878
    64   L1s      -9513.08428698          0.13416665          1.34668596          0.00009169          0.00089505
    65   L1s      -9513.08736153          0.13947284          2.47820235          0.00006947          0.00064645
    66   L1s      -9513.08877701          0.14473601          3.05371331          0.00003302          0.00030083
    67   L1s      -9513.09146328          0.13424728          2.34329051          0.00006445          0.00058727
    68   L1s      -9513.09321374          0.15948135          3.39585431          0.00004331          0.00039021
    69   L0s      -9513.09501548          0.10002601          1.37431907          0.00004331          0.00035303
    70   L1s      -9513.09753237          0.10982713          1.71257787          0.00005963          0.00042378
    71   L1s      -9513.09904661          0.14689505          4.03906401          0.00003873          0.00029132
    72   L0s      -9513.10066141          0.09482844          1.05680202          0.00003873          0.00034335
----------------------------------------------------------------------------------------------------------------

Minimization converged.

-------------------  Conjugate Gradient Minimizer Statistics -------------------
Iterations             =             72  Function Calls         =            137
--------------------------------------------------------------------------------
