
#-----------------------------------------------------------------------------#
#                                                                             #
#                                EasyHybrid                                   #
#                   - A pDynamo graphical user interface -                    #
#                                                                             #
#-----------------------------------------------------------------------------#
#                                                                             #
#     Developed by Jose Fernando R Bachega and Luis Fernando S M Timmers      #
#                            <ferbachega@gmail.com>                           #
#                                                                             #
#             visit: https://sites.google.com/site/EasyHybrid/                #
#                   Univesity of Sao Paulo - SP, Brazil                       #
#      Pontifical Catholic University of Rio Grande do Sul - RS, Brazil       #
#                                                                             #
#                                                                             #
#   EasyHybrid team:                               Special thanks to:         #
#   - Jose Fernando R Bachega           |         - Fernando V Maluf          #
#   - Michele Silva                     |                                     #
#   - Luis Fernando S M Timmers         |                                     #
#   - Martin Field                      |         - Leonardo R Bachega        #
#   - Troy Wymore                       |         - Lucas Assirati            #
#   - Osmar Norberto de Souza           |         - Richard Garratt           #
#   - Walter R Paixao-Cortes            |                                     #
#                                                                             #
#   Cite this work as:                                                        #
#   J.F.R. Bachega, L.F.S.M. Timmers, L.Assirati, L.B. Bachega, M.J. Field,   #
#   T. Wymore. J. Comput. Chem. 2013, 34, 2190-2196. DOI: 10.1002/jcc.23346   #
#                                                                             #
#-----------------------------------------------------------------------------#

Generated on Wed Jun  5 17:58:57 2019


--------------------------------------------------------------------------------
                        Summary for System "12_ramon_new"
--------------------------------------------------------------------------------

---------------------------- Atom Container Summary ----------------------------
Number of Atoms        =           2173  Number of Heavy Atoms  =           1040
Number of Hydrogens    =           1133  Number of Unknowns     =              0
--------------------------------------------------------------------------------

----------------------------- Connectivity Summary -----------------------------
Atoms                  =           2173
--------------------------------------------------------------------------------

------------------------------- Electronic State -------------------------------
Charge                 =             -1  Multiplicity           =              1
--------------------------------------------------------------------------------

--------------------------------------------------------------------------------
                 Summary for Energy Model "AMBER/AM1DPHOT/ABFS"
--------------------------------------------------------------------------------

----------------------------------- Summary for MM Model "AMBER" -----------------------------------
LJ 1-4 Scaling                   =          0.500  El. 1-4 Scaling                  =          0.833
Number of MM Atoms               =           2173  Number of MM Atom Types          =             37
Number of Inactive MM Atoms      =             33  Total MM Charge                  =          -4.00
Harmonic Bond Terms              =           2169  Harmonic Bond Parameters         =             49
Harmonic Bond Inactive           =           1308  Fourier Improper Terms           =            320
Fourier Improper Parameters      =              3  Fourier Improper Inactive        =            164
Harmonic Angle Terms             =           3403  Harmonic Angle Parameters        =            103
Harmonic Angle Inactive          =           1938  Fourier Dihedral Terms           =           6697
Fourier Dihedral Parameters      =             48  Fourier Dihedral Inactive        =           3453
Exclusions                       =          10377  1-4 Interactions                 =           4805
LJ Parameters Form               =          AMBER  LJ Parameters Types              =             21
1-4 Lennard-Jones Form           =          AMBER  1-4 Lennard-Jones Types          =             21
----------------------------------------------------------------------------------------------------

------------------------ Summary for QC Model "AM1DPHOT" -----------------------
Number of QC Atoms     =             39  Boundary Atoms         =              6
Nuclear Charge         =            129  Orbital Functions      =            113
Fitting Functions      =              0  Energy Base Line       =      189.57630
QC Parameter Centers   =              6
--------------------------------------------------------------------------------

----------------------------- ABFS NB Model Summary ----------------------------
Dielectric             =       1.000000  El. 1-4 Scaling        =       0.833333
Damping Cutoff         =       0.500000  Inner Cutoff           =       8.000000
List Cutoff            =      13.500000  Outer Cutoff           =      12.000000
QC/MM Coupling         =    RC Coupling  Use Centering          =          False
--------------------------------------------------------------------------------

-------------------------- Pairlist Generator Summary --------------------------
Cell Size              =          6.750  Cutoff                 =         13.500
Cutoff Cell Size Factor =          0.500  Grid Cell/Cell Method  =           True
Minimum Cell Extent    =              2  Minimum Cell Size      =          3.000
Minimum Extent Factor  =          1.500  Minimum Points         =            500
Sort Indices           =          False
--------------------------------------------------------------------------------

----------------------- SoftConstraint Container Summary -----------------------
Multiple Distance      =              2
--------------------------------------------------------------------------------

---------------------------- Hard Constraint Container Summary ---------------------------
Number of Charge Constraints  =            0  Number of Fixed Atoms         =         1351
------------------------------------------------------------------------------------------

------------------------------- Sequence Summary -------------------------------
Number of Atoms            =       2173  Number of Components       =        213
Number of Entities         =          1  Number of Linear Polymers  =          0
Number of Links            =          0  Number of Variants         =          0
--------------------------------------------------------------------------------

-------------------------------  Conjugate Gradient Minimizer Options ------------------------------
Beta Type                        =              1  Initial Step                     =            0.1
Line Searcher                    =           None  Log Frequency                    =              1
Maximum Iterations               =            500  Maximum Theta                    =          1e+10
Minimum Theta                    =          1e-10  RMS Gradient Tolerance           =            0.1
Steepest Descent Tolerance       =          0.001  Use Spectral Theta               =           True
----------------------------------------------------------------------------------------------------

----------------------------------------------------------------------------------------------------------------
  Iteration       Function          RMS Gradient        Max. |Grad.|          RMS Disp.         Max. |Disp.|
----------------------------------------------------------------------------------------------------------------
     0     I      -9453.01721793         77.86441163       2976.10541969          0.00201374          0.07696845
     1   L1s      -9599.40537655          6.80118432        174.35854638          0.00153473          0.03918933
     2   L1s      -9601.07473646          4.09721595         96.06868626          0.00019972          0.00536982
     3   L1s      -9603.55991645          3.27260961         77.18925132          0.00057812          0.01782935
     4   L1s      -9605.96868454          2.58231541         55.04368196          0.00080795          0.02035598
     5   L1s      -9606.38542837          2.78910105         67.64801165          0.00019223          0.00365996
     6   L1s      -9607.03308718          1.38250397         33.70372771          0.00035222          0.00827638
     7   L1s      -9607.39827125          1.60394734         29.25166566          0.00029148          0.00711944
     8   L1s      -9607.59888011          1.87011088         39.88915991          0.00018915          0.00444744
     9   L1s      -9608.11331403          1.24075240         26.07454769          0.00053445          0.01346200
    10   L1s      -9608.27359094          1.49644182         34.99780823          0.00019637          0.00471947
    11   L1s      -9608.39672585          1.11833904         28.24657003          0.00016492          0.00416730
    12   L1s      -9608.56880884          0.73827603         14.42664876          0.00026258          0.00654706
    13   L1s      -9608.73131080          0.64659941         11.30424165          0.00030666          0.00719913
    14   L1s      -9608.77900241          0.91811113         25.94398047          0.00010811          0.00242180
    15   L1s      -9608.83737257          0.54805691         11.54855779          0.00014200          0.00284223
    16   L1s      -9608.87916735          0.87715714         27.30680082          0.00011897          0.00256023
    17   L1s      -9608.92480295          0.47878994          8.44458150          0.00013651          0.00250833
    18   L1s      -9608.97131508          0.39414515          5.68505067          0.00015996          0.00271117
    19   L0s      -9609.00781491          0.46409114          7.67033619          0.00015996          0.00281017
    20   L1s      -9609.02702594          0.52288621         14.79177267          0.00008725          0.00131466
    21   L1s      -9609.04075763          0.31144554          3.80486519          0.00006248          0.00093186
    22   L1s      -9609.05950561          0.41533585          9.98368205          0.00009837          0.00144731
    23   L1s      -9609.07013227          0.36613929          8.42603012          0.00005950          0.00085886
    24   L1s      -9609.08672120          0.27235756          3.64971789          0.00009988          0.00118723
    25   L0s      -9609.10140796          0.48595822         13.98832752          0.00009988          0.00127434
    26   L1s      -9609.11311171          0.30387489          4.61865945          0.00008126          0.00085914
    27   L1s      -9609.12857344          0.26123672          5.21741526          0.00011214          0.00115751
    28   L1s      -9609.14062871          0.26818222          4.76534254          0.00009503          0.00101227
    29   L1s      -9609.14676900          0.35749731          9.77587345          0.00005185          0.00054462
    30   L1s      -9609.15835836          0.23400259          3.85770413          0.00010134          0.00088104
    31   L0s      -9609.16885829          0.36704511         10.45877246          0.00010134          0.00082642
    32   L1s      -9609.17627847          0.25769790          3.64944445          0.00007233          0.00062988
    33   L1s      -9609.18670238          0.22954168          2.95695542          0.00010216          0.00089257
    34   L1s      -9609.19379160          0.33494762         10.00531764          0.00007385          0.00063460
    35   L1s      -9609.19961350          0.19799153          2.52755307          0.00006227          0.00056585
    36   L1s      -9609.20604708          0.19525695          2.74385350          0.00007371          0.00066943
    37   L0s      -9609.21188682          0.32223938         10.36470924          0.00007371          0.00065964
    38   L0s      -9609.21830726          0.18241035          2.71829044          0.00007371          0.00063687
    39   L1s      -9609.22478501          0.25233062          7.55293513          0.00005989          0.00055870
    40   L1s      -9609.22837484          0.22257799          4.68179166          0.00003609          0.00033765
    41   L1s      -9609.23579900          0.18465767          3.99505021          0.00007939          0.00061911
    42   L1s      -9609.23834788          0.22587884          5.82599708          0.00002946          0.00022593
    43   L1s      -9609.24418230          0.14185764          1.88247065          0.00007061          0.00053209
    44   L1s      -9609.24833961          0.26399138          7.84949921          0.00005566          0.00043702
    45   L0s      -9609.25270382          0.17536083          2.80487208          0.00005566          0.00042831
    46   L1s      -9609.25793632          0.18081993          3.58889169          0.00006531          0.00054768
    47   L1s      -9609.26038887          0.20993108          5.78902245          0.00003418          0.00030201
    48   L1s      -9609.26514729          0.16624089          4.30156731          0.00006882          0.00064650
    49   L0s      -9609.26937669          0.24737641          7.31344273          0.00006882          0.00065927
    50   L1s      -9609.27242113          0.18175944          4.06660915          0.00004873          0.00047469
    51   L1s      -9609.27747319          0.17088349          3.73417233          0.00007569          0.00073604
    52   L1s      -9609.27939441          0.18665351          3.85662719          0.00003021          0.00029222
    53   L1s      -9609.28386759          0.14761538          2.64844642          0.00007298          0.00069072
    54   L1s      -9609.28720576          0.22868122          6.09694792          0.00005746          0.00053763
    55   L1s      -9609.29013361          0.14298177          2.43146894          0.00005145          0.00046568
    56   L1s      -9609.29434951          0.18799838          4.89405998          0.00007784          0.00068863
    57   L1s      -9609.29624213          0.16812516          3.69045866          0.00003588          0.00030837
    58   L1s      -9609.30111359          0.18662163          5.28086757          0.00009532          0.00079970
    59   L1s      -9609.30463634          0.24193154          7.04778310          0.00007062          0.00058486
    60   L1s      -9609.30852078          0.15477722          3.85032537          0.00007895          0.00065602
    61   L1s      -9609.31328720          0.20835565          4.98561773          0.00010009          0.00083702
    62   L1s      -9609.31569605          0.18485581          2.64053054          0.00005145          0.00043121
    63   L1s      -9609.32150498          0.16468121          2.50725590          0.00012664          0.00105620
    64   L1s      -9609.32405927          0.22499465          6.59661530          0.00005707          0.00047187
    65   L1s      -9609.32832368          0.15263323          2.52606547          0.00009652          0.00078826
    66   L1s      -9609.33205627          0.22782832          6.51574440          0.00008678          0.00071496
    67   L1s      -9609.33480765          0.15882686          2.95714106          0.00006471          0.00054427
    68   L1s      -9609.34014406          0.19139292          4.20017807          0.00012844          0.00109940
    69   L1s      -9609.34250674          0.19334663          3.89345688          0.00005774          0.00050312
    70   L1s      -9609.34633083          0.14912574          3.89769842          0.00009484          0.00085116
    71   L0s      -9609.34991215          0.21717054          6.18462596          0.00009484          0.00086270
    72   L1s      -9609.35213796          0.14643472          3.09238505          0.00005820          0.00054265
    73   L1s      -9609.35578301          0.16416245          4.02241111          0.00008927          0.00084537
    74   L1s      -9609.35746096          0.17280824          3.58882261          0.00004192          0.00040170
    75   L1s      -9609.36175709          0.13828207          2.38269126          0.00010920          0.00105829
    76   L1s      -9609.36380877          0.19714383          4.44682084          0.00005353          0.00052043
    77   L1s      -9609.36669835          0.13005847          3.14859396          0.00007632          0.00074216
    78   L0s      -9609.36957499          0.16618906          4.50203075          0.00007632          0.00073828
    79   L1s      -9609.37110301          0.13864233          3.03693968          0.00004160          0.00039864
    80   L1s      -9609.37394171          0.12909295          2.82328209          0.00008154          0.00076724
    81   L1s      -9609.37547723          0.17250072          4.99200119          0.00004513          0.00041985
    82   L1s      -9609.37797156          0.12051827          2.76390881          0.00007425          0.00067201
    83   L0s      -9609.38043236          0.16717311          4.60858728          0.00007425          0.00066172
    84   L1s      -9609.38185753          0.11877022          1.73748489          0.00004380          0.00037877
    85   L1s      -9609.38502708          0.13684356          2.35227449          0.00010193          0.00086063
    86   L1s      -9609.38636316          0.15778877          3.94234250          0.00004369          0.00036233
    87   L1s      -9609.38915581          0.12017302          2.68784537          0.00009244          0.00074406
    88   L1s      -9609.39112240          0.18035844          5.23375349          0.00006643          0.00052836
    89   L0s      -9609.39306215          0.12412290          3.16316685          0.00006643          0.00053583
    90   L1s      -9609.39569027          0.14469061          3.19491187          0.00009209          0.00075603
    91   L1s      -9609.39696918          0.14096024          2.94098617          0.00004522          0.00037710
    92   L1s      -9609.39931069          0.10814177          2.23253162          0.00008389          0.00071216
    93   L1s      -9609.40115760          0.17852769          4.77066867          0.00006761          0.00057638
    94   L0s      -9609.40309765          0.10942831          1.70096462          0.00006761          0.00057716
    95   L0s      -9609.40525963          0.13158659          3.74147992          0.00006761          0.00057575
    96   L1s      -9609.40611971          0.09875595          1.50023847          0.00002862          0.00024283
----------------------------------------------------------------------------------------------------------------

Minimization converged.

-------------------  Conjugate Gradient Minimizer Statistics -------------------
Iterations             =             96  Function Calls         =            180
--------------------------------------------------------------------------------
