
#-----------------------------------------------------------------------------#
#                                                                             #
#                                EasyHybrid                                   #
#                   - A pDynamo graphical user interface -                    #
#                                                                             #
#-----------------------------------------------------------------------------#
#                                                                             #
#     Developed by Jose Fernando R Bachega and Luis Fernando S M Timmers      #
#                            <ferbachega@gmail.com>                           #
#                                                                             #
#             visit: https://sites.google.com/site/EasyHybrid/                #
#                   Univesity of Sao Paulo - SP, Brazil                       #
#      Pontifical Catholic University of Rio Grande do Sul - RS, Brazil       #
#                                                                             #
#                                                                             #
#   EasyHybrid team:                               Special thanks to:         #
#   - Jose Fernando R Bachega           |         - Fernando V Maluf          #
#   - Michele Silva                     |                                     #
#   - Luis Fernando S M Timmers         |                                     #
#   - Martin Field                      |         - Leonardo R Bachega        #
#   - Troy Wymore                       |         - Lucas Assirati            #
#   - Osmar Norberto de Souza           |         - Richard Garratt           #
#   - Walter R Paixao-Cortes            |                                     #
#                                                                             #
#   Cite this work as:                                                        #
#   J.F.R. Bachega, L.F.S.M. Timmers, L.Assirati, L.B. Bachega, M.J. Field,   #
#   T. Wymore. J. Comput. Chem. 2013, 34, 2190-2196. DOI: 10.1002/jcc.23346   #
#                                                                             #
#-----------------------------------------------------------------------------#

Generated on Wed Jun  5 18:03:52 2019


--------------------------------------------------------------------------------
                        Summary for System "12_ramon_new"
--------------------------------------------------------------------------------

---------------------------- Atom Container Summary ----------------------------
Number of Atoms        =           2173  Number of Heavy Atoms  =           1040
Number of Hydrogens    =           1133  Number of Unknowns     =              0
--------------------------------------------------------------------------------

----------------------------- Connectivity Summary -----------------------------
Atoms                  =           2173
--------------------------------------------------------------------------------

------------------------------- Electronic State -------------------------------
Charge                 =             -1  Multiplicity           =              1
--------------------------------------------------------------------------------

--------------------------------------------------------------------------------
                 Summary for Energy Model "AMBER/AM1DPHOT/ABFS"
--------------------------------------------------------------------------------

----------------------------------- Summary for MM Model "AMBER" -----------------------------------
LJ 1-4 Scaling                   =          0.500  El. 1-4 Scaling                  =          0.833
Number of MM Atoms               =           2173  Number of MM Atom Types          =             37
Number of Inactive MM Atoms      =             33  Total MM Charge                  =          -4.00
Harmonic Bond Terms              =           2169  Harmonic Bond Parameters         =             49
Harmonic Bond Inactive           =           1308  Fourier Improper Terms           =            320
Fourier Improper Parameters      =              3  Fourier Improper Inactive        =            164
Harmonic Angle Terms             =           3403  Harmonic Angle Parameters        =            103
Harmonic Angle Inactive          =           1938  Fourier Dihedral Terms           =           6697
Fourier Dihedral Parameters      =             48  Fourier Dihedral Inactive        =           3453
Exclusions                       =          10377  1-4 Interactions                 =           4805
LJ Parameters Form               =          AMBER  LJ Parameters Types              =             21
1-4 Lennard-Jones Form           =          AMBER  1-4 Lennard-Jones Types          =             21
----------------------------------------------------------------------------------------------------

------------------------ Summary for QC Model "AM1DPHOT" -----------------------
Number of QC Atoms     =             39  Boundary Atoms         =              6
Nuclear Charge         =            129  Orbital Functions      =            113
Fitting Functions      =              0  Energy Base Line       =      189.57630
QC Parameter Centers   =              6
--------------------------------------------------------------------------------

----------------------------- ABFS NB Model Summary ----------------------------
Dielectric             =       1.000000  El. 1-4 Scaling        =       0.833333
Damping Cutoff         =       0.500000  Inner Cutoff           =       8.000000
List Cutoff            =      13.500000  Outer Cutoff           =      12.000000
QC/MM Coupling         =    RC Coupling  Use Centering          =          False
--------------------------------------------------------------------------------

-------------------------- Pairlist Generator Summary --------------------------
Cell Size              =          6.750  Cutoff                 =         13.500
Cutoff Cell Size Factor =          0.500  Grid Cell/Cell Method  =           True
Minimum Cell Extent    =              2  Minimum Cell Size      =          3.000
Minimum Extent Factor  =          1.500  Minimum Points         =            500
Sort Indices           =          False
--------------------------------------------------------------------------------

----------------------- SoftConstraint Container Summary -----------------------
Multiple Distance      =              2
--------------------------------------------------------------------------------

---------------------------- Hard Constraint Container Summary ---------------------------
Number of Charge Constraints  =            0  Number of Fixed Atoms         =         1351
------------------------------------------------------------------------------------------

------------------------------- Sequence Summary -------------------------------
Number of Atoms            =       2173  Number of Components       =        213
Number of Entities         =          1  Number of Linear Polymers  =          0
Number of Links            =          0  Number of Variants         =          0
--------------------------------------------------------------------------------

-------------------------------  Conjugate Gradient Minimizer Options ------------------------------
Beta Type                        =              1  Initial Step                     =            0.1
Line Searcher                    =           None  Log Frequency                    =              1
Maximum Iterations               =            500  Maximum Theta                    =          1e+10
Minimum Theta                    =          1e-10  RMS Gradient Tolerance           =            0.1
Steepest Descent Tolerance       =          0.001  Use Spectral Theta               =           True
----------------------------------------------------------------------------------------------------

----------------------------------------------------------------------------------------------------------------
  Iteration       Function          RMS Gradient        Max. |Grad.|          RMS Disp.         Max. |Disp.|
----------------------------------------------------------------------------------------------------------------
     0     I      -9235.27252512         67.22080168       2259.42405809          0.00201374          0.06768579
     1   L1s      -9373.03728553          9.10716812        200.70418195          0.00164820          0.03650141
     2   L1s      -9378.29564095          9.71389039        286.74917438          0.00047316          0.01331365
     3   L1s      -9388.30439234          4.44124730        113.73024902          0.00123558          0.03702659
     4   L1s      -9391.47593768          2.09050727         37.46733442          0.00071920          0.01724640
     5   L1s      -9391.87037578          2.41074145         69.28405685          0.00018099          0.00407552
     6   L1s      -9392.63821475          2.08893763         44.37495026          0.00043866          0.00916814
     7   L1s      -9392.91662424          2.05908869         51.25101404          0.00019270          0.00338322
     8   L1s      -9393.39554732          1.52455338         29.13615195          0.00038275          0.00673447
     9   L0s      -9393.77677111          1.13075509         23.80631484          0.00038275          0.00671048
    10   L1s      -9393.94054363          0.92920918         18.10882113          0.00020436          0.00438278
    11   L1s      -9394.01173985          1.09214973         25.29970645          0.00010473          0.00186664
    12   L1s      -9394.14096165          1.00011618         24.85710851          0.00021310          0.00447990
    13   L1s      -9394.21965365          0.94657836         19.23775150          0.00014438          0.00247682
    14   L1s      -9394.33331101          0.72467457         11.76816543          0.00023034          0.00436526
    15   L1s      -9394.46778424          0.75695067         17.34438308          0.00031170          0.00589447
    16   L1s      -9394.51735482          0.91002572         26.37474986          0.00012658          0.00232397
    17   L1s      -9394.57964271          0.56738296          7.34451429          0.00016850          0.00331543
    18   L0s      -9394.63030271          0.75545185         18.70228636          0.00016850          0.00359881
    19   L1s      -9394.66972919          0.53622905          8.05549803          0.00013213          0.00219399
    20   L0s      -9394.70639345          0.50892151          8.84758007          0.00013213          0.00221598
    21   L1s      -9394.73649617          0.68796258         22.97709686          0.00011707          0.00198797
    22   L0s      -9394.76367372          0.44292317          6.71380543          0.00011707          0.00202368
    23   L1s      -9394.80103181          0.43247685          7.25610017          0.00019112          0.00318866
    24   L1s      -9394.81317909          0.40562108          9.48366847          0.00006213          0.00098875
    25   L1s      -9394.83016065          0.36474668          7.82610234          0.00009328          0.00138484
    26   L0s      -9394.84579461          0.40403094          8.84664234          0.00009328          0.00129319
    27   L1s      -9394.85848292          0.34124098          7.22461520          0.00007975          0.00099248
    28   L1s      -9394.87523568          0.43670850         10.54208151          0.00011176          0.00128702
    29   L1s      -9394.88759616          0.34240921          4.64417129          0.00008558          0.00087449
    30   L1s      -9394.90453140          0.29030172          4.75928921          0.00012394          0.00132166
    31   L1s      -9394.91317847          0.38257618         12.42575412          0.00006773          0.00071650
    32   L1s      -9394.92597477          0.29228773          4.57794079          0.00010384          0.00114881
    33   L0s      -9394.93694322          0.28066773          4.64158283          0.00010384          0.00117128
    34   L1s      -9394.94159381          0.26347413          6.03297967          0.00004586          0.00051559
    35   L1s      -9394.95054690          0.25928183          5.16636008          0.00008407          0.00093302
    36   L1s      -9394.95774777          0.30234030          6.82970650          0.00007126          0.00078558
    37   L1s      -9394.96584718          0.24091287          4.86194746          0.00008305          0.00089984
    38   L0s      -9394.97348235          0.33879858          7.93863887          0.00008305          0.00088050
    39   L0s      -9394.98127014          0.20687206          2.78629177          0.00008305          0.00078833
    40   L0s      -9394.98961683          0.20803268          4.07995434          0.00008305          0.00074375
    41   L1s      -9394.99320803          0.23771298          7.60288235          0.00003964          0.00037223
    42   L1s      -9395.00065236          0.24814256          4.32261076          0.00008956          0.00087529
    43   L1s      -9395.00596953          0.25572042          6.09150088          0.00006629          0.00065930
    44   L1s      -9395.01368779          0.23759832          5.87895038          0.00009928          0.00097863
    45   L0s      -9395.02171605          0.22575453          6.19359053          0.00009928          0.00094161
    46   L1s      -9395.02492749          0.20258094          4.86144804          0.00004124          0.00037537
    47   L1s      -9395.03147696          0.16554445          2.57482092          0.00009551          0.00081439
    48   L1s      -9395.03417277          0.20774879          4.06891837          0.00004148          0.00033994
    49   L1s      -9395.03944449          0.22638430          3.94325428          0.00008368          0.00065970
    50   L0s      -9395.04478385          0.24176478          6.65082848          0.00008368          0.00063379
    51   L0s      -9395.04981472          0.20762513          4.17768365          0.00008368          0.00062741
    52   L1s      -9395.05552292          0.21508282          3.90927336          0.00010322          0.00076560
    53   L1s      -9395.05898489          0.22331499          5.43494015          0.00006222          0.00045607
    54   L1s      -9395.06443120          0.17577917          2.57129444          0.00009986          0.00072955
    55   L0s      -9395.06924260          0.24792797          6.69085721          0.00009986          0.00072646
    56   L1s      -9395.07243934          0.18150623          3.15405478          0.00006407          0.00045625
    57   L0s      -9395.07602606          0.14788024          3.18096431          0.00006407          0.00044868
    58   L1s      -9395.08002203          0.19358712          4.99229854          0.00007521          0.00051927
    59   L1s      -9395.08224508          0.17215651          3.70575978          0.00004245          0.00030479
    60   L1s      -9395.08743742          0.17118469          2.22191361          0.00010215          0.00074548
    61   L1s      -9395.09190929          0.20066685          5.11341380          0.00009049          0.00069815
    62   L1s      -9395.09435943          0.17487847          3.73466044          0.00005056          0.00034673
    63   L1s      -9395.09817244          0.15463805          3.10923566          0.00008066          0.00057037
    64   L0s      -9395.10221682          0.16106945          4.06089742          0.00008066          0.00059122
    65   L1s      -9395.10437758          0.17919039          4.72116499          0.00004492          0.00034392
    66   L1s      -9395.10800387          0.15768509          2.07682826          0.00008261          0.00065493
    67   L0s      -9395.11130609          0.20428176          4.02238238          0.00008261          0.00060095
    68   L0s      -9395.11458843          0.18250178          3.09832295          0.00008261          0.00057679
    69   L0s      -9395.11781447          0.19862630          5.45680858          0.00008261          0.00059697
    70   L1s      -9395.12073614          0.20055753          4.15223161          0.00007339          0.00054136
    71   L1s      -9395.12614733          0.14301423          1.27530473          0.00012837          0.00100745
    72   L1s      -9395.12976134          0.21683099          5.07297595          0.00008812          0.00065912
    73   L1s      -9395.13261130          0.16737968          3.44859841          0.00007029          0.00053748
    74   L1s      -9395.13695337          0.16834596          3.18930766          0.00010916          0.00084093
    75   L1s      -9395.13897568          0.14097694          2.47906248          0.00005177          0.00040082
    76   L1s      -9395.14150893          0.14188530          2.95500393          0.00006645          0.00051758
    77   L1s      -9395.14344723          0.16582122          3.61331826          0.00005204          0.00040796
    78   L0s      -9395.14545316          0.11502492          1.79505776          0.00005204          0.00041281
    79   L1s      -9395.14858921          0.11883606          1.56587873          0.00008014          0.00064387
    80   L1s      -9395.15048973          0.16255862          4.43059074          0.00005221          0.00042137
    81   L1s      -9395.15256877          0.13543375          2.39346785          0.00005805          0.00046850
    82   L0s      -9395.15455698          0.16881054          4.07275765          0.00005805          0.00046745
    83   L0s      -9395.15665105          0.10709856          1.46027278          0.00005805          0.00045944
    84   L1s      -9395.15949429          0.12533968          2.47120201          0.00007153          0.00057970
    85   L1s      -9395.16145167          0.13745236          3.25420658          0.00005245          0.00043337
    86   L1s      -9395.16306226          0.11803915          2.31392185          0.00004420          0.00037006
    87   L1s      -9395.16574845          0.09887735          1.07823502          0.00007599          0.00061392
----------------------------------------------------------------------------------------------------------------

Minimization converged.

-------------------  Conjugate Gradient Minimizer Statistics -------------------
Iterations             =             87  Function Calls         =            154
--------------------------------------------------------------------------------
