
#-----------------------------------------------------------------------------#
#                                                                             #
#                                EasyHybrid                                   #
#                   - A pDynamo graphical user interface -                    #
#                                                                             #
#-----------------------------------------------------------------------------#
#                                                                             #
#     Developed by Jose Fernando R Bachega and Luis Fernando S M Timmers      #
#                            <ferbachega@gmail.com>                           #
#                                                                             #
#             visit: https://sites.google.com/site/EasyHybrid/                #
#                   Univesity of Sao Paulo - SP, Brazil                       #
#      Pontifical Catholic University of Rio Grande do Sul - RS, Brazil       #
#                                                                             #
#                                                                             #
#   EasyHybrid team:                               Special thanks to:         #
#   - Jose Fernando R Bachega           |         - Fernando V Maluf          #
#   - Michele Silva                     |                                     #
#   - Luis Fernando S M Timmers         |                                     #
#   - Martin Field                      |         - Leonardo R Bachega        #
#   - Troy Wymore                       |         - Lucas Assirati            #
#   - Osmar Norberto de Souza           |         - Richard Garratt           #
#   - Walter R Paixao-Cortes            |                                     #
#                                                                             #
#   Cite this work as:                                                        #
#   J.F.R. Bachega, L.F.S.M. Timmers, L.Assirati, L.B. Bachega, M.J. Field,   #
#   T. Wymore. J. Comput. Chem. 2013, 34, 2190-2196. DOI: 10.1002/jcc.23346   #
#                                                                             #
#-----------------------------------------------------------------------------#

Generated on Wed Jun  5 18:03:41 2019


--------------------------------------------------------------------------------
                        Summary for System "12_ramon_new"
--------------------------------------------------------------------------------

---------------------------- Atom Container Summary ----------------------------
Number of Atoms        =           2173  Number of Heavy Atoms  =           1040
Number of Hydrogens    =           1133  Number of Unknowns     =              0
--------------------------------------------------------------------------------

----------------------------- Connectivity Summary -----------------------------
Atoms                  =           2173
--------------------------------------------------------------------------------

------------------------------- Electronic State -------------------------------
Charge                 =             -1  Multiplicity           =              1
--------------------------------------------------------------------------------

--------------------------------------------------------------------------------
                 Summary for Energy Model "AMBER/AM1DPHOT/ABFS"
--------------------------------------------------------------------------------

----------------------------------- Summary for MM Model "AMBER" -----------------------------------
LJ 1-4 Scaling                   =          0.500  El. 1-4 Scaling                  =          0.833
Number of MM Atoms               =           2173  Number of MM Atom Types          =             37
Number of Inactive MM Atoms      =             33  Total MM Charge                  =          -4.00
Harmonic Bond Terms              =           2169  Harmonic Bond Parameters         =             49
Harmonic Bond Inactive           =           1308  Fourier Improper Terms           =            320
Fourier Improper Parameters      =              3  Fourier Improper Inactive        =            164
Harmonic Angle Terms             =           3403  Harmonic Angle Parameters        =            103
Harmonic Angle Inactive          =           1938  Fourier Dihedral Terms           =           6697
Fourier Dihedral Parameters      =             48  Fourier Dihedral Inactive        =           3453
Exclusions                       =          10377  1-4 Interactions                 =           4805
LJ Parameters Form               =          AMBER  LJ Parameters Types              =             21
1-4 Lennard-Jones Form           =          AMBER  1-4 Lennard-Jones Types          =             21
----------------------------------------------------------------------------------------------------

------------------------ Summary for QC Model "AM1DPHOT" -----------------------
Number of QC Atoms     =             39  Boundary Atoms         =              6
Nuclear Charge         =            129  Orbital Functions      =            113
Fitting Functions      =              0  Energy Base Line       =      189.57630
QC Parameter Centers   =              6
--------------------------------------------------------------------------------

----------------------------- ABFS NB Model Summary ----------------------------
Dielectric             =       1.000000  El. 1-4 Scaling        =       0.833333
Damping Cutoff         =       0.500000  Inner Cutoff           =       8.000000
List Cutoff            =      13.500000  Outer Cutoff           =      12.000000
QC/MM Coupling         =    RC Coupling  Use Centering          =          False
--------------------------------------------------------------------------------

-------------------------- Pairlist Generator Summary --------------------------
Cell Size              =          6.750  Cutoff                 =         13.500
Cutoff Cell Size Factor =          0.500  Grid Cell/Cell Method  =           True
Minimum Cell Extent    =              2  Minimum Cell Size      =          3.000
Minimum Extent Factor  =          1.500  Minimum Points         =            500
Sort Indices           =          False
--------------------------------------------------------------------------------

----------------------- SoftConstraint Container Summary -----------------------
Multiple Distance      =              2
--------------------------------------------------------------------------------

---------------------------- Hard Constraint Container Summary ---------------------------
Number of Charge Constraints  =            0  Number of Fixed Atoms         =         1351
------------------------------------------------------------------------------------------

------------------------------- Sequence Summary -------------------------------
Number of Atoms            =       2173  Number of Components       =        213
Number of Entities         =          1  Number of Linear Polymers  =          0
Number of Links            =          0  Number of Variants         =          0
--------------------------------------------------------------------------------

-------------------------------  Conjugate Gradient Minimizer Options ------------------------------
Beta Type                        =              1  Initial Step                     =            0.1
Line Searcher                    =           None  Log Frequency                    =              1
Maximum Iterations               =            500  Maximum Theta                    =          1e+10
Minimum Theta                    =          1e-10  RMS Gradient Tolerance           =            0.1
Steepest Descent Tolerance       =          0.001  Use Spectral Theta               =           True
----------------------------------------------------------------------------------------------------

----------------------------------------------------------------------------------------------------------------
  Iteration       Function          RMS Gradient        Max. |Grad.|          RMS Disp.         Max. |Disp.|
----------------------------------------------------------------------------------------------------------------
     0     I      -9374.38337970         71.41907625       2644.79179866          0.00201374          0.07457285
     1   L1s      -9516.97336148          6.54228299        122.63428531          0.00160253          0.03301849
     2   L1s      -9520.77623394          8.64187090        280.41262287          0.00047350          0.01024094
     3   L1s      -9526.43365214          4.14653464        107.77360160          0.00088133          0.02476192
     4   L0s      -9529.72554369          2.28204658         64.09755125          0.00088133          0.02340737
     5   L1s      -9530.57447095          3.19868140         76.25579949          0.00038486          0.01074618
     6   L1s      -9531.11609179          1.86823669         32.55499212          0.00027908          0.00658642
     7   L1s      -9531.59218504          2.53289961         71.23972469          0.00032365          0.00676649
     8   L1s      -9531.94239080          1.21968175         22.15221667          0.00026380          0.00505758
     9   L1s      -9532.15630902          1.00249282         25.19300750          0.00021605          0.00365253
    10   L1s      -9532.30451598          0.77236938         15.93125529          0.00019188          0.00340324
    11   L1s      -9532.35090823          1.01002972         25.77542836          0.00007728          0.00157648
    12   L1s      -9532.50019670          0.72924481         11.95230839          0.00027620          0.00633646
    13   L1s      -9532.60292427          0.98954435         25.47563251          0.00022120          0.00608595
    14   L1s      -9532.67007739          0.83081786         15.70210816          0.00015483          0.00392112
    15   L1s      -9532.80342622          0.87006656         18.70988563          0.00033440          0.00879596
    16   L1s      -9532.86340698          0.98003642         23.26370913          0.00016143          0.00398245
    17   L1s      -9532.93312424          0.62369128         10.70574034          0.00019595          0.00472195
    18   L1s      -9533.01522501          0.56211668          7.88816435          0.00025461          0.00614208
    19   L1s      -9533.06864687          0.68870144         16.93059083          0.00018324          0.00463359
    20   L1s      -9533.09205587          0.42393120          5.57195598          0.00008479          0.00181788
    21   L1s      -9533.11569901          0.53707658         13.85982132          0.00009667          0.00199795
    22   L1s      -9533.13522279          0.45744605          7.42333722          0.00008504          0.00156639
    23   L1s      -9533.16458899          0.25492487          3.10800491          0.00013823          0.00204262
    24   L1s      -9533.18563948          0.41187058         11.10089760          0.00011986          0.00173670
    25   L1s      -9533.19390871          0.32239295          7.54508145          0.00004981          0.00069935
    26   L1s      -9533.21095060          0.31065487          5.95524690          0.00011124          0.00149949
    27   L1s      -9533.22070585          0.33772507          9.32126677          0.00006859          0.00087492
    28   L0s      -9533.22992938          0.26206473          4.92472098          0.00006859          0.00076946
    29   L1s      -9533.24139686          0.24686161          5.19521083          0.00009241          0.00087911
    30   L1s      -9533.24762697          0.36629855          9.88238766          0.00005417          0.00047571
    31   L1s      -9533.26041961          0.20993735          2.46184175          0.00011479          0.00096230
    32   L1s      -9533.27100344          0.25350558          3.58223609          0.00010339          0.00103543
    33   L1s      -9533.27905073          0.35031289          7.17406503          0.00008272          0.00082271
    34   L1s      -9533.28871066          0.23949093          3.79450339          0.00010178          0.00110184
    35   L1s      -9533.29524250          0.33749646          7.59776840          0.00007227          0.00080818
    36   L1s      -9533.30409645          0.24528033          3.86797337          0.00010026          0.00116911
    37   L1s      -9533.31617753          0.21661021          3.18360623          0.00014255          0.00166794
    38   L1s      -9533.32463838          0.26199493          6.39577904          0.00010475          0.00123582
    39   L1s      -9533.32860807          0.24255427          5.15854650          0.00005065          0.00060758
    40   L1s      -9533.33685182          0.21579104          3.10780877          0.00010874          0.00135852
    41   L1s      -9533.34241747          0.28570444          7.21838991          0.00007632          0.00096170
    42   L1s      -9533.34923440          0.17212334          1.81978293          0.00009546          0.00115162
    43   L0s      -9533.35629662          0.20665995          4.47200538          0.00009546          0.00109325
    44   L1s      -9533.35972459          0.24854280          6.54137095          0.00004977          0.00055171
    45   L1s      -9533.36749804          0.18830523          1.96113314          0.00012281          0.00129484
    46   L1s      -9533.37722087          0.25063990          4.67000261          0.00015926          0.00162847
    47   L1s      -9533.38319181          0.29081645          7.04810066          0.00009969          0.00099468
    48   L0s      -9533.38852298          0.21175937          4.13202417          0.00009969          0.00095835
    49   L0s      -9533.39329876          0.21446278          4.19753337          0.00009969          0.00091706
    50   L1s      -9533.39604517          0.15450776          2.44007964          0.00005284          0.00044184
    51   L1s      -9533.40117093          0.19363881          4.51446529          0.00009978          0.00077271
    52   L1s      -9533.40418307          0.21676957          5.44347615          0.00005999          0.00043468
    53   L1s      -9533.40848402          0.18082380          2.16720661          0.00008715          0.00062304
    54   L1s      -9533.41214719          0.19052506          5.17740439          0.00007603          0.00055909
    55   L1s      -9533.41502267          0.16544058          2.24255089          0.00006092          0.00045390
    56   L1s      -9533.41902652          0.17119870          2.95095952          0.00008707          0.00063800
    57   L1s      -9533.42128802          0.19516232          5.83534604          0.00005034          0.00036054
    58   L1s      -9533.42538498          0.15763572          2.27144109          0.00009277          0.00064482
    59   L1s      -9533.42856569          0.18785485          4.33008364          0.00007387          0.00050567
    60   L0s      -9533.43155024          0.18252683          3.88420926          0.00007387          0.00048822
    61   L1s      -9533.43558508          0.19089804          4.45220284          0.00010157          0.00067218
    62   L1s      -9533.43798855          0.17638772          3.22511095          0.00005899          0.00040266
    63   L1s      -9533.44130239          0.15758322          2.45599750          0.00008275          0.00059604
    64   L1s      -9533.44564180          0.21701127          4.69471995          0.00011065          0.00079584
    65   L1s      -9533.44911229          0.17911477          2.51472946          0.00008943          0.00062663
    66   L0s      -9533.45246907          0.18886770          5.13804772          0.00008943          0.00062236
    67   L1s      -9533.45495659          0.17848893          3.70692626          0.00006697          0.00047364
    68   L1s      -9533.45920543          0.16292639          1.91365250          0.00011379          0.00084398
    69   L1s      -9533.46270810          0.19308809          4.53035681          0.00009542          0.00071177
    70   L1s      -9533.46548219          0.16704034          3.54627202          0.00007645          0.00055701
    71   L0s      -9533.46839246          0.16156678          3.02980279          0.00007645          0.00055117
    72   L1s      -9533.47042935          0.15255479          3.22277935          0.00005434          0.00039472
    73   L1s      -9533.47368110          0.14963555          2.00387902          0.00009454          0.00068288
    74   L1s      -9533.47629960          0.16810445          3.43249525          0.00007744          0.00055841
    75   L1s      -9533.47834605          0.15574649          3.38016049          0.00006132          0.00043202
    76   L1s      -9533.48101579          0.15262940          3.40573964          0.00008120          0.00055719
    77   L1s      -9533.48290818          0.15079441          2.62735168          0.00005843          0.00039391
    78   L1s      -9533.48608357          0.14228912          2.87799643          0.00009953          0.00066388
    79   L1s      -9533.48791138          0.14917847          3.83986325          0.00005824          0.00039552
    80   L0s      -9533.48953416          0.14698823          2.94699617          0.00005824          0.00040362
    81   L1s      -9533.49157837          0.13040369          2.41960874          0.00007419          0.00052410
    82   L1s      -9533.49313724          0.13090666          2.53647875          0.00005066          0.00036351
    83   L1s      -9533.49522072          0.14423728          2.39755891          0.00006893          0.00049918
    84   L1s      -9533.49700071          0.13366865          3.47014079          0.00005973          0.00043562
    85   L1s      -9533.49839402          0.13155440          2.74540970          0.00004751          0.00034817
    86   L1s      -9533.50047996          0.12573421          2.01367292          0.00007229          0.00053056
    87   L1s      -9533.50197465          0.12398515          2.93791907          0.00005269          0.00038630
    88   L0s      -9533.50354598          0.11829640          2.13347810          0.00005269          0.00038387
    89   L0s      -9533.50499750          0.13850588          3.49881086          0.00005269          0.00038258
    90   L1s      -9533.50624283          0.11234876          1.57015557          0.00004727          0.00033978
    91   L1s      -9533.50804038          0.10294465          1.57464668          0.00006320          0.00045578
    92   L1s      -9533.50939887          0.13740838          3.41586682          0.00004895          0.00034955
    93   L1s      -9533.51097368          0.11022789          2.04953291          0.00005750          0.00041855
    94   L1s      -9533.51231069          0.13806075          3.95402984          0.00004979          0.00036656
    95   L0s      -9533.51369770          0.10987363          1.30558336          0.00004979          0.00037154
    96   L1s      -9533.51628541          0.10413923          1.42281093          0.00009234          0.00069718
    97   L1s      -9533.51739204          0.11641015          2.38364977          0.00004237          0.00032231
    98   L1s      -9533.51862932          0.10722858          1.57014122          0.00004816          0.00036854
    99   L0s      -9533.51993100          0.10501293          2.66935757          0.00004816          0.00036893
   100   L1s      -9533.52063988          0.09037989          1.38646100          0.00002677          0.00020586
----------------------------------------------------------------------------------------------------------------

Minimization converged.

-------------------  Conjugate Gradient Minimizer Statistics -------------------
Iterations             =            100  Function Calls         =            188
--------------------------------------------------------------------------------
