
#-----------------------------------------------------------------------------#
#                                                                             #
#                                EasyHybrid                                   #
#                   - A pDynamo graphical user interface -                    #
#                                                                             #
#-----------------------------------------------------------------------------#
#                                                                             #
#     Developed by Jose Fernando R Bachega and Luis Fernando S M Timmers      #
#                            <ferbachega@gmail.com>                           #
#                                                                             #
#             visit: https://sites.google.com/site/EasyHybrid/                #
#                   Univesity of Sao Paulo - SP, Brazil                       #
#      Pontifical Catholic University of Rio Grande do Sul - RS, Brazil       #
#                                                                             #
#                                                                             #
#   EasyHybrid team:                               Special thanks to:         #
#   - Jose Fernando R Bachega           |         - Fernando V Maluf          #
#   - Michele Silva                     |                                     #
#   - Luis Fernando S M Timmers         |                                     #
#   - Martin Field                      |         - Leonardo R Bachega        #
#   - Troy Wymore                       |         - Lucas Assirati            #
#   - Osmar Norberto de Souza           |         - Richard Garratt           #
#   - Walter R Paixao-Cortes            |                                     #
#                                                                             #
#   Cite this work as:                                                        #
#   J.F.R. Bachega, L.F.S.M. Timmers, L.Assirati, L.B. Bachega, M.J. Field,   #
#   T. Wymore. J. Comput. Chem. 2013, 34, 2190-2196. DOI: 10.1002/jcc.23346   #
#                                                                             #
#-----------------------------------------------------------------------------#

Generated on Wed Jun  5 17:59:40 2019


--------------------------------------------------------------------------------
                        Summary for System "12_ramon_new"
--------------------------------------------------------------------------------

---------------------------- Atom Container Summary ----------------------------
Number of Atoms        =           2173  Number of Heavy Atoms  =           1040
Number of Hydrogens    =           1133  Number of Unknowns     =              0
--------------------------------------------------------------------------------

----------------------------- Connectivity Summary -----------------------------
Atoms                  =           2173
--------------------------------------------------------------------------------

------------------------------- Electronic State -------------------------------
Charge                 =             -1  Multiplicity           =              1
--------------------------------------------------------------------------------

--------------------------------------------------------------------------------
                 Summary for Energy Model "AMBER/AM1DPHOT/ABFS"
--------------------------------------------------------------------------------

----------------------------------- Summary for MM Model "AMBER" -----------------------------------
LJ 1-4 Scaling                   =          0.500  El. 1-4 Scaling                  =          0.833
Number of MM Atoms               =           2173  Number of MM Atom Types          =             37
Number of Inactive MM Atoms      =             33  Total MM Charge                  =          -4.00
Harmonic Bond Terms              =           2169  Harmonic Bond Parameters         =             49
Harmonic Bond Inactive           =           1308  Fourier Improper Terms           =            320
Fourier Improper Parameters      =              3  Fourier Improper Inactive        =            164
Harmonic Angle Terms             =           3403  Harmonic Angle Parameters        =            103
Harmonic Angle Inactive          =           1938  Fourier Dihedral Terms           =           6697
Fourier Dihedral Parameters      =             48  Fourier Dihedral Inactive        =           3453
Exclusions                       =          10377  1-4 Interactions                 =           4805
LJ Parameters Form               =          AMBER  LJ Parameters Types              =             21
1-4 Lennard-Jones Form           =          AMBER  1-4 Lennard-Jones Types          =             21
----------------------------------------------------------------------------------------------------

------------------------ Summary for QC Model "AM1DPHOT" -----------------------
Number of QC Atoms     =             39  Boundary Atoms         =              6
Nuclear Charge         =            129  Orbital Functions      =            113
Fitting Functions      =              0  Energy Base Line       =      189.57630
QC Parameter Centers   =              6
--------------------------------------------------------------------------------

----------------------------- ABFS NB Model Summary ----------------------------
Dielectric             =       1.000000  El. 1-4 Scaling        =       0.833333
Damping Cutoff         =       0.500000  Inner Cutoff           =       8.000000
List Cutoff            =      13.500000  Outer Cutoff           =      12.000000
QC/MM Coupling         =    RC Coupling  Use Centering          =          False
--------------------------------------------------------------------------------

-------------------------- Pairlist Generator Summary --------------------------
Cell Size              =          6.750  Cutoff                 =         13.500
Cutoff Cell Size Factor =          0.500  Grid Cell/Cell Method  =           True
Minimum Cell Extent    =              2  Minimum Cell Size      =          3.000
Minimum Extent Factor  =          1.500  Minimum Points         =            500
Sort Indices           =          False
--------------------------------------------------------------------------------

----------------------- SoftConstraint Container Summary -----------------------
Multiple Distance      =              2
--------------------------------------------------------------------------------

---------------------------- Hard Constraint Container Summary ---------------------------
Number of Charge Constraints  =            0  Number of Fixed Atoms         =         1351
------------------------------------------------------------------------------------------

------------------------------- Sequence Summary -------------------------------
Number of Atoms            =       2173  Number of Components       =        213
Number of Entities         =          1  Number of Linear Polymers  =          0
Number of Links            =          0  Number of Variants         =          0
--------------------------------------------------------------------------------

-------------------------------  Conjugate Gradient Minimizer Options ------------------------------
Beta Type                        =              1  Initial Step                     =            0.1
Line Searcher                    =           None  Log Frequency                    =              1
Maximum Iterations               =            500  Maximum Theta                    =          1e+10
Minimum Theta                    =          1e-10  RMS Gradient Tolerance           =            0.1
Steepest Descent Tolerance       =          0.001  Use Spectral Theta               =           True
----------------------------------------------------------------------------------------------------

----------------------------------------------------------------------------------------------------------------
  Iteration       Function          RMS Gradient        Max. |Grad.|          RMS Disp.         Max. |Disp.|
----------------------------------------------------------------------------------------------------------------
     0     I      -9428.48485878         78.63570283       3017.06483647          0.00201374          0.07726242
     1   L1s      -9582.34737817          6.04480319        164.53444560          0.00159453          0.04326088
     2   L1s      -9583.57116806          3.18745008         70.12107864          0.00016471          0.00394168
     3   L1s      -9585.10027203          2.31344597         59.20390431          0.00044175          0.01220505
     4   L1s      -9586.43000936          1.87270982         36.28980201          0.00059979          0.01465938
     5   L1s      -9586.71044867          2.24720583         61.49176373          0.00017629          0.00301343
     6   L1s      -9587.05277204          0.95234664         13.90779171          0.00024778          0.00377807
     7   L1s      -9587.17361573          1.12576667         21.98864608          0.00013485          0.00255359
     8   L1s      -9587.26063755          1.04919684         17.77906192          0.00011554          0.00220555
     9   L1s      -9587.46179948          0.95340632         19.88597845          0.00030922          0.00627771
    10   L0s      -9587.62113555          1.14539831         22.08682649          0.00030922          0.00597567
    11   L1s      -9587.68573107          1.01444739         17.33137233          0.00012768          0.00254798
    12   L1s      -9587.77732629          0.56329446          8.50339014          0.00017699          0.00322120
    13   L1s      -9587.87338133          0.51684434          7.75216072          0.00023210          0.00369860
    14   L1s      -9587.90556774          0.73159731         18.49626382          0.00009271          0.00148349
    15   L0s      -9587.93752523          0.47054278          9.10251724          0.00009271          0.00125765
    16   L1s      -9587.97749594          0.53576845          9.73207408          0.00012759          0.00172096
    17   L1s      -9587.99813172          0.55561534         12.45818675          0.00007458          0.00085545
    18   L1s      -9588.02959306          0.39569859          6.71069474          0.00012265          0.00136938
    19   L1s      -9588.04643520          0.58076337         18.04013231          0.00007419          0.00085012
    20   L1s      -9588.07195972          0.39712542          7.88387985          0.00011794          0.00144978
    21   L1s      -9588.10104727          0.32355341          5.49875271          0.00014690          0.00178584
    22   L1s      -9588.10967806          0.43066062         12.02410071          0.00004866          0.00060623
    23   L1s      -9588.12861006          0.35082617          7.70617159          0.00011254          0.00143866
    24   L1s      -9588.14823270          0.46603243         10.70376319          0.00012513          0.00157185
    25   L1s      -9588.16066601          0.35618447          6.87009546          0.00008219          0.00101390
    26   L1s      -9588.18567214          0.41913271          9.91138312          0.00017487          0.00208672
    27   L1s      -9588.19688419          0.43563516          9.50349608          0.00008132          0.00093360
    28   L1s      -9588.21441702          0.29082883          5.60438200          0.00013128          0.00134005
    29   L1s      -9588.23431750          0.34334267          7.54208996          0.00015894          0.00147275
    30   L1s      -9588.24078455          0.33065188          7.87989937          0.00005385          0.00044817
    31   L1s      -9588.25579226          0.29891778          5.26614927          0.00013028          0.00110128
    32   L1s      -9588.26523551          0.40995572         11.88041214          0.00008589          0.00074888
    33   L1s      -9588.27964170          0.27611830          5.84764899          0.00013409          0.00123326
    34   L1s      -9588.29075034          0.30696234          7.39052819          0.00010842          0.00102187
    35   L1s      -9588.29555288          0.26352420          5.29064136          0.00004857          0.00046572
    36   L1s      -9588.30578922          0.19513851          3.43207195          0.00010820          0.00099690
    37   L1s      -9588.31306460          0.28924904          8.90879438          0.00008259          0.00073171
    38   L1s      -9588.31738366          0.22654654          3.71186582          0.00005051          0.00042643
    39   L1s      -9588.32679467          0.27360828          6.01941900          0.00011510          0.00096519
    40   L1s      -9588.33115492          0.24152329          4.24714143          0.00005487          0.00045784
    41   L1s      -9588.33914138          0.20414783          4.90796306          0.00010402          0.00091181
    42   L1s      -9588.34493745          0.26554012          7.48639598          0.00007893          0.00070367
    43   L1s      -9588.34823238          0.17599105          3.39371916          0.00004598          0.00041136
    44   L1s      -9588.35524089          0.17439476          2.95968122          0.00010303          0.00081779
    45   L1s      -9588.35888535          0.24516584          7.86414842          0.00005620          0.00043474
    46   L0s      -9588.36277417          0.16722204          3.12146502          0.00005620          0.00045510
    47   L1s      -9588.36742929          0.23767603          7.82907871          0.00006469          0.00055578
    48   L1s      -9588.37043485          0.15879781          3.03796353          0.00004448          0.00042775
    49   L1s      -9588.37493819          0.16701288          3.41646733          0.00007051          0.00064917
    50   L1s      -9588.37716814          0.21089658          6.55349515          0.00003655          0.00031975
    51   L1s      -9588.38150069          0.16795249          4.12153586          0.00007294          0.00057846
    52   L0s      -9588.38600254          0.22407835          5.65090704          0.00007294          0.00056671
    53   L1s      -9588.38914412          0.15679443          2.89712754          0.00005407          0.00042571
    54   L1s      -9588.39402134          0.18532110          4.13121381          0.00010122          0.00080435
    55   L1s      -9588.39588734          0.17880962          4.41520739          0.00003958          0.00031630
    56   L1s      -9588.40095767          0.15223085          2.14240352          0.00010996          0.00088705
    57   L0s      -9588.40584653          0.22497195          6.12214154          0.00010996          0.00094458
    58   L1s      -9588.40821341          0.17103275          2.56656676          0.00005371          0.00049041
    59   L1s      -9588.41270377          0.15055418          2.38359089          0.00010287          0.00086762
    60   L1s      -9588.41580918          0.22878623          5.98097054          0.00007307          0.00059752
    61   L1s      -9588.41935303          0.16090858          2.72305048          0.00008433          0.00068318
    62   L0s      -9588.42277653          0.22016069          7.00535825          0.00008433          0.00070707
    63   L1s      -9588.42551075          0.16682127          3.25145952          0.00006769          0.00061838
    64   L1s      -9588.43040237          0.13985875          1.47198337          0.00012089          0.00113405
    65   L1s      -9588.43246396          0.20892141          5.73063969          0.00005233          0.00048434
    66   L1s      -9588.43563761          0.12906290          1.95948336          0.00008150          0.00067653
    67   L1s      -9588.43942348          0.16693632          4.16902583          0.00010010          0.00083003
    68   L1s      -9588.44111583          0.16836645          4.63775837          0.00004550          0.00038765
    69   L1s      -9588.44504655          0.16755366          3.69364967          0.00010739          0.00095954
    70   L1s      -9588.44701300          0.17531121          4.01398786          0.00005456          0.00049753
    71   L1s      -9588.44993100          0.13075140          3.35038315          0.00008205          0.00069992
    72   L1s      -9588.45326709          0.18631881          4.77596442          0.00009606          0.00077158
    73   L1s      -9588.45495717          0.14861094          2.48634613          0.00004921          0.00036097
    74   L1s      -9588.45862937          0.12522286          1.81368063          0.00010880          0.00082896
    75   L1s      -9588.46135898          0.21087418          6.45018922          0.00008279          0.00064386
    76   L1s      -9588.46373114          0.13419408          1.73051976          0.00007252          0.00058217
    77   L1s      -9588.46661772          0.16808324          4.84197835          0.00008997          0.00069546
    78   L1s      -9588.46810527          0.12423097          1.85087468          0.00004692          0.00032318
    79   L1s      -9588.47101845          0.14120399          2.53462025          0.00009382          0.00061003
    80   L1s      -9588.47267162          0.18314259          5.00982348          0.00005408          0.00035208
    81   L1s      -9588.47569511          0.13001583          2.54815391          0.00009981          0.00067892
    82   L1s      -9588.47918433          0.14668622          3.17410818          0.00011722          0.00078867
    83   L1s      -9588.48045986          0.15079632          3.51836362          0.00004343          0.00028384
    84   L1s      -9588.48302377          0.11992647          2.00511095          0.00008840          0.00056700
    85   L1s      -9588.48514888          0.18594032          5.49522555          0.00007467          0.00048025
    86   L0s      -9588.48737727          0.11202556          1.62503688          0.00007467          0.00049348
    87   L0s      -9588.48954785          0.19306874          5.85778221          0.00007467          0.00049262
    88   L1s      -9588.49116910          0.12623720          2.52816787          0.00005352          0.00034026
    89   L1s      -9588.49359782          0.12988312          2.96170944          0.00006502          0.00040308
    90   L1s      -9588.49480127          0.15065399          4.04946278          0.00003307          0.00020622
    91   L1s      -9588.49704189          0.12051641          2.67263659          0.00006275          0.00039600
    92   L1s      -9588.49853144          0.16480325          4.71352595          0.00004291          0.00027476
    93   L1s      -9588.50063754          0.11004956          2.15079257          0.00006155          0.00039540
    94   L1s      -9588.50228632          0.15102809          4.73938517          0.00004969          0.00032117
    95   L1s      -9588.50337175          0.09722095          1.70397051          0.00003323          0.00021773
----------------------------------------------------------------------------------------------------------------

Minimization converged.

-------------------  Conjugate Gradient Minimizer Statistics -------------------
Iterations             =             95  Function Calls         =            183
--------------------------------------------------------------------------------
