
#-----------------------------------------------------------------------------#
#                                                                             #
#                                EasyHybrid                                   #
#                   - A pDynamo graphical user interface -                    #
#                                                                             #
#-----------------------------------------------------------------------------#
#                                                                             #
#     Developed by Jose Fernando R Bachega and Luis Fernando S M Timmers      #
#                            <ferbachega@gmail.com>                           #
#                                                                             #
#             visit: https://sites.google.com/site/EasyHybrid/                #
#                   Univesity of Sao Paulo - SP, Brazil                       #
#      Pontifical Catholic University of Rio Grande do Sul - RS, Brazil       #
#                                                                             #
#                                                                             #
#   EasyHybrid team:                               Special thanks to:         #
#   - Jose Fernando R Bachega           |         - Fernando V Maluf          #
#   - Michele Silva                     |                                     #
#   - Luis Fernando S M Timmers         |                                     #
#   - Martin Field                      |         - Leonardo R Bachega        #
#   - Troy Wymore                       |         - Lucas Assirati            #
#   - Osmar Norberto de Souza           |         - Richard Garratt           #
#   - Walter R Paixao-Cortes            |                                     #
#                                                                             #
#   Cite this work as:                                                        #
#   J.F.R. Bachega, L.F.S.M. Timmers, L.Assirati, L.B. Bachega, M.J. Field,   #
#   T. Wymore. J. Comput. Chem. 2013, 34, 2190-2196. DOI: 10.1002/jcc.23346   #
#                                                                             #
#-----------------------------------------------------------------------------#

Generated on Wed Jun  5 17:59:30 2019


--------------------------------------------------------------------------------
                        Summary for System "12_ramon_new"
--------------------------------------------------------------------------------

---------------------------- Atom Container Summary ----------------------------
Number of Atoms        =           2173  Number of Heavy Atoms  =           1040
Number of Hydrogens    =           1133  Number of Unknowns     =              0
--------------------------------------------------------------------------------

----------------------------- Connectivity Summary -----------------------------
Atoms                  =           2173
--------------------------------------------------------------------------------

------------------------------- Electronic State -------------------------------
Charge                 =             -1  Multiplicity           =              1
--------------------------------------------------------------------------------

--------------------------------------------------------------------------------
                 Summary for Energy Model "AMBER/AM1DPHOT/ABFS"
--------------------------------------------------------------------------------

----------------------------------- Summary for MM Model "AMBER" -----------------------------------
LJ 1-4 Scaling                   =          0.500  El. 1-4 Scaling                  =          0.833
Number of MM Atoms               =           2173  Number of MM Atom Types          =             37
Number of Inactive MM Atoms      =             33  Total MM Charge                  =          -4.00
Harmonic Bond Terms              =           2169  Harmonic Bond Parameters         =             49
Harmonic Bond Inactive           =           1308  Fourier Improper Terms           =            320
Fourier Improper Parameters      =              3  Fourier Improper Inactive        =            164
Harmonic Angle Terms             =           3403  Harmonic Angle Parameters        =            103
Harmonic Angle Inactive          =           1938  Fourier Dihedral Terms           =           6697
Fourier Dihedral Parameters      =             48  Fourier Dihedral Inactive        =           3453
Exclusions                       =          10377  1-4 Interactions                 =           4805
LJ Parameters Form               =          AMBER  LJ Parameters Types              =             21
1-4 Lennard-Jones Form           =          AMBER  1-4 Lennard-Jones Types          =             21
----------------------------------------------------------------------------------------------------

------------------------ Summary for QC Model "AM1DPHOT" -----------------------
Number of QC Atoms     =             39  Boundary Atoms         =              6
Nuclear Charge         =            129  Orbital Functions      =            113
Fitting Functions      =              0  Energy Base Line       =      189.57630
QC Parameter Centers   =              6
--------------------------------------------------------------------------------

----------------------------- ABFS NB Model Summary ----------------------------
Dielectric             =       1.000000  El. 1-4 Scaling        =       0.833333
Damping Cutoff         =       0.500000  Inner Cutoff           =       8.000000
List Cutoff            =      13.500000  Outer Cutoff           =      12.000000
QC/MM Coupling         =    RC Coupling  Use Centering          =          False
--------------------------------------------------------------------------------

-------------------------- Pairlist Generator Summary --------------------------
Cell Size              =          6.750  Cutoff                 =         13.500
Cutoff Cell Size Factor =          0.500  Grid Cell/Cell Method  =           True
Minimum Cell Extent    =              2  Minimum Cell Size      =          3.000
Minimum Extent Factor  =          1.500  Minimum Points         =            500
Sort Indices           =          False
--------------------------------------------------------------------------------

----------------------- SoftConstraint Container Summary -----------------------
Multiple Distance      =              2
--------------------------------------------------------------------------------

---------------------------- Hard Constraint Container Summary ---------------------------
Number of Charge Constraints  =            0  Number of Fixed Atoms         =         1351
------------------------------------------------------------------------------------------

------------------------------- Sequence Summary -------------------------------
Number of Atoms            =       2173  Number of Components       =        213
Number of Entities         =          1  Number of Linear Polymers  =          0
Number of Links            =          0  Number of Variants         =          0
--------------------------------------------------------------------------------

-------------------------------  Conjugate Gradient Minimizer Options ------------------------------
Beta Type                        =              1  Initial Step                     =            0.1
Line Searcher                    =           None  Log Frequency                    =              1
Maximum Iterations               =            500  Maximum Theta                    =          1e+10
Minimum Theta                    =          1e-10  RMS Gradient Tolerance           =            0.1
Steepest Descent Tolerance       =          0.001  Use Spectral Theta               =           True
----------------------------------------------------------------------------------------------------

----------------------------------------------------------------------------------------------------------------
  Iteration       Function          RMS Gradient        Max. |Grad.|          RMS Disp.         Max. |Disp.|
----------------------------------------------------------------------------------------------------------------
     0     I      -9383.28840857         78.81231281       3024.37773358          0.00201374          0.07727614
     1   L1s      -9540.27550949          5.94389254        158.72066147          0.00161627          0.04302023
     2   L1s      -9541.38771286          3.06871728         65.49387109          0.00015233          0.00308060
     3   L1s      -9542.92489405          2.13699082         58.90508284          0.00045942          0.00882809
     4   L0s      -9543.93286472          1.46895326         23.41822539          0.00045942          0.00815687
     5   L1s      -9544.14682486          2.01319329         61.28287759          0.00015424          0.00306437
     6   L1s      -9544.41656308          0.89992475         19.07857908          0.00022632          0.00442446
     7   L1s      -9544.48614380          0.91416222         20.47553958          0.00008561          0.00151455
     8   L0s      -9544.54431960          0.76775411         18.19447941          0.00008561          0.00115335
     9   L1s      -9544.65373239          0.61852664          9.41302864          0.00019856          0.00238991
    10   L1s      -9544.72825546          0.92421492         27.03248647          0.00016735          0.00232738
    11   L1s      -9544.76710358          0.61526679         10.76201810          0.00009365          0.00116144
    12   L1s      -9544.82035745          0.51092390         10.41286869          0.00014644          0.00229518
    13   L1s      -9544.84376833          0.63935793         18.75444007          0.00007433          0.00088448
    14   L1s      -9544.88004754          0.34209319          4.94772381          0.00012404          0.00136693
    15   L1s      -9544.90609521          0.45014119          8.16790584          0.00010835          0.00119380
    16   L1s      -9544.92047901          0.52912722         10.67607721          0.00006520          0.00071427
    17   L1s      -9544.94970193          0.39740729          9.06082534          0.00013991          0.00149524
    18   L0s      -9544.97586878          0.44582511         10.38372595          0.00013991          0.00146334
    19   L1s      -9544.98701805          0.39243322          8.64895692          0.00006247          0.00063513
    20   L1s      -9545.01135237          0.28883963          4.37213243          0.00014112          0.00138142
    21   L1s      -9545.02260755          0.42875861         13.40854972          0.00007252          0.00070278
    22   L1s      -9545.03206046          0.25227290          4.12775769          0.00006349          0.00072066
    23   L1s      -9545.04723858          0.34621937          7.83614007          0.00011305          0.00142250
    24   L1s      -9545.05758633          0.39423331         10.01904249          0.00008077          0.00106928
    25   L1s      -9545.07037820          0.26727536          4.90382338          0.00010324          0.00141523
    26   L1s      -9545.08846097          0.35871713          7.78978525          0.00015586          0.00211701
    27   L1s      -9545.09507792          0.32974406          6.35137251          0.00005897          0.00078904
    28   L1s      -9545.11141504          0.27399387          4.31467761          0.00015105          0.00199925
    29   L1s      -9545.12156820          0.37414276         10.58898186          0.00009859          0.00129766
    30   L1s      -9545.12983802          0.23482466          4.05678960          0.00008228          0.00106715
    31   L1s      -9545.13948420          0.22541538          4.16417536          0.00010154          0.00131576
    32   L1s      -9545.14618641          0.37970249         11.76102312          0.00007456          0.00097299
    33   L1s      -9545.15630276          0.23026815          4.78153678          0.00011460          0.00156449
    34   L1s      -9545.16417776          0.24505789          6.19517888          0.00009342          0.00130779
    35   L1s      -9545.16818396          0.24515923          5.64700548          0.00004934          0.00069607
    36   L1s      -9545.17613723          0.17831955          3.11853309          0.00010143          0.00132695
    37   L1s      -9545.18277503          0.26538062          6.36634995          0.00008984          0.00111267
    38   L1s      -9545.18637744          0.22525111          3.77058458          0.00004998          0.00058457
    39   L1s      -9545.19540468          0.20672298          3.41269280          0.00012939          0.00157249
    40   L1s      -9545.19912188          0.24841974          6.22443837          0.00005522          0.00068295
    41   L1s      -9545.20445786          0.17058345          3.66696820          0.00008117          0.00100094
    42   L0s      -9545.20984723          0.16435450          3.14775615          0.00008117          0.00094720
    43   L1s      -9545.21271541          0.24318449          7.23505679          0.00004548          0.00051710
    44   L1s      -9545.21750056          0.16516135          2.26692179          0.00007941          0.00086014
    45   L0s      -9545.22207378          0.23420857          7.33200252          0.00007941          0.00085515
    46   L1s      -9545.22505754          0.16531764          2.52154112          0.00005274          0.00057258
    47   L1s      -9545.23150761          0.16134397          3.16899768          0.00011765          0.00129964
    48   L1s      -9545.23444286          0.22007094          6.19582214          0.00005553          0.00061271
    49   L0s      -9545.23723840          0.15534611          3.28150156          0.00005553          0.00059682
    50   L1s      -9545.24114950          0.16877519          3.64375431          0.00008243          0.00084265
    51   L1s      -9545.24293289          0.16301585          2.96402108          0.00003771          0.00036463
    52   L1s      -9545.24683235          0.14064849          2.13090733          0.00008470          0.00077650
    53   L1s      -9545.25119112          0.12706304          1.75887527          0.00009795          0.00085478
    54   L1s      -9545.25361611          0.19461643          4.52100511          0.00005665          0.00048226
    55   L0s      -9545.25592996          0.13091591          2.03705137          0.00005665          0.00050596
    56   L1s      -9545.25922416          0.20707399          5.27641520          0.00008594          0.00078071
    57   L1s      -9545.26137751          0.15217597          2.57741997          0.00005617          0.00051444
    58   L1s      -9545.26692815          0.15620445          2.63604354          0.00014777          0.00133592
    59   L0s      -9545.27183462          0.18729140          2.86592981          0.00014777          0.00134842
    60   L1s      -9545.27478916          0.20817305          5.14992624          0.00008696          0.00080181
    61   L0s      -9545.27794978          0.14277350          2.38172291          0.00008696          0.00081356
    62   L1s      -9545.28300256          0.18856951          4.54812486          0.00014230          0.00130643
    63   L1s      -9545.28481150          0.17147876          2.90980741          0.00005148          0.00046000
    64   L1s      -9545.28982435          0.16277423          2.78869789          0.00014463          0.00126988
    65   L1s      -9545.29255714          0.20118196          6.02776707          0.00008004          0.00069987
    66   L1s      -9545.29568791          0.15022563          2.23296929          0.00009255          0.00080581
    67   L1s      -9545.30092107          0.15530278          2.20292176          0.00015726          0.00133367
    68   L1s      -9545.30490646          0.20692846          5.64786890          0.00012156          0.00100764
    69   L1s      -9545.30756269          0.16569948          2.71993888          0.00008168          0.00065325
    70   L1s      -9545.31251958          0.15453897          2.06592648          0.00015436          0.00120016
    71   L0s      -9545.31740772          0.21157055          5.42173622          0.00015436          0.00118966
    72   L1s      -9545.31959306          0.16198027          3.27427516          0.00006951          0.00052862
    73   L1s      -9545.32416938          0.20633558          5.23323477          0.00014733          0.00113419
    74   L1s      -9545.32671001          0.18705859          5.00342102          0.00008241          0.00065277
    75   L1s      -9545.33255759          0.16239342          3.17263483          0.00019137          0.00157049
    76   L1s      -9545.33671764          0.16178376          2.81377698          0.00013772          0.00116058
    77   L1s      -9545.33945649          0.21109613          5.71515503          0.00009172          0.00078157
    78   L1s      -9545.34335729          0.14024065          1.41461999          0.00013149          0.00113348
    79   L1s      -9545.34976616          0.15531243          1.80911519          0.00021920          0.00188256
    80   L1s      -9545.35182954          0.18499466          4.81668886          0.00007137          0.00061035
    81   L1s      -9545.35487086          0.14131263          2.02145309          0.00010605          0.00089922
    82   L1s      -9545.35749661          0.21251669          5.84593930          0.00009279          0.00078524
    83   L0s      -9545.36016456          0.12987068          1.42001182          0.00009279          0.00078585
    84   L1s      -9545.36379607          0.13610328          2.32299413          0.00012378          0.00106771
    85   L1s      -9545.36630375          0.19130681          4.20375413          0.00008835          0.00077373
    86   L0s      -9545.36891091          0.14515670          2.38791558          0.00008835          0.00080006
    87   L1s      -9545.37228100          0.16611960          3.25701913          0.00011196          0.00104307
    88   L1s      -9545.37375278          0.15303631          3.18333244          0.00005106          0.00049082
    89   L1s      -9545.37760452          0.12432865          1.56490113          0.00013522          0.00134443
    90   L0s      -9545.38104492          0.13877889          2.15538706          0.00013522          0.00136868
    91   L1s      -9545.38235733          0.16706518          3.75837984          0.00005106          0.00052109
    92   L1s      -9545.38479363          0.11774292          2.31007098          0.00008977          0.00092602
    93   L1s      -9545.38765229          0.11969327          2.11097716          0.00010717          0.00111144
    94   L1s      -9545.39103597          0.12956653          2.68554142          0.00012892          0.00133731
    95   L1s      -9545.39233799          0.15446321          4.74282934          0.00005027          0.00052128
    96   L1s      -9545.39493179          0.11980480          2.34452392          0.00010107          0.00104735
    97   L1s      -9545.39637780          0.17432510          4.72581358          0.00005719          0.00059317
    98   L1s      -9545.39903520          0.11188268          1.22386255          0.00010583          0.00110855
    99   L1s      -9545.40201579          0.09996519          1.36754863          0.00012065          0.00129413
----------------------------------------------------------------------------------------------------------------

Minimization converged.

-------------------  Conjugate Gradient Minimizer Statistics -------------------
Iterations             =             99  Function Calls         =            186
--------------------------------------------------------------------------------
