
#-----------------------------------------------------------------------------#
#                                                                             #
#                                EasyHybrid                                   #
#                   - A pDynamo graphical user interface -                    #
#                                                                             #
#-----------------------------------------------------------------------------#
#                                                                             #
#     Developed by Jose Fernando R Bachega and Luis Fernando S M Timmers      #
#                            <ferbachega@gmail.com>                           #
#                                                                             #
#             visit: https://sites.google.com/site/EasyHybrid/                #
#                   Univesity of Sao Paulo - SP, Brazil                       #
#      Pontifical Catholic University of Rio Grande do Sul - RS, Brazil       #
#                                                                             #
#                                                                             #
#   EasyHybrid team:                               Special thanks to:         #
#   - Jose Fernando R Bachega           |         - Fernando V Maluf          #
#   - Michele Silva                     |                                     #
#   - Luis Fernando S M Timmers         |                                     #
#   - Martin Field                      |         - Leonardo R Bachega        #
#   - Troy Wymore                       |         - Lucas Assirati            #
#   - Osmar Norberto de Souza           |         - Richard Garratt           #
#   - Walter R Paixao-Cortes            |                                     #
#                                                                             #
#   Cite this work as:                                                        #
#   J.F.R. Bachega, L.F.S.M. Timmers, L.Assirati, L.B. Bachega, M.J. Field,   #
#   T. Wymore. J. Comput. Chem. 2013, 34, 2190-2196. DOI: 10.1002/jcc.23346   #
#                                                                             #
#-----------------------------------------------------------------------------#

Generated on Wed Jun  5 17:57:53 2019


--------------------------------------------------------------------------------
                        Summary for System "12_ramon_new"
--------------------------------------------------------------------------------

---------------------------- Atom Container Summary ----------------------------
Number of Atoms        =           2173  Number of Heavy Atoms  =           1040
Number of Hydrogens    =           1133  Number of Unknowns     =              0
--------------------------------------------------------------------------------

----------------------------- Connectivity Summary -----------------------------
Atoms                  =           2173
--------------------------------------------------------------------------------

------------------------------- Electronic State -------------------------------
Charge                 =             -1  Multiplicity           =              1
--------------------------------------------------------------------------------

--------------------------------------------------------------------------------
                 Summary for Energy Model "AMBER/AM1DPHOT/ABFS"
--------------------------------------------------------------------------------

----------------------------------- Summary for MM Model "AMBER" -----------------------------------
LJ 1-4 Scaling                   =          0.500  El. 1-4 Scaling                  =          0.833
Number of MM Atoms               =           2173  Number of MM Atom Types          =             37
Number of Inactive MM Atoms      =             33  Total MM Charge                  =          -4.00
Harmonic Bond Terms              =           2169  Harmonic Bond Parameters         =             49
Harmonic Bond Inactive           =           1308  Fourier Improper Terms           =            320
Fourier Improper Parameters      =              3  Fourier Improper Inactive        =            164
Harmonic Angle Terms             =           3403  Harmonic Angle Parameters        =            103
Harmonic Angle Inactive          =           1938  Fourier Dihedral Terms           =           6697
Fourier Dihedral Parameters      =             48  Fourier Dihedral Inactive        =           3453
Exclusions                       =          10377  1-4 Interactions                 =           4805
LJ Parameters Form               =          AMBER  LJ Parameters Types              =             21
1-4 Lennard-Jones Form           =          AMBER  1-4 Lennard-Jones Types          =             21
----------------------------------------------------------------------------------------------------

------------------------ Summary for QC Model "AM1DPHOT" -----------------------
Number of QC Atoms     =             39  Boundary Atoms         =              6
Nuclear Charge         =            129  Orbital Functions      =            113
Fitting Functions      =              0  Energy Base Line       =      189.57630
QC Parameter Centers   =              6
--------------------------------------------------------------------------------

----------------------------- ABFS NB Model Summary ----------------------------
Dielectric             =       1.000000  El. 1-4 Scaling        =       0.833333
Damping Cutoff         =       0.500000  Inner Cutoff           =       8.000000
List Cutoff            =      13.500000  Outer Cutoff           =      12.000000
QC/MM Coupling         =    RC Coupling  Use Centering          =          False
--------------------------------------------------------------------------------

-------------------------- Pairlist Generator Summary --------------------------
Cell Size              =          6.750  Cutoff                 =         13.500
Cutoff Cell Size Factor =          0.500  Grid Cell/Cell Method  =           True
Minimum Cell Extent    =              2  Minimum Cell Size      =          3.000
Minimum Extent Factor  =          1.500  Minimum Points         =            500
Sort Indices           =          False
--------------------------------------------------------------------------------

----------------------- SoftConstraint Container Summary -----------------------
Multiple Distance      =              2
--------------------------------------------------------------------------------

---------------------------- Hard Constraint Container Summary ---------------------------
Number of Charge Constraints  =            0  Number of Fixed Atoms         =         1351
------------------------------------------------------------------------------------------

------------------------------- Sequence Summary -------------------------------
Number of Atoms            =       2173  Number of Components       =        213
Number of Entities         =          1  Number of Linear Polymers  =          0
Number of Links            =          0  Number of Variants         =          0
--------------------------------------------------------------------------------

-------------------------------  Conjugate Gradient Minimizer Options ------------------------------
Beta Type                        =              1  Initial Step                     =            0.1
Line Searcher                    =           None  Log Frequency                    =              1
Maximum Iterations               =            500  Maximum Theta                    =          1e+10
Minimum Theta                    =          1e-10  RMS Gradient Tolerance           =            0.1
Steepest Descent Tolerance       =          0.001  Use Spectral Theta               =           True
----------------------------------------------------------------------------------------------------

----------------------------------------------------------------------------------------------------------------
  Iteration       Function          RMS Gradient        Max. |Grad.|          RMS Disp.         Max. |Disp.|
----------------------------------------------------------------------------------------------------------------
     0     I      -9428.68717611         75.35226674       2785.32386553          0.00201374          0.07443597
     1   L1s      -9572.03572907          8.08346066        198.26730430          0.00155211          0.03784495
     2   L1s      -9574.54772184          5.43567218        130.58863412          0.00025345          0.00583385
     3   L1s      -9579.27931284          4.68582217        114.34629883          0.00085885          0.02131449
     4   L1s      -9583.46304948          3.14832473         63.79541068          0.00102804          0.02672344
     5   L1s      -9584.14152086          3.65963069         80.27709371          0.00024049          0.00560172
     6   L1s      -9585.22439482          1.88468306         47.29170667          0.00045176          0.01135557
     7   L0s      -9585.96405079          1.95695085         36.65583942          0.00045176          0.01278520
     8   L1s      -9586.36397639          2.72344170         68.79050624          0.00029162          0.00746996
     9   L1s      -9587.03767253          1.19371645         17.77803187          0.00052821          0.01460287
    10   L1s      -9587.20645829          1.73348702         43.56474512          0.00017884          0.00460732
    11   L1s      -9587.38127223          1.12421582         29.88173322          0.00020222          0.00535789
    12   L0s      -9587.53982736          0.76115886         12.11872822          0.00020222          0.00499418
    13   L1s      -9587.69927869          0.71738632         17.65518602          0.00025814          0.00497504
    14   L1s      -9587.73861505          0.91676893         22.16334601          0.00007943          0.00171171
    15   L1s      -9587.81940298          0.58858207         10.51480816          0.00017810          0.00355187
    16   L1s      -9587.85479812          0.81503884         22.24059971          0.00009197          0.00163397
    17   L1s      -9587.91357798          0.45435674          6.91107063          0.00016359          0.00266260
    18   L1s      -9587.95345411          0.42538707          6.32212612          0.00013189          0.00197207
    19   L1s      -9587.97024057          0.57039211         12.95418324          0.00006403          0.00105385
    20   L1s      -9587.99222063          0.37573216          8.22643469          0.00008949          0.00142637
    21   L0s      -9588.01337405          0.25997042          3.22169931          0.00008949          0.00124284
    22   L1s      -9588.02661334          0.44642806         14.59978871          0.00006670          0.00112086
    23   L0s      -9588.03830236          0.30098969          4.69966661          0.00006670          0.00099885
    24   L0s      -9588.04906337          0.35220160          9.59284279          0.00006670          0.00102836
    25   L1s      -9588.05613606          0.27140335          4.95976365          0.00004661          0.00068970
    26   L1s      -9588.07098325          0.28137833          5.29621106          0.00011483          0.00150457
    27   L1s      -9588.08150796          0.34824272          8.65338786          0.00008683          0.00119217
    28   L1s      -9588.08908223          0.23750102          3.11026052          0.00006494          0.00075134
    29   L1s      -9588.09844420          0.24608381          4.23337812          0.00008640          0.00087641
    30   L1s      -9588.10543228          0.33518748          7.72145365          0.00006848          0.00070257
    31   L0s      -9588.11199370          0.22225432          3.70268007          0.00006848          0.00066773
    32   L0s      -9588.11829250          0.30168323          8.91814472          0.00006848          0.00071292
    33   L1s      -9588.12567034          0.22508717          3.61164613          0.00008346          0.00080963
    34   L0s      -9588.13224399          0.21349636          3.53227393          0.00008346          0.00084947
    35   L1s      -9588.13704476          0.25060171          6.26069164          0.00006357          0.00064603
    36   L1s      -9588.14247048          0.18099445          2.77266466          0.00007442          0.00078556
    37   L1s      -9588.14654790          0.21773136          5.71462964          0.00005883          0.00061990
    38   L1s      -9588.14980364          0.21538104          4.02849725          0.00004852          0.00050158
    39   L1s      -9588.15511507          0.22722477          4.72496576          0.00008165          0.00081289
    40   L1s      -9588.15854140          0.19643868          4.28554866          0.00005409          0.00051169
    41   L1s      -9588.16369529          0.20146156          4.07502829          0.00008409          0.00078347
    42   L1s      -9588.16940911          0.24453396          4.86996359          0.00009602          0.00090012
    43   L1s      -9588.17336175          0.17187394          2.89236021          0.00006771          0.00064184
    44   L0s      -9588.17727555          0.17115112          4.00303054          0.00006771          0.00062160
    45   L1s      -9588.17975680          0.19732581          4.27958026          0.00004457          0.00039377
    46   L1s      -9588.18304787          0.17671999          4.07597917          0.00006177          0.00052329
    47   L0s      -9588.18621402          0.22805392          5.79295272          0.00006177          0.00055691
    48   L1s      -9588.19144903          0.20037230          3.53430482          0.00010341          0.00099398
    49   L0s      -9588.19670579          0.18612135          3.62322845          0.00010341          0.00105012
    50   L1s      -9588.19971637          0.20640456          4.18367069          0.00006057          0.00063718
    51   L1s      -9588.20501883          0.17354065          3.15750914          0.00010981          0.00118956
    52   L1s      -9588.20849263          0.20783778          5.78196379          0.00007370          0.00080695
    53   L1s      -9588.21145609          0.18609779          3.17721872          0.00006393          0.00070246
    54   L1s      -9588.21488711          0.19413433          5.29638917          0.00007550          0.00082413
    55   L1s      -9588.21747002          0.17693358          3.02509908          0.00005787          0.00062215
    56   L1s      -9588.22241208          0.17223108          2.33402985          0.00011305          0.00118038
    57   L1s      -9588.22545211          0.19905292          4.95492161          0.00007099          0.00072203
    58   L1s      -9588.22894608          0.15952698          2.41090897          0.00008282          0.00080336
    59   L0s      -9588.23247201          0.16525734          2.83518073          0.00008282          0.00076511
    60   L1s      -9588.23497713          0.20392711          5.39678149          0.00006033          0.00053975
    61   L1s      -9588.23933696          0.20997007          4.42085614          0.00010855          0.00096064
    62   L1s      -9588.24276958          0.21810022          6.27730439          0.00008648          0.00073447
    63   L1s      -9588.24688550          0.15870355          2.20753954          0.00010482          0.00087577
    64   L1s      -9588.25026428          0.17756443          4.00842852          0.00008767          0.00074058
    65   L1s      -9588.25274986          0.17258828          3.18175049          0.00006551          0.00055326
    66   L1s      -9588.25734052          0.16769776          2.81095429          0.00012291          0.00102200
    67   L1s      -9588.26016242          0.17793881          4.75877947          0.00007681          0.00062246
    68   L1s      -9588.26250973          0.15818718          3.28661914          0.00006477          0.00053529
    69   L1s      -9588.26536746          0.19685730          4.23098676          0.00008021          0.00067509
    70   L1s      -9588.26782070          0.16345556          3.58021698          0.00006958          0.00060560
    71   L1s      -9588.27170587          0.16402585          3.29896381          0.00011189          0.00099976
    72   L1s      -9588.27398965          0.17632812          3.25407779          0.00006674          0.00060751
    73   L1s      -9588.27769494          0.15371429          2.39305482          0.00010962          0.00103076
    74   L1s      -9588.28045039          0.15039100          3.63860258          0.00008281          0.00080315
    75   L1s      -9588.28230942          0.15859524          2.95326070          0.00005676          0.00056423
    76   L1s      -9588.28544463          0.16130672          2.80774211          0.00009706          0.00098255
    77   L1s      -9588.28728288          0.17729689          4.19374126          0.00005765          0.00059077
    78   L1s      -9588.29055310          0.15749225          3.29969130          0.00010367          0.00107230
    79   L1s      -9588.29318080          0.17382520          4.37407108          0.00008438          0.00087593
    80   L1s      -9588.29545181          0.13128429          1.85015634          0.00007369          0.00076527
    81   L1s      -9588.29812487          0.14294474          3.24722383          0.00008830          0.00091194
    82   L1s      -9588.30006099          0.15273197          3.33577088          0.00006489          0.00066447
    83   L0s      -9588.30206062          0.11435299          1.86677975          0.00006489          0.00064760
    84   L1s      -9588.30388464          0.15181795          3.67270821          0.00005862          0.00057465
    85   L1s      -9588.30514235          0.11810587          1.71491608          0.00004193          0.00041629
    86   L1s      -9588.30741493          0.15078999          3.90274679          0.00007736          0.00077662
    87   L1s      -9588.30898329          0.13235380          2.32012382          0.00005405          0.00054558
    88   L1s      -9588.31118024          0.11170570          1.56268795          0.00007690          0.00076851
    89   L1s      -9588.31311631          0.14127995          3.05827069          0.00006920          0.00068073
    90   L1s      -9588.31458993          0.12760731          2.25035007          0.00005335          0.00051028
    91   L1s      -9588.31689966          0.11478261          1.87600381          0.00008489          0.00077173
    92   L1s      -9588.31861388          0.16721942          4.79743241          0.00006416          0.00056658
    93   L0s      -9588.32048088          0.11555668          1.38650919          0.00006416          0.00057340
    94   L1s      -9588.32213213          0.14994051          4.36735449          0.00005199          0.00047482
    95   L1s      -9588.32352331          0.10089539          1.40526286          0.00004661          0.00044174
    96   L1s      -9588.32553913          0.09986111          1.69458742          0.00006946          0.00067330
----------------------------------------------------------------------------------------------------------------

Minimization converged.

-------------------  Conjugate Gradient Minimizer Statistics -------------------
Iterations             =             96  Function Calls         =            179
--------------------------------------------------------------------------------
