
#-----------------------------------------------------------------------------#
#                                                                             #
#                                EasyHybrid                                   #
#                   - A pDynamo graphical user interface -                    #
#                                                                             #
#-----------------------------------------------------------------------------#
#                                                                             #
#     Developed by Jose Fernando R Bachega and Luis Fernando S M Timmers      #
#                            <ferbachega@gmail.com>                           #
#                                                                             #
#             visit: https://sites.google.com/site/EasyHybrid/                #
#                   Univesity of Sao Paulo - SP, Brazil                       #
#      Pontifical Catholic University of Rio Grande do Sul - RS, Brazil       #
#                                                                             #
#                                                                             #
#   EasyHybrid team:                               Special thanks to:         #
#   - Jose Fernando R Bachega           |         - Fernando V Maluf          #
#   - Michele Silva                     |                                     #
#   - Luis Fernando S M Timmers         |                                     #
#   - Martin Field                      |         - Leonardo R Bachega        #
#   - Troy Wymore                       |         - Lucas Assirati            #
#   - Osmar Norberto de Souza           |         - Richard Garratt           #
#   - Walter R Paixao-Cortes            |                                     #
#                                                                             #
#   Cite this work as:                                                        #
#   J.F.R. Bachega, L.F.S.M. Timmers, L.Assirati, L.B. Bachega, M.J. Field,   #
#   T. Wymore. J. Comput. Chem. 2013, 34, 2190-2196. DOI: 10.1002/jcc.23346   #
#                                                                             #
#-----------------------------------------------------------------------------#

Generated on Wed Jun  5 18:00:10 2019


--------------------------------------------------------------------------------
                        Summary for System "12_ramon_new"
--------------------------------------------------------------------------------

---------------------------- Atom Container Summary ----------------------------
Number of Atoms        =           2173  Number of Heavy Atoms  =           1040
Number of Hydrogens    =           1133  Number of Unknowns     =              0
--------------------------------------------------------------------------------

----------------------------- Connectivity Summary -----------------------------
Atoms                  =           2173
--------------------------------------------------------------------------------

------------------------------- Electronic State -------------------------------
Charge                 =             -1  Multiplicity           =              1
--------------------------------------------------------------------------------

--------------------------------------------------------------------------------
                 Summary for Energy Model "AMBER/AM1DPHOT/ABFS"
--------------------------------------------------------------------------------

----------------------------------- Summary for MM Model "AMBER" -----------------------------------
LJ 1-4 Scaling                   =          0.500  El. 1-4 Scaling                  =          0.833
Number of MM Atoms               =           2173  Number of MM Atom Types          =             37
Number of Inactive MM Atoms      =             33  Total MM Charge                  =          -4.00
Harmonic Bond Terms              =           2169  Harmonic Bond Parameters         =             49
Harmonic Bond Inactive           =           1308  Fourier Improper Terms           =            320
Fourier Improper Parameters      =              3  Fourier Improper Inactive        =            164
Harmonic Angle Terms             =           3403  Harmonic Angle Parameters        =            103
Harmonic Angle Inactive          =           1938  Fourier Dihedral Terms           =           6697
Fourier Dihedral Parameters      =             48  Fourier Dihedral Inactive        =           3453
Exclusions                       =          10377  1-4 Interactions                 =           4805
LJ Parameters Form               =          AMBER  LJ Parameters Types              =             21
1-4 Lennard-Jones Form           =          AMBER  1-4 Lennard-Jones Types          =             21
----------------------------------------------------------------------------------------------------

------------------------ Summary for QC Model "AM1DPHOT" -----------------------
Number of QC Atoms     =             39  Boundary Atoms         =              6
Nuclear Charge         =            129  Orbital Functions      =            113
Fitting Functions      =              0  Energy Base Line       =      189.57630
QC Parameter Centers   =              6
--------------------------------------------------------------------------------

----------------------------- ABFS NB Model Summary ----------------------------
Dielectric             =       1.000000  El. 1-4 Scaling        =       0.833333
Damping Cutoff         =       0.500000  Inner Cutoff           =       8.000000
List Cutoff            =      13.500000  Outer Cutoff           =      12.000000
QC/MM Coupling         =    RC Coupling  Use Centering          =          False
--------------------------------------------------------------------------------

-------------------------- Pairlist Generator Summary --------------------------
Cell Size              =          6.750  Cutoff                 =         13.500
Cutoff Cell Size Factor =          0.500  Grid Cell/Cell Method  =           True
Minimum Cell Extent    =              2  Minimum Cell Size      =          3.000
Minimum Extent Factor  =          1.500  Minimum Points         =            500
Sort Indices           =          False
--------------------------------------------------------------------------------

----------------------- SoftConstraint Container Summary -----------------------
Multiple Distance      =              2
--------------------------------------------------------------------------------

---------------------------- Hard Constraint Container Summary ---------------------------
Number of Charge Constraints  =            0  Number of Fixed Atoms         =         1351
------------------------------------------------------------------------------------------

------------------------------- Sequence Summary -------------------------------
Number of Atoms            =       2173  Number of Components       =        213
Number of Entities         =          1  Number of Linear Polymers  =          0
Number of Links            =          0  Number of Variants         =          0
--------------------------------------------------------------------------------

-------------------------------  Conjugate Gradient Minimizer Options ------------------------------
Beta Type                        =              1  Initial Step                     =            0.1
Line Searcher                    =           None  Log Frequency                    =              1
Maximum Iterations               =            500  Maximum Theta                    =          1e+10
Minimum Theta                    =          1e-10  RMS Gradient Tolerance           =            0.1
Steepest Descent Tolerance       =          0.001  Use Spectral Theta               =           True
----------------------------------------------------------------------------------------------------

----------------------------------------------------------------------------------------------------------------
  Iteration       Function          RMS Gradient        Max. |Grad.|          RMS Disp.         Max. |Disp.|
----------------------------------------------------------------------------------------------------------------
     0     I      -9428.18663321         78.76468549       3013.24071499          0.00201374          0.07703813
     1   L1s      -9584.40763734          5.79993934        163.67118358          0.00159800          0.04482358
     2   L1s      -9585.52780027          3.26420383         87.14850121          0.00015716          0.00465435
     3   L1s      -9587.24474418          2.21917703         62.45648213          0.00049183          0.01047823
     4   L0s      -9588.26168151          1.49503009         31.19596064          0.00049183          0.00984598
     5   L1s      -9588.51997514          2.09132491         61.26443714          0.00018769          0.00389780
     6   L0s      -9588.74480809          1.02212230         18.23828021          0.00018769          0.00266260
     7   L1s      -9588.87769574          1.05427016         23.09482406          0.00015837          0.00253682
     8   L1s      -9588.95507566          1.04672455         22.27693706          0.00010907          0.00169387
     9   L1s      -9589.07258607          0.67117554          9.32845559          0.00018902          0.00251643
    10   L1s      -9589.15288333          0.78542874         16.01024969          0.00016173          0.00244124
    11   L1s      -9589.18667078          0.73487966         13.35695695          0.00007649          0.00112148
    12   L1s      -9589.25701681          0.53756246          7.57190476          0.00017725          0.00257502
    13   L1s      -9589.31119666          0.72569811         24.26302947          0.00015918          0.00212168
    14   L1s      -9589.33531455          0.39568068          5.26077713          0.00007578          0.00101376
    15   L1s      -9589.36708427          0.49976386         10.24691796          0.00011902          0.00142041
    16   L1s      -9589.38786952          0.62843211         14.33180867          0.00008480          0.00106960
    17   L1s      -9589.42289667          0.45896911          7.64559427          0.00014991          0.00178386
    18   L1s      -9589.46380240          0.44381671          8.85541611          0.00018931          0.00224943
    19   L1s      -9589.48937005          0.64325459         17.97583230          0.00012723          0.00149145
    20   L0s      -9589.51506996          0.33435686          4.90303415          0.00012723          0.00154491
    21   L1s      -9589.53088636          0.44392515         12.66106298          0.00008080          0.00115830
    22   L1s      -9589.54109206          0.31461475          5.32238786          0.00005619          0.00073050
    23   L1s      -9589.56150788          0.35026449          7.26659526          0.00012412          0.00159112
    24   L1s      -9589.58406364          0.42717751         12.46285919          0.00014673          0.00194196
    25   L1s      -9589.59308930          0.32519463          4.79731707          0.00006115          0.00075465
    26   L1s      -9589.61132370          0.33669050          6.98223287          0.00013168          0.00149620
    27   L1s      -9589.61899384          0.36760547         10.03184982          0.00005841          0.00065586
    28   L1s      -9589.63301417          0.25041867          3.08097824          0.00011116          0.00123502
    29   L0s      -9589.64657118          0.23939620          3.65673449          0.00011116          0.00120138
    30   L1s      -9589.65116819          0.28888049          8.44940436          0.00004086          0.00045288
    31   L1s      -9589.65978515          0.22596123          3.03879746          0.00008238          0.00093067
    32   L0s      -9589.66706024          0.40199596         13.39200965          0.00008238          0.00092850
    33   L0s      -9589.67549746          0.20786245          4.47411212          0.00008238          0.00116857
    34   L1s      -9589.68051520          0.18760463          4.30043731          0.00002827          0.00033946
    35   L1s      -9589.68302328          0.21548951          6.09733766          0.00001830          0.00021870
    36   L1s      -9589.68840730          0.16867200          3.08358744          0.00004423          0.00046539
    37   L1s      -9589.69079488          0.21301950          5.16064507          0.00002272          0.00022092
    38   L1s      -9589.69502051          0.16019959          2.98295456          0.00004331          0.00044058
    39   L1s      -9589.70052892          0.18547874          3.85580774          0.00006298          0.00065750
    40   L1s      -9589.70247191          0.18745066          4.96476306          0.00002378          0.00025444
    41   L1s      -9589.70730537          0.15379488          2.60421704          0.00006274          0.00068737
    42   L1s      -9589.70962894          0.21176850          6.44287165          0.00003255          0.00035373
    43   L1s      -9589.71383224          0.16250212          4.25911955          0.00006105          0.00067339
    44   L0s      -9589.71813153          0.16749534          3.97804472          0.00006105          0.00068873
    45   L1s      -9589.71988991          0.16901050          4.00750887          0.00002667          0.00030152
    46   L1s      -9589.72355515          0.13526036          1.66633652          0.00006246          0.00067214
    47   L0s      -9589.72690766          0.25282458          6.67793393          0.00006246          0.00069162
    48   L1s      -9589.73091183          0.15871451          1.85281781          0.00007402          0.00085317
    49   L1s      -9589.73618713          0.16795717          3.79947336          0.00009433          0.00112255
    50   L1s      -9589.73792369          0.18076563          4.43442689          0.00003216          0.00038905
    51   L1s      -9589.74206545          0.13305053          2.08746181          0.00007892          0.00091351
    52   L1s      -9589.74391743          0.19824990          6.46695353          0.00003705          0.00041790
    53   L1s      -9589.74781434          0.14376971          2.82732566          0.00007958          0.00085138
    54   L0s      -9589.75160477          0.15558969          3.45234522          0.00007958          0.00086072
    55   L1s      -9589.75343481          0.17577950          5.18956614          0.00003966          0.00043680
    56   L1s      -9589.75616665          0.13101289          2.66802248          0.00006093          0.00068524
    57   L1s      -9589.75852757          0.19399872          5.65693176          0.00005465          0.00061231
    58   L0s      -9589.76070349          0.14111270          1.99237789          0.00005465          0.00060493
    59   L1s      -9589.76563074          0.14258651          1.73377884          0.00013329          0.00154739
    60   L1s      -9589.76850996          0.21475637          6.91287195          0.00007533          0.00087754
    61   L0s      -9589.77134387          0.12746929          1.98979523          0.00007533          0.00083053
    62   L1s      -9589.77493716          0.15388126          2.90261147          0.00009912          0.00101576
    63   L1s      -9589.77656737          0.17732118          5.20021820          0.00004563          0.00044803
    64   L1s      -9589.78002724          0.12271854          1.63542101          0.00009812          0.00099616
    65   L1s      -9589.78257712          0.19027851          5.61425528          0.00007426          0.00076522
    66   L1s      -9589.78486714          0.14927933          2.65943464          0.00006740          0.00069941
    67   L1s      -9589.78863420          0.13573903          2.49243580          0.00011275          0.00111857
    68   L1s      -9589.79182126          0.15958252          3.84193004          0.00009726          0.00094407
    69   L1s      -9589.79310589          0.12641727          2.64796278          0.00003974          0.00037691
    70   L1s      -9589.79559584          0.13073751          2.24121023          0.00007866          0.00073686
    71   L1s      -9589.79704297          0.16963551          5.54268238          0.00004659          0.00043069
    72   L1s      -9589.79999895          0.11249752          1.28698362          0.00009621          0.00082606
    73   L0s      -9589.80270588          0.13558695          2.77623870          0.00009621          0.00082576
    74   L1s      -9589.80409518          0.16018696          3.55603903          0.00004902          0.00042947
    75   L1s      -9589.80694529          0.12677544          2.86586232          0.00009735          0.00084639
    76   L0s      -9589.80987977          0.16098647          3.60570474          0.00009735          0.00082368
    77   L1s      -9589.81151713          0.16069636          3.77962454          0.00005596          0.00047916
    78   L1s      -9589.81528601          0.12695555          1.67071449          0.00013638          0.00119442
    79   L1s      -9589.81733129          0.18498681          5.33022681          0.00007518          0.00066265
    80   L0s      -9589.81955828          0.10553475          1.12831352          0.00007518          0.00066142
    81   L0s      -9589.82203934          0.14357025          3.45836391          0.00007518          0.00066144
    82   L1s      -9589.82322562          0.13824260          3.49638181          0.00003670          0.00032176
    83   L1s      -9589.82538432          0.11362082          2.06984569          0.00006274          0.00054902
    84   L0s      -9589.82746080          0.16284093          4.41453003          0.00006274          0.00055078
    85   L1s      -9589.82884940          0.12047839          1.85982921          0.00004231          0.00037559
    86   L1s      -9589.83140954          0.12599016          2.49064547          0.00007859          0.00071347
    87   L1s      -9589.83274868          0.16054168          4.89756019          0.00004200          0.00038798
    88   L1s      -9589.83538028          0.11337639          2.29955335          0.00008361          0.00080935
    89   L0s      -9589.83801729          0.14704654          3.64332699          0.00008361          0.00083141
    90   L1s      -9589.83914607          0.11497945          1.89886970          0.00003674          0.00038043
    91   L1s      -9589.84196109          0.12400488          2.99262048          0.00009776          0.00103129
    92   L1s      -9589.84368375          0.15304882          4.83497011          0.00006087          0.00064563
    93   L1s      -9589.84500936          0.10985267          2.47050027          0.00004736          0.00050320
    94   L1s      -9589.84735149          0.13679254          2.69526599          0.00008546          0.00090360
    95   L1s      -9589.84860296          0.15093074          3.80955588          0.00004626          0.00048680
    96   L1s      -9589.85217330          0.11756654          1.34859392          0.00013339          0.00139352
    97   L1s      -9589.85445381          0.17177209          5.32398969          0.00008664          0.00090381
    98   L1s      -9589.85601584          0.11051191          1.60514050          0.00005980          0.00062390
    99   L1s      -9589.85816634          0.11131683          1.72479547          0.00008384          0.00088131
   100   L1s      -9589.85956880          0.15230441          4.21754152          0.00005562          0.00058893
   101   L0s      -9589.86104147          0.09338134          1.38032500          0.00005562          0.00060341
----------------------------------------------------------------------------------------------------------------

Minimization converged.

-------------------  Conjugate Gradient Minimizer Statistics -------------------
Iterations             =            101  Function Calls         =            185
--------------------------------------------------------------------------------
