
#-----------------------------------------------------------------------------#
#                                                                             #
#                                EasyHybrid                                   #
#                   - A pDynamo graphical user interface -                    #
#                                                                             #
#-----------------------------------------------------------------------------#
#                                                                             #
#     Developed by Jose Fernando R Bachega and Luis Fernando S M Timmers      #
#                            <ferbachega@gmail.com>                           #
#                                                                             #
#             visit: https://sites.google.com/site/EasyHybrid/                #
#                   Univesity of Sao Paulo - SP, Brazil                       #
#      Pontifical Catholic University of Rio Grande do Sul - RS, Brazil       #
#                                                                             #
#                                                                             #
#   EasyHybrid team:                               Special thanks to:         #
#   - Jose Fernando R Bachega           |         - Fernando V Maluf          #
#   - Michele Silva                     |                                     #
#   - Luis Fernando S M Timmers         |                                     #
#   - Martin Field                      |         - Leonardo R Bachega        #
#   - Troy Wymore                       |         - Lucas Assirati            #
#   - Osmar Norberto de Souza           |         - Richard Garratt           #
#   - Walter R Paixao-Cortes            |                                     #
#                                                                             #
#   Cite this work as:                                                        #
#   J.F.R. Bachega, L.F.S.M. Timmers, L.Assirati, L.B. Bachega, M.J. Field,   #
#   T. Wymore. J. Comput. Chem. 2013, 34, 2190-2196. DOI: 10.1002/jcc.23346   #
#                                                                             #
#-----------------------------------------------------------------------------#

Generated on Wed Jun  5 17:59:27 2019


--------------------------------------------------------------------------------
                        Summary for System "12_ramon_new"
--------------------------------------------------------------------------------

---------------------------- Atom Container Summary ----------------------------
Number of Atoms        =           2173  Number of Heavy Atoms  =           1040
Number of Hydrogens    =           1133  Number of Unknowns     =              0
--------------------------------------------------------------------------------

----------------------------- Connectivity Summary -----------------------------
Atoms                  =           2173
--------------------------------------------------------------------------------

------------------------------- Electronic State -------------------------------
Charge                 =             -1  Multiplicity           =              1
--------------------------------------------------------------------------------

--------------------------------------------------------------------------------
                 Summary for Energy Model "AMBER/AM1DPHOT/ABFS"
--------------------------------------------------------------------------------

----------------------------------- Summary for MM Model "AMBER" -----------------------------------
LJ 1-4 Scaling                   =          0.500  El. 1-4 Scaling                  =          0.833
Number of MM Atoms               =           2173  Number of MM Atom Types          =             37
Number of Inactive MM Atoms      =             33  Total MM Charge                  =          -4.00
Harmonic Bond Terms              =           2169  Harmonic Bond Parameters         =             49
Harmonic Bond Inactive           =           1308  Fourier Improper Terms           =            320
Fourier Improper Parameters      =              3  Fourier Improper Inactive        =            164
Harmonic Angle Terms             =           3403  Harmonic Angle Parameters        =            103
Harmonic Angle Inactive          =           1938  Fourier Dihedral Terms           =           6697
Fourier Dihedral Parameters      =             48  Fourier Dihedral Inactive        =           3453
Exclusions                       =          10377  1-4 Interactions                 =           4805
LJ Parameters Form               =          AMBER  LJ Parameters Types              =             21
1-4 Lennard-Jones Form           =          AMBER  1-4 Lennard-Jones Types          =             21
----------------------------------------------------------------------------------------------------

------------------------ Summary for QC Model "AM1DPHOT" -----------------------
Number of QC Atoms     =             39  Boundary Atoms         =              6
Nuclear Charge         =            129  Orbital Functions      =            113
Fitting Functions      =              0  Energy Base Line       =      189.57630
QC Parameter Centers   =              6
--------------------------------------------------------------------------------

----------------------------- ABFS NB Model Summary ----------------------------
Dielectric             =       1.000000  El. 1-4 Scaling        =       0.833333
Damping Cutoff         =       0.500000  Inner Cutoff           =       8.000000
List Cutoff            =      13.500000  Outer Cutoff           =      12.000000
QC/MM Coupling         =    RC Coupling  Use Centering          =          False
--------------------------------------------------------------------------------

-------------------------- Pairlist Generator Summary --------------------------
Cell Size              =          6.750  Cutoff                 =         13.500
Cutoff Cell Size Factor =          0.500  Grid Cell/Cell Method  =           True
Minimum Cell Extent    =              2  Minimum Cell Size      =          3.000
Minimum Extent Factor  =          1.500  Minimum Points         =            500
Sort Indices           =          False
--------------------------------------------------------------------------------

----------------------- SoftConstraint Container Summary -----------------------
Multiple Distance      =              2
--------------------------------------------------------------------------------

---------------------------- Hard Constraint Container Summary ---------------------------
Number of Charge Constraints  =            0  Number of Fixed Atoms         =         1351
------------------------------------------------------------------------------------------

------------------------------- Sequence Summary -------------------------------
Number of Atoms            =       2173  Number of Components       =        213
Number of Entities         =          1  Number of Linear Polymers  =          0
Number of Links            =          0  Number of Variants         =          0
--------------------------------------------------------------------------------

-------------------------------  Conjugate Gradient Minimizer Options ------------------------------
Beta Type                        =              1  Initial Step                     =            0.1
Line Searcher                    =           None  Log Frequency                    =              1
Maximum Iterations               =            500  Maximum Theta                    =          1e+10
Minimum Theta                    =          1e-10  RMS Gradient Tolerance           =            0.1
Steepest Descent Tolerance       =          0.001  Use Spectral Theta               =           True
----------------------------------------------------------------------------------------------------

----------------------------------------------------------------------------------------------------------------
  Iteration       Function          RMS Gradient        Max. |Grad.|          RMS Disp.         Max. |Disp.|
----------------------------------------------------------------------------------------------------------------
     0     I      -9458.06717675         77.35080549       2924.10185849          0.00201374          0.07612567
     1   L1s      -9601.55338226          8.00206062        220.15135393          0.00151396          0.04142183
     2   L1s      -9603.78760038          4.46625703        108.49630248          0.00022731          0.00633974
     3   L1s      -9607.38547658          3.97907387         95.96916850          0.00075154          0.02068154
     4   L1s      -9610.58870483          3.13726294         70.23479478          0.00092091          0.01979472
     5   L1s      -9611.11831198          3.04864922         70.39368827          0.00020250          0.00398946
     6   L1s      -9611.89531762          1.51306261         33.60220592          0.00036062          0.00764689
     7   L1s      -9612.55971474          1.71671676         28.93281672          0.00047031          0.01032940
     8   L0s      -9613.14087971          1.78945611         48.54680654          0.00047031          0.00976161
     9   L1s      -9613.29946975          1.27991291         33.86042485          0.00014923          0.00299216
    10   L1s      -9613.48223747          1.33784255         31.98540437          0.00022028          0.00424463
    11   L1s      -9613.59600959          1.26833920         28.42432971          0.00015336          0.00294058
    12   L1s      -9613.75890548          0.80554330         16.04595609          0.00024322          0.00455952
    13   L0s      -9613.89617744          0.67140770         18.12897567          0.00024322          0.00388522
    14   L1s      -9613.92666273          0.79839699         20.33719475          0.00006540          0.00107814
    15   L1s      -9614.00904506          0.66367572         16.30521759          0.00019730          0.00366298
    16   L1s      -9614.03063804          0.53679836         13.03525633          0.00005807          0.00117536
    17   L1s      -9614.08819797          0.43599146          5.92333144          0.00017731          0.00290080
    18   L1s      -9614.11905298          0.48058540         13.48510043          0.00011108          0.00180572
    19   L1s      -9614.13088651          0.43148651          9.63601642          0.00004704          0.00079584
    20   L1s      -9614.15646726          0.43024435          9.86701491          0.00011249          0.00183891
    21   L1s      -9614.16743340          0.36468885          8.56298869          0.00005248          0.00078661
    22   L1s      -9614.18239459          0.29361708          4.73018631          0.00007892          0.00102995
    23   L1s      -9614.20106089          0.30579895          6.20143027          0.00011115          0.00151126
    24   L1s      -9614.20609754          0.30711659          8.67657729          0.00003283          0.00045633
    25   L1s      -9614.21893611          0.29855885          5.30931604          0.00009029          0.00114474
    26   L1s      -9614.22815545          0.39238072         10.34737108          0.00006951          0.00081945
    27   L1s      -9614.24169259          0.24010176          2.74659279          0.00010584          0.00123577
    28   L1s      -9614.25595010          0.31195993          7.31671835          0.00012148          0.00171409
    29   L1s      -9614.26119212          0.30320673          6.52470727          0.00004669          0.00055413
    30   L1s      -9614.27193493          0.25227634          4.47612894          0.00009989          0.00127122
    31   L1s      -9614.27967678          0.33688160          8.18033525          0.00007615          0.00088304
    32   L1s      -9614.28832387          0.25653933          3.64415384          0.00008758          0.00093245
    33   L1s      -9614.30079677          0.25272387          4.83199059          0.00013241          0.00151562
    34   L1s      -9614.30568053          0.32625440          7.73486320          0.00005415          0.00060263
    35   L1s      -9614.31533641          0.20038090          3.09447835          0.00010971          0.00127620
    36   L1s      -9614.32197291          0.27583960          7.20469308          0.00008004          0.00093193
    37   L1s      -9614.32636468          0.18863117          2.67844591          0.00005452          0.00061918
    38   L1s      -9614.33430923          0.20543522          4.04624889          0.00010440          0.00111641
    39   L1s      -9614.33689616          0.23400666          4.96681517          0.00003550          0.00035997
    40   L1s      -9614.34417111          0.19710726          2.42531391          0.00010298          0.00103511
    41   L0s      -9614.35071532          0.26304152          6.54279406          0.00010298          0.00104262
    42   L1s      -9614.35413431          0.18013208          2.55021696          0.00005320          0.00053348
    43   L1s      -9614.35966277          0.16700630          3.16239880          0.00007916          0.00073907
    44   L1s      -9614.36139548          0.18392798          3.11361806          0.00002620          0.00023269
    45   L1s      -9614.36491190          0.16192235          4.20982139          0.00005539          0.00054552
    46   L1s      -9614.37075002          0.17328533          2.66171076          0.00009649          0.00104678
    47   L1s      -9614.37332237          0.21012219          5.66926433          0.00004419          0.00050557
    48   L1s      -9614.37790705          0.15278702          2.40498224          0.00008072          0.00099350
    49   L1s      -9614.38103233          0.24890176          8.05515075          0.00005749          0.00072158
    50   L1s      -9614.38457260          0.13717234          1.12675545          0.00006613          0.00086409
    51   L1s      -9614.38907092          0.12765956          1.42735024          0.00008813          0.00116330
    52   L1s      -9614.39111720          0.19840355          5.54223725          0.00004215          0.00055566
    53   L1s      -9614.39467930          0.15351322          2.11856041          0.00007481          0.00096930
    54   L1s      -9614.39742516          0.20429950          5.49664310          0.00005947          0.00075900
    55   L1s      -9614.39956747          0.13037639          2.21548423          0.00004717          0.00057578
    56   L1s      -9614.40319278          0.12175870          2.48628998          0.00008294          0.00095197
    57   L1s      -9614.40600180          0.18002964          4.13433574          0.00006693          0.00074563
    58   L1s      -9614.40833266          0.18746133          4.49484491          0.00005652          0.00061253
    59   L1s      -9614.41263215          0.17484834          4.93676727          0.00010592          0.00111353
    60   L1s      -9614.41418104          0.15383396          3.55272586          0.00003882          0.00039361
    61   L1s      -9614.41838880          0.12938476          1.48280580          0.00010777          0.00105687
    62   L0s      -9614.42286391          0.14370297          3.40069203          0.00010777          0.00104419
    63   L1s      -9614.42451175          0.17599143          5.22085276          0.00004160          0.00040257
    64   L1s      -9614.42822176          0.15380503          4.02272683          0.00010110          0.00098869
    65   L1s      -9614.42964946          0.15813282          3.47694367          0.00003962          0.00039277
    66   L1s      -9614.43373666          0.13375590          1.92100743          0.00011535          0.00118401
    67   L0s      -9614.43795526          0.16572299          3.18886520          0.00011535          0.00121431
    68   L1s      -9614.43983728          0.18829589          3.77351546          0.00005334          0.00057220
    69   L1s      -9614.44318477          0.12383693          2.51502245          0.00010006          0.00112478
    70   L0s      -9614.44631513          0.13135192          2.44726880          0.00010006          0.00117348
    71   L1s      -9614.44848282          0.19787955          5.53533347          0.00007012          0.00083545
    72   L0s      -9614.45073609          0.12968769          1.75528696          0.00007012          0.00086198
    73   L1s      -9614.45362645          0.20519957          6.02760021          0.00008843          0.00109820
    74   L1s      -9614.45613774          0.13144382          1.48692021          0.00007828          0.00099086
    75   L1s      -9614.46032104          0.13801412          1.97750145          0.00013294          0.00169726
    76   L1s      -9614.46206563          0.19602547          6.28105860          0.00005637          0.00072139
    77   L1s      -9614.46506158          0.12470223          2.55062118          0.00009760          0.00124580
    78   L1s      -9614.46730020          0.13445605          2.86306268          0.00007438          0.00094226
    79   L1s      -9614.46843584          0.12355170          2.24034510          0.00003834          0.00047997
    80   L1s      -9614.47100833          0.12599727          2.37226082          0.00008849          0.00108827
    81   L1s      -9614.47260609          0.18043006          4.35238258          0.00005593          0.00068089
    82   L1s      -9614.47476090          0.10799656          1.50325321          0.00007604          0.00089549
    83   L1s      -9614.47740609          0.11603477          1.90341708          0.00009543          0.00108965
    84   L1s      -9614.47870468          0.15297137          4.45913684          0.00004771          0.00054054
    85   L1s      -9614.48072746          0.11022460          1.93754603          0.00007509          0.00082774
    86   L1s      -9614.48190284          0.15806922          5.01619721          0.00004449          0.00048243
    87   L1s      -9614.48393593          0.09994520          1.41027680          0.00007766          0.00080006
----------------------------------------------------------------------------------------------------------------

Minimization converged.

-------------------  Conjugate Gradient Minimizer Statistics -------------------
Iterations             =             87  Function Calls         =            168
--------------------------------------------------------------------------------
