
#-----------------------------------------------------------------------------#
#                                                                             #
#                                EasyHybrid                                   #
#                   - A pDynamo graphical user interface -                    #
#                                                                             #
#-----------------------------------------------------------------------------#
#                                                                             #
#     Developed by Jose Fernando R Bachega and Luis Fernando S M Timmers      #
#                            <ferbachega@gmail.com>                           #
#                                                                             #
#             visit: https://sites.google.com/site/EasyHybrid/                #
#                   Univesity of Sao Paulo - SP, Brazil                       #
#      Pontifical Catholic University of Rio Grande do Sul - RS, Brazil       #
#                                                                             #
#                                                                             #
#   EasyHybrid team:                               Special thanks to:         #
#   - Jose Fernando R Bachega           |         - Fernando V Maluf          #
#   - Michele Silva                     |                                     #
#   - Luis Fernando S M Timmers         |                                     #
#   - Martin Field                      |         - Leonardo R Bachega        #
#   - Troy Wymore                       |         - Lucas Assirati            #
#   - Osmar Norberto de Souza           |         - Richard Garratt           #
#   - Walter R Paixao-Cortes            |                                     #
#                                                                             #
#   Cite this work as:                                                        #
#   J.F.R. Bachega, L.F.S.M. Timmers, L.Assirati, L.B. Bachega, M.J. Field,   #
#   T. Wymore. J. Comput. Chem. 2013, 34, 2190-2196. DOI: 10.1002/jcc.23346   #
#                                                                             #
#-----------------------------------------------------------------------------#

Generated on Wed Jun  5 18:00:00 2019


--------------------------------------------------------------------------------
                        Summary for System "12_ramon_new"
--------------------------------------------------------------------------------

---------------------------- Atom Container Summary ----------------------------
Number of Atoms        =           2173  Number of Heavy Atoms  =           1040
Number of Hydrogens    =           1133  Number of Unknowns     =              0
--------------------------------------------------------------------------------

----------------------------- Connectivity Summary -----------------------------
Atoms                  =           2173
--------------------------------------------------------------------------------

------------------------------- Electronic State -------------------------------
Charge                 =             -1  Multiplicity           =              1
--------------------------------------------------------------------------------

--------------------------------------------------------------------------------
                 Summary for Energy Model "AMBER/AM1DPHOT/ABFS"
--------------------------------------------------------------------------------

----------------------------------- Summary for MM Model "AMBER" -----------------------------------
LJ 1-4 Scaling                   =          0.500  El. 1-4 Scaling                  =          0.833
Number of MM Atoms               =           2173  Number of MM Atom Types          =             37
Number of Inactive MM Atoms      =             33  Total MM Charge                  =          -4.00
Harmonic Bond Terms              =           2169  Harmonic Bond Parameters         =             49
Harmonic Bond Inactive           =           1308  Fourier Improper Terms           =            320
Fourier Improper Parameters      =              3  Fourier Improper Inactive        =            164
Harmonic Angle Terms             =           3403  Harmonic Angle Parameters        =            103
Harmonic Angle Inactive          =           1938  Fourier Dihedral Terms           =           6697
Fourier Dihedral Parameters      =             48  Fourier Dihedral Inactive        =           3453
Exclusions                       =          10377  1-4 Interactions                 =           4805
LJ Parameters Form               =          AMBER  LJ Parameters Types              =             21
1-4 Lennard-Jones Form           =          AMBER  1-4 Lennard-Jones Types          =             21
----------------------------------------------------------------------------------------------------

------------------------ Summary for QC Model "AM1DPHOT" -----------------------
Number of QC Atoms     =             39  Boundary Atoms         =              6
Nuclear Charge         =            129  Orbital Functions      =            113
Fitting Functions      =              0  Energy Base Line       =      189.57630
QC Parameter Centers   =              6
--------------------------------------------------------------------------------

----------------------------- ABFS NB Model Summary ----------------------------
Dielectric             =       1.000000  El. 1-4 Scaling        =       0.833333
Damping Cutoff         =       0.500000  Inner Cutoff           =       8.000000
List Cutoff            =      13.500000  Outer Cutoff           =      12.000000
QC/MM Coupling         =    RC Coupling  Use Centering          =          False
--------------------------------------------------------------------------------

-------------------------- Pairlist Generator Summary --------------------------
Cell Size              =          6.750  Cutoff                 =         13.500
Cutoff Cell Size Factor =          0.500  Grid Cell/Cell Method  =           True
Minimum Cell Extent    =              2  Minimum Cell Size      =          3.000
Minimum Extent Factor  =          1.500  Minimum Points         =            500
Sort Indices           =          False
--------------------------------------------------------------------------------

----------------------- SoftConstraint Container Summary -----------------------
Multiple Distance      =              2
--------------------------------------------------------------------------------

---------------------------- Hard Constraint Container Summary ---------------------------
Number of Charge Constraints  =            0  Number of Fixed Atoms         =         1351
------------------------------------------------------------------------------------------

------------------------------- Sequence Summary -------------------------------
Number of Atoms            =       2173  Number of Components       =        213
Number of Entities         =          1  Number of Linear Polymers  =          0
Number of Links            =          0  Number of Variants         =          0
--------------------------------------------------------------------------------

-------------------------------  Conjugate Gradient Minimizer Options ------------------------------
Beta Type                        =              1  Initial Step                     =            0.1
Line Searcher                    =           None  Log Frequency                    =              1
Maximum Iterations               =            500  Maximum Theta                    =          1e+10
Minimum Theta                    =          1e-10  RMS Gradient Tolerance           =            0.1
Steepest Descent Tolerance       =          0.001  Use Spectral Theta               =           True
----------------------------------------------------------------------------------------------------

----------------------------------------------------------------------------------------------------------------
  Iteration       Function          RMS Gradient        Max. |Grad.|          RMS Disp.         Max. |Disp.|
----------------------------------------------------------------------------------------------------------------
     0     I      -9417.93886030         78.71965029       3013.83298622          0.00201374          0.07709736
     1   L1s      -9574.59127402          5.80054176        162.57139211          0.00161572          0.04514452
     2   L1s      -9575.69768337          2.99070261         62.34836860          0.00015517          0.00313629
     3   L1s      -9577.07757866          2.06389171         56.22274325          0.00042270          0.00796029
     4   L1s      -9578.07881864          1.59150683         25.81375175          0.00049574          0.00917959
     5   L1s      -9578.28651250          1.94609394         57.81114884          0.00014832          0.00286605
     6   L1s      -9578.55186648          0.84347972         14.67601233          0.00021918          0.00349911
     7   L1s      -9578.62886800          0.96631305         23.04439396          0.00009759          0.00177872
     8   L0s      -9578.69240071          0.80326768         17.29557032          0.00009759          0.00129325
     9   L1s      -9578.79233477          0.66655073         11.85820256          0.00018383          0.00258756
    10   L1s      -9578.89498724          0.71965958         11.31695484          0.00022573          0.00367860
    11   L1s      -9578.93535826          0.85694596         19.62998440          0.00009970          0.00139314
    12   L1s      -9578.99439298          0.53144383          8.06489287          0.00015615          0.00236021
    13   L1s      -9579.05195336          0.71184349         15.93864098          0.00017584          0.00271220
    14   L1s      -9579.07498883          0.39071799          6.29177958          0.00007508          0.00089284
    15   L1s      -9579.11735780          0.42234416          7.20845448          0.00016366          0.00207574
    16   L1s      -9579.16034565          0.60346846         13.74673875          0.00018543          0.00233735
    17   L1s      -9579.17894179          0.49644362          8.03243974          0.00008399          0.00102656
    18   L1s      -9579.20979172          0.41011058          7.94832667          0.00014825          0.00188581
    19   L1s      -9579.23357500          0.52333909         11.51284306          0.00012364          0.00159834
    20   L1s      -9579.24997298          0.36690581          5.61797256          0.00008894          0.00117709
    21   L1s      -9579.27038567          0.26380613          3.24637244          0.00011955          0.00161749
    22   L1s      -9579.29463931          0.44792891          9.67572921          0.00016040          0.00216140
    23   L1s      -9579.30504898          0.38362415          7.04128998          0.00007137          0.00095180
    24   L1s      -9579.32456603          0.33004004          5.18675102          0.00014003          0.00181454
    25   L1s      -9579.34124548          0.45512366          9.43423788          0.00012649          0.00159837
    26   L1s      -9579.35413069          0.33191704          5.58543561          0.00010039          0.00118999
    27   L1s      -9579.37453679          0.30258043          4.08236042          0.00016664          0.00178262
    28   L0s      -9579.39455813          0.29713768          5.93239423          0.00016664          0.00176922
    29   L1s      -9579.39979498          0.30170692          5.61060633          0.00004593          0.00048699
    30   L1s      -9579.41217351          0.25847344          3.90123442          0.00011673          0.00123319
    31   L0s      -9579.42471254          0.37143339          8.24584999          0.00011673          0.00124855
    32   L1s      -9579.43344617          0.23861972          5.18276428          0.00008650          0.00098124
    33   L1s      -9579.44461045          0.22722709          3.20480985          0.00013426          0.00160616
    34   L1s      -9579.45135749          0.27337869          7.31234224          0.00008463          0.00100810
    35   L1s      -9579.45638026          0.21667273          4.09723189          0.00006474          0.00072664
    36   L1s      -9579.46386850          0.21341235          3.56487106          0.00010050          0.00105020
    37   L1s      -9579.46836208          0.29722381          6.85064316          0.00006267          0.00065605
    38   L1s      -9579.47600823          0.20339096          2.47770385          0.00010868          0.00116995
    39   L1s      -9579.48149975          0.26200436          5.70255520          0.00008106          0.00089739
    40   L1s      -9579.48583051          0.17693362          3.65333470          0.00006532          0.00076154
    41   L1s      -9579.49162104          0.16428987          2.32924828          0.00009128          0.00100814
    42   L1s      -9579.49569941          0.24954783          6.68529741          0.00006736          0.00071450
    43   L1s      -9579.50018516          0.15472181          2.22548403          0.00007551          0.00071898
    44   L0s      -9579.50460589          0.17721743          3.35365990          0.00007551          0.00073694
    45   L1s      -9579.50794180          0.23868023          6.42276819          0.00005952          0.00060664
    46   L1s      -9579.51245155          0.17757333          2.73448552          0.00008327          0.00093188
    47   L1s      -9579.51641236          0.23351867          5.70939926          0.00007534          0.00085312
    48   L1s      -9579.51984410          0.15031025          2.96819487          0.00006635          0.00070599
    49   L1s      -9579.52500954          0.16232310          2.51515653          0.00010368          0.00102017
    50   L1s      -9579.52800730          0.22070203          6.05431801          0.00006201          0.00059526
    51   L1s      -9579.53230958          0.15144302          1.94768909          0.00009039          0.00087749
    52   L0s      -9579.53683516          0.18512071          4.14597540          0.00009039          0.00086659
    53   L1s      -9579.53927375          0.18679981          3.52832378          0.00005136          0.00048059
    54   L1s      -9579.54297917          0.14832965          3.00882326          0.00008620          0.00081522
    55   L1s      -9579.54535390          0.19962463          4.76935175          0.00005676          0.00057670
    56   L1s      -9579.54910588          0.14971634          1.61733900          0.00009097          0.00091506
    57   L1s      -9579.55379122          0.17751507          3.09607413          0.00011637          0.00107854
    58   L1s      -9579.55662030          0.20166260          4.29926983          0.00007144          0.00066868
    59   L1s      -9579.56053247          0.13420959          1.35997591          0.00010002          0.00093903
    60   L1s      -9579.56395684          0.16833641          3.94549643          0.00008997          0.00090792
    61   L1s      -9579.56608571          0.17955944          4.32374475          0.00005687          0.00059902
    62   L1s      -9579.56996485          0.15829635          2.93317716          0.00010511          0.00106820
    63   L1s      -9579.57176218          0.17292882          4.66569428          0.00004956          0.00047885
    64   L1s      -9579.57499028          0.14003153          1.67058913          0.00009029          0.00081871
    65   L0s      -9579.57827603          0.15314479          4.06109694          0.00009029          0.00083736
    66   L1s      -9579.58002130          0.15242723          3.10263582          0.00004921          0.00047790
    67   L1s      -9579.58397477          0.13361760          1.81174624          0.00011774          0.00117185
    68   L1s      -9579.58681180          0.18625462          4.87311183          0.00008622          0.00083675
    69   L1s      -9579.58932303          0.15306083          3.05215156          0.00007710          0.00069291
    70   L1s      -9579.59323343          0.15881385          2.94699755          0.00012183          0.00104796
    71   L1s      -9579.59555145          0.18556300          4.73478042          0.00007319          0.00062687
    72   L0s      -9579.59791723          0.12485306          2.11785388          0.00007319          0.00065589
    73   L0s      -9579.60018674          0.20222936          5.82873992          0.00007319          0.00065925
    74   L1s      -9579.60294251          0.13724492          1.55997012          0.00008755          0.00075273
    75   L1s      -9579.60649753          0.12263339          1.40161252          0.00010260          0.00081284
    76   L1s      -9579.60935813          0.17582231          5.36523001          0.00008471          0.00066695
    77   L1s      -9579.61106770          0.12609078          2.39389164          0.00005124          0.00041368
    78   L1s      -9579.61410103          0.15902746          4.21972086          0.00009299          0.00075397
    79   L1s      -9579.61551078          0.14673603          2.80844753          0.00004381          0.00035190
    80   L1s      -9579.61910705          0.11965670          1.18010135          0.00011353          0.00083670
    81   L1s      -9579.62195516          0.14880412          3.41457562          0.00009196          0.00065704
    82   L1s      -9579.62341581          0.14068625          3.08991508          0.00004782          0.00033870
    83   L1s      -9579.62638370          0.11453781          1.37075655          0.00009867          0.00072455
    84   L1s      -9579.62829435          0.16270900          3.54878235          0.00006495          0.00047402
    85   L1s      -9579.62975662          0.12275356          1.74510446          0.00005024          0.00035696
    86   L1s      -9579.63255912          0.12377994          1.83724992          0.00009805          0.00067252
    87   L1s      -9579.63424220          0.16200324          3.84572912          0.00005990          0.00041498
    88   L1s      -9579.63630171          0.10343039          1.06609270          0.00007403          0.00055422
    89   L1s      -9579.63900599          0.10815564          1.65795674          0.00009950          0.00078122
    90   L1s      -9579.64014311          0.13960889          3.97700633          0.00004270          0.00034220
    91   L1s      -9579.64149518          0.09123628          1.41785792          0.00005138          0.00042321
----------------------------------------------------------------------------------------------------------------

Minimization converged.

-------------------  Conjugate Gradient Minimizer Statistics -------------------
Iterations             =             91  Function Calls         =            175
--------------------------------------------------------------------------------
