
#-----------------------------------------------------------------------------#
#                                                                             #
#                                EasyHybrid                                   #
#                   - A pDynamo graphical user interface -                    #
#                                                                             #
#-----------------------------------------------------------------------------#
#                                                                             #
#     Developed by Jose Fernando R Bachega and Luis Fernando S M Timmers      #
#                            <ferbachega@gmail.com>                           #
#                                                                             #
#             visit: https://sites.google.com/site/EasyHybrid/                #
#                   Univesity of Sao Paulo - SP, Brazil                       #
#      Pontifical Catholic University of Rio Grande do Sul - RS, Brazil       #
#                                                                             #
#                                                                             #
#   EasyHybrid team:                               Special thanks to:         #
#   - Jose Fernando R Bachega           |         - Fernando V Maluf          #
#   - Michele Silva                     |                                     #
#   - Luis Fernando S M Timmers         |                                     #
#   - Martin Field                      |         - Leonardo R Bachega        #
#   - Troy Wymore                       |         - Lucas Assirati            #
#   - Osmar Norberto de Souza           |         - Richard Garratt           #
#   - Walter R Paixao-Cortes            |                                     #
#                                                                             #
#   Cite this work as:                                                        #
#   J.F.R. Bachega, L.F.S.M. Timmers, L.Assirati, L.B. Bachega, M.J. Field,   #
#   T. Wymore. J. Comput. Chem. 2013, 34, 2190-2196. DOI: 10.1002/jcc.23346   #
#                                                                             #
#-----------------------------------------------------------------------------#

Generated on Wed Jun  5 18:03:36 2019


--------------------------------------------------------------------------------
                        Summary for System "12_ramon_new"
--------------------------------------------------------------------------------

---------------------------- Atom Container Summary ----------------------------
Number of Atoms        =           2173  Number of Heavy Atoms  =           1040
Number of Hydrogens    =           1133  Number of Unknowns     =              0
--------------------------------------------------------------------------------

----------------------------- Connectivity Summary -----------------------------
Atoms                  =           2173
--------------------------------------------------------------------------------

------------------------------- Electronic State -------------------------------
Charge                 =             -1  Multiplicity           =              1
--------------------------------------------------------------------------------

--------------------------------------------------------------------------------
                 Summary for Energy Model "AMBER/AM1DPHOT/ABFS"
--------------------------------------------------------------------------------

----------------------------------- Summary for MM Model "AMBER" -----------------------------------
LJ 1-4 Scaling                   =          0.500  El. 1-4 Scaling                  =          0.833
Number of MM Atoms               =           2173  Number of MM Atom Types          =             37
Number of Inactive MM Atoms      =             33  Total MM Charge                  =          -4.00
Harmonic Bond Terms              =           2169  Harmonic Bond Parameters         =             49
Harmonic Bond Inactive           =           1308  Fourier Improper Terms           =            320
Fourier Improper Parameters      =              3  Fourier Improper Inactive        =            164
Harmonic Angle Terms             =           3403  Harmonic Angle Parameters        =            103
Harmonic Angle Inactive          =           1938  Fourier Dihedral Terms           =           6697
Fourier Dihedral Parameters      =             48  Fourier Dihedral Inactive        =           3453
Exclusions                       =          10377  1-4 Interactions                 =           4805
LJ Parameters Form               =          AMBER  LJ Parameters Types              =             21
1-4 Lennard-Jones Form           =          AMBER  1-4 Lennard-Jones Types          =             21
----------------------------------------------------------------------------------------------------

------------------------ Summary for QC Model "AM1DPHOT" -----------------------
Number of QC Atoms     =             39  Boundary Atoms         =              6
Nuclear Charge         =            129  Orbital Functions      =            113
Fitting Functions      =              0  Energy Base Line       =      189.57630
QC Parameter Centers   =              6
--------------------------------------------------------------------------------

----------------------------- ABFS NB Model Summary ----------------------------
Dielectric             =       1.000000  El. 1-4 Scaling        =       0.833333
Damping Cutoff         =       0.500000  Inner Cutoff           =       8.000000
List Cutoff            =      13.500000  Outer Cutoff           =      12.000000
QC/MM Coupling         =    RC Coupling  Use Centering          =          False
--------------------------------------------------------------------------------

-------------------------- Pairlist Generator Summary --------------------------
Cell Size              =          6.750  Cutoff                 =         13.500
Cutoff Cell Size Factor =          0.500  Grid Cell/Cell Method  =           True
Minimum Cell Extent    =              2  Minimum Cell Size      =          3.000
Minimum Extent Factor  =          1.500  Minimum Points         =            500
Sort Indices           =          False
--------------------------------------------------------------------------------

----------------------- SoftConstraint Container Summary -----------------------
Multiple Distance      =              2
--------------------------------------------------------------------------------

---------------------------- Hard Constraint Container Summary ---------------------------
Number of Charge Constraints  =            0  Number of Fixed Atoms         =         1351
------------------------------------------------------------------------------------------

------------------------------- Sequence Summary -------------------------------
Number of Atoms            =       2173  Number of Components       =        213
Number of Entities         =          1  Number of Linear Polymers  =          0
Number of Links            =          0  Number of Variants         =          0
--------------------------------------------------------------------------------

-------------------------------  Conjugate Gradient Minimizer Options ------------------------------
Beta Type                        =              1  Initial Step                     =            0.1
Line Searcher                    =           None  Log Frequency                    =              1
Maximum Iterations               =            500  Maximum Theta                    =          1e+10
Minimum Theta                    =          1e-10  RMS Gradient Tolerance           =            0.1
Steepest Descent Tolerance       =          0.001  Use Spectral Theta               =           True
----------------------------------------------------------------------------------------------------

----------------------------------------------------------------------------------------------------------------
  Iteration       Function          RMS Gradient        Max. |Grad.|          RMS Disp.         Max. |Disp.|
----------------------------------------------------------------------------------------------------------------
     0     I      -9401.27093007         71.36225941       2646.19800520          0.00201374          0.07467190
     1   L1s      -9544.17020934          6.56235400        120.88577491          0.00160758          0.03330631
     2   L1s      -9547.67648433          8.41419164        269.17743242          0.00043497          0.00930545
     3   L1s      -9553.37303477          4.09140508        106.87141533          0.00089460          0.02513668
     4   L0s      -9556.59457633          2.40784446         67.62731157          0.00089460          0.02369512
     5   L1s      -9557.35332900          3.21545888         77.37251961          0.00033581          0.00940738
     6   L1s      -9557.95844666          1.93928677         34.45749710          0.00030325          0.00728928
     7   L1s      -9558.37194762          2.47853894         66.96949292          0.00027209          0.00578484
     8   L0s      -9558.76582911          1.34693852         34.00315708          0.00027209          0.00502356
     9   L1s      -9558.99176524          0.94769858         21.83773070          0.00019333          0.00363267
    10   L0s      -9559.15769391          0.92442160         23.23686598          0.00019333          0.00318461
    11   L1s      -9559.20347726          0.76519592         18.98412269          0.00006806          0.00134527
    12   L1s      -9559.32275175          1.10436789         28.36180933          0.00023328          0.00556491
    13   L1s      -9559.39320255          0.78833667         18.07780594          0.00014701          0.00384180
    14   L1s      -9559.51330315          0.71539133         12.30967353          0.00027902          0.00711704
    15   L1s      -9559.64853658          0.84124597         17.09313204          0.00034674          0.00858997
    16   L1s      -9559.73548189          0.89686852         24.63295053          0.00023793          0.00691954
    17   L1s      -9559.78888836          0.64457617         10.04202047          0.00015355          0.00375282
    18   L1s      -9559.86841682          0.62836377         12.70791182          0.00025022          0.00606542
    19   L1s      -9559.89762116          0.74474692         20.35187286          0.00009875          0.00232522
    20   L1s      -9559.94693835          0.39864912          4.47927827          0.00017529          0.00386659
    21   L1s      -9559.97881555          0.44055667          9.76931424          0.00013068          0.00284607
    22   L1s      -9559.99728717          0.51418149         13.26621728          0.00008278          0.00179023
    23   L1s      -9560.02501367          0.25987658          2.75796387          0.00013192          0.00211216
    24   L1s      -9560.04500999          0.31760422          6.16106435          0.00011340          0.00176622
    25   L1s      -9560.06019087          0.37219568          6.70427854          0.00009446          0.00143207
    26   L1s      -9560.06824846          0.31848541          6.47598591          0.00005313          0.00077493
    27   L1s      -9560.08041198          0.31761770          5.85220282          0.00008597          0.00117661
    28   L1s      -9560.08692904          0.27609624          4.76039710          0.00004897          0.00059589
    29   L1s      -9560.09800327          0.22742994          3.62283381          0.00008936          0.00095654
    30   L1s      -9560.11146683          0.23993746          2.71439232          0.00011879          0.00104237
    31   L1s      -9560.12230582          0.27517607          7.36901902          0.00010239          0.00121629
    32   L1s      -9560.12744242          0.24983833          5.36815617          0.00005083          0.00053012
    33   L1s      -9560.14103406          0.24458201          4.37944942          0.00014154          0.00143830
    34   L1s      -9560.15115717          0.26081310          5.69222022          0.00011065          0.00120714
    35   L1s      -9560.15602910          0.30872996          8.33960015          0.00005536          0.00062980
    36   L1s      -9560.16760224          0.23344695          3.35346281          0.00013497          0.00160291
    37   L1s      -9560.17626051          0.29697436          9.42324363          0.00010537          0.00126023
    38   L1s      -9560.18197173          0.21143681          3.71415589          0.00007123          0.00085895
    39   L1s      -9560.19130114          0.19778229          2.27886783          0.00012169          0.00154627
    40   L1s      -9560.20136816          0.19330107          2.32010086          0.00013764          0.00176758
    41   L1s      -9560.20645192          0.26524367          7.16087521          0.00007270          0.00092049
    42   L0s      -9560.21131972          0.19611311          4.14849605          0.00007270          0.00087569
    43   L0s      -9560.21627445          0.28115799          7.47871317          0.00007270          0.00085165
    44   L1s      -9560.22284365          0.19610345          2.23555785          0.00010110          0.00113354
    45   L1s      -9560.23084945          0.24489412          3.87919381          0.00014506          0.00159407
    46   L1s      -9560.23770338          0.29231252          6.81512202          0.00012630          0.00136520
    47   L0s      -9560.24469600          0.20852092          3.33151741          0.00012630          0.00129885
    48   L1s      -9560.24893945          0.25408287          6.91066192          0.00007624          0.00075288
    49   L0s      -9560.25323979          0.15656876          1.72433979          0.00007624          0.00065024
    50   L1s      -9560.25900350          0.17636964          2.83171003          0.00009891          0.00076036
    51   L1s      -9560.26295800          0.24860614          7.14600398          0.00007238          0.00052678
    52   L1s      -9560.26921250          0.16232627          2.24089223          0.00011629          0.00081519
    53   L1s      -9560.27448795          0.18392540          3.92564153          0.00010158          0.00069874
    54   L1s      -9560.27697374          0.20452374          5.66656144          0.00004909          0.00034057
    55   L1s      -9560.28056576          0.15442986          2.45906352          0.00007235          0.00050200
    56   L0s      -9560.28405157          0.21952662          6.24314308          0.00007235          0.00049652
    57   L0s      -9560.28779449          0.13387907          1.66241010          0.00007235          0.00052023
    58   L1s      -9560.29267371          0.15557736          1.93858426          0.00008584          0.00059914
    59   L0s      -9560.29693321          0.26049959          6.43744443          0.00008584          0.00059672
    60   L1s      -9560.30003914          0.14989756          2.02495061          0.00006142          0.00043019
    61   L0s      -9560.30368295          0.16934495          3.85593976          0.00006142          0.00043732
    62   L1s      -9560.30629049          0.19242755          5.16271114          0.00004649          0.00033459
    63   L1s      -9560.31215603          0.16695711          3.98814958          0.00011266          0.00079504
    64   L1s      -9560.31380109          0.17496229          4.42450262          0.00003259          0.00022983
    65   L1s      -9560.31800150          0.15297925          2.59978820          0.00008546          0.00061123
    66   L0s      -9560.32242177          0.15003365          2.27138011          0.00008546          0.00062000
    67   L1s      -9560.32454031          0.19596088          5.24008892          0.00004259          0.00030779
    68   L1s      -9560.32768892          0.13449846          1.60179006          0.00006772          0.00048923
    69   L1s      -9560.32980340          0.18469541          5.63519727          0.00004723          0.00034283
    70   L1s      -9560.33301860          0.13001583          1.70081041          0.00007320          0.00053146
    71   L0s      -9560.33583475          0.21576277          6.76029724          0.00007320          0.00052884
    72   L1s      -9560.33783835          0.14208472          2.68048535          0.00004945          0.00034564
    73   L1s      -9560.34067602          0.13032946          2.21508935          0.00005856          0.00039499
    74   L1s      -9560.34258876          0.19171372          5.34618980          0.00004123          0.00027525
    75   L1s      -9560.34496570          0.11971465          1.64113395          0.00005222          0.00036119
    76   L1s      -9560.34687404          0.16190868          5.39124700          0.00004388          0.00030678
    77   L0s      -9560.34870475          0.11634454          1.43678239          0.00004388          0.00030632
    78   L0s      -9560.35034349          0.17670297          5.68170962          0.00004388          0.00030941
    79   L0s      -9560.35195872          0.11358556          1.26608641          0.00004388          0.00031481
    80   L1s      -9560.35490065          0.14214031          3.45779261          0.00007686          0.00055447
    81   L1s      -9560.35591094          0.12860809          2.89879507          0.00002650          0.00019232
    82   L1s      -9560.35815883          0.12084134          2.73389232          0.00006064          0.00044238
    83   L1s      -9560.35981818          0.15155407          4.24893060          0.00004612          0.00033723
    84   L0s      -9560.36130259          0.12216528          2.82663449          0.00004612          0.00034080
    85   L1s      -9560.36245615          0.14294984          3.19459820          0.00003815          0.00028456
    86   L1s      -9560.36419926          0.11003450          2.07668055          0.00005484          0.00041588
    87   L0s      -9560.36586207          0.14915081          4.04681997          0.00005484          0.00042007
    88   L1s      -9560.36689124          0.10172095          1.65124121          0.00003407          0.00026634
    89   L1s      -9560.36858906          0.14969389          4.62923402          0.00005551          0.00043801
    90   L1s      -9560.37004702          0.10697142          1.55184715          0.00004831          0.00038820
    91   L1s      -9560.37123913          0.15206600          4.79907277          0.00004053          0.00032835
    92   L1s      -9560.37288384          0.10775768          1.65299081          0.00005660          0.00046508
    93   L1s      -9560.37493610          0.15337527          3.32085325          0.00007228          0.00059729
    94   L1s      -9560.37610809          0.11511760          2.41758737          0.00004174          0.00034790
    95   L1s      -9560.37763044          0.13673038          3.68967449          0.00005528          0.00046271
    96   L1s      -9560.37891567          0.10309497          1.90414895          0.00004728          0.00039763
    97   L0s      -9560.38008501          0.13190218          3.74428516          0.00004728          0.00039875
    98   L1s      -9560.38090610          0.10020752          1.67603620          0.00003262          0.00027486
    99   L1s      -9560.38236933          0.10594552          1.98118983          0.00005281          0.00044445
   100   L1s      -9560.38304687          0.10916087          2.57930965          0.00002499          0.00021019
   101   L1s      -9560.38446417          0.12249959          3.26074327          0.00005333          0.00044851
   102   L1s      -9560.38536920          0.09635375          1.88643462          0.00003457          0.00029095
----------------------------------------------------------------------------------------------------------------

Minimization converged.

-------------------  Conjugate Gradient Minimizer Statistics -------------------
Iterations             =            102  Function Calls         =            186
--------------------------------------------------------------------------------
