
#-----------------------------------------------------------------------------#
#                                                                             #
#                                EasyHybrid                                   #
#                   - A pDynamo graphical user interface -                    #
#                                                                             #
#-----------------------------------------------------------------------------#
#                                                                             #
#     Developed by Jose Fernando R Bachega and Luis Fernando S M Timmers      #
#                            <ferbachega@gmail.com>                           #
#                                                                             #
#             visit: https://sites.google.com/site/EasyHybrid/                #
#                   Univesity of Sao Paulo - SP, Brazil                       #
#      Pontifical Catholic University of Rio Grande do Sul - RS, Brazil       #
#                                                                             #
#                                                                             #
#   EasyHybrid team:                               Special thanks to:         #
#   - Jose Fernando R Bachega           |         - Fernando V Maluf          #
#   - Michele Silva                     |                                     #
#   - Luis Fernando S M Timmers         |                                     #
#   - Martin Field                      |         - Leonardo R Bachega        #
#   - Troy Wymore                       |         - Lucas Assirati            #
#   - Osmar Norberto de Souza           |         - Richard Garratt           #
#   - Walter R Paixao-Cortes            |                                     #
#                                                                             #
#   Cite this work as:                                                        #
#   J.F.R. Bachega, L.F.S.M. Timmers, L.Assirati, L.B. Bachega, M.J. Field,   #
#   T. Wymore. J. Comput. Chem. 2013, 34, 2190-2196. DOI: 10.1002/jcc.23346   #
#                                                                             #
#-----------------------------------------------------------------------------#

Generated on Wed Jun  5 17:59:23 2019


--------------------------------------------------------------------------------
                        Summary for System "12_ramon_new"
--------------------------------------------------------------------------------

---------------------------- Atom Container Summary ----------------------------
Number of Atoms        =           2173  Number of Heavy Atoms  =           1040
Number of Hydrogens    =           1133  Number of Unknowns     =              0
--------------------------------------------------------------------------------

----------------------------- Connectivity Summary -----------------------------
Atoms                  =           2173
--------------------------------------------------------------------------------

------------------------------- Electronic State -------------------------------
Charge                 =             -1  Multiplicity           =              1
--------------------------------------------------------------------------------

--------------------------------------------------------------------------------
                 Summary for Energy Model "AMBER/AM1DPHOT/ABFS"
--------------------------------------------------------------------------------

----------------------------------- Summary for MM Model "AMBER" -----------------------------------
LJ 1-4 Scaling                   =          0.500  El. 1-4 Scaling                  =          0.833
Number of MM Atoms               =           2173  Number of MM Atom Types          =             37
Number of Inactive MM Atoms      =             33  Total MM Charge                  =          -4.00
Harmonic Bond Terms              =           2169  Harmonic Bond Parameters         =             49
Harmonic Bond Inactive           =           1308  Fourier Improper Terms           =            320
Fourier Improper Parameters      =              3  Fourier Improper Inactive        =            164
Harmonic Angle Terms             =           3403  Harmonic Angle Parameters        =            103
Harmonic Angle Inactive          =           1938  Fourier Dihedral Terms           =           6697
Fourier Dihedral Parameters      =             48  Fourier Dihedral Inactive        =           3453
Exclusions                       =          10377  1-4 Interactions                 =           4805
LJ Parameters Form               =          AMBER  LJ Parameters Types              =             21
1-4 Lennard-Jones Form           =          AMBER  1-4 Lennard-Jones Types          =             21
----------------------------------------------------------------------------------------------------

------------------------ Summary for QC Model "AM1DPHOT" -----------------------
Number of QC Atoms     =             39  Boundary Atoms         =              6
Nuclear Charge         =            129  Orbital Functions      =            113
Fitting Functions      =              0  Energy Base Line       =      189.57630
QC Parameter Centers   =              6
--------------------------------------------------------------------------------

----------------------------- ABFS NB Model Summary ----------------------------
Dielectric             =       1.000000  El. 1-4 Scaling        =       0.833333
Damping Cutoff         =       0.500000  Inner Cutoff           =       8.000000
List Cutoff            =      13.500000  Outer Cutoff           =      12.000000
QC/MM Coupling         =    RC Coupling  Use Centering          =          False
--------------------------------------------------------------------------------

-------------------------- Pairlist Generator Summary --------------------------
Cell Size              =          6.750  Cutoff                 =         13.500
Cutoff Cell Size Factor =          0.500  Grid Cell/Cell Method  =           True
Minimum Cell Extent    =              2  Minimum Cell Size      =          3.000
Minimum Extent Factor  =          1.500  Minimum Points         =            500
Sort Indices           =          False
--------------------------------------------------------------------------------

----------------------- SoftConstraint Container Summary -----------------------
Multiple Distance      =              2
--------------------------------------------------------------------------------

---------------------------- Hard Constraint Container Summary ---------------------------
Number of Charge Constraints  =            0  Number of Fixed Atoms         =         1351
------------------------------------------------------------------------------------------

------------------------------- Sequence Summary -------------------------------
Number of Atoms            =       2173  Number of Components       =        213
Number of Entities         =          1  Number of Linear Polymers  =          0
Number of Links            =          0  Number of Variants         =          0
--------------------------------------------------------------------------------

-------------------------------  Conjugate Gradient Minimizer Options ------------------------------
Beta Type                        =              1  Initial Step                     =            0.1
Line Searcher                    =           None  Log Frequency                    =              1
Maximum Iterations               =            500  Maximum Theta                    =          1e+10
Minimum Theta                    =          1e-10  RMS Gradient Tolerance           =            0.1
Steepest Descent Tolerance       =          0.001  Use Spectral Theta               =           True
----------------------------------------------------------------------------------------------------

----------------------------------------------------------------------------------------------------------------
  Iteration       Function          RMS Gradient        Max. |Grad.|          RMS Disp.         Max. |Disp.|
----------------------------------------------------------------------------------------------------------------
     0     I      -9428.31533279         78.20882903       2985.62263052          0.00201374          0.07687455
     1   L1s      -9576.17824112          7.88032314        237.44422332          0.00154331          0.04626154
     2   L1s      -9578.06383213          3.28090752         83.40507616          0.00019455          0.00540650
     3   L1s      -9579.85648875          2.68307727         64.04987816          0.00048186          0.01420069
     4   L1s      -9581.69869565          2.57422952         61.07746751          0.00073661          0.01933805
     5   L1s      -9582.00954389          2.18774642         43.82890756          0.00015829          0.00317198
     6   L1s      -9582.43853753          1.02977439         20.12952227          0.00026891          0.00497176
     7   L0s      -9582.70217791          1.14879677         19.52398004          0.00026891          0.00606205
     8   L1s      -9582.94930518          1.70308309         49.02103441          0.00030465          0.00696316
     9   L1s      -9583.08924967          1.04865500         19.08000554          0.00018469          0.00379035
    10   L0s      -9583.20622848          1.14065923         32.16510486          0.00018469          0.00322629
    11   L1s      -9583.27588221          0.86472858         19.32245321          0.00011927          0.00219964
    12   L1s      -9583.37301921          0.63584749         15.43251069          0.00018258          0.00317450
    13   L1s      -9583.46648133          0.59823404         16.24737396          0.00021236          0.00307282
    14   L1s      -9583.48554933          0.58437202         13.98615494          0.00005045          0.00084855
    15   L1s      -9583.53385247          0.50106599         11.91791440          0.00014433          0.00262609
    16   L1s      -9583.54739063          0.44415569         10.71062951          0.00004603          0.00088273
    17   L1s      -9583.58372035          0.38681154          9.01746920          0.00014015          0.00266163
    18   L1s      -9583.60615627          0.34361730          6.70591351          0.00009845          0.00186913
    19   L1s      -9583.61763567          0.49081543         13.68497503          0.00005717          0.00107604
    20   L1s      -9583.63658133          0.31815097          5.72707191          0.00009945          0.00173128
    21   L1s      -9583.64827496          0.36419496         10.75554717          0.00006832          0.00115149
    22   L1s      -9583.65577352          0.23700811          3.03773968          0.00004687          0.00078091
    23   L1s      -9583.67155205          0.23277755          2.75867843          0.00011239          0.00206321
    24   L1s      -9583.67824748          0.35152899         11.14519481          0.00005310          0.00095275
    25   L1s      -9583.68560326          0.24269640          3.76651444          0.00006076          0.00089810
    26   L1s      -9583.69718443          0.27625629          6.36765125          0.00010322          0.00143121
    27   L1s      -9583.70167488          0.24179657          4.03195880          0.00004216          0.00061406
    28   L1s      -9583.71119088          0.20946832          4.54931050          0.00009484          0.00148888
    29   L1s      -9583.71798177          0.25977682          5.37697330          0.00007251          0.00097765
    30   L1s      -9583.72148279          0.23136613          4.42565176          0.00003896          0.00060157
    31   L1s      -9583.73035696          0.20243925          3.17980568          0.00010356          0.00150364
    32   L1s      -9583.73669886          0.29305450          7.48692412          0.00007832          0.00107168
    33   L1s      -9583.74205971          0.19269852          3.05724075          0.00006782          0.00088838
    34   L1s      -9583.74914521          0.18639703          3.49883987          0.00009447          0.00106320
    35   L1s      -9583.75127306          0.20361756          5.21736589          0.00002982          0.00034988
    36   L1s      -9583.75561586          0.13341853          1.96582973          0.00006327          0.00075304
    37   L0s      -9583.75951300          0.18041724          3.60908818          0.00006327          0.00074286
    38   L1s      -9583.76161149          0.17448145          3.57819030          0.00003488          0.00039816
    39   L1s      -9583.76650498          0.16508800          3.53849404          0.00008235          0.00088198
    40   L1s      -9583.76974866          0.24409255          6.92992068          0.00005686          0.00058604
    41   L1s      -9583.77337465          0.16673595          3.70497631          0.00006469          0.00060089
    42   L1s      -9583.77819796          0.14949852          2.18548382          0.00008917          0.00073419
    43   L1s      -9583.78077207          0.20777464          5.32766760          0.00004958          0.00040483
    44   L1s      -9583.78430884          0.14004493          2.31091109          0.00006951          0.00059681
    45   L1s      -9583.78911525          0.22339055          6.67964165          0.00009849          0.00085704
    46   L1s      -9583.79133975          0.16440270          2.59055088          0.00004630          0.00041485
    47   L1s      -9583.79685410          0.14126285          2.18039793          0.00011796          0.00119240
    48   L1s      -9583.79918127          0.20459546          5.17031206          0.00005152          0.00054561
    49   L1s      -9583.80313107          0.15957051          3.87216051          0.00008885          0.00099527
    50   L0s      -9583.80725024          0.16032056          2.58748982          0.00008885          0.00102657
    51   L1s      -9583.80932349          0.20204177          5.15753552          0.00004610          0.00054041
    52   L1s      -9583.81327351          0.13420769          1.47259104          0.00009294          0.00109421
    53   L0s      -9583.81699481          0.22130764          5.87613962          0.00009294          0.00108777
    54   L1s      -9583.81957992          0.13674024          1.65191142          0.00006411          0.00072702
    55   L1s      -9583.82378844          0.12449026          1.99336765          0.00010031          0.00107798
    56   L1s      -9583.82603568          0.19094734          6.23602527          0.00005554          0.00058192
    57   L0s      -9583.82845643          0.13489798          1.68780763          0.00005554          0.00054324
    58   L1s      -9583.83188522          0.22537300          7.30139223          0.00007447          0.00071107
    59   L1s      -9583.83461394          0.14619018          2.40022464          0.00006170          0.00055779
    60   L1s      -9583.83878294          0.16313619          3.72856784          0.00009706          0.00084862
    61   L1s      -9583.84058874          0.17344465          3.73467379          0.00004299          0.00037333
    62   L1s      -9583.84472503          0.13566241          3.11685323          0.00010035          0.00088511
    63   L1s      -9583.84754225          0.18341108          4.26434303          0.00007040          0.00061929
    64   L1s      -9583.84958039          0.14591240          3.14258883          0.00005172          0.00044659
    65   L1s      -9583.85280917          0.13672503          2.62563556          0.00008388          0.00071263
    66   L1s      -9583.85463612          0.18881303          6.36356933          0.00004868          0.00041719
    67   L1s      -9583.85755078          0.13372175          2.23689226          0.00007867          0.00069044
    68   L1s      -9583.86000823          0.20036388          6.26128364          0.00006797          0.00060391
    69   L0s      -9583.86242710          0.12238530          2.16062644          0.00006797          0.00062564
    70   L1s      -9583.86527484          0.13236817          2.92494017          0.00008287          0.00078362
    71   L1s      -9583.86646901          0.14193871          3.11114859          0.00003537          0.00034150
    72   L1s      -9583.86931138          0.10932725          1.29720024          0.00008575          0.00084792
    73   L1s      -9583.87150357          0.19275493          5.88633276          0.00006810          0.00067694
    74   L0s      -9583.87377174          0.11737933          1.62938085          0.00006810          0.00067977
    75   L1s      -9583.87579329          0.15153185          4.98824268          0.00005797          0.00057891
    76   L1s      -9583.87709556          0.12754101          2.57801248          0.00003885          0.00038703
    77   L1s      -9583.87946705          0.11713601          2.12468758          0.00007234          0.00071269
    78   L1s      -9583.88061319          0.14173537          3.58926020          0.00003585          0.00034952
    79   L1s      -9583.88246402          0.09688441          1.36428841          0.00005887          0.00055480
----------------------------------------------------------------------------------------------------------------

Minimization converged.

-------------------  Conjugate Gradient Minimizer Statistics -------------------
Iterations             =             79  Function Calls         =            151
--------------------------------------------------------------------------------
