
#-----------------------------------------------------------------------------#
#                                                                             #
#                                EasyHybrid                                   #
#                   - A pDynamo graphical user interface -                    #
#                                                                             #
#-----------------------------------------------------------------------------#
#                                                                             #
#     Developed by Jose Fernando R Bachega and Luis Fernando S M Timmers      #
#                            <ferbachega@gmail.com>                           #
#                                                                             #
#             visit: https://sites.google.com/site/EasyHybrid/                #
#                   Univesity of Sao Paulo - SP, Brazil                       #
#      Pontifical Catholic University of Rio Grande do Sul - RS, Brazil       #
#                                                                             #
#                                                                             #
#   EasyHybrid team:                               Special thanks to:         #
#   - Jose Fernando R Bachega           |         - Fernando V Maluf          #
#   - Michele Silva                     |                                     #
#   - Luis Fernando S M Timmers         |                                     #
#   - Martin Field                      |         - Leonardo R Bachega        #
#   - Troy Wymore                       |         - Lucas Assirati            #
#   - Osmar Norberto de Souza           |         - Richard Garratt           #
#   - Walter R Paixao-Cortes            |                                     #
#                                                                             #
#   Cite this work as:                                                        #
#   J.F.R. Bachega, L.F.S.M. Timmers, L.Assirati, L.B. Bachega, M.J. Field,   #
#   T. Wymore. J. Comput. Chem. 2013, 34, 2190-2196. DOI: 10.1002/jcc.23346   #
#                                                                             #
#-----------------------------------------------------------------------------#

Generated on Wed Jun  5 17:57:36 2019


--------------------------------------------------------------------------------
                        Summary for System "12_ramon_new"
--------------------------------------------------------------------------------

---------------------------- Atom Container Summary ----------------------------
Number of Atoms        =           2173  Number of Heavy Atoms  =           1040
Number of Hydrogens    =           1133  Number of Unknowns     =              0
--------------------------------------------------------------------------------

----------------------------- Connectivity Summary -----------------------------
Atoms                  =           2173
--------------------------------------------------------------------------------

------------------------------- Electronic State -------------------------------
Charge                 =             -1  Multiplicity           =              1
--------------------------------------------------------------------------------

--------------------------------------------------------------------------------
                 Summary for Energy Model "AMBER/AM1DPHOT/ABFS"
--------------------------------------------------------------------------------

----------------------------------- Summary for MM Model "AMBER" -----------------------------------
LJ 1-4 Scaling                   =          0.500  El. 1-4 Scaling                  =          0.833
Number of MM Atoms               =           2173  Number of MM Atom Types          =             37
Number of Inactive MM Atoms      =             33  Total MM Charge                  =          -4.00
Harmonic Bond Terms              =           2169  Harmonic Bond Parameters         =             49
Harmonic Bond Inactive           =           1308  Fourier Improper Terms           =            320
Fourier Improper Parameters      =              3  Fourier Improper Inactive        =            164
Harmonic Angle Terms             =           3403  Harmonic Angle Parameters        =            103
Harmonic Angle Inactive          =           1938  Fourier Dihedral Terms           =           6697
Fourier Dihedral Parameters      =             48  Fourier Dihedral Inactive        =           3453
Exclusions                       =          10377  1-4 Interactions                 =           4805
LJ Parameters Form               =          AMBER  LJ Parameters Types              =             21
1-4 Lennard-Jones Form           =          AMBER  1-4 Lennard-Jones Types          =             21
----------------------------------------------------------------------------------------------------

------------------------ Summary for QC Model "AM1DPHOT" -----------------------
Number of QC Atoms     =             39  Boundary Atoms         =              6
Nuclear Charge         =            129  Orbital Functions      =            113
Fitting Functions      =              0  Energy Base Line       =      189.57630
QC Parameter Centers   =              6
--------------------------------------------------------------------------------

----------------------------- ABFS NB Model Summary ----------------------------
Dielectric             =       1.000000  El. 1-4 Scaling        =       0.833333
Damping Cutoff         =       0.500000  Inner Cutoff           =       8.000000
List Cutoff            =      13.500000  Outer Cutoff           =      12.000000
QC/MM Coupling         =    RC Coupling  Use Centering          =          False
--------------------------------------------------------------------------------

-------------------------- Pairlist Generator Summary --------------------------
Cell Size              =          6.750  Cutoff                 =         13.500
Cutoff Cell Size Factor =          0.500  Grid Cell/Cell Method  =           True
Minimum Cell Extent    =              2  Minimum Cell Size      =          3.000
Minimum Extent Factor  =          1.500  Minimum Points         =            500
Sort Indices           =          False
--------------------------------------------------------------------------------

----------------------- SoftConstraint Container Summary -----------------------
Multiple Distance      =              2
--------------------------------------------------------------------------------

---------------------------- Hard Constraint Container Summary ---------------------------
Number of Charge Constraints  =            0  Number of Fixed Atoms         =         1351
------------------------------------------------------------------------------------------

------------------------------- Sequence Summary -------------------------------
Number of Atoms            =       2173  Number of Components       =        213
Number of Entities         =          1  Number of Linear Polymers  =          0
Number of Links            =          0  Number of Variants         =          0
--------------------------------------------------------------------------------

-------------------------------  Conjugate Gradient Minimizer Options ------------------------------
Beta Type                        =              1  Initial Step                     =            0.1
Line Searcher                    =           None  Log Frequency                    =              1
Maximum Iterations               =            500  Maximum Theta                    =          1e+10
Minimum Theta                    =          1e-10  RMS Gradient Tolerance           =            0.1
Steepest Descent Tolerance       =          0.001  Use Spectral Theta               =           True
----------------------------------------------------------------------------------------------------

----------------------------------------------------------------------------------------------------------------
  Iteration       Function          RMS Gradient        Max. |Grad.|          RMS Disp.         Max. |Disp.|
----------------------------------------------------------------------------------------------------------------
     0     I      -9402.04884953         73.29906912       2622.14979958          0.00201374          0.07203814
     1   L1s      -9544.59289364          8.61111385        209.87699631          0.00158599          0.03838876
     2   L1s      -9547.49909793          5.93331354        141.86615859          0.00027561          0.00541130
     3   L1s      -9553.02023613          5.13122364        128.87440618          0.00092717          0.02222213
     4   L1s      -9557.92557079          3.22194515         62.25439064          0.00110538          0.03099813
     5   L1s      -9558.70825898          3.90325915         84.87111098          0.00026310          0.00646827
     6   L1s      -9559.83663474          1.98989208         47.76537626          0.00044442          0.01128702
     7   L0s      -9560.61793289          1.89424016         36.64346045          0.00044442          0.01271466
     8   L1s      -9561.02765798          2.68679800         71.50972001          0.00028951          0.00715533
     9   L1s      -9561.64293889          1.22127748         23.85753592          0.00047261          0.01280892
    10   L1s      -9561.79945098          1.48057103         37.32628396          0.00016284          0.00405800
    11   L1s      -9561.92521592          1.16215919         29.76835130          0.00014745          0.00383425
    12   L1s      -9562.09600151          0.71918527         11.56039338          0.00023348          0.00581364
    13   L0s      -9562.23254137          0.70322846         18.36741866          0.00023348          0.00419233
    14   L1s      -9562.26593391          0.71093707         15.41790874          0.00006949          0.00141135
    15   L1s      -9562.33836931          0.52176772          8.84968086          0.00017636          0.00290888
    16   L1s      -9562.36594142          0.76590329         19.16411292          0.00007953          0.00133128
    17   L1s      -9562.40964426          0.42379472          6.91145505          0.00013429          0.00188825
    18   L1s      -9562.43966394          0.36553572          7.14460695          0.00010863          0.00174939
    19   L1s      -9562.45927881          0.45947058         11.84069410          0.00008319          0.00123906
    20   L1s      -9562.47239739          0.34269983          6.61491898          0.00006028          0.00078958
    21   L1s      -9562.48858382          0.27030615          3.82112944          0.00008368          0.00121731
    22   L1s      -9562.49608514          0.39632470          9.02235192          0.00004480          0.00057249
    23   L1s      -9562.50769822          0.24585091          4.24336132          0.00007332          0.00101595
    24   L1s      -9562.51987209          0.21752325          2.87682203          0.00008674          0.00130573
    25   L1s      -9562.52689740          0.35292076          8.46087365          0.00005652          0.00069971
    26   L1s      -9562.53721040          0.23654608          3.53989180          0.00008630          0.00109035
    27   L1s      -9562.54867625          0.22433044          3.10408687          0.00010374          0.00104056
    28   L1s      -9562.55196528          0.25716512          4.76929861          0.00003204          0.00034505
    29   L1s      -9562.55941469          0.21398719          3.68902258          0.00007627          0.00082166
    30   L0s      -9562.56674123          0.18522658          2.85596516          0.00007627          0.00082871
    31   L1s      -9562.57021602          0.24823055          5.51672966          0.00003894          0.00047294
    32   L1s      -9562.57770285          0.17869274          2.42356571          0.00008942          0.00106944
    33   L1s      -9562.58342206          0.19122978          2.62904024          0.00007309          0.00092280
    34   L1s      -9562.58636248          0.24211034          5.37592436          0.00003958          0.00048607
    35   L1s      -9562.59125215          0.13783074          1.53038898          0.00006782          0.00081250
    36   L1s      -9562.59476886          0.22047475          4.46342330          0.00005298          0.00061907
    37   L0s      -9562.59808572          0.17173726          3.31686432          0.00005298          0.00058306
    38   L1s      -9562.60213596          0.13993317          2.31917794          0.00006848          0.00068613
    39   L1s      -9562.60702520          0.18650070          4.01143805          0.00008431          0.00081972
    40   L1s      -9562.60952070          0.20289479          5.59035781          0.00004439          0.00042332
    41   L1s      -9562.61333797          0.14390361          2.66710965          0.00006959          0.00064028
    42   L1s      -9562.61474603          0.15550382          4.38677714          0.00002689          0.00024052
    43   L1s      -9562.61766715          0.10845904          1.31948574          0.00005783          0.00053928
    44   L0s      -9562.62058013          0.14205000          2.33127750          0.00005783          0.00053689
    45   L1s      -9562.62392125          0.19244720          5.28289819          0.00007107          0.00063260
    46   L1s      -9562.62607770          0.12732874          1.77460508          0.00004830          0.00040880
    47   L1s      -9562.62968514          0.16657523          3.09326006          0.00008397          0.00072743
    48   L1s      -9562.63099883          0.13808836          3.05900376          0.00003124          0.00027679
    49   L1s      -9562.63410226          0.10447396          1.39051034          0.00007602          0.00067514
    50   L1s      -9562.63659481          0.12813830          2.52977175          0.00006403          0.00059037
    51   L1s      -9562.63773758          0.13102496          2.79844585          0.00003024          0.00030036
    52   L1s      -9562.64035824          0.11285944          1.45901072          0.00007122          0.00076140
    53   L1s      -9562.64236816          0.16933979          3.67707932          0.00005651          0.00061491
    54   L1s      -9562.64377818          0.11098542          1.76924771          0.00004020          0.00044529
    55   L1s      -9562.64579694          0.10421057          2.08402423          0.00005941          0.00064523
    56   L1s      -9562.64798866          0.15032801          2.91390698          0.00006672          0.00070900
    57   L1s      -9562.64954581          0.13879571          2.79192733          0.00004814          0.00049277
    58   L1s      -9562.65265063          0.09857117          0.94411044          0.00009768          0.00091176
----------------------------------------------------------------------------------------------------------------

Minimization converged.

-------------------  Conjugate Gradient Minimizer Statistics -------------------
Iterations             =             58  Function Calls         =            112
--------------------------------------------------------------------------------
