
#-----------------------------------------------------------------------------#
#                                                                             #
#                                EasyHybrid                                   #
#                   - A pDynamo graphical user interface -                    #
#                                                                             #
#-----------------------------------------------------------------------------#
#                                                                             #
#     Developed by Jose Fernando R Bachega and Luis Fernando S M Timmers      #
#                            <ferbachega@gmail.com>                           #
#                                                                             #
#             visit: https://sites.google.com/site/EasyHybrid/                #
#                   Univesity of Sao Paulo - SP, Brazil                       #
#      Pontifical Catholic University of Rio Grande do Sul - RS, Brazil       #
#                                                                             #
#                                                                             #
#   EasyHybrid team:                               Special thanks to:         #
#   - Jose Fernando R Bachega           |         - Fernando V Maluf          #
#   - Michele Silva                     |                                     #
#   - Luis Fernando S M Timmers         |                                     #
#   - Martin Field                      |         - Leonardo R Bachega        #
#   - Troy Wymore                       |         - Lucas Assirati            #
#   - Osmar Norberto de Souza           |         - Richard Garratt           #
#   - Walter R Paixao-Cortes            |                                     #
#                                                                             #
#   Cite this work as:                                                        #
#   J.F.R. Bachega, L.F.S.M. Timmers, L.Assirati, L.B. Bachega, M.J. Field,   #
#   T. Wymore. J. Comput. Chem. 2013, 34, 2190-2196. DOI: 10.1002/jcc.23346   #
#                                                                             #
#-----------------------------------------------------------------------------#

Generated on Wed Jun  5 17:58:20 2019


--------------------------------------------------------------------------------
                        Summary for System "12_ramon_new"
--------------------------------------------------------------------------------

---------------------------- Atom Container Summary ----------------------------
Number of Atoms        =           2173  Number of Heavy Atoms  =           1040
Number of Hydrogens    =           1133  Number of Unknowns     =              0
--------------------------------------------------------------------------------

----------------------------- Connectivity Summary -----------------------------
Atoms                  =           2173
--------------------------------------------------------------------------------

------------------------------- Electronic State -------------------------------
Charge                 =             -1  Multiplicity           =              1
--------------------------------------------------------------------------------

--------------------------------------------------------------------------------
                 Summary for Energy Model "AMBER/AM1DPHOT/ABFS"
--------------------------------------------------------------------------------

----------------------------------- Summary for MM Model "AMBER" -----------------------------------
LJ 1-4 Scaling                   =          0.500  El. 1-4 Scaling                  =          0.833
Number of MM Atoms               =           2173  Number of MM Atom Types          =             37
Number of Inactive MM Atoms      =             33  Total MM Charge                  =          -4.00
Harmonic Bond Terms              =           2169  Harmonic Bond Parameters         =             49
Harmonic Bond Inactive           =           1308  Fourier Improper Terms           =            320
Fourier Improper Parameters      =              3  Fourier Improper Inactive        =            164
Harmonic Angle Terms             =           3403  Harmonic Angle Parameters        =            103
Harmonic Angle Inactive          =           1938  Fourier Dihedral Terms           =           6697
Fourier Dihedral Parameters      =             48  Fourier Dihedral Inactive        =           3453
Exclusions                       =          10377  1-4 Interactions                 =           4805
LJ Parameters Form               =          AMBER  LJ Parameters Types              =             21
1-4 Lennard-Jones Form           =          AMBER  1-4 Lennard-Jones Types          =             21
----------------------------------------------------------------------------------------------------

------------------------ Summary for QC Model "AM1DPHOT" -----------------------
Number of QC Atoms     =             39  Boundary Atoms         =              6
Nuclear Charge         =            129  Orbital Functions      =            113
Fitting Functions      =              0  Energy Base Line       =      189.57630
QC Parameter Centers   =              6
--------------------------------------------------------------------------------

----------------------------- ABFS NB Model Summary ----------------------------
Dielectric             =       1.000000  El. 1-4 Scaling        =       0.833333
Damping Cutoff         =       0.500000  Inner Cutoff           =       8.000000
List Cutoff            =      13.500000  Outer Cutoff           =      12.000000
QC/MM Coupling         =    RC Coupling  Use Centering          =          False
--------------------------------------------------------------------------------

-------------------------- Pairlist Generator Summary --------------------------
Cell Size              =          6.750  Cutoff                 =         13.500
Cutoff Cell Size Factor =          0.500  Grid Cell/Cell Method  =           True
Minimum Cell Extent    =              2  Minimum Cell Size      =          3.000
Minimum Extent Factor  =          1.500  Minimum Points         =            500
Sort Indices           =          False
--------------------------------------------------------------------------------

----------------------- SoftConstraint Container Summary -----------------------
Multiple Distance      =              2
--------------------------------------------------------------------------------

---------------------------- Hard Constraint Container Summary ---------------------------
Number of Charge Constraints  =            0  Number of Fixed Atoms         =         1351
------------------------------------------------------------------------------------------

------------------------------- Sequence Summary -------------------------------
Number of Atoms            =       2173  Number of Components       =        213
Number of Entities         =          1  Number of Linear Polymers  =          0
Number of Links            =          0  Number of Variants         =          0
--------------------------------------------------------------------------------

-------------------------------  Conjugate Gradient Minimizer Options ------------------------------
Beta Type                        =              1  Initial Step                     =            0.1
Line Searcher                    =           None  Log Frequency                    =              1
Maximum Iterations               =            500  Maximum Theta                    =          1e+10
Minimum Theta                    =          1e-10  RMS Gradient Tolerance           =            0.1
Steepest Descent Tolerance       =          0.001  Use Spectral Theta               =           True
----------------------------------------------------------------------------------------------------

----------------------------------------------------------------------------------------------------------------
  Iteration       Function          RMS Gradient        Max. |Grad.|          RMS Disp.         Max. |Disp.|
----------------------------------------------------------------------------------------------------------------
     0     I      -9453.69523704         73.96193150       2575.22898119          0.00201374          0.07011502
     1   L1s      -9597.88186430          8.48798163        237.97139783          0.00159006          0.04428575
     2   L1s      -9600.37955656          4.88447959        105.69561654          0.00023950          0.00538441
     3   L1s      -9605.09440694          3.89511320         91.70813611          0.00090518          0.02277438
     4   L1s      -9607.72348401          2.70435367         48.99576050          0.00073066          0.01697830
     5   L1s      -9608.17298269          2.69303137         60.75145802          0.00017883          0.00380031
     6   L1s      -9608.65833779          1.26839182         21.69119475          0.00024165          0.00426544
     7   L1s      -9609.19788165          1.44271648         23.47084703          0.00043340          0.00835508
     8   L1s      -9609.45413379          1.75914417         43.99172010          0.00025046          0.00452000
     9   L1s      -9609.63352662          0.97371851         15.42858725          0.00019447          0.00337223
    10   L1s      -9609.75145116          1.24680512         27.72508854          0.00016122          0.00289518
    11   L1s      -9609.83253871          0.85890765         18.51651400          0.00012266          0.00225413
    12   L1s      -9609.93789248          0.67167604         13.80194088          0.00018796          0.00341515
    13   L0s      -9610.02256536          0.54546345          9.34725764          0.00018796          0.00332489
    14   L1s      -9610.06739704          0.95925298         26.43361770          0.00011971          0.00208820
    15   L1s      -9610.11986750          0.42930260          7.43986617          0.00014597          0.00293533
    16   L0s      -9610.16413684          0.74650077         20.76739320          0.00014597          0.00298533
    17   L1s      -9610.19824613          0.45841624          6.92667907          0.00012012          0.00253198
    18   L1s      -9610.24000981          0.43503108          7.03215020          0.00017113          0.00372640
    19   L1s      -9610.26702081          0.59113392         16.11264401          0.00012177          0.00265464
    20   L1s      -9610.28416019          0.40465230          6.42793931          0.00008075          0.00175443
    21   L1s      -9610.30958268          0.39566675          8.71376038          0.00013030          0.00282309
    22   L1s      -9610.32431585          0.47835646          9.92295891          0.00008137          0.00178280
    23   L1s      -9610.34822360          0.32750304          4.19549632          0.00013815          0.00315347
    24   L1s      -9610.37292728          0.38455348          6.56415357          0.00015531          0.00350611
    25   L1s      -9610.38723354          0.56890240         13.99154665          0.00009479          0.00213654
    26   L1s      -9610.41770987          0.36740656          4.84827923          0.00020668          0.00475564
    27   L1s      -9610.43971506          0.59167491         16.25559194          0.00015687          0.00365842
    28   L1s      -9610.46641846          0.39714588          6.40272123          0.00019406          0.00469521
    29   L1s      -9610.49716505          0.38471956          6.56734460          0.00023186          0.00584376
    30   L1s      -9610.52122834          0.58912520         15.51304780          0.00018868          0.00485352
    31   L1s      -9610.54060716          0.47121171          6.71897908          0.00015445          0.00410689
    32   L1s      -9610.57532648          0.47153675         10.60447420          0.00028392          0.00778456
    33   L1s      -9610.59329464          0.53616060         11.97814142          0.00015083          0.00423040
    34   L1s      -9610.63325353          0.34829157          4.81769531          0.00034078          0.00991574
    35   L0s      -9610.67117056          0.44136057          7.65398323          0.00034078          0.01006599
    36   L1s      -9610.68940603          0.55053668         17.71949244          0.00016710          0.00494484
    37   L1s      -9610.71626301          0.44574863          6.63190867          0.00025148          0.00733811
    38   L1s      -9610.73468861          0.60849567         17.79433678          0.00017563          0.00508764
    39   L1s      -9610.77250963          0.42880271          5.30302686          0.00036578          0.01033732
    40   L0s      -9610.81176715          0.38768811          5.73502261          0.00036578          0.01005732
    41   L1s      -9610.83665721          0.54815727         12.68235634          0.00022774          0.00617246
    42   L1s      -9610.85633179          0.35951544          6.03054530          0.00019108          0.00511995
    43   L1s      -9610.88407607          0.44783441          7.21893093          0.00027889          0.00751509
    44   L1s      -9610.91556257          0.76197770         16.13884439          0.00032253          0.00871158
    45   L0s      -9610.94837404          0.46050461          6.24989884          0.00032253          0.00886576
    46   L1s      -9611.00650371          0.51485104          9.64622170          0.00053164          0.01466521
    47   L1s      -9611.03392392          0.73208458         24.03840967          0.00026617          0.00736766
    48   L1s      -9611.08333598          0.57309428          8.91877112          0.00048345          0.01346971
    49   L1s      -9611.10777325          0.64681636         19.06988702          0.00024147          0.00668449
    50   L1s      -9611.14865857          0.50518665         11.97916266          0.00040737          0.01119728
    51   L1s      -9611.20439558          0.60804691         11.14955279          0.00056274          0.01535646
    52   L1s      -9611.25110103          1.02254506         26.51998374          0.00047711          0.01294821
    53   L1s      -9611.32388343          0.55951318          5.64361884          0.00074823          0.02021210
    54   L1s      -9611.40999785          0.73787948         14.53151873          0.00085398          0.02285952
    55   L1s      -9611.45049723          0.86603247         25.10541182          0.00040436          0.01079703
    56   L1s      -9611.55055748          1.00715085         19.35010764          0.00100523          0.02700666
    57   L1s      -9611.62065194          1.05765701         29.56557199          0.00068527          0.01831728
    58   L1s      -9611.73692887          0.70679139          9.67100828          0.00110440          0.02931504
    59   L1s      -9611.84819186          0.87372406         15.81469121          0.00100167          0.02635223
    60   L1s      -9611.89775156          0.99019666         21.42574305          0.00044578          0.01155628
    61   L1s      -9611.99605423          0.71789604         10.42873527          0.00088807          0.02269591
    62   L1s      -9612.07956217          0.93673170         23.54145390          0.00071660          0.01788914
    63   L1s      -9612.13064683          0.66770441          9.53940538          0.00042504          0.01028339
    64   L1s      -9612.20310427          0.77947566         16.17488984          0.00059585          0.01415955
    65   L1s      -9612.23246887          0.67580333         12.70303465          0.00024136          0.00544383
    66   L1s      -9612.31138958          0.56859215          7.14927718          0.00066019          0.01414361
    67   L1s      -9612.37405452          0.71750850         13.94727128          0.00054515          0.01104323
    68   L1s      -9612.40579148          0.58057849         10.67943106          0.00027185          0.00520435
    69   L1s      -9612.45369642          0.51882967          9.37856256          0.00041278          0.00720855
    70   L0s      -9612.50160207          0.87661344         20.17130887          0.00041278          0.00687316
    71   L1s      -9612.53880990          0.57581358          9.05947876          0.00032020          0.00495379
    72   L1s      -9612.60566091          0.65341066         11.38311465          0.00057320          0.00862080
    73   L1s      -9612.64253306          0.73267922         18.10850465          0.00031025          0.00472757
    74   L1s      -9612.69754003          0.58861587          8.88614749          0.00046759          0.00725258
    75   L1s      -9612.74543092          1.02832215         28.92666057          0.00041090          0.00639692
    76   L1s      -9612.81130072          0.60177266          9.49917138          0.00056809          0.00886752
    77   L1s      -9612.88277955          0.65630986         11.29271135          0.00063774          0.00990433
    78   L1s      -9612.91603569          0.74273545         21.75879538          0.00029103          0.00449191
    79   L1s      -9612.97304786          0.74782402         16.49899544          0.00050262          0.00767972
    80   L1s      -9613.01108314          0.81584646         21.71314126          0.00033565          0.00507593
    81   L1s      -9613.08389029          0.60916020         10.24533133          0.00065172          0.00963379
    82   L1s      -9613.17430878          0.71942757         16.35688315          0.00085086          0.01232672
    83   L1s      -9613.20669890          0.76767363         19.31557553          0.00030122          0.00428324
    84   L1s      -9613.27453696          0.76657589         23.27307634          0.00063633          0.00886053
    85   L1s      -9613.30624110          0.64420599         13.10298525          0.00029808          0.00402232
    86   L1s      -9613.38913026          0.62054554         12.00640382          0.00078595          0.01021794
    87   L1s      -9613.45164732          0.71394448         17.40230664          0.00060688          0.00765703
    88   L1s      -9613.48060472          0.67981046         14.82824694          0.00028166          0.00343413
    89   L1s      -9613.53537803          0.73891353         21.14741202          0.00053736          0.00635297
    90   L1s      -9613.56809665          0.63774755         13.19704984          0.00032286          0.00365661
    91   L1s      -9613.64015396          0.57735454          8.97494513          0.00071703          0.00770097
    92   L0s      -9613.70775840          0.81032960         23.82427350          0.00071703          0.00748327
    93   L1s      -9613.73546114          0.58005714          7.25275346          0.00028762          0.00281989
    94   L1s      -9613.77860256          0.74828718         23.14969653          0.00041049          0.00387190
    95   L1s      -9613.81336896          0.58901325          9.30335169          0.00033277          0.00294272
    96   L1s      -9613.87279032          0.47408069         10.04919114          0.00057466          0.00494340
    97   L1s      -9613.91851253          0.49482775          8.06379973          0.00044943          0.00387641
    98   L1s      -9613.93865597          0.66454666         13.88220134          0.00020070          0.00172304
    99   L1s      -9613.97536393          0.46891970          8.22991333          0.00036851          0.00326559
   100   L0s      -9614.01098952          0.62437629         15.32542717          0.00036851          0.00332414
   101   L1s      -9614.03324677          0.43369369          6.00351609          0.00023044          0.00211915
   102   L1s      -9614.06880319          0.39703702          6.11648073          0.00036196          0.00328025
   103   L1s      -9614.09575162          0.68092212         16.33735747          0.00028008          0.00250776
   104   L1s      -9614.11814075          0.42621615          6.00915438          0.00023434          0.00200703
   105   L1s      -9614.15771996          0.41865111          8.53950091          0.00042118          0.00340948
   106   L1s      -9614.18253217          0.55438987         11.72298652          0.00026879          0.00210037
   107   L1s      -9614.20390427          0.45085732          8.62816296          0.00023366          0.00181034
   108   L1s      -9614.24098566          0.47963003          6.93785442          0.00041122          0.00303921
   109   L1s      -9614.25477609          0.53103072         11.67880777          0.00015485          0.00109689
   110   L1s      -9614.28738228          0.38276814          5.17708406          0.00036936          0.00256587
   111   L1s      -9614.32685179          0.42888418          6.73320931          0.00045607          0.00314586
   112   L1s      -9614.36072938          0.59671075         18.29509658          0.00039655          0.00291401
   113   L1s      -9614.37956820          0.43251845          7.27050120          0.00022193          0.00153104
   114   L1s      -9614.40678941          0.64350700         19.83912191          0.00032482          0.00252992
   115   L1s      -9614.42828281          0.41738175          8.50506401          0.00025781          0.00174843
   116   L1s      -9614.45702915          0.38370198          8.94864264          0.00034947          0.00233902
   117   L1s      -9614.49214128          0.37905690          5.88150492          0.00043293          0.00303283
   118   L1s      -9614.51422701          0.66023654         20.12123094          0.00027641          0.00197350
   119   L1s      -9614.53877094          0.40310864          4.83592395          0.00030864          0.00226992
   120   L0s      -9614.56227707          0.58196158         16.13685022          0.00030864          0.00229347
   121   L1s      -9614.58236324          0.38371899          5.80222687          0.00026111          0.00196711
   122   L1s      -9614.61729154          0.39780249          9.34699859          0.00043039          0.00323672
   123   L1s      -9614.64295479          0.51348011         14.68353411          0.00032067          0.00239173
   124   L1s      -9614.65858642          0.47208509          9.12677930          0.00019687          0.00144918
   125   L1s      -9614.68467904          0.48678567         15.25891407          0.00033208          0.00289297
   126   L1s      -9614.69688500          0.39553590          7.07599837          0.00015676          0.00118565
   127   L1s      -9614.73492649          0.37821754          5.44322897          0.00049455          0.00357828
   128   L1s      -9614.76323379          0.45886921         13.47838717          0.00036956          0.00321095
   129   L1s      -9614.77501509          0.39603901          7.86653643          0.00015536          0.00105251
   130   L1s      -9614.79825042          0.48596111         11.42046805          0.00030976          0.00239729
   131   L1s      -9614.81090552          0.43568226          9.64984662          0.00016938          0.00126729
   132   L1s      -9614.83781726          0.36826253          8.81688446          0.00036436          0.00291406
   133   L0s      -9614.86515551          0.40102608          7.55892247          0.00036436          0.00249717
   134   L1s      -9614.87659167          0.41083659         10.04032347          0.00015488          0.00110554
   135   L1s      -9614.89901324          0.34467482          5.05767929          0.00031536          0.00239740
   136   L1s      -9614.91245688          0.53536271         15.89163287          0.00019254          0.00126357
   137   L1s      -9614.93115414          0.33641812          4.81842399          0.00026959          0.00178753
   138   L1s      -9614.95623775          0.37055086          6.15982817          0.00036747          0.00256432
   139   L1s      -9614.96760447          0.43539045          9.68099078          0.00016896          0.00114655
   140   L1s      -9614.98920846          0.30002212          5.14002210          0.00032366          0.00226514
   141   L1s      -9615.00804732          0.40143289          7.21462461          0.00028530          0.00203087
   142   L1s      -9615.01852658          0.45562729         10.89620669          0.00016028          0.00115627
   143   L1s      -9615.04147090          0.36272650          7.19665499          0.00035353          0.00260997
   144   L1s      -9615.05492647          0.46839261         11.80212082          0.00020980          0.00157064
   145   L1s      -9615.07249315          0.29265436          4.47327434          0.00027549          0.00213327
   146   L0s      -9615.09134707          0.27468849          3.58537106          0.00027549          0.00220121
   147   L1s      -9615.10739560          0.48457724         15.18916467          0.00023628          0.00190537
   148   L1s      -9615.12124401          0.33986879          5.53698521          0.00021108          0.00172501
   149   L1s      -9615.13761990          0.52123149         16.45409366          0.00025262          0.00206913
   150   L1s      -9615.15194056          0.32530191          4.73799614          0.00022191          0.00181357
   151   L1s      -9615.17418543          0.31829806          7.51788498          0.00034952          0.00280954
   152   L1s      -9615.18766680          0.43426879         10.57425519          0.00021455          0.00170162
   153   L0s      -9615.20027485          0.33344450          7.82401864          0.00021455          0.00165508
   154   L1s      -9615.21504402          0.33174010          7.09235145          0.00026376          0.00195419
   155   L1s      -9615.22109257          0.34181274          8.32960791          0.00010280          0.00073930
   156   L1s      -9615.23816964          0.26789278          3.00362985          0.00029293          0.00208554
   157   L0s      -9615.25650352          0.30151031          6.58947347          0.00029293          0.00224982
   158   L1s      -9615.26339053          0.32237122          8.20064694          0.00011383          0.00083847
   159   L1s      -9615.27887841          0.31107697          4.74909469          0.00027884          0.00235068
   160   L1s      -9615.28629985          0.39198934         10.94089366          0.00013482          0.00099479
   161   L1s      -9615.29954594          0.28064738          6.99290124          0.00024228          0.00188702
   162   L0s      -9615.31265088          0.23646782          4.77373317          0.00024228          0.00181482
   163   L0s      -9615.32551818          0.22569959          2.36552735          0.00024228          0.00189142
   164   L1s      -9615.33293876          0.40623952         10.52725735          0.00014272          0.00106784
   165   L1s      -9615.34283517          0.22952095          2.91711417          0.00019113          0.00146474
   166   L0s      -9615.35272633          0.22893263          3.97030826          0.00019113          0.00145552
   167   L1s      -9615.35722435          0.27172250          6.24535380          0.00008840          0.00066594
   168   L1s      -9615.36625946          0.22354101          3.70043901          0.00018171          0.00132952
   169   L0s      -9615.37526168          0.24131424          4.32087596          0.00018171          0.00128587
   170   L1s      -9615.37891435          0.26807985          5.78812205          0.00007486          0.00051315
   171   L1s      -9615.38615225          0.19742750          2.61778757          0.00015153          0.00095669
   172   L1s      -9615.39561605          0.18679190          2.39386935          0.00020198          0.00127809
   173   L1s      -9615.40354245          0.24169695          6.73744024          0.00017262          0.00114024
   174   L1s      -9615.40673783          0.21929674          5.10821117          0.00007041          0.00049967
   175   L1s      -9615.41232450          0.22626998          5.95606569          0.00012486          0.00083718
   176   L1s      -9615.41540911          0.21318771          4.72386010          0.00006982          0.00047262
   177   L1s      -9615.42251479          0.19449083          3.77907653          0.00016306          0.00112977
   178   L0s      -9615.43013048          0.16180943          1.94033288          0.00016306          0.00115010
   179   L1s      -9615.43648841          0.25290571          5.58085864          0.00013501          0.00096365
   180   L1s      -9615.43956401          0.21734617          3.11780079          0.00006823          0.00051323
   181   L1s      -9615.44685098          0.17468238          2.06163258          0.00016393          0.00123290
   182   L0s      -9615.45423067          0.24545568          6.87715209          0.00016393          0.00131127
   183   L1s      -9615.45794395          0.20930513          3.78135041          0.00008478          0.00065309
   184   L1s      -9615.46375034          0.22823342          5.37134177          0.00014067          0.00111540
   185   L1s      -9615.46662788          0.21719168          5.38277634          0.00007045          0.00053266
   186   L1s      -9615.47209590          0.17620334          2.89237535          0.00013545          0.00096283
   187   L1s      -9615.47922950          0.17665560          3.89068304          0.00017981          0.00137274
   188   L1s      -9615.48218768          0.24831147          6.62758677          0.00007575          0.00059620
   189   L1s      -9615.48723440          0.17902479          4.14725440          0.00013028          0.00106084
   190   L1s      -9615.48953083          0.20309252          5.72462066          0.00006016          0.00049790
   191   L1s      -9615.49431639          0.13939754          1.34972431          0.00012686          0.00105191
   192   L0s      -9615.49933474          0.16963151          3.07574215          0.00012686          0.00106991
   193   L1s      -9615.50168759          0.21550917          4.86857390          0.00006206          0.00052928
   194   L1s      -9615.50548968          0.15862720          3.32196025          0.00010597          0.00090960
   195   L1s      -9615.50883414          0.20624870          5.10178298          0.00009478          0.00081001
   196   L1s      -9615.51162136          0.15467227          2.73243026          0.00007974          0.00067457
   197   L1s      -9615.51596915          0.16811478          3.26127084          0.00012644          0.00108198
   198   L1s      -9615.51743433          0.16768057          3.65889330          0.00004318          0.00037320
   199   L1s      -9615.52133420          0.13354611          1.33953477          0.00011647          0.00097806
   200   L0s      -9615.52530738          0.18551071          5.33917804          0.00011647          0.00094546
   201   L1s      -9615.52724997          0.14978994          2.73976292          0.00005870          0.00045196
   202   L1s      -9615.53054142          0.20602759          6.78551857          0.00010708          0.00081249
   203   L1s      -9615.53244064          0.12462404          1.92522158          0.00006223          0.00046242
   204   L1s      -9615.53608350          0.13102714          1.71608178          0.00012169          0.00090130
   205   L1s      -9615.53792416          0.18612869          5.78595762          0.00006253          0.00047495
   206   L1s      -9615.54050339          0.15173668          2.91393150          0.00008834          0.00069707
   207   L1s      -9615.54249581          0.18684146          5.73644271          0.00006907          0.00055842
   208   L1s      -9615.54550035          0.12960605          2.23978103          0.00010496          0.00089002
   209   L0s      -9615.54864130          0.13409092          2.84095958          0.00010496          0.00092352
   210   L1s      -9615.54988588          0.15752221          3.37117713          0.00004250          0.00038360
   211   L1s      -9615.55276916          0.14883589          3.39312286          0.00010397          0.00096012
   212   L1s      -9615.55447145          0.16144121          3.80883961          0.00006209          0.00058258
   213   L1s      -9615.55730646          0.11760699          1.15736808          0.00010436          0.00099875
   214   L1s      -9615.55982228          0.19785566          4.73071026          0.00009425          0.00090530
   215   L1s      -9615.56153674          0.11164375          1.70080050          0.00006461          0.00062383
   216   L1s      -9615.56382584          0.17393774          4.61872558          0.00008786          0.00084738
   217   L1s      -9615.56570988          0.12383387          1.65563513          0.00007285          0.00069770
   218   L1s      -9615.56872928          0.14438127          2.73966798          0.00011840          0.00112259
   219   L1s      -9615.56967277          0.12526344          2.35148314          0.00003738          0.00034913
   220   L1s      -9615.57239650          0.13080620          2.24701731          0.00010941          0.00100512
   221   L1s      -9615.57374430          0.13485094          2.81539068          0.00005477          0.00049511
   222   L1s      -9615.57543847          0.11482567          1.91396167          0.00006955          0.00061527
   223   L1s      -9615.57730487          0.18357306          4.85017585          0.00007775          0.00068280
   224   L0s      -9615.57900418          0.11897142          2.12130484          0.00007775          0.00067653
   225   L1s      -9615.58110012          0.11802475          2.36137779          0.00010798          0.00093486
   226   L1s      -9615.58210478          0.11551640          2.68284814          0.00004753          0.00041067
   227   L1s      -9615.58373372          0.09065419          1.34246610          0.00007791          0.00067680
----------------------------------------------------------------------------------------------------------------

Minimization converged.

-------------------  Conjugate Gradient Minimizer Statistics -------------------
Iterations             =            227  Function Calls         =            432
--------------------------------------------------------------------------------
