
#-----------------------------------------------------------------------------#
#                                                                             #
#                                EasyHybrid                                   #
#                   - A pDynamo graphical user interface -                    #
#                                                                             #
#-----------------------------------------------------------------------------#
#                                                                             #
#     Developed by Jose Fernando R Bachega and Luis Fernando S M Timmers      #
#                            <ferbachega@gmail.com>                           #
#                                                                             #
#             visit: https://sites.google.com/site/EasyHybrid/                #
#                   Univesity of Sao Paulo - SP, Brazil                       #
#      Pontifical Catholic University of Rio Grande do Sul - RS, Brazil       #
#                                                                             #
#                                                                             #
#   EasyHybrid team:                               Special thanks to:         #
#   - Jose Fernando R Bachega           |         - Fernando V Maluf          #
#   - Michele Silva                     |                                     #
#   - Luis Fernando S M Timmers         |                                     #
#   - Martin Field                      |         - Leonardo R Bachega        #
#   - Troy Wymore                       |         - Lucas Assirati            #
#   - Osmar Norberto de Souza           |         - Richard Garratt           #
#   - Walter R Paixao-Cortes            |                                     #
#                                                                             #
#   Cite this work as:                                                        #
#   J.F.R. Bachega, L.F.S.M. Timmers, L.Assirati, L.B. Bachega, M.J. Field,   #
#   T. Wymore. J. Comput. Chem. 2013, 34, 2190-2196. DOI: 10.1002/jcc.23346   #
#                                                                             #
#-----------------------------------------------------------------------------#

Generated on Wed Jun  5 18:02:57 2019


--------------------------------------------------------------------------------
                        Summary for System "12_ramon_new"
--------------------------------------------------------------------------------

---------------------------- Atom Container Summary ----------------------------
Number of Atoms        =           2173  Number of Heavy Atoms  =           1040
Number of Hydrogens    =           1133  Number of Unknowns     =              0
--------------------------------------------------------------------------------

----------------------------- Connectivity Summary -----------------------------
Atoms                  =           2173
--------------------------------------------------------------------------------

------------------------------- Electronic State -------------------------------
Charge                 =             -1  Multiplicity           =              1
--------------------------------------------------------------------------------

--------------------------------------------------------------------------------
                 Summary for Energy Model "AMBER/AM1DPHOT/ABFS"
--------------------------------------------------------------------------------

----------------------------------- Summary for MM Model "AMBER" -----------------------------------
LJ 1-4 Scaling                   =          0.500  El. 1-4 Scaling                  =          0.833
Number of MM Atoms               =           2173  Number of MM Atom Types          =             37
Number of Inactive MM Atoms      =             33  Total MM Charge                  =          -4.00
Harmonic Bond Terms              =           2169  Harmonic Bond Parameters         =             49
Harmonic Bond Inactive           =           1308  Fourier Improper Terms           =            320
Fourier Improper Parameters      =              3  Fourier Improper Inactive        =            164
Harmonic Angle Terms             =           3403  Harmonic Angle Parameters        =            103
Harmonic Angle Inactive          =           1938  Fourier Dihedral Terms           =           6697
Fourier Dihedral Parameters      =             48  Fourier Dihedral Inactive        =           3453
Exclusions                       =          10377  1-4 Interactions                 =           4805
LJ Parameters Form               =          AMBER  LJ Parameters Types              =             21
1-4 Lennard-Jones Form           =          AMBER  1-4 Lennard-Jones Types          =             21
----------------------------------------------------------------------------------------------------

------------------------ Summary for QC Model "AM1DPHOT" -----------------------
Number of QC Atoms     =             39  Boundary Atoms         =              6
Nuclear Charge         =            129  Orbital Functions      =            113
Fitting Functions      =              0  Energy Base Line       =      189.57630
QC Parameter Centers   =              6
--------------------------------------------------------------------------------

----------------------------- ABFS NB Model Summary ----------------------------
Dielectric             =       1.000000  El. 1-4 Scaling        =       0.833333
Damping Cutoff         =       0.500000  Inner Cutoff           =       8.000000
List Cutoff            =      13.500000  Outer Cutoff           =      12.000000
QC/MM Coupling         =    RC Coupling  Use Centering          =          False
--------------------------------------------------------------------------------

-------------------------- Pairlist Generator Summary --------------------------
Cell Size              =          6.750  Cutoff                 =         13.500
Cutoff Cell Size Factor =          0.500  Grid Cell/Cell Method  =           True
Minimum Cell Extent    =              2  Minimum Cell Size      =          3.000
Minimum Extent Factor  =          1.500  Minimum Points         =            500
Sort Indices           =          False
--------------------------------------------------------------------------------

----------------------- SoftConstraint Container Summary -----------------------
Multiple Distance      =              2
--------------------------------------------------------------------------------

---------------------------- Hard Constraint Container Summary ---------------------------
Number of Charge Constraints  =            0  Number of Fixed Atoms         =         1351
------------------------------------------------------------------------------------------

------------------------------- Sequence Summary -------------------------------
Number of Atoms            =       2173  Number of Components       =        213
Number of Entities         =          1  Number of Linear Polymers  =          0
Number of Links            =          0  Number of Variants         =          0
--------------------------------------------------------------------------------

-------------------------------  Conjugate Gradient Minimizer Options ------------------------------
Beta Type                        =              1  Initial Step                     =            0.1
Line Searcher                    =           None  Log Frequency                    =              1
Maximum Iterations               =            500  Maximum Theta                    =          1e+10
Minimum Theta                    =          1e-10  RMS Gradient Tolerance           =            0.1
Steepest Descent Tolerance       =          0.001  Use Spectral Theta               =           True
----------------------------------------------------------------------------------------------------

----------------------------------------------------------------------------------------------------------------
  Iteration       Function          RMS Gradient        Max. |Grad.|          RMS Disp.         Max. |Disp.|
----------------------------------------------------------------------------------------------------------------
     0     I      -9301.61143578         76.63210451       2849.40477185          0.00201374          0.07487673
     1   L1s      -9446.96760545          5.82648494        158.33608189          0.00151365          0.03845733
     2   L1s      -9450.06722155          7.61383017        217.82428271          0.00043179          0.01405935
     3   L1s      -9454.67890138          3.66625546        106.11211261          0.00080580          0.01885163
     4   L1s      -9456.75334890          2.94544104         74.12093299          0.00058365          0.01437624
     5   L1s      -9457.10299837          2.06537019         48.42534277          0.00013825          0.00273115
     6   L1s      -9458.17047469          2.05625840         36.64015602          0.00059924          0.01060591
     7   L1s      -9458.51785988          2.30078061         56.36281462          0.00023868          0.00457542
     8   L1s      -9458.94610746          1.60307749         39.32784243          0.00033120          0.00611816
     9   L0s      -9459.29085877          1.26592166         22.10743209          0.00033120          0.00703335
    10   L1s      -9459.38918286          1.27242208         27.78297951          0.00011395          0.00225164
    11   L1s      -9459.53324908          0.85076642         13.31267641          0.00018562          0.00381352
    12   L1s      -9459.70962443          1.24460505         23.87549305          0.00028276          0.00636450
    13   L1s      -9459.79860192          1.04252448         23.14349750          0.00015387          0.00328396
    14   L1s      -9459.95288175          0.86328248         12.94725747          0.00029226          0.00675514
    15   L1s      -9460.06788566          1.56856052         48.44796924          0.00024411          0.00552784
    16   L1s      -9460.25516797          0.86806695         12.91775431          0.00040869          0.00951899
    17   L0s      -9460.42362738          0.95340592         17.05048602          0.00040869          0.01005486
    18   L1s      -9460.49654753          1.10715310         30.57706724          0.00018610          0.00431349
    19   L1s      -9460.61636055          0.84041149         14.26516043          0.00031609          0.00750316
    20   L0s      -9460.71769225          1.03819166         30.24910522          0.00031609          0.00739036
    21   L1s      -9460.76704637          0.81088436         11.99886062          0.00015164          0.00365032
    22   L1s      -9460.88273702          0.75111858          9.59800074          0.00032597          0.00795537
    23   L1s      -9460.97472250          1.09506530         31.89449927          0.00027760          0.00734907
    24   L1s      -9461.03131217          0.60195424          9.06814583          0.00017574          0.00454283
    25   L1s      -9461.10274333          0.68125354         11.76629436          0.00024044          0.00586313
    26   L1s      -9461.14171580          0.81967521         21.65891046          0.00013898          0.00363766
    27   L1s      -9461.20555638          0.62303233         13.24060005          0.00023632          0.00598124
    28   L0s      -9461.27035876          0.78131201         22.87938962          0.00023632          0.00598725
    29   L1s      -9461.30570580          0.57992233         12.02855411          0.00013806          0.00349210
    30   L1s      -9461.36462359          0.52035331          5.69909579          0.00027589          0.00675629
    31   L0s      -9461.41650088          0.85523232         26.66354941          0.00027589          0.00723794
    32   L1s      -9461.45116416          0.56116244          7.82617255          0.00017780          0.00450818
    33   L1s      -9461.50234173          0.55467847         11.50748697          0.00023326          0.00579812
    34   L1s      -9461.52619676          0.66043096         16.50236712          0.00011385          0.00289558
    35   L1s      -9461.58064565          0.61237401         13.82661189          0.00026860          0.00660361
    36   L1s      -9461.65758514          0.68483672         14.77025830          0.00039460          0.00991612
    37   L1s      -9461.68571882          0.69527181         16.06596979          0.00014736          0.00357180
    38   L1s      -9461.75680159          0.53564222          6.95401966          0.00038156          0.00913246
    39   L1s      -9461.81344690          0.67854165         17.40477688          0.00031426          0.00788390
    40   L1s      -9461.83795522          0.58061171         11.95052428          0.00013927          0.00324760
    41   L1s      -9461.89626565          0.56801993         11.97982735          0.00033999          0.00783423
    42   L1s      -9461.94048569          0.79814263         19.97267360          0.00026271          0.00603231
    43   L1s      -9461.97977253          0.56283406         12.85871331          0.00023659          0.00536980
    44   L1s      -9462.02903069          0.51389744         10.52613412          0.00030476          0.00680260
    45   L1s      -9462.05494230          0.71757816         19.42504142          0.00016442          0.00366177
    46   L1s      -9462.10256643          0.50411359          7.55867423          0.00030702          0.00678045
    47   L1s      -9462.15828241          0.61491901          7.91825398          0.00037022          0.00836122
    48   L1s      -9462.18700402          0.72412663         16.71207738          0.00019407          0.00425678
    49   L1s      -9462.24041679          0.43197503          6.96213931          0.00036606          0.00802409
    50   L1s      -9462.27448641          0.59387226         16.59339827          0.00023954          0.00553268
    51   L1s      -9462.29442792          0.49293900         10.21846004          0.00014264          0.00304870
    52   L1s      -9462.33111063          0.45649173          7.90959675          0.00026864          0.00556777
    53   L1s      -9462.35921995          0.72365607         21.00499443          0.00021085          0.00450531
    54   L1s      -9462.39732607          0.46996103          8.46384767          0.00028915          0.00614524
    55   L1s      -9462.44287036          0.55576033         11.51512936          0.00035533          0.00760357
    56   L1s      -9462.46403613          0.61023139         16.70586446          0.00016738          0.00348786
    57   L1s      -9462.50619511          0.40631759          4.12636338          0.00033769          0.00673597
    58   L0s      -9462.54556338          0.70093247         17.22792465          0.00033769          0.00710012
    59   L1s      -9462.56786313          0.45722310          6.31008214          0.00018709          0.00389194
    60   L1s      -9462.60108876          0.43249061          7.37644030          0.00025807          0.00499224
    61   L1s      -9462.62097080          0.60036915         18.76027503          0.00015865          0.00319529
    62   L1s      -9462.64948440          0.42721983          9.49076201          0.00023079          0.00436141
    63   L0s      -9462.67738766          0.44568761         10.87138710          0.00023079          0.00448605
    64   L1s      -9462.68975943          0.45735480          8.35315070          0.00010459          0.00202472
    65   L1s      -9462.72773597          0.38477831          5.21214506          0.00033115          0.00646130
    66   L1s      -9462.74729428          0.54949647         16.71943854          0.00017638          0.00341446
    67   L0s      -9462.76524960          0.41135102          8.27617765          0.00017638          0.00337538
    68   L1s      -9462.79025091          0.33984482          4.12322730          0.00026297          0.00489912
    69   L1s      -9462.80757152          0.49409653         12.19885149          0.00016875          0.00301738
    70   L1s      -9462.82191162          0.35561701          4.75547622          0.00014160          0.00248038
    71   L1s      -9462.84650007          0.35580653          4.78881413          0.00024916          0.00431634
    72   L1s      -9462.85927667          0.48780522         13.65844073          0.00013250          0.00221085
    73   L1s      -9462.88008369          0.31162447          2.95075778          0.00021862          0.00360715
    74   L0s      -9462.90056493          0.39604115          8.44516125          0.00021862          0.00358813
    75   L1s      -9462.91134928          0.40707950         12.41930042          0.00011799          0.00192686
    76   L1s      -9462.92962406          0.30974442          7.41147349          0.00020684          0.00334870
    77   L0s      -9462.94727118          0.34205052          6.19369910          0.00020684          0.00319583
    78   L1s      -9462.95605678          0.39198395          7.18199551          0.00010484          0.00161613
    79   L1s      -9462.97227104          0.26239730          3.37156475          0.00019520          0.00286734
    80   L1s      -9462.98543112          0.38620905         10.15424041          0.00016323          0.00230167
    81   L1s      -9462.99412326          0.31407698          5.98222622          0.00010933          0.00151188
    82   L1s      -9463.01105435          0.29363756          4.71626486          0.00021740          0.00287075
    83   L1s      -9463.02494439          0.44725786         13.87751959          0.00018219          0.00238355
    84   L1s      -9463.03599839          0.28202909          4.49397435          0.00014641          0.00188275
    85   L1s      -9463.05248227          0.31694907          5.10050451          0.00022350          0.00296737
    86   L1s      -9463.06705191          0.44666718          9.73342693          0.00020107          0.00251759
    87   L1s      -9463.07839444          0.30311046          5.61752523          0.00015795          0.00197902
    88   L1s      -9463.09730415          0.31864683          5.56918038          0.00026820          0.00350962
    89   L1s      -9463.10708508          0.43498025         12.36142613          0.00014100          0.00169900
    90   L1s      -9463.12731562          0.33910551          6.17279028          0.00029438          0.00367023
    91   L0s      -9463.14595790          0.39637706          7.45864218          0.00029438          0.00371809
    92   L1s      -9463.15710440          0.44876169         12.70594401          0.00017418          0.00213976
    93   L1s      -9463.17802794          0.29578955          3.20442833          0.00031235          0.00371812
    94   L0s      -9463.19702883          0.41378016         10.34951688          0.00031235          0.00351542
    95   L1s      -9463.20548232          0.35621340          6.27021275          0.00013468          0.00153373
    96   L1s      -9463.22524419          0.29636645          3.74206693          0.00028760          0.00329910
    97   L1s      -9463.23845768          0.48191072         15.04877057          0.00019613          0.00209863
    98   L1s      -9463.25424059          0.32106905          4.60030948          0.00023609          0.00253647
    99   L1s      -9463.27410369          0.38196886          7.69431767          0.00030149          0.00323634
   100   L1s      -9463.28445533          0.41307601          8.05730252          0.00015889          0.00175812
   101   L1s      -9463.30266832          0.30026740          4.09640425          0.00028182          0.00319624
   102   L0s      -9463.32193281          0.38267726         10.52886675          0.00028182          0.00324643
   103   L1s      -9463.33101623          0.34675549          8.44960183          0.00013822          0.00163718
   104   L1s      -9463.34895060          0.28534234          4.42187745          0.00030101          0.00364428
   105   L0s      -9463.36605686          0.39655729          9.39870018          0.00030101          0.00369973
   106   L1s      -9463.37491954          0.35105128          7.00721950          0.00015460          0.00188272
   107   L1s      -9463.39063082          0.28382387          4.38199931          0.00026581          0.00317202
   108   L1s      -9463.40377177          0.40269158         11.86307072          0.00022591          0.00272845
   109   L1s      -9463.41297778          0.28910048          4.83985971          0.00015938          0.00185669
   110   L1s      -9463.42821424          0.29044156          3.66058923          0.00026731          0.00302321
   111   L1s      -9463.43931951          0.42972770         12.12740380          0.00019767          0.00223500
   112   L0s      -9463.45084410          0.24465560          3.19623519          0.00019767          0.00214362
   113   L1s      -9463.46673384          0.29734597          6.75374105          0.00025398          0.00269974
   114   L1s      -9463.47290364          0.34140579          9.14622241          0.00010259          0.00108437
   115   L1s      -9463.48814173          0.27605931          4.71352878          0.00025594          0.00266313
   116   L0s      -9463.50201984          0.35136822          9.14652970          0.00025594          0.00266865
   117   L1s      -9463.50870619          0.33158031          7.29552807          0.00012058          0.00125590
   118   L1s      -9463.52312690          0.28698210          7.55651543          0.00024137          0.00251041
   119   L0s      -9463.53738994          0.36490536         10.40961345          0.00024137          0.00249735
   120   L1s      -9463.54422780          0.28651249          6.05216944          0.00011682          0.00125370
   121   L1s      -9463.55762474          0.23665341          2.83289599          0.00023317          0.00273528
   122   L1s      -9463.56488487          0.35415282          8.45059449          0.00012887          0.00142381
   123   L1s      -9463.57330232          0.24100746          2.76567779          0.00015072          0.00164081
   124   L1s      -9463.58551285          0.32458600          8.85615579          0.00022250          0.00261436
   125   L1s      -9463.59144114          0.27809151          5.93042229          0.00010909          0.00117116
   126   L1s      -9463.60239126          0.24292306          5.60624359          0.00020393          0.00215454
   127   L1s      -9463.60997569          0.31853640          8.04959166          0.00014317          0.00159504
   128   L1s      -9463.61560654          0.22594588          3.34237301          0.00010725          0.00112317
   129   L1s      -9463.62914448          0.24903939          4.83052327          0.00026219          0.00277762
   130   L1s      -9463.63412088          0.30786263          8.48293906          0.00009759          0.00102866
   131   L1s      -9463.64299291          0.20848240          3.88268994          0.00017554          0.00184711
   132   L0s      -9463.65108012          0.25884766          5.67015501          0.00017554          0.00186651
   133   L1s      -9463.65494899          0.26592173          6.34884039          0.00008261          0.00087911
   134   L1s      -9463.66503590          0.22132503          5.91567273          0.00020387          0.00222926
   135   L1s      -9463.67171109          0.26337124          6.92582455          0.00013712          0.00155322
   136   L1s      -9463.67545281          0.21335520          4.82004992          0.00007770          0.00090802
   137   L1s      -9463.68300166          0.19634220          2.80740854          0.00015942          0.00191599
   138   L1s      -9463.68791289          0.29414106          7.97943119          0.00010572          0.00130860
   139   L1s      -9463.69367829          0.19002724          2.79230720          0.00012515          0.00158551
   140   L1s      -9463.70132558          0.27959578          7.36811070          0.00016920          0.00212204
   141   L1s      -9463.70528282          0.20301451          4.02526190          0.00008830          0.00112728
   142   L1s      -9463.71335758          0.21505617          4.21049724          0.00018273          0.00232362
   143   L1s      -9463.71710205          0.26336606          7.06796887          0.00008579          0.00107422
   144   L1s      -9463.72375733          0.19912047          4.12061808          0.00015389          0.00189446
   145   L1s      -9463.73161883          0.25538717          6.67197097          0.00018464          0.00225880
   146   L1s      -9463.73535906          0.23729443          5.77405252          0.00008858          0.00107477
   147   L1s      -9463.74306995          0.20128894          2.94219538          0.00018449          0.00221886
   148   L0s      -9463.75048851          0.30808889         10.07201977          0.00018449          0.00220706
   149   L1s      -9463.75512911          0.21459722          3.02336621          0.00011439          0.00133683
   150   L1s      -9463.76309276          0.19735160          3.30420883          0.00018905          0.00212432
   151   L1s      -9463.76664129          0.26568032          7.16627839          0.00008553          0.00095330
   152   L1s      -9463.77368367          0.21351204          5.24635976          0.00017106          0.00185898
   153   L1s      -9463.77970365          0.24325001          7.03333262          0.00014772          0.00153588
   154   L1s      -9463.78285811          0.18246556          2.87486994          0.00007811          0.00078639
   155   L1s      -9463.78815937          0.17800531          2.67141089          0.00013321          0.00129405
   156   L1s      -9463.79087223          0.23384961          5.82683334          0.00006921          0.00064457
   157   L1s      -9463.79670585          0.16161853          2.25484921          0.00015024          0.00144101
   158   L1s      -9463.80161124          0.23900542          6.59147084          0.00012878          0.00124851
   159   L1s      -9463.80443475          0.16927488          2.19607341          0.00007471          0.00073759
   160   L1s      -9463.80979408          0.14853275          1.71840926          0.00014410          0.00144945
   161   L1s      -9463.81190326          0.20652085          5.31522339          0.00005787          0.00058671
   162   L1s      -9463.81564191          0.14423382          2.07217891          0.00010361          0.00106124
   163   L1s      -9463.81973519          0.21074510          5.79774282          0.00011571          0.00118603
   164   L1s      -9463.82226016          0.17473194          3.03385766          0.00007201          0.00073654
   165   L1s      -9463.82678212          0.17489353          2.79189201          0.00013061          0.00132724
   166   L1s      -9463.82958128          0.22384427          5.62740412          0.00008184          0.00082753
   167   L1s      -9463.83398024          0.15147547          3.00995731          0.00012961          0.00129181
   168   L1s      -9463.83773221          0.19729245          6.06824618          0.00011242          0.00110739
   169   L1s      -9463.83967229          0.14587408          2.47073822          0.00005865          0.00056356
   170   L1s      -9463.84357230          0.14171523          2.25337825          0.00011992          0.00111358
   171   L1s      -9463.84596194          0.20755113          6.77392797          0.00007477          0.00068302
   172   L1s      -9463.84886460          0.13914831          2.48628780          0.00009152          0.00080765
   173   L1s      -9463.85264147          0.16258732          3.11680726          0.00012110          0.00104941
   174   L1s      -9463.85441962          0.16914568          4.32746657          0.00005770          0.00049336
   175   L1s      -9463.85723274          0.12326129          1.56589829          0.00009226          0.00077553
   176   L1s      -9463.85951247          0.18826703          5.81376543          0.00007621          0.00063681
   177   L0s      -9463.86165012          0.12888353          1.80587753          0.00007621          0.00063249
   178   L1s      -9463.86489920          0.15787304          3.10379885          0.00012446          0.00103313
   179   L1s      -9463.86618688          0.13406278          2.16527115          0.00004798          0.00040013
   180   L1s      -9463.86944380          0.11894779          2.01603036          0.00012294          0.00105065
   181   L1s      -9463.87146522          0.17264631          5.70445187          0.00007756          0.00067247
   182   L1s      -9463.87307457          0.10636937          1.49422874          0.00006220          0.00056119
   183   L1s      -9463.87539986          0.12420147          2.65995149          0.00009160          0.00084547
   184   L1s      -9463.87673562          0.14891872          3.96065931          0.00005333          0.00049881
   185   L1s      -9463.87863397          0.11201805          2.58105697          0.00007650          0.00072886
   186   L0s      -9463.88051863          0.14946521          4.48239194          0.00007650          0.00073605
   187   L1s      -9463.88187543          0.12065232          2.10770369          0.00005578          0.00054478
   188   L1s      -9463.88484122          0.12505896          2.16927976          0.00012512          0.00123674
   189   L1s      -9463.88622415          0.16197796          4.36891261          0.00005904          0.00058645
   190   L1s      -9463.88847935          0.09657831          1.29744957          0.00009694          0.00096360
----------------------------------------------------------------------------------------------------------------

Minimization converged.

-------------------  Conjugate Gradient Minimizer Statistics -------------------
Iterations             =            190  Function Calls         =            360
--------------------------------------------------------------------------------
