
#-----------------------------------------------------------------------------#
#                                                                             #
#                                EasyHybrid                                   #
#                   - A pDynamo graphical user interface -                    #
#                                                                             #
#-----------------------------------------------------------------------------#
#                                                                             #
#     Developed by Jose Fernando R Bachega and Luis Fernando S M Timmers      #
#                            <ferbachega@gmail.com>                           #
#                                                                             #
#             visit: https://sites.google.com/site/EasyHybrid/                #
#                   Univesity of Sao Paulo - SP, Brazil                       #
#      Pontifical Catholic University of Rio Grande do Sul - RS, Brazil       #
#                                                                             #
#                                                                             #
#   EasyHybrid team:                               Special thanks to:         #
#   - Jose Fernando R Bachega           |         - Fernando V Maluf          #
#   - Michele Silva                     |                                     #
#   - Luis Fernando S M Timmers         |                                     #
#   - Martin Field                      |         - Leonardo R Bachega        #
#   - Troy Wymore                       |         - Lucas Assirati            #
#   - Osmar Norberto de Souza           |         - Richard Garratt           #
#   - Walter R Paixao-Cortes            |                                     #
#                                                                             #
#   Cite this work as:                                                        #
#   J.F.R. Bachega, L.F.S.M. Timmers, L.Assirati, L.B. Bachega, M.J. Field,   #
#   T. Wymore. J. Comput. Chem. 2013, 34, 2190-2196. DOI: 10.1002/jcc.23346   #
#                                                                             #
#-----------------------------------------------------------------------------#

Generated on Wed Jun  5 17:58:59 2019


--------------------------------------------------------------------------------
                        Summary for System "12_ramon_new"
--------------------------------------------------------------------------------

---------------------------- Atom Container Summary ----------------------------
Number of Atoms        =           2173  Number of Heavy Atoms  =           1040
Number of Hydrogens    =           1133  Number of Unknowns     =              0
--------------------------------------------------------------------------------

----------------------------- Connectivity Summary -----------------------------
Atoms                  =           2173
--------------------------------------------------------------------------------

------------------------------- Electronic State -------------------------------
Charge                 =             -1  Multiplicity           =              1
--------------------------------------------------------------------------------

--------------------------------------------------------------------------------
                 Summary for Energy Model "AMBER/AM1DPHOT/ABFS"
--------------------------------------------------------------------------------

----------------------------------- Summary for MM Model "AMBER" -----------------------------------
LJ 1-4 Scaling                   =          0.500  El. 1-4 Scaling                  =          0.833
Number of MM Atoms               =           2173  Number of MM Atom Types          =             37
Number of Inactive MM Atoms      =             33  Total MM Charge                  =          -4.00
Harmonic Bond Terms              =           2169  Harmonic Bond Parameters         =             49
Harmonic Bond Inactive           =           1308  Fourier Improper Terms           =            320
Fourier Improper Parameters      =              3  Fourier Improper Inactive        =            164
Harmonic Angle Terms             =           3403  Harmonic Angle Parameters        =            103
Harmonic Angle Inactive          =           1938  Fourier Dihedral Terms           =           6697
Fourier Dihedral Parameters      =             48  Fourier Dihedral Inactive        =           3453
Exclusions                       =          10377  1-4 Interactions                 =           4805
LJ Parameters Form               =          AMBER  LJ Parameters Types              =             21
1-4 Lennard-Jones Form           =          AMBER  1-4 Lennard-Jones Types          =             21
----------------------------------------------------------------------------------------------------

------------------------ Summary for QC Model "AM1DPHOT" -----------------------
Number of QC Atoms     =             39  Boundary Atoms         =              6
Nuclear Charge         =            129  Orbital Functions      =            113
Fitting Functions      =              0  Energy Base Line       =      189.57630
QC Parameter Centers   =              6
--------------------------------------------------------------------------------

----------------------------- ABFS NB Model Summary ----------------------------
Dielectric             =       1.000000  El. 1-4 Scaling        =       0.833333
Damping Cutoff         =       0.500000  Inner Cutoff           =       8.000000
List Cutoff            =      13.500000  Outer Cutoff           =      12.000000
QC/MM Coupling         =    RC Coupling  Use Centering          =          False
--------------------------------------------------------------------------------

-------------------------- Pairlist Generator Summary --------------------------
Cell Size              =          6.750  Cutoff                 =         13.500
Cutoff Cell Size Factor =          0.500  Grid Cell/Cell Method  =           True
Minimum Cell Extent    =              2  Minimum Cell Size      =          3.000
Minimum Extent Factor  =          1.500  Minimum Points         =            500
Sort Indices           =          False
--------------------------------------------------------------------------------

----------------------- SoftConstraint Container Summary -----------------------
Multiple Distance      =              2
--------------------------------------------------------------------------------

---------------------------- Hard Constraint Container Summary ---------------------------
Number of Charge Constraints  =            0  Number of Fixed Atoms         =         1351
------------------------------------------------------------------------------------------

------------------------------- Sequence Summary -------------------------------
Number of Atoms            =       2173  Number of Components       =        213
Number of Entities         =          1  Number of Linear Polymers  =          0
Number of Links            =          0  Number of Variants         =          0
--------------------------------------------------------------------------------

-------------------------------  Conjugate Gradient Minimizer Options ------------------------------
Beta Type                        =              1  Initial Step                     =            0.1
Line Searcher                    =           None  Log Frequency                    =              1
Maximum Iterations               =            500  Maximum Theta                    =          1e+10
Minimum Theta                    =          1e-10  RMS Gradient Tolerance           =            0.1
Steepest Descent Tolerance       =          0.001  Use Spectral Theta               =           True
----------------------------------------------------------------------------------------------------

----------------------------------------------------------------------------------------------------------------
  Iteration       Function          RMS Gradient        Max. |Grad.|          RMS Disp.         Max. |Disp.|
----------------------------------------------------------------------------------------------------------------
     0     I      -9452.42273044         77.97092538       2983.53880320          0.00201374          0.07705529
     1   L1s      -9598.26231193          6.90214600        182.71803997          0.00152696          0.04025799
     2   L1s      -9599.96556509          3.99948139         95.54306386          0.00020072          0.00554146
     3   L1s      -9602.40011056          3.25069653         76.54441732          0.00057385          0.01770391
     4   L1s      -9604.83204456          2.67383815         58.97307075          0.00082418          0.02111480
     5   L1s      -9605.25148222          2.73648244         66.43075379          0.00019100          0.00374394
     6   L1s      -9605.86623482          1.30576885         31.34527312          0.00033274          0.00774740
     7   L0s      -9606.24686583          1.57808997         25.07757280          0.00033274          0.00746038
     8   L1s      -9606.48610310          2.09039121         50.84962907          0.00023445          0.00507475
     9   L1s      -9606.88709238          1.11460822         20.87534641          0.00041439          0.00943383
    10   L1s      -9607.03351235          1.44943741         34.82321096          0.00018482          0.00399266
    11   L1s      -9607.14737948          1.04352484         27.04668935          0.00015714          0.00357899
    12   L1s      -9607.28854192          0.74543092         15.83206144          0.00022392          0.00498679
    13   L1s      -9607.42322186          0.80316943         19.64229077          0.00025962          0.00593976
    14   L1s      -9607.45605582          0.64325340         11.68655122          0.00007143          0.00144666
    15   L1s      -9607.53247365          0.48354116          8.89171775          0.00019202          0.00347229
    16   L1s      -9607.57853680          0.82745928         23.14659793          0.00013922          0.00271253
    17   L1s      -9607.60994869          0.47500039          7.53372176          0.00009973          0.00186557
    18   L1s      -9607.65120270          0.40391402          6.53615454          0.00014852          0.00240126
    19   L1s      -9607.66962022          0.57286155         13.70108089          0.00007586          0.00122014
    20   L1s      -9607.69825545          0.37400087          8.57402090          0.00012475          0.00187323
    21   L1s      -9607.71782693          0.30089468          6.28534626          0.00009536          0.00139609
    22   L0s      -9607.73541486          0.46141887         10.23603837          0.00009536          0.00134244
    23   L1s      -9607.74591409          0.31998126          4.59927227          0.00006076          0.00082227
    24   L1s      -9607.76265037          0.30125287          5.85813778          0.00011022          0.00137324
    25   L1s      -9607.77192726          0.42578675         12.71156129          0.00006606          0.00084159
    26   L1s      -9607.79209601          0.27888300          3.02342926          0.00014870          0.00191939
    27   L1s      -9607.80779831          0.35492803          6.95033430          0.00012461          0.00139274
    28   L1s      -9607.81401400          0.30209045          4.74647258          0.00005130          0.00060853
    29   L1s      -9607.82738398          0.25965692          4.15285698          0.00011602          0.00131202
    30   L0s      -9607.84022084          0.29186247          6.13466748          0.00011602          0.00118308
    31   L1s      -9607.84725167          0.34159289          9.03882311          0.00006685          0.00062844
    32   L1s      -9607.85978679          0.26074556          3.52526314          0.00012446          0.00113442
    33   L1s      -9607.86700547          0.36089620          9.85048321          0.00007516          0.00069759
    34   L1s      -9607.87561266          0.23727693          3.93415023          0.00009166          0.00083366
    35   L1s      -9607.88633370          0.18544723          2.11229320          0.00011994          0.00116194
    36   L1s      -9607.89384690          0.27671829          7.30351905          0.00009021          0.00086727
    37   L1s      -9607.89813316          0.25442194          5.66648499          0.00005298          0.00049621
    38   L1s      -9607.90679521          0.21947676          3.88481599          0.00011058          0.00096720
    39   L1s      -9607.91273329          0.31602631          8.09207991          0.00007896          0.00066509
    40   L1s      -9607.92069785          0.23081287          3.36007168          0.00010786          0.00087672
    41   L1s      -9607.93020783          0.20997185          2.87630712          0.00013304          0.00092989
    42   L1s      -9607.93489520          0.30675801          8.80311711          0.00006802          0.00046901
    43   L1s      -9607.94118513          0.17173752          1.80958114          0.00009279          0.00070502
    44   L1s      -9607.94988678          0.22911181          4.12603753          0.00013482          0.00110037
    45   L1s      -9607.95719109          0.29362642          9.15856584          0.00011609          0.00100433
    46   L1s      -9607.96216418          0.22486708          3.27925059          0.00008023          0.00075500
    47   L1s      -9607.96935714          0.25372477          6.97882408          0.00011892          0.00117846
    48   L1s      -9607.97298895          0.22985119          5.61658437          0.00006116          0.00063852
    49   L1s      -9607.98168179          0.17739192          1.93267608          0.00014956          0.00164361
    50   L0s      -9607.99012354          0.19414393          3.33119043          0.00014956          0.00166213
    51   L1s      -9607.99250019          0.22054756          3.81078127          0.00004329          0.00048270
    52   L1s      -9607.99932794          0.19645362          4.79757579          0.00012742          0.00140130
    53   L1s      -9608.00466635          0.21014569          4.56790456          0.00010200          0.00109777
    54   L1s      -9608.00773818          0.20849807          4.82690137          0.00005988          0.00062777
    55   L1s      -9608.01351127          0.15507132          1.83772849          0.00011478          0.00113275
    56   L1s      -9608.01733416          0.26786516          6.46732466          0.00007864          0.00075943
    57   L1s      -9608.02174667          0.19781165          3.51456716          0.00009174          0.00084955
    58   L1s      -9608.03083059          0.16582713          2.53100634          0.00019250          0.00168489
    59   L1s      -9608.03672097          0.22732850          6.72850737          0.00012809          0.00109576
    60   L1s      -9608.03952296          0.20306128          4.16052706          0.00006175          0.00051614
    61   L1s      -9608.04581218          0.21604305          4.50621096          0.00014086          0.00116651
    62   L1s      -9608.04925663          0.22447522          5.27773215          0.00007822          0.00064557
    63   L1s      -9608.05389922          0.17056784          3.14496953          0.00010675          0.00088467
    64   L1s      -9608.05986142          0.15650569          1.91204868          0.00013997          0.00117953
    65   L1s      -9608.06329528          0.27601535          8.22533592          0.00008255          0.00070074
    66   L1s      -9608.06864469          0.16709045          2.33159063          0.00012956          0.00113032
    67   L1s      -9608.07484209          0.15987895          2.45674410          0.00015313          0.00138414
    68   L1s      -9608.07762000          0.20627346          6.02936402          0.00007007          0.00064642
    69   L1s      -9608.08073104          0.15609219          2.82738504          0.00007942          0.00075697
    70   L1s      -9608.08436803          0.20077422          6.02211293          0.00009474          0.00091783
    71   L1s      -9608.08654983          0.16973441          3.27784164          0.00005751          0.00056807
    72   L1s      -9608.09166958          0.14571801          1.82439001          0.00013717          0.00137812
    73   L1s      -9608.09614658          0.14982686          2.17337873          0.00012248          0.00124060
    74   L1s      -9608.09832077          0.20795191          4.64225302          0.00006064          0.00061529
    75   L1s      -9608.10151647          0.13745629          1.69874317          0.00008999          0.00090907
    76   L0s      -9608.10495608          0.14576763          3.56337865          0.00008999          0.00089492
    77   L1s      -9608.10644307          0.13468967          2.95376005          0.00004032          0.00039401
    78   L1s      -9608.10904013          0.12718878          1.80555407          0.00008022          0.00076226
    79   L1s      -9608.11217704          0.17853759          4.53711274          0.00009892          0.00092325
    80   L1s      -9608.11374996          0.14224859          2.06445028          0.00005011          0.00045363
    81   L1s      -9608.11680548          0.11869607          2.22410506          0.00009891          0.00085365
    82   L1s      -9608.11848080          0.16599037          4.58616541          0.00005544          0.00046663
    83   L1s      -9608.12071960          0.11803485          1.69684738          0.00007488          0.00060817
    84   L1s      -9608.12358626          0.13866733          2.18843686          0.00009788          0.00082680
    85   L1s      -9608.12515349          0.16941227          3.94295210          0.00005429          0.00046947
    86   L1s      -9608.12741277          0.12264747          1.91952637          0.00007901          0.00070880
    87   L1s      -9608.12997477          0.14088363          3.64053055          0.00009119          0.00083456
    88   L1s      -9608.13112657          0.11870653          2.05994121          0.00004153          0.00038876
    89   L1s      -9608.13376460          0.09647878          1.27239909          0.00009679          0.00092204
----------------------------------------------------------------------------------------------------------------

Minimization converged.

-------------------  Conjugate Gradient Minimizer Statistics -------------------
Iterations             =             89  Function Calls         =            174
--------------------------------------------------------------------------------
