
#-----------------------------------------------------------------------------#
#                                                                             #
#                                EasyHybrid                                   #
#                   - A pDynamo graphical user interface -                    #
#                                                                             #
#-----------------------------------------------------------------------------#
#                                                                             #
#     Developed by Jose Fernando R Bachega and Luis Fernando S M Timmers      #
#                            <ferbachega@gmail.com>                           #
#                                                                             #
#             visit: https://sites.google.com/site/EasyHybrid/                #
#                   Univesity of Sao Paulo - SP, Brazil                       #
#      Pontifical Catholic University of Rio Grande do Sul - RS, Brazil       #
#                                                                             #
#                                                                             #
#   EasyHybrid team:                               Special thanks to:         #
#   - Jose Fernando R Bachega           |         - Fernando V Maluf          #
#   - Michele Silva                     |                                     #
#   - Luis Fernando S M Timmers         |                                     #
#   - Martin Field                      |         - Leonardo R Bachega        #
#   - Troy Wymore                       |         - Lucas Assirati            #
#   - Osmar Norberto de Souza           |         - Richard Garratt           #
#   - Walter R Paixao-Cortes            |                                     #
#                                                                             #
#   Cite this work as:                                                        #
#   J.F.R. Bachega, L.F.S.M. Timmers, L.Assirati, L.B. Bachega, M.J. Field,   #
#   T. Wymore. J. Comput. Chem. 2013, 34, 2190-2196. DOI: 10.1002/jcc.23346   #
#                                                                             #
#-----------------------------------------------------------------------------#

Generated on Wed Jun  5 18:00:58 2019


--------------------------------------------------------------------------------
                        Summary for System "12_ramon_new"
--------------------------------------------------------------------------------

---------------------------- Atom Container Summary ----------------------------
Number of Atoms        =           2173  Number of Heavy Atoms  =           1040
Number of Hydrogens    =           1133  Number of Unknowns     =              0
--------------------------------------------------------------------------------

----------------------------- Connectivity Summary -----------------------------
Atoms                  =           2173
--------------------------------------------------------------------------------

------------------------------- Electronic State -------------------------------
Charge                 =             -1  Multiplicity           =              1
--------------------------------------------------------------------------------

--------------------------------------------------------------------------------
                 Summary for Energy Model "AMBER/AM1DPHOT/ABFS"
--------------------------------------------------------------------------------

----------------------------------- Summary for MM Model "AMBER" -----------------------------------
LJ 1-4 Scaling                   =          0.500  El. 1-4 Scaling                  =          0.833
Number of MM Atoms               =           2173  Number of MM Atom Types          =             37
Number of Inactive MM Atoms      =             33  Total MM Charge                  =          -4.00
Harmonic Bond Terms              =           2169  Harmonic Bond Parameters         =             49
Harmonic Bond Inactive           =           1308  Fourier Improper Terms           =            320
Fourier Improper Parameters      =              3  Fourier Improper Inactive        =            164
Harmonic Angle Terms             =           3403  Harmonic Angle Parameters        =            103
Harmonic Angle Inactive          =           1938  Fourier Dihedral Terms           =           6697
Fourier Dihedral Parameters      =             48  Fourier Dihedral Inactive        =           3453
Exclusions                       =          10377  1-4 Interactions                 =           4805
LJ Parameters Form               =          AMBER  LJ Parameters Types              =             21
1-4 Lennard-Jones Form           =          AMBER  1-4 Lennard-Jones Types          =             21
----------------------------------------------------------------------------------------------------

------------------------ Summary for QC Model "AM1DPHOT" -----------------------
Number of QC Atoms     =             39  Boundary Atoms         =              6
Nuclear Charge         =            129  Orbital Functions      =            113
Fitting Functions      =              0  Energy Base Line       =      189.57630
QC Parameter Centers   =              6
--------------------------------------------------------------------------------

----------------------------- ABFS NB Model Summary ----------------------------
Dielectric             =       1.000000  El. 1-4 Scaling        =       0.833333
Damping Cutoff         =       0.500000  Inner Cutoff           =       8.000000
List Cutoff            =      13.500000  Outer Cutoff           =      12.000000
QC/MM Coupling         =    RC Coupling  Use Centering          =          False
--------------------------------------------------------------------------------

-------------------------- Pairlist Generator Summary --------------------------
Cell Size              =          6.750  Cutoff                 =         13.500
Cutoff Cell Size Factor =          0.500  Grid Cell/Cell Method  =           True
Minimum Cell Extent    =              2  Minimum Cell Size      =          3.000
Minimum Extent Factor  =          1.500  Minimum Points         =            500
Sort Indices           =          False
--------------------------------------------------------------------------------

----------------------- SoftConstraint Container Summary -----------------------
Multiple Distance      =              2
--------------------------------------------------------------------------------

---------------------------- Hard Constraint Container Summary ---------------------------
Number of Charge Constraints  =            0  Number of Fixed Atoms         =         1351
------------------------------------------------------------------------------------------

------------------------------- Sequence Summary -------------------------------
Number of Atoms            =       2173  Number of Components       =        213
Number of Entities         =          1  Number of Linear Polymers  =          0
Number of Links            =          0  Number of Variants         =          0
--------------------------------------------------------------------------------

-------------------------------  Conjugate Gradient Minimizer Options ------------------------------
Beta Type                        =              1  Initial Step                     =            0.1
Line Searcher                    =           None  Log Frequency                    =              1
Maximum Iterations               =            500  Maximum Theta                    =          1e+10
Minimum Theta                    =          1e-10  RMS Gradient Tolerance           =            0.1
Steepest Descent Tolerance       =          0.001  Use Spectral Theta               =           True
----------------------------------------------------------------------------------------------------

----------------------------------------------------------------------------------------------------------------
  Iteration       Function          RMS Gradient        Max. |Grad.|          RMS Disp.         Max. |Disp.|
----------------------------------------------------------------------------------------------------------------
     0     I      -9409.42160503         78.38253802       2986.22626086          0.00201374          0.07671969
     1   L1s      -9557.81652150          5.78801595        151.43769623          0.00151094          0.03910116
     2   L1s      -9559.38853639          4.99635346        139.95285760          0.00022090          0.00772245
     3   L1s      -9562.74200003          2.98767382         83.88015312          0.00071880          0.01584281
     4   L1s      -9564.17019081          2.89071503         73.69122512          0.00049047          0.01217424
     5   L1s      -9564.47541951          1.79442755         40.46722070          0.00013577          0.00274958
     6   L1s      -9565.31278406          2.09202699         36.56921332          0.00053275          0.00994884
     7   L1s      -9565.59099037          2.04335930         45.62052829          0.00020672          0.00402890
     8   L1s      -9566.00331572          1.53548191         38.50975901          0.00034830          0.00558941
     9   L0s      -9566.33842719          1.35982515         26.88520877          0.00034830          0.00629965
    10   L1s      -9566.41998202          1.13124398         19.81876838          0.00009747          0.00165634
    11   L1s      -9566.57882921          0.87793459         16.01686283          0.00021231          0.00385937
    12   L1s      -9566.72457258          1.13398190         29.42440013          0.00023645          0.00523064
    13   L1s      -9566.79234524          0.92879683         22.20394045          0.00012010          0.00232037
    14   L1s      -9566.92260523          0.80358036         15.80048905          0.00025707          0.00531354
    15   L1s      -9566.95980264          0.85420738         24.51755912          0.00008245          0.00169677
    16   L1s      -9567.09599088          0.72888142         12.36128894          0.00032852          0.00659690
    17   L1s      -9567.18859603          0.82823667         16.28828900          0.00024578          0.00549662
    18   L1s      -9567.23208827          0.89436446         24.68099571          0.00012294          0.00243398
    19   L1s      -9567.33271211          0.76396252         13.29289412          0.00029916          0.00578155
    20   L1s      -9567.39746660          0.94620401         24.44633207          0.00020570          0.00425490
    21   L1s      -9567.44901098          0.57990979          8.78399344          0.00016945          0.00335071
    22   L1s      -9567.52746262          0.67329072         10.19382805          0.00028091          0.00603596
    23   L1s      -9567.56894044          0.95403788         19.60020163          0.00015723          0.00318558
    24   L1s      -9567.64928559          0.54994174          6.69508647          0.00031248          0.00669353
    25   L1s      -9567.70448035          0.70389664         16.51175936          0.00023129          0.00513160
    26   L1s      -9567.73392307          0.63637793         13.13385031          0.00012767          0.00284730
    27   L1s      -9567.79513107          0.54811773          8.94895216          0.00027717          0.00607056
    28   L1s      -9567.82260544          0.67168482         18.82601720          0.00013121          0.00302595
    29   L0s      -9567.85014221          0.42992895          6.59763382          0.00013121          0.00309958
    30   L1s      -9567.88944018          0.40887250          6.37548097          0.00019387          0.00445656
    31   L1s      -9567.90596162          0.60766670         19.65449386          0.00008984          0.00229201
    32   L1s      -9567.94189718          0.43130898          6.96460573          0.00020131          0.00531201
    33   L1s      -9567.96329954          0.57600669         18.18364471          0.00012703          0.00331201
    34   L1s      -9567.98223831          0.32353381          6.04355741          0.00011546          0.00320645
    35   L1s      -9568.00475590          0.42342979          9.38093615          0.00014845          0.00399024
    36   L1s      -9568.02114877          0.55761877         10.88968001          0.00011263          0.00315000
    37   L1s      -9568.04318034          0.33813325          5.93164458          0.00015477          0.00427618
    38   L1s      -9568.07459413          0.52587892         14.66034257          0.00023431          0.00608575
    39   L1s      -9568.08922922          0.43232831          9.44607577          0.00011153          0.00300683
    40   L1s      -9568.11556446          0.38831144          7.45668673          0.00020701          0.00533970
    41   L1s      -9568.12709793          0.48146966         14.14440464          0.00009412          0.00239270
    42   L1s      -9568.15080817          0.35555100          5.25088435          0.00019737          0.00485644
    43   L1s      -9568.17696265          0.39528951          7.80136392          0.00022574          0.00513684
    44   L1s      -9568.18671395          0.41868885         11.39586576          0.00008640          0.00202148
    45   L1s      -9568.20533820          0.32187466          4.45028580          0.00016907          0.00386707
    46   L1s      -9568.21987405          0.48844046         13.15461501          0.00013770          0.00308257
    47   L0s      -9568.23518945          0.31599213          4.09925695          0.00013770          0.00301790
    48   L1s      -9568.25740229          0.39364597          8.03775924          0.00019020          0.00433095
    49   L1s      -9568.26657449          0.40353231          9.27767996          0.00008376          0.00189762
    50   L1s      -9568.28479579          0.28370679          5.40666552          0.00017033          0.00398097
    51   L0s      -9568.30151976          0.39476111         10.26285331          0.00017033          0.00404827
    52   L1s      -9568.30908649          0.33943016          7.27952152          0.00007715          0.00183127
    53   L1s      -9568.32585120          0.32581635          7.44793814          0.00016769          0.00415832
    54   L1s      -9568.33776015          0.45258539         11.43225061          0.00012282          0.00290978
    55   L1s      -9568.35149398          0.29440333          6.05281840          0.00014366          0.00341988
    56   L1s      -9568.36667241          0.35673891          9.61190289          0.00016460          0.00413864
    57   L1s      -9568.37247374          0.27711503          6.11113310          0.00006413          0.00150241
    58   L1s      -9568.38740909          0.25347631          3.70250255          0.00017103          0.00383625
    59   L1s      -9568.39749837          0.39388314         11.62656826          0.00012040          0.00283861
    60   L1s      -9568.40565138          0.26817852          4.90351979          0.00009877          0.00219959
    61   L1s      -9568.41724098          0.26417619          4.56723836          0.00014493          0.00299443
    62   L1s      -9568.42219258          0.29522713          6.64618796          0.00006392          0.00137091
    63   L1s      -9568.43127530          0.21986695          3.08817474          0.00011989          0.00241484
    64   L0s      -9568.43945598          0.37036399         12.30809616          0.00011989          0.00240572
    65   L1s      -9568.44520892          0.21112237          3.51592042          0.00008155          0.00155104
    66   L1s      -9568.45511782          0.27958038          6.28045267          0.00011981          0.00220459
    67   L1s      -9568.46050046          0.31551309          7.50206083          0.00006692          0.00121957
    68   L1s      -9568.46912960          0.19755720          4.50061159          0.00010955          0.00197675
    69   L1s      -9568.47483868          0.30154460          7.27292187          0.00007618          0.00131188
    70   L0s      -9568.47996614          0.22256565          5.16629882          0.00007618          0.00137963
    71   L1s      -9568.48691086          0.24950060          6.36126207          0.00011269          0.00223745
    72   L1s      -9568.49032196          0.22997804          5.65429477          0.00005307          0.00099548
    73   L1s      -9568.49722159          0.16791017          2.81993012          0.00011003          0.00210810
    74   L1s      -9568.50197133          0.28560336          7.89361350          0.00007906          0.00156826
    75   L0s      -9568.50623546          0.19879663          3.60950387          0.00007906          0.00152926
    76   L1s      -9568.51325099          0.22252627          5.12197646          0.00014466          0.00295662
    77   L1s      -9568.51617511          0.20061784          4.50466885          0.00005712          0.00109447
    78   L1s      -9568.52087876          0.16881872          2.88761325          0.00009384          0.00177946
    79   L0s      -9568.52509368          0.24276772          6.66125462          0.00009384          0.00181724
    80   L1s      -9568.52754941          0.15259976          1.74303991          0.00005296          0.00094207
    81   L1s      -9568.53139449          0.16567890          3.21648481          0.00007040          0.00130074
    82   L1s      -9568.53320499          0.16937850          3.16093442          0.00003431          0.00057887
    83   L1s      -9568.53632555          0.13347019          2.38525875          0.00006100          0.00094922
    84   L1s      -9568.53842624          0.19833302          5.95577424          0.00004300          0.00072117
    85   L1s      -9568.54100117          0.13386052          2.36324496          0.00005375          0.00082198
    86   L1s      -9568.54441874          0.14371905          3.03076654          0.00007429          0.00109161
    87   L1s      -9568.54601134          0.17591671          4.57827354          0.00003576          0.00051370
    88   L1s      -9568.54901317          0.13603179          1.84943230          0.00006882          0.00086989
    89   L1s      -9568.55143254          0.19818482          6.44860839          0.00005731          0.00078440
    90   L0s      -9568.55378160          0.12157995          1.67238070          0.00005731          0.00070376
    91   L1s      -9568.55689875          0.15616383          3.80457564          0.00008060          0.00102531
    92   L1s      -9568.55818804          0.14619674          2.57168115          0.00003373          0.00040663
    93   L1s      -9568.56167584          0.12575052          1.46851382          0.00009329          0.00120633
    94   L1s      -9568.56339552          0.17575893          4.31078722          0.00004734          0.00057732
    95   L1s      -9568.56583851          0.14056607          2.50052128          0.00006818          0.00083352
    96   L1s      -9568.56929437          0.20308395          5.83158981          0.00009851          0.00129876
    97   L1s      -9568.57128363          0.13991347          2.18143471          0.00005725          0.00070590
    98   L1s      -9568.57443314          0.12947940          1.93509279          0.00009247          0.00115022
    99   L1s      -9568.57653681          0.19032522          5.63242572          0.00006322          0.00077543
   100   L0s      -9568.57874996          0.11627802          1.58761145          0.00006322          0.00078391
   101   L0s      -9568.58101265          0.17867059          5.54059545          0.00006322          0.00077494
   102   L1s      -9568.58260629          0.12867941          2.29780721          0.00004483          0.00051830
   103   L1s      -9568.58555194          0.13531827          2.60519731          0.00007744          0.00095181
   104   L1s      -9568.58693473          0.16385079          4.40656611          0.00003730          0.00040432
   105   L1s      -9568.58928065          0.12451311          2.86495115          0.00006433          0.00069861
   106   L1s      -9568.59274050          0.16064064          4.54772588          0.00009748          0.00117463
   107   L1s      -9568.59402254          0.14171223          3.02090029          0.00003670          0.00039827
   108   L1s      -9568.59725669          0.12946074          1.73682482          0.00009440          0.00096543
   109   L1s      -9568.59874591          0.16661100          4.21813491          0.00004444          0.00050494
   110   L1s      -9568.60096638          0.11279947          1.54020119          0.00006715          0.00074322
   111   L1s      -9568.60354723          0.19783454          6.35852050          0.00008025          0.00088470
   112   L1s      -9568.60545139          0.12561549          1.83694850          0.00005971          0.00064717
   113   L1s      -9568.60863629          0.13561629          3.02078967          0.00010196          0.00109905
   114   L1s      -9568.61033871          0.17850007          5.37434161          0.00005544          0.00060223
   115   L1s      -9568.61251088          0.12009372          2.88145111          0.00007142          0.00078058
   116   L1s      -9568.61522947          0.14832625          2.99294700          0.00009124          0.00099378
   117   L1s      -9568.61635902          0.12604192          2.64136442          0.00003841          0.00041599
   118   L1s      -9568.61886209          0.12939978          2.26888487          0.00008663          0.00094098
   119   L1s      -9568.62039333          0.18437724          5.82002368          0.00005385          0.00058809
   120   L1s      -9568.62396738          0.13253953          2.40897844          0.00012669          0.00142292
   121   L1s      -9568.62711107          0.17875928          4.71162911          0.00011318          0.00129378
   122   L1s      -9568.62866451          0.14518565          2.70150068          0.00005636          0.00066095
   123   L1s      -9568.63223604          0.13222337          2.38159673          0.00013111          0.00156996
   124   L1s      -9568.63433199          0.18884171          6.18045401          0.00007802          0.00094152
   125   L0s      -9568.63647334          0.12528940          1.94906115          0.00007802          0.00095359
   126   L1s      -9568.63910185          0.15900726          3.68659832          0.00009394          0.00115725
   127   L1s      -9568.64037687          0.12949133          2.05996606          0.00004678          0.00058283
   128   L1s      -9568.64397804          0.14117060          2.71848147          0.00013403          0.00168124
   129   L1s      -9568.64550434          0.17557551          5.05836682          0.00005746          0.00072291
   130   L1s      -9568.64819370          0.11874185          2.44129995          0.00010200          0.00128498
   131   L0s      -9568.65083502          0.16325717          4.56230619          0.00010200          0.00128544
   132   L1s      -9568.65212652          0.12764825          2.46889416          0.00005023          0.00063431
   133   L1s      -9568.65453047          0.12769543          2.70466904          0.00009446          0.00120319
   134   L1s      -9568.65602270          0.17491809          4.77230064          0.00005939          0.00076152
   135   L1s      -9568.65895942          0.12913834          2.74413515          0.00011765          0.00153554
   136   L1s      -9568.66150114          0.18040377          5.39386153          0.00010304          0.00135552
   137   L1s      -9568.66304454          0.12448104          2.10923988          0.00006295          0.00083980
   138   L1s      -9568.66631677          0.12990775          2.45452737          0.00013513          0.00181634
   139   L1s      -9568.66774100          0.17796387          5.43310350          0.00005948          0.00080318
   140   L1s      -9568.67099499          0.13276737          2.58202737          0.00013672          0.00187288
   141   L1s      -9568.67319926          0.17099562          4.66976748          0.00009360          0.00129661
   142   L1s      -9568.67476990          0.12252489          2.24905596          0.00006711          0.00095156
   143   L1s      -9568.67741136          0.13534832          3.02345568          0.00011420          0.00164178
   144   L1s      -9568.67852733          0.14757036          3.90202288          0.00004870          0.00070579
   145   L1s      -9568.68173449          0.12107639          2.00197092          0.00014107          0.00203211
   146   L1s      -9568.68399159          0.18847272          6.15277411          0.00010042          0.00143981
   147   L1s      -9568.68577396          0.11699487          2.27931418          0.00007966          0.00112774
   148   L1s      -9568.68826800          0.14197212          2.72656976          0.00011282          0.00159538
   149   L1s      -9568.68954917          0.15105065          2.87997343          0.00005842          0.00082854
   150   L1s      -9568.69281943          0.13905430          3.47011825          0.00015017          0.00215799
   151   L1s      -9568.69476400          0.18746277          6.35588198          0.00009002          0.00130360
   152   L1s      -9568.69707166          0.13136106          3.08577403          0.00010730          0.00157535
   153   L1s      -9568.70073485          0.15408452          3.86822561          0.00017181          0.00253306
   154   L1s      -9568.70200970          0.15108979          3.64075906          0.00006016          0.00088994
   155   L1s      -9568.70543339          0.13274472          2.10199013          0.00016260          0.00242013
   156   L1s      -9568.70757379          0.19902887          6.31888573          0.00010246          0.00153089
   157   L1s      -9568.71018723          0.13323298          2.12018033          0.00012555          0.00189659
   158   L1s      -9568.71308505          0.17868235          5.19628182          0.00014028          0.00212878
   159   L1s      -9568.71465904          0.13796875          2.27143901          0.00007651          0.00116726
   160   L1s      -9568.71800459          0.13245575          2.03486718          0.00016382          0.00249802
   161   L1s      -9568.71991517          0.20020897          6.45730851          0.00009429          0.00143772
   162   L1s      -9568.72283336          0.13704298          2.31867201          0.00014450          0.00220951
   163   L1s      -9568.72643285          0.17973406          4.02220952          0.00017954          0.00276237
   164   L1s      -9568.72811453          0.15581027          3.13228858          0.00008422          0.00130878
   165   L1s      -9568.73206137          0.15529359          3.26483177          0.00019875          0.00311688
   166   L1s      -9568.73386797          0.18965318          5.55899636          0.00009144          0.00144014
   167   L1s      -9568.73754360          0.13938501          3.30050635          0.00018666          0.00293863
   168   L0s      -9568.74094766          0.22463078          6.92625703          0.00018666          0.00293551
   169   L1s      -9568.74324174          0.16845583          4.10574248          0.00012077          0.00189451
   170   L1s      -9568.74736823          0.15432959          2.97348447          0.00019319          0.00304273
   171   L1s      -9568.74943006          0.21065559          6.55537509          0.00009715          0.00153674
   172   L1s      -9568.75348063          0.14963301          3.11989014          0.00019151          0.00307590
   173   L1s      -9568.75632099          0.22083352          5.48224492          0.00013519          0.00218441
   174   L0s      -9568.75915915          0.14113318          2.71148397          0.00013519          0.00220615
   175   L1s      -9568.76276051          0.19740953          5.60076193          0.00017225          0.00281313
   176   L1s      -9568.76471718          0.16752463          3.19264764          0.00009402          0.00153427
   177   L1s      -9568.76986562          0.15870576          3.45427306          0.00024864          0.00405782
   178   L1s      -9568.77202529          0.21255423          6.33297002          0.00010485          0.00171346
   179   L1s      -9568.77572593          0.15914520          4.03793295          0.00018020          0.00296311
   180   L0s      -9568.77974403          0.19594388          4.85153112          0.00018020          0.00297247
   181   L1s      -9568.78194778          0.15896820          2.90406683          0.00010233          0.00169467
   182   L1s      -9568.78741099          0.20184869          5.40262585          0.00029113          0.00480508
   183   L1s      -9568.78967399          0.19810482          4.91565964          0.00012092          0.00198694
   184   L1s      -9568.79595469          0.17934113          2.30205545          0.00033669          0.00552166
   185   L1s      -9568.80052855          0.28575037          6.83687014          0.00024615          0.00404542
   186   L0s      -9568.80488335          0.17977615          2.31570566          0.00024615          0.00409424
   187   L1s      -9568.81089524          0.19244108          3.13006374          0.00036506          0.00614747
   188   L1s      -9568.81485992          0.27916381          8.47384184          0.00023093          0.00390607
   189   L1s      -9568.82034108          0.18582113          2.38840399          0.00031962          0.00542408
   190   L1s      -9568.82658464          0.25988139          7.09587971          0.00036443          0.00617342
   191   L1s      -9568.83002053          0.19314837          2.40007229          0.00020060          0.00337950
   192   L1s      -9568.83721069          0.20442347          3.28960821          0.00041999          0.00705153
   193   L1s      -9568.84010251          0.24369487          6.52351697          0.00016902          0.00283337
   194   L1s      -9568.84694401          0.17017432          2.18653703          0.00040019          0.00671156
   195   L0s      -9568.85410864          0.26629499          7.33562153          0.00040019          0.00670917
   196   L1s      -9568.85753876          0.19146587          3.20831693          0.00019743          0.00330754
   197   L1s      -9568.86558210          0.21634903          3.09700323          0.00050959          0.00854140
   198   L1s      -9568.87029409          0.29531600          7.38712996          0.00029886          0.00501557
   199   L1s      -9568.87745392          0.19709355          2.14888676          0.00045455          0.00767571
   200   L0s      -9568.88499157          0.28318192          7.78848255          0.00045455          0.00769974
   201   L1s      -9568.88900514          0.19156297          2.79407483          0.00024816          0.00422803
   202   L1s      -9568.89611497          0.20184875          4.08391026          0.00048881          0.00832310
   203   L1s      -9568.90258835          0.25079123          6.56159279          0.00044428          0.00753849
   204   L1s      -9568.90622904          0.21753129          3.06621042          0.00024944          0.00420841
   205   L1s      -9568.91488319          0.21681009          3.06363419          0.00059344          0.00998089
   206   L1s      -9568.91881772          0.27260182          6.98733105          0.00027020          0.00454209
   207   L1s      -9568.92500590          0.17487366          2.16234566          0.00042547          0.00718393
   208   L0s      -9568.93162442          0.18003457          3.52974469          0.00042547          0.00721531
   209   L1s      -9568.93447050          0.22691222          5.10378603          0.00018412          0.00312792
   210   L1s      -9568.94030584          0.17392594          2.00238034          0.00039547          0.00669391
   211   L1s      -9568.94461984          0.24427862          6.14585886          0.00029177          0.00492144
   212   L1s      -9568.94794865          0.18554909          2.95612674          0.00022496          0.00376739
   213   L1s      -9568.95456618          0.17543438          2.02857227          0.00044734          0.00745390
   214   L1s      -9568.95914917          0.24753751          5.92795710          0.00030975          0.00515748
   215   L1s      -9568.96265099          0.17125537          1.83192020          0.00023678          0.00397287
   216   L1s      -9568.96821793          0.18768174          3.53463269          0.00037742          0.00632657
   217   L1s      -9568.97045768          0.19955230          4.13562697          0.00015216          0.00254900
   218   L1s      -9568.97520020          0.16185161          2.43462825          0.00032278          0.00542493
   219   L1s      -9568.98053356          0.19972534          3.60213271          0.00036375          0.00612385
   220   L1s      -9568.98313641          0.20062973          3.66520266          0.00017768          0.00299501
   221   L1s      -9568.98836428          0.16772007          2.50182538          0.00035735          0.00602123
   222   L1s      -9568.99235481          0.24230307          5.46494924          0.00027289          0.00459087
   223   L1s      -9568.99564950          0.17738958          2.52230823          0.00022536          0.00379225
   224   L1s      -9569.00206427          0.16997535          1.84392290          0.00043913          0.00740476
   225   L1s      -9569.00556734          0.24666887          6.33573462          0.00023976          0.00404524
   226   L1s      -9569.00998342          0.16399123          2.21138845          0.00030238          0.00510889
   227   L1s      -9569.01624437          0.22427811          4.16026357          0.00042948          0.00726866
   228   L1s      -9569.01903988          0.21179037          3.57561051          0.00019185          0.00325342
   229   L1s      -9569.02574255          0.16586697          1.86299880          0.00046049          0.00781740
   230   L1s      -9569.02994222          0.23681358          6.31929202          0.00028808          0.00488470
   231   L1s      -9569.03332494          0.17554252          2.63777541          0.00023196          0.00391588
   232   L1s      -9569.03866094          0.17566673          3.29372123          0.00036635          0.00615040
   233   L1s      -9569.04239378          0.24413177          6.05755022          0.00025659          0.00431364
   234   L0s      -9569.04579804          0.17166745          2.65202095          0.00025659          0.00436054
   235   L1s      -9569.05063503          0.18857423          4.67138707          0.00039809          0.00682739
   236   L1s      -9569.05314926          0.19569345          5.02030153          0.00019104          0.00330362
   237   L1s      -9569.05753892          0.16296294          2.46113551          0.00033379          0.00583579
   238   L0s      -9569.06218057          0.19056648          4.87971297          0.00033379          0.00587974
   239   L1s      -9569.06488828          0.19320635          5.01521057          0.00019767          0.00350854
   240   L1s      -9569.06979448          0.19299511          2.81712970          0.00037869          0.00677597
   241   L1s      -9569.07388674          0.23067428          5.93289258          0.00031605          0.00568604
   242   L1s      -9569.07712038          0.17220877          2.40410828          0.00024979          0.00453355
   243   L1s      -9569.08224006          0.18855230          4.22949166          0.00039575          0.00721596
   244   L1s      -9569.08446217          0.17391813          3.83152343          0.00017177          0.00314495
   245   L1s      -9569.08878969          0.17188314          2.59844848          0.00033458          0.00614233
   246   L0s      -9569.09304368          0.21669233          5.05646154          0.00033458          0.00615259
   247   L1s      -9569.09612785          0.18992619          3.97759949          0.00024111          0.00444386
   248   L1s      -9569.10077586          0.17267398          2.87576642          0.00035612          0.00658358
   249   L1s      -9569.10372777          0.23358054          4.89154644          0.00022657          0.00419445
   250   L1s      -9569.10836472          0.16165469          2.20686531          0.00035627          0.00660620
   251   L1s      -9569.11231298          0.21853232          6.31142952          0.00030402          0.00563909
   252   L1s      -9569.11548700          0.18613539          3.95337751          0.00024464          0.00453801
   253   L1s      -9569.12098599          0.18408675          3.04296816          0.00042439          0.00787723
   254   L1s      -9569.12513229          0.22590731          6.58024163          0.00031999          0.00594540
   255   L1s      -9569.12833535          0.16469723          3.19634675          0.00024710          0.00460327
   256   L1s      -9569.13240786          0.17706786          3.30921481          0.00031420          0.00586667
   257   L1s      -9569.13458532          0.18903587          4.04301783          0.00016802          0.00314246
   258   L1s      -9569.13872224          0.15779758          2.39899305          0.00031947          0.00598126
   259   L1s      -9569.14212667          0.22396057          5.88229907          0.00026314          0.00492780
   260   L0s      -9569.14563816          0.16320763          2.20357280          0.00026314          0.00492903
   261   L1s      -9569.15053492          0.17838865          2.75839045          0.00035747          0.00670571
   262   L1s      -9569.15405624          0.23022461          6.41525342          0.00026436          0.00496641
   263   L0s      -9569.15788859          0.15409979          1.85670425          0.00026436          0.00498513
   264   L0s      -9569.16260430          0.17867902          4.20422386          0.00026436          0.00499557
   265   L1s      -9569.16498127          0.19922111          4.58621954          0.00014415          0.00272832
   266   L1s      -9569.17094985          0.15814756          1.57550854          0.00039383          0.00745555
   267   L0s      -9569.17683319          0.20208284          4.87810136          0.00039383          0.00745543
   268   L1s      -9569.17921156          0.19540804          3.94712339          0.00015847          0.00299963
   269   L1s      -9569.18417048          0.16667740          2.37674941          0.00032643          0.00617801
   270   L1s      -9569.18836748          0.23335401          6.30356971          0.00027687          0.00523579
   271   L1s      -9569.19166241          0.19055705          3.48307451          0.00021762          0.00410551
   272   L1s      -9569.19847452          0.16342330          2.05718068          0.00045083          0.00844075
   273   L1s      -9569.20246349          0.22711575          5.51953608          0.00026471          0.00493334
   274   L1s      -9569.20529043          0.17350525          2.25318709          0.00018785          0.00347203
   275   L1s      -9569.21109259          0.17203892          2.09344023          0.00038663          0.00709165
   276   L1s      -9569.21543444          0.25573270          8.25599443          0.00029021          0.00530620
   277   L0s      -9569.21938059          0.19083133          3.42735023          0.00029021          0.00528166
   278   L1s      -9569.22424944          0.18253446          2.84191541          0.00038482          0.00696351
   279   L1s      -9569.22751486          0.24456659          5.95524996          0.00023179          0.00418057
   280   L1s      -9569.23249799          0.17267571          2.11238778          0.00035414          0.00634318
   281   L0s      -9569.23752911          0.21629159          5.62793731          0.00035414          0.00631650
   282   L1s      -9569.24076143          0.20893598          4.57763177          0.00022872          0.00406223
   283   L1s      -9569.24610716          0.17902920          2.36196255          0.00038341          0.00677287
   284   L1s      -9569.25039527          0.22317615          5.52815959          0.00030777          0.00541764
   285   L1s      -9569.25327502          0.17732518          2.98594404          0.00020675          0.00361844
   286   L1s      -9569.25837983          0.17637626          3.42956036          0.00036709          0.00638256
   287   L1s      -9569.26085624          0.20143615          5.77511651          0.00017838          0.00308534
   288   L1s      -9569.26500134          0.16615306          2.19916540          0.00029903          0.00513035
   289   L0s      -9569.26949173          0.17335616          3.96581924          0.00029903          0.00508882
   290   L1s      -9569.27183045          0.18509364          3.99499241          0.00015736          0.00265845
   291   L1s      -9569.27556115          0.16627565          2.79216846          0.00027068          0.00452492
   292   L0s      -9569.27932546          0.21713363          5.52132152          0.00027068          0.00449158
   293   L1s      -9569.28239827          0.17888694          3.38815550          0.00022231          0.00364335
   294   L1s      -9569.28802316          0.18084168          4.03231753          0.00041462          0.00669450
   295   L1s      -9569.29092960          0.21033980          5.28701975          0.00021438          0.00342147
   296   L1s      -9569.29474706          0.17503207          2.21909919          0.00028178          0.00442140
   297   L0s      -9569.29889670          0.18621594          3.87868172          0.00028178          0.00435916
   298   L1s      -9569.30185408          0.21190560          4.27777740          0.00020331          0.00311363
   299   L1s      -9569.30714174          0.18018429          3.11225273          0.00038920          0.00589295
   300   L1s      -9569.31104344          0.22236746          5.71270663          0.00028784          0.00432866
   301   L0s      -9569.31471719          0.20677051          4.76446551          0.00028784          0.00429670
   302   L1s      -9569.31886018          0.17527798          2.50603007          0.00032803          0.00484115
   303   L1s      -9569.32213711          0.21668308          5.12772964          0.00023942          0.00350539
   304   L0s      -9569.32541754          0.16199343          2.69854871          0.00023942          0.00345204
   305   L0s      -9569.32901524          0.17369736          3.25948863          0.00023942          0.00340384
   306   L1s      -9569.33213750          0.19832676          5.53400264          0.00021138          0.00297234
   307   L0s      -9569.33526228          0.14356437          1.98072683          0.00021138          0.00290140
   308   L1s      -9569.33941082          0.18764379          3.37857417          0.00026168          0.00353716
   309   L1s      -9569.34191897          0.20340862          4.76896537          0.00016516          0.00220191
   310   L1s      -9569.34678964          0.17142893          2.03816347          0.00032133          0.00419431
   311   L1s      -9569.35090893          0.20980076          5.94554387          0.00027241          0.00350418
   312   L1s      -9569.35352443          0.17145984          3.40868452          0.00017326          0.00218003
   313   L1s      -9569.35801962          0.16279914          2.08496321          0.00029851          0.00366809
   314   L1s      -9569.36178486          0.23859900          4.65481214          0.00025076          0.00304961
   315   L0s      -9569.36531011          0.18891522          3.08246524          0.00025076          0.00304527
   316   L1s      -9569.36965023          0.16415020          3.26456521          0.00032072          0.00391650
   317   L1s      -9569.37204013          0.19252559          4.89867668          0.00016183          0.00198194
   318   L1s      -9569.37526586          0.16321924          2.50953493          0.00021883          0.00267837
   319   L1s      -9569.37933183          0.17567825          3.90837066          0.00027654          0.00336042
   320   L1s      -9569.38164708          0.19502851          4.01632920          0.00015781          0.00190285
   321   L1s      -9569.38582870          0.16657749          2.32625722          0.00028558          0.00340411
   322   L1s      -9569.38926446          0.19881089          5.19008112          0.00023533          0.00278988
   323   L1s      -9569.39181379          0.16777327          3.30207704          0.00017494          0.00206624
   324   L1s      -9569.39597300          0.16254779          2.40400116          0.00028620          0.00338919
   325   L1s      -9569.39887891          0.20369686          4.89099654          0.00020049          0.00238066
   326   L0s      -9569.40161894          0.15993287          1.99958127          0.00020049          0.00239071
   327   L1s      -9569.40494890          0.17774702          3.85814624          0.00025263          0.00301463
   328   L1s      -9569.40738958          0.18304983          4.47621716          0.00017703          0.00211042
   329   L1s      -9569.41079776          0.16641646          2.75339850          0.00024765          0.00294170
   330   L0s      -9569.41440282          0.17521573          3.94079839          0.00024765          0.00292656
   331   L1s      -9569.41665238          0.15957499          3.99729859          0.00015577          0.00182736
   332   L1s      -9569.41951137          0.16144926          2.37344995          0.00021281          0.00247223
   333   L1s      -9569.42204143          0.17194431          3.66744131          0.00018871          0.00216841
   334   L1s      -9569.42421330          0.15034626          2.55996276          0.00016229          0.00183421
   335   L1s      -9569.42730544          0.16686052          3.85916232          0.00023165          0.00258190
   336   L1s      -9569.42954925          0.16645625          3.99258320          0.00016847          0.00185446
   337   L1s      -9569.43217660          0.14746415          2.48087286          0.00019771          0.00218607
   338   L0s      -9569.43464516          0.17994464          3.61721617          0.00019771          0.00219412
   339   L1s      -9569.43670285          0.15150867          2.43909332          0.00016195          0.00179936
   340   L1s      -9569.43957076          0.15198836          3.39327601          0.00020841          0.00230316
   341   L1s      -9569.44162629          0.17771450          4.30466865          0.00014979          0.00164549
   342   L1s      -9569.44455295          0.13533529          2.08694272          0.00021370          0.00233422
   343   L1s      -9569.44712163          0.16385477          4.28682384          0.00018817          0.00204211
   344   L1s      -9569.44892675          0.14685713          2.81349852          0.00013252          0.00142620
   345   L1s      -9569.45125963          0.13129351          1.99037740          0.00017173          0.00183857
   346   L1s      -9569.45307068          0.16625502          3.88670720          0.00013377          0.00142252
   347   L1s      -9569.45522433          0.13419126          2.51747976          0.00015941          0.00166359
   348   L1s      -9569.45811860          0.15294467          3.33555659          0.00021495          0.00219671
   349   L1s      -9569.45977713          0.14785224          3.75925103          0.00012348          0.00123420
   350   L1s      -9569.46200109          0.12983853          1.79078001          0.00016606          0.00162810
   351   L0s      -9569.46400878          0.16911286          3.87195988          0.00016606          0.00162520
   352   L1s      -9569.46544135          0.12405801          1.85482650          0.00011407          0.00112401
   353   L1s      -9569.46833765          0.13481570          2.11306543          0.00019288          0.00191604
   354   L1s      -9569.47011007          0.16662409          4.01023334          0.00011852          0.00117935
   355   L1s      -9569.47226193          0.11941200          1.38807564          0.00014427          0.00142291
   356   L1s      -9569.47542931          0.12981208          2.28933437          0.00021343          0.00206317
   357   L1s      -9569.47701476          0.17374792          4.89871616          0.00010729          0.00102449
   358   L1s      -9569.47971062          0.12488330          1.60344339          0.00018287          0.00170455
   359   L1s      -9569.48163612          0.14316466          4.17247724          0.00013121          0.00120031
   360   L1s      -9569.48294132          0.13233373          2.68035425          0.00008926          0.00079785
   361   L1s      -9569.48573425          0.10943881          1.12931068          0.00019179          0.00168448
   362   L0s      -9569.48829293          0.18221200          5.48324680          0.00019179          0.00169400
   363   L1s      -9569.48989789          0.13100811          2.23384805          0.00011443          0.00102168
   364   L1s      -9569.49248410          0.12484203          1.61570919          0.00015867          0.00143457
   365   L1s      -9569.49442011          0.18501625          5.38257296          0.00011943          0.00108566
   366   L1s      -9569.49656768          0.11207046          1.26521068          0.00013284          0.00122369
   367   L1s      -9569.49934665          0.11400301          1.21633281          0.00017306          0.00161278
   368   L0s      -9569.50185075          0.14147892          2.81639719          0.00017306          0.00163121
   369   L1s      -9569.50292760          0.13937844          2.58465095          0.00007218          0.00068835
   370   L1s      -9569.50516776          0.10802770          1.33408354          0.00013688          0.00133067
   371   L0s      -9569.50758617          0.12309445          2.43984468          0.00013688          0.00134329
   372   L1s      -9569.50870748          0.13259892          2.74087190          0.00006523          0.00064560
   373   L1s      -9569.51127652          0.11332871          1.23909785          0.00016169          0.00162383
   374   L0s      -9569.51376546          0.12105259          1.65255386          0.00016169          0.00165067
   375   L1s      -9569.51533629          0.16987308          5.08046300          0.00010225          0.00105116
   376   L1s      -9569.51734353          0.11655050          1.18781838          0.00012938          0.00134324
   377   L1s      -9569.52021539          0.14887573          4.21156629          0.00018620          0.00193712
   378   L1s      -9569.52158220          0.14111824          3.23045985          0.00008894          0.00092675
   379   L1s      -9569.52403462          0.10679647          1.32933972          0.00016021          0.00167715
   380   L0s      -9569.52640144          0.12354728          1.95347909          0.00016021          0.00167709
   381   L1s      -9569.52807074          0.16781869          4.51501676          0.00011268          0.00117682
   382   L0s      -9569.52986653          0.10371344          1.10048273          0.00011268          0.00116125
   383   L1s      -9569.53210725          0.12959793          2.86240884          0.00012762          0.00131076
   384   L1s      -9569.53308080          0.12012804          2.11934023          0.00005772          0.00059194
   385   L1s      -9569.53535319          0.10873843          1.99907405          0.00013560          0.00139336
   386   L0s      -9569.53769452          0.10014673          1.37904501          0.00013560          0.00139647
   387   L1s      -9569.53889588          0.15776699          4.96865171          0.00006983          0.00072060
   388   L1s      -9569.54083356          0.09831594          1.09051161          0.00011477          0.00119517
----------------------------------------------------------------------------------------------------------------

Minimization converged.

-------------------  Conjugate Gradient Minimizer Statistics -------------------
Iterations             =            388  Function Calls         =            729
--------------------------------------------------------------------------------
