
#-----------------------------------------------------------------------------#
#                                                                             #
#                                EasyHybrid                                   #
#                   - A pDynamo graphical user interface -                    #
#                                                                             #
#-----------------------------------------------------------------------------#
#                                                                             #
#     Developed by Jose Fernando R Bachega and Luis Fernando S M Timmers      #
#                            <ferbachega@gmail.com>                           #
#                                                                             #
#             visit: https://sites.google.com/site/EasyHybrid/                #
#                   Univesity of Sao Paulo - SP, Brazil                       #
#      Pontifical Catholic University of Rio Grande do Sul - RS, Brazil       #
#                                                                             #
#                                                                             #
#   EasyHybrid team:                               Special thanks to:         #
#   - Jose Fernando R Bachega           |         - Fernando V Maluf          #
#   - Michele Silva                     |                                     #
#   - Luis Fernando S M Timmers         |                                     #
#   - Martin Field                      |         - Leonardo R Bachega        #
#   - Troy Wymore                       |         - Lucas Assirati            #
#   - Osmar Norberto de Souza           |         - Richard Garratt           #
#   - Walter R Paixao-Cortes            |                                     #
#                                                                             #
#   Cite this work as:                                                        #
#   J.F.R. Bachega, L.F.S.M. Timmers, L.Assirati, L.B. Bachega, M.J. Field,   #
#   T. Wymore. J. Comput. Chem. 2013, 34, 2190-2196. DOI: 10.1002/jcc.23346   #
#                                                                             #
#-----------------------------------------------------------------------------#

Generated on Wed Jun  5 18:01:50 2019


--------------------------------------------------------------------------------
                        Summary for System "12_ramon_new"
--------------------------------------------------------------------------------

---------------------------- Atom Container Summary ----------------------------
Number of Atoms        =           2173  Number of Heavy Atoms  =           1040
Number of Hydrogens    =           1133  Number of Unknowns     =              0
--------------------------------------------------------------------------------

----------------------------- Connectivity Summary -----------------------------
Atoms                  =           2173
--------------------------------------------------------------------------------

------------------------------- Electronic State -------------------------------
Charge                 =             -1  Multiplicity           =              1
--------------------------------------------------------------------------------

--------------------------------------------------------------------------------
                 Summary for Energy Model "AMBER/AM1DPHOT/ABFS"
--------------------------------------------------------------------------------

----------------------------------- Summary for MM Model "AMBER" -----------------------------------
LJ 1-4 Scaling                   =          0.500  El. 1-4 Scaling                  =          0.833
Number of MM Atoms               =           2173  Number of MM Atom Types          =             37
Number of Inactive MM Atoms      =             33  Total MM Charge                  =          -4.00
Harmonic Bond Terms              =           2169  Harmonic Bond Parameters         =             49
Harmonic Bond Inactive           =           1308  Fourier Improper Terms           =            320
Fourier Improper Parameters      =              3  Fourier Improper Inactive        =            164
Harmonic Angle Terms             =           3403  Harmonic Angle Parameters        =            103
Harmonic Angle Inactive          =           1938  Fourier Dihedral Terms           =           6697
Fourier Dihedral Parameters      =             48  Fourier Dihedral Inactive        =           3453
Exclusions                       =          10377  1-4 Interactions                 =           4805
LJ Parameters Form               =          AMBER  LJ Parameters Types              =             21
1-4 Lennard-Jones Form           =          AMBER  1-4 Lennard-Jones Types          =             21
----------------------------------------------------------------------------------------------------

------------------------ Summary for QC Model "AM1DPHOT" -----------------------
Number of QC Atoms     =             39  Boundary Atoms         =              6
Nuclear Charge         =            129  Orbital Functions      =            113
Fitting Functions      =              0  Energy Base Line       =      189.57630
QC Parameter Centers   =              6
--------------------------------------------------------------------------------

----------------------------- ABFS NB Model Summary ----------------------------
Dielectric             =       1.000000  El. 1-4 Scaling        =       0.833333
Damping Cutoff         =       0.500000  Inner Cutoff           =       8.000000
List Cutoff            =      13.500000  Outer Cutoff           =      12.000000
QC/MM Coupling         =    RC Coupling  Use Centering          =          False
--------------------------------------------------------------------------------

-------------------------- Pairlist Generator Summary --------------------------
Cell Size              =          6.750  Cutoff                 =         13.500
Cutoff Cell Size Factor =          0.500  Grid Cell/Cell Method  =           True
Minimum Cell Extent    =              2  Minimum Cell Size      =          3.000
Minimum Extent Factor  =          1.500  Minimum Points         =            500
Sort Indices           =          False
--------------------------------------------------------------------------------

----------------------- SoftConstraint Container Summary -----------------------
Multiple Distance      =              2
--------------------------------------------------------------------------------

---------------------------- Hard Constraint Container Summary ---------------------------
Number of Charge Constraints  =            0  Number of Fixed Atoms         =         1351
------------------------------------------------------------------------------------------

------------------------------- Sequence Summary -------------------------------
Number of Atoms            =       2173  Number of Components       =        213
Number of Entities         =          1  Number of Linear Polymers  =          0
Number of Links            =          0  Number of Variants         =          0
--------------------------------------------------------------------------------

-------------------------------  Conjugate Gradient Minimizer Options ------------------------------
Beta Type                        =              1  Initial Step                     =            0.1
Line Searcher                    =           None  Log Frequency                    =              1
Maximum Iterations               =            500  Maximum Theta                    =          1e+10
Minimum Theta                    =          1e-10  RMS Gradient Tolerance           =            0.1
Steepest Descent Tolerance       =          0.001  Use Spectral Theta               =           True
----------------------------------------------------------------------------------------------------

----------------------------------------------------------------------------------------------------------------
  Iteration       Function          RMS Gradient        Max. |Grad.|          RMS Disp.         Max. |Disp.|
----------------------------------------------------------------------------------------------------------------
     0     I      -9428.33551738         77.08008497       2953.72545071          0.00201374          0.07716696
     1   L1s      -9572.82921282          5.25520651        143.40797535          0.00149725          0.03859218
     2   L1s      -9575.30943628          7.16761808        200.92213198          0.00038285          0.01223864
     3   L1s      -9578.96308933          3.37516166         96.01588692          0.00069561          0.01507680
     4   L0s      -9581.02961539          2.20363604         63.88129601          0.00069561          0.01457827
     5   L1s      -9581.83526160          3.91217830        129.70465371          0.00039812          0.00858432
     6   L0s      -9582.63798819          1.88414675         38.11657488          0.00039812          0.00849995
     7   L0s      -9583.31394569          2.19374708         51.05049862          0.00039812          0.00738833
     8   L1s      -9583.59383002          1.94380122         36.61195059          0.00019937          0.00452003
     9   L1s      -9583.93235103          1.14245980         20.38022090          0.00028566          0.00775267
    10   L1s      -9584.05441502          1.49555654         42.53383891          0.00013520          0.00336575
    11   L1s      -9584.20208299          0.99978801         22.64477688          0.00018195          0.00512081
    12   L1s      -9584.39523534          1.04909468         17.95055253          0.00028430          0.00841612
    13   L1s      -9584.51412045          1.50726173         35.06625068          0.00019745          0.00549915
    14   L1s      -9584.64893994          0.80845602         15.23487437          0.00023517          0.00647353
    15   L1s      -9584.83729572          1.31711945         42.00794853          0.00037942          0.01131979
    16   L1s      -9584.91919059          0.95865069         16.19281404          0.00017265          0.00468079
    17   L1s      -9585.09777566          1.05008768         19.21674145          0.00040532          0.01045352
    18   L1s      -9585.17690337          1.27550959         31.90979113          0.00019122          0.00494094
    19   L1s      -9585.35613568          1.06250375         24.52331077          0.00044673          0.01113488
    20   L1s      -9585.55349691          0.95439169         14.77667421          0.00051107          0.01333518
    21   L1s      -9585.62571060          1.28793598         36.72066982          0.00019765          0.00517684
    22   L1s      -9585.81947840          1.01246917         11.85566314          0.00054509          0.01424813
    23   L1s      -9585.97347088          1.47187809         47.22237998          0.00045130          0.01289014
    24   L1s      -9586.08670097          0.87329024         16.76469514          0.00033644          0.00952051
    25   L1s      -9586.24152681          1.15818804         25.62717507          0.00047415          0.01302415
    26   L1s      -9586.31131130          1.05212956         18.10411224          0.00021831          0.00633317
    27   L1s      -9586.47836448          0.87399045         18.90799653          0.00054198          0.01586439
    28   L1s      -9586.60925037          1.12479001         24.35256727          0.00044187          0.01211339
    29   L1s      -9586.67911857          1.00492255         18.48108249          0.00023985          0.00678234
    30   L1s      -9586.81761414          0.96184080         13.93649785          0.00048952          0.01432701
    31   L1s      -9586.90121540          1.28360428         33.87897834          0.00030589          0.00853927
    32   L1s      -9587.06604128          0.97834046         12.79238870          0.00061540          0.01760647
    33   L1s      -9587.30070420          1.08867626         27.29474567          0.00088521          0.02550214
    34   L1s      -9587.36248154          1.09119523         19.86007968          0.00023922          0.00661646
    35   L1s      -9587.62171839          1.20556258         22.30059715          0.00101361          0.02694285
    36   L1s      -9587.78397157          1.65585573         48.68653153          0.00063100          0.01752955
    37   L1s      -9587.97626441          1.15204773         16.72544266          0.00075284          0.02029602
    38   L1s      -9588.25635309          1.75615158         49.44079877          0.00113479          0.03057903
    39   L1s      -9588.39030518          1.16100898         20.34432539          0.00052533          0.01403096
    40   L1s      -9588.61066623          0.97730657         14.08547082          0.00084834          0.02206517
    41   L1s      -9588.72503638          1.41127323         45.01963336          0.00044738          0.01181245
    42   L1s      -9588.88728498          0.98380825         16.00771489          0.00064578          0.01633053
    43   L1s      -9589.03042619          0.95222442         17.27211368          0.00056997          0.01366876
    44   L1s      -9589.09602269          1.13854545         30.27522670          0.00026800          0.00628506
    45   L1s      -9589.23971317          0.81446938         11.08482571          0.00059421          0.01309045
    46   L1s      -9589.35307020          1.06440183         27.51184074          0.00047205          0.00962716
    47   L1s      -9589.41950447          0.88963312         18.42339456          0.00027924          0.00545238
    48   L1s      -9589.56637447          0.84196052         16.87849032          0.00062606          0.01137057
    49   L1s      -9589.62278004          1.04233915         24.35574907          0.00024212          0.00408872
    50   L1s      -9589.71994563          0.77346912         15.60884943          0.00042399          0.00639349
    51   L0s      -9589.81944748          0.83214100         21.84822361          0.00042399          0.00598772
    52   L1s      -9589.87479297          0.95754509         21.27828804          0.00024326          0.00300914
    53   L1s      -9590.01103466          0.82355128         10.32144637          0.00063376          0.00726309
    54   L1s      -9590.08100050          1.16031184         35.26525567          0.00033392          0.00389972
    55   L1s      -9590.17654191          0.70895065         11.62891896          0.00046023          0.00550646
    56   L1s      -9590.28683681          0.69365529         11.67327468          0.00054624          0.00649166
    57   L1s      -9590.32705991          0.88199383         17.03854860          0.00020439          0.00240637
    58   L1s      -9590.40885981          0.76075137         12.52216198          0.00042219          0.00485666
    59   L1s      -9590.47233215          1.00042534         22.97956069          0.00033459          0.00379037
    60   L0s      -9590.53939882          0.60422793          8.32688780          0.00033459          0.00355960
    61   L0s      -9590.61288082          0.64846290         10.80254490          0.00033459          0.00332062
    62   L0s      -9590.67492840          1.02140731         32.39122778          0.00033459          0.00320144
    63   L1s      -9590.72764711          0.61830282          9.32256773          0.00027354          0.00280344
    64   L1s      -9590.78341814          0.81444301         18.64467481          0.00023835          0.00247195
    65   L1s      -9590.81820562          0.60901579          8.34473010          0.00015259          0.00158780
    66   L1s      -9590.90072796          0.68837400         15.88412216          0.00037854          0.00402264
    67   L1s      -9590.93651750          0.73160613         20.47292398          0.00016955          0.00183909
    68   L1s      -9590.98132024          0.53486310         13.55405250          0.00021798          0.00244645
    69   L1s      -9591.03539331          0.71225000         15.79968412          0.00027578          0.00313153
    70   L1s      -9591.06417665          0.64708546         11.08863130          0.00015028          0.00172551
    71   L1s      -9591.13055650          0.58213319         10.89307829          0.00035664          0.00411019
    72   L1s      -9591.15399742          0.65197874         17.24243491          0.00013016          0.00148608
    73   L1s      -9591.20640836          0.53448296          8.11287721          0.00029823          0.00316697
    74   L0s      -9591.25689302          0.72244741         17.72581959          0.00029823          0.00306161
    75   L1s      -9591.28677014          0.60701384         11.49343960          0.00017922          0.00178447
    76   L1s      -9591.35027473          0.52779586          7.40365947          0.00038845          0.00397145
    77   L1s      -9591.37093395          0.62759950         15.67746630          0.00013019          0.00136125
    78   L1s      -9591.41171582          0.52420684         10.10640840          0.00026228          0.00281268
    79   L0s      -9591.45219917          0.66931116         20.03401361          0.00026228          0.00289917
    80   L1s      -9591.47615989          0.44886319          6.33330666          0.00015928          0.00189525
    81   L1s      -9591.51624163          0.45929961          7.32809659          0.00028836          0.00358760
    82   L1s      -9591.53949958          0.65674072         18.92335192          0.00017228          0.00217337
    83   L1s      -9591.57230238          0.41744691          6.72796296          0.00024635          0.00313947
    84   L1s      -9591.59743039          0.58541748         12.08762679          0.00019510          0.00247930
    85   L1s      -9591.61595365          0.40540016          7.94217937          0.00014614          0.00182345
    86   L1s      -9591.64458811          0.40719851          7.67812794          0.00023306          0.00279627
    87   L1s      -9591.66103120          0.53498535         15.94159307          0.00013788          0.00161061
    88   L1s      -9591.68481417          0.36745029          7.07074085          0.00020264          0.00221835
    89   L0s      -9591.70722135          0.45717591         10.01926918          0.00020264          0.00212684
    90   L1s      -9591.71832761          0.40987700          6.56957843          0.00010134          0.00100618
    91   L1s      -9591.74546793          0.37360361          6.71628414          0.00024574          0.00226695
    92   L1s      -9591.75664429          0.45854603         13.12599095          0.00010405          0.00098454
    93   L1s      -9591.78040168          0.33951464          4.24242836          0.00022514          0.00219690
    94   L0s      -9591.80550263          0.45334094         12.90430121          0.00022514          0.00221190
    95   L1s      -9591.81895923          0.39691014          7.25046732          0.00012808          0.00126727
    96   L1s      -9591.84392736          0.36117383          6.42743317          0.00027084          0.00265971
    97   L1s      -9591.85502046          0.43983842          9.70519511          0.00012285          0.00119421
    98   L1s      -9591.86874267          0.30921830          5.98798700          0.00015409          0.00144849
    99   L1s      -9591.88913092          0.35881405          8.26262949          0.00023527          0.00213221
   100   L1s      -9591.89704584          0.34534389          8.46512745          0.00009307          0.00080798
   101   L1s      -9591.91704435          0.30901014          5.18248489          0.00023977          0.00203263
   102   L1s      -9591.93366983          0.40412915          8.80068953          0.00020408          0.00173895
   103   L1s      -9591.94204810          0.32324354          5.57041916          0.00010421          0.00089674
   104   L1s      -9591.95889350          0.36335708          6.81299356          0.00021381          0.00184087
   105   L1s      -9591.96807382          0.36925235          8.58295142          0.00011830          0.00101346
   106   L1s      -9591.98129733          0.25561149          3.77820501          0.00017281          0.00144264
   107   L1s      -9591.99891991          0.31110125          8.11910929          0.00023706          0.00195816
   108   L1s      -9592.00463292          0.29796066          6.75543630          0.00007830          0.00063754
   109   L1s      -9592.01923570          0.29975722          4.11859303          0.00020404          0.00164716
   110   L1s      -9592.02760450          0.39653757         10.69593200          0.00011903          0.00095634
   111   L1s      -9592.03929534          0.25820397          4.16020737          0.00016797          0.00132028
   112   L1s      -9592.05287535          0.29966318          6.92195562          0.00019973          0.00151935
   113   L1s      -9592.05899860          0.30734496          8.32646813          0.00009155          0.00067241
   114   L1s      -9592.07131523          0.24849189          5.44506267          0.00018705          0.00130228
   115   L1s      -9592.08214003          0.31738881          6.87195059          0.00016822          0.00115885
   116   L1s      -9592.08776009          0.28845723          5.82585254          0.00008850          0.00061747
   117   L1s      -9592.09971989          0.27584766          4.51456762          0.00019134          0.00144132
   118   L1s      -9592.10670640          0.35668846         10.44472536          0.00011366          0.00087662
   119   L1s      -9592.11864874          0.20865499          2.64880120          0.00019617          0.00139047
   120   L0s      -9592.12962794          0.29185507          5.70898585          0.00019617          0.00136993
   121   L1s      -9592.13500941          0.29059972          6.18582943          0.00009455          0.00066274
   122   L1s      -9592.14390086          0.23626848          3.66634588          0.00014986          0.00107139
   123   L1s      -9592.15025400          0.32873825          7.56470354          0.00010929          0.00077367
   124   L0s      -9592.15697951          0.20363483          2.99847772          0.00010929          0.00081727
   125   L1s      -9592.16662834          0.24939294          6.08420530          0.00014480          0.00110947
   126   L1s      -9592.17110679          0.28029077          7.30001681          0.00007127          0.00055282
   127   L1s      -9592.18238526          0.25635156          4.38954733          0.00018244          0.00141071
   128   L1s      -9592.18851821          0.33913230          9.09137995          0.00010102          0.00077663
   129   L1s      -9592.19663199          0.22065501          4.59160505          0.00013505          0.00104579
   130   L1s      -9592.20595240          0.26176345          6.21712065          0.00015893          0.00125496
   131   L1s      -9592.21042928          0.26211622          6.58064168          0.00007757          0.00062238
   132   L1s      -9592.22001529          0.23665581          5.24766823          0.00016874          0.00137380
   133   L1s      -9592.22557225          0.30800862          7.19795621          0.00009969          0.00081766
   134   L0s      -9592.23133303          0.19051458          3.39890526          0.00009969          0.00082765
   135   L1s      -9592.23900089          0.24461328          6.94467343          0.00012705          0.00105926
   136   L1s      -9592.24226794          0.21191485          4.27438019          0.00005652          0.00047276
   137   L1s      -9592.25032077          0.25409991          5.44367622          0.00014271          0.00119191
   138   L1s      -9592.25407220          0.24935970          4.78137324          0.00006753          0.00056277
   139   L1s      -9592.26125961          0.19630837          4.42563754          0.00013149          0.00109104
   140   L1s      -9592.26713116          0.24683046          6.61089529          0.00011016          0.00091157
   141   L1s      -9592.27023642          0.18559668          2.86579502          0.00005914          0.00048693
   142   L1s      -9592.27629344          0.24844425          6.42856099          0.00011836          0.00096951
   143   L1s      -9592.27922866          0.18187423          2.88161360          0.00005816          0.00047105
   144   L1s      -9592.28571307          0.18050083          3.83370489          0.00013170          0.00105086
   145   L1s      -9592.28916920          0.24382447          6.58133929          0.00007188          0.00056896
   146   L1s      -9592.29308405          0.17542096          3.81852715          0.00008246          0.00064291
   147   L1s      -9592.29738234          0.25501773          6.90118119          0.00009267          0.00071721
   148   L1s      -9592.30119421          0.17444531          4.12158456          0.00008307          0.00063186
   149   L1s      -9592.30650512          0.16725051          3.00165581          0.00011837          0.00087638
   150   L1s      -9592.30860738          0.20246034          4.93272868          0.00004797          0.00034789
   151   L1s      -9592.31232348          0.15087395          2.89374009          0.00008609          0.00059678
   152   L1s      -9592.31481720          0.20220374          6.53149839          0.00005930          0.00040066
   153   L1s      -9592.31765007          0.13690866          2.48098379          0.00006832          0.00045579
   154   L1s      -9592.32168864          0.18601828          3.75537783          0.00010028          0.00068507
   155   L1s      -9592.32337354          0.15700140          2.50642199          0.00004248          0.00029895
   156   L1s      -9592.32726902          0.15384615          3.13169510          0.00010027          0.00072197
   157   L1s      -9592.32905601          0.17209246          4.88033848          0.00004695          0.00034277
   158   L1s      -9592.33205737          0.13561217          2.86317437          0.00008010          0.00060926
   159   L0s      -9592.33481015          0.21494178          5.99272587          0.00008010          0.00062823
   160   L1s      -9592.33694606          0.14610000          2.83157956          0.00006037          0.00050345
   161   L1s      -9592.34063833          0.16239397          3.97924640          0.00009372          0.00080992
   162   L1s      -9592.34211455          0.14820860          3.09090255          0.00003818          0.00034180
   163   L1s      -9592.34501273          0.15608448          2.76409924          0.00007662          0.00070179
   164   L1s      -9592.34662045          0.17245817          4.02052681          0.00004332          0.00040304
   165   L1s      -9592.35014056          0.13158057          3.27980782          0.00009630          0.00091215
   166   L1s      -9592.35267862          0.20107479          4.85422834          0.00007116          0.00067624
   167   L1s      -9592.35477893          0.13215240          3.39541193          0.00005949          0.00056425
   168   L1s      -9592.35713285          0.16020673          4.58399539          0.00006822          0.00064067
   169   L1s      -9592.35859456          0.13227844          2.69505046          0.00004300          0.00039534
   170   L1s      -9592.36153592          0.13958001          3.00835919          0.00008840          0.00078976
   171   L1s      -9592.36264068          0.14438466          3.23794867          0.00003382          0.00029350
   172   L1s      -9592.36529010          0.11360375          2.20530394          0.00008245          0.00067747
   173   L1s      -9592.36688300          0.16973019          4.90333867          0.00005086          0.00040638
   174   L1s      -9592.36886959          0.12451294          2.49223059          0.00006413          0.00048217
   175   L0s      -9592.37078140          0.18270666          5.08390926          0.00006413          0.00046676
   176   L0s      -9592.37268399          0.12012665          2.99144809          0.00006413          0.00042861
   177   L1s      -9592.37503066          0.13021780          2.42937846          0.00007806          0.00048812
   178   L1s      -9592.37604389          0.13878740          2.47757965          0.00003413          0.00021818
   179   L1s      -9592.37854381          0.12196106          2.63353056          0.00008549          0.00055745
   180   L1s      -9592.37960507          0.13534585          3.67487902          0.00003697          0.00024448
   181   L1s      -9592.38149857          0.10353555          2.54175485          0.00006692          0.00045208
   182   L1s      -9592.38267267          0.15143134          4.22609778          0.00004250          0.00028996
   183   L1s      -9592.38412381          0.10054692          2.63456750          0.00005310          0.00037031
   184   L1s      -9592.38594237          0.13062647          3.51140396          0.00006816          0.00047996
   185   L1s      -9592.38688116          0.11313912          2.34164354          0.00003567          0.00025362
   186   L1s      -9592.38846991          0.11360869          2.49929922          0.00006144          0.00043814
   187   L1s      -9592.38919520          0.10853338          2.36214376          0.00002852          0.00020351
   188   L1s      -9592.39094371          0.09314803          1.72165788          0.00006997          0.00049686
----------------------------------------------------------------------------------------------------------------

Minimization converged.

-------------------  Conjugate Gradient Minimizer Statistics -------------------
Iterations             =            188  Function Calls         =            360
--------------------------------------------------------------------------------
