
#-----------------------------------------------------------------------------#
#                                                                             #
#                                EasyHybrid                                   #
#                   - A pDynamo graphical user interface -                    #
#                                                                             #
#-----------------------------------------------------------------------------#
#                                                                             #
#     Developed by Jose Fernando R Bachega and Luis Fernando S M Timmers      #
#                            <ferbachega@gmail.com>                           #
#                                                                             #
#             visit: https://sites.google.com/site/EasyHybrid/                #
#                   Univesity of Sao Paulo - SP, Brazil                       #
#      Pontifical Catholic University of Rio Grande do Sul - RS, Brazil       #
#                                                                             #
#                                                                             #
#   EasyHybrid team:                               Special thanks to:         #
#   - Jose Fernando R Bachega           |         - Fernando V Maluf          #
#   - Michele Silva                     |                                     #
#   - Luis Fernando S M Timmers         |                                     #
#   - Martin Field                      |         - Leonardo R Bachega        #
#   - Troy Wymore                       |         - Lucas Assirati            #
#   - Osmar Norberto de Souza           |         - Richard Garratt           #
#   - Walter R Paixao-Cortes            |                                     #
#                                                                             #
#   Cite this work as:                                                        #
#   J.F.R. Bachega, L.F.S.M. Timmers, L.Assirati, L.B. Bachega, M.J. Field,   #
#   T. Wymore. J. Comput. Chem. 2013, 34, 2190-2196. DOI: 10.1002/jcc.23346   #
#                                                                             #
#-----------------------------------------------------------------------------#

Generated on Wed Jun  5 17:57:36 2019


--------------------------------------------------------------------------------
                        Summary for System "12_ramon_new"
--------------------------------------------------------------------------------

---------------------------- Atom Container Summary ----------------------------
Number of Atoms        =           2173  Number of Heavy Atoms  =           1040
Number of Hydrogens    =           1133  Number of Unknowns     =              0
--------------------------------------------------------------------------------

----------------------------- Connectivity Summary -----------------------------
Atoms                  =           2173
--------------------------------------------------------------------------------

------------------------------- Electronic State -------------------------------
Charge                 =             -1  Multiplicity           =              1
--------------------------------------------------------------------------------

--------------------------------------------------------------------------------
                 Summary for Energy Model "AMBER/AM1DPHOT/ABFS"
--------------------------------------------------------------------------------

----------------------------------- Summary for MM Model "AMBER" -----------------------------------
LJ 1-4 Scaling                   =          0.500  El. 1-4 Scaling                  =          0.833
Number of MM Atoms               =           2173  Number of MM Atom Types          =             37
Number of Inactive MM Atoms      =             33  Total MM Charge                  =          -4.00
Harmonic Bond Terms              =           2169  Harmonic Bond Parameters         =             49
Harmonic Bond Inactive           =           1308  Fourier Improper Terms           =            320
Fourier Improper Parameters      =              3  Fourier Improper Inactive        =            164
Harmonic Angle Terms             =           3403  Harmonic Angle Parameters        =            103
Harmonic Angle Inactive          =           1938  Fourier Dihedral Terms           =           6697
Fourier Dihedral Parameters      =             48  Fourier Dihedral Inactive        =           3453
Exclusions                       =          10377  1-4 Interactions                 =           4805
LJ Parameters Form               =          AMBER  LJ Parameters Types              =             21
1-4 Lennard-Jones Form           =          AMBER  1-4 Lennard-Jones Types          =             21
----------------------------------------------------------------------------------------------------

------------------------ Summary for QC Model "AM1DPHOT" -----------------------
Number of QC Atoms     =             39  Boundary Atoms         =              6
Nuclear Charge         =            129  Orbital Functions      =            113
Fitting Functions      =              0  Energy Base Line       =      189.57630
QC Parameter Centers   =              6
--------------------------------------------------------------------------------

----------------------------- ABFS NB Model Summary ----------------------------
Dielectric             =       1.000000  El. 1-4 Scaling        =       0.833333
Damping Cutoff         =       0.500000  Inner Cutoff           =       8.000000
List Cutoff            =      13.500000  Outer Cutoff           =      12.000000
QC/MM Coupling         =    RC Coupling  Use Centering          =          False
--------------------------------------------------------------------------------

-------------------------- Pairlist Generator Summary --------------------------
Cell Size              =          6.750  Cutoff                 =         13.500
Cutoff Cell Size Factor =          0.500  Grid Cell/Cell Method  =           True
Minimum Cell Extent    =              2  Minimum Cell Size      =          3.000
Minimum Extent Factor  =          1.500  Minimum Points         =            500
Sort Indices           =          False
--------------------------------------------------------------------------------

----------------------- SoftConstraint Container Summary -----------------------
Multiple Distance      =              2
--------------------------------------------------------------------------------

---------------------------- Hard Constraint Container Summary ---------------------------
Number of Charge Constraints  =            0  Number of Fixed Atoms         =         1351
------------------------------------------------------------------------------------------

------------------------------- Sequence Summary -------------------------------
Number of Atoms            =       2173  Number of Components       =        213
Number of Entities         =          1  Number of Linear Polymers  =          0
Number of Links            =          0  Number of Variants         =          0
--------------------------------------------------------------------------------

-------------------------------  Conjugate Gradient Minimizer Options ------------------------------
Beta Type                        =              1  Initial Step                     =            0.1
Line Searcher                    =           None  Log Frequency                    =              1
Maximum Iterations               =            500  Maximum Theta                    =          1e+10
Minimum Theta                    =          1e-10  RMS Gradient Tolerance           =            0.1
Steepest Descent Tolerance       =          0.001  Use Spectral Theta               =           True
----------------------------------------------------------------------------------------------------

----------------------------------------------------------------------------------------------------------------
  Iteration       Function          RMS Gradient        Max. |Grad.|          RMS Disp.         Max. |Disp.|
----------------------------------------------------------------------------------------------------------------
     0     I      -9364.18373426         73.13414808       2618.24714246          0.00201374          0.07209313
     1   L1s      -9506.69325179          8.63886283        206.57475839          0.00158914          0.03773088
     2   L1s      -9509.64068061          5.99226242        142.24027345          0.00027867          0.00557216
     3   L1s      -9515.09706087          5.14207976        127.13554033          0.00091005          0.02210030
     4   L1s      -9520.13555887          3.27174748         62.52231368          0.00112981          0.03229872
     5   L1s      -9520.88520921          3.80995221         79.59102696          0.00025011          0.00631221
     6   L1s      -9522.04591810          2.01816630         49.16211413          0.00045769          0.01175894
     7   L0s      -9522.78872337          2.24107001         44.21800229          0.00045769          0.01364963
     8   L1s      -9523.10277174          2.25991476         44.85305445          0.00021361          0.00551646
     9   L1s      -9523.84748191          1.17877055         21.88993213          0.00054533          0.01420927
    10   L1s      -9524.00406378          1.50143826         40.21574973          0.00016060          0.00389825
    11   L1s      -9524.12925795          1.09858288         29.42226369          0.00014480          0.00368727
    12   L1s      -9524.27868263          0.79739684         14.75446929          0.00020537          0.00440929
    13   L1s      -9524.35229631          1.06316113         26.83192631          0.00012605          0.00307054
    14   L1s      -9524.43117497          0.57605368         10.38760281          0.00014784          0.00280454
    15   L1s      -9524.50846022          0.47980926          7.73356881          0.00018125          0.00273211
    16   L1s      -9524.55273350          0.74407829         19.80778619          0.00012793          0.00208427
    17   L1s      -9524.58199814          0.42584458          7.63374778          0.00009040          0.00163077
    18   L0s      -9524.60915176          0.44491445         13.13199315          0.00009040          0.00161207
    19   L1s      -9524.62025536          0.37212138          6.75596332          0.00004303          0.00068892
    20   L1s      -9524.64242928          0.30687859          4.40343394          0.00010771          0.00144792
    21   L1s      -9524.65566559          0.35378953          9.33735116          0.00007324          0.00093965
    22   L1s      -9524.66213216          0.27705532          4.39242481          0.00003873          0.00044766
    23   L1s      -9524.67363689          0.28183727          6.16182598          0.00007668          0.00106816
    24   L1s      -9524.67957973          0.30387236          7.79920007          0.00004313          0.00049181
    25   L1s      -9524.68855189          0.20566880          3.21930953          0.00006938          0.00084802
    26   L1s      -9524.69762451          0.35685356          9.46709388          0.00007876          0.00088809
    27   L1s      -9524.70402416          0.23765627          3.30153229          0.00005743          0.00061787
    28   L1s      -9524.71405675          0.21354179          4.31765900          0.00009633          0.00098950
    29   L1s      -9524.71799693          0.25180945          7.20696209          0.00004069          0.00040140
    30   L1s      -9524.72343440          0.20862798          3.36819246          0.00005882          0.00059584
    31   L1s      -9524.72959357          0.26922057          6.88563098          0.00007080          0.00075000
    32   L1s      -9524.73321122          0.17755516          2.86018551          0.00004299          0.00048454
    33   L1s      -9524.74107907          0.18796845          2.99083033          0.00010018          0.00121253
    34   L1s      -9524.74443717          0.24454147          6.98108002          0.00004513          0.00056438
    35   L1s      -9524.74874208          0.16984193          2.83557630          0.00005959          0.00076227
    36   L1s      -9524.75348371          0.21443923          5.74329342          0.00006945          0.00088337
    37   L1s      -9524.75577717          0.14266042          2.34530483          0.00003469          0.00042904
    38   L1s      -9524.76077790          0.18030244          2.99102519          0.00008083          0.00095165
    39   L1s      -9524.76289668          0.19212061          5.06447973          0.00003555          0.00039615
    40   L1s      -9524.76671468          0.14552510          2.83026060          0.00006605          0.00064125
    41   L1s      -9524.77078822          0.19558684          5.05412504          0.00007406          0.00067896
    42   L1s      -9524.77329100          0.18514126          3.85612868          0.00004667          0.00042946
    43   L1s      -9524.77664863          0.12399105          2.58284122          0.00006431          0.00052592
    44   L1s      -9524.77785188          0.15254259          4.00001480          0.00002436          0.00020933
    45   L1s      -9524.78050656          0.10931754          1.42251907          0.00005557          0.00049497
    46   L1s      -9524.78353331          0.18568669          4.54783248          0.00006720          0.00059613
    47   L1s      -9524.78536913          0.15160366          2.93166474          0.00004154          0.00037277
    48   L1s      -9524.78874848          0.12700143          1.90448866          0.00007857          0.00070421
    49   L1s      -9524.79023536          0.16545852          5.28295443          0.00003586          0.00032995
    50   L1s      -9524.79298578          0.11148100          1.12498794          0.00006770          0.00063513
    51   L1s      -9524.79479182          0.16716625          4.65599534          0.00004635          0.00043382
    52   L1s      -9524.79631130          0.10558796          1.55196892          0.00003969          0.00036167
    53   L1s      -9524.79831337          0.11390982          2.12630145          0.00005451          0.00047568
    54   L1s      -9524.79994819          0.15818901          4.59161663          0.00004601          0.00041068
    55   L0s      -9524.80149170          0.11371520          1.44243013          0.00004601          0.00042670
    56   L1s      -9524.80345116          0.15013638          4.19235445          0.00006208          0.00057783
    57   L1s      -9524.80459999          0.09832477          1.48055903          0.00003612          0.00033210
----------------------------------------------------------------------------------------------------------------

Minimization converged.

-------------------  Conjugate Gradient Minimizer Statistics -------------------
Iterations             =             57  Function Calls         =            112
--------------------------------------------------------------------------------
