
#-----------------------------------------------------------------------------#
#                                                                             #
#                                EasyHybrid                                   #
#                   - A pDynamo graphical user interface -                    #
#                                                                             #
#-----------------------------------------------------------------------------#
#                                                                             #
#     Developed by Jose Fernando R Bachega and Luis Fernando S M Timmers      #
#                            <ferbachega@gmail.com>                           #
#                                                                             #
#             visit: https://sites.google.com/site/EasyHybrid/                #
#                   Univesity of Sao Paulo - SP, Brazil                       #
#      Pontifical Catholic University of Rio Grande do Sul - RS, Brazil       #
#                                                                             #
#                                                                             #
#   EasyHybrid team:                               Special thanks to:         #
#   - Jose Fernando R Bachega           |         - Fernando V Maluf          #
#   - Michele Silva                     |                                     #
#   - Luis Fernando S M Timmers         |                                     #
#   - Martin Field                      |         - Leonardo R Bachega        #
#   - Troy Wymore                       |         - Lucas Assirati            #
#   - Osmar Norberto de Souza           |         - Richard Garratt           #
#   - Walter R Paixao-Cortes            |                                     #
#                                                                             #
#   Cite this work as:                                                        #
#   J.F.R. Bachega, L.F.S.M. Timmers, L.Assirati, L.B. Bachega, M.J. Field,   #
#   T. Wymore. J. Comput. Chem. 2013, 34, 2190-2196. DOI: 10.1002/jcc.23346   #
#                                                                             #
#-----------------------------------------------------------------------------#

Generated on Wed Jun  5 17:59:55 2019


--------------------------------------------------------------------------------
                        Summary for System "12_ramon_new"
--------------------------------------------------------------------------------

---------------------------- Atom Container Summary ----------------------------
Number of Atoms        =           2173  Number of Heavy Atoms  =           1040
Number of Hydrogens    =           1133  Number of Unknowns     =              0
--------------------------------------------------------------------------------

----------------------------- Connectivity Summary -----------------------------
Atoms                  =           2173
--------------------------------------------------------------------------------

------------------------------- Electronic State -------------------------------
Charge                 =             -1  Multiplicity           =              1
--------------------------------------------------------------------------------

--------------------------------------------------------------------------------
                 Summary for Energy Model "AMBER/AM1DPHOT/ABFS"
--------------------------------------------------------------------------------

----------------------------------- Summary for MM Model "AMBER" -----------------------------------
LJ 1-4 Scaling                   =          0.500  El. 1-4 Scaling                  =          0.833
Number of MM Atoms               =           2173  Number of MM Atom Types          =             37
Number of Inactive MM Atoms      =             33  Total MM Charge                  =          -4.00
Harmonic Bond Terms              =           2169  Harmonic Bond Parameters         =             49
Harmonic Bond Inactive           =           1308  Fourier Improper Terms           =            320
Fourier Improper Parameters      =              3  Fourier Improper Inactive        =            164
Harmonic Angle Terms             =           3403  Harmonic Angle Parameters        =            103
Harmonic Angle Inactive          =           1938  Fourier Dihedral Terms           =           6697
Fourier Dihedral Parameters      =             48  Fourier Dihedral Inactive        =           3453
Exclusions                       =          10377  1-4 Interactions                 =           4805
LJ Parameters Form               =          AMBER  LJ Parameters Types              =             21
1-4 Lennard-Jones Form           =          AMBER  1-4 Lennard-Jones Types          =             21
----------------------------------------------------------------------------------------------------

------------------------ Summary for QC Model "AM1DPHOT" -----------------------
Number of QC Atoms     =             39  Boundary Atoms         =              6
Nuclear Charge         =            129  Orbital Functions      =            113
Fitting Functions      =              0  Energy Base Line       =      189.57630
QC Parameter Centers   =              6
--------------------------------------------------------------------------------

----------------------------- ABFS NB Model Summary ----------------------------
Dielectric             =       1.000000  El. 1-4 Scaling        =       0.833333
Damping Cutoff         =       0.500000  Inner Cutoff           =       8.000000
List Cutoff            =      13.500000  Outer Cutoff           =      12.000000
QC/MM Coupling         =    RC Coupling  Use Centering          =          False
--------------------------------------------------------------------------------

-------------------------- Pairlist Generator Summary --------------------------
Cell Size              =          6.750  Cutoff                 =         13.500
Cutoff Cell Size Factor =          0.500  Grid Cell/Cell Method  =           True
Minimum Cell Extent    =              2  Minimum Cell Size      =          3.000
Minimum Extent Factor  =          1.500  Minimum Points         =            500
Sort Indices           =          False
--------------------------------------------------------------------------------

----------------------- SoftConstraint Container Summary -----------------------
Multiple Distance      =              2
--------------------------------------------------------------------------------

---------------------------- Hard Constraint Container Summary ---------------------------
Number of Charge Constraints  =            0  Number of Fixed Atoms         =         1351
------------------------------------------------------------------------------------------

------------------------------- Sequence Summary -------------------------------
Number of Atoms            =       2173  Number of Components       =        213
Number of Entities         =          1  Number of Linear Polymers  =          0
Number of Links            =          0  Number of Variants         =          0
--------------------------------------------------------------------------------

-------------------------------  Conjugate Gradient Minimizer Options ------------------------------
Beta Type                        =              1  Initial Step                     =            0.1
Line Searcher                    =           None  Log Frequency                    =              1
Maximum Iterations               =            500  Maximum Theta                    =          1e+10
Minimum Theta                    =          1e-10  RMS Gradient Tolerance           =            0.1
Steepest Descent Tolerance       =          0.001  Use Spectral Theta               =           True
----------------------------------------------------------------------------------------------------

----------------------------------------------------------------------------------------------------------------
  Iteration       Function          RMS Gradient        Max. |Grad.|          RMS Disp.         Max. |Disp.|
----------------------------------------------------------------------------------------------------------------
     0     I      -9418.20807058         78.76766058       3016.25110868          0.00201374          0.07711219
     1   L1s      -9574.18432057          5.88171374        163.99390575          0.00159501          0.04419563
     2   L1s      -9575.30920372          3.25424171         87.78201426          0.00015567          0.00463360
     3   L1s      -9577.05348888          2.22027322         62.60127451          0.00049936          0.01068693
     4   L0s      -9578.06014136          1.48640186         33.23149483          0.00049936          0.00962208
     5   L1s      -9578.36905075          1.99810710         53.73939932          0.00022677          0.00506879
     6   L1s      -9578.53873670          1.02014012         19.08283723          0.00013987          0.00217350
     7   L0s      -9578.67242317          0.84848782         14.62283297          0.00013987          0.00253748
     8   L1s      -9578.75913420          1.17101266         30.18835631          0.00012398          0.00218494
     9   L1s      -9578.85941876          0.65339980         11.41445732          0.00016340          0.00203916
    10   L0s      -9578.94274578          0.58138535         10.62508900          0.00016340          0.00247383
    11   L0s      -9579.00670963          0.89129824         26.65372093          0.00016340          0.00316815
    12   L1s      -9579.04040935          0.56782538          9.27968522          0.00008937          0.00125651
    13   L1s      -9579.09352130          0.65266563         16.24429935          0.00014537          0.00191989
    14   L1s      -9579.11182973          0.40269386          7.37584758          0.00005507          0.00075538
    15   L1s      -9579.14643124          0.41357372          6.83777533          0.00012524          0.00168488
    16   L1s      -9579.18282908          0.59645916         13.56673246          0.00014976          0.00200394
    17   L1s      -9579.20236601          0.53828837         12.78323967          0.00008468          0.00106258
    18   L1s      -9579.23562137          0.44503472          8.34811741          0.00015259          0.00201473
    19   L1s      -9579.26255459          0.64145207         21.02085713          0.00013300          0.00164874
    20   L0s      -9579.28614705          0.35958729          5.08680842          0.00013300          0.00164084
    21   L0s      -9579.30610353          0.28883172          4.05045326          0.00013300          0.00163658
    22   L1s      -9579.31713449          0.46507579         13.86654349          0.00006889          0.00085036
    23   L1s      -9579.33330493          0.36424896          5.50038150          0.00010678          0.00125492
    24   L0s      -9579.35011440          0.38997346         12.45201997          0.00010678          0.00141959
    25   L1s      -9579.36067051          0.32629046          6.72781477          0.00007180          0.00086908
    26   L1s      -9579.37584442          0.28965608          3.45050331          0.00012297          0.00142853
    27   L1s      -9579.38783133          0.36777986          8.70419407          0.00010288          0.00114155
    28   L1s      -9579.39647575          0.28287859          4.56691297          0.00007659          0.00085497
    29   L1s      -9579.40685832          0.29551872          5.81438716          0.00009666          0.00111188
    30   L1s      -9579.41223725          0.28335040          5.37303532          0.00005219          0.00061763
    31   L1s      -9579.41977022          0.22332371          3.79644130          0.00007620          0.00091421
    32   L0s      -9579.42652100          0.32308767          9.95854260          0.00007620          0.00092345
    33   L0s      -9579.43350111          0.23104387          2.44646706          0.00007620          0.00094130
    34   L1s      -9579.44233830          0.19639557          2.35313141          0.00009132          0.00117921
    35   L1s      -9579.44675994          0.24995662          8.46991432          0.00005063          0.00066315
    36   L1s      -9579.45061292          0.20266903          2.98346591          0.00004586          0.00059975
    37   L1s      -9579.45697804          0.26364108          8.58145952          0.00007994          0.00102005
    38   L1s      -9579.46077830          0.19996230          3.86319648          0.00004914          0.00058847
    39   L1s      -9579.46696673          0.17898100          2.47796767          0.00008386          0.00091618
    40   L0s      -9579.47290189          0.21197278          4.71563271          0.00008386          0.00090592
    41   L1s      -9579.47551315          0.18034350          3.48126557          0.00003837          0.00043105
    42   L1s      -9579.47980638          0.17657934          2.53037329          0.00006688          0.00078137
    43   L1s      -9579.48214832          0.20796817          5.34541335          0.00003803          0.00044577
    44   L1s      -9579.48635232          0.17028821          2.60614062          0.00007021          0.00082990
    45   L1s      -9579.49124552          0.16968150          3.61343694          0.00008499          0.00095336
    46   L1s      -9579.49368996          0.20069077          4.60575183          0.00004404          0.00047281
    47   L1s      -9579.49776996          0.13706275          1.51900067          0.00007533          0.00083395
    48   L0s      -9579.50144576          0.26360246          7.50114095          0.00007533          0.00085119
    49   L0s      -9579.50494918          0.18811436          3.51509714          0.00007533          0.00086214
    50   L0s      -9579.50824898          0.15158364          2.59418298          0.00007533          0.00084621
    51   L1s      -9579.51034969          0.18846764          5.66316770          0.00004559          0.00050375
    52   L1s      -9579.51345019          0.12619497          2.13910938          0.00006575          0.00069869
    53   L0s      -9579.51653756          0.14477993          3.66122576          0.00006575          0.00066662
    54   L1s      -9579.51821270          0.17207026          3.78670285          0.00003731          0.00036860
    55   L1s      -9579.52127709          0.14333433          3.06371309          0.00007165          0.00070845
    56   L1s      -9579.52287056          0.15738129          4.14492913          0.00003833          0.00038320
    57   L1s      -9579.52506212          0.12870598          2.22382403          0.00005392          0.00054258
    58   L1s      -9579.52796438          0.13146886          1.76189764          0.00007372          0.00069893
    59   L1s      -9579.52978810          0.17756945          3.78107380          0.00004766          0.00043530
    60   L1s      -9579.53271053          0.14475275          2.44450172          0.00007754          0.00068620
    61   L0s      -9579.53551828          0.21544985          4.73574669          0.00007754          0.00069239
    62   L1s      -9579.53795642          0.13123137          1.71397557          0.00006726          0.00062875
    63   L0s      -9579.54066495          0.12912449          2.23782719          0.00006726          0.00059112
    64   L1s      -9579.54263566          0.17342476          3.89534365          0.00005054          0.00041203
    65   L1s      -9579.54505192          0.13109384          1.91769523          0.00006583          0.00055497
    66   L1s      -9579.54770298          0.18999305          4.27032107          0.00007405          0.00061792
    67   L1s      -9579.54948737          0.13190108          1.92432232          0.00005042          0.00040148
    68   L1s      -9579.55340547          0.15864257          2.89521846          0.00011333          0.00092994
    69   L1s      -9579.55575929          0.18544722          3.80228842          0.00006914          0.00057769
    70   L1s      -9579.55843467          0.13934658          2.72028496          0.00007944          0.00067839
    71   L0s      -9579.56108002          0.17683046          3.60781540          0.00007944          0.00068278
    72   L1s      -9579.56268283          0.13836215          2.17771493          0.00004884          0.00042202
    73   L1s      -9579.56700844          0.14846943          2.99242702          0.00013575          0.00117354
    74   L1s      -9579.56917783          0.19139443          4.14222159          0.00006911          0.00059887
    75   L1s      -9579.57248696          0.14426631          2.09320693          0.00010636          0.00093437
    76   L1s      -9579.57529509          0.18459859          4.28877136          0.00009161          0.00081691
    77   L1s      -9579.57713482          0.15329730          2.38731954          0.00006057          0.00055452
    78   L1s      -9579.58071199          0.14103993          2.56687161          0.00011929          0.00113409
    79   L1s      -9579.58302521          0.19072345          4.65690112          0.00007828          0.00075875
    80   L1s      -9579.58585490          0.14613754          1.93629529          0.00009651          0.00096221
    81   L1s      -9579.58992018          0.19154744          4.46421255          0.00014046          0.00141440
    82   L1s      -9579.59167007          0.15329098          2.50334607          0.00006092          0.00062014
    83   L1s      -9579.59527969          0.14146670          2.44028446          0.00012712          0.00129842
    84   L1s      -9579.59724445          0.17344842          4.70608201          0.00007009          0.00071588
    85   L1s      -9579.59967266          0.12715012          2.18866470          0.00008735          0.00088893
    86   L0s      -9579.60220902          0.13957762          2.42014945          0.00008735          0.00088550
    87   L1s      -9579.60364302          0.16191723          3.78091848          0.00005066          0.00051344
    88   L1s      -9579.60656101          0.12196210          1.57665127          0.00010873          0.00111275
    89   L1s      -9579.60856324          0.17680835          5.39332412          0.00007580          0.00078345
    90   L1s      -9579.61092970          0.14060406          1.88955429          0.00009024          0.00095692
    91   L1s      -9579.61463132          0.13696953          2.12569996          0.00014278          0.00157381
    92   L1s      -9579.61641486          0.17043177          4.58121226          0.00006960          0.00078627
    93   L1s      -9579.61845549          0.14083809          2.39079121          0.00008023          0.00093543
    94   L1s      -9579.62121172          0.17834491          5.30750308          0.00010953          0.00129350
    95   L1s      -9579.62303321          0.13280410          2.61064450          0.00007285          0.00087239
    96   L1s      -9579.62616555          0.12051819          1.21679573          0.00012672          0.00151501
    97   L1s      -9579.62840469          0.17180340          4.22970300          0.00009182          0.00109333
    98   L1s      -9579.63030724          0.14455141          2.64881041          0.00007852          0.00092838
    99   L1s      -9579.63338037          0.17904217          4.18233408          0.00012800          0.00150904
   100   L1s      -9579.63515412          0.14856434          3.15468036          0.00007432          0.00087502
   101   L1s      -9579.63766611          0.11291633          1.35059775          0.00010615          0.00125867
   102   L0s      -9579.63992372          0.15562914          3.30899409          0.00010615          0.00127165
   103   L1s      -9579.64109012          0.11611481          1.74785563          0.00005281          0.00064535
   104   L1s      -9579.64342952          0.12171106          2.01507287          0.00009138          0.00114010
   105   L1s      -9579.64454958          0.14409485          3.31547701          0.00004439          0.00056184
   106   L1s      -9579.64625270          0.10720005          2.33055567          0.00006817          0.00088321
   107   L1s      -9579.64871576          0.10300484          1.13833520          0.00010034          0.00132236
   108   L0s      -9579.65113918          0.13045919          3.04359099          0.00010034          0.00133055
   109   L1s      -9579.65216478          0.13584295          3.42702432          0.00004297          0.00057270
   110   L1s      -9579.65469224          0.12025751          2.62469332          0.00010717          0.00143891
   111   L1s      -9579.65584687          0.13818276          3.98397237          0.00004957          0.00067052
   112   L1s      -9579.65762075          0.11363404          2.09654057          0.00007687          0.00105671
   113   L1s      -9579.66003130          0.10278088          1.15340265          0.00010585          0.00149488
   114   L1s      -9579.66203665          0.14254712          3.75408927          0.00008949          0.00127974
   115   L1s      -9579.66300550          0.11382421          1.49168920          0.00004359          0.00063386
   116   L1s      -9579.66530806          0.09656433          0.98064344          0.00010487          0.00153720
----------------------------------------------------------------------------------------------------------------

Minimization converged.

-------------------  Conjugate Gradient Minimizer Statistics -------------------
Iterations             =            116  Function Calls         =            213
--------------------------------------------------------------------------------
