
#-----------------------------------------------------------------------------#
#                                                                             #
#                                EasyHybrid                                   #
#                   - A pDynamo graphical user interface -                    #
#                                                                             #
#-----------------------------------------------------------------------------#
#                                                                             #
#     Developed by Jose Fernando R Bachega and Luis Fernando S M Timmers      #
#                            <ferbachega@gmail.com>                           #
#                                                                             #
#             visit: https://sites.google.com/site/EasyHybrid/                #
#                   Univesity of Sao Paulo - SP, Brazil                       #
#      Pontifical Catholic University of Rio Grande do Sul - RS, Brazil       #
#                                                                             #
#                                                                             #
#   EasyHybrid team:                               Special thanks to:         #
#   - Jose Fernando R Bachega           |         - Fernando V Maluf          #
#   - Michele Silva                     |                                     #
#   - Luis Fernando S M Timmers         |                                     #
#   - Martin Field                      |         - Leonardo R Bachega        #
#   - Troy Wymore                       |         - Lucas Assirati            #
#   - Osmar Norberto de Souza           |         - Richard Garratt           #
#   - Walter R Paixao-Cortes            |                                     #
#                                                                             #
#   Cite this work as:                                                        #
#   J.F.R. Bachega, L.F.S.M. Timmers, L.Assirati, L.B. Bachega, M.J. Field,   #
#   T. Wymore. J. Comput. Chem. 2013, 34, 2190-2196. DOI: 10.1002/jcc.23346   #
#                                                                             #
#-----------------------------------------------------------------------------#

Generated on Wed Jun  5 17:58:56 2019


--------------------------------------------------------------------------------
                        Summary for System "12_ramon_new"
--------------------------------------------------------------------------------

---------------------------- Atom Container Summary ----------------------------
Number of Atoms        =           2173  Number of Heavy Atoms  =           1040
Number of Hydrogens    =           1133  Number of Unknowns     =              0
--------------------------------------------------------------------------------

----------------------------- Connectivity Summary -----------------------------
Atoms                  =           2173
--------------------------------------------------------------------------------

------------------------------- Electronic State -------------------------------
Charge                 =             -1  Multiplicity           =              1
--------------------------------------------------------------------------------

--------------------------------------------------------------------------------
                 Summary for Energy Model "AMBER/AM1DPHOT/ABFS"
--------------------------------------------------------------------------------

----------------------------------- Summary for MM Model "AMBER" -----------------------------------
LJ 1-4 Scaling                   =          0.500  El. 1-4 Scaling                  =          0.833
Number of MM Atoms               =           2173  Number of MM Atom Types          =             37
Number of Inactive MM Atoms      =             33  Total MM Charge                  =          -4.00
Harmonic Bond Terms              =           2169  Harmonic Bond Parameters         =             49
Harmonic Bond Inactive           =           1308  Fourier Improper Terms           =            320
Fourier Improper Parameters      =              3  Fourier Improper Inactive        =            164
Harmonic Angle Terms             =           3403  Harmonic Angle Parameters        =            103
Harmonic Angle Inactive          =           1938  Fourier Dihedral Terms           =           6697
Fourier Dihedral Parameters      =             48  Fourier Dihedral Inactive        =           3453
Exclusions                       =          10377  1-4 Interactions                 =           4805
LJ Parameters Form               =          AMBER  LJ Parameters Types              =             21
1-4 Lennard-Jones Form           =          AMBER  1-4 Lennard-Jones Types          =             21
----------------------------------------------------------------------------------------------------

------------------------ Summary for QC Model "AM1DPHOT" -----------------------
Number of QC Atoms     =             39  Boundary Atoms         =              6
Nuclear Charge         =            129  Orbital Functions      =            113
Fitting Functions      =              0  Energy Base Line       =      189.57630
QC Parameter Centers   =              6
--------------------------------------------------------------------------------

----------------------------- ABFS NB Model Summary ----------------------------
Dielectric             =       1.000000  El. 1-4 Scaling        =       0.833333
Damping Cutoff         =       0.500000  Inner Cutoff           =       8.000000
List Cutoff            =      13.500000  Outer Cutoff           =      12.000000
QC/MM Coupling         =    RC Coupling  Use Centering          =          False
--------------------------------------------------------------------------------

-------------------------- Pairlist Generator Summary --------------------------
Cell Size              =          6.750  Cutoff                 =         13.500
Cutoff Cell Size Factor =          0.500  Grid Cell/Cell Method  =           True
Minimum Cell Extent    =              2  Minimum Cell Size      =          3.000
Minimum Extent Factor  =          1.500  Minimum Points         =            500
Sort Indices           =          False
--------------------------------------------------------------------------------

----------------------- SoftConstraint Container Summary -----------------------
Multiple Distance      =              2
--------------------------------------------------------------------------------

---------------------------- Hard Constraint Container Summary ---------------------------
Number of Charge Constraints  =            0  Number of Fixed Atoms         =         1351
------------------------------------------------------------------------------------------

------------------------------- Sequence Summary -------------------------------
Number of Atoms            =       2173  Number of Components       =        213
Number of Entities         =          1  Number of Linear Polymers  =          0
Number of Links            =          0  Number of Variants         =          0
--------------------------------------------------------------------------------

-------------------------------  Conjugate Gradient Minimizer Options ------------------------------
Beta Type                        =              1  Initial Step                     =            0.1
Line Searcher                    =           None  Log Frequency                    =              1
Maximum Iterations               =            500  Maximum Theta                    =          1e+10
Minimum Theta                    =          1e-10  RMS Gradient Tolerance           =            0.1
Steepest Descent Tolerance       =          0.001  Use Spectral Theta               =           True
----------------------------------------------------------------------------------------------------

----------------------------------------------------------------------------------------------------------------
  Iteration       Function          RMS Gradient        Max. |Grad.|          RMS Disp.         Max. |Disp.|
----------------------------------------------------------------------------------------------------------------
     0     I      -9453.78010136         77.95152824       2981.93861454          0.00201374          0.07703313
     1   L1s      -9599.99811287          6.81909927        177.51904235          0.00153128          0.03970507
     2   L1s      -9601.67666366          4.05450911         95.08435786          0.00020023          0.00545196
     3   L1s      -9604.12232025          3.24863993         76.65255131          0.00057262          0.01770841
     4   L1s      -9606.53547102          2.63011020         57.24580775          0.00081522          0.02080686
     5   L1s      -9606.95566331          2.77357080         67.27844765          0.00019273          0.00372654
     6   L1s      -9607.59340466          1.34172180         32.70928352          0.00034579          0.00815158
     7   L1s      -9607.97302405          1.52937812         25.23890766          0.00030758          0.00723877
     8   L1s      -9608.18942497          2.00995057         47.76909582          0.00020922          0.00467506
     9   L1s      -9608.65929526          1.13830943         18.41606292          0.00049285          0.01194513
    10   L1s      -9608.80280875          1.54854075         37.70689474          0.00018162          0.00420171
    11   L0s      -9608.94181857          0.99165878         26.86505857          0.00018162          0.00431337
    12   L1s      -9609.08187978          0.77475084         15.99167353          0.00020793          0.00500260
    13   L0s      -9609.20234253          1.05309981         26.68769356          0.00020793          0.00459782
    14   L1s      -9609.25337999          0.60936531          9.95402741          0.00010086          0.00231753
    15   L1s      -9609.33192078          0.64686199         18.03780737          0.00022243          0.00452535
    16   L1s      -9609.35776819          0.63621525         13.31116185          0.00008010          0.00172893
    17   L1s      -9609.42197468          0.50230098          9.36950905          0.00021512          0.00408841
    18   L1s      -9609.45606784          0.67946627         14.76265149          0.00012704          0.00251086
    19   L1s      -9609.47787692          0.41064411          6.28480864          0.00008527          0.00150440
    20   L1s      -9609.51963494          0.39723033          6.46717136          0.00018301          0.00301772
    21   L1s      -9609.53470855          0.48291245         14.24872693          0.00007282          0.00116378
    22   L1s      -9609.55134342          0.33028343          5.31113667          0.00008508          0.00131675
    23   L0s      -9609.56686602          0.45883587         13.14546395          0.00008508          0.00110764
    24   L1s      -9609.57969715          0.33804727          7.56703558          0.00007524          0.00100085
    25   L1s      -9609.59647552          0.28951497          3.22579932          0.00011183          0.00125279
    26   L0s      -9609.61200233          0.49204573         16.70236575          0.00011183          0.00130112
    27   L1s      -9609.62511936          0.30814528          4.55541269          0.00009721          0.00113652
    28   L1s      -9609.64057694          0.37676323         10.73943652          0.00012284          0.00126104
    29   L1s      -9609.64790034          0.27293576          4.67412076          0.00006028          0.00067175
    30   L1s      -9609.66417281          0.28609322          4.31332213          0.00014237          0.00149567
    31   L1s      -9609.67099820          0.35327990          8.07881856          0.00006276          0.00061501
    32   L1s      -9609.68130057          0.28509982          5.68720397          0.00009765          0.00082202
    33   L1s      -9609.69441291          0.29545124          7.62734164          0.00012973          0.00111904
    34   L1s      -9609.70019864          0.29522335          7.41028505          0.00005942          0.00053213
    35   L1s      -9609.71157565          0.24982962          3.87931126          0.00012093          0.00113276
    36   L1s      -9609.71710105          0.31489650          6.83517921          0.00006144          0.00059444
    37   L1s      -9609.72429521          0.18601365          2.38872868          0.00008210          0.00081293
    38   L1s      -9609.73385839          0.27607822          7.24826016          0.00011687          0.00112701
    39   L1s      -9609.73843513          0.25887825          5.17822512          0.00005752          0.00052966
    40   L1s      -9609.74688638          0.25228526          5.88639750          0.00010948          0.00093732
    41   L1s      -9609.75236118          0.30270172          8.42615505          0.00007306          0.00063018
    42   L1s      -9609.76058373          0.22415934          3.47480602          0.00011192          0.00092637
    43   L1s      -9609.76944757          0.23029489          5.39423358          0.00012481          0.00088645
    44   L1s      -9609.77275999          0.23990742          5.50862177          0.00004807          0.00033278
    45   L1s      -9609.77923196          0.19292733          4.55708036          0.00009644          0.00073729
    46   L1s      -9609.78456869          0.30484579          8.03594802          0.00008264          0.00067480
    47   L1s      -9609.79154949          0.20466453          2.42511173          0.00010970          0.00100927
    48   L1s      -9609.79921363          0.26603243          5.12718792          0.00012423          0.00120734
    49   L1s      -9609.80291394          0.22073225          5.18692363          0.00006103          0.00063395
    50   L1s      -9609.80911040          0.19543242          3.00920855          0.00010472          0.00115639
    51   L1s      -9609.81591882          0.27491014          9.14404460          0.00011855          0.00133289
    52   L1s      -9609.81979991          0.17848268          2.70892471          0.00006851          0.00079013
    53   L1s      -9609.82537086          0.23943739          5.19954573          0.00010149          0.00117164
    54   L1s      -9609.82838941          0.19160889          3.71411984          0.00005592          0.00064022
    55   L1s      -9609.83469553          0.18100346          2.44465292          0.00011984          0.00133376
    56   L1s      -9609.83949435          0.23404460          6.01456114          0.00009368          0.00101850
    57   L1s      -9609.84244785          0.18028483          2.35509907          0.00005856          0.00060867
    58   L1s      -9609.84723659          0.19491617          4.99391071          0.00009738          0.00096797
    59   L1s      -9609.84996287          0.21196499          5.51776171          0.00005659          0.00054074
    60   L1s      -9609.85676994          0.19276500          2.30503102          0.00014367          0.00130585
    61   L1s      -9609.86263766          0.27093873          7.14133254          0.00012631          0.00112185
    62   L1s      -9609.86608396          0.16877491          2.21222383          0.00007490          0.00063036
    63   L1s      -9609.87199035          0.19991769          4.35883548          0.00013146          0.00113329
    64   L1s      -9609.87519550          0.23104255          5.71452849          0.00007250          0.00063237
    65   L1s      -9609.88119256          0.18274972          2.74540186          0.00013728          0.00120396
    66   L1s      -9609.88470235          0.23213259          6.72704540          0.00008183          0.00071516
    67   L0s      -9609.88807689          0.17870647          3.31964794          0.00008183          0.00070024
    68   L1s      -9609.89333441          0.16761762          3.52063267          0.00013199          0.00110020
    69   L1s      -9609.89650410          0.24682390          7.27061672          0.00007866          0.00066507
    70   L1s      -9609.90144660          0.17051956          2.12448712          0.00012374          0.00107769
    71   L1s      -9609.90478104          0.21817728          5.79796083          0.00008500          0.00075545
    72   L0s      -9609.90775171          0.16645363          3.69257088          0.00008500          0.00078376
    73   L1s      -9609.91116006          0.16577764          2.45361367          0.00010552          0.00100329
    74   L1s      -9609.91345001          0.19526895          4.12988446          0.00006465          0.00062703
    75   L1s      -9609.91685589          0.16622013          3.24763327          0.00009720          0.00096474
    76   L0s      -9609.92024147          0.18836325          4.99202244          0.00009720          0.00097870
    77   L1s      -9609.92258677          0.15831926          3.80877107          0.00006823          0.00069874
    78   L1s      -9609.92634243          0.17556674          3.09029838          0.00011221          0.00115939
    79   L1s      -9609.92820201          0.15663742          2.90089056          0.00005622          0.00058538
    80   L1s      -9609.93082485          0.15024209          2.07255692          0.00008045          0.00083928
    81   L0s      -9609.93358441          0.16258413          4.56526123          0.00008045          0.00083453
    82   L1s      -9609.93547783          0.13012325          2.28661246          0.00005663          0.00058076
    83   L1s      -9609.93748748          0.15659984          3.12901837          0.00006767          0.00068513
    84   L0s      -9609.93942828          0.16051429          4.12955172          0.00006767          0.00067414
    85   L1s      -9609.94191282          0.14585443          2.96502742          0.00008739          0.00084792
    86   L1s      -9609.94394810          0.14592415          4.12490834          0.00007058          0.00066446
    87   L1s      -9609.94569051          0.14021542          2.72783788          0.00006119          0.00055621
    88   L1s      -9609.94782917          0.15140217          3.23806927          0.00007612          0.00067013
    89   L1s      -9609.94942539          0.14044884          2.29030547          0.00005745          0.00048677
    90   L1s      -9609.95184650          0.14844779          3.44689659          0.00008826          0.00074737
    91   L1s      -9609.95378523          0.14635063          3.33416256          0.00007146          0.00062600
    92   L0s      -9609.95563859          0.14213695          2.26158771          0.00007146          0.00064609
    93   L0s      -9609.95749167          0.14742184          3.23491554          0.00007146          0.00066121
    94   L1s      -9609.95911954          0.12865378          3.14419804          0.00006162          0.00058416
    95   L0s      -9609.96080196          0.12217372          2.72325338          0.00006162          0.00059476
    96   L0s      -9609.96243074          0.13355354          3.60990613          0.00006162          0.00060158
    97   L0s      -9609.96384847          0.13799631          3.18309343          0.00006162          0.00060572
    98   L1s      -9609.96546644          0.13474283          2.04250137          0.00006897          0.00067809
    99   L1s      -9609.96702756          0.14168527          3.40886833          0.00006215          0.00060861
   100   L1s      -9609.96884607          0.11725201          2.46510692          0.00007315          0.00070769
   101   L1s      -9609.97017696          0.11812562          2.42664963          0.00005432          0.00051709
   102   L0s      -9609.97142351          0.13207391          2.71302372          0.00005432          0.00050928
   103   L1s      -9609.97288745          0.12323533          2.64821748          0.00006371          0.00058382
   104   L1s      -9609.97414667          0.12260288          3.26115088          0.00005242          0.00046816
   105   L0s      -9609.97542971          0.10103851          2.06107059          0.00005242          0.00044850
   106   L0s      -9609.97670766          0.11462617          2.95486548          0.00005242          0.00044136
   107   L1s      -9609.97777351          0.11097976          2.69949152          0.00004539          0.00038076
   108   L0s      -9609.97884439          0.09693547          1.48198961          0.00004539          0.00037601
----------------------------------------------------------------------------------------------------------------

Minimization converged.

-------------------  Conjugate Gradient Minimizer Statistics -------------------
Iterations             =            108  Function Calls         =            199
--------------------------------------------------------------------------------
