
#-----------------------------------------------------------------------------#
#                                                                             #
#                                EasyHybrid                                   #
#                   - A pDynamo graphical user interface -                    #
#                                                                             #
#-----------------------------------------------------------------------------#
#                                                                             #
#     Developed by Jose Fernando R Bachega and Luis Fernando S M Timmers      #
#                            <ferbachega@gmail.com>                           #
#                                                                             #
#             visit: https://sites.google.com/site/EasyHybrid/                #
#                   Univesity of Sao Paulo - SP, Brazil                       #
#      Pontifical Catholic University of Rio Grande do Sul - RS, Brazil       #
#                                                                             #
#                                                                             #
#   EasyHybrid team:                               Special thanks to:         #
#   - Jose Fernando R Bachega           |         - Fernando V Maluf          #
#   - Michele Silva                     |                                     #
#   - Luis Fernando S M Timmers         |                                     #
#   - Martin Field                      |         - Leonardo R Bachega        #
#   - Troy Wymore                       |         - Lucas Assirati            #
#   - Osmar Norberto de Souza           |         - Richard Garratt           #
#   - Walter R Paixao-Cortes            |                                     #
#                                                                             #
#   Cite this work as:                                                        #
#   J.F.R. Bachega, L.F.S.M. Timmers, L.Assirati, L.B. Bachega, M.J. Field,   #
#   T. Wymore. J. Comput. Chem. 2013, 34, 2190-2196. DOI: 10.1002/jcc.23346   #
#                                                                             #
#-----------------------------------------------------------------------------#

Generated on Wed Jun  5 18:00:25 2019


--------------------------------------------------------------------------------
                        Summary for System "12_ramon_new"
--------------------------------------------------------------------------------

---------------------------- Atom Container Summary ----------------------------
Number of Atoms        =           2173  Number of Heavy Atoms  =           1040
Number of Hydrogens    =           1133  Number of Unknowns     =              0
--------------------------------------------------------------------------------

----------------------------- Connectivity Summary -----------------------------
Atoms                  =           2173
--------------------------------------------------------------------------------

------------------------------- Electronic State -------------------------------
Charge                 =             -1  Multiplicity           =              1
--------------------------------------------------------------------------------

--------------------------------------------------------------------------------
                 Summary for Energy Model "AMBER/AM1DPHOT/ABFS"
--------------------------------------------------------------------------------

----------------------------------- Summary for MM Model "AMBER" -----------------------------------
LJ 1-4 Scaling                   =          0.500  El. 1-4 Scaling                  =          0.833
Number of MM Atoms               =           2173  Number of MM Atom Types          =             37
Number of Inactive MM Atoms      =             33  Total MM Charge                  =          -4.00
Harmonic Bond Terms              =           2169  Harmonic Bond Parameters         =             49
Harmonic Bond Inactive           =           1308  Fourier Improper Terms           =            320
Fourier Improper Parameters      =              3  Fourier Improper Inactive        =            164
Harmonic Angle Terms             =           3403  Harmonic Angle Parameters        =            103
Harmonic Angle Inactive          =           1938  Fourier Dihedral Terms           =           6697
Fourier Dihedral Parameters      =             48  Fourier Dihedral Inactive        =           3453
Exclusions                       =          10377  1-4 Interactions                 =           4805
LJ Parameters Form               =          AMBER  LJ Parameters Types              =             21
1-4 Lennard-Jones Form           =          AMBER  1-4 Lennard-Jones Types          =             21
----------------------------------------------------------------------------------------------------

------------------------ Summary for QC Model "AM1DPHOT" -----------------------
Number of QC Atoms     =             39  Boundary Atoms         =              6
Nuclear Charge         =            129  Orbital Functions      =            113
Fitting Functions      =              0  Energy Base Line       =      189.57630
QC Parameter Centers   =              6
--------------------------------------------------------------------------------

----------------------------- ABFS NB Model Summary ----------------------------
Dielectric             =       1.000000  El. 1-4 Scaling        =       0.833333
Damping Cutoff         =       0.500000  Inner Cutoff           =       8.000000
List Cutoff            =      13.500000  Outer Cutoff           =      12.000000
QC/MM Coupling         =    RC Coupling  Use Centering          =          False
--------------------------------------------------------------------------------

-------------------------- Pairlist Generator Summary --------------------------
Cell Size              =          6.750  Cutoff                 =         13.500
Cutoff Cell Size Factor =          0.500  Grid Cell/Cell Method  =           True
Minimum Cell Extent    =              2  Minimum Cell Size      =          3.000
Minimum Extent Factor  =          1.500  Minimum Points         =            500
Sort Indices           =          False
--------------------------------------------------------------------------------

----------------------- SoftConstraint Container Summary -----------------------
Multiple Distance      =              2
--------------------------------------------------------------------------------

---------------------------- Hard Constraint Container Summary ---------------------------
Number of Charge Constraints  =            0  Number of Fixed Atoms         =         1351
------------------------------------------------------------------------------------------

------------------------------- Sequence Summary -------------------------------
Number of Atoms            =       2173  Number of Components       =        213
Number of Entities         =          1  Number of Linear Polymers  =          0
Number of Links            =          0  Number of Variants         =          0
--------------------------------------------------------------------------------

-------------------------------  Conjugate Gradient Minimizer Options ------------------------------
Beta Type                        =              1  Initial Step                     =            0.1
Line Searcher                    =           None  Log Frequency                    =              1
Maximum Iterations               =            500  Maximum Theta                    =          1e+10
Minimum Theta                    =          1e-10  RMS Gradient Tolerance           =            0.1
Steepest Descent Tolerance       =          0.001  Use Spectral Theta               =           True
----------------------------------------------------------------------------------------------------

----------------------------------------------------------------------------------------------------------------
  Iteration       Function          RMS Gradient        Max. |Grad.|          RMS Disp.         Max. |Disp.|
----------------------------------------------------------------------------------------------------------------
     0     I      -9379.77963529         78.72757910       2999.08568736          0.00201374          0.07671238
     1   L1s      -9536.28161308          5.84629399        171.10303682          0.00160355          0.04667134
     2   L1s      -9537.46705200          3.20664203         86.92984120          0.00016493          0.00494827
     3   L1s      -9539.09098700          2.19845380         61.78928530          0.00047025          0.01001405
     4   L0s      -9540.10275442          1.72928088         31.62228956          0.00047025          0.01112170
     5   L1s      -9540.26499819          1.66559919         46.84988717          0.00010765          0.00190305
     6   L1s      -9540.59958613          1.04657506         15.99400597          0.00027544          0.00467080
     7   L1s      -9540.70322726          1.25331881         32.95312165          0.00011715          0.00174401
     8   L1s      -9540.82902999          0.92064682         22.15916926          0.00016410          0.00211188
     9   L1s      -9540.95241361          0.69077227         12.02568090          0.00019434          0.00258809
    10   L1s      -9541.03859102          0.87809085         19.36895993          0.00016967          0.00212269
    11   L1s      -9541.07460606          0.65784363         10.12944321          0.00007829          0.00094805
    12   L1s      -9541.16031963          0.60946001          8.48057345          0.00021410          0.00279271
    13   L1s      -9541.21941065          0.77675744         19.20966116          0.00016702          0.00215082
    14   L1s      -9541.24919913          0.43031631          5.30121687          0.00008972          0.00112937
    15   L1s      -9541.29932827          0.53540540          8.28961016          0.00017785          0.00207497
    16   L1s      -9541.32444634          0.69031440         14.58251201          0.00009674          0.00117649
    17   L1s      -9541.36467374          0.51058358          9.92194549          0.00016207          0.00182359
    18   L1s      -9541.41554601          0.46473045          7.11014720          0.00022025          0.00267955
    19   L0s      -9541.46023761          0.67543051         20.21423025          0.00022025          0.00260946
    20   L1s      -9541.48015242          0.39485706          6.05098819          0.00009809          0.00127181
    21   L0s      -9541.50286965          0.36022644          7.88187775          0.00009809          0.00124156
    22   L1s      -9541.51340330          0.45480657         12.39405045          0.00005130          0.00065689
    23   L1s      -9541.54999261          0.34575402          5.46938679          0.00019843          0.00227639
    24   L1s      -9541.57226950          0.48406693         14.16159854          0.00013168          0.00164889
    25   L1s      -9541.58590990          0.40562547          8.80989596          0.00008380          0.00088381
    26   L1s      -9541.61094966          0.35081096          7.66433363          0.00016186          0.00166756
    27   L1s      -9541.62128555          0.44420501         12.34242013          0.00007102          0.00071845
    28   L1s      -9541.64184349          0.28045488          4.64224282          0.00014616          0.00150166
    29   L1s      -9541.65476958          0.28974665          6.54216337          0.00009915          0.00104222
    30   L1s      -9541.66129877          0.34218338          9.56494856          0.00005331          0.00056831
    31   L1s      -9541.67484361          0.29781237          5.51754057          0.00011514          0.00124601
    32   L0s      -9541.68754260          0.38503173         10.77837141          0.00011514          0.00123088
    33   L1s      -9541.69502157          0.24649268          5.21084833          0.00006915          0.00075546
    34   L1s      -9541.70832025          0.23163149          3.18551935          0.00012637          0.00144336
    35   L1s      -9541.71525696          0.36587908         12.23713411          0.00007024          0.00079880
    36   L1s      -9541.72558493          0.23590486          3.28316187          0.00010707          0.00114640
    37   L1s      -9541.73404950          0.30382880          8.84053446          0.00009249          0.00096245
    38   L1s      -9541.74007497          0.28276449          5.21585532          0.00006778          0.00067114
    39   L1s      -9541.75069302          0.19727450          2.07258634          0.00012325          0.00129789
    40   L1s      -9541.75807679          0.28160367          9.21092704          0.00009091          0.00096933
    41   L1s      -9541.76219931          0.20655694          3.37509880          0.00005212          0.00054225
    42   L1s      -9541.77056597          0.21595760          4.05662074          0.00011074          0.00105543
    43   L1s      -9541.77353548          0.21870126          6.44818053          0.00004084          0.00036377
    44   L1s      -9541.77911485          0.14118496          1.31734142          0.00007949          0.00075290
    45   L0s      -9541.78388040          0.24451265          7.30215370          0.00007949          0.00079367
    46   L1s      -9541.78708119          0.21183944          4.03194699          0.00005145          0.00054673
    47   L1s      -9541.79385340          0.19357161          4.29185155          0.00010172          0.00109808
    48   L1s      -9541.79732492          0.23342324          5.64281083          0.00005415          0.00057731
    49   L1s      -9541.80142276          0.16137857          3.36800236          0.00006548          0.00065189
    50   L1s      -9541.80692680          0.17424877          2.82286361          0.00009222          0.00089010
    51   L1s      -9541.80987416          0.22899136          7.12034308          0.00005125          0.00049396
    52   L1s      -9541.81460130          0.17039573          2.23366051          0.00008389          0.00082978
    53   L1s      -9541.82010193          0.23130527          7.11631996          0.00010107          0.00098544
    54   L1s      -9541.82266184          0.16278586          2.79051630          0.00004789          0.00044296
    55   L1s      -9541.82845141          0.16410774          2.29510656          0.00011209          0.00099483
    56   L1s      -9541.83128891          0.21785322          6.70644186          0.00005669          0.00050626
    57   L1s      -9541.83505830          0.15751897          2.13967670          0.00007660          0.00073876
    58   L1s      -9541.84020317          0.16668033          3.01904475          0.00010785          0.00104606
    59   L1s      -9541.84219433          0.18102272          5.06945297          0.00004284          0.00040292
    60   L1s      -9541.84526828          0.13742345          1.93787185          0.00006755          0.00062646
    61   L0s      -9541.84851031          0.18175462          5.46510781          0.00006755          0.00063801
    62   L1s      -9541.85058543          0.13036197          2.62673991          0.00004603          0.00042747
    63   L1s      -9541.85403050          0.12725482          1.77516832          0.00009295          0.00079336
    64   L1s      -9541.85655975          0.20218270          5.03571810          0.00007010          0.00059866
    65   L0s      -9541.85889257          0.14389046          1.73945543          0.00007010          0.00063912
    66   L1s      -9541.86311438          0.15003501          2.42412071          0.00013703          0.00133233
    67   L1s      -9541.86528895          0.17353404          4.03846862          0.00006731          0.00066209
    68   L0s      -9541.86726205          0.14996138          2.05101675          0.00006731          0.00063992
    69   L1s      -9541.87089908          0.16424552          3.77132706          0.00012873          0.00113468
    70   L1s      -9541.87297453          0.17699273          4.24235597          0.00006937          0.00058297
    71   L1s      -9541.87614770          0.13888891          1.97991444          0.00010705          0.00092261
    72   L1s      -9541.87834357          0.15805222          3.06068597          0.00007519          0.00067893
    73   L1s      -9541.88009169          0.14645850          2.72094124          0.00006052          0.00056843
    74   L1s      -9541.88289894          0.12928541          2.00242013          0.00009843          0.00089163
    75   L1s      -9541.88479787          0.17016898          4.09150174          0.00006762          0.00058810
    76   L1s      -9541.88691637          0.12603711          1.66679940          0.00007612          0.00061455
    77   L0s      -9541.88918238          0.13795913          3.06660848          0.00007612          0.00061241
    78   L1s      -9541.89086790          0.14461282          3.77734747          0.00005840          0.00048835
    79   L1s      -9541.89272119          0.11250208          1.50401789          0.00007005          0.00063272
    80   L0s      -9541.89453783          0.14315633          2.79737733          0.00007005          0.00063107
    81   L1s      -9541.89579404          0.11669355          1.81026782          0.00004892          0.00041559
    82   L1s      -9541.89777057          0.11941319          2.23965688          0.00007794          0.00060978
    83   L1s      -9541.89918785          0.13785663          3.12221615          0.00005671          0.00042987
    84   L0s      -9541.90063035          0.11331610          1.51309529          0.00005671          0.00044019
    85   L1s      -9541.90281842          0.13641316          3.05145208          0.00008633          0.00070515
    86   L1s      -9541.90401313          0.12855028          2.99124304          0.00004854          0.00041334
    87   L1s      -9541.90641447          0.12551463          1.46333960          0.00009875          0.00079542
    88   L1s      -9541.90837166          0.15537466          3.38321261          0.00008147          0.00061481
    89   L1s      -9541.90981057          0.11500863          1.25296594          0.00006036          0.00044616
    90   L1s      -9541.91185343          0.11942919          1.77800421          0.00008692          0.00067720
    91   L1s      -9541.91328274          0.14798785          4.07285660          0.00006158          0.00049165
    92   L1s      -9541.91497065          0.10750893          1.30387367          0.00007331          0.00059886
    93   L0s      -9541.91657777          0.12216089          2.99482370          0.00007331          0.00060102
    94   L1s      -9541.91739162          0.10078534          1.95020637          0.00003721          0.00030417
    95   L1s      -9541.91917919          0.10956413          1.44948922          0.00007908          0.00064457
    96   L1s      -9541.92065402          0.14158198          2.68861877          0.00006615          0.00053928
    97   L1s      -9541.92190906          0.10711114          1.61238639          0.00005674          0.00046418
    98   L1s      -9541.92361691          0.09537175          1.82982510          0.00007830          0.00065079
----------------------------------------------------------------------------------------------------------------

Minimization converged.

-------------------  Conjugate Gradient Minimizer Statistics -------------------
Iterations             =             98  Function Calls         =            185
--------------------------------------------------------------------------------
