
#-----------------------------------------------------------------------------#
#                                                                             #
#                                EasyHybrid                                   #
#                   - A pDynamo graphical user interface -                    #
#                                                                             #
#-----------------------------------------------------------------------------#
#                                                                             #
#     Developed by Jose Fernando R Bachega and Luis Fernando S M Timmers      #
#                            <ferbachega@gmail.com>                           #
#                                                                             #
#             visit: https://sites.google.com/site/EasyHybrid/                #
#                   Univesity of Sao Paulo - SP, Brazil                       #
#      Pontifical Catholic University of Rio Grande do Sul - RS, Brazil       #
#                                                                             #
#                                                                             #
#   EasyHybrid team:                               Special thanks to:         #
#   - Jose Fernando R Bachega           |         - Fernando V Maluf          #
#   - Michele Silva                     |                                     #
#   - Luis Fernando S M Timmers         |                                     #
#   - Martin Field                      |         - Leonardo R Bachega        #
#   - Troy Wymore                       |         - Lucas Assirati            #
#   - Osmar Norberto de Souza           |         - Richard Garratt           #
#   - Walter R Paixao-Cortes            |                                     #
#                                                                             #
#   Cite this work as:                                                        #
#   J.F.R. Bachega, L.F.S.M. Timmers, L.Assirati, L.B. Bachega, M.J. Field,   #
#   T. Wymore. J. Comput. Chem. 2013, 34, 2190-2196. DOI: 10.1002/jcc.23346   #
#                                                                             #
#-----------------------------------------------------------------------------#

Generated on Wed Jun  5 18:01:46 2019


--------------------------------------------------------------------------------
                        Summary for System "12_ramon_new"
--------------------------------------------------------------------------------

---------------------------- Atom Container Summary ----------------------------
Number of Atoms        =           2173  Number of Heavy Atoms  =           1040
Number of Hydrogens    =           1133  Number of Unknowns     =              0
--------------------------------------------------------------------------------

----------------------------- Connectivity Summary -----------------------------
Atoms                  =           2173
--------------------------------------------------------------------------------

------------------------------- Electronic State -------------------------------
Charge                 =             -1  Multiplicity           =              1
--------------------------------------------------------------------------------

--------------------------------------------------------------------------------
                 Summary for Energy Model "AMBER/AM1DPHOT/ABFS"
--------------------------------------------------------------------------------

----------------------------------- Summary for MM Model "AMBER" -----------------------------------
LJ 1-4 Scaling                   =          0.500  El. 1-4 Scaling                  =          0.833
Number of MM Atoms               =           2173  Number of MM Atom Types          =             37
Number of Inactive MM Atoms      =             33  Total MM Charge                  =          -4.00
Harmonic Bond Terms              =           2169  Harmonic Bond Parameters         =             49
Harmonic Bond Inactive           =           1308  Fourier Improper Terms           =            320
Fourier Improper Parameters      =              3  Fourier Improper Inactive        =            164
Harmonic Angle Terms             =           3403  Harmonic Angle Parameters        =            103
Harmonic Angle Inactive          =           1938  Fourier Dihedral Terms           =           6697
Fourier Dihedral Parameters      =             48  Fourier Dihedral Inactive        =           3453
Exclusions                       =          10377  1-4 Interactions                 =           4805
LJ Parameters Form               =          AMBER  LJ Parameters Types              =             21
1-4 Lennard-Jones Form           =          AMBER  1-4 Lennard-Jones Types          =             21
----------------------------------------------------------------------------------------------------

------------------------ Summary for QC Model "AM1DPHOT" -----------------------
Number of QC Atoms     =             39  Boundary Atoms         =              6
Nuclear Charge         =            129  Orbital Functions      =            113
Fitting Functions      =              0  Energy Base Line       =      189.57630
QC Parameter Centers   =              6
--------------------------------------------------------------------------------

----------------------------- ABFS NB Model Summary ----------------------------
Dielectric             =       1.000000  El. 1-4 Scaling        =       0.833333
Damping Cutoff         =       0.500000  Inner Cutoff           =       8.000000
List Cutoff            =      13.500000  Outer Cutoff           =      12.000000
QC/MM Coupling         =    RC Coupling  Use Centering          =          False
--------------------------------------------------------------------------------

-------------------------- Pairlist Generator Summary --------------------------
Cell Size              =          6.750  Cutoff                 =         13.500
Cutoff Cell Size Factor =          0.500  Grid Cell/Cell Method  =           True
Minimum Cell Extent    =              2  Minimum Cell Size      =          3.000
Minimum Extent Factor  =          1.500  Minimum Points         =            500
Sort Indices           =          False
--------------------------------------------------------------------------------

----------------------- SoftConstraint Container Summary -----------------------
Multiple Distance      =              2
--------------------------------------------------------------------------------

---------------------------- Hard Constraint Container Summary ---------------------------
Number of Charge Constraints  =            0  Number of Fixed Atoms         =         1351
------------------------------------------------------------------------------------------

------------------------------- Sequence Summary -------------------------------
Number of Atoms            =       2173  Number of Components       =        213
Number of Entities         =          1  Number of Linear Polymers  =          0
Number of Links            =          0  Number of Variants         =          0
--------------------------------------------------------------------------------

-------------------------------  Conjugate Gradient Minimizer Options ------------------------------
Beta Type                        =              1  Initial Step                     =            0.1
Line Searcher                    =           None  Log Frequency                    =              1
Maximum Iterations               =            500  Maximum Theta                    =          1e+10
Minimum Theta                    =          1e-10  RMS Gradient Tolerance           =            0.1
Steepest Descent Tolerance       =          0.001  Use Spectral Theta               =           True
----------------------------------------------------------------------------------------------------

----------------------------------------------------------------------------------------------------------------
  Iteration       Function          RMS Gradient        Max. |Grad.|          RMS Disp.         Max. |Disp.|
----------------------------------------------------------------------------------------------------------------
     0     I      -9430.45740486         78.62576901       2979.21069919          0.00201374          0.07630268
     1   L1s      -9583.25551994          5.13668263        112.71792759          0.00155627          0.03386925
     2   L1s      -9584.42547325          4.01884780        110.91980654          0.00018514          0.00626853
     3   L1s      -9586.67534082          2.52968478         68.93673436          0.00057779          0.01238814
     4   L1s      -9587.78647007          2.38339709         58.27797117          0.00045188          0.01050990
     5   L1s      -9588.01235767          1.62866990         35.29353705          0.00012016          0.00222970
     6   L1s      -9588.52434445          1.62652985         27.61842559          0.00037339          0.00646138
     7   L1s      -9588.78195717          1.79622529         38.12846130          0.00022703          0.00411488
     8   L1s      -9588.98983667          1.34093410         25.96502642          0.00020639          0.00323594
     9   L1s      -9589.33780734          1.07416757         18.14297247          0.00040451          0.00578852
    10   L1s      -9589.41536305          1.22505574         23.98451095          0.00010759          0.00149254
    11   L1s      -9589.56810493          0.94056162         16.43306974          0.00023470          0.00338653
    12   L1s      -9589.75507846          0.89620331         12.65001063          0.00032916          0.00523397
    13   L1s      -9589.85045648          1.28368565         41.78247833          0.00018855          0.00232016
    14   L1s      -9589.95792545          0.75762301          9.92267702          0.00022294          0.00300671
    15   L0s      -9590.04803620          1.20854107         32.95334477          0.00022294          0.00290438
    16   L0s      -9590.13343942          1.04634592         18.11923673          0.00022294          0.00278243
    17   L1s      -9590.27484908          0.74851609          9.96226862          0.00036467          0.00419918
    18   L0s      -9590.42159819          1.11929291         21.05202296          0.00036467          0.00367870
    19   L1s      -9590.48914142          0.95768839         14.81192773          0.00017924          0.00180645
    20   L1s      -9590.64160514          0.65786575          7.65967476          0.00044878          0.00521939
    21   L1s      -9590.72968221          1.09789752         26.72019839          0.00028146          0.00294504
    22   L1s      -9590.80133897          0.81469372          9.33935029          0.00023515          0.00263886
    23   L1s      -9590.96021731          0.81840649         13.46003147          0.00054574          0.00616438
    24   L1s      -9591.05164849          0.99471065         27.10295938          0.00032714          0.00312768
    25   L1s      -9591.10195566          0.77853884         11.72806903          0.00018458          0.00190913
    26   L1s      -9591.23879287          0.69134390         11.18617761          0.00052207          0.00531433
    27   L1s      -9591.31881053          0.73276616         13.30713728          0.00031862          0.00279273
    28   L1s      -9591.36085507          0.83120878         20.33101466          0.00017368          0.00174838
    29   L1s      -9591.43140457          0.59274712          8.20750322          0.00029945          0.00278740
    30   L1s      -9591.51318537          0.98405216         23.63898326          0.00036439          0.00359436
    31   L1s      -9591.56029566          0.70317898         11.61706335          0.00021346          0.00195510
    32   L1s      -9591.66624722          0.59410810         10.68164144          0.00049606          0.00428057
    33   L1s      -9591.72454880          0.59888427          9.79828465          0.00028469          0.00215336
    34   L0s      -9591.77791904          0.98015250         24.97738680          0.00028469          0.00218513
    35   L0s      -9591.83242324          0.57283511          6.02674087          0.00028469          0.00213218
    36   L1s      -9591.90592174          0.87652141         29.19552769          0.00034608          0.00264706
    37   L1s      -9591.94588330          0.70697392         12.40431929          0.00019182          0.00150504
    38   L1s      -9592.03838255          0.57300535          5.45949278          0.00045611          0.00365528
    39   L1s      -9592.09343378          0.88650772         20.50680808          0.00028219          0.00226839
    40   L1s      -9592.14079512          0.64668428          8.23722231          0.00024663          0.00198032
    41   L1s      -9592.21286477          0.60658379         11.74903715          0.00038593          0.00309239
    42   L1s      -9592.26475611          0.88554565         23.74524792          0.00028624          0.00229557
    43   L1s      -9592.30818646          0.57792980          7.44916215          0.00024278          0.00195953
    44   L1s      -9592.37736812          0.68493858         14.45554115          0.00039888          0.00325223
    45   L1s      -9592.41341383          0.82164662         20.75126974          0.00021202          0.00174625
    46   L1s      -9592.49956129          0.58891823         11.36209027          0.00051390          0.00438138
    47   L1s      -9592.57148294          0.68734484         13.13305722          0.00044053          0.00383693
    48   L1s      -9592.60460848          0.72502160         19.59940835          0.00020653          0.00182645
    49   L1s      -9592.65467859          0.50990787          8.09028546          0.00031724          0.00285010
    50   L0s      -9592.69909545          0.82723812         21.35642198          0.00031724          0.00284617
    51   L1s      -9592.73074518          0.58258082          9.62117394          0.00021585          0.00189118
    52   L1s      -9592.78958364          0.55767155          9.23355259          0.00034744          0.00324155
    53   L1s      -9592.82045098          0.74881664         20.17750108          0.00018781          0.00181094
    54   L1s      -9592.86153452          0.48077365          6.62969698          0.00025393          0.00257057
    55   L0s      -9592.90258748          0.73968591         22.97846614          0.00025393          0.00258014
    56   L1s      -9592.93345378          0.51835897          7.97139582          0.00019801          0.00199361
    57   L1s      -9592.99226209          0.55969304         11.83862300          0.00041512          0.00408923
    58   L1s      -9593.03243515          0.78424638         25.50006286          0.00028921          0.00282706
    59   L1s      -9593.06606171          0.48847255          8.45125945          0.00024462          0.00237225
    60   L1s      -9593.10755079          0.54399567         11.23321507          0.00030957          0.00301568
    61   L1s      -9593.12477971          0.51618566          8.63555213          0.00013105          0.00128492
    62   L1s      -9593.16643006          0.42439085          8.64673051          0.00032362          0.00317221
    63   L1s      -9593.19560292          0.68382807         17.01831069          0.00023354          0.00227837
    64   L0s      -9593.22351470          0.55641626         10.93012845          0.00023354          0.00225111
    65   L1s      -9593.27445642          0.49727960          7.53682546          0.00043923          0.00415791
    66   L1s      -9593.29861340          0.64042512         14.04688752          0.00020432          0.00197894
    67   L1s      -9593.32885594          0.38752314          4.98363521          0.00025861          0.00264402
    68   L1s      -9593.36301296          0.49197362         12.38002801          0.00030070          0.00315925
    69   L1s      -9593.37759313          0.50402100         13.04095122          0.00013058          0.00140456
    70   L1s      -9593.41178267          0.41892835          5.26551656          0.00031111          0.00344720
    71   L1s      -9593.44127071          0.55790504         11.64294783          0.00027434          0.00309072
    72   L1s      -9593.45793396          0.42447277          5.95872920          0.00015690          0.00181757
    73   L1s      -9593.49747781          0.42257994          6.22955836          0.00037988          0.00450278
    74   L1s      -9593.51525798          0.57684963         15.10427977          0.00017408          0.00208381
    75   L1s      -9593.53921893          0.38375858          5.46275687          0.00023699          0.00287680
    76   L0s      -9593.56418946          0.34861092          5.67077989          0.00023699          0.00288218
    77   L1s      -9593.57493028          0.44062652          8.72542981          0.00010388          0.00126280
    78   L1s      -9593.59623239          0.32121336          3.46245947          0.00021791          0.00261168
    79   L0s      -9593.61814458          0.47974935         15.80947787          0.00021791          0.00258525
    80   L1s      -9593.62987573          0.32152322          5.58332475          0.00012230          0.00142453
    81   L1s      -9593.65408474          0.34413283          7.06901166          0.00029340          0.00336763
    82   L1s      -9593.67004247          0.44064169         10.69132381          0.00019714          0.00224889
    83   L1s      -9593.68191444          0.35861956          6.48273769          0.00014824          0.00168215
    84   L1s      -9593.70354506          0.32314848          4.07123739          0.00027450          0.00312134
    85   L1s      -9593.71740379          0.52998021         17.64120334          0.00017942          0.00204440
    86   L1s      -9593.73766604          0.30175541          2.69978385          0.00026417          0.00304337
    87   L0s      -9593.75839827          0.33141033          5.31684276          0.00026417          0.00309050
    88   L1s      -9593.76847960          0.42662894          9.92674820          0.00013195          0.00155734
    89   L1s      -9593.78693634          0.31430459          4.37587264          0.00025051          0.00300200
    90   L0s      -9593.80563420          0.38223179         11.32232058          0.00025051          0.00303591
    91   L1s      -9593.81352867          0.32870773          7.07136449          0.00010822          0.00133009
    92   L1s      -9593.83577475          0.31831377          5.73503396          0.00032247          0.00397832
    93   L1s      -9593.85223269          0.42186939         10.33355940          0.00024222          0.00297829
    94   L1s      -9593.86166759          0.31028490          4.26688070          0.00014005          0.00170420
    95   L1s      -9593.87670086          0.27100668          3.59358707          0.00022667          0.00272134
    96   L1s      -9593.88458175          0.37951003         12.75206094          0.00012114          0.00145029
    97   L1s      -9593.89542599          0.25597243          3.33607238          0.00016829          0.00203495
    98   L1s      -9593.91192579          0.27525864          4.53355385          0.00026124          0.00325975
    99   L1s      -9593.91788384          0.34263157          7.92327688          0.00009589          0.00122255
   100   L1s      -9593.93140411          0.26623590          2.87650926          0.00021994          0.00289883
   101   L0s      -9593.94518352          0.38449457         12.25902568          0.00021994          0.00292401
   102   L1s      -9593.95335787          0.27677988          4.93665879          0.00013416          0.00180085
   103   L1s      -9593.96729208          0.26855695          3.35962148          0.00024862          0.00332363
   104   L1s      -9593.97762290          0.37134010          7.55312103          0.00018709          0.00248971
   105   L1s      -9593.98476104          0.23751592          3.19283984          0.00013023          0.00171172
   106   L1s      -9593.99587926          0.22675755          2.72901020          0.00020636          0.00269301
   107   L1s      -9594.00474146          0.32771653          9.21661109          0.00016749          0.00218390
   108   L1s      -9594.01063982          0.25796231          4.42471454          0.00011241          0.00146623
   109   L1s      -9594.02237637          0.22804383          2.78853082          0.00022667          0.00295705
   110   L1s      -9594.02909496          0.33683600          8.88050354          0.00013188          0.00171883
   111   L1s      -9594.03677920          0.21637319          2.43613166          0.00015198          0.00197048
   112   L1s      -9594.04637956          0.26174695          5.91071561          0.00019339          0.00249437
   113   L1s      -9594.05129508          0.29649618          7.69188174          0.00010021          0.00128737
   114   L1s      -9594.06143433          0.23609036          2.92957252          0.00020860          0.00266635
   115   L1s      -9594.07298398          0.23241800          2.75434537          0.00024095          0.00307066
   116   L1s      -9594.07751901          0.30857144          6.45779883          0.00009593          0.00122099
   117   L1s      -9594.08811235          0.21272728          2.02932635          0.00022581          0.00287435
   118   L0s      -9594.09771441          0.28714190          7.21233125          0.00022581          0.00288714
   119   L1s      -9594.10208181          0.25748116          6.18228447          0.00009965          0.00128079
   120   L1s      -9594.11003813          0.18595253          2.17331424          0.00016637          0.00216688
   121   L1s      -9594.11518555          0.28169543          7.01532950          0.00010996          0.00144070
   122   L1s      -9594.11979592          0.18528229          2.29225299          0.00009937          0.00131984
   123   L1s      -9594.12817543          0.19688531          3.42309855          0.00018429          0.00246771
   124   L1s      -9594.13219025          0.26601157          8.16860556          0.00008982          0.00120604
   125   L1s      -9594.13725242          0.17531691          2.57556443          0.00011429          0.00153810
   126   L1s      -9594.14317104          0.20768146          3.95680348          0.00013642          0.00183833
   127   L1s      -9594.14658560          0.24747448          5.55306472          0.00007983          0.00107746
   128   L1s      -9594.15348711          0.18427514          1.83867003          0.00016295          0.00221218
   129   L0s      -9594.16047180          0.23811526          6.97744468          0.00016295          0.00222318
   130   L1s      -9594.16335304          0.18278091          3.96008088          0.00006876          0.00094831
   131   L1s      -9594.16968891          0.17920229          2.30531910          0.00016132          0.00225536
   132   L1s      -9594.17432435          0.24303351          5.63584409          0.00011985          0.00168315
   133   L1s      -9594.17772650          0.18798138          2.75339587          0.00008869          0.00124815
   134   L1s      -9594.18444723          0.17833533          2.98357300          0.00017758          0.00246321
   135   L1s      -9594.18771403          0.23588727          7.24769660          0.00008761          0.00119931
   136   L1s      -9594.19171565          0.15909901          1.95027779          0.00010820          0.00141906
   137   L1s      -9594.19696521          0.18460023          2.85491478          0.00014450          0.00181671
   138   L1s      -9594.19983334          0.23789028          5.04948195          0.00007994          0.00097950
   139   L1s      -9594.20622304          0.17168283          1.33175712          0.00017944          0.00211003
   140   L1s      -9594.21191313          0.21171745          6.08078609          0.00016197          0.00187314
   141   L1s      -9594.21423812          0.17629669          3.86499062          0.00006677          0.00075841
   142   L1s      -9594.22018232          0.16722587          1.99535571          0.00017287          0.00195038
   143   L1s      -9594.22398404          0.24860598          6.16905872          0.00011207          0.00126330
   144   L0s      -9594.22788099          0.16423843          2.49102093          0.00011207          0.00126110
   145   L1s      -9594.23392505          0.17264643          2.96308462          0.00016961          0.00189023
   146   L1s      -9594.23681493          0.23179996          7.34535126          0.00008431          0.00093312
   147   L1s      -9594.24143834          0.16974398          2.68317829          0.00013586          0.00148144
   148   L1s      -9594.24711966          0.22118079          4.45257474          0.00016914          0.00185254
   149   L1s      -9594.25043768          0.23138401          4.85732166          0.00009953          0.00108971
   150   L1s      -9594.25700661          0.17438484          2.26550424          0.00019836          0.00214322
   151   L1s      -9594.26285918          0.20995806          6.06186282          0.00017882          0.00194681
   152   L1s      -9594.26497604          0.16007280          3.41128803          0.00006518          0.00072109
   153   L1s      -9594.26957023          0.15804096          1.77004134          0.00014335          0.00161326
   154   L1s      -9594.27329176          0.24393553          6.52453702          0.00011769          0.00133271
   155   L0s      -9594.27704625          0.16725886          2.06968983          0.00011769          0.00134656
   156   L1s      -9594.28264564          0.17124744          2.99564705          0.00017482          0.00201417
   157   L1s      -9594.28563419          0.22648919          7.03950421          0.00009559          0.00110429
   158   L1s      -9594.28929895          0.15369747          2.20587313          0.00011795          0.00136629
   159   L1s      -9594.29477225          0.18487099          3.48339052          0.00017852          0.00206968
   160   L1s      -9594.29686033          0.18375772          4.00287084          0.00006872          0.00079712
   161   L1s      -9594.30137870          0.13665392          1.57070224          0.00015003          0.00173761
   162   L1s      -9594.30448830          0.17918329          5.49657756          0.00010489          0.00120946
   163   L1s      -9594.30620616          0.14508691          2.84759347          0.00005846          0.00066757
   164   L1s      -9594.31028091          0.12394003          1.45880905          0.00014054          0.00156655
   165   L1s      -9594.31231689          0.20114825          5.07736983          0.00007148          0.00078752
   166   L1s      -9594.31546531          0.12999118          1.23229063          0.00011125          0.00118382
   167   L1s      -9594.31905006          0.15581043          3.77647618          0.00012864          0.00138305
   168   L1s      -9594.32065314          0.16406740          4.40803041          0.00005813          0.00063120
   169   L1s      -9594.32380136          0.13368571          2.60553632          0.00011523          0.00126620
   170   L1s      -9594.32740506          0.16974312          3.87891669          0.00013370          0.00147300
   171   L1s      -9594.32898776          0.14815535          2.67225108          0.00005920          0.00065323
   172   L1s      -9594.33269374          0.12961853          1.39754295          0.00014010          0.00154682
   173   L1s      -9594.33523218          0.19765306          6.54090600          0.00009726          0.00107532
   174   L1s      -9594.33745485          0.12655849          1.58405649          0.00008565          0.00095230
   175   L1s      -9594.34073568          0.12622609          1.55004768          0.00012817          0.00143475
   176   L1s      -9594.34239790          0.17698353          4.78892321          0.00006581          0.00073884
   177   L1s      -9594.34498665          0.12226215          1.56680347          0.00010318          0.00116363
   178   L1s      -9594.34838497          0.16409063          4.59289548          0.00013733          0.00155199
   179   L1s      -9594.34989118          0.14363765          3.28826170          0.00006132          0.00069492
   180   L1s      -9594.35243600          0.11802041          2.19380469          0.00010460          0.00119078
   181   L0s      -9594.35505734          0.14041913          3.07591222          0.00010460          0.00119351
   182   L1s      -9594.35625874          0.12916941          2.61962141          0.00004909          0.00056200
   183   L1s      -9594.35879956          0.10914074          1.20070290          0.00011049          0.00126798
   184   L1s      -9594.36066323          0.17937053          5.93350456          0.00008221          0.00094377
   185   L0s      -9594.36267033          0.10998430          1.23846521          0.00008221          0.00093862
   186   L1s      -9594.36548512          0.11253047          1.84000002          0.00010158          0.00115569
   187   L1s      -9594.36694625          0.15755111          3.87853468          0.00005712          0.00064880
   188   L1s      -9594.36880590          0.11529959          2.23540881          0.00007333          0.00083119
   189   L1s      -9594.37153224          0.13191373          2.09772586          0.00010920          0.00123929
   190   L1s      -9594.37282722          0.15540611          3.31808518          0.00005247          0.00059672
   191   L1s      -9594.37520593          0.10796762          1.57820628          0.00009718          0.00111446
   192   L0s      -9594.37757905          0.12735914          2.30221233          0.00009718          0.00112076
   193   L1s      -9594.37865074          0.12983504          2.28296963          0.00004461          0.00051672
   194   L1s      -9594.38093616          0.09923363          1.06720083          0.00009749          0.00112810
----------------------------------------------------------------------------------------------------------------

Minimization converged.

-------------------  Conjugate Gradient Minimizer Statistics -------------------
Iterations             =            194  Function Calls         =            369
--------------------------------------------------------------------------------
