
#-----------------------------------------------------------------------------#
#                                                                             #
#                                EasyHybrid                                   #
#                   - A pDynamo graphical user interface -                    #
#                                                                             #
#-----------------------------------------------------------------------------#
#                                                                             #
#     Developed by Jose Fernando R Bachega and Luis Fernando S M Timmers      #
#                            <ferbachega@gmail.com>                           #
#                                                                             #
#             visit: https://sites.google.com/site/EasyHybrid/                #
#                   Univesity of Sao Paulo - SP, Brazil                       #
#      Pontifical Catholic University of Rio Grande do Sul - RS, Brazil       #
#                                                                             #
#                                                                             #
#   EasyHybrid team:                               Special thanks to:         #
#   - Jose Fernando R Bachega           |         - Fernando V Maluf          #
#   - Michele Silva                     |                                     #
#   - Luis Fernando S M Timmers         |                                     #
#   - Martin Field                      |         - Leonardo R Bachega        #
#   - Troy Wymore                       |         - Lucas Assirati            #
#   - Osmar Norberto de Souza           |         - Richard Garratt           #
#   - Walter R Paixao-Cortes            |                                     #
#                                                                             #
#   Cite this work as:                                                        #
#   J.F.R. Bachega, L.F.S.M. Timmers, L.Assirati, L.B. Bachega, M.J. Field,   #
#   T. Wymore. J. Comput. Chem. 2013, 34, 2190-2196. DOI: 10.1002/jcc.23346   #
#                                                                             #
#-----------------------------------------------------------------------------#

Generated on Sat Oct  5 09:36:09 2019


--------------------------------------------------------------------------------
                     Summary for System "HadDAJ1_Oct_5_2019"
--------------------------------------------------------------------------------

---------------------------- Atom Container Summary ----------------------------
Number of Atoms        =          10369  Number of Heavy Atoms  =           4249
Number of Hydrogens    =           6120  Number of Unknowns     =              0
--------------------------------------------------------------------------------

----------------------------- Connectivity Summary -----------------------------
Atoms                  =          10369
--------------------------------------------------------------------------------

------------------------------- Electronic State -------------------------------
Charge                 =             -2  Multiplicity           =              1
--------------------------------------------------------------------------------

--------------------------------------------------------------------------------
                    Summary for Energy Model "AMBER/PM6/ABFS"
--------------------------------------------------------------------------------

----------------------------------- Summary for MM Model "AMBER" -----------------------------------
LJ 1-4 Scaling                   =          0.500  El. 1-4 Scaling                  =          0.833
Number of MM Atoms               =          10369  Number of MM Atom Types          =             37
Number of Inactive MM Atoms      =             39  Total MM Charge                  =          -0.00
Harmonic Bond Terms              =          10427  Harmonic Bond Parameters         =             49
Harmonic Bond Inactive           =           7196  Harmonic Angle Terms             =           8493
Harmonic Angle Parameters        =             97  Harmonic Angle Inactive          =           3140
Fourier Dihedral Terms           =          17422  Fourier Dihedral Parameters      =             40
Fourier Dihedral Inactive        =           6028  Fourier Improper Terms           =            976
Fourier Improper Parameters      =              3  Fourier Improper Inactive        =            360
Exclusions                       =          31143  1-4 Interactions                 =          12223
LJ Parameters Form               =          AMBER  LJ Parameters Types              =             18
1-4 Lennard-Jones Form           =          AMBER  1-4 Lennard-Jones Types          =             18
----------------------------------------------------------------------------------------------------

-------------------------- Summary for QC Model "PM6" --------------------------
Number of QC Atoms     =             43  Boundary Atoms         =              4
Nuclear Charge         =            134  Orbital Functions      =            117
Fitting Functions      =              0  Energy Base Line       =      173.83387
QC Parameter Centers   =              5
--------------------------------------------------------------------------------

----------------------------- ABFS NB Model Summary ----------------------------
Dielectric             =       1.000000  El. 1-4 Scaling        =       0.833333
Damping Cutoff         =       0.500000  Inner Cutoff           =       8.000000
List Cutoff            =      13.500000  Outer Cutoff           =      12.000000
QC/MM Coupling         =    RC Coupling  Use Centering          =          False
--------------------------------------------------------------------------------

-------------------------- Pairlist Generator Summary --------------------------
Cell Size              =          6.750  Cutoff                 =         13.500
Cutoff Cell Size Factor =          0.500  Grid Cell/Cell Method  =           True
Minimum Cell Extent    =              2  Minimum Cell Size      =          3.000
Minimum Extent Factor  =          1.500  Minimum Points         =            500
Sort Indices           =          False
--------------------------------------------------------------------------------

---------------------------- Hard Constraint Container Summary ---------------------------
Number of Charge Constraints  =            0  Number of Fixed Atoms         =         7312
------------------------------------------------------------------------------------------

------------------------------- Sequence Summary -------------------------------
Number of Atoms            =      10369  Number of Components       =       2202
Number of Entities         =          1  Number of Linear Polymers  =          0
Number of Links            =          0  Number of Variants         =          0
--------------------------------------------------------------------------------


--------------------------------------------------------------------------------
                              EasyHybrid SCAN
--------------------------------------------------------------------------------

------------------------ EasyHybrid SCAN Multiple-Distance ----------------------
ATOM1                  =           4684  ATOM NAME1             =              O
ATOM2*                 =              0  ATOM NAME2             =              C
ATOM3                  =              5  ATOM NAME3             =             Cl
NWINDOWS               =             60  FORCE CONSTANT         =           4000
DMINIMUM               =       -2.47616  MAX INTERACTIONS       =           5000
STEP SIZE              =      0.0500000  RMS GRAD               =      0.1200000
Sigma atom1 - atom3    =        0.31096  Sigma atom3 - atom1    =       -0.68904
--------------------------------------------------------------------------------

---------------------------------------------------------------------------
      Frame     distance-pK1-pK2      distance-pK2-pK3         Energy      
---------------------------------------------------------------------------
        0       1.452908846937        4.249286741216      -22940.879394320000
        1       1.456698441698        4.181218165671      -22940.537884090001
        2       1.459223055817        4.111545370168      -22939.820396280000
        3       1.463264392812        4.043150630006      -22938.354727260001
        4       1.464934390967        3.970678935376      -22937.564478479999
        5       1.467664838528        3.901460380624      -22935.638953850001
        6       1.470484321076        3.831317808588      -22933.210470189999
        7       1.472208896020        3.758727920596      -22931.794402889998
        8       1.475660170912        3.689875425116      -22929.140186950000
        9       1.477600773247        3.618393829817      -22926.270203200002
       10       1.468336635321        3.532508633762      -22947.514890830000
       11       1.471181440151        3.462353721283      -22946.887868500002
       12       1.474248159168        3.392157029872      -22945.898983730000
       13       1.479678464661        3.325236512188      -22944.292726449999
       14       1.483226311700        3.254892638860      -22943.064996960002
       15       1.488234851932        3.187009848216      -22940.629500820000
       16       1.494365542120        3.119702580712      -22937.515945470001
       17       1.499183774891        3.050497451976      -22934.880410279999
       18       1.506984740003        2.984804889890      -22930.713630850001
       19       1.515065426459        2.919034777369      -22925.636463280000
       20       1.523860108019        2.847633546958      -22923.613565950000
       21       1.535316696694        2.785160796976      -22918.125032420001
       22       1.546164471945        2.719377905328      -22912.426380260000
       23       1.561754979844        2.659242143676      -22905.002056490001
       24       1.580065226905        2.594693029568      -22899.227713569999
       25       1.603785678048        2.538137818168      -22890.350499200002
       26       1.634342477270        2.481725973446      -22880.733954079999
       27       1.669159547552        2.427733844882      -22870.089565400001
       28       1.718900378212        2.374112090663      -22860.318312560001
       29       1.776096087917        2.324038591702      -22850.703952290001
       30       1.857696481590        2.278240609082      -22843.796159720001
       31       1.939306844889        2.233808079673      -22838.697423120000
       32       2.021254651032        2.188070745530      -22836.373032719999
       33       2.107637880488        2.145805790695      -22836.831802500001
       34       2.176559549746        2.100832922793      -22838.679388780001
       35       2.257029141677        2.061207496201      -22841.481142310000
       36       2.330411571203        2.020091925468      -22845.568080190002
       37       2.408784103299        1.984269871619      -22849.040954540000
       38       2.503648653718        1.955973836925      -22852.116667080001
       39       2.615006524095        1.934514480250      -22854.818287880000
       40       2.760026927040        1.926781488273      -22859.760958920000
       41       2.872508645290        1.906621288882      -22862.337909220001
       42       3.000231958281        1.892973775584      -22864.530379020001
       43       3.131220577081        1.881508860987      -22866.432979850000
       44       3.232701958857        1.859827214611      -22867.174554760000
       45       3.451985133196        1.876047354974      -22889.712571950000
       46       3.551340103968        1.853515280484      -22891.770770629999
       47       3.656989380784        1.833509767740      -22892.778780170000
       48       3.753927763784        1.811240336042      -22891.898712810002
       49       3.882783624319        1.799499733585      -22890.945226899999
       50       3.987658713318        1.781586611750      -22887.443609110000
       51       4.108187956406        1.768158522179      -22882.588878359998
       52       4.305286364714        1.778232419761      -22880.265534750000
       53       4.426930485664        1.765851585047      -22875.340668180001
       54       4.562914677853        1.758069050995      -22869.585328810001
       55       4.714829005225        1.754906764296      -22863.352251230001
       56       4.836878131136        1.742849294318      -22855.901229780000
       57       5.012954499189        1.747584780016      -22849.630967940000
       58       5.140347194492        1.736713247357      -22841.419906790001
       59       5.514499189704        1.805428740723      -22873.673431399999