
#-----------------------------------------------------------------------------#
#                                                                             #
#                                EasyHybrid                                   #
#                   - A pDynamo graphical user interface -                    #
#                                                                             #
#-----------------------------------------------------------------------------#
#                                                                             #
#     Developed by Jose Fernando R Bachega and Luis Fernando S M Timmers      #
#                            <ferbachega@gmail.com>                           #
#                                                                             #
#             visit: https://sites.google.com/site/EasyHybrid/                #
#                   Univesity of Sao Paulo - SP, Brazil                       #
#      Pontifical Catholic University of Rio Grande do Sul - RS, Brazil       #
#                                                                             #
#                                                                             #
#   EasyHybrid team:                               Special thanks to:         #
#   - Jose Fernando R Bachega           |         - Fernando V Maluf          #
#   - Michele Silva                     |                                     #
#   - Luis Fernando S M Timmers         |                                     #
#   - Martin Field                      |         - Leonardo R Bachega        #
#   - Troy Wymore                       |         - Lucas Assirati            #
#   - Osmar Norberto de Souza           |         - Richard Garratt           #
#   - Walter R Paixao-Cortes            |                                     #
#                                                                             #
#   Cite this work as:                                                        #
#   J.F.R. Bachega, L.F.S.M. Timmers, L.Assirati, L.B. Bachega, M.J. Field,   #
#   T. Wymore. J. Comput. Chem. 2013, 34, 2190-2196. DOI: 10.1002/jcc.23346   #
#                                                                             #
#-----------------------------------------------------------------------------#

Generated on Sat Oct  5 15:48:23 2019


--------------------------------------------------------------------------------
                     Summary for System "HadDAJ1_Oct_5_2019"
--------------------------------------------------------------------------------

---------------------------- Atom Container Summary ----------------------------
Number of Atoms        =          10369  Number of Heavy Atoms  =           4249
Number of Hydrogens    =           6120  Number of Unknowns     =              0
--------------------------------------------------------------------------------

----------------------------- Connectivity Summary -----------------------------
Atoms                  =          10369
--------------------------------------------------------------------------------

------------------------------- Electronic State -------------------------------
Charge                 =             -1  Multiplicity           =              1
--------------------------------------------------------------------------------

--------------------------------------------------------------------------------
                    Summary for Energy Model "AMBER/PM6/ABFS"
--------------------------------------------------------------------------------

----------------------------------- Summary for MM Model "AMBER" -----------------------------------
LJ 1-4 Scaling                   =          0.500  El. 1-4 Scaling                  =          0.833
Number of MM Atoms               =          10369  Number of MM Atom Types          =             37
Number of Inactive MM Atoms      =            295  Total MM Charge                  =          -1.00
Harmonic Bond Terms              =          10427  Harmonic Bond Parameters         =             49
Harmonic Bond Inactive           =           7450  Fourier Improper Terms           =            976
Fourier Improper Parameters      =              3  Fourier Improper Inactive        =            417
Harmonic Angle Terms             =           8493  Harmonic Angle Parameters        =             97
Harmonic Angle Inactive          =           3603  Fourier Dihedral Terms           =          17422
Fourier Dihedral Parameters      =             40  Fourier Dihedral Inactive        =           6915
Exclusions                       =          31143  1-4 Interactions                 =          12223
LJ Parameters Form               =          AMBER  LJ Parameters Types              =             18
1-4 Lennard-Jones Form           =          AMBER  1-4 Lennard-Jones Types          =             18
----------------------------------------------------------------------------------------------------

-------------------------- Summary for QC Model "PM6" --------------------------
Number of QC Atoms     =            313  Boundary Atoms         =             18
Nuclear Charge         =            845  Orbital Functions      =            773
Fitting Functions      =              0  Energy Base Line       =      979.65163
QC Parameter Centers   =              6
--------------------------------------------------------------------------------

----------------------------- ABFS NB Model Summary ----------------------------
Dielectric             =       1.000000  El. 1-4 Scaling        =       0.833333
Damping Cutoff         =       0.500000  Inner Cutoff           =       8.000000
List Cutoff            =      13.500000  Outer Cutoff           =      12.000000
QC/MM Coupling         =    RC Coupling  Use Centering          =          False
--------------------------------------------------------------------------------

-------------------------- Pairlist Generator Summary --------------------------
Cell Size              =          6.750  Cutoff                 =         13.500
Cutoff Cell Size Factor =          0.500  Grid Cell/Cell Method  =           True
Minimum Cell Extent    =              2  Minimum Cell Size      =          3.000
Minimum Extent Factor  =          1.500  Minimum Points         =            500
Sort Indices           =          False
--------------------------------------------------------------------------------

---------------------------- Hard Constraint Container Summary ---------------------------
Number of Charge Constraints  =            0  Number of Fixed Atoms         =         7312
------------------------------------------------------------------------------------------

------------------------------- Sequence Summary -------------------------------
Number of Atoms            =      10369  Number of Components       =       2202
Number of Entities         =          1  Number of Linear Polymers  =          0
Number of Links            =          0  Number of Variants         =          0
--------------------------------------------------------------------------------


--------------------------------------------------------------------------------
                              EasyHybrid SCAN
--------------------------------------------------------------------------------

------------------------ EasyHybrid SCAN Multiple-Distance ----------------------
ATOM1                  =           4684  ATOM NAME1             =              O
ATOM2*                 =              0  ATOM NAME2             =              C
ATOM3                  =              5  ATOM NAME3             =             Cl
TYPE                   = ENERGY REFINAMENT
--------------------------------------------------------------------------------

--------------------------------------------------------------------------------------------------------------------------------------------------------
      Frame     distance1-pK1-pK2      distance2-pK2-pK3      dis1-dis2         Energy(kJ/mol)       Energy_Norm(kJ/mol)         Energy(kCal/mol)
----------------------------------------------------------------------------------------------------------------------------------------------------------
        0       1.452908846937       4.249286741216       -2.796377894279       -24770.737243811182       39.392459878633       9.424033463788
        1       1.456698441698       4.181218165671       -2.724519723973       -24770.669585685901       39.460118003914       9.440219618161
        2       1.459223055817       4.111545370168       -2.652322314352       -24769.293874362967       40.835829326847       9.769337159533
        3       1.463264392812       4.043150630006       -2.579886237194       -24768.414261999573       41.715441690241       9.979770739292
        4       1.464934390967       3.970678935376       -2.505744544409       -24768.081697308473       42.048006381341       10.059331670177
        5       1.467664838528       3.901460380624       -2.433795542095       -24766.563457038763       43.566246651051       10.422547045706
        6       1.470484321076       3.831317808588       -2.360833487512       -24764.406063364826       45.723640324988       10.938669934208
        7       1.472208896020       3.758727920596       -2.286519024576       -24766.374909313163       43.754794376651       10.467654157094
        8       1.475660170912       3.689875425116       -2.214215254204       -24765.125747963648       45.003955726166       10.766496585207
        9       1.477600773247       3.618393829817       -2.140793056570       -24763.306589636293       46.823114053521       11.201701926680
       10       1.468336635321       3.532508633762       -2.064171998441       -24810.129703689814       0.000000000000       0.000000000000
       11       1.471181440151       3.462353721283       -1.991172281132       -24809.177355549262       0.952348140552       0.227834483386
       12       1.474248159168       3.392157029872       -1.917908870704       -24807.352208699489       2.777494990325       0.664472485724
       13       1.479678464661       3.325236512188       -1.845558047527       -24805.910252720700       4.219450969114       1.009438030889
       14       1.483226311700       3.254892638860       -1.771666327161       -24800.241038198234       9.888665491580       2.365709447747
       15       1.488234851932       3.187009848216       -1.698774996284       -24797.797500713368       12.332202976446       2.950287793408
       16       1.494365542120       3.119702580712       -1.625337038593       -24793.963886412577       16.165817277237       3.867420401253
       17       1.499183774891       3.050497451976       -1.551313677086       -24788.981715196045       21.147988493769       5.059327390854
       18       1.506984740003       2.984804889890       -1.477820149887       -24785.085277244470       25.044426445344       5.991489580226
       19       1.515065426459       2.919034777369       -1.403969350909       -24779.907267100360       30.222436589454       7.230247987908
       20       1.523860108019       2.847633546958       -1.323773438939       -24786.336993528370       23.792710161444       5.692035923790
       21       1.535316696694       2.785160796976       -1.249844100282       -24781.415790385210       28.713913304604       6.869357249905
       22       1.546164471945       2.719377905328       -1.173213433383       -24775.317457644720       34.812246045094       8.328288527534
       23       1.561754979844       2.659242143676       -1.097487163832       -24768.367161188518       41.762542501296       9.991038875908
       24       1.580065226905       2.594693029568       -1.014627802663       -24764.598967348036       45.530736341778       10.892520655928
       25       1.603785678048       2.538137818168       -0.934352140120       -24756.304833287377       53.824870402437       12.876763254172
       26       1.634342477270       2.481725973446       -0.847383496175       -24746.053432997069       64.076270692745       15.329251361901
       27       1.669159547552       2.427733844882       -0.758574297331       -24735.383207011582       74.746496678232       17.881937004362
       28       1.718900378212       2.374112090663       -0.655211712451       -24725.067254191112       85.062449498702       20.349868301125
       29       1.776096087917       2.324038591702       -0.547942503785       -24715.125708235628       95.003995454186       22.728228577557
       30       1.857696481590       2.278240609082       -0.420544127492       -24708.587804782361       101.541898907453       24.292320312788
       31       1.939306844889       2.233808079673       -0.294501234784       -24702.782784723269       107.346918966545       25.681081092475
       32       2.021254651032       2.188070745530       -0.166816094498       -24701.107662829556       109.022040860258       26.081827957000
       33       2.107637880488       2.145805790695       -0.038167910207       -24702.643543312635       107.486160377179       25.714392434732
       34       2.176559549746       2.100832922793       0.075726626954       -24705.442284737594       104.687418952220       25.044837069909
       35       2.257029141677       2.061207496201       0.195821645476       -24710.186695651861       99.943008037953       23.909810535396
       36       2.330411571203       2.020091925468       0.310319645735       -24716.565061055877       93.564642633937       22.383885797593
       37       2.408784103299       1.984269871619       0.424514231680       -24721.471604997154       88.658098692660       21.210071457574
       38       2.503648653718       1.955973836925       0.547674816793       -24726.253332986773       83.876370703041       20.066117393072
       39       2.615006524095       1.934514480250       0.680492043845       -24730.333444773471       79.796258916344       19.090014094819
       40       2.760026927040       1.926781488273       0.833245438767       -24742.625520835460       67.504182854354       16.149326041712
       41       2.872508645290       1.906621288882       0.965887356408       -24746.682928319115       63.446775370699       15.178654394904
       42       3.000231958281       1.892973775584       1.107258182697       -24749.389451291750       60.740252398064       14.531160860781
       43       3.131220577081       1.881508860987       1.249711716094       -24751.800987559513       58.328716130301       13.954238308685
       44       3.232701958857       1.859827214611       1.372874744247       -24754.195411405868       55.934292283946       13.381409637308
       45       3.451985133196       1.876047354974       1.575937778221       -24767.647407987111       42.482295702703       10.163228637010
       46       3.551340103968       1.853515280484       1.697824823484       -24771.086106398823       39.043597290991       9.340573514591
       47       3.656989380784       1.833509767740       1.823479613044       -24773.487740343437       36.641963346377       8.766019939325
       48       3.753927763784       1.811240336042       1.942687427742       -24774.860708572476       35.268995117338       8.437558640511
       49       3.882783624319       1.799499733585       2.083283890734       -24775.637279054448       34.492424635366       8.251776228556
       50       3.987658713318       1.781586611750       2.206072101568       -24775.118226737526       35.011476952288       8.375951423992
       51       4.108187956406       1.768158522179       2.340029434227       -24772.901738414541       37.227965275273       8.906211788343
       52       4.305286364714       1.778232419761       2.527053944953       -24770.133893038801       39.995810651013       9.568375753831
       53       4.426930485664       1.765851585047       2.661078900617       -24768.045500241165       42.084203448649       10.067991255658
       54       4.562914677853       1.758069050995       2.804845626858       -24765.225575903845       44.904127785969       10.742614302863
       55       4.714829005225       1.754906764296       2.959922240929       -24761.954561010847       48.175142678967       11.525153750949
       56       4.836878131136       1.742849294318       3.094028836819       -24757.700082921332       52.429620768482       12.542971475713
       57       5.012954499189       1.747584780016       3.265369719173       -24754.812930270931       55.316773418883       13.233677851407
       58       5.140347194492       1.736713247357       3.403633947134       -24750.151382345564       59.978321344250       14.348880704366
       59       5.514499189704       1.805428740723       3.709070448981       -24744.989453580991       65.140250108823       15.583791892063