
#-----------------------------------------------------------------------------#
#                                                                             #
#                                EasyHybrid                                   #
#                   - A pDynamo graphical user interface -                    #
#                                                                             #
#-----------------------------------------------------------------------------#
#                                                                             #
#     Developed by Jose Fernando R Bachega and Luis Fernando S M Timmers      #
#                            <ferbachega@gmail.com>                           #
#                                                                             #
#             visit: https://sites.google.com/site/EasyHybrid/                #
#                   Univesity of Sao Paulo - SP, Brazil                       #
#      Pontifical Catholic University of Rio Grande do Sul - RS, Brazil       #
#                                                                             #
#                                                                             #
#   EasyHybrid team:                               Special thanks to:         #
#   - Jose Fernando R Bachega           |         - Fernando V Maluf          #
#   - Michele Silva                     |                                     #
#   - Luis Fernando S M Timmers         |                                     #
#   - Martin Field                      |         - Leonardo R Bachega        #
#   - Troy Wymore                       |         - Lucas Assirati            #
#   - Osmar Norberto de Souza           |         - Richard Garratt           #
#   - Walter R Paixao-Cortes            |                                     #
#                                                                             #
#   Cite this work as:                                                        #
#   J.F.R. Bachega, L.F.S.M. Timmers, L.Assirati, L.B. Bachega, M.J. Field,   #
#   T. Wymore. J. Comput. Chem. 2013, 34, 2190-2196. DOI: 10.1002/jcc.23346   #
#                                                                             #
#-----------------------------------------------------------------------------#

Generated on Sat Oct  5 15:47:03 2019


--------------------------------------------------------------------------------
                     Summary for System "HadDAJ1_Oct_5_2019"
--------------------------------------------------------------------------------

---------------------------- Atom Container Summary ----------------------------
Number of Atoms        =          10369  Number of Heavy Atoms  =           4249
Number of Hydrogens    =           6120  Number of Unknowns     =              0
--------------------------------------------------------------------------------

----------------------------- Connectivity Summary -----------------------------
Atoms                  =          10369
--------------------------------------------------------------------------------

------------------------------- Electronic State -------------------------------
Charge                 =             -2  Multiplicity           =              1
--------------------------------------------------------------------------------

--------------------------------------------------------------------------------
                    Summary for Energy Model "AMBER/RM1/ABFS"
--------------------------------------------------------------------------------

----------------------------------- Summary for MM Model "AMBER" -----------------------------------
LJ 1-4 Scaling                   =          0.500  El. 1-4 Scaling                  =          0.833
Number of MM Atoms               =          10369  Number of MM Atom Types          =             37
Number of Inactive MM Atoms      =             39  Total MM Charge                  =          -0.00
Harmonic Bond Terms              =          10427  Harmonic Bond Parameters         =             49
Harmonic Bond Inactive           =           7196  Fourier Improper Terms           =            976
Fourier Improper Parameters      =              3  Fourier Improper Inactive        =            360
Harmonic Angle Terms             =           8493  Harmonic Angle Parameters        =             97
Harmonic Angle Inactive          =           3140  Fourier Dihedral Terms           =          17422
Fourier Dihedral Parameters      =             40  Fourier Dihedral Inactive        =           6028
Exclusions                       =          31143  1-4 Interactions                 =          12223
LJ Parameters Form               =          AMBER  LJ Parameters Types              =             18
1-4 Lennard-Jones Form           =          AMBER  1-4 Lennard-Jones Types          =             18
----------------------------------------------------------------------------------------------------

-------------------------- Summary for QC Model "RM1" --------------------------
Number of QC Atoms     =             43  Boundary Atoms         =              4
Nuclear Charge         =            134  Orbital Functions      =            112
Fitting Functions      =              0  Energy Base Line       =      190.84411
QC Parameter Centers   =              5
--------------------------------------------------------------------------------

----------------------------- ABFS NB Model Summary ----------------------------
Dielectric             =       1.000000  El. 1-4 Scaling        =       0.833333
Damping Cutoff         =       0.500000  Inner Cutoff           =       8.000000
List Cutoff            =      13.500000  Outer Cutoff           =      12.000000
QC/MM Coupling         =    RC Coupling  Use Centering          =          False
--------------------------------------------------------------------------------

-------------------------- Pairlist Generator Summary --------------------------
Cell Size              =          6.750  Cutoff                 =         13.500
Cutoff Cell Size Factor =          0.500  Grid Cell/Cell Method  =           True
Minimum Cell Extent    =              2  Minimum Cell Size      =          3.000
Minimum Extent Factor  =          1.500  Minimum Points         =            500
Sort Indices           =          False
--------------------------------------------------------------------------------

---------------------------- Hard Constraint Container Summary ---------------------------
Number of Charge Constraints  =            0  Number of Fixed Atoms         =         7312
------------------------------------------------------------------------------------------

------------------------------- Sequence Summary -------------------------------
Number of Atoms            =      10369  Number of Components       =       2202
Number of Entities         =          1  Number of Linear Polymers  =          0
Number of Links            =          0  Number of Variants         =          0
--------------------------------------------------------------------------------


--------------------------------------------------------------------------------
                              EasyHybrid SCAN
--------------------------------------------------------------------------------

------------------------ EasyHybrid SCAN Multiple-Distance ----------------------
ATOM1                  =           4684  ATOM NAME1             =              O
ATOM2*                 =              0  ATOM NAME2             =              C
ATOM3                  =              5  ATOM NAME3             =             Cl
TYPE                   = ENERGY REFINAMENT
--------------------------------------------------------------------------------

--------------------------------------------------------------------------------------------------------------------------------------------------------
      Frame     distance1-pK1-pK2      distance2-pK2-pK3      dis1-dis2         Energy(kJ/mol)       Energy_Norm(kJ/mol)         Energy(kCal/mol)
----------------------------------------------------------------------------------------------------------------------------------------------------------
        0       1.452908846937       4.249286741216       -2.796377894279       -22696.481076319513       0.000000000000       0.000000000000
        1       1.456698441698       4.181218165671       -2.724519723973       -22695.064104426681       1.416971892831       0.338988491108
        2       1.459223055817       4.111545370168       -2.652322314352       -22693.150455845142       3.330620474371       0.796799156548
        3       1.463264392812       4.043150630006       -2.579886237194       -22690.880553568779       5.600522750734       1.339837978644
        4       1.464934390967       3.970678935376       -2.505744544409       -22686.208903184870       10.272173134643       2.457457687714
        5       1.467664838528       3.901460380624       -2.433795542095       -22683.367674731609       13.113401587903       3.137177413374
        6       1.470484321076       3.831317808588       -2.360833487512       -22679.335041902668       17.146034416844       4.101922109293
        7       1.472208896020       3.758727920596       -2.286519024576       -22673.953131669339       22.527944650174       5.389460442625
        8       1.475660170912       3.689875425116       -2.214215254204       -22669.953581654077       26.527494665435       6.346290589817
        9       1.477600773247       3.618393829817       -2.140793056570       -22665.497091822723       30.983984496790       7.412436482486
       10       1.468336635321       3.532508633762       -2.064171998441       -22685.951525645403       10.529550674109       2.519031261749
       11       1.471181440151       3.462353721283       -1.991172281132       -22683.278436876109       13.202639443403       3.158526182632
       12       1.474248159168       3.392157029872       -1.917908870704       -22679.840990481862       16.640085837651       3.980881779342
       13       1.479678464661       3.325236512188       -1.845558047527       -22677.012908306435       19.468168013078       4.657456462459
       14       1.483226311700       3.254892638860       -1.771666327161       -22671.843527242458       24.637549077055       5.894150496903
       15       1.488234851932       3.187009848216       -1.698774996284       -22667.748352195002       28.732724124511       6.873857446055
       16       1.494365542120       3.119702580712       -1.625337038593       -22662.859387007189       33.621689312324       8.043466342661
       17       1.499183774891       3.050497451976       -1.551313677086       -22659.296028944249       37.185047375264       8.895944348149
       18       1.506984740003       2.984804889890       -1.477820149887       -22653.505382246098       42.975694073415       10.281266524740
       19       1.515065426459       2.919034777369       -1.403969350909       -22647.008478067226       49.472598252287       11.835549821121
       20       1.523860108019       2.847633546958       -1.323773438939       -22648.838232861825       47.642843457688       11.397809439638
       21       1.535316696694       2.785160796976       -1.249844100282       -22640.929341434479       55.551734885034       13.289888728477
       22       1.546164471945       2.719377905328       -1.173213433383       -22634.939111859843       61.541964459670       14.722958004706
       23       1.561754979844       2.659242143676       -1.097487163832       -22625.375967870903       71.105108448610       17.010791494883
       24       1.580065226905       2.594693029568       -1.014627802663       -22615.312575301454       81.168501018059       19.418301678961
       25       1.603785678048       2.538137818168       -0.934352140120       -22605.479765495835       91.001310823678       21.770648522411
       26       1.634342477270       2.481725973446       -0.847383496175       -22594.213178287875       102.267898031638       24.466004313789
       27       1.669159547552       2.427733844882       -0.758574297331       -22585.152261563293       111.328814756220       26.633687740722
       28       1.718900378212       2.374112090663       -0.655211712451       -22578.124037783069       118.357038536444       28.315080989580
       29       1.776096087917       2.324038591702       -0.547942503785       -22575.134892830363       121.346183489150       29.030187437596
       30       1.857696481590       2.278240609082       -0.420544127492       -22580.370262853121       116.110813466392       27.777706570907
       31       1.939306844889       2.233808079673       -0.294501234784       -22589.424840766056       107.056235553457       25.611539606090
       32       2.021254651032       2.188070745530       -0.166816094498       -22600.438186415253       96.042889904260       22.976767919679
       33       2.107637880488       2.145805790695       -0.038167910207       -22613.135382651722       83.345693667790       19.939161164543
       34       2.176559549746       2.100832922793       0.075726626954       -22621.886854478438       74.594221841075       17.845507617482
       35       2.257029141677       2.061207496201       0.195821645476       -22630.380592232312       66.100484087201       15.813512939522
       36       2.330411571203       2.020091925468       0.310319645735       -22637.868636223888       58.612440095625       14.022114855413
       37       2.408784103299       1.984269871619       0.424514231680       -22642.130966055924       54.350110263589       13.002418723347
       38       2.503648653718       1.955973836925       0.547674816793       -22646.303698609951       50.177377709562       12.004157346785
       39       2.615006524095       1.934514480250       0.680492043845       -22649.970159401710       46.510916917803       11.127013616699
       40       2.760026927040       1.926781488273       0.833245438767       -22656.638401466447       39.842674853066       9.531740395470
       41       2.872508645290       1.906621288882       0.965887356408       -22658.477230062716       38.003846256797       9.091829248038
       42       3.000231958281       1.892973775584       1.107258182697       -22659.308037170973       37.173039148540       8.893071566636
       43       3.131220577081       1.881508860987       1.249711716094       -22660.114240772116       36.366835547396       8.700199891722
       44       3.232701958857       1.859827214611       1.372874744247       -22659.079963267824       37.401113051688       8.947634701361
       45       3.451985133196       1.876047354974       1.575937778221       -22668.135568825768       28.345507493745       6.781221888456
       46       3.551340103968       1.853515280484       1.697824823484       -22666.739600993315       29.741475326198       7.115185484736
       47       3.656989380784       1.833509767740       1.823479613044       -22665.133945784382       31.347130535130       7.499313525151
       48       3.753927763784       1.811240336042       1.942687427742       -22662.516578954681       33.964497364832       8.125477838477
       49       3.882783624319       1.799499733585       2.083283890734       -22663.286176697911       33.194899621602       7.941363545838
       50       3.987658713318       1.781586611750       2.206072101568       -22660.355318359343       36.125757960170       8.642525827792
       51       4.108187956406       1.768158522179       2.340029434227       -22658.881979423652       37.599096895861       8.994999257383
       52       4.305286364714       1.778232419761       2.527053944953       -22665.400678090209       31.080398229304       7.435501968733
       53       4.426930485664       1.765851585047       2.661078900617       -22662.271539970752       34.209536348761       8.184099604967
       54       4.562914677853       1.758069050995       2.804845626858       -22659.428184326414       37.052891993098       8.864328228014
       55       4.714829005225       1.754906764296       2.959922240929       -22657.120405471756       39.360670847756       9.416428432478
       56       4.836878131136       1.742849294318       3.094028836819       -22650.113009900870       46.368066418643       11.092838856135
       57       5.012954499189       1.747584780016       3.265369719173       -22647.353816971900       49.127259347613       11.752932858281
       58       5.140347194492       1.736713247357       3.403633947134       -22639.369655537037       57.111420782476       13.663019325951
       59       5.514499189704       1.805428740723       3.709070448981       -22672.232178485061       24.248897834452       5.801171730730