
#-----------------------------------------------------------------------------#
#                                                                             #
#                                EasyHybrid                                   #
#                   - A pDynamo graphical user interface -                    #
#                                                                             #
#-----------------------------------------------------------------------------#
#                                                                             #
#     Developed by Jose Fernando R Bachega and Luis Fernando S M Timmers      #
#                            <ferbachega@gmail.com>                           #
#                                                                             #
#             visit: https://sites.google.com/site/EasyHybrid/                #
#                   Univesity of Sao Paulo - SP, Brazil                       #
#      Pontifical Catholic University of Rio Grande do Sul - RS, Brazil       #
#                                                                             #
#                                                                             #
#   EasyHybrid team:                               Special thanks to:         #
#   - Jose Fernando R Bachega           |         - Fernando V Maluf          #
#   - Michele Silva                     |                                     #
#   - Luis Fernando S M Timmers         |                                     #
#   - Martin Field                      |         - Leonardo R Bachega        #
#   - Troy Wymore                       |         - Lucas Assirati            #
#   - Osmar Norberto de Souza           |         - Richard Garratt           #
#   - Walter R Paixao-Cortes            |                                     #
#                                                                             #
#   Cite this work as:                                                        #
#   J.F.R. Bachega, L.F.S.M. Timmers, L.Assirati, L.B. Bachega, M.J. Field,   #
#   T. Wymore. J. Comput. Chem. 2013, 34, 2190-2196. DOI: 10.1002/jcc.23346   #
#                                                                             #
#-----------------------------------------------------------------------------#

Generated on Sat Oct  5 15:46:00 2019


--------------------------------------------------------------------------------
                     Summary for System "HadDAJ1_Oct_5_2019"
--------------------------------------------------------------------------------

---------------------------- Atom Container Summary ----------------------------
Number of Atoms        =          10369  Number of Heavy Atoms  =           4249
Number of Hydrogens    =           6120  Number of Unknowns     =              0
--------------------------------------------------------------------------------

----------------------------- Connectivity Summary -----------------------------
Atoms                  =          10369
--------------------------------------------------------------------------------

------------------------------- Electronic State -------------------------------
Charge                 =             -2  Multiplicity           =              1
--------------------------------------------------------------------------------

--------------------------------------------------------------------------------
                 Summary for Energy Model "AMBER/AM1DPHOT/ABFS"
--------------------------------------------------------------------------------

----------------------------------- Summary for MM Model "AMBER" -----------------------------------
LJ 1-4 Scaling                   =          0.500  El. 1-4 Scaling                  =          0.833
Number of MM Atoms               =          10369  Number of MM Atom Types          =             37
Number of Inactive MM Atoms      =             39  Total MM Charge                  =          -0.00
Harmonic Bond Terms              =          10427  Harmonic Bond Parameters         =             49
Harmonic Bond Inactive           =           7196  Fourier Improper Terms           =            976
Fourier Improper Parameters      =              3  Fourier Improper Inactive        =            360
Harmonic Angle Terms             =           8493  Harmonic Angle Parameters        =             97
Harmonic Angle Inactive          =           3140  Fourier Dihedral Terms           =          17422
Fourier Dihedral Parameters      =             40  Fourier Dihedral Inactive        =           6028
Exclusions                       =          31143  1-4 Interactions                 =          12223
LJ Parameters Form               =          AMBER  LJ Parameters Types              =             18
1-4 Lennard-Jones Form           =          AMBER  1-4 Lennard-Jones Types          =             18
----------------------------------------------------------------------------------------------------

------------------------ Summary for QC Model "AM1DPHOT" -----------------------
Number of QC Atoms     =             43  Boundary Atoms         =              4
Nuclear Charge         =            134  Orbital Functions      =            112
Fitting Functions      =              0  Energy Base Line       =      192.51897
QC Parameter Centers   =              5
--------------------------------------------------------------------------------

----------------------------- ABFS NB Model Summary ----------------------------
Dielectric             =       1.000000  El. 1-4 Scaling        =       0.833333
Damping Cutoff         =       0.500000  Inner Cutoff           =       8.000000
List Cutoff            =      13.500000  Outer Cutoff           =      12.000000
QC/MM Coupling         =    RC Coupling  Use Centering          =          False
--------------------------------------------------------------------------------

-------------------------- Pairlist Generator Summary --------------------------
Cell Size              =          6.750  Cutoff                 =         13.500
Cutoff Cell Size Factor =          0.500  Grid Cell/Cell Method  =           True
Minimum Cell Extent    =              2  Minimum Cell Size      =          3.000
Minimum Extent Factor  =          1.500  Minimum Points         =            500
Sort Indices           =          False
--------------------------------------------------------------------------------

---------------------------- Hard Constraint Container Summary ---------------------------
Number of Charge Constraints  =            0  Number of Fixed Atoms         =         7312
------------------------------------------------------------------------------------------

------------------------------- Sequence Summary -------------------------------
Number of Atoms            =      10369  Number of Components       =       2202
Number of Entities         =          1  Number of Linear Polymers  =          0
Number of Links            =          0  Number of Variants         =          0
--------------------------------------------------------------------------------


--------------------------------------------------------------------------------
                              EasyHybrid SCAN
--------------------------------------------------------------------------------

------------------------ EasyHybrid SCAN Multiple-Distance ----------------------
ATOM1                  =           4684  ATOM NAME1             =              O
ATOM2*                 =              0  ATOM NAME2             =              C
ATOM3                  =              5  ATOM NAME3             =             Cl
TYPE                   = ENERGY REFINAMENT
--------------------------------------------------------------------------------

--------------------------------------------------------------------------------------------------------------------------------------------------------
      Frame     distance1-pK1-pK2      distance2-pK2-pK3      dis1-dis2         Energy(kJ/mol)       Energy_Norm(kJ/mol)         Energy(kCal/mol)
----------------------------------------------------------------------------------------------------------------------------------------------------------
        0       1.452908846937       4.249286741216       -2.796377894279       -22614.562843133841       32.307521787945       7.729072198073
        1       1.456698441698       4.181218165671       -2.724519723973       -22612.930991020807       33.939373900979       8.119467440426
        2       1.459223055817       4.111545370168       -2.652322314352       -22611.784116529521       35.086248392265       8.393839328293
        3       1.463264392812       4.043150630006       -2.579886237194       -22608.845866311778       38.024498610008       9.096770002394
        4       1.464934390967       3.970678935376       -2.505744544409       -22605.219072033447       41.651292888339       9.964424135966
        5       1.467664838528       3.901460380624       -2.433795542095       -22602.778256138841       44.092108782945       10.548351383480
        6       1.470484321076       3.831317808588       -2.360833487512       -22598.809322592446       48.061042329340       11.497857016589
        7       1.472208896020       3.758727920596       -2.286519024576       -22593.548632705722       53.321732216064       12.756395267001
        8       1.475660170912       3.689875425116       -2.214215254204       -22589.157538990392       57.712825931394       13.806896155836
        9       1.477600773247       3.618393829817       -2.140793056570       -22585.157930445061       61.712434476725       14.763740305437
       10       1.468336635321       3.532508633762       -2.064171998441       -22596.687735598145       50.182629323641       12.005413713790
       11       1.471181440151       3.462353721283       -1.991172281132       -22592.967391141632       53.902973780154       12.895448272764
       12       1.474248159168       3.392157029872       -1.917908870704       -22588.223339242370       58.647025679416       14.030388918521
       13       1.479678464661       3.325236512188       -1.845558047527       -22583.608466276539       63.261898645247       15.134425513217
       14       1.483226311700       3.254892638860       -1.771666327161       -22577.806122615482       69.064242306304       16.522546006293
       15       1.488234851932       3.187009848216       -1.698774996284       -22572.320775580050       74.549589341736       17.834829986061
       16       1.494365542120       3.119702580712       -1.625337038593       -22566.213085622414       80.657279299372       19.295999832386
       17       1.499183774891       3.050497451976       -1.551313677086       -22561.049857522226       85.820507399560       20.531221865923
       18       1.506984740003       2.984804889890       -1.477820149887       -22552.543712487612       94.326652434174       22.566184792865
       19       1.515065426459       2.919034777369       -1.403969350909       -22544.820482093844       102.049882827941       24.413847566493
       20       1.523860108019       2.847633546958       -1.323773438939       -22537.302696992250       109.567667929536       26.212360748693
       21       1.535316696694       2.785160796976       -1.249844100282       -22527.172305696771       119.698059225015       28.635899336128
       22       1.546164471945       2.719377905328       -1.173213433383       -22518.558368858990       128.311996062796       30.696649775788
       23       1.561754979844       2.659242143676       -1.097487163832       -22505.955637544692       140.914727377094       33.711657267247
       24       1.580065226905       2.594693029568       -1.014627802663       -22495.359202452710       151.511162469076       36.246689585903
       25       1.603785678048       2.538137818168       -0.934352140120       -22482.566671589342       164.303693332444       39.307103668049
       26       1.634342477270       2.481725973446       -0.847383496175       -22469.341513455503       177.528851466283       42.471017097197
       27       1.669159547552       2.427733844882       -0.758574297331       -22455.887582783929       190.982782137857       45.689660798530
       28       1.718900378212       2.374112090663       -0.655211712451       -22448.155940946690       198.714423975096       47.539335879210
       29       1.776096087917       2.324038591702       -0.547942503785       -22441.034934455984       205.835430465802       49.242925948757
       30       1.857696481590       2.278240609082       -0.420544127492       -22444.615843596883       202.254521324903       48.386249120790
       31       1.939306844889       2.233808079673       -0.294501234784       -22451.168533588519       195.701831333266       46.818619936188
       32       2.021254651032       2.188070745530       -0.166816094498       -22464.856988916519       182.013376005267       43.543869857719
       33       2.107637880488       2.145805790695       -0.038167910207       -22481.802435073085       165.067929848701       39.489935370503
       34       2.176559549746       2.100832922793       0.075726626954       -22494.675702588098       152.194662333688       36.410206299925
       35       2.257029141677       2.061207496201       0.195821645476       -22510.112423125287       136.757941796499       32.717210956100
       36       2.330411571203       2.020091925468       0.310319645735       -22523.669632018689       123.200732903097       29.473859546195
       37       2.408784103299       1.984269871619       0.424514231680       -22533.612496629041       113.257868292745       27.095183802092
       38       2.503648653718       1.955973836925       0.547674816793       -22542.517340145179       104.353024776607       24.964838463303
       39       2.615006524095       1.934514480250       0.680492043845       -22549.261258305771       97.609106616015       23.351460912922
       40       2.760026927040       1.926781488273       0.833245438767       -22555.594820920091       91.275544001695       21.836254545860
       41       2.872508645290       1.906621288882       0.965887356408       -22560.549708160506       86.320656761280       20.650874823273
       42       3.000231958281       1.892973775584       1.107258182697       -22565.502339530623       81.368025391163       19.466034782575
       43       3.131220577081       1.881508860987       1.249711716094       -22570.279580153856       76.590784767930       18.323154250701
       44       3.232701958857       1.859827214611       1.372874744247       -22574.043762160447       72.826602761339       17.422632239555
       45       3.451985133196       1.876047354974       1.575937778221       -22631.455890356996       15.414474564790       3.687673340859
       46       3.551340103968       1.853515280484       1.697824823484       -22637.505169124499       9.365195797287       2.240477463466
       47       3.656989380784       1.833509767740       1.823479613044       -22641.229977128689       5.640387793097       1.349375070119
       48       3.753927763784       1.811240336042       1.942687427742       -22644.453387341880       2.416977579906       0.578224301413
       49       3.882783624319       1.799499733585       2.083283890734       -22646.870364921786       0.000000000000       0.000000000000
       50       3.987658713318       1.781586611750       2.206072101568       -22646.134291083275       0.736073838510       0.176094219739
       51       4.108187956406       1.768158522179       2.340029434227       -22642.851735608499       4.018629313287       0.961394572557
       52       4.305286364714       1.778232419761       2.527053944953       -22632.622601411284       14.247763510502       3.408555863757
       53       4.426930485664       1.765851585047       2.661078900617       -22628.542122894269       18.328242027517       4.384746896535
       54       4.562914677853       1.758069050995       2.804845626858       -22623.600214722108       23.270150199678       5.567021578870
       55       4.714829005225       1.754906764296       2.959922240929       -22617.657598172256       29.212766749530       6.988700179313
       56       4.836878131136       1.742849294318       3.094028836819       -22610.364228329694       36.506136592092       8.733525500500
       57       5.012954499189       1.747584780016       3.265369719173       -22604.066980604621       42.803384317165       10.240044095016
       58       5.140347194492       1.736713247357       3.403633947134       -22596.532822498666       50.337542423120       12.042474263904
       59       5.514499189704       1.805428740723       3.709070448981       -22634.678067915818       12.192297005968       2.916817465543