
#-----------------------------------------------------------------------------#
#                                                                             #
#                                EasyHybrid                                   #
#                   - A pDynamo graphical user interface -                    #
#                                                                             #
#-----------------------------------------------------------------------------#
#                                                                             #
#     Developed by Jose Fernando R Bachega and Luis Fernando S M Timmers      #
#                            <ferbachega@gmail.com>                           #
#                                                                             #
#             visit: https://sites.google.com/site/EasyHybrid/                #
#                   Univesity of Sao Paulo - SP, Brazil                       #
#      Pontifical Catholic University of Rio Grande do Sul - RS, Brazil       #
#                                                                             #
#                                                                             #
#   EasyHybrid team:                               Special thanks to:         #
#   - Jose Fernando R Bachega           |         - Fernando V Maluf          #
#   - Michele Silva                     |                                     #
#   - Luis Fernando S M Timmers         |                                     #
#   - Martin Field                      |         - Leonardo R Bachega        #
#   - Troy Wymore                       |         - Lucas Assirati            #
#   - Osmar Norberto de Souza           |         - Richard Garratt           #
#   - Walter R Paixao-Cortes            |                                     #
#                                                                             #
#   Cite this work as:                                                        #
#   J.F.R. Bachega, L.F.S.M. Timmers, L.Assirati, L.B. Bachega, M.J. Field,   #
#   T. Wymore. J. Comput. Chem. 2013, 34, 2190-2196. DOI: 10.1002/jcc.23346   #
#                                                                             #
#-----------------------------------------------------------------------------#

Generated on Sat Oct  5 15:45:25 2019


--------------------------------------------------------------------------------
                     Summary for System "HadDAJ1_Oct_5_2019"
--------------------------------------------------------------------------------

---------------------------- Atom Container Summary ----------------------------
Number of Atoms        =          10369  Number of Heavy Atoms  =           4249
Number of Hydrogens    =           6120  Number of Unknowns     =              0
--------------------------------------------------------------------------------

----------------------------- Connectivity Summary -----------------------------
Atoms                  =          10369
--------------------------------------------------------------------------------

------------------------------- Electronic State -------------------------------
Charge                 =             -2  Multiplicity           =              1
--------------------------------------------------------------------------------

--------------------------------------------------------------------------------
                    Summary for Energy Model "AMBER/AM1/ABFS"
--------------------------------------------------------------------------------

----------------------------------- Summary for MM Model "AMBER" -----------------------------------
LJ 1-4 Scaling                   =          0.500  El. 1-4 Scaling                  =          0.833
Number of MM Atoms               =          10369  Number of MM Atom Types          =             37
Number of Inactive MM Atoms      =             39  Total MM Charge                  =          -0.00
Harmonic Bond Terms              =          10427  Harmonic Bond Parameters         =             49
Harmonic Bond Inactive           =           7196  Fourier Improper Terms           =            976
Fourier Improper Parameters      =              3  Fourier Improper Inactive        =            360
Harmonic Angle Terms             =           8493  Harmonic Angle Parameters        =             97
Harmonic Angle Inactive          =           3140  Fourier Dihedral Terms           =          17422
Fourier Dihedral Parameters      =             40  Fourier Dihedral Inactive        =           6028
Exclusions                       =          31143  1-4 Interactions                 =          12223
LJ Parameters Form               =          AMBER  LJ Parameters Types              =             18
1-4 Lennard-Jones Form           =          AMBER  1-4 Lennard-Jones Types          =             18
----------------------------------------------------------------------------------------------------

-------------------------- Summary for QC Model "AM1" --------------------------
Number of QC Atoms     =             43  Boundary Atoms         =              4
Nuclear Charge         =            134  Orbital Functions      =            112
Fitting Functions      =              0  Energy Base Line       =      192.14172
QC Parameter Centers   =              5
--------------------------------------------------------------------------------

----------------------------- ABFS NB Model Summary ----------------------------
Dielectric             =       1.000000  El. 1-4 Scaling        =       0.833333
Damping Cutoff         =       0.500000  Inner Cutoff           =       8.000000
List Cutoff            =      13.500000  Outer Cutoff           =      12.000000
QC/MM Coupling         =    RC Coupling  Use Centering          =          False
--------------------------------------------------------------------------------

-------------------------- Pairlist Generator Summary --------------------------
Cell Size              =          6.750  Cutoff                 =         13.500
Cutoff Cell Size Factor =          0.500  Grid Cell/Cell Method  =           True
Minimum Cell Extent    =              2  Minimum Cell Size      =          3.000
Minimum Extent Factor  =          1.500  Minimum Points         =            500
Sort Indices           =          False
--------------------------------------------------------------------------------

---------------------------- Hard Constraint Container Summary ---------------------------
Number of Charge Constraints  =            0  Number of Fixed Atoms         =         7312
------------------------------------------------------------------------------------------

------------------------------- Sequence Summary -------------------------------
Number of Atoms            =      10369  Number of Components       =       2202
Number of Entities         =          1  Number of Linear Polymers  =          0
Number of Links            =          0  Number of Variants         =          0
--------------------------------------------------------------------------------


--------------------------------------------------------------------------------
                              EasyHybrid SCAN
--------------------------------------------------------------------------------

------------------------ EasyHybrid SCAN Multiple-Distance ----------------------
ATOM1                  =           4684  ATOM NAME1             =              O
ATOM2*                 =              0  ATOM NAME2             =              C
ATOM3                  =              5  ATOM NAME3             =             Cl
TYPE                   = ENERGY REFINAMENT
--------------------------------------------------------------------------------

--------------------------------------------------------------------------------------------------------------------------------------------------------
      Frame     distance1-pK1-pK2      distance2-pK2-pK3      dis1-dis2         Energy(kJ/mol)       Energy_Norm(kJ/mol)         Energy(kCal/mol)
----------------------------------------------------------------------------------------------------------------------------------------------------------
        0       1.452908846937       4.249286741216       -2.796377894279       -22581.864635867267       79.202442973201       18.947952864402
        1       1.456698441698       4.181218165671       -2.724519723973       -22579.950302284316       81.116776556151       19.405927405778
        2       1.459223055817       4.111545370168       -2.652322314352       -22578.921502780144       82.145576060324       19.652051689073
        3       1.463264392812       4.043150630006       -2.579886237194       -22575.630277125096       85.436801715372       20.439426247697
        4       1.464934390967       3.970678935376       -2.505744544409       -22572.117121023170       88.949957817298       21.279894214665
        5       1.467664838528       3.901460380624       -2.433795542095       -22569.661140060613       91.405938779855       21.867449468865
        6       1.470484321076       3.831317808588       -2.360833487512       -22565.632154563165       95.434924277302       22.831321597441
        7       1.472208896020       3.758727920596       -2.286519024576       -22560.342870321063       100.724208519405       24.096700602728
        8       1.475660170912       3.689875425116       -2.214215254204       -22555.235225167336       105.831853673131       25.318625280653
        9       1.477600773247       3.618393829817       -2.140793056570       -22551.219391682727       109.847687157740       26.279350994675
       10       1.468336635321       3.532508633762       -2.064171998441       -22557.505944168541       103.561134671927       24.775391069839
       11       1.471181440151       3.462353721283       -1.991172281132       -22553.431476525737       107.635602314731       25.750144094433
       12       1.474248159168       3.392157029872       -1.917908870704       -22547.984762522421       113.082316318047       27.053185722021
       13       1.479678464661       3.325236512188       -1.845558047527       -22542.232706007271       118.834372833197       28.429275797415
       14       1.483226311700       3.254892638860       -1.771666327161       -22538.137511393787       122.929567446681       29.408987427436
       15       1.488234851932       3.187009848216       -1.698774996284       -22530.938925865481       130.128152974987       31.131137075356
       16       1.494365542120       3.119702580712       -1.625337038593       -22524.272285829913       136.794793010555       32.726027036018
       17       1.499183774891       3.050497451976       -1.551313677086       -22523.255613026555       137.811465813913       32.969250194716
       18       1.506984740003       2.984804889890       -1.477820149887       -22512.966313351972       148.100765488496       35.430805140789
       19       1.515065426459       2.919034777369       -1.403969350909       -22503.887902037175       157.179176803293       37.602673876386
       20       1.523860108019       2.847633546958       -1.323773438939       -22496.225988702619       164.841090137848       39.435667497093
       21       1.535316696694       2.785160796976       -1.249844100282       -22484.437990180486       176.629088659982       42.255762837316
       22       1.546164471945       2.719377905328       -1.173213433383       -22476.332573037547       184.734505802920       44.194857847589
       23       1.561754979844       2.659242143676       -1.097487163832       -22462.800908103734       198.266170736733       47.432098262376
       24       1.580065226905       2.594693029568       -1.014627802663       -22448.831102171931       212.235976668537       50.774157097736
       25       1.603785678048       2.538137818168       -0.934352140120       -22436.411158603212       224.655920237255       53.745435463458
       26       1.634342477270       2.481725973446       -0.847383496175       -22422.762377251995       238.304701588473       57.010694159922
       27       1.669159547552       2.427733844882       -0.758574297331       -22412.523487950890       248.543590889578       59.460189208033
       28       1.718900378212       2.374112090663       -0.655211712451       -22406.673977984927       254.393100855541       60.859593506110
       29       1.776096087917       2.324038591702       -0.547942503785       -22405.906746572695       255.160332267773       61.043141690855
       30       1.857696481590       2.278240609082       -0.420544127492       -22414.896656623299       246.170422217168       58.892445506500
       31       1.939306844889       2.233808079673       -0.294501234784       -22427.707292352119       233.359786488349       55.827700116830
       32       2.021254651032       2.188070745530       -0.166816094498       -22446.390406867409       214.676671973059       51.358055495947
       33       2.107637880488       2.145805790695       -0.038167910207       -22466.365050732293       194.702028108175       46.579432561764
       34       2.176559549746       2.100832922793       0.075726626954       -22479.808773903340       181.258304937128       43.363230846203
       35       2.257029141677       2.061207496201       0.195821645476       -22495.805447288807       165.261631551661       39.536275490828
       36       2.330411571203       2.020091925468       0.310319645735       -22510.700863431051       150.366215409416       35.972778806080
       37       2.408784103299       1.984269871619       0.424514231680       -22520.591762338892       140.475316501575       33.606535048224
       38       2.503648653718       1.955973836925       0.547674816793       -22529.299166893798       131.767911946670       31.523423910687
       39       2.615006524095       1.934514480250       0.680492043845       -22535.389710141644       125.677368698824       30.066356148044
       40       2.760026927040       1.926781488273       0.833245438767       -22540.728258746105       120.338820094363       28.789191410135
       41       2.872508645290       1.906621288882       0.965887356408       -22546.202642722092       114.864436118376       27.479530171860
       42       3.000231958281       1.892973775584       1.107258182697       -22550.853980643391       110.213098197077       26.366769903607
       43       3.131220577081       1.881508860987       1.249711716094       -22554.935148702411       106.131930138057       25.390413908626
       44       3.232701958857       1.859827214611       1.372874744247       -22561.017072632727       100.050006207741       23.935408183670
       45       3.451985133196       1.876047354974       1.575937778221       -22640.296050219447       20.771028621020       4.969145603115
       46       3.551340103968       1.853515280484       1.697824823484       -22647.053921652350       14.013157188117       3.352429949310
       47       3.656989380784       1.833509767740       1.823479613044       -22653.158764922769       7.908313917698       1.891941128636
       48       3.753927763784       1.811240336042       1.942687427742       -22655.891622185827       5.175456654641       1.238147525034
       49       3.882783624319       1.799499733585       2.083283890734       -22661.067078840468       0.000000000000       0.000000000000
       50       3.987658713318       1.781586611750       2.206072101568       -22659.654656953229       1.412421887238       0.337899973024
       51       4.108187956406       1.768158522179       2.340029434227       -22658.845904981004       2.221173859463       0.531381306092
       52       4.305286364714       1.778232419761       2.527053944953       -22650.075340163581       10.991738676887       2.629602554279
       53       4.426930485664       1.765851585047       2.661078900617       -22645.641165816291       15.425913024177       3.690409814396
       54       4.562914677853       1.758069050995       2.804845626858       -22642.584739503916       18.482339336551       4.421612281472
       55       4.714829005225       1.754906764296       2.959922240929       -22637.491038384054       23.576040456413       5.640201066128
       56       4.836878131136       1.742849294318       3.094028836819       -22629.564519316653       31.502559523815       7.536497493736
       57       5.012954499189       1.747584780016       3.265369719173       -22626.771054925557       34.296023914911       8.204790410266
       58       5.140347194492       1.736713247357       3.403633947134       -22619.166262813247       41.900816027221       10.024118666799
       59       5.514499189704       1.805428740723       3.709070448981       -22643.925601340816       17.141477499652       4.100831937716