
#-----------------------------------------------------------------------------#
#                                                                             #
#                                EasyHybrid                                   #
#                   - A pDynamo graphical user interface -                    #
#                                                                             #
#-----------------------------------------------------------------------------#
#                                                                             #
#     Developed by Jose Fernando R Bachega and Luis Fernando S M Timmers      #
#                            <ferbachega@gmail.com>                           #
#                                                                             #
#             visit: https://sites.google.com/site/EasyHybrid/                #
#                   Univesity of Sao Paulo - SP, Brazil                       #
#      Pontifical Catholic University of Rio Grande do Sul - RS, Brazil       #
#                                                                             #
#                                                                             #
#   EasyHybrid team:                               Special thanks to:         #
#   - Jose Fernando R Bachega           |         - Fernando V Maluf          #
#   - Michele Silva                     |                                     #
#   - Luis Fernando S M Timmers         |                                     #
#   - Martin Field                      |         - Leonardo R Bachega        #
#   - Troy Wymore                       |         - Lucas Assirati            #
#   - Osmar Norberto de Souza           |         - Richard Garratt           #
#   - Walter R Paixao-Cortes            |                                     #
#                                                                             #
#   Cite this work as:                                                        #
#   J.F.R. Bachega, L.F.S.M. Timmers, L.Assirati, L.B. Bachega, M.J. Field,   #
#   T. Wymore. J. Comput. Chem. 2013, 34, 2190-2196. DOI: 10.1002/jcc.23346   #
#                                                                             #
#-----------------------------------------------------------------------------#

Generated on Sat Oct  5 15:46:30 2019


--------------------------------------------------------------------------------
                     Summary for System "HadDAJ1_Oct_5_2019"
--------------------------------------------------------------------------------

---------------------------- Atom Container Summary ----------------------------
Number of Atoms        =          10369  Number of Heavy Atoms  =           4249
Number of Hydrogens    =           6120  Number of Unknowns     =              0
--------------------------------------------------------------------------------

----------------------------- Connectivity Summary -----------------------------
Atoms                  =          10369
--------------------------------------------------------------------------------

------------------------------- Electronic State -------------------------------
Charge                 =             -2  Multiplicity           =              1
--------------------------------------------------------------------------------

--------------------------------------------------------------------------------
                    Summary for Energy Model "AMBER/PM3/ABFS"
--------------------------------------------------------------------------------

----------------------------------- Summary for MM Model "AMBER" -----------------------------------
LJ 1-4 Scaling                   =          0.500  El. 1-4 Scaling                  =          0.833
Number of MM Atoms               =          10369  Number of MM Atom Types          =             37
Number of Inactive MM Atoms      =             39  Total MM Charge                  =          -0.00
Harmonic Bond Terms              =          10427  Harmonic Bond Parameters         =             49
Harmonic Bond Inactive           =           7196  Fourier Improper Terms           =            976
Fourier Improper Parameters      =              3  Fourier Improper Inactive        =            360
Harmonic Angle Terms             =           8493  Harmonic Angle Parameters        =             97
Harmonic Angle Inactive          =           3140  Fourier Dihedral Terms           =          17422
Fourier Dihedral Parameters      =             40  Fourier Dihedral Inactive        =           6028
Exclusions                       =          31143  1-4 Interactions                 =          12223
LJ Parameters Form               =          AMBER  LJ Parameters Types              =             18
1-4 Lennard-Jones Form           =          AMBER  1-4 Lennard-Jones Types          =             18
----------------------------------------------------------------------------------------------------

-------------------------- Summary for QC Model "PM3" --------------------------
Number of QC Atoms     =             43  Boundary Atoms         =              4
Nuclear Charge         =            134  Orbital Functions      =            112
Fitting Functions      =              0  Energy Base Line       =      174.59941
QC Parameter Centers   =              5
--------------------------------------------------------------------------------

----------------------------- ABFS NB Model Summary ----------------------------
Dielectric             =       1.000000  El. 1-4 Scaling        =       0.833333
Damping Cutoff         =       0.500000  Inner Cutoff           =       8.000000
List Cutoff            =      13.500000  Outer Cutoff           =      12.000000
QC/MM Coupling         =    RC Coupling  Use Centering          =          False
--------------------------------------------------------------------------------

-------------------------- Pairlist Generator Summary --------------------------
Cell Size              =          6.750  Cutoff                 =         13.500
Cutoff Cell Size Factor =          0.500  Grid Cell/Cell Method  =           True
Minimum Cell Extent    =              2  Minimum Cell Size      =          3.000
Minimum Extent Factor  =          1.500  Minimum Points         =            500
Sort Indices           =          False
--------------------------------------------------------------------------------

---------------------------- Hard Constraint Container Summary ---------------------------
Number of Charge Constraints  =            0  Number of Fixed Atoms         =         7312
------------------------------------------------------------------------------------------

------------------------------- Sequence Summary -------------------------------
Number of Atoms            =      10369  Number of Components       =       2202
Number of Entities         =          1  Number of Linear Polymers  =          0
Number of Links            =          0  Number of Variants         =          0
--------------------------------------------------------------------------------


--------------------------------------------------------------------------------
                              EasyHybrid SCAN
--------------------------------------------------------------------------------

------------------------ EasyHybrid SCAN Multiple-Distance ----------------------
ATOM1                  =           4684  ATOM NAME1             =              O
ATOM2*                 =              0  ATOM NAME2             =              C
ATOM3                  =              5  ATOM NAME3             =             Cl
TYPE                   = ENERGY REFINAMENT
--------------------------------------------------------------------------------

--------------------------------------------------------------------------------------------------------------------------------------------------------
      Frame     distance1-pK1-pK2      distance2-pK2-pK3      dis1-dis2         Energy(kJ/mol)       Energy_Norm(kJ/mol)         Energy(kCal/mol)
----------------------------------------------------------------------------------------------------------------------------------------------------------
        0       1.452908846937       4.249286741216       -2.796377894279       -22658.634521550779       0.000000000000       0.000000000000
        1       1.456698441698       4.181218165671       -2.724519723973       -22655.912584607202       2.721936943577       0.651181086980
        2       1.459223055817       4.111545370168       -2.652322314352       -22655.500202244802       3.134319305977       0.749837154540
        3       1.463264392812       4.043150630006       -2.579886237194       -22651.761599520698       6.872922030081       1.644239720115
        4       1.464934390967       3.970678935376       -2.505744544409       -22647.342963556122       11.291557994657       2.701329663793
        5       1.467664838528       3.901460380624       -2.433795542095       -22644.663260690319       13.971260860460       3.342406904416
        6       1.470484321076       3.831317808588       -2.360833487512       -22640.564811530810       18.069710019969       4.322897133964
        7       1.472208896020       3.758727920596       -2.286519024576       -22634.910649151992       23.723872398787       5.675567559518
        8       1.475660170912       3.689875425116       -2.214215254204       -22628.743957833820       29.890563716959       7.150852563866
        9       1.477600773247       3.618393829817       -2.140793056570       -22624.420477449523       34.214044101256       8.185178014655
       10       1.468336635321       3.532508633762       -2.064171998441       -22632.670223472374       25.964298078405       6.211554564212
       11       1.471181440151       3.462353721283       -1.991172281132       -22628.087690508677       30.546831042102       7.307854316292
       12       1.474248159168       3.392157029872       -1.917908870704       -22622.229372227397       36.405149323382       8.709365866838
       13       1.479678464661       3.325236512188       -1.845558047527       -22615.657039690246       42.977481860533       10.281694225008
       14       1.483226311700       3.254892638860       -1.771666327161       -22607.583664945061       51.050856605718       12.213123589885
       15       1.488234851932       3.187009848216       -1.698774996284       -22600.203505242938       58.431016307841       13.978712035369
       16       1.494365542120       3.119702580712       -1.625337038593       -22592.665000936933       65.969520613846       15.782181965035
       17       1.499183774891       3.050497451976       -1.551313677086       -22585.141719247546       73.492802303233       17.582010120391
       18       1.506984740003       2.984804889890       -1.477820149887       -22574.654361524594       83.980160026185       20.090947374685
       19       1.515065426459       2.919034777369       -1.403969350909       -22565.166920745527       93.467600805252       22.360670049103
       20       1.523860108019       2.847633546958       -1.323773438939       -22556.367926118255       102.266595432524       24.465692687207
       21       1.535316696694       2.785160796976       -1.249844100282       -22544.415478426399       114.219043124380       27.325129934062
       22       1.546164471945       2.719377905328       -1.173213433383       -22535.853258476749       122.781263074030       29.373507912447
       23       1.561754979844       2.659242143676       -1.097487163832       -22522.210193904109       136.424327646670       32.637398958533
       24       1.580065226905       2.594693029568       -1.014627802663       -22510.653186440068       147.981335110711       35.402233280074
       25       1.603785678048       2.538137818168       -0.934352140120       -22499.010341168632       159.624180382147       38.187602962236
       26       1.634342477270       2.481725973446       -0.847383496175       -22489.184881126508       169.449640424271       40.538191489060
       27       1.669159547552       2.427733844882       -0.758574297331       -22479.946457022601       178.688064528178       42.748340796215
       28       1.718900378212       2.374112090663       -0.655211712451       -22479.865996935107       178.768524615673       42.767589620974
       29       1.776096087917       2.324038591702       -0.547942503785       -22478.346555228458       180.287966322321       43.131092421608
       30       1.857696481590       2.278240609082       -0.420544127492       -22486.397901869193       172.236619681586       41.204932938178
       31       1.939306844889       2.233808079673       -0.294501234784       -22491.259743844450       167.374777706329       40.041812848404
       32       2.021254651032       2.188070745530       -0.166816094498       -22500.841380053360       157.793141497419       37.749555382158
       33       2.107637880488       2.145805790695       -0.038167910207       -22512.144424199425       146.490097351354       35.045477835252
       34       2.176559549746       2.100832922793       0.075726626954       -22522.337141033702       136.297380517077       32.607028831837
       35       2.257029141677       2.061207496201       0.195821645476       -22535.150784254231       123.483737296548       29.541563946543
       36       2.330411571203       2.020091925468       0.310319645735       -22546.838328758942       111.796192791837       26.745500667904
       37       2.408784103299       1.984269871619       0.424514231680       -22557.436124362750       101.198397188029       24.210142867950
       38       2.503648653718       1.955973836925       0.547674816793       -22568.587830216653       90.046691334126       21.542270654097
       39       2.615006524095       1.934514480250       0.680492043845       -22578.964719439136       79.669802111643       19.059761270728
       40       2.760026927040       1.926781488273       0.833245438767       -22587.107578338797       71.526943211982       17.111708902388
       41       2.872508645290       1.906621288882       0.965887356408       -22594.919388551305       63.715132999474       15.242854784563
       42       3.000231958281       1.892973775584       1.107258182697       -22603.561179575074       55.073341975705       13.175440664044
       43       3.131220577081       1.881508860987       1.249711716094       -22611.558301901310       47.076219649469       11.262253504658
       44       3.232701958857       1.859827214611       1.372874744247       -22614.338238756463       44.296282794316       10.597196840745
       45       3.451985133196       1.876047354974       1.575937778221       -22613.750446015882       44.884075534897       10.737817113612
       46       3.551340103968       1.853515280484       1.697824823484       -22614.804550191751       43.829971359028       10.485639081107
       47       3.656989380784       1.833509767740       1.823479613044       -22616.596547334833       42.037974215946       10.056931630609
       48       3.753927763784       1.811240336042       1.942687427742       -22614.238175948616       44.396345602163       10.621135311522
       49       3.882783624319       1.799499733585       2.083283890734       -22614.641329807553       43.993191743226       10.524687019911
       50       3.987658713318       1.781586611750       2.206072101568       -22611.581456653494       47.053064897285       11.256714090260
       51       4.108187956406       1.768158522179       2.340029434227       -22609.219807529891       49.414714020888       11.821701918873
       52       4.305286364714       1.778232419761       2.527053944953       -22607.502775031724       51.131746519055       12.232475243793
       53       4.426930485664       1.765851585047       2.661078900617       -22603.555025062509       55.079496488270       13.176913035471
       54       4.562914677853       1.758069050995       2.804845626858       -22600.121740359413       58.512781191366       13.998273012289
       55       4.714829005225       1.754906764296       2.959922240929       -22596.559052018540       62.075469532239       14.850590797186
       56       4.836878131136       1.742849294318       3.094028836819       -22589.357118188822       69.277403361957       16.573541474152
       57       5.012954499189       1.747584780016       3.265369719173       -22588.530959613483       70.103561937296       16.771187066339
       58       5.140347194492       1.736713247357       3.403633947134       -22579.753892179117       78.880629371663       18.870963964513
       59       5.514499189704       1.805428740723       3.709070448981       -22622.002028979303       36.632492571476       8.763754203702