
#-----------------------------------------------------------------------------#
#                                                                             #
#                                EasyHybrid                                   #
#                   - A pDynamo graphical user interface -                    #
#                                                                             #
#-----------------------------------------------------------------------------#
#                                                                             #
#     Developed by Jose Fernando R Bachega and Luis Fernando S M Timmers      #
#                            <ferbachega@gmail.com>                           #
#                                                                             #
#             visit: https://sites.google.com/site/EasyHybrid/                #
#                   Univesity of Sao Paulo - SP, Brazil                       #
#      Pontifical Catholic University of Rio Grande do Sul - RS, Brazil       #
#                                                                             #
#                                                                             #
#   EasyHybrid team:                               Special thanks to:         #
#   - Jose Fernando R Bachega           |         - Fernando V Maluf          #
#   - Michele Silva                     |                                     #
#   - Luis Fernando S M Timmers         |                                     #
#   - Martin Field                      |         - Leonardo R Bachega        #
#   - Troy Wymore                       |         - Lucas Assirati            #
#   - Osmar Norberto de Souza           |         - Richard Garratt           #
#   - Walter R Paixao-Cortes            |                                     #
#                                                                             #
#   Cite this work as:                                                        #
#   J.F.R. Bachega, L.F.S.M. Timmers, L.Assirati, L.B. Bachega, M.J. Field,   #
#   T. Wymore. J. Comput. Chem. 2013, 34, 2190-2196. DOI: 10.1002/jcc.23346   #
#                                                                             #
#-----------------------------------------------------------------------------#

Generated on Sat Oct  5 15:42:28 2019


--------------------------------------------------------------------------------
                     Summary for System "HadDAJ1_Oct_5_2019"
--------------------------------------------------------------------------------

---------------------------- Atom Container Summary ----------------------------
Number of Atoms        =          10369  Number of Heavy Atoms  =           4249
Number of Hydrogens    =           6120  Number of Unknowns     =              0
--------------------------------------------------------------------------------

----------------------------- Connectivity Summary -----------------------------
Atoms                  =          10369
--------------------------------------------------------------------------------

------------------------------- Electronic State -------------------------------
Charge                 =             -2  Multiplicity           =              1
--------------------------------------------------------------------------------

--------------------------------------------------------------------------------
                    Summary for Energy Model "AMBER/PM6/ABFS"
--------------------------------------------------------------------------------

----------------------------------- Summary for MM Model "AMBER" -----------------------------------
LJ 1-4 Scaling                   =          0.500  El. 1-4 Scaling                  =          0.833
Number of MM Atoms               =          10369  Number of MM Atom Types          =             37
Number of Inactive MM Atoms      =             39  Total MM Charge                  =          -0.00
Harmonic Bond Terms              =          10427  Harmonic Bond Parameters         =             49
Harmonic Bond Inactive           =           7196  Fourier Improper Terms           =            976
Fourier Improper Parameters      =              3  Fourier Improper Inactive        =            360
Harmonic Angle Terms             =           8493  Harmonic Angle Parameters        =             97
Harmonic Angle Inactive          =           3140  Fourier Dihedral Terms           =          17422
Fourier Dihedral Parameters      =             40  Fourier Dihedral Inactive        =           6028
Exclusions                       =          31143  1-4 Interactions                 =          12223
LJ Parameters Form               =          AMBER  LJ Parameters Types              =             18
1-4 Lennard-Jones Form           =          AMBER  1-4 Lennard-Jones Types          =             18
----------------------------------------------------------------------------------------------------

-------------------------- Summary for QC Model "PM6" --------------------------
Number of QC Atoms     =             43  Boundary Atoms         =              4
Nuclear Charge         =            134  Orbital Functions      =            117
Fitting Functions      =              0  Energy Base Line       =      173.83387
QC Parameter Centers   =              5
--------------------------------------------------------------------------------

----------------------------- ABFS NB Model Summary ----------------------------
Dielectric             =       1.000000  El. 1-4 Scaling        =       0.833333
Damping Cutoff         =       0.500000  Inner Cutoff           =       8.000000
List Cutoff            =      13.500000  Outer Cutoff           =      12.000000
QC/MM Coupling         =    RC Coupling  Use Centering          =          False
--------------------------------------------------------------------------------

-------------------------- Pairlist Generator Summary --------------------------
Cell Size              =          6.750  Cutoff                 =         13.500
Cutoff Cell Size Factor =          0.500  Grid Cell/Cell Method  =           True
Minimum Cell Extent    =              2  Minimum Cell Size      =          3.000
Minimum Extent Factor  =          1.500  Minimum Points         =            500
Sort Indices           =          False
--------------------------------------------------------------------------------

---------------------------- Hard Constraint Container Summary ---------------------------
Number of Charge Constraints  =            0  Number of Fixed Atoms         =         7312
------------------------------------------------------------------------------------------

------------------------------- Sequence Summary -------------------------------
Number of Atoms            =      10369  Number of Components       =       2202
Number of Entities         =          1  Number of Linear Polymers  =          0
Number of Links            =          0  Number of Variants         =          0
--------------------------------------------------------------------------------


--------------------------------------------------------------------------------
                              EasyHybrid SCAN
--------------------------------------------------------------------------------

------------------------ EasyHybrid SCAN Multiple-Distance ----------------------
ATOM1                  =           4684  ATOM NAME1             =              O
ATOM2*                 =              0  ATOM NAME2             =              C
ATOM3                  =              5  ATOM NAME3             =             Cl
TYPE                   = ENERGY REFINAMENT
--------------------------------------------------------------------------------

--------------------------------------------------------------------------------------------------------------------------------------------------------
      Frame     distance1-pK1-pK2      distance2-pK2-pK3      dis1-dis2         Energy(kJ/mol)       Energy_Norm(kJ/mol)         Energy(kCal/mol)
----------------------------------------------------------------------------------------------------------------------------------------------------------
        0       1.452908846937       4.249286741216       -2.796377894279       -22940.879390111539       6.642382691105       1.589086768207
        1       1.456698441698       4.181218165671       -2.724519723973       -22940.552638579458       6.969134223185       1.667256991193
        2       1.459223055817       4.111545370168       -2.652322314352       -22939.859533234630       7.662239568013       1.833071666989
        3       1.463264392812       4.043150630006       -2.579886237194       -22938.444761961648       9.077010840996       2.171533694018
        4       1.464934390967       3.970678935376       -2.505744544409       -22937.638053425097       9.883719377547       2.364526166877
        5       1.467664838528       3.901460380624       -2.433795542095       -22935.770978686985       11.750794115658       2.811194764512
        6       1.470484321076       3.831317808588       -2.360833487512       -22933.381400642276       14.140372160367       3.382864153198
        7       1.472208896020       3.758727920596       -2.286519024576       -22931.937591529040       15.584181273603       3.728273031963
        8       1.475660170912       3.689875425116       -2.214215254204       -22929.363238528233       18.158534274411       4.344146955601
        9       1.477600773247       3.618393829817       -2.140793056570       -22926.501852054676       21.019920747967       5.028689174155
       10       1.468336635321       3.532508633762       -2.064171998441       -22947.521772802644       0.000000000000       0.000000000000
       11       1.471181440151       3.462353721283       -1.991172281132       -22946.905296697194       0.616476105450       0.147482321878
       12       1.474248159168       3.392157029872       -1.917908870704       -22945.929567943545       1.592204859098       0.380910253373
       13       1.479678464661       3.325236512188       -1.845558047527       -22944.391348355475       3.130424447168       0.748905370136
       14       1.483226311700       3.254892638860       -1.771666327161       -22943.181297918145       4.340474884499       1.038391120693
       15       1.488234851932       3.187009848216       -1.698774996284       -22940.828901425441       6.692871377203       1.601165401245
       16       1.494365542120       3.119702580712       -1.625337038593       -22937.824046017588       9.697726785056       2.320030331353
       17       1.499183774891       3.050497451976       -1.551313677086       -22935.248491705832       12.273281096812       2.936191649955
       18       1.506984740003       2.984804889890       -1.477820149887       -22931.280249464016       16.241523338627       3.885531899193
       19       1.515065426459       2.919034777369       -1.403969350909       -22926.428391245659       21.093381556984       5.046263530379
       20       1.523860108019       2.847633546958       -1.323773438939       -22924.202813770891       23.318959031752       5.578698332955
       21       1.535316696694       2.785160796976       -1.249844100282       -22919.089535220945       28.432237581699       6.801970713325
       22       1.546164471945       2.719377905328       -1.173213433383       -22913.559066682061       33.962706120583       8.125049311144
       23       1.561754979844       2.659242143676       -1.097487163832       -22906.690203564791       40.831569237853       9.768317999486
       24       1.580065226905       2.594693029568       -1.014627802663       -22900.887891910581       46.633880892063       11.156430835422
       25       1.603785678048       2.538137818168       -0.934352140120       -22892.659797781962       54.861975020682       13.124874406862
       26       1.634342477270       2.481725973446       -0.847383496175       -22883.366773405040       64.154999397604       15.348085980288
       27       1.669159547552       2.427733844882       -0.758574297331       -22873.142340778519       74.379432024125       17.794122493810
       28       1.718900378212       2.374112090663       -0.655211712451       -22862.860690901376       84.661081901268       20.253847344801
       29       1.776096087917       2.324038591702       -0.547942503785       -22852.805773257929       94.715999544715       22.659330034621
       30       1.857696481590       2.278240609082       -0.420544127492       -22844.819118828891       102.702653973753       24.570012912381
       31       1.939306844889       2.233808079673       -0.294501234784       -22839.097316687275       108.424456115368       25.938865099370
       32       2.021254651032       2.188070745530       -0.166816094498       -22836.409065702937       111.112707099706       26.581987344427
       33       2.107637880488       2.145805790695       -0.038167910207       -22836.867372917121       110.654399885523       26.472344470221
       34       2.176559549746       2.100832922793       0.075726626954       -22838.796115268364       108.725657534280       26.010922855091
       35       2.257029141677       2.061207496201       0.195821645476       -22841.720040793785       105.801732008858       25.311419140875
       36       2.330411571203       2.020091925468       0.310319645735       -22845.883306217631       101.638466585013       24.315422627993
       37       2.408784103299       1.984269871619       0.424514231680       -22849.292535362481       98.229237440162       23.499817569417
       38       2.503648653718       1.955973836925       0.547674816793       -22852.308573383994       95.213199418649       22.778277372883
       39       2.615006524095       1.934514480250       0.680492043845       -22854.979084898550       92.542687904093       22.139399020118
       40       2.760026927040       1.926781488273       0.833245438767       -22859.943940983860       87.577831818784       20.951634406408
       41       2.872508645290       1.906621288882       0.965887356408       -22862.464768903170       85.057003899474       20.348565526190
       42       3.000231958281       1.892973775584       1.107258182697       -22864.620689014526       82.901083788118       19.832795164621
       43       3.131220577081       1.881508860987       1.249711716094       -22866.478758244553       81.043014558090       19.388280994758
       44       3.232701958857       1.859827214611       1.372874744247       -22867.174609147267       80.347163655377       19.221809486932
       45       3.451985133196       1.876047354974       1.575937778221       -22889.902446553358       57.619326249285       13.784527810834
       46       3.551340103968       1.853515280484       1.697824823484       -22891.814601270857       55.707171531787       13.327074529136
       47       3.656989380784       1.833509767740       1.823479613044       -22892.778787055551       54.742985747092       13.096408073467
       48       3.753927763784       1.811240336042       1.942687427742       -22891.982049540919       55.539723261725       13.287015134384
       49       3.882783624319       1.799499733585       2.083283890734       -22891.109387486580       56.412385316064       13.495785960781
       50       3.987658713318       1.781586611750       2.206072101568       -22887.968191481246       59.553581321397       14.247268258708
       51       4.108187956406       1.768158522179       2.340029434227       -22883.455606432457       64.066166370187       15.326834059853
       52       4.305286364714       1.778232419761       2.527053944953       -22880.695903356893       66.825869445751       15.987050106639
       53       4.426930485664       1.765851585047       2.661078900617       -22876.126442816050       71.395329986593       17.080222484831
       54       4.562914677853       1.758069050995       2.804845626858       -22870.657015473382       76.864757329262       18.388697925661
       55       4.714829005225       1.754906764296       2.959922240929       -22864.501567058283       83.020205744360       19.861293240278
       56       4.836878131136       1.742849294318       3.094028836819       -22857.613669830822       89.908102971822       21.509115543498
       57       5.012954499189       1.747584780016       3.265369719173       -22851.105817563952       96.415955238692       23.066017999687
       58       5.140347194492       1.736713247357       3.403633947134       -22843.373100358855       104.148672443789       24.915950345404
       59       5.514499189704       1.805428740723       3.709070448981       -22873.711891164636       73.809881638008       17.657866420576