
#-----------------------------------------------------------------------------#
#                                                                             #
#                                EasyHybrid                                   #
#                   - A pDynamo graphical user interface -                    #
#                                                                             #
#-----------------------------------------------------------------------------#
#                                                                             #
#     Developed by Jose Fernando R Bachega and Luis Fernando S M Timmers      #
#                            <ferbachega@gmail.com>                           #
#                                                                             #
#             visit: https://sites.google.com/site/EasyHybrid/                #
#                   Univesity of Sao Paulo - SP, Brazil                       #
#      Pontifical Catholic University of Rio Grande do Sul - RS, Brazil       #
#                                                                             #
#                                                                             #
#   EasyHybrid team:                               Special thanks to:         #
#   - Jose Fernando R Bachega           |         - Fernando V Maluf          #
#   - Michele Silva                     |                                     #
#   - Luis Fernando S M Timmers         |                                     #
#   - Martin Field                      |         - Leonardo R Bachega        #
#   - Troy Wymore                       |         - Lucas Assirati            #
#   - Osmar Norberto de Souza           |         - Richard Garratt           #
#   - Walter R Paixao-Cortes            |                                     #
#                                                                             #
#   Cite this work as:                                                        #
#   J.F.R. Bachega, L.F.S.M. Timmers, L.Assirati, L.B. Bachega, M.J. Field,   #
#   T. Wymore. J. Comput. Chem. 2013, 34, 2190-2196. DOI: 10.1002/jcc.23346   #
#                                                                             #
#-----------------------------------------------------------------------------#

Generated on Sat Oct  5 15:31:25 2019


--------------------------------------------------------------------------------
                     Summary for System "HadDAJ1_Oct_5_2019"
--------------------------------------------------------------------------------

---------------------------- Atom Container Summary ----------------------------
Number of Atoms        =          10369  Number of Heavy Atoms  =           4249
Number of Hydrogens    =           6120  Number of Unknowns     =              0
--------------------------------------------------------------------------------

----------------------------- Connectivity Summary -----------------------------
Atoms                  =          10369
--------------------------------------------------------------------------------

------------------------------- Electronic State -------------------------------
Charge                 =             -2  Multiplicity           =              1
--------------------------------------------------------------------------------

--------------------------------------------------------------------------------
                    Summary for Energy Model "AMBER/PM6/ABFS"
--------------------------------------------------------------------------------

----------------------------------- Summary for MM Model "AMBER" -----------------------------------
LJ 1-4 Scaling                   =          0.500  El. 1-4 Scaling                  =          0.833
Number of MM Atoms               =          10369  Number of MM Atom Types          =             37
Number of Inactive MM Atoms      =             39  Total MM Charge                  =          -0.00
Harmonic Bond Terms              =          10427  Harmonic Bond Parameters         =             49
Harmonic Bond Inactive           =           7196  Fourier Improper Terms           =            976
Fourier Improper Parameters      =              3  Fourier Improper Inactive        =            360
Harmonic Angle Terms             =           8493  Harmonic Angle Parameters        =             97
Harmonic Angle Inactive          =           3140  Fourier Dihedral Terms           =          17422
Fourier Dihedral Parameters      =             40  Fourier Dihedral Inactive        =           6028
Exclusions                       =          31143  1-4 Interactions                 =          12223
LJ Parameters Form               =          AMBER  LJ Parameters Types              =             18
1-4 Lennard-Jones Form           =          AMBER  1-4 Lennard-Jones Types          =             18
----------------------------------------------------------------------------------------------------

-------------------------- Summary for QC Model "PM6" --------------------------
Number of QC Atoms     =             43  Boundary Atoms         =              4
Nuclear Charge         =            134  Orbital Functions      =            117
Fitting Functions      =              0  Energy Base Line       =      173.83387
QC Parameter Centers   =              5
--------------------------------------------------------------------------------

----------------------------- ABFS NB Model Summary ----------------------------
Dielectric             =       1.000000  El. 1-4 Scaling        =       0.833333
Damping Cutoff         =       0.500000  Inner Cutoff           =       8.000000
List Cutoff            =      13.500000  Outer Cutoff           =      12.000000
QC/MM Coupling         =    RC Coupling  Use Centering          =          False
--------------------------------------------------------------------------------

-------------------------- Pairlist Generator Summary --------------------------
Cell Size              =          6.750  Cutoff                 =         13.500
Cutoff Cell Size Factor =          0.500  Grid Cell/Cell Method  =           True
Minimum Cell Extent    =              2  Minimum Cell Size      =          3.000
Minimum Extent Factor  =          1.500  Minimum Points         =            500
Sort Indices           =          False
--------------------------------------------------------------------------------

---------------------------- Hard Constraint Container Summary ---------------------------
Number of Charge Constraints  =            0  Number of Fixed Atoms         =         7312
------------------------------------------------------------------------------------------

------------------------------- Sequence Summary -------------------------------
Number of Atoms            =      10369  Number of Components       =       2202
Number of Entities         =          1  Number of Linear Polymers  =          0
Number of Links            =          0  Number of Variants         =          0
--------------------------------------------------------------------------------


--------------------------------------------------------------------------------
                              EasyHybrid SCAN
--------------------------------------------------------------------------------

------------------------ EasyHybrid SCAN Multiple-Distance ----------------------
ATOM1                  =           4684  ATOM NAME1             =              O
ATOM2*                 =              0  ATOM NAME2             =              C
ATOM3                  =              5  ATOM NAME3             =             Cl
TYPE                   = ENERGY REFINAMENT
--------------------------------------------------------------------------------

--------------------------------------------------------------------------------------------------------------------------------------------------------
      Frame     distance1-pK1-pK2      distance2-pK2-pK3      dis1-dis2         Energy(kJ/mol)       Energy_Norm(kJ/mol)         Energy(kCal/mol)
----------------------------------------------------------------------------------------------------------------------------------------------------------
        0       3.777012001004       1.815669890131       1.961342110872       -22700.434402162940       42.702949354170       10.216016591907
        1       3.534806816266       1.855797045190       1.679009771076       -22699.998602624586       43.138748892525       10.320274854671
        2       3.252116724087       1.883235172899       1.368881551187       -22694.608580799908       48.528770717203       11.609753760096
        3       2.951464960523       1.905576624436       1.045888336087       -22688.356923031137       54.780428485974       13.105365666501
        4       2.715052249261       1.952605615182       0.762446634079       -22679.611116365257       63.526235151854       15.197663911927
        5       2.534534743934       2.023303062056       0.511231681877       -22668.830590133257       74.306761383854       17.776737173171
        6       2.436576476179       2.131113490303       0.305462985876       -22654.425299600425       88.712051916686       21.222978927437
        7       2.343907029057       2.248716692169       0.095190336889       -22640.371357610307       102.765993906803       24.585166006412
        8       2.275509176178       2.379380403904       -0.103871227726       -22624.637327327921       118.500024189190       28.349288083538
        9       2.018057972674       2.445043795843       -0.426985823169       -22650.977834730580       92.159516786531       22.047731288644
       10       1.596118768879       2.462225835670       -0.866107066791       -22680.576370900537       62.560980616574       14.966741774300
       11       1.552326144417       2.595849989585       -1.043523845169       -22696.813059586486       46.324291930625       11.082366490580
       12       1.485035006390       2.730671230550       -1.245636224160       -22712.971236286543       30.166115230568       7.216773978605
       13       1.475932745514       2.877283627214       -1.401350881700       -22716.626919352933       26.510432164177       6.342208651717
       14       1.469492444866       3.028369757900       -1.558877313034       -22715.713236906617       27.424114610494       6.560792969018
       15       1.463843416286       3.180737929439       -1.716894513153       -22715.006155287625       28.131196229486       6.729951251073
       16       1.463533259261       3.339628812511       -1.876095553250       -22713.866620265671       29.270731251439       7.002567285033
       17       1.460998749095       3.495855905586       -2.034857156491       -22714.497657552936       28.639693964175       6.851601426836
       18       1.461591011809       3.655606625416       -2.194015613607       -22714.677216619599       28.460134897512       6.808644712323
       19       1.460132656970       3.810864628489       -2.350731971520       -22716.312347529434       26.825003987677       6.417465068822
       20       1.463155237204       3.973600776474       -2.510445539270       -22740.615068936499       2.522282580612       0.603416885314
       21       1.458832952840       4.125426693417       -2.666593740577       -22743.137351517111       0.000000000000       0.000000000000