----------------------------- EasyHybrid - MOPAC Energy Refine ---------------------------------
METHOD                 =                 PM7  
TOTAL CHARGE           =                   0  
MULTIPLICITYE          =             Singlet  
MOZYME                 =               False  
SOLV                   =                True  
mopac_ESP              =               78.39  
mopac_RSOLV            =                 1.3  
------------------------------------------------------------------------------------------------
RCOORD1 size           =                  19  
RCOORD2 size           =                  12  
TRAJECTORY             =/home/rafa/pDynamoWorkSpace/Lactato_May_31_2019/4_step_Scan2D_edited  
------------------------------------------------------------------------------------------------


MATRIX1     -1823.40945000      -1821.88770000      -1819.66511000      -1819.36039000      -1817.76963000      -1814.03829000      -1806.81888000      -1789.11747000      -1781.42093000      -1778.07331000      -1776.26930000      -1776.26741000      -1791.14932000  
MATRIX1     -1823.46330000      -1821.68517000      -1819.19088000      -1818.19578000      -1817.18213000      -1813.99028000      -1807.01777000      -1788.16760000      -1781.16376000      -1778.32007000      -1776.11096000      -1777.08562000      -1778.49985000  
MATRIX1     -1822.38384000      -1821.02443000      -1818.05570000      -1817.52654000      -1816.50735000      -1813.41168000      -1806.50023000      -1787.63698000      -1782.14301000      -1777.91246000      -1776.70488000      -1777.52569000      -1779.97543000  
MATRIX1     -1820.89529000      -1819.34022000      -1817.55763000      -1817.43432000      -1815.81679000      -1812.20110000      -1805.36607000      -1787.03422000      -1780.15650000      -1775.61562000      -1764.78893000      -1761.73218000      -1759.30985000  
MATRIX1     -1818.22816000      -1816.81223000      -1815.48485000      -1815.26784000      -1813.29670000      -1810.15667000      -1804.89230000      -1785.63110000      -1778.73180000      -1774.13871000      -1764.15045000      -1761.67725000      -1758.35657000  
MATRIX1     -1814.28667000      -1812.88659000      -1813.00180000      -1813.22068000      -1812.15365000      -1808.50776000      -1801.21178000      -1782.62206000      -1775.95358000      -1771.08011000      -1761.77191000      -1759.20478000      -1756.38614000  
MATRIX1     -1809.36622000      -1807.61085000      -1807.44172000      -1808.04319000      -1807.27969000      -1803.57874000      -1796.63565000      -1778.32333000      -1772.71273000      -1769.90827000      -1767.19072000      -1765.27638000      -1762.91780000  
MATRIX1     -1803.08431000      -1801.81469000      -1803.38313000      -1802.21203000      -1800.90626000      -1798.03292000      -1790.84082000      -1773.44891000      -1780.71430000      -1777.66519000      -1775.93835000      -1772.50440000      -1771.09704000  
MATRIX1     -1795.77295000      -1796.11783000      -1795.38690000      -1795.19426000      -1794.73754000      -1790.73980000      -1786.05188000      -1790.31451000      -1778.29994000      -1776.07441000      -1773.75362000      -1771.90953000      -1770.54002000  
MATRIX1     -1787.95347000      -1791.12848000      -1791.05178000      -1791.30532000      -1791.47403000      -1790.29660000      -1798.45867000      -1795.88435000      -1788.76036000      -1779.89553000      -1778.45198000      -1776.86223000      -1774.17675000  
MATRIX1     -1781.87324000      -1784.84149000      -1785.34840000      -1788.91530000      -1789.42373000      -1801.56065000      -1800.12313000      -1800.61073000      -1793.53538000      -1793.10543000      -1784.65325000      -1784.21719000      -1781.66572000  
MATRIX1     -1793.38198000      -1795.76939000      -1798.19108000      -1801.30120000      -1803.08722000      -1804.34147000      -1805.45245000      -1807.53518000      -1806.22487000      -1799.97126000      -1791.59135000      -1791.10372000      -1788.95410000  
MATRIX1     -1798.29969000      -1800.18749000      -1803.75929000      -1806.39360000      -1808.78427000      -1810.08986000      -1811.50532000      -1813.80614000      -1814.30773000      -1806.73771000      -1799.08100000      -1798.07754000      -1796.81405000  
MATRIX1     -1803.22788000      -1805.15255000      -1808.98772000      -1811.59804000      -1813.53981000      -1815.63505000      -1816.84441000      -1819.17427000      -1819.11564000      -1812.44137000      -1804.50069000      -1803.79811000      -1802.28119000  
MATRIX1     -1807.42375000      -1809.34346000      -1812.74289000      -1815.48910000      -1817.98740000      -1819.89863000      -1820.47993000      -1823.59467000      -1823.39000000      -1817.29371000      -1809.39098000      -1808.99393000      -1807.11350000  
MATRIX1     -1810.90694000      -1812.72877000      -1816.07040000      -1818.95519000      -1821.43553000      -1823.15065000      -1823.85382000      -1827.09138000      -1827.49778000      -1820.57219000      -1812.74342000      -1811.72894000      -1811.22478000  
MATRIX1     -1812.61014000      -1814.71495000      -1818.05444000      -1821.29864000      -1823.05527000      -1824.89123000      -1825.73900000      -1828.84444000      -1827.64932000      -1822.39541000      -1815.04638000      -1813.95181000      -1813.43133000  
MATRIX1     -1813.73880000      -1815.68362000      -1819.08323000      -1822.02031000      -1824.80940000      -1825.58150000      -1826.59287000      -1828.66809000      -1823.03066000      -1823.72134000      -1816.17723000      -1814.73838000      -1815.51504000  
MATRIX1     -1813.59291000      -1815.64563000      -1819.54549000      -1821.84505000      -1823.97461000      -1825.31732000      -1826.52555000      -1829.22299000      -1823.25173000      -1823.95341000      -1816.16988000      -1814.45555000      -1815.74631000  
MATRIX1     -1812.99136000      -1814.98088000      -1818.47667000      -1820.89616000      -1823.60989000      -1824.95769000      -1825.32959000      -1828.45983000      -1825.23263000      -1817.37299000      -1815.67770000      -1811.93747000      -1811.51409000  


MATRIX2         5.81354000          7.33529000          9.55788000          9.86260000         11.45336000         15.18470000         22.40411000         40.10552000         47.80206000         51.14968000         52.95369000         52.95558000         38.07367000  
MATRIX2         5.75969000          7.53782000         10.03211000         11.02721000         12.04086000         15.23271000         22.20522000         41.05539000         48.05923000         50.90292000         53.11203000         52.13737000         50.72314000  
MATRIX2         6.83915000          8.19856000         11.16729000         11.69645000         12.71564000         15.81131000         22.72276000         41.58601000         47.07998000         51.31053000         52.51811000         51.69730000         49.24756000  
MATRIX2         8.32770000          9.88277000         11.66536000         11.78867000         13.40620000         17.02189000         23.85692000         42.18877000         49.06649000         53.60737000         64.43406000         67.49081000         69.91314000  
MATRIX2        10.99483000         12.41076000         13.73814000         13.95515000         15.92629000         19.06632000         24.33069000         43.59189000         50.49119000         55.08428000         65.07254000         67.54574000         70.86642000  
MATRIX2        14.93632000         16.33640000         16.22119000         16.00231000         17.06934000         20.71523000         28.01121000         46.60093000         53.26941000         58.14288000         67.45108000         70.01821000         72.83685000  
MATRIX2        19.85677000         21.61214000         21.78127000         21.17980000         21.94330000         25.64425000         32.58734000         50.89966000         56.51026000         59.31472000         62.03227000         63.94661000         66.30519000  
MATRIX2        26.13868000         27.40830000         25.83986000         27.01096000         28.31673000         31.19007000         38.38217000         55.77408000         48.50869000         51.55780000         53.28464000         56.71859000         58.12595000  
MATRIX2        33.45004000         33.10516000         33.83609000         34.02873000         34.48545000         38.48319000         43.17111000         38.90848000         50.92305000         53.14858000         55.46937000         57.31346000         58.68297000  
MATRIX2        41.26952000         38.09451000         38.17121000         37.91767000         37.74896000         38.92639000         30.76432000         33.33864000         40.46263000         49.32746000         50.77101000         52.36076000         55.04624000  
MATRIX2        47.34975000         44.38150000         43.87459000         40.30769000         39.79926000         27.66234000         29.09986000         28.61226000         35.68761000         36.11756000         44.56974000         45.00580000         47.55727000  
MATRIX2        35.84101000         33.45360000         31.03191000         27.92179000         26.13577000         24.88152000         23.77054000         21.68781000         22.99812000         29.25173000         37.63164000         38.11927000         40.26889000  
MATRIX2        30.92330000         29.03550000         25.46370000         22.82939000         20.43872000         19.13313000         17.71767000         15.41685000         14.91526000         22.48528000         30.14199000         31.14545000         32.40894000  
MATRIX2        25.99511000         24.07044000         20.23527000         17.62495000         15.68318000         13.58794000         12.37858000         10.04872000         10.10735000         16.78162000         24.72230000         25.42488000         26.94180000  
MATRIX2        21.79924000         19.87953000         16.48010000         13.73389000         11.23559000          9.32436000          8.74306000          5.62832000          5.83299000         11.92928000         19.83201000         20.22906000         22.10949000  
MATRIX2        18.31605000         16.49422000         13.15259000         10.26780000          7.78746000          6.07234000          5.36917000          2.13161000          1.72521000          8.65080000         16.47957000         17.49405000         17.99821000  
MATRIX2        16.61285000         14.50804000         11.16855000          7.92435000          6.16772000          4.33176000          3.48399000          0.37855000          1.57367000          6.82758000         14.17661000         15.27118000         15.79166000  
MATRIX2        15.48419000         13.53937000         10.13976000          7.20268000          4.41359000          3.64149000          2.63012000          0.55490000          6.19233000          5.50165000         13.04576000         14.48461000         13.70795000  
MATRIX2        15.63008000         13.57736000          9.67750000          7.37794000          5.24838000          3.90567000          2.69744000          0.00000000          5.97126000          5.26958000         13.05311000         14.76744000         13.47668000  
MATRIX2        16.23163000         14.24211000         10.74632000          8.32683000          5.61310000          4.26530000          3.89340000          0.76316000          3.99036000         11.85000000         13.54529000         17.28552000         17.70890000  