
#-----------------------------------------------------------------------------#
#                                                                             #
#                                EasyHybrid                                   #
#                   - A pDynamo graphical user interface -                    #
#                                                                             #
#-----------------------------------------------------------------------------#
#                                                                             #
#     Developed by Jose Fernando R Bachega and Luis Fernando S M Timmers      #
#                            <ferbachega@gmail.com>                           #
#                                                                             #
#             visit: https://sites.google.com/site/EasyHybrid/                #
#                   Univesity of Sao Paulo - SP, Brazil                       #
#      Pontifical Catholic University of Rio Grande do Sul - RS, Brazil       #
#                                                                             #
#                                                                             #
#   EasyHybrid team:                               Special thanks to:         #
#   - Jose Fernando R Bachega           |         - Fernando V Maluf          #
#   - Michele Silva                     |                                     #
#   - Luis Fernando S M Timmers         |                                     #
#   - Martin Field                      |         - Leonardo R Bachega        #
#   - Troy Wymore                       |         - Lucas Assirati            #
#   - Osmar Norberto de Souza           |         - Richard Garratt           #
#   - Walter R Paixao-Cortes            |                                     #
#                                                                             #
#   Cite this work as:                                                        #
#   J.F.R. Bachega, L.F.S.M. Timmers, L.Assirati, L.B. Bachega, M.J. Field,   #
#   T. Wymore. J. Comput. Chem. 2013, 34, 2190-2196. DOI: 10.1002/jcc.23346   #
#                                                                             #
#-----------------------------------------------------------------------------#

Generated on Wed Nov 29 16:22:48 2017


-------------------------------  Conjugate Gradient Minimizer Options ------------------------------
Beta Type                        =              1  Initial Step                     =            0.1
Line Searcher                    =           None  Log Frequency                    =              1
Maximum Iterations               =           5000  Maximum Theta                    =          1e+10
Minimum Theta                    =          1e-10  RMS Gradient Tolerance           =           0.15
Steepest Descent Tolerance       =          0.001  Use Spectral Theta               =           True
----------------------------------------------------------------------------------------------------

----------------------------------------------------------------------------------------------------------------
  Iteration       Function          RMS Gradient        Max. |Grad.|          RMS Disp.         Max. |Disp.|
----------------------------------------------------------------------------------------------------------------
     0     I     -41545.03476990         17.33146030       1212.42616178          0.00096615          0.06758722
     1   L1s     -41581.11200570          1.06546806         55.26659696          0.00038948          0.01926936
     2   L1s     -41582.80369876          0.79293968         30.33502693          0.00029371          0.01752948
     3   L1s     -41583.32930009          0.78320965         34.76586705          0.00015301          0.00893698
     4   L1s     -41583.51646306          0.78814213         38.97655461          0.00007018          0.00408727
     5   L1s     -41583.84240250          0.55632364         22.63851920          0.00014506          0.00755170
     6   L1s     -41584.16119947          0.40381275         13.07188394          0.00017809          0.00886240
     7   L1s     -41584.30623193          0.45555889         20.23242082          0.00010489          0.00514881
     8   L1s     -41584.37221376          0.46736013         23.91624290          0.00005499          0.00273617
     9   L1s     -41584.47464822          0.26938522          8.41070677          0.00009478          0.00554963
    10   L1s     -41584.59479937          0.24852218         11.75738977          0.00013879          0.00857346
    11   L1s     -41584.64156932          0.29598896         20.95033486          0.00006432          0.00376814
    12   L1s     -41584.65939042          0.16929963          5.72554774          0.00002697          0.00127592
    13   L1s     -41584.69013794          0.17529379          4.95123870          0.00005762          0.00249453
    14   L1s     -41584.72740985          0.15225888          3.87243627          0.00008035          0.00302964
    15   L1s     -41584.74259575          0.22531090         14.10141139          0.00003765          0.00140579
    16   L0s     -41584.75775579          0.15574013          5.73068338          0.00003765          0.00142374
    17   L1s     -41584.78769686          0.13669567          4.01290642          0.00007942          0.00267073
----------------------------------------------------------------------------------------------------------------

Minimization converged.

-------------------  Conjugate Gradient Minimizer Statistics -------------------
Iterations             =             17  Function Calls         =             34
--------------------------------------------------------------------------------
