
#-----------------------------------------------------------------------------#
#                                                                             #
#                                EasyHybrid                                   #
#                   - A pDynamo graphical user interface -                    #
#                                                                             #
#-----------------------------------------------------------------------------#
#                                                                             #
#     Developed by Jose Fernando R Bachega and Luis Fernando S M Timmers      #
#                            <ferbachega@gmail.com>                           #
#                                                                             #
#             visit: https://sites.google.com/site/EasyHybrid/                #
#                   Univesity of Sao Paulo - SP, Brazil                       #
#      Pontifical Catholic University of Rio Grande do Sul - RS, Brazil       #
#                                                                             #
#                                                                             #
#   EasyHybrid team:                               Special thanks to:         #
#   - Jose Fernando R Bachega           |         - Fernando V Maluf          #
#   - Michele Silva                     |                                     #
#   - Luis Fernando S M Timmers         |                                     #
#   - Martin Field                      |         - Leonardo R Bachega        #
#   - Troy Wymore                       |         - Lucas Assirati            #
#   - Osmar Norberto de Souza           |         - Richard Garratt           #
#   - Walter R Paixao-Cortes            |                                     #
#                                                                             #
#   Cite this work as:                                                        #
#   J.F.R. Bachega, L.F.S.M. Timmers, L.Assirati, L.B. Bachega, M.J. Field,   #
#   T. Wymore. J. Comput. Chem. 2013, 34, 2190-2196. DOI: 10.1002/jcc.23346   #
#                                                                             #
#-----------------------------------------------------------------------------#

Generated on Wed Nov 29 16:31:33 2017


-------------------------------  Conjugate Gradient Minimizer Options ------------------------------
Beta Type                        =              1  Initial Step                     =            0.1
Line Searcher                    =           None  Log Frequency                    =              1
Maximum Iterations               =           5000  Maximum Theta                    =          1e+10
Minimum Theta                    =          1e-10  RMS Gradient Tolerance           =           0.15
Steepest Descent Tolerance       =          0.001  Use Spectral Theta               =           True
----------------------------------------------------------------------------------------------------

----------------------------------------------------------------------------------------------------------------
  Iteration       Function          RMS Gradient        Max. |Grad.|          RMS Disp.         Max. |Disp.|
----------------------------------------------------------------------------------------------------------------
     0     I     -41478.90146390         18.83760906       1417.03799996          0.00096615          0.07267753
     1   L1s     -41515.22403722          0.97919315         71.03725055          0.00035738          0.02506077
     2   L1s     -41516.38625748          1.00810534         64.25293179          0.00022245          0.01743966
     3   L1s     -41516.56085609          0.70474880         26.37545164          0.00004556          0.00163988
     4   L1s     -41516.85565120          0.40775236         13.03572484          0.00011026          0.00407289
     5   L1s     -41517.09873283          0.44185021         10.69145557          0.00014406          0.00566260
     6   L1s     -41517.22684670          0.63903913         40.88390660          0.00009315          0.00387691
     7   L1s     -41517.31231263          0.38610743         12.64162123          0.00006703          0.00314076
     8   L1s     -41517.45266778          0.29033282          7.01336396          0.00012948          0.00676511
     9   L1s     -41517.54837247          0.33751187          9.49624490          0.00010749          0.00588169
    10   L1s     -41517.61216763          0.57527496         39.70003702          0.00007992          0.00442652
    11   L1s     -41517.72512026          0.31825670          9.62690731          0.00014621          0.00817904
    12   L1s     -41517.87463687          0.30171083          9.87879460          0.00021215          0.01161495
    13   L1s     -41517.97667788          0.45823951         28.75489052          0.00015796          0.00848326
    14   L1s     -41518.01401915          0.28010784         10.55940303          0.00005975          0.00302141
    15   L1s     -41518.07263629          0.23398860          5.59171349          0.00010153          0.00469952
    16   L1s     -41518.13504622          0.19401043          4.85192993          0.00011900          0.00481949
    17   L1s     -41518.15750751          0.32282785         21.92514144          0.00004802          0.00185338
    18   L1s     -41518.18791170          0.21035882          5.83762359          0.00006735          0.00233703
    19   L1s     -41518.23300947          0.13997018          3.81033068          0.00010753          0.00303854
----------------------------------------------------------------------------------------------------------------

Minimization converged.

-------------------  Conjugate Gradient Minimizer Statistics -------------------
Iterations             =             19  Function Calls         =             39
--------------------------------------------------------------------------------
