
#-----------------------------------------------------------------------------#
#                                                                             #
#                                EasyHybrid                                   #
#                   - A pDynamo graphical user interface -                    #
#                                                                             #
#-----------------------------------------------------------------------------#
#                                                                             #
#     Developed by Jose Fernando R Bachega and Luis Fernando S M Timmers      #
#                            <ferbachega@gmail.com>                           #
#                                                                             #
#             visit: https://sites.google.com/site/EasyHybrid/                #
#                   Univesity of Sao Paulo - SP, Brazil                       #
#      Pontifical Catholic University of Rio Grande do Sul - RS, Brazil       #
#                                                                             #
#                                                                             #
#   EasyHybrid team:                               Special thanks to:         #
#   - Jose Fernando R Bachega           |         - Fernando V Maluf          #
#   - Michele Silva                     |                                     #
#   - Luis Fernando S M Timmers         |                                     #
#   - Martin Field                      |         - Leonardo R Bachega        #
#   - Troy Wymore                       |         - Lucas Assirati            #
#   - Osmar Norberto de Souza           |         - Richard Garratt           #
#   - Walter R Paixao-Cortes            |                                     #
#                                                                             #
#   Cite this work as:                                                        #
#   J.F.R. Bachega, L.F.S.M. Timmers, L.Assirati, L.B. Bachega, M.J. Field,   #
#   T. Wymore. J. Comput. Chem. 2013, 34, 2190-2196. DOI: 10.1002/jcc.23346   #
#                                                                             #
#-----------------------------------------------------------------------------#

Generated on Wed Nov 29 16:24:10 2017


-------------------------------  Conjugate Gradient Minimizer Options ------------------------------
Beta Type                        =              1  Initial Step                     =            0.1
Line Searcher                    =           None  Log Frequency                    =              1
Maximum Iterations               =           5000  Maximum Theta                    =          1e+10
Minimum Theta                    =          1e-10  RMS Gradient Tolerance           =           0.15
Steepest Descent Tolerance       =          0.001  Use Spectral Theta               =           True
----------------------------------------------------------------------------------------------------

----------------------------------------------------------------------------------------------------------------
  Iteration       Function          RMS Gradient        Max. |Grad.|          RMS Disp.         Max. |Disp.|
----------------------------------------------------------------------------------------------------------------
     0     I     -41529.10701921         18.28008896       1305.31715794          0.00096615          0.06898937
     1   L1s     -41565.56048318          0.86360767         54.02077231          0.00037329          0.02263163
     2   L1s     -41566.52593629          0.79658968         46.13752298          0.00020682          0.01229510
     3   L1s     -41566.95678691          0.54436047         25.04950784          0.00013595          0.00693970
     4   L0s     -41567.26755174          0.69314827         40.34071594          0.00013595          0.00645489
     5   L1s     -41567.38318809          0.57237940         25.17837815          0.00006128          0.00301841
     6   L1s     -41567.70673847          0.41817617         13.35975098          0.00021432          0.00990352
     7   L1s     -41567.85462880          0.57834979         33.63484521          0.00011814          0.00562928
     8   L1s     -41567.93028829          0.42468808         16.28105580          0.00006538          0.00331259
     9   L1s     -41568.05713331          0.28300146          9.25615475          0.00012332          0.00743724
    10   L1s     -41568.14589749          0.48785013         27.10410263          0.00010449          0.00644487
    11   L1s     -41568.19852157          0.31748374         14.40143782          0.00006505          0.00407243
    12   L1s     -41568.25973700          0.22234336          7.78133634          0.00008384          0.00484091
    13   L1s     -41568.30525977          0.28966723         19.34928052          0.00007316          0.00394285
    14   L1s     -41568.32337938          0.22329676          7.11905342          0.00003138          0.00151134
    15   L1s     -41568.37398545          0.18512912          5.09262211          0.00009734          0.00428491
    16   L1s     -41568.40527292          0.27346429         15.94518964          0.00006781          0.00285735
    17   L1s     -41568.42077782          0.17468919          5.89546320          0.00003523          0.00133203
    18   L1s     -41568.45173978          0.17045884          4.65330314          0.00007780          0.00265045
    19   L1s     -41568.47407628          0.22743849         12.66321683          0.00006133          0.00218945
    20   L1s     -41568.48586301          0.17102970          6.73758241          0.00003377          0.00125191
    21   L1s     -41568.51322455          0.16033143          4.18081763          0.00008385          0.00333542
    22   L0s     -41568.53869648          0.24273787         13.35676549          0.00008385          0.00333061
    23   L1s     -41568.55134100          0.17188434          7.10857038          0.00004264          0.00165453
    24   L1s     -41568.58030146          0.16003671          4.26006343          0.00010178          0.00386850
    25   L0s     -41568.60595117          0.25994803         16.31048249          0.00010178          0.00386012
    26   L1s     -41568.61766197          0.14558372          4.08309716          0.00004522          0.00165946
----------------------------------------------------------------------------------------------------------------

Minimization converged.

-------------------  Conjugate Gradient Minimizer Statistics -------------------
Iterations             =             26  Function Calls         =             50
--------------------------------------------------------------------------------
