
#-----------------------------------------------------------------------------#
#                                                                             #
#                                EasyHybrid                                   #
#                   - A pDynamo graphical user interface -                    #
#                                                                             #
#-----------------------------------------------------------------------------#
#                                                                             #
#     Developed by Jose Fernando R Bachega and Luis Fernando S M Timmers      #
#                            <ferbachega@gmail.com>                           #
#                                                                             #
#             visit: https://sites.google.com/site/EasyHybrid/                #
#                   Univesity of Sao Paulo - SP, Brazil                       #
#      Pontifical Catholic University of Rio Grande do Sul - RS, Brazil       #
#                                                                             #
#                                                                             #
#   EasyHybrid team:                               Special thanks to:         #
#   - Jose Fernando R Bachega           |         - Fernando V Maluf          #
#   - Michele Silva                     |                                     #
#   - Luis Fernando S M Timmers         |                                     #
#   - Martin Field                      |         - Leonardo R Bachega        #
#   - Troy Wymore                       |         - Lucas Assirati            #
#   - Osmar Norberto de Souza           |         - Richard Garratt           #
#   - Walter R Paixao-Cortes            |                                     #
#                                                                             #
#   Cite this work as:                                                        #
#   J.F.R. Bachega, L.F.S.M. Timmers, L.Assirati, L.B. Bachega, M.J. Field,   #
#   T. Wymore. J. Comput. Chem. 2013, 34, 2190-2196. DOI: 10.1002/jcc.23346   #
#                                                                             #
#-----------------------------------------------------------------------------#

Generated on Wed Nov 29 16:22:56 2017


-------------------------------  Conjugate Gradient Minimizer Options ------------------------------
Beta Type                        =              1  Initial Step                     =            0.1
Line Searcher                    =           None  Log Frequency                    =              1
Maximum Iterations               =           5000  Maximum Theta                    =          1e+10
Minimum Theta                    =          1e-10  RMS Gradient Tolerance           =           0.15
Steepest Descent Tolerance       =          0.001  Use Spectral Theta               =           True
----------------------------------------------------------------------------------------------------

----------------------------------------------------------------------------------------------------------------
  Iteration       Function          RMS Gradient        Max. |Grad.|          RMS Disp.         Max. |Disp.|
----------------------------------------------------------------------------------------------------------------
     0     I     -41544.00149779         17.44461036       1225.35203913          0.00096615          0.06786472
     1   L1s     -41580.01598248          1.02542117         56.59399049          0.00038631          0.02042643
     2   L1s     -41581.62223867          0.75743784         28.92268345          0.00028987          0.01716745
     3   L1s     -41582.15651111          0.77586393         37.40768371          0.00016267          0.00942888
     4   L1s     -41582.32536264          0.75337031         34.94277653          0.00006522          0.00369921
     5   L1s     -41582.66831130          0.56376945         18.15295687          0.00015787          0.00815510
     6   L1s     -41582.98329428          0.39010859         13.59676244          0.00017880          0.00890071
     7   L1s     -41583.14983170          0.49589089         25.43173075          0.00012349          0.00627949
     8   L1s     -41583.21496996          0.43564171         19.38479135          0.00005426          0.00289637
     9   L1s     -41583.31315324          0.32432722          9.67018406          0.00009207          0.00562563
    10   L1s     -41583.47686292          0.30870671         13.26751197          0.00018005          0.01149331
    11   L1s     -41583.55989510          0.31707898         21.00404374          0.00010395          0.00612915
    12   L1s     -41583.58344838          0.26205123         10.23599200          0.00003260          0.00166609
    13   L1s     -41583.63508788          0.22681911          7.92599996          0.00008042          0.00326843
    14   L1s     -41583.70104295          0.19843519          7.73494317          0.00011621          0.00428048
    15   L1s     -41583.73759278          0.24392062         12.25002448          0.00007291          0.00315877
    16   L1s     -41583.75526821          0.25202647         12.24838558          0.00003775          0.00134286
    17   L1s     -41583.80184051          0.16294523          4.19513423          0.00010525          0.00313438
    18   L0s     -41583.84343627          0.16620046          4.20747278          0.00010525          0.00292880
    19   L1s     -41583.87556791          0.22609580         13.30421796          0.00008891          0.00299059
    20   L1s     -41583.88752827          0.18368917          6.40439223          0.00003451          0.00098827
    21   L1s     -41583.92068738          0.16839922          4.30308846          0.00010142          0.00294893
    22   L0s     -41583.95462651          0.14194128          5.70011541          0.00010142          0.00275856
----------------------------------------------------------------------------------------------------------------

Minimization converged.

-------------------  Conjugate Gradient Minimizer Statistics -------------------
Iterations             =             22  Function Calls         =             43
--------------------------------------------------------------------------------
