
#-----------------------------------------------------------------------------#
#                                                                             #
#                                EasyHybrid                                   #
#                   - A pDynamo graphical user interface -                    #
#                                                                             #
#-----------------------------------------------------------------------------#
#                                                                             #
#     Developed by Jose Fernando R Bachega and Luis Fernando S M Timmers      #
#                            <ferbachega@gmail.com>                           #
#                                                                             #
#             visit: https://sites.google.com/site/EasyHybrid/                #
#                   Univesity of Sao Paulo - SP, Brazil                       #
#      Pontifical Catholic University of Rio Grande do Sul - RS, Brazil       #
#                                                                             #
#                                                                             #
#   EasyHybrid team:                               Special thanks to:         #
#   - Jose Fernando R Bachega           |         - Fernando V Maluf          #
#   - Michele Silva                     |                                     #
#   - Luis Fernando S M Timmers         |                                     #
#   - Martin Field                      |         - Leonardo R Bachega        #
#   - Troy Wymore                       |         - Lucas Assirati            #
#   - Osmar Norberto de Souza           |         - Richard Garratt           #
#   - Walter R Paixao-Cortes            |                                     #
#                                                                             #
#   Cite this work as:                                                        #
#   J.F.R. Bachega, L.F.S.M. Timmers, L.Assirati, L.B. Bachega, M.J. Field,   #
#   T. Wymore. J. Comput. Chem. 2013, 34, 2190-2196. DOI: 10.1002/jcc.23346   #
#                                                                             #
#-----------------------------------------------------------------------------#

Generated on Wed Nov 29 16:32:33 2017


-------------------------------  Conjugate Gradient Minimizer Options ------------------------------
Beta Type                        =              1  Initial Step                     =            0.1
Line Searcher                    =           None  Log Frequency                    =              1
Maximum Iterations               =           5000  Maximum Theta                    =          1e+10
Minimum Theta                    =          1e-10  RMS Gradient Tolerance           =           0.15
Steepest Descent Tolerance       =          0.001  Use Spectral Theta               =           True
----------------------------------------------------------------------------------------------------

----------------------------------------------------------------------------------------------------------------
  Iteration       Function          RMS Gradient        Max. |Grad.|          RMS Disp.         Max. |Disp.|
----------------------------------------------------------------------------------------------------------------
     0     I     -41482.80482825         18.73626446       1408.68751862          0.00096615          0.07264005
     1   L1s     -41518.58906732          1.08166123         78.49369362          0.00035399          0.02471953
     2   L1s     -41520.01020666          1.06486542         66.69545294          0.00024636          0.01915714
     3   L1s     -41520.21976092          0.81914279         32.80702143          0.00005057          0.00185113
     4   L1s     -41520.57240798          0.44988022         13.36363481          0.00011768          0.00436373
     5   L1s     -41520.86580286          0.49909303         13.75277635          0.00015672          0.00613691
     6   L1s     -41521.02422702          0.69478622         44.74502550          0.00010319          0.00396308
     7   L1s     -41521.12090535          0.39855575         12.86513097          0.00006821          0.00295034
     8   L1s     -41521.28307954          0.30255448          7.60803048          0.00013758          0.00660657
     9   L1s     -41521.38269714          0.35613952         10.86831271          0.00010445          0.00524547
    10   L1s     -41521.43897353          0.55103536         36.92569875          0.00006600          0.00336822
    11   L1s     -41521.57362401          0.32771222         10.30679000          0.00016442          0.00846989
    12   L1s     -41521.72953197          0.34843089          9.11878040          0.00020973          0.01058126
    13   L1s     -41521.84019486          0.51310974         32.12659566          0.00016021          0.00794282
    14   L1s     -41521.89016139          0.33112208         12.30735915          0.00007458          0.00350446
    15   L1s     -41521.97794772          0.24905293          7.53422134          0.00014002          0.00593398
    16   L0s     -41522.06423273          0.22845269          8.25201775          0.00014002          0.00515380
    17   L1s     -41522.08666327          0.33699994         22.29898324          0.00004077          0.00141027
    18   L1s     -41522.13796352          0.24692017          6.16365285          0.00010082          0.00312642
    19   L1s     -41522.19812004          0.17896946          4.67862244          0.00012645          0.00364211
    20   L1s     -41522.21711712          0.25509755         18.04848524          0.00004464          0.00128787
    21   L1s     -41522.23108646          0.14915526          4.20953843          0.00003437          0.00101850
----------------------------------------------------------------------------------------------------------------

Minimization converged.

-------------------  Conjugate Gradient Minimizer Statistics -------------------
Iterations             =             21  Function Calls         =             42
--------------------------------------------------------------------------------
