
#-----------------------------------------------------------------------------#
#                                                                             #
#                                EasyHybrid                                   #
#                   - A pDynamo graphical user interface -                    #
#                                                                             #
#-----------------------------------------------------------------------------#
#                                                                             #
#     Developed by Jose Fernando R Bachega and Luis Fernando S M Timmers      #
#                            <ferbachega@gmail.com>                           #
#                                                                             #
#             visit: https://sites.google.com/site/EasyHybrid/                #
#                   Univesity of Sao Paulo - SP, Brazil                       #
#      Pontifical Catholic University of Rio Grande do Sul - RS, Brazil       #
#                                                                             #
#                                                                             #
#   EasyHybrid team:                               Special thanks to:         #
#   - Jose Fernando R Bachega           |         - Fernando V Maluf          #
#   - Michele Silva                     |                                     #
#   - Luis Fernando S M Timmers         |                                     #
#   - Martin Field                      |         - Leonardo R Bachega        #
#   - Troy Wymore                       |         - Lucas Assirati            #
#   - Osmar Norberto de Souza           |         - Richard Garratt           #
#   - Walter R Paixao-Cortes            |                                     #
#                                                                             #
#   Cite this work as:                                                        #
#   J.F.R. Bachega, L.F.S.M. Timmers, L.Assirati, L.B. Bachega, M.J. Field,   #
#   T. Wymore. J. Comput. Chem. 2013, 34, 2190-2196. DOI: 10.1002/jcc.23346   #
#                                                                             #
#-----------------------------------------------------------------------------#

Generated on Wed Nov 29 16:26:05 2017


-------------------------------  Conjugate Gradient Minimizer Options ------------------------------
Beta Type                        =              1  Initial Step                     =            0.1
Line Searcher                    =           None  Log Frequency                    =              1
Maximum Iterations               =           5000  Maximum Theta                    =          1e+10
Minimum Theta                    =          1e-10  RMS Gradient Tolerance           =           0.15
Steepest Descent Tolerance       =          0.001  Use Spectral Theta               =           True
----------------------------------------------------------------------------------------------------

----------------------------------------------------------------------------------------------------------------
  Iteration       Function          RMS Gradient        Max. |Grad.|          RMS Disp.         Max. |Disp.|
----------------------------------------------------------------------------------------------------------------
     0     I     -41468.84847598         18.86748391       1405.41021336          0.00096615          0.07196703
     1   L1s     -41506.75044788          0.57104985         38.08080899          0.00037620          0.02464852
     2   L1s     -41507.16620488          0.53917247         30.47252401          0.00013573          0.00841512
     3   L1s     -41507.35568123          0.32282686         12.26548678          0.00008972          0.00324562
     4   L1s     -41507.53523365          0.33460431          9.74677719          0.00013352          0.00490831
     5   L0s     -41507.66709992          0.50921122         29.72416938          0.00013352          0.00520174
     6   L1s     -41507.71649381          0.39942259         15.54503881          0.00005021          0.00206943
     7   L1s     -41507.83294624          0.26978033         11.37766787          0.00011762          0.00540858
     8   L1s     -41507.90835633          0.31976105         18.57451628          0.00009226          0.00451429
     9   L1s     -41507.93099915          0.28325097         12.89728940          0.00003067          0.00159641
    10   L1s     -41508.00085529          0.24357313          8.38902985          0.00010522          0.00545889
    11   L1s     -41508.05114963          0.22000612          9.11835756          0.00008498          0.00416462
    12   L1s     -41508.06512368          0.24099403         14.85852953          0.00002643          0.00124083
    13   L1s     -41508.09236331          0.15881997          5.25738741          0.00005570          0.00236600
    14   L1s     -41508.12415071          0.18066455          4.97770873          0.00007502          0.00291965
    15   L1s     -41508.14000651          0.26744656         18.24982410          0.00004084          0.00152291
    16   L1s     -41508.16278268          0.14127722          4.12853529          0.00006079          0.00188391
----------------------------------------------------------------------------------------------------------------

Minimization converged.

-------------------  Conjugate Gradient Minimizer Statistics -------------------
Iterations             =             16  Function Calls         =             32
--------------------------------------------------------------------------------
