
#-----------------------------------------------------------------------------#
#                                                                             #
#                                EasyHybrid                                   #
#                   - A pDynamo graphical user interface -                    #
#                                                                             #
#-----------------------------------------------------------------------------#
#                                                                             #
#     Developed by Jose Fernando R Bachega and Luis Fernando S M Timmers      #
#                            <ferbachega@gmail.com>                           #
#                                                                             #
#             visit: https://sites.google.com/site/EasyHybrid/                #
#                   Univesity of Sao Paulo - SP, Brazil                       #
#      Pontifical Catholic University of Rio Grande do Sul - RS, Brazil       #
#                                                                             #
#                                                                             #
#   EasyHybrid team:                               Special thanks to:         #
#   - Jose Fernando R Bachega           |         - Fernando V Maluf          #
#   - Michele Silva                     |                                     #
#   - Luis Fernando S M Timmers         |                                     #
#   - Martin Field                      |         - Leonardo R Bachega        #
#   - Troy Wymore                       |         - Lucas Assirati            #
#   - Osmar Norberto de Souza           |         - Richard Garratt           #
#   - Walter R Paixao-Cortes            |                                     #
#                                                                             #
#   Cite this work as:                                                        #
#   J.F.R. Bachega, L.F.S.M. Timmers, L.Assirati, L.B. Bachega, M.J. Field,   #
#   T. Wymore. J. Comput. Chem. 2013, 34, 2190-2196. DOI: 10.1002/jcc.23346   #
#                                                                             #
#-----------------------------------------------------------------------------#

Generated on Wed Nov 29 16:24:22 2017


-------------------------------  Conjugate Gradient Minimizer Options ------------------------------
Beta Type                        =              1  Initial Step                     =            0.1
Line Searcher                    =           None  Log Frequency                    =              1
Maximum Iterations               =           5000  Maximum Theta                    =          1e+10
Minimum Theta                    =          1e-10  RMS Gradient Tolerance           =           0.15
Steepest Descent Tolerance       =          0.001  Use Spectral Theta               =           True
----------------------------------------------------------------------------------------------------

----------------------------------------------------------------------------------------------------------------
  Iteration       Function          RMS Gradient        Max. |Grad.|          RMS Disp.         Max. |Disp.|
----------------------------------------------------------------------------------------------------------------
     0     I     -41523.51321398         18.35840095       1310.79925721          0.00096615          0.06898359
     1   L1s     -41559.93398153          0.82639557         52.30291954          0.00037138          0.02282527
     2   L1s     -41560.83702177          0.74165345         42.69348072          0.00020199          0.01198583
     3   L1s     -41561.22083462          0.52978474         24.55714600          0.00012859          0.00604783
     4   L1s     -41561.53256986          0.60058437         29.47066854          0.00015160          0.00657339
     5   L1s     -41561.62976037          0.64090046         32.57824209          0.00005606          0.00254508
     6   L1s     -41561.93923474          0.39360022         12.86678607          0.00020004          0.00922315
     7   L1s     -41562.12522480          0.39146557         14.30043910          0.00014959          0.00742248
     8   L1s     -41562.25307685          0.32815379         14.60954426          0.00011989          0.00668432
     9   L1s     -41562.28477347          0.38741314         21.34215220          0.00003477          0.00206930
    10   L1s     -41562.40384772          0.26601134         10.24001202          0.00014276          0.00858921
    11   L1s     -41562.45973206          0.19817503          4.83757984          0.00007742          0.00433103
    12   L0s     -41562.50619739          0.20445215          6.42223555          0.00007742          0.00393362
    13   L1s     -41562.52675533          0.31421559         21.47877292          0.00003913          0.00192596
    14   L1s     -41562.56415239          0.19326459          4.99544139          0.00007474          0.00343127
    15   L1s     -41562.60318692          0.17007991          5.28775925          0.00008661          0.00356537
    16   L0s     -41562.63878753          0.17093494          3.92336930          0.00008661          0.00295520
    17   L1s     -41562.66585257          0.22828647         12.42405355          0.00007234          0.00242708
    18   L1s     -41562.67736716          0.18692725          8.04368371          0.00003241          0.00115236
    19   L1s     -41562.71135954          0.16761823          4.06602004          0.00010149          0.00387471
    20   L1s     -41562.75188786          0.17609679          5.11014927          0.00012912          0.00488114
    21   L0s     -41562.78834583          0.22735146          8.97563711          0.00012912          0.00488423
    22   L1s     -41562.80261139          0.25499642         14.22480117          0.00005065          0.00191149
    23   L1s     -41562.84421723          0.17425573          4.67435285          0.00014523          0.00529795
    24   L1s     -41562.87452386          0.15845130          5.79227042          0.00011051          0.00400776
    25   L1s     -41562.89859626          0.23203831         12.28732758          0.00009219          0.00329935
    26   L1s     -41562.91012544          0.17565771          8.10396024          0.00004512          0.00156230
    27   L1s     -41562.94056486          0.16892023          6.02243830          0.00012345          0.00409123
    28   L1s     -41562.97770389          0.17231896          3.44715542          0.00015631          0.00473086
    29   L1s     -41562.99808938          0.25773470         17.20630301          0.00008857          0.00255042
    30   L1s     -41563.01322928          0.16423075          3.65890112          0.00006667          0.00167436
    31   L1s     -41563.05379876          0.16846111          4.42594928          0.00018452          0.00392535
    32   L0s     -41563.09303524          0.21206555          9.56126066          0.00018452          0.00360865
    33   L1s     -41563.10895742          0.27815207         14.89624067          0.00007597          0.00149815
    34   L1s     -41563.15095230          0.20322816          5.72705357          0.00020179          0.00403850
    35   L1s     -41563.20230176          0.22278875          6.12232689          0.00025031          0.00506991
    36   L0s     -41563.25354970          0.29529210         16.58322994          0.00025031          0.00510334
    37   L1s     -41563.27272046          0.24166444         10.03121193          0.00009494          0.00195527
    38   L1s     -41563.32203523          0.22138554          7.70117696          0.00025230          0.00525856
    39   L1s     -41563.38785382          0.20977090          4.78916991          0.00034326          0.00724914
    40   L0s     -41563.45192486          0.21806094          6.39359580          0.00034326          0.00733619
    41   L1s     -41563.49878548          0.29975308         15.87886996          0.00025411          0.00546213
    42   L1s     -41563.51812049          0.23769421         10.93215402          0.00010479          0.00227226
    43   L1s     -41563.56507323          0.20395802          5.90503854          0.00025698          0.00562983
    44   L1s     -41563.62538755          0.19092407          5.97085009          0.00033427          0.00739767
    45   L1s     -41563.66385440          0.25735712         14.24072693          0.00021643          0.00481384
    46   L1s     -41563.68038494          0.24624248         10.85337499          0.00009377          0.00209648
    47   L1s     -41563.72345604          0.17998610          4.21056033          0.00024653          0.00556049
    48   L0s     -41563.76937427          0.16083803          4.00145724          0.00024653          0.00559619
    49   L1s     -41563.80674016          0.20092375          7.43619858          0.00020189          0.00460848
    50   L1s     -41563.82315121          0.27631996         16.65899676          0.00009427          0.00215810
    51   L1s     -41563.85377239          0.16784320          5.84131170          0.00017718          0.00408656
    52   L0s     -41563.88320586          0.17391590          5.67682684          0.00017718          0.00411832
    53   L1s     -41563.91847394          0.17968507          6.17104143          0.00021540          0.00504192
    54   L1s     -41563.93182021          0.24975627         15.35324411          0.00008106          0.00190453
    55   L1s     -41563.95576165          0.15022268          3.21907587          0.00014654          0.00347976
    56   L1s     -41563.99507835          0.18293079          3.20161035          0.00024596          0.00588532
    57   L1s     -41564.04029320          0.18357568          5.23637154          0.00028645          0.00690803
    58   L1s     -41564.05883073          0.28424655         17.84917073          0.00011893          0.00287728
    59   L1s     -41564.08253777          0.16555607          3.60102163          0.00015289          0.00373195
    60   L1s     -41564.11839979          0.17987997          5.25186057          0.00023488          0.00576955
    61   L0s     -41564.15327309          0.15659226          4.73897419          0.00023488          0.00580865
    62   L1s     -41564.17501727          0.26174353         16.46486716          0.00014946          0.00370320
    63   L1s     -41564.19096510          0.18645139          5.90487831          0.00010961          0.00272461
    64   L1s     -41564.22274517          0.16599306          4.31229199          0.00022088          0.00550880
    65   L0s     -41564.25671111          0.15076786          2.83956463          0.00022088          0.00551282
    66   L1s     -41564.28747275          0.22696752         12.39281910          0.00020045          0.00500866
    67   L1s     -41564.29973777          0.21302773          9.64327407          0.00008334          0.00208517
    68   L1s     -41564.34349211          0.16516162          3.95833196          0.00029977          0.00751745
    69   L1s     -41564.37813233          0.18259491          6.07016181          0.00024080          0.00604938
    70   L1s     -41564.39480622          0.27194527         17.40456979          0.00011715          0.00294505
    71   L1s     -41564.41851667          0.17362015          6.01266157          0.00016738          0.00421393
    72   L1s     -41564.44827279          0.13207510          3.96412450          0.00021238          0.00535805
----------------------------------------------------------------------------------------------------------------

Minimization converged.

-------------------  Conjugate Gradient Minimizer Statistics -------------------
Iterations             =             72  Function Calls         =            135
--------------------------------------------------------------------------------
