
#-----------------------------------------------------------------------------#
#                                                                             #
#                                EasyHybrid                                   #
#                   - A pDynamo graphical user interface -                    #
#                                                                             #
#-----------------------------------------------------------------------------#
#                                                                             #
#     Developed by Jose Fernando R Bachega and Luis Fernando S M Timmers      #
#                            <ferbachega@gmail.com>                           #
#                                                                             #
#             visit: https://sites.google.com/site/EasyHybrid/                #
#                   Univesity of Sao Paulo - SP, Brazil                       #
#      Pontifical Catholic University of Rio Grande do Sul - RS, Brazil       #
#                                                                             #
#                                                                             #
#   EasyHybrid team:                               Special thanks to:         #
#   - Jose Fernando R Bachega           |         - Fernando V Maluf          #
#   - Michele Silva                     |                                     #
#   - Luis Fernando S M Timmers         |                                     #
#   - Martin Field                      |         - Leonardo R Bachega        #
#   - Troy Wymore                       |         - Lucas Assirati            #
#   - Osmar Norberto de Souza           |         - Richard Garratt           #
#   - Walter R Paixao-Cortes            |                                     #
#                                                                             #
#   Cite this work as:                                                        #
#   J.F.R. Bachega, L.F.S.M. Timmers, L.Assirati, L.B. Bachega, M.J. Field,   #
#   T. Wymore. J. Comput. Chem. 2013, 34, 2190-2196. DOI: 10.1002/jcc.23346   #
#                                                                             #
#-----------------------------------------------------------------------------#

Generated on Wed Nov 29 16:25:35 2017


-------------------------------  Conjugate Gradient Minimizer Options ------------------------------
Beta Type                        =              1  Initial Step                     =            0.1
Line Searcher                    =           None  Log Frequency                    =              1
Maximum Iterations               =           5000  Maximum Theta                    =          1e+10
Minimum Theta                    =          1e-10  RMS Gradient Tolerance           =           0.15
Steepest Descent Tolerance       =          0.001  Use Spectral Theta               =           True
----------------------------------------------------------------------------------------------------

----------------------------------------------------------------------------------------------------------------
  Iteration       Function          RMS Gradient        Max. |Grad.|          RMS Disp.         Max. |Disp.|
----------------------------------------------------------------------------------------------------------------
     0     I     -41479.74101768         18.82871813       1372.65209202          0.00096615          0.07043429
     1   L1s     -41517.26065490          0.62118832         41.00597891          0.00037312          0.02415221
     2   L1s     -41517.75990442          0.57361005         33.58516316          0.00014969          0.00924686
     3   L1s     -41517.97212947          0.35714388         14.66538599          0.00009340          0.00355528
     4   L1s     -41518.16293777          0.35519325         10.68586776          0.00012980          0.00469060
     5   L1s     -41518.27816135          0.63897258         43.50687645          0.00009892          0.00371619
     6   L1s     -41518.36837532          0.34263963          9.48848430          0.00008176          0.00331061
     7   L1s     -41518.49265445          0.30196642         11.69975268          0.00013128          0.00573692
     8   L1s     -41518.58132068          0.23002736          6.78567270          0.00010843          0.00528984
     9   L0s     -41518.65640199          0.26062457         11.60295083          0.00010843          0.00528593
    10   L1s     -41518.71680245          0.18740644          5.85388409          0.00009802          0.00434497
    11   L1s     -41518.75234885          0.17697796          8.61654354          0.00006891          0.00276312
    12   L1s     -41518.76252043          0.22475622         11.85207647          0.00002245          0.00085180
    13   L1s     -41518.79834067          0.20834158          5.33496386          0.00008448          0.00296413
    14   L1s     -41518.85353108          0.18714698          5.52893208          0.00013934          0.00414716
    15   L1s     -41518.89969584          0.19473945          4.75446490          0.00012516          0.00369717
    16   L0s     -41518.94682939          0.18885833          7.25580459          0.00012516          0.00368415
    17   L1s     -41518.96376167          0.28881670         17.90557142          0.00004806          0.00144616
    18   L1s     -41519.00243923          0.22029604          7.67245526          0.00011629          0.00332286
    19   L1s     -41519.06681880          0.20308471          4.81773297          0.00020077          0.00559746
    20   L1s     -41519.11305074          0.26146236         13.99292313          0.00015045          0.00387377
    21   L1s     -41519.13043613          0.26134428         12.70275852          0.00005794          0.00137198
    22   L1s     -41519.17624604          0.17980934          4.38098722          0.00015628          0.00348638
    23   L1s     -41519.21286500          0.16824216          3.69091831          0.00013139          0.00262318
    24   L1s     -41519.24381210          0.23923044         14.73910658          0.00011600          0.00261882
    25   L1s     -41519.25644523          0.20164683          7.57707596          0.00004834          0.00087501
    26   L1s     -41519.29268121          0.18525086          5.18383999          0.00014259          0.00290218
    27   L1s     -41519.33613454          0.19765309          5.89741527          0.00017618          0.00373368
    28   L1s     -41519.37444690          0.30552486         18.95991513          0.00015952          0.00327630
    29   L1s     -41519.39353394          0.21075771          7.42816320          0.00008033          0.00147347
    30   L1s     -41519.44529583          0.23389665          7.84305424          0.00022291          0.00428772
    31   L1s     -41519.51003275          0.20923056          6.11869281          0.00028437          0.00529712
    32   L1s     -41519.55448124          0.37872569         25.55513521          0.00019876          0.00361706
    33   L1s     -41519.58535734          0.23196262          5.82996748          0.00013871          0.00231191
    34   L1s     -41519.64104068          0.22283034          6.13193034          0.00025349          0.00396270
    35   L0s     -41519.69364267          0.22538891          6.97050104          0.00025349          0.00446165
    36   L1s     -41519.71938177          0.34670902         22.37417561          0.00012548          0.00227574
    37   L1s     -41519.75732474          0.19124876          5.09221643          0.00018298          0.00334095
    38   L1s     -41519.80307512          0.17945438          4.53448950          0.00022456          0.00396213
    39   L1s     -41519.85346239          0.18171088          3.59818865          0.00025320          0.00424550
    40   L1s     -41519.88717880          0.21731686         12.09659195          0.00017287          0.00279675
    41   L1s     -41519.89863453          0.20951563          9.92276141          0.00005956          0.00093539
    42   L1s     -41519.93353740          0.18881426          4.52823726          0.00018412          0.00287554
    43   L1s     -41519.97743001          0.18053035          4.22027451          0.00023578          0.00377147
    44   L0s     -41520.01830235          0.20020734          4.93990763          0.00023578          0.00385485
    45   L1s     -41520.05097550          0.31676486         21.73194929          0.00018881          0.00311217
    46   L1s     -41520.07342890          0.21389215          6.33446738          0.00012776          0.00214355
    47   L1s     -41520.11618999          0.18382524          4.68012423          0.00024609          0.00422573
    48   L0s     -41520.15760766          0.23347644          9.50322907          0.00024609          0.00428347
    49   L1s     -41520.17495400          0.28120897         16.74477766          0.00010334          0.00181433
    50   L1s     -41520.21709811          0.17158069          4.11138851          0.00024975          0.00447399
    51   L1s     -41520.24784086          0.16454778          4.56834927          0.00018592          0.00339328
    52   L1s     -41520.26792132          0.28291023         19.96760164          0.00012333          0.00226358
    53   L0s     -41520.28839513          0.16099461          3.66561408          0.00012333          0.00229571
    54   L1s     -41520.31888816          0.15808288          4.62138798          0.00017763          0.00334905
    55   L0s     -41520.34962554          0.16751687          5.62988714          0.00017763          0.00337552
    56   L1s     -41520.36873465          0.30946760         20.05193295          0.00011324          0.00215735
    57   L1s     -41520.40224635          0.18663522          5.43437535          0.00020268          0.00388381
    58   L1s     -41520.44195840          0.17796876          4.07010829          0.00024390          0.00469974
    59   L1s     -41520.47756448          0.26151779         14.77101251          0.00022170          0.00428276
    60   L1s     -41520.49381416          0.23690960         11.07955428          0.00010182          0.00197310
    61   L1s     -41520.53644497          0.17705733          4.95995539          0.00026922          0.00524863
    62   L1s     -41520.57217537          0.18447839          6.46290578          0.00022901          0.00449291
    63   L1s     -41520.59652416          0.30866355         21.14197919          0.00015811          0.00310952
    64   L0s     -41520.62067146          0.19405114          4.15423948          0.00015811          0.00313063
    65   L1s     -41520.66476103          0.17937355          4.64606188          0.00029370          0.00586482
    66   L1s     -41520.69711756          0.18228911          6.20039117          0.00021703          0.00436864
    67   L1s     -41520.71349016          0.28680576         18.52904091          0.00011106          0.00224236
    68   L1s     -41520.74584369          0.16882441          3.69853401          0.00022053          0.00448792
    69   L1s     -41520.77401308          0.13941673          2.91840180          0.00019451          0.00399435
----------------------------------------------------------------------------------------------------------------

Minimization converged.

-------------------  Conjugate Gradient Minimizer Statistics -------------------
Iterations             =             69  Function Calls         =            131
--------------------------------------------------------------------------------
