
#-----------------------------------------------------------------------------#
#                                                                             #
#                                EasyHybrid                                   #
#                   - A pDynamo graphical user interface -                    #
#                                                                             #
#-----------------------------------------------------------------------------#
#                                                                             #
#     Developed by Jose Fernando R Bachega and Luis Fernando S M Timmers      #
#                            <ferbachega@gmail.com>                           #
#                                                                             #
#             visit: https://sites.google.com/site/EasyHybrid/                #
#                   Univesity of Sao Paulo - SP, Brazil                       #
#      Pontifical Catholic University of Rio Grande do Sul - RS, Brazil       #
#                                                                             #
#                                                                             #
#   EasyHybrid team:                               Special thanks to:         #
#   - Jose Fernando R Bachega           |         - Fernando V Maluf          #
#   - Michele Silva                     |                                     #
#   - Luis Fernando S M Timmers         |                                     #
#   - Martin Field                      |         - Leonardo R Bachega        #
#   - Troy Wymore                       |         - Lucas Assirati            #
#   - Osmar Norberto de Souza           |         - Richard Garratt           #
#   - Walter R Paixao-Cortes            |                                     #
#                                                                             #
#   Cite this work as:                                                        #
#   J.F.R. Bachega, L.F.S.M. Timmers, L.Assirati, L.B. Bachega, M.J. Field,   #
#   T. Wymore. J. Comput. Chem. 2013, 34, 2190-2196. DOI: 10.1002/jcc.23346   #
#                                                                             #
#-----------------------------------------------------------------------------#

Generated on Wed Nov 29 16:23:59 2017


-------------------------------  Conjugate Gradient Minimizer Options ------------------------------
Beta Type                        =              1  Initial Step                     =            0.1
Line Searcher                    =           None  Log Frequency                    =              1
Maximum Iterations               =           5000  Maximum Theta                    =          1e+10
Minimum Theta                    =          1e-10  RMS Gradient Tolerance           =           0.15
Steepest Descent Tolerance       =          0.001  Use Spectral Theta               =           True
----------------------------------------------------------------------------------------------------

----------------------------------------------------------------------------------------------------------------
  Iteration       Function          RMS Gradient        Max. |Grad.|          RMS Disp.         Max. |Disp.|
----------------------------------------------------------------------------------------------------------------
     0     I     -41533.60643130         18.15802218       1294.44995154          0.00096615          0.06887493
     1   L1s     -41569.95111266          0.87806665         54.86865090          0.00037465          0.02267447
     2   L1s     -41571.00196133          0.81561092         44.33033792          0.00022140          0.01284810
     3   L1s     -41571.45334433          0.57976876         25.70695773          0.00013944          0.00748861
     4   L0s     -41571.75290812          0.95061289         59.60418924          0.00013944          0.00711698
     5   L1s     -41571.92937549          0.54929495         20.32616496          0.00008625          0.00407534
     6   L1s     -41572.28416571          0.45659611         16.17843231          0.00019536          0.00938560
     7   L1s     -41572.40966503          0.64229288         40.07501677          0.00008622          0.00421306
     8   L1s     -41572.50818984          0.40847632         15.87607609          0.00007343          0.00383246
     9   L1s     -41572.65894097          0.32020749         10.03547419          0.00013163          0.00800545
    10   L1s     -41572.75975838          0.64201593         40.06861001          0.00010567          0.00652697
    11   L0s     -41572.86101052          0.32580933         14.85499535          0.00010567          0.00639181
    12   L1s     -41572.94137754          0.27092613         12.06395998          0.00008770          0.00490561
    13   L1s     -41572.97248672          0.36279935         18.78554263          0.00004142          0.00221049
    14   L1s     -41573.01382001          0.20768872          7.52757012          0.00005905          0.00275260
    15   L1s     -41573.07395681          0.26194253         15.15997973          0.00010171          0.00457856
    16   L1s     -41573.08904911          0.23131142          9.81708953          0.00002770          0.00120120
    17   L1s     -41573.12506692          0.17801694          6.10333305          0.00007217          0.00283875
    18   L1s     -41573.15290824          0.24542107         14.49615252          0.00006286          0.00228693
    19   L1s     -41573.16537022          0.17901811          7.93957984          0.00002969          0.00095870
    20   L1s     -41573.19288296          0.15163015          5.09739638          0.00007153          0.00241335
    21   L1s     -41573.21057048          0.25437812         16.93518137          0.00005082          0.00175837
    22   L1s     -41573.22582765          0.15570151          4.61520512          0.00004524          0.00168448
    23   L1s     -41573.25267745          0.15294988          5.79757243          0.00008595          0.00307162
    24   L1s     -41573.26263327          0.21497339         14.41785082          0.00003408          0.00120644
    25   L1s     -41573.27954263          0.13500202          5.79150155          0.00005970          0.00218177
----------------------------------------------------------------------------------------------------------------

Minimization converged.

-------------------  Conjugate Gradient Minimizer Statistics -------------------
Iterations             =             25  Function Calls         =             49
--------------------------------------------------------------------------------
