
#-----------------------------------------------------------------------------#
#                                                                             #
#                                EasyHybrid                                   #
#                   - A pDynamo graphical user interface -                    #
#                                                                             #
#-----------------------------------------------------------------------------#
#                                                                             #
#     Developed by Jose Fernando R Bachega and Luis Fernando S M Timmers      #
#                            <ferbachega@gmail.com>                           #
#                                                                             #
#             visit: https://sites.google.com/site/EasyHybrid/                #
#                   Univesity of Sao Paulo - SP, Brazil                       #
#      Pontifical Catholic University of Rio Grande do Sul - RS, Brazil       #
#                                                                             #
#                                                                             #
#   EasyHybrid team:                               Special thanks to:         #
#   - Jose Fernando R Bachega           |         - Fernando V Maluf          #
#   - Michele Silva                     |                                     #
#   - Luis Fernando S M Timmers         |                                     #
#   - Martin Field                      |         - Leonardo R Bachega        #
#   - Troy Wymore                       |         - Lucas Assirati            #
#   - Osmar Norberto de Souza           |         - Richard Garratt           #
#   - Walter R Paixao-Cortes            |                                     #
#                                                                             #
#   Cite this work as:                                                        #
#   J.F.R. Bachega, L.F.S.M. Timmers, L.Assirati, L.B. Bachega, M.J. Field,   #
#   T. Wymore. J. Comput. Chem. 2013, 34, 2190-2196. DOI: 10.1002/jcc.23346   #
#                                                                             #
#-----------------------------------------------------------------------------#

Generated on Wed Nov 29 16:28:56 2017


-------------------------------  Conjugate Gradient Minimizer Options ------------------------------
Beta Type                        =              1  Initial Step                     =            0.1
Line Searcher                    =           None  Log Frequency                    =              1
Maximum Iterations               =           5000  Maximum Theta                    =          1e+10
Minimum Theta                    =          1e-10  RMS Gradient Tolerance           =           0.15
Steepest Descent Tolerance       =          0.001  Use Spectral Theta               =           True
----------------------------------------------------------------------------------------------------

----------------------------------------------------------------------------------------------------------------
  Iteration       Function          RMS Gradient        Max. |Grad.|          RMS Disp.         Max. |Disp.|
----------------------------------------------------------------------------------------------------------------
     0     I     -41418.99102847         18.88704557       1427.41800997          0.00096615          0.07301828
     1   L1s     -41458.52511313          0.74473233         41.19782009          0.00038752          0.02188452
     2   L1s     -41458.96393812          0.72450018         46.10750903          0.00011009          0.00622574
     3   L1s     -41459.09330353          0.69017115         34.72977452          0.00004593          0.00306153
     4   L1s     -41459.39471683          0.34530074         10.27266921          0.00013472          0.00624629
     5   L1s     -41459.52511086          0.33078624         10.28020640          0.00009289          0.00357982
     6   L1s     -41459.65172584          0.47295212         28.10191359          0.00011524          0.00454538
     7   L1s     -41459.69715898          0.32469990         13.54119250          0.00004504          0.00171680
     8   L1s     -41459.76151740          0.24128839          7.37244342          0.00007366          0.00203694
     9   L1s     -41459.84063273          0.22645125          6.95199085          0.00010923          0.00277217
    10   L0s     -41459.90324669          0.39113273         25.29958829          0.00010923          0.00305285
    11   L1s     -41459.92869566          0.22791735          6.77976700          0.00004342          0.00098031
    12   L1s     -41459.97500964          0.17247509          6.57266087          0.00007299          0.00170899
    13   L1s     -41459.99817091          0.30164547         20.89316338          0.00004428          0.00107614
    14   L0s     -41460.02228033          0.18762613          6.70719560          0.00004428          0.00122815
    15   L1s     -41460.06123485          0.23697350         11.18901961          0.00007322          0.00191822
    16   L1s     -41460.07758026          0.26611301         15.59738673          0.00003419          0.00090722
    17   L1s     -41460.11751808          0.18021045          6.34300878          0.00008813          0.00233230
    18   L1s     -41460.14555373          0.31561789         21.44030500          0.00006844          0.00180284
    19   L1s     -41460.16924383          0.22169280          8.78691381          0.00005953          0.00153529
    20   L1s     -41460.23082721          0.25659189         10.46656897          0.00016320          0.00402684
    21   L1s     -41460.25085194          0.30490107         19.45784401          0.00005499          0.00131036
    22   L1s     -41460.30242840          0.22224452          6.85882863          0.00014509          0.00315426
    23   L0s     -41460.35429350          0.39610288         27.94095924          0.00014509          0.00308976
    24   L1s     -41460.39166261          0.25710994         10.20419905          0.00010966          0.00239823
    25   L1s     -41460.45213454          0.22809049          7.47164770          0.00020392          0.00458324
    26   L1s     -41460.48409033          0.36248727         27.50771093          0.00011086          0.00249888
    27   L0s     -41460.51858129          0.18612570          6.99261758          0.00011086          0.00236928
    28   L0s     -41460.55712540          0.33026843         19.13822895          0.00011086          0.00235557
    29   L1s     -41460.57838395          0.26404291         11.48897458          0.00005921          0.00124103
    30   L1s     -41460.63285492          0.23209902         10.14284642          0.00013610          0.00319288
    31   L1s     -41460.65147977          0.29526591         19.72945666          0.00004899          0.00099400
    32   L1s     -41460.68668898          0.18505199          5.69601805          0.00009520          0.00196756
    33   L0s     -41460.71862052          0.35125516         23.46344449          0.00009520          0.00197964
    34   L1s     -41460.74561684          0.23642964         11.69350112          0.00007992          0.00166916
    35   L1s     -41460.80132089          0.29146015         16.08524131          0.00016066          0.00332188
    36   L1s     -41460.82141603          0.28328353         14.64459321          0.00005945          0.00121572
    37   L1s     -41460.87603312          0.20979089          7.64955504          0.00016552          0.00342342
    38   L1s     -41460.89604023          0.32875510         22.44186976          0.00006309          0.00131030
    39   L1s     -41460.94125887          0.22223106         11.34583117          0.00014493          0.00313966
    40   L0s     -41460.98513156          0.39438832         26.85824123          0.00014493          0.00317315
    41   L1s     -41461.01938924          0.25162027         11.10869729          0.00011448          0.00257055
    42   L1s     -41461.07509624          0.27718031         15.07058916          0.00019207          0.00437482
    43   L1s     -41461.09439669          0.28695824         14.95631646          0.00006776          0.00155261
    44   L1s     -41461.14896107          0.22671913         11.11151143          0.00019489          0.00432584
    45   L1s     -41461.17678875          0.36794837         25.85985258          0.00010219          0.00222757
    46   L1s     -41461.21810206          0.20810284         10.49223796          0.00015314          0.00337442
    47   L0s     -41461.25716602          0.32669753         22.60390337          0.00015314          0.00338157
    48   L1s     -41461.27670297          0.20554431          8.04251026          0.00007626          0.00169248
    49   L1s     -41461.31695875          0.24078088         12.59332255          0.00015184          0.00346724
    50   L1s     -41461.33171951          0.25371263         13.64034723          0.00005676          0.00132653
    51   L1s     -41461.37577382          0.21363821          7.45891329          0.00017258          0.00401235
    52   L1s     -41461.39898022          0.32728608         22.96761144          0.00009323          0.00217535
    53   L1s     -41461.43071314          0.20831100         10.21401674          0.00012874          0.00311411
    54   L1s     -41461.47857496          0.36325931         24.27548987          0.00019887          0.00483768
    55   L1s     -41461.50454537          0.24393633          9.21070914          0.00010868          0.00265343
    56   L1s     -41461.56608304          0.27816867         14.28733402          0.00026230          0.00641949
    57   L1s     -41461.58467324          0.28432655         15.85287210          0.00008028          0.00197733
    58   L1s     -41461.64691668          0.24719145          9.73067465          0.00027172          0.00688413
    59   L1s     -41461.67528234          0.37834523         24.59149021          0.00012569          0.00320046
    60   L1s     -41461.72646587          0.25398920         10.00317175          0.00022821          0.00570691
    61   L1s     -41461.78283837          0.40057196         28.84085680          0.00025429          0.00639298
    62   L1s     -41461.81496442          0.26656700          8.31483294          0.00014574          0.00375066
    63   L1s     -41461.88965077          0.33360785         16.86603620          0.00034315          0.00882257
    64   L1s     -41461.91913289          0.36821242         20.18758676          0.00013628          0.00349420
    65   L1s     -41462.02475739          0.35358384         17.36592282          0.00049168          0.01262508
    66   L1s     -41462.09651852          0.60773583         42.81212410          0.00033679          0.00866604
    67   L1s     -41462.21495616          0.33245640         13.18502260          0.00055674          0.01446586
    68   L1s     -41462.31057449          0.56395179         40.56526495          0.00045064          0.01166743
    69   L1s     -41462.37704923          0.35740886         13.08014674          0.00031403          0.00837123
    70   L1s     -41462.51130627          0.49160226         25.50307861          0.00063641          0.01705991
    71   L1s     -41462.57638373          0.53295928         28.21770013          0.00030894          0.00831891
    72   L1s     -41462.76062196          0.41500258         16.01742708          0.00087894          0.02445897
    73   L1s     -41462.84756145          0.66217204         48.28340529          0.00041330          0.01164614
    74   L1s     -41462.99179053          0.39343243         19.98418809          0.00068499          0.01990843
    75   L0s     -41463.14197539          0.67805669         44.70336804          0.00068499          0.02009360
    76   L1s     -41463.24457932          0.44617256         18.94520038          0.00047923          0.01439133
    77   L1s     -41463.46743455          0.52396747         25.35324330          0.00113228          0.03497290
    78   L1s     -41463.54731102          0.61318051         35.07035085          0.00040393          0.01271524
    79   L1s     -41463.77192039          0.46020668         17.63298019          0.00113236          0.03643018
    80   L1s     -41463.92054166          0.74362843         51.75903918          0.00073378          0.02389391
    81   L1s     -41464.04893118          0.44969953         18.40167896          0.00063046          0.02143633
    82   L1s     -41464.25473344          0.50584316         26.35774089          0.00099008          0.03445424
    83   L1s     -41464.31717231          0.50401574         26.97516399          0.00029851          0.01060909
    84   L1s     -41464.48368082          0.38592100         15.37294775          0.00079600          0.02930140
    85   L1s     -41464.59750560          0.67983589         46.85066491          0.00054194          0.02014534
    86   L0s     -41464.71043188          0.40047941         15.49906116          0.00054194          0.02063799
    87   L1s     -41464.87499350          0.43990074         23.29564476          0.00080142          0.03078623
    88   L1s     -41464.92246835          0.43174134         22.71229990          0.00022951          0.00889332
    89   L1s     -41465.02829392          0.30447505         13.55054525          0.00051347          0.02039877
    90   L1s     -41465.10463762          0.49617133         35.41020475          0.00037044          0.01476664
    91   L1s     -41465.15799209          0.31450680         11.68740248          0.00025898          0.01032832
    92   L1s     -41465.27110826          0.34752881         13.67228275          0.00055231          0.02220530
    93   L1s     -41465.31178196          0.43717153         27.45557280          0.00019863          0.00802182
    94   L1s     -41465.40093597          0.28381545          9.74031852          0.00043576          0.01760605
    95   L1s     -41465.47614103          0.41016926         25.82834127          0.00036742          0.01479762
    96   L1s     -41465.51043301          0.29910388         11.67604700          0.00016795          0.00672109
    97   L1s     -41465.60784401          0.30099471         10.89226404          0.00048063          0.01925084
    98   L1s     -41465.65095972          0.43121576         28.29413672          0.00021295          0.00850137
    99   L1s     -41465.70631838          0.25746286          9.05089035          0.00027365          0.01066280
   100   L1s     -41465.78205956          0.30897420         17.26173000          0.00037770          0.01454155
   101   L1s     -41465.80336880          0.27963245         14.11744581          0.00010673          0.00405025
   102   L1s     -41465.86271059          0.23891320          7.78910881          0.00029947          0.01104094
   103   L1s     -41465.91367393          0.41709077         28.12143687          0.00025974          0.00948965
   104   L1s     -41465.95265502          0.26303625          8.06953369          0.00019922          0.00712072
   105   L1s     -41466.02347955          0.25043523          8.64948322          0.00036495          0.01267975
   106   L1s     -41466.04833831          0.35453125         23.38467374          0.00012913          0.00442067
   107   L1s     -41466.10666393          0.23299163          8.40448486          0.00030431          0.01005376
   108   L0s     -41466.16478143          0.34887965         20.80436982          0.00030431          0.00993947
   109   L1s     -41466.19409515          0.31575740         14.20539823          0.00015469          0.00497996
   110   L1s     -41466.27256692          0.23789324          6.08890567          0.00041974          0.01283314
   111   L1s     -41466.31425672          0.40178009         27.83885972          0.00022465          0.00675787
   112   L0s     -41466.35357543          0.25883112          9.90145273          0.00022465          0.00656236
   113   L1s     -41466.43092167          0.25515009         10.14716389          0.00047778          0.01338927
   114   L1s     -41466.47490050          0.41981353         28.10223257          0.00025720          0.00705887
   115   L0s     -41466.52060050          0.23331057          6.67967139          0.00025720          0.00641943
   116   L1s     -41466.58667566          0.26825451         11.53862284          0.00034111          0.00804789
   117   L1s     -41466.60963545          0.32092956         19.67380180          0.00012281          0.00277211
   118   L1s     -41466.66139241          0.23839430          8.86605006          0.00027849          0.00557720
   119   L1s     -41466.72429958          0.31904038         17.86166265          0.00034222          0.00638492
   120   L1s     -41466.74699454          0.27936765         13.70329166          0.00012422          0.00210560
   121   L1s     -41466.81351008          0.22223544          6.73399378          0.00036667          0.00536239
   122   L1s     -41466.85490242          0.39043568         25.79854989          0.00023060          0.00339080
   123   L1s     -41466.89163936          0.25625763          7.78098798          0.00020536          0.00330240
   124   L1s     -41466.96991781          0.27736190          9.54437359          0.00044142          0.00735158
   125   L1s     -41467.00482793          0.40780703         26.51533822          0.00019820          0.00332353
   126   L1s     -41467.06703719          0.25883548          6.32696163          0.00035434          0.00584399
   127   L1s     -41467.14490020          0.31725095         16.63136347          0.00044728          0.00744502
   128   L1s     -41467.16907599          0.30325772         16.36435953          0.00013975          0.00235635
   129   L1s     -41467.23065207          0.22346666          6.92753920          0.00035798          0.00607984
   130   L1s     -41467.28077107          0.37908075         24.26593562          0.00029374          0.00501215
   131   L1s     -41467.31191536          0.26240668          9.06022471          0.00018321          0.00316557
   132   L1s     -41467.37970098          0.23822617          7.31244521          0.00040156          0.00693111
   133   L1s     -41467.41195307          0.37180353         25.39855803          0.00019249          0.00329447
   134   L1s     -41467.45170195          0.22970746          8.38192368          0.00023807          0.00390731
   135   L1s     -41467.51164484          0.25090558         11.04229954          0.00036250          0.00591706
   136   L1s     -41467.53202504          0.30894407         18.43408358          0.00012414          0.00202548
   137   L1s     -41467.58312775          0.20719362          8.18968243          0.00031293          0.00513890
   138   L0s     -41467.63193394          0.34058383         21.86091007          0.00031293          0.00518312
   139   L1s     -41467.65594252          0.26498308          9.47225291          0.00015112          0.00253868
   140   L1s     -41467.71095321          0.21289392          5.64519400          0.00032907          0.00554594
   141   L1s     -41467.74186161          0.36858774         25.31678423          0.00018716          0.00316364
   142   L1s     -41467.77948680          0.22263822          6.64913016          0.00022867          0.00390748
   143   L1s     -41467.83330847          0.24988039         11.31596356          0.00033007          0.00554347
   144   L1s     -41467.85132731          0.28128896         16.71320823          0.00011143          0.00184801
   145   L1s     -41467.89564245          0.20591299          7.09922521          0.00027580          0.00469790
   146   L0s     -41467.93966821          0.32737006         22.20654770          0.00027580          0.00467068
   147   L1s     -41467.96059775          0.20785658          6.28298449          0.00013180          0.00220407
   148   L1s     -41468.00364347          0.19291680          5.39994823          0.00027572          0.00484854
   149   L1s     -41468.02231449          0.29973880         20.41629855          0.00012088          0.00215647
   150   L1s     -41468.05391092          0.19260563          7.05422798          0.00020552          0.00367662
   151   L1s     -41468.09530380          0.23132411         12.56924278          0.00027283          0.00488427
   152   L1s     -41468.10757400          0.21378566         10.93397559          0.00008155          0.00145652
   153   L1s     -41468.14212052          0.18623421          7.72290423          0.00023165          0.00414896
   154   L0s     -41468.17362677          0.33518230         22.48087283          0.00023165          0.00418485
   155   L1s     -41468.19453778          0.20307606          6.83603758          0.00014596          0.00266398
   156   L1s     -41468.22803508          0.19627118          9.57385671          0.00018977          0.00346611
   157   L1s     -41468.23887915          0.22320856         12.67606716          0.00006231          0.00113584
   158   L1s     -41468.27053582          0.17691547          7.07709750          0.00018384          0.00331121
   159   L1s     -41468.29680524          0.31949146         22.63798424          0.00015497          0.00279661
   160   L1s     -41468.32015310          0.18138290          7.30825487          0.00013843          0.00253855
   161   L1s     -41468.35365245          0.22004118         10.79694090          0.00020131          0.00364766
   162   L1s     -41468.36624508          0.22902599         13.05762790          0.00007635          0.00136268
   163   L1s     -41468.39869031          0.17204700          6.37905240          0.00019853          0.00346940
   164   L1s     -41468.42099676          0.29983749         20.47957695          0.00013882          0.00242730
   165   L0s     -41468.44242774          0.17806209          7.69753204          0.00013882          0.00246388
   166   L1s     -41468.47945176          0.21418567         10.68518129          0.00025781          0.00442814
   167   L1s     -41468.49169139          0.22791270         12.72347775          0.00008379          0.00139473
   168   L1s     -41468.52234830          0.16743867          7.27511388          0.00021141          0.00344012
   169   L1s     -41468.54884951          0.28887432         20.17855823          0.00018527          0.00299127
   170   L1s     -41468.56591608          0.16656753          6.03242432          0.00011982          0.00187641
   171   L1s     -41468.59637153          0.19095237          7.38384396          0.00021653          0.00325756
   172   L1s     -41468.60991041          0.25285367         15.91570953          0.00009713          0.00142426
   173   L1s     -41468.63757114          0.16919215          6.14595199          0.00019950          0.00275205
   174   L0s     -41468.66753916          0.22648940         15.09732014          0.00019950          0.00271694
   175   L1s     -41468.67914136          0.16590454          7.03394091          0.00008115          0.00109537
   176   L1s     -41468.71324869          0.16494728          4.97162200          0.00028586          0.00375041
   177   L1s     -41468.73788435          0.24285645         16.08110129          0.00020849          0.00266062
   178   L1s     -41468.74941252          0.14783935          4.80194888          0.00009791          0.00124012
----------------------------------------------------------------------------------------------------------------

Minimization converged.

-------------------  Conjugate Gradient Minimizer Statistics -------------------
Iterations             =            178  Function Calls         =            339
--------------------------------------------------------------------------------
