
#-----------------------------------------------------------------------------#
#                                                                             #
#                                EasyHybrid                                   #
#                   - A pDynamo graphical user interface -                    #
#                                                                             #
#-----------------------------------------------------------------------------#
#                                                                             #
#     Developed by Jose Fernando R Bachega and Luis Fernando S M Timmers      #
#                            <ferbachega@gmail.com>                           #
#                                                                             #
#             visit: https://sites.google.com/site/EasyHybrid/                #
#                   Univesity of Sao Paulo - SP, Brazil                       #
#      Pontifical Catholic University of Rio Grande do Sul - RS, Brazil       #
#                                                                             #
#                                                                             #
#   EasyHybrid team:                               Special thanks to:         #
#   - Jose Fernando R Bachega           |         - Fernando V Maluf          #
#   - Michele Silva                     |                                     #
#   - Luis Fernando S M Timmers         |                                     #
#   - Martin Field                      |         - Leonardo R Bachega        #
#   - Troy Wymore                       |         - Lucas Assirati            #
#   - Osmar Norberto de Souza           |         - Richard Garratt           #
#   - Walter R Paixao-Cortes            |                                     #
#                                                                             #
#   Cite this work as:                                                        #
#   J.F.R. Bachega, L.F.S.M. Timmers, L.Assirati, L.B. Bachega, M.J. Field,   #
#   T. Wymore. J. Comput. Chem. 2013, 34, 2190-2196. DOI: 10.1002/jcc.23346   #
#                                                                             #
#-----------------------------------------------------------------------------#

Generated on Wed Nov 29 16:26:12 2017


-------------------------------  Conjugate Gradient Minimizer Options ------------------------------
Beta Type                        =              1  Initial Step                     =            0.1
Line Searcher                    =           None  Log Frequency                    =              1
Maximum Iterations               =           5000  Maximum Theta                    =          1e+10
Minimum Theta                    =          1e-10  RMS Gradient Tolerance           =           0.15
Steepest Descent Tolerance       =          0.001  Use Spectral Theta               =           True
----------------------------------------------------------------------------------------------------

----------------------------------------------------------------------------------------------------------------
  Iteration       Function          RMS Gradient        Max. |Grad.|          RMS Disp.         Max. |Disp.|
----------------------------------------------------------------------------------------------------------------
     0     I     -41454.74074068         18.85356916       1403.93086049          0.00096615          0.07194433
     1   L1s     -41492.93035628          0.52726428         29.97441437          0.00037938          0.02116227
     2   L1s     -41493.21457583          0.49464109         26.69293406          0.00010074          0.00603600
     3   L0s     -41493.40353770          0.29813892         11.25905806          0.00010074          0.00426493
     4   L1s     -41493.51013381          0.48625042         28.99395486          0.00008726          0.00272862
     5   L1s     -41493.55965730          0.34547984         13.96419913          0.00004469          0.00164562
     6   L1s     -41493.67612308          0.30456012          8.45874499          0.00012243          0.00495314
     7   L0s     -41493.78277875          0.23412767          8.54316030          0.00012243          0.00549306
     8   L0s     -41493.87018958          0.28248487          8.87153371          0.00012243          0.00585364
     9   L0s     -41493.94243763          0.40819813         23.91143380          0.00012243          0.00591440
    10   L1s     -41493.97722091          0.33148798         12.92866899          0.00005819          0.00277939
    11   L1s     -41494.05735746          0.24017205          8.10330915          0.00012897          0.00566756
    12   L1s     -41494.10782106          0.24722740         14.75424959          0.00009037          0.00359868
    13   L1s     -41494.12161642          0.22167636          9.62522155          0.00002682          0.00094856
    14   L1s     -41494.16059527          0.18849135          5.66358092          0.00008259          0.00243017
    15   L1s     -41494.20300107          0.21593385         11.41366654          0.00009920          0.00295898
    16   L1s     -41494.21407488          0.20394370         10.71965689          0.00002761          0.00084263
    17   L1s     -41494.24156999          0.14481760          4.91553914          0.00007304          0.00222804
----------------------------------------------------------------------------------------------------------------

Minimization converged.

-------------------  Conjugate Gradient Minimizer Statistics -------------------
Iterations             =             17  Function Calls         =             31
--------------------------------------------------------------------------------
