
#-----------------------------------------------------------------------------#
#                                                                             #
#                                EasyHybrid                                   #
#                   - A pDynamo graphical user interface -                    #
#                                                                             #
#-----------------------------------------------------------------------------#
#                                                                             #
#     Developed by Jose Fernando R Bachega and Luis Fernando S M Timmers      #
#                            <ferbachega@gmail.com>                           #
#                                                                             #
#             visit: https://sites.google.com/site/EasyHybrid/                #
#                   Univesity of Sao Paulo - SP, Brazil                       #
#      Pontifical Catholic University of Rio Grande do Sul - RS, Brazil       #
#                                                                             #
#                                                                             #
#   EasyHybrid team:                               Special thanks to:         #
#   - Jose Fernando R Bachega           |         - Fernando V Maluf          #
#   - Michele Silva                     |                                     #
#   - Luis Fernando S M Timmers         |                                     #
#   - Martin Field                      |         - Leonardo R Bachega        #
#   - Troy Wymore                       |         - Lucas Assirati            #
#   - Osmar Norberto de Souza           |         - Richard Garratt           #
#   - Walter R Paixao-Cortes            |                                     #
#                                                                             #
#   Cite this work as:                                                        #
#   J.F.R. Bachega, L.F.S.M. Timmers, L.Assirati, L.B. Bachega, M.J. Field,   #
#   T. Wymore. J. Comput. Chem. 2013, 34, 2190-2196. DOI: 10.1002/jcc.23346   #
#                                                                             #
#-----------------------------------------------------------------------------#

Generated on Wed Nov 29 16:31:42 2017


-------------------------------  Conjugate Gradient Minimizer Options ------------------------------
Beta Type                        =              1  Initial Step                     =            0.1
Line Searcher                    =           None  Log Frequency                    =              1
Maximum Iterations               =           5000  Maximum Theta                    =          1e+10
Minimum Theta                    =          1e-10  RMS Gradient Tolerance           =           0.15
Steepest Descent Tolerance       =          0.001  Use Spectral Theta               =           True
----------------------------------------------------------------------------------------------------

----------------------------------------------------------------------------------------------------------------
  Iteration       Function          RMS Gradient        Max. |Grad.|          RMS Disp.         Max. |Disp.|
----------------------------------------------------------------------------------------------------------------
     0     I     -41480.63038103         18.82751379       1418.81130316          0.00096615          0.07280750
     1   L1s     -41516.79634341          1.00217310         73.02755185          0.00035603          0.02505561
     2   L1s     -41518.01392740          1.01787899         65.06161260          0.00022775          0.01778255
     3   L1s     -41518.19228114          0.71805938         27.02841657          0.00004576          0.00160260
     4   L1s     -41518.49421643          0.40853111         13.65710958          0.00011094          0.00429639
     5   L1s     -41518.75354352          0.44289154         12.78411862          0.00015239          0.00592004
     6   L1s     -41518.87412689          0.64858429         41.79372555          0.00008715          0.00346725
     7   L1s     -41518.96611141          0.38285279         11.78084029          0.00007161          0.00320127
     8   L1s     -41519.10474230          0.28581697          7.13240449          0.00012752          0.00634654
     9   L1s     -41519.20108566          0.34313792          9.07233584          0.00010864          0.00563139
    10   L1s     -41519.26189603          0.56424851         38.63446074          0.00007616          0.00399537
    11   L1s     -41519.37744267          0.32412834          9.72959537          0.00014971          0.00791799
    12   L1s     -41519.53184373          0.33088014          9.21842077          0.00021859          0.01129949
    13   L1s     -41519.64805422          0.44847604         25.82353240          0.00017717          0.00893617
    14   L1s     -41519.68782536          0.34171396         15.67646537          0.00006284          0.00301535
    15   L1s     -41519.76527755          0.25089920          6.56450321          0.00012948          0.00560887
    16   L1s     -41519.85131037          0.22294487          6.34500795          0.00015736          0.00589577
    17   L1s     -41519.88527424          0.38881380         26.47393577          0.00006834          0.00243720
    18   L1s     -41519.92669494          0.26234982          8.27803790          0.00008571          0.00275425
    19   L1s     -41519.98906317          0.18027494          5.56568574          0.00013635          0.00393966
    20   L1s     -41520.02080231          0.17435529          7.97430136          0.00007686          0.00222500
    21   L1s     -41520.03147025          0.23778608         13.89321557          0.00002823          0.00082135
    22   L1s     -41520.06484881          0.19759184          5.73322527          0.00009217          0.00270853
    23   L1s     -41520.10725431          0.15087877          4.38753764          0.00012387          0.00355685
    24   L1s     -41520.14056383          0.30517117         21.72970813          0.00010554          0.00300864
    25   L1s     -41520.15923082          0.21379679          5.73133017          0.00006025          0.00168630
    26   L1s     -41520.23831481          0.24007563          6.06911145          0.00026445          0.00694297
    27   L0s     -41520.30851596          0.27798248         10.38550066          0.00026445          0.00660370
    28   L1s     -41520.33246402          0.35878421         21.87996795          0.00008925          0.00216690
    29   L1s     -41520.40204871          0.28280063          7.05572390          0.00024857          0.00582967
    30   L1s     -41520.49946119          0.23475939          6.81693037          0.00035396          0.00796464
    31   L1s     -41520.57576437          0.31757024          9.22562729          0.00028344          0.00641212
    32   L1s     -41520.62185090          0.50011209         33.94795689          0.00017303          0.00392154
    33   L1s     -41520.73758628          0.32739543          8.62313239          0.00043712          0.00993114
    34   L0s     -41520.84234588          0.28220133          6.11727264          0.00043712          0.00997213
    35   L1s     -41520.92236049          0.29379893         10.29093157          0.00034754          0.00793395
    36   L1s     -41520.95396700          0.38758449         25.37517665          0.00012764          0.00291459
    37   L1s     -41521.01380481          0.23737059          5.10450865          0.00024348          0.00555917
    38   L1s     -41521.09141115          0.22665471          4.63688703          0.00032200          0.00734512
    39   L1s     -41521.14676278          0.29985177         16.11100850          0.00023342          0.00531974
    40   L1s     -41521.16632593          0.25928723         13.04348600          0.00008341          0.00189849
    41   L1s     -41521.21509148          0.21006437          4.92133068          0.00021100          0.00478801
    42   L1s     -41521.29346049          0.27090395          8.18069499          0.00034665          0.00784000
    43   L1s     -41521.35498923          0.41161440         26.20830277          0.00027511          0.00620928
    44   L1s     -41521.38722917          0.23289703          7.88094001          0.00014492          0.00324735
    45   L1s     -41521.44147971          0.23397702          5.57218761          0.00024784          0.00551154
    46   L1s     -41521.51297250          0.23675755          6.97358858          0.00033185          0.00731992
    47   L1s     -41521.54205516          0.35689188         24.03175875          0.00013694          0.00300937
    48   L1s     -41521.57615750          0.17058958          3.28081803          0.00016156          0.00349164
    49   L1s     -41521.61574612          0.16346862          2.96527124          0.00019257          0.00408032
    50   L1s     -41521.64742110          0.23304960         11.56631340          0.00015822          0.00331673
    51   L1s     -41521.66206475          0.24999540         13.37458210          0.00007407          0.00153770
    52   L1s     -41521.70436202          0.18033611          6.15149627          0.00021630          0.00439444
    53   L1s     -41521.73934255          0.16771527          5.31845605          0.00018252          0.00360771
    54   L1s     -41521.76796033          0.26918073         17.78837931          0.00015263          0.00298390
    55   L1s     -41521.78255560          0.18749055          6.02735309          0.00007847          0.00149981
    56   L1s     -41521.81887898          0.16879106          4.03950847          0.00019861          0.00369248
    57   L0s     -41521.85103131          0.18427762          5.22916274          0.00019861          0.00362003
    58   L1s     -41521.87006445          0.28665756         17.64133851          0.00011685          0.00211174
    59   L0s     -41521.89147049          0.16477339          3.78696622          0.00011685          0.00202742
    60   L1s     -41521.93693843          0.20459341          7.08847039          0.00021005          0.00355664
    61   L1s     -41521.95635544          0.31918440         20.79314281          0.00009524          0.00160088
    62   L1s     -41521.99395392          0.17539729          4.38687514          0.00018571          0.00305233
    63   L0s     -41522.02876018          0.18883917          6.49500092          0.00018571          0.00304262
    64   L1s     -41522.03985587          0.24110606         15.48137943          0.00005965          0.00097866
    65   L1s     -41522.06949336          0.16598640          4.04773150          0.00015594          0.00256158
    66   L1s     -41522.10246511          0.18178924          7.30523861          0.00017742          0.00291299
    67   L1s     -41522.11212562          0.21084055         12.75502517          0.00005289          0.00086799
    68   L1s     -41522.13343606          0.15290588          5.36904356          0.00011821          0.00193599
    69   L1s     -41522.16049416          0.15635504          6.58233493          0.00015372          0.00250996
    70   L1s     -41522.16886262          0.20922950         12.49095520          0.00004857          0.00079161
    71   L1s     -41522.19171073          0.14155828          2.93215604          0.00013418          0.00217303
----------------------------------------------------------------------------------------------------------------

Minimization converged.

-------------------  Conjugate Gradient Minimizer Statistics -------------------
Iterations             =             71  Function Calls         =            138
--------------------------------------------------------------------------------
