
#-----------------------------------------------------------------------------#
#                                                                             #
#                                EasyHybrid                                   #
#                   - A pDynamo graphical user interface -                    #
#                                                                             #
#-----------------------------------------------------------------------------#
#                                                                             #
#     Developed by Jose Fernando R Bachega and Luis Fernando S M Timmers      #
#                            <ferbachega@gmail.com>                           #
#                                                                             #
#             visit: https://sites.google.com/site/EasyHybrid/                #
#                   Univesity of Sao Paulo - SP, Brazil                       #
#      Pontifical Catholic University of Rio Grande do Sul - RS, Brazil       #
#                                                                             #
#                                                                             #
#   EasyHybrid team:                               Special thanks to:         #
#   - Jose Fernando R Bachega           |         - Fernando V Maluf          #
#   - Michele Silva                     |                                     #
#   - Luis Fernando S M Timmers         |                                     #
#   - Martin Field                      |         - Leonardo R Bachega        #
#   - Troy Wymore                       |         - Lucas Assirati            #
#   - Osmar Norberto de Souza           |         - Richard Garratt           #
#   - Walter R Paixao-Cortes            |                                     #
#                                                                             #
#   Cite this work as:                                                        #
#   J.F.R. Bachega, L.F.S.M. Timmers, L.Assirati, L.B. Bachega, M.J. Field,   #
#   T. Wymore. J. Comput. Chem. 2013, 34, 2190-2196. DOI: 10.1002/jcc.23346   #
#                                                                             #
#-----------------------------------------------------------------------------#

Generated on Wed Nov 29 16:23:25 2017


-------------------------------  Conjugate Gradient Minimizer Options ------------------------------
Beta Type                        =              1  Initial Step                     =            0.1
Line Searcher                    =           None  Log Frequency                    =              1
Maximum Iterations               =           5000  Maximum Theta                    =          1e+10
Minimum Theta                    =          1e-10  RMS Gradient Tolerance           =           0.15
Steepest Descent Tolerance       =          0.001  Use Spectral Theta               =           True
----------------------------------------------------------------------------------------------------

----------------------------------------------------------------------------------------------------------------
  Iteration       Function          RMS Gradient        Max. |Grad.|          RMS Disp.         Max. |Disp.|
----------------------------------------------------------------------------------------------------------------
     0     I     -41538.54281805         17.89017450       1266.09646409          0.00096615          0.06837489
     1   L1s     -41574.90774722          0.94542950         57.61216248          0.00038043          0.02236786
     2   L1s     -41576.27522186          0.73090100         27.76128845          0.00026732          0.01486702
     3   L1s     -41576.75890112          0.68538356         22.63532039          0.00015535          0.00903554
     4   L1s     -41576.95021327          0.85058160         48.56825186          0.00008015          0.00448301
     5   L1s     -41577.21223281          0.57640858         25.08451624          0.00012423          0.00642299
     6   L1s     -41577.55274327          0.41130386         14.14237593          0.00019650          0.00952904
     7   L1s     -41577.72736130          0.48368582         23.75069791          0.00012786          0.00646755
     8   L1s     -41577.79254256          0.47320003         22.88631522          0.00005413          0.00289220
     9   L1s     -41577.90319906          0.30959054         10.22808029          0.00010190          0.00640175
    10   L1s     -41578.09436343          0.31232675         10.60106763          0.00021052          0.01351035
    11   L1s     -41578.16172013          0.44788145         32.64665184          0.00008412          0.00525980
    12   L1s     -41578.20597327          0.23419405          6.85314095          0.00005826          0.00308680
    13   L1s     -41578.26801805          0.23445706          7.07352928          0.00009569          0.00431920
    14   L1s     -41578.33416302          0.23997589          7.40362544          0.00011484          0.00483955
    15   L1s     -41578.35487152          0.29218611         17.76620460          0.00003938          0.00160414
    16   L1s     -41578.39315484          0.21682642          5.89049722          0.00007680          0.00287860
    17   L1s     -41578.44027074          0.19062846          6.95903037          0.00010294          0.00315960
    18   L0s     -41578.48411000          0.24200022         12.53020442          0.00010294          0.00325448
    19   L1s     -41578.49945520          0.23260810         11.29542016          0.00003820          0.00128873
    20   L1s     -41578.54251773          0.19563834          5.48163498          0.00011458          0.00393737
    21   L1s     -41578.59142369          0.20680250          7.00448086          0.00013830          0.00475438
    22   L1s     -41578.61845794          0.32761142         18.80617276          0.00008015          0.00274323
    23   L1s     -41578.65056084          0.20210726          7.13809503          0.00009694          0.00326244
    24   L1s     -41578.69388758          0.17432056          4.71228156          0.00013673          0.00445992
    25   L1s     -41578.72232346          0.20527575          9.28149032          0.00009461          0.00307023
    26   L1s     -41578.73332593          0.19982770         10.86377705          0.00003794          0.00121836
    27   L1s     -41578.76871434          0.16203402          4.26257332          0.00012642          0.00378906
    28   L0s     -41578.79956385          0.20307703          7.07891094          0.00012642          0.00370591
    29   L1s     -41578.82025644          0.27252657         15.20796449          0.00008386          0.00238464
    30   L0s     -41578.84045769          0.16891063          5.85032279          0.00008386          0.00209647
    31   L1s     -41578.86652471          0.18382126          5.50497449          0.00012024          0.00278218
    32   L1s     -41578.88471686          0.28154999         17.65324577          0.00008256          0.00193113
    33   L1s     -41578.91794303          0.19592759          4.77480934          0.00015239          0.00364002
    34   L0s     -41578.95306172          0.22646744         10.38642709          0.00015239          0.00368496
    35   L1s     -41578.97722850          0.30413573         16.19240843          0.00010889          0.00265374
    36   L1s     -41579.01899302          0.22461693          6.14377517          0.00019853          0.00490450
    37   L0s     -41579.06426913          0.23936658          9.69893071          0.00019853          0.00494837
    38   L1s     -41579.08738559          0.29143549         16.97157867          0.00010448          0.00262363
    39   L1s     -41579.13025001          0.20885864          4.76981447          0.00020873          0.00531548
    40   L1s     -41579.16540847          0.26672351         11.98799381          0.00017475          0.00448681
    41   L1s     -41579.18905794          0.28649431         15.23951540          0.00011849          0.00306336
    42   L1s     -41579.23640670          0.21771820          5.60189909          0.00023935          0.00625996
    43   L1s     -41579.27448607          0.29017915         17.88758363          0.00019504          0.00513303
    44   L1s     -41579.29495039          0.21687529          7.64631196          0.00010569          0.00281175
    45   L1s     -41579.33200570          0.19955228          6.78956715          0.00019419          0.00522601
    46   L1s     -41579.35678764          0.28311409         15.57708634          0.00013203          0.00357155
    47   L0s     -41579.38100922          0.22442053          8.04782637          0.00013203          0.00359950
    48   L1s     -41579.42070093          0.21338280          6.97121031          0.00022077          0.00606118
    49   L1s     -41579.44363151          0.28707463         16.72475145          0.00012693          0.00349737
    50   L1s     -41579.46977237          0.17251113          5.07971724          0.00014569          0.00405068
    51   L0s     -41579.49736289          0.20623396          7.80704158          0.00014569          0.00406673
    52   L1s     -41579.51521351          0.24143071         14.46723043          0.00009795          0.00274446
    53   L1s     -41579.53754821          0.16417941          3.28951312          0.00013053          0.00368490
    54   L1s     -41579.56372235          0.20116953         10.73665985          0.00015600          0.00442330
    55   L1s     -41579.57440545          0.18244370          8.05578267          0.00006442          0.00183600
    56   L1s     -41579.59700965          0.16377717          5.21125499          0.00013824          0.00396334
    57   L1s     -41579.61512901          0.19386095         10.93265291          0.00011266          0.00324299
    58   L1s     -41579.62447075          0.15147133          5.75947828          0.00005876          0.00170268
    59   L1s     -41579.64308036          0.14682830          3.98365004          0.00011928          0.00347927
----------------------------------------------------------------------------------------------------------------

Minimization converged.

-------------------  Conjugate Gradient Minimizer Statistics -------------------
Iterations             =             59  Function Calls         =            112
--------------------------------------------------------------------------------
