
#-----------------------------------------------------------------------------#
#                                                                             #
#                                EasyHybrid                                   #
#                   - A pDynamo graphical user interface -                    #
#                                                                             #
#-----------------------------------------------------------------------------#
#                                                                             #
#     Developed by Jose Fernando R Bachega and Luis Fernando S M Timmers      #
#                            <ferbachega@gmail.com>                           #
#                                                                             #
#             visit: https://sites.google.com/site/EasyHybrid/                #
#                   Univesity of Sao Paulo - SP, Brazil                       #
#      Pontifical Catholic University of Rio Grande do Sul - RS, Brazil       #
#                                                                             #
#                                                                             #
#   EasyHybrid team:                               Special thanks to:         #
#   - Jose Fernando R Bachega           |         - Fernando V Maluf          #
#   - Michele Silva                     |                                     #
#   - Luis Fernando S M Timmers         |                                     #
#   - Martin Field                      |         - Leonardo R Bachega        #
#   - Troy Wymore                       |         - Lucas Assirati            #
#   - Osmar Norberto de Souza           |         - Richard Garratt           #
#   - Walter R Paixao-Cortes            |                                     #
#                                                                             #
#   Cite this work as:                                                        #
#   J.F.R. Bachega, L.F.S.M. Timmers, L.Assirati, L.B. Bachega, M.J. Field,   #
#   T. Wymore. J. Comput. Chem. 2013, 34, 2190-2196. DOI: 10.1002/jcc.23346   #
#                                                                             #
#-----------------------------------------------------------------------------#

Generated on Wed Nov 29 16:22:38 2017


-------------------------------  Conjugate Gradient Minimizer Options ------------------------------
Beta Type                        =              1  Initial Step                     =            0.1
Line Searcher                    =           None  Log Frequency                    =              1
Maximum Iterations               =           5000  Maximum Theta                    =          1e+10
Minimum Theta                    =          1e-10  RMS Gradient Tolerance           =           0.15
Steepest Descent Tolerance       =          0.001  Use Spectral Theta               =           True
----------------------------------------------------------------------------------------------------

----------------------------------------------------------------------------------------------------------------
  Iteration       Function          RMS Gradient        Max. |Grad.|          RMS Disp.         Max. |Disp.|
----------------------------------------------------------------------------------------------------------------
     0     I     -41545.24521610         17.20424185       1199.17822276          0.00096615          0.06734303
     1   L1s     -41581.26693516          1.08239221         54.11661928          0.00039173          0.01918459
     2   L1s     -41583.02601583          0.77288351         30.13137735          0.00030097          0.01804600
     3   L1s     -41583.57564884          0.83636671         44.29494835          0.00016173          0.00910586
     4   L1s     -41583.75185882          0.70184520         30.68296256          0.00006485          0.00360145
     5   L1s     -41584.10379985          0.56342739         17.71862120          0.00016054          0.00844330
     6   L0s     -41584.40516706          0.36835051         12.65766349          0.00016054          0.00781870
     7   L1s     -41584.56767030          0.49983882         24.93944965          0.00011717          0.00577727
     8   L1s     -41584.63584061          0.43598221         19.67652083          0.00005623          0.00287544
     9   L1s     -41584.73583774          0.31496192          8.63686297          0.00009299          0.00538094
    10   L1s     -41584.87250123          0.27686570         12.82421325          0.00015059          0.00904017
    11   L1s     -41584.95064903          0.20007475          5.08261055          0.00010079          0.00465611
    12   L1s     -41584.99676674          0.20244539          5.84786432          0.00007357          0.00305276
    13   L1s     -41585.04728507          0.24938155         14.10936248          0.00009312          0.00403802
    14   L1s     -41585.06246708          0.20835957          8.47237685          0.00003019          0.00099152
    15   L1s     -41585.09377658          0.18184111          5.20420582          0.00006828          0.00226270
    16   L1s     -41585.13801651          0.16648361          3.67595304          0.00010653          0.00305829
    17   L1s     -41585.17073698          0.17408721          4.97731332          0.00008693          0.00192109
    18   L1s     -41585.20619862          0.15547604          4.05650055          0.00010162          0.00210200
    19   L1s     -41585.23086884          0.20511859          9.04206957          0.00007666          0.00195399
    20   L1s     -41585.24374097          0.21052491         11.04609744          0.00004168          0.00099505
    21   L1s     -41585.27819281          0.17002352          5.49029071          0.00011567          0.00262782
    22   L0s     -41585.31050303          0.15782723          3.91150564          0.00011567          0.00233019
    23   L0s     -41585.33847171          0.14067501          3.39595173          0.00011567          0.00206790
----------------------------------------------------------------------------------------------------------------

Minimization converged.

-------------------  Conjugate Gradient Minimizer Statistics -------------------
Iterations             =             23  Function Calls         =             44
--------------------------------------------------------------------------------
