
#-----------------------------------------------------------------------------#
#                                                                             #
#                                EasyHybrid                                   #
#                   - A pDynamo graphical user interface -                    #
#                                                                             #
#-----------------------------------------------------------------------------#
#                                                                             #
#     Developed by Jose Fernando R Bachega and Luis Fernando S M Timmers      #
#                            <ferbachega@gmail.com>                           #
#                                                                             #
#             visit: https://sites.google.com/site/EasyHybrid/                #
#                   Univesity of Sao Paulo - SP, Brazil                       #
#      Pontifical Catholic University of Rio Grande do Sul - RS, Brazil       #
#                                                                             #
#                                                                             #
#   EasyHybrid team:                               Special thanks to:         #
#   - Jose Fernando R Bachega           |         - Fernando V Maluf          #
#   - Michele Silva                     |                                     #
#   - Luis Fernando S M Timmers         |                                     #
#   - Martin Field                      |         - Leonardo R Bachega        #
#   - Troy Wymore                       |         - Lucas Assirati            #
#   - Osmar Norberto de Souza           |         - Richard Garratt           #
#   - Walter R Paixao-Cortes            |                                     #
#                                                                             #
#   Cite this work as:                                                        #
#   J.F.R. Bachega, L.F.S.M. Timmers, L.Assirati, L.B. Bachega, M.J. Field,   #
#   T. Wymore. J. Comput. Chem. 2013, 34, 2190-2196. DOI: 10.1002/jcc.23346   #
#                                                                             #
#-----------------------------------------------------------------------------#

Generated on Wed Nov 29 16:30:51 2017


-------------------------------  Conjugate Gradient Minimizer Options ------------------------------
Beta Type                        =              1  Initial Step                     =            0.1
Line Searcher                    =           None  Log Frequency                    =              1
Maximum Iterations               =           5000  Maximum Theta                    =          1e+10
Minimum Theta                    =          1e-10  RMS Gradient Tolerance           =           0.15
Steepest Descent Tolerance       =          0.001  Use Spectral Theta               =           True
----------------------------------------------------------------------------------------------------

----------------------------------------------------------------------------------------------------------------
  Iteration       Function          RMS Gradient        Max. |Grad.|          RMS Disp.         Max. |Disp.|
----------------------------------------------------------------------------------------------------------------
     0     I     -41464.03824079         18.82585552       1419.58349368          0.00096615          0.07285354
     1   L1s     -41500.93397171          0.87274606         60.09235979          0.00036318          0.02422703
     2   L1s     -41501.83587272          0.96050941         62.17502501          0.00019358          0.01490381
     3   L1s     -41501.99607090          0.64964387         23.19744723          0.00004554          0.00179371
     4   L1s     -41502.23928468          0.37949745         11.06823092          0.00009886          0.00373651
     5   L1s     -41502.41884416          0.40965736         13.59085427          0.00011479          0.00464600
     6   L1s     -41502.54354574          0.58624298         37.39236456          0.00009794          0.00404877
     7   L1s     -41502.61243460          0.36364557         12.70244812          0.00005845          0.00278212
     8   L1s     -41502.74679939          0.28138303          7.29445700          0.00013335          0.00719861
     9   L0s     -41502.85904879          0.38014301         11.55815948          0.00013335          0.00745855
    10   L1s     -41502.92944533          0.60606365         40.76865927          0.00009077          0.00512863
    11   L1s     -41503.07907367          0.35409161          9.13443560          0.00019871          0.01122521
    12   L1s     -41503.23459364          0.32774207          8.97026646          0.00022187          0.01217802
    13   L1s     -41503.32606588          0.40541340         23.31485071          0.00014067          0.00750818
    14   L1s     -41503.36048868          0.32452663         14.94606377          0.00005525          0.00281080
    15   L1s     -41503.43871535          0.20610880          5.83617505          0.00013334          0.00595370
    16   L1s     -41503.49720078          0.21339766          7.18856594          0.00011276          0.00445731
    17   L1s     -41503.51550665          0.27250633         17.44951890          0.00003876          0.00142480
    18   L1s     -41503.53788449          0.18600261          5.92023693          0.00004980          0.00166923
    19   L1s     -41503.58857110          0.15667261          5.11358136          0.00012369          0.00405758
    20   L1s     -41503.61083803          0.19586475         12.34839925          0.00006054          0.00198337
    21   L1s     -41503.61900752          0.16631582          6.77356171          0.00002353          0.00077418
    22   L1s     -41503.64963146          0.16580034          5.58047801          0.00009469          0.00314761
    23   L1s     -41503.68340461          0.13616867          5.01014153          0.00011121          0.00362876
----------------------------------------------------------------------------------------------------------------

Minimization converged.

-------------------  Conjugate Gradient Minimizer Statistics -------------------
Iterations             =             23  Function Calls         =             46
--------------------------------------------------------------------------------
