
#-----------------------------------------------------------------------------#
#                                                                             #
#                                EasyHybrid                                   #
#                   - A pDynamo graphical user interface -                    #
#                                                                             #
#-----------------------------------------------------------------------------#
#                                                                             #
#     Developed by Jose Fernando R Bachega and Luis Fernando S M Timmers      #
#                            <ferbachega@gmail.com>                           #
#                                                                             #
#             visit: https://sites.google.com/site/EasyHybrid/                #
#                   Univesity of Sao Paulo - SP, Brazil                       #
#      Pontifical Catholic University of Rio Grande do Sul - RS, Brazil       #
#                                                                             #
#                                                                             #
#   EasyHybrid team:                               Special thanks to:         #
#   - Jose Fernando R Bachega           |         - Fernando V Maluf          #
#   - Michele Silva                     |                                     #
#   - Luis Fernando S M Timmers         |                                     #
#   - Martin Field                      |         - Leonardo R Bachega        #
#   - Troy Wymore                       |         - Lucas Assirati            #
#   - Osmar Norberto de Souza           |         - Richard Garratt           #
#   - Walter R Paixao-Cortes            |                                     #
#                                                                             #
#   Cite this work as:                                                        #
#   J.F.R. Bachega, L.F.S.M. Timmers, L.Assirati, L.B. Bachega, M.J. Field,   #
#   T. Wymore. J. Comput. Chem. 2013, 34, 2190-2196. DOI: 10.1002/jcc.23346   #
#                                                                             #
#-----------------------------------------------------------------------------#

Generated on Wed Nov 29 16:33:51 2017


-------------------------------  Conjugate Gradient Minimizer Options ------------------------------
Beta Type                        =              1  Initial Step                     =            0.1
Line Searcher                    =           None  Log Frequency                    =              1
Maximum Iterations               =           5000  Maximum Theta                    =          1e+10
Minimum Theta                    =          1e-10  RMS Gradient Tolerance           =           0.15
Steepest Descent Tolerance       =          0.001  Use Spectral Theta               =           True
----------------------------------------------------------------------------------------------------

----------------------------------------------------------------------------------------------------------------
  Iteration       Function          RMS Gradient        Max. |Grad.|          RMS Disp.         Max. |Disp.|
----------------------------------------------------------------------------------------------------------------
     0     I     -41475.13969106         18.58630189       1398.99265942          0.00096615          0.07272218
     1   L1s     -41510.67089075          1.15787023         83.20316459          0.00035434          0.02439807
     2   L1s     -41512.28719742          1.09578311         65.65897290          0.00026171          0.02009962
     3   L1s     -41512.54185070          0.95861606         42.75313744          0.00005862          0.00228531
     4   L1s     -41512.96163624          0.47590997         14.44924896          0.00012722          0.00499793
     5   L1s     -41513.29948470          0.54324089         17.56142419          0.00016823          0.00673172
     6   L1s     -41513.47348262          0.71823748         46.55466729          0.00010508          0.00448366
     7   L1s     -41513.57709135          0.40111286         12.69610437          0.00006821          0.00248366
     8   L1s     -41513.74158691          0.30682708          8.99613766          0.00013285          0.00524368
     9   L1s     -41513.83834985          0.35965240         13.81814188          0.00009776          0.00402261
    10   L1s     -41513.88179972          0.46607419         29.37208020          0.00004937          0.00208190
    11   L1s     -41514.00628441          0.31062882          9.90505798          0.00015002          0.00638042
    12   L1s     -41514.17294171          0.34283437          9.29907743          0.00022405          0.00915585
    13   L1s     -41514.24809741          0.57053348         37.55848202          0.00010902          0.00438787
    14   L1s     -41514.33377245          0.33214553         10.44697436          0.00012739          0.00480260
    15   L1s     -41514.43424140          0.27442083          7.91188211          0.00015963          0.00566046
    16   L0s     -41514.52619555          0.34632888         19.00247060          0.00015963          0.00542355
    17   L1s     -41514.55223004          0.31125567         15.53900784          0.00004723          0.00152312
    18   L1s     -41514.62730221          0.25895490          7.26191832          0.00014272          0.00431542
    19   L0s     -41514.70121555          0.21168204          6.01304884          0.00014272          0.00376333
    20   L1s     -41514.72241238          0.28659089         20.61307161          0.00004438          0.00108858
    21   L0s     -41514.74353310          0.15208698          4.13537336          0.00004438          0.00102607
    22   L1s     -41514.77895819          0.25149467         13.35532953          0.00007628          0.00171053
    23   L1s     -41514.79428743          0.24745730         12.44618507          0.00003525          0.00077634
    24   L1s     -41514.83134467          0.16134225          4.77842177          0.00008966          0.00193598
    25   L1s     -41514.85614167          0.30067330         21.78711226          0.00006644          0.00142111
    26   L1s     -41514.87592606          0.20282184          5.05284971          0.00005441          0.00113467
    27   L1s     -41514.93968256          0.25882699          9.38506500          0.00018503          0.00432469
    28   L1s     -41514.96419345          0.34611716         21.87416296          0.00007326          0.00178348
    29   L1s     -41515.01066186          0.22550861         10.76219600          0.00014115          0.00310195
    30   L1s     -41515.06360850          0.28477247         15.04839399          0.00016707          0.00373570
    31   L1s     -41515.08310982          0.29152026         15.35923839          0.00006286          0.00142118
    32   L1s     -41515.15683333          0.22246909          6.63309330          0.00024235          0.00472742
    33   L1s     -41515.19596452          0.40150388         25.88057507          0.00013292          0.00259098
    34   L0s     -41515.23530030          0.27297629         10.56492909          0.00013292          0.00257733
    35   L1s     -41515.32224769          0.29696915         12.95323915          0.00029490          0.00566706
    36   L1s     -41515.35158673          0.38038994         23.02254228          0.00010230          0.00195380
    37   L1s     -41515.41253142          0.21533884          5.95464335          0.00021465          0.00400222
    38   L1s     -41515.46150119          0.34502465         22.09050956          0.00017797          0.00328463
    39   L1s     -41515.48323401          0.22007522          7.87736745          0.00007986          0.00143655
    40   L1s     -41515.52802448          0.20585147          6.46776405          0.00016894          0.00294636
    41   L1s     -41515.55030970          0.33047820         22.66328932          0.00008648          0.00149444
    42   L1s     -41515.58351682          0.20198736          8.21744451          0.00013025          0.00239590
    43   L1s     -41515.62407034          0.21935982         11.47006278          0.00016365          0.00290660
    44   L1s     -41515.63533509          0.22191649         11.67251811          0.00004648          0.00078896
    45   L1s     -41515.67417540          0.19895258          5.98711422          0.00016354          0.00265671
    46   L0s     -41515.71326508          0.36609047         25.23668472          0.00016354          0.00263452
    47   L1s     -41515.74316969          0.22773372          8.08057484          0.00012884          0.00204252
    48   L1s     -41515.79761945          0.19554837          5.60347021          0.00025759          0.00388832
    49   L1s     -41515.81798232          0.32382709         21.87112394          0.00009827          0.00146710
    50   L1s     -41515.85299310          0.19749374          5.38059232          0.00017012          0.00256205
    51   L1s     -41515.90194174          0.23504265         11.29746452          0.00024261          0.00370188
    52   L1s     -41515.91715548          0.26377256         14.59287013          0.00007633          0.00116880
    53   L1s     -41515.95479036          0.17169384          5.36907457          0.00019070          0.00273294
    54   L1s     -41515.98732719          0.25840946         16.81413098          0.00016870          0.00229961
    55   L1s     -41516.00185372          0.22569187          8.38882500          0.00007604          0.00096123
    56   L1s     -41516.05625220          0.24105934          9.40253166          0.00028840          0.00360018
    57   L0s     -41516.10638083          0.38775305         25.67216348          0.00028840          0.00363653
    58   L1s     -41516.13045151          0.21029502          6.41380403          0.00013308          0.00173223
    59   L1s     -41516.17094331          0.21672427          9.87862860          0.00017804          0.00237838
    60   L1s     -41516.18744795          0.30008718         17.51064741          0.00007394          0.00100021
    61   L1s     -41516.23885529          0.21768465          6.64264134          0.00023252          0.00321046
    62   L1s     -41516.27879969          0.31105773         19.55748478          0.00018369          0.00255887
    63   L1s     -41516.29701862          0.21051674          7.97549308          0.00008450          0.00119873
    64   L1s     -41516.34730074          0.22594361          8.53856149          0.00023741          0.00341591
    65   L1s     -41516.37204595          0.37780666         23.47866914          0.00011851          0.00171300
    66   L1s     -41516.43607568          0.26700782         10.01626317          0.00030831          0.00448790
    67   L0s     -41516.50404463          0.32434748         19.26616843          0.00030831          0.00449676
    68   L1s     -41516.52680904          0.25896822         13.00126219          0.00010653          0.00155972
    69   L1s     -41516.58461020          0.22121563          5.96828998          0.00030537          0.00447182
    70   L1s     -41516.62919270          0.38337427         24.61924973          0.00023889          0.00349315
    71   L1s     -41516.65908407          0.23116783          6.98917895          0.00016077          0.00233469
    72   L1s     -41516.71886777          0.23187964          7.53035081          0.00032558          0.00466606
    73   L1s     -41516.74791477          0.39236141         25.73297626          0.00016004          0.00228050
    74   L1s     -41516.80255824          0.24436885          6.16127798          0.00030219          0.00421897
    75   L1s     -41516.86807485          0.27104145         12.38218194          0.00036670          0.00500697
    76   L1s     -41516.88722199          0.29159108         16.57564869          0.00010794          0.00144365
    77   L1s     -41516.93666794          0.21772695          5.72785092          0.00028055          0.00359167
    78   L0s     -41516.98969805          0.29557180         17.84386113          0.00028055          0.00349666
    79   L1s     -41517.00931407          0.23452198         11.23702544          0.00010861          0.00135589
    80   L1s     -41517.06012621          0.21121872          5.22001630          0.00032346          0.00411909
    81   L1s     -41517.11830309          0.27927316         13.10766103          0.00037405          0.00473281
    82   L1s     -41517.13903056          0.29749084         16.60775792          0.00013393          0.00168740
    83   L1s     -41517.19019286          0.20052491          6.55479123          0.00033213          0.00429010
    84   L1s     -41517.24655708          0.25428394         10.32916255          0.00036939          0.00474407
    85   L1s     -41517.26999298          0.34368348         20.80481075          0.00015458          0.00198130
    86   L1s     -41517.32795065          0.22500701          7.14703713          0.00038359          0.00500157
    87   L1s     -41517.37828679          0.21714922          6.21147861          0.00033483          0.00440917
    88   L1s     -41517.40501596          0.36451462         24.04168085          0.00017919          0.00236371
    89   L1s     -41517.44826182          0.21047590          5.46805980          0.00029086          0.00384523
    90   L0s     -41517.49176431          0.19675441          4.68659507          0.00029086          0.00395027
    91   L1s     -41517.52365066          0.34705669         23.57312912          0.00021505          0.00293348
    92   L1s     -41517.55118445          0.20923748          6.42577361          0.00018713          0.00255816
    93   L1s     -41517.61178636          0.21006226          6.33371677          0.00041539          0.00578386
    94   L1s     -41517.64695123          0.35268491         23.79654431          0.00024303          0.00339774
    95   L1s     -41517.67327404          0.19216881          4.94131573          0.00018253          0.00257263
    96   L1s     -41517.71591923          0.18586191          5.15910293          0.00029904          0.00429399
    97   L1s     -41517.74325592          0.27551515         16.19040504          0.00019387          0.00280302
    98   L1s     -41517.75928346          0.19592806          7.77008374          0.00011417          0.00166936
    99   L1s     -41517.80632204          0.20761789          7.38001490          0.00033822          0.00498231
   100   L1s     -41517.84691505          0.26639775         15.50322509          0.00029430          0.00437802
   101   L1s     -41517.86131722          0.21214142          9.08440503          0.00010486          0.00158444
   102   L1s     -41517.90425911          0.18936865          6.04566102          0.00031502          0.00478371
   103   L0s     -41517.94549176          0.26123491         14.11731922          0.00031502          0.00481660
   104   L1s     -41517.96057810          0.24269795         11.30692178          0.00011390          0.00175509
   105   L1s     -41518.00365326          0.17718678          4.96705319          0.00031492          0.00487844
   106   L0s     -41518.04330777          0.28579963         16.23868991          0.00031492          0.00489039
   107   L1s     -41518.05905071          0.23898068          9.75432527          0.00012000          0.00187016
   108   L1s     -41518.10855830          0.18859356          5.48990574          0.00034349          0.00542920
   109   L1s     -41518.13558699          0.29339198         19.72633322          0.00018962          0.00301102
   110   L1s     -41518.15437026          0.20592073          8.28938496          0.00013231          0.00211882
   111   L1s     -41518.20281549          0.21272937          6.77272216          0.00034425          0.00558778
   112   L1s     -41518.23302710          0.35050351         24.07870500          0.00021642          0.00353106
   113   L0s     -41518.26235571          0.20672383          5.57388788          0.00021642          0.00358426
   114   L1s     -41518.30998521          0.20212654          5.68519821          0.00037131          0.00625092
   115   L1s     -41518.34003960          0.34333905         22.52051359          0.00022968          0.00388827
   116   L0s     -41518.36742512          0.21995858          7.71949570          0.00022968          0.00393851
   117   L1s     -41518.41214618          0.18037819          4.18292596          0.00042409          0.00733368
   118   L1s     -41518.43531390          0.25862771         16.17942714          0.00019120          0.00332302
   119   L1s     -41518.45034792          0.18067632          6.55518948          0.00012448          0.00218818
   120   L1s     -41518.48303819          0.18734681          5.66083525          0.00027268          0.00483131
   121   L0s     -41518.51700638          0.25516318         15.28661291          0.00027268          0.00484685
   122   L1s     -41518.53224165          0.20380150          8.72728072          0.00012544          0.00224358
   123   L1s     -41518.56597645          0.17982747          4.69910309          0.00029957          0.00543370
   124   L1s     -41518.59605377          0.29766087         17.91002770          0.00026907          0.00490142
   125   L1s     -41518.61651239          0.20894038          7.33807070          0.00018329          0.00336500
   126   L1s     -41518.65050910          0.18892026          5.42098876          0.00030590          0.00567783
   127   L1s     -41518.67685382          0.27918201         16.45200814          0.00023805          0.00444203
   128   L1s     -41518.69465413          0.18774179          6.90351384          0.00016132          0.00304457
   129   L1s     -41518.72969224          0.18251728          4.66154918          0.00031978          0.00607855
   130   L1s     -41518.75134086          0.30611585         20.10280750          0.00019918          0.00379765
   131   L1s     -41518.78040806          0.21140765          5.95588935          0.00026796          0.00515087
   132   L1s     -41518.81681035          0.19702829          6.79182405          0.00033673          0.00651185
   133   L1s     -41518.83832400          0.30464977         19.25581739          0.00019957          0.00386632
   134   L1s     -41518.86753089          0.19286853          4.63212119          0.00027147          0.00528003
   135   L1s     -41518.90551815          0.20269231          8.80191141          0.00035508          0.00696920
   136   L1s     -41518.92056493          0.25424282         14.62189419          0.00014148          0.00279117
   137   L1s     -41518.94740509          0.17711506          3.82617943          0.00025311          0.00502190
   138   L0s     -41518.97551038          0.18015974          7.84288047          0.00025311          0.00505626
   139   L1s     -41518.98816140          0.23661930         13.90520786          0.00011489          0.00230731
   140   L1s     -41519.01580368          0.18072374          4.88928059          0.00025984          0.00528075
   141   L1s     -41519.04750411          0.20090287          9.46070823          0.00029922          0.00610947
   142   L1s     -41519.05905027          0.21617680         11.65491531          0.00010955          0.00224585
   143   L1s     -41519.08582023          0.16403969          4.50249592          0.00025510          0.00529440
   144   L1s     -41519.10812067          0.19252034          8.96245856          0.00021414          0.00447373
   145   L1s     -41519.11928465          0.21741222         11.68426034          0.00010774          0.00225935
   146   L1s     -41519.15349859          0.18364260          4.11531022          0.00033150          0.00695971
   147   L0s     -41519.18602028          0.27150593         14.76978858          0.00033150          0.00698937
   148   L1s     -41519.20219950          0.22550061          9.59607314          0.00016120          0.00342142
   149   L1s     -41519.24279872          0.20233616          6.43860929          0.00037999          0.00807419
   150   L1s     -41519.28795512          0.29423072         14.71931320          0.00042476          0.00904035
   151   L1s     -41519.31143459          0.29626899         15.06259421          0.00022095          0.00471555
   152   L1s     -41519.36688357          0.21041107          4.46893772          0.00052282          0.01127257
   153   L0s     -41519.41724614          0.29956811         16.07345264          0.00052282          0.01141933
   154   L1s     -41519.43730103          0.28045415         11.79098711          0.00019855          0.00445642
   155   L1s     -41519.48557299          0.23221448          6.79254497          0.00043123          0.01007391
   156   L1s     -41519.55035840          0.24908298          9.53305337          0.00058146          0.01407365
   157   L1s     -41519.57545866          0.33974904         20.15762057          0.00022555          0.00556247
   158   L1s     -41519.62166330          0.22918787          5.42594517          0.00041610          0.01069537
   159   L1s     -41519.67834636          0.24633977          7.47303784          0.00051242          0.01363169
   160   L1s     -41519.72568801          0.39528394         25.73242572          0.00042996          0.01159312
   161   L1s     -41519.76059432          0.23487393          6.51066001          0.00031693          0.00889252
   162   L1s     -41519.82273480          0.24735759          6.88585116          0.00056158          0.01638476
   163   L0s     -41519.88134552          0.35379988         20.59482750          0.00056158          0.01673215
   164   L1s     -41519.90772463          0.30019939         11.44413662          0.00024439          0.00750146
   165   L1s     -41519.98301069          0.27408982          6.16469888          0.00064211          0.02045100
   166   L1s     -41520.08044652          0.29926750          6.01498733          0.00083011          0.02731479
   167   L1s     -41520.20406218          0.36044269         14.22930227          0.00104064          0.03511534
   168   L1s     -41520.24770622          0.44432791         26.13269931          0.00036098          0.01238616
   169   L1s     -41520.33631681          0.29524550          7.29552530          0.00072775          0.02598424
   170   L0s     -41520.43300766          0.28231248          8.73788218          0.00072775          0.02708159
   171   L0s     -41520.52459108          0.42266511         22.99220308          0.00072775          0.02761937
   172   L1s     -41520.56251245          0.37496010         15.98389802          0.00029967          0.01166051
   173   L1s     -41520.67706334          0.31437204          6.21875717          0.00083766          0.03382030
   174   L0s     -41520.79415165          0.43673095         26.88145144          0.00083766          0.03444407
   175   L1s     -41520.82977159          0.32528409         11.20889940          0.00024214          0.01028294
   176   L1s     -41520.93123097          0.30240964          8.29758064          0.00065870          0.02897973
   177   L0s     -41521.03792305          0.28873826          9.00965092          0.00065870          0.03002444
   178   L1s     -41521.10048345          0.51281495         33.33261467          0.00039322          0.01811761
   179   L1s     -41521.17396523          0.32880568         12.01973292          0.00047379          0.02233673
   180   L1s     -41521.29118005          0.30905959          8.71678665          0.00072698          0.03490210
   181   L1s     -41521.36470403          0.52622903         36.63734588          0.00042966          0.02075943
   182   L1s     -41521.43056189          0.31912694         10.08073473          0.00038304          0.01883287
   183   L1s     -41521.55738216          0.32022556          7.90297092          0.00078200          0.03912821
   184   L0s     -41521.67108155          0.32972016         10.52168183          0.00078200          0.03936588
   185   L1s     -41521.70609857          0.41147964         24.98424569          0.00023507          0.01185110
   186   L1s     -41521.78085963          0.27627396          6.52069929          0.00047197          0.02372450
   187   L1s     -41521.87586959          0.29632536          9.40545914          0.00059763          0.03015083
   188   L1s     -41521.92448104          0.46148161         28.52757360          0.00030769          0.01555559
   189   L1s     -41521.98985112          0.26517833          6.75306327          0.00041664          0.02115089
   190   L1s     -41522.06930596          0.24944701          5.60864834          0.00051452          0.02587779
   191   L1s     -41522.13302271          0.39437324         23.53457878          0.00040919          0.02047012
   192   L1s     -41522.16516575          0.26745117          9.55078989          0.00020564          0.01016001
   193   L1s     -41522.24174056          0.25767150          6.00649213          0.00049545          0.02435698
   194   L0s     -41522.31267509          0.33869479         17.99129177          0.00049545          0.02431339
   195   L1s     -41522.33540806          0.27919261         12.02823984          0.00015655          0.00764105
   196   L1s     -41522.40435158          0.24500961          5.62819596          0.00043794          0.02091520
   197   L1s     -41522.48199412          0.26273981          9.88423801          0.00049147          0.02283866
   198   L0s     -41522.56246173          0.33613966         17.04207594          0.00049147          0.02253420
   199   L1s     -41522.59265092          0.34670397         17.90756434          0.00018687          0.00847357
   200   L1s     -41522.68654816          0.28720626         10.88298504          0.00060083          0.02690556
   201   L0s     -41522.78550391          0.25732173          5.81010865          0.00060083          0.02612794
   202   L0s     -41522.87650543          0.32576569          9.73201021          0.00060083          0.02551308
   203   L1s     -41522.91542794          0.44253872         28.12044663          0.00025876          0.01085088
   204   L1s     -41522.99916226          0.27327582          4.63732571          0.00052987          0.02154704
   205   L1s     -41523.10364171          0.29441040          8.09936992          0.00066879          0.02654600
   206   L1s     -41523.17814766          0.47491532         30.39240559          0.00047896          0.01881189
   207   L1s     -41523.22617656          0.28391871          8.15545134          0.00030931          0.01174567
   208   L1s     -41523.31211136          0.28887952          8.77572122          0.00055444          0.02031391
   209   L1s     -41523.41449474          0.33649416         14.52328011          0.00066283          0.02357444
   210   L1s     -41523.45158297          0.41836405         23.51794991          0.00024069          0.00838500
   211   L1s     -41523.55421456          0.29346316          5.10016027          0.00066820          0.02210991
   212   L0s     -41523.65815530          0.28283873          6.55281097          0.00066820          0.02098476
   213   L1s     -41523.72862537          0.51869942         33.14256444          0.00045019          0.01394091
   214   L0s     -41523.79229578          0.32765236         11.50684187          0.00045019          0.01354352
   215   L1s     -41523.89044402          0.33349692         11.23295937          0.00078956          0.02287410
   216   L1s     -41523.93653160          0.43192801         25.98417377          0.00033305          0.00941641
   217   L1s     -41524.00233025          0.26876764          6.64040750          0.00047574          0.01260296
   218   L1s     -41524.07527730          0.36558636         19.77967832          0.00052983          0.01371380
   219   L1s     -41524.11031716          0.34821903         15.43063881          0.00025511          0.00647036
   220   L1s     -41524.20646969          0.29756755          8.35781593          0.00070206          0.01741878
   221   L1s     -41524.26378045          0.44634111         28.18376863          0.00041853          0.01020625
   222   L0s     -41524.31568886          0.31742437         10.21860162          0.00041853          0.00984428
   223   L1s     -41524.38357194          0.33709588         15.94931331          0.00059759          0.01425686
   224   L1s     -41524.42047319          0.35281724         18.33622684          0.00029474          0.00713676
   225   L1s     -41524.47760574          0.28536005          9.02513555          0.00045629          0.01133688
   226   L1s     -41524.52817944          0.40256048         23.51201437          0.00040434          0.01014139
   227   L0s     -41524.57791497          0.32130885         12.27469228          0.00040434          0.01023833
   228   L1s     -41524.64541321          0.34604595         15.86127879          0.00055374          0.01415830
   229   L1s     -41524.68296921          0.34711513         18.11393477          0.00030400          0.00786866
   230   L1s     -41524.74717869          0.30972414         10.94236818          0.00052080          0.01374627
   231   L1s     -41524.79579030          0.40270965         23.41812296          0.00039547          0.01053009
   232   L1s     -41524.84991233          0.30414121          9.98019611          0.00044042          0.01183065
   233   L0s     -41524.90801372          0.32853003         17.55637903          0.00044042          0.01194298
   234   L1s     -41524.94693689          0.34463629         16.04553899          0.00029809          0.00818420
   235   L1s     -41525.01248150          0.33724131         14.53077337          0.00053565          0.01496061
   236   L1s     -41525.06609147          0.39279791         20.56805421          0.00043744          0.01233125
   237   L0s     -41525.11460279          0.33046798         15.15021532          0.00043744          0.01241642
   238   L0s     -41525.16014975          0.34375449         15.03740043          0.00043744          0.01249329
   239   L0s     -41525.20649481          0.38436136         20.46465098          0.00043744          0.01261471
   240   L0s     -41525.25571574          0.32174790         11.07929902          0.00043744          0.01285258
   241   L0s     -41525.31572499          0.33070593         17.00067759          0.00043744          0.01301081
   242   L1s     -41525.35505236          0.33942589         16.77571629          0.00029266          0.00876669
   243   L1s     -41525.41738473          0.33396871         13.27512073          0.00049748          0.01494712
   244   L1s     -41525.47032146          0.40196721         21.78568166          0.00042208          0.01275249
   245   L0s     -41525.52729003          0.31415256         10.82681979          0.00042208          0.01295678
   246   L1s     -41525.60564794          0.40909548         21.63542555          0.00055439          0.01715403
   247   L1s     -41525.65092864          0.35588192         15.83133770          0.00033406          0.01041230
   248   L1s     -41525.74607243          0.35637772         14.76676780          0.00070513          0.02205687
   249   L1s     -41525.79686827          0.42864677         22.83126440          0.00037739          0.01186507
   250   L1s     -41525.86518204          0.30565712         11.09579814          0.00050811          0.01625388
   251   L0s     -41525.93664773          0.40690062         22.00033157          0.00050811          0.01632141
   252   L1s     -41525.98551071          0.34695106         14.63256956          0.00035441          0.01138367
   253   L1s     -41526.06637932          0.35426069         16.95596426          0.00062455          0.02000284
   254   L1s     -41526.11328590          0.40346178         19.91276716          0.00036042          0.01155714
   255   L1s     -41526.18453760          0.34203999         12.81701391          0.00054717          0.01772289
   256   L0s     -41526.25596714          0.43519428         24.59429183          0.00054717          0.01779393
   257   L1s     -41526.30903219          0.32087187         12.20601136          0.00040960          0.01333907
   258   L1s     -41526.37843734          0.37272468         17.69960341          0.00054780          0.01785456
   259   L1s     -41526.42424550          0.37618012         18.92709928          0.00036202          0.01184489
   260   L1s     -41526.49616581          0.33088817         12.67536977          0.00056893          0.01883728
   261   L1s     -41526.54954665          0.42628414         23.13977024          0.00042103          0.01400400
   262   L1s     -41526.61535434          0.34053825         13.24852785          0.00051814          0.01719842
   263   L0s     -41526.68667600          0.37963721         18.87659256          0.00051814          0.01714947
   264   L1s     -41526.73940993          0.38522508         18.60111029          0.00038728          0.01283102
   265   L1s     -41526.81945149          0.38110705         17.24767796          0.00063147          0.02107996
   266   L1s     -41526.88032556          0.40551989         20.30733917          0.00048005          0.01608916
   267   L0s     -41526.93652679          0.36109954         16.48367958          0.00048005          0.01603670
   268   L0s     -41526.99445911          0.37668633         16.07648808          0.00048005          0.01591374
   269   L0s     -41527.06163342          0.36723406         18.53420129          0.00048005          0.01583920
   270   L1s     -41527.12073874          0.37721796         17.58840017          0.00043637          0.01443558
   271   L0s     -41527.17851033          0.33873475         15.00263612          0.00043637          0.01453799
   272   L1s     -41527.24476404          0.40713051         21.82035396          0.00049633          0.01655046
   273   L1s     -41527.30135775          0.37367619         14.20234316          0.00043896          0.01458530
   274   L1s     -41527.37713549          0.36327736         20.31270281          0.00058787          0.01949610
   275   L1s     -41527.42393388          0.38522852         15.67380355          0.00036057          0.01202546
   276   L1s     -41527.49961093          0.36665177         17.35669139          0.00058101          0.01980573
   277   L1s     -41527.56153090          0.42544997         21.29846436          0.00047191          0.01630554
   278   L0s     -41527.62567694          0.34623415         13.73209144          0.00047191          0.01655908
   279   L1s     -41527.70507032          0.43056828         22.27489036          0.00057142          0.02025233
   280   L1s     -41527.75898878          0.36236798         16.46720485          0.00039375          0.01417975
   281   L1s     -41527.84131779          0.37574869         15.64070151          0.00059832          0.02189688
   282   L1s     -41527.89375448          0.42348698         22.95488758          0.00038035          0.01405932
   283   L1s     -41527.98039911          0.36189966         13.71377696          0.00062838          0.02335852
   284   L1s     -41528.04681878          0.44310648         23.98110257          0.00048019          0.01790802
   285   L0s     -41528.10847982          0.36693165         16.24156037          0.00048019          0.01803558
   286   L1s     -41528.17709748          0.40290601         19.03056155          0.00054712          0.02068601
   287   L1s     -41528.23592551          0.38495065         17.92135000          0.00043533          0.01654668
   288   L0s     -41528.29817684          0.33094211         14.97585415          0.00043533          0.01656556
   289   L0s     -41528.35679724          0.44508895         23.99212066          0.00043533          0.01654243
   290   L0s     -41528.41455658          0.34739222         12.54050252          0.00043533          0.01647547
   291   L1s     -41528.50172366          0.39940233         19.75682477          0.00058477          0.02210531
   292   L1s     -41528.54715032          0.37366731         18.05950483          0.00029979          0.01130938
   293   L1s     -41528.63272393          0.33614815         11.76180991          0.00056210          0.02101390
   294   L1s     -41528.68744248          0.44980851         26.43849410          0.00035689          0.01326345
   295   L1s     -41528.76013108          0.31322269          9.97445641          0.00047312          0.01736519
   296   L0s     -41528.83054784          0.44305144         25.72215719          0.00047312          0.01724291
   297   L1s     -41528.87868379          0.32886603         10.84507589          0.00031575          0.01131512
   298   L1s     -41528.96864571          0.35081355         17.43669876          0.00054620          0.01910252
   299   L1s     -41529.01115891          0.40594659         20.03333192          0.00025835          0.00886198
   300   L1s     -41529.09518649          0.30846742          9.80434665          0.00051161          0.01698840
   301   L1s     -41529.16330154          0.45795228         27.72136914          0.00041355          0.01351095
   302   L1s     -41529.21788505          0.30776658          9.55206238          0.00033088          0.01038378
   303   L1s     -41529.30090475          0.35112128         16.36464978          0.00050155          0.01520216
   304   L1s     -41529.33775658          0.36719649         19.56464785          0.00022247          0.00652783
   305   L1s     -41529.42267955          0.29201822          8.28217745          0.00051315          0.01432037
   306   L1s     -41529.46968358          0.41261703         25.77355322          0.00028427          0.00770857
   307   L1s     -41529.52305621          0.28899981          8.05637900          0.00032324          0.00818862
   308   L1s     -41529.60203423          0.38872266         21.30609353          0.00048072          0.01171822
   309   L1s     -41529.64223478          0.34912139         15.45107334          0.00024511          0.00568979
   310   L1s     -41529.72800615          0.30777006         10.79457513          0.00052434          0.01136975
   311   L1s     -41529.77486900          0.43331755         26.11860395          0.00028754          0.00599929
   312   L1s     -41529.84274537          0.28287406          7.97933902          0.00041725          0.00784179
   313   L0s     -41529.90929249          0.40915315         23.20059779          0.00041725          0.00745573
   314   L1s     -41529.95085121          0.32079368         12.93518015          0.00025926          0.00424762
   315   L1s     -41530.04114693          0.33016812         13.10566298          0.00055257          0.00818607
   316   L1s     -41530.08428046          0.42724524         24.55238229          0.00026517          0.00367712
   317   L1s     -41530.17346878          0.31400416          8.86000146          0.00054947          0.00693957
   318   L1s     -41530.24656036          0.44371335         26.94130583          0.00045300          0.00568129
   319   L1s     -41530.29542532          0.31767590         10.40250352          0.00030330          0.00377388
   320   L1s     -41530.38865176          0.34898483         16.97252827          0.00058140          0.00725503
   321   L1s     -41530.43069273          0.41271835         21.29650196          0.00026302          0.00328147
   322   L1s     -41530.52379231          0.30702796          8.97748224          0.00058430          0.00713001
   323   L1s     -41530.58826014          0.45420891         28.77543746          0.00040659          0.00488703
   324   L1s     -41530.64346986          0.31404486          8.33231831          0.00034921          0.00405011
   325   L1s     -41530.74117609          0.37916134         20.16828856          0.00062127          0.00715491
   326   L1s     -41530.78167964          0.37919598         17.84198499          0.00025832          0.00297844
   327   L1s     -41530.87525283          0.31569705         11.16971850          0.00059783          0.00704053
   328   L1s     -41530.93301264          0.44980622         25.88248951          0.00037095          0.00442168
   329   L0s     -41530.99247824          0.30013077          9.86884783          0.00037095          0.00454151
   330   L1s     -41531.09189670          0.37902926         19.45618150          0.00059981          0.00740451
   331   L1s     -41531.12929520          0.36346697         17.43839611          0.00023060          0.00286641
   332   L1s     -41531.23049922          0.31212180          8.88313674          0.00062633          0.00785811
   333   L1s     -41531.29791457          0.49807867         32.11096175          0.00041915          0.00527627
   334   L0s     -41531.36403120          0.29218620          7.17859339          0.00041915          0.00531070
   335   L1s     -41531.44449512          0.35704588         18.61307895          0.00052966          0.00667008
   336   L1s     -41531.47952767          0.34938462         16.89365366          0.00022880          0.00285473
   337   L1s     -41531.56099680          0.29525164          9.76540688          0.00053390          0.00658574
   338   L1s     -41531.61914835          0.46240559         27.56375811          0.00038306          0.00473157
   339   L0s     -41531.67950030          0.27851293          8.15264172          0.00038306          0.00483468
   340   L1s     -41531.76979536          0.35003875         18.22200661          0.00053800          0.00689900
   341   L1s     -41531.80416521          0.36774421         17.52895189          0.00021037          0.00272779
   342   L1s     -41531.90263191          0.29464984          7.89962247          0.00060525          0.00779070
   343   L1s     -41531.97311196          0.45000807         27.14370559          0.00043630          0.00558458
   344   L1s     -41532.02075023          0.30867423         10.65250143          0.00029575          0.00373992
   345   L1s     -41532.11595873          0.29961352         10.54557654          0.00059469          0.00752452
   346   L1s     -41532.15726744          0.42363202         25.43217312          0.00025963          0.00333028
   347   L1s     -41532.22437115          0.27578314          7.31324299          0.00042273          0.00552894
   348   L1s     -41532.31292660          0.37517044         19.25290951          0.00056094          0.00741104
   349   L1s     -41532.34682174          0.33343361         16.58995062          0.00021530          0.00288106
   350   L1s     -41532.43286699          0.27605509          6.04500116          0.00054906          0.00747351
   351   L1s     -41532.49357233          0.46334684         30.75742629          0.00038995          0.00532994
   352   L1s     -41532.54791011          0.29082487          7.26279772          0.00034971          0.00481631
   353   L1s     -41532.64237485          0.31391999         14.08672194          0.00061156          0.00852071
   354   L1s     -41532.67575495          0.37486460         20.55971892          0.00021688          0.00303860
   355   L1s     -41532.74437480          0.27240848          6.62968781          0.00044707          0.00622667
   356   L1s     -41532.83251408          0.42353643         25.62506328          0.00057634          0.00801384
   357   L1s     -41532.87066150          0.30368975         11.18392855          0.00024998          0.00346546
   358   L1s     -41532.95676651          0.28868087          8.80829059          0.00056686          0.00777019
   359   L1s     -41533.00726999          0.44095928         28.17632629          0.00033449          0.00456213
   360   L0s     -41533.06250760          0.25301718          6.65770140          0.00033449          0.00451342
   361   L1s     -41533.14787042          0.28244837          9.54934270          0.00041745          0.00557737
   362   L1s     -41533.26037278          0.36950643         16.10156926          0.00058701          0.00777550
   363   L1s     -41533.30432074          0.44465863         25.36423840          0.00023036          0.00303071
   364   L1s     -41533.41003497          0.28510857          7.24278812          0.00055611          0.00716495
   365   L0s     -41533.51352407          0.28775625          9.39380050          0.00055611          0.00703777
   366   L1s     -41533.59929957          0.40289426         22.62760161          0.00046396          0.00583211
   367   L1s     -41533.63460076          0.32026620         14.04875481          0.00019052          0.00237205
   368   L1s     -41533.71521518          0.24958824          6.50163732          0.00043779          0.00536385
   369   L0s     -41533.80292225          0.26184411          6.45960338          0.00043779          0.00525581
   370   L1s     -41533.85807024          0.49728394         34.06327578          0.00028088          0.00335152
   371   L1s     -41533.93119816          0.28465289          8.30753431          0.00038375          0.00448840
   372   L1s     -41534.03634569          0.28029121          9.85149989          0.00055611          0.00641076
   373   L1s     -41534.11785023          0.31114326         14.35560030          0.00043443          0.00516698
   374   L1s     -41534.14477095          0.34077643         18.58573829          0.00014444          0.00175272
   375   L1s     -41534.22338886          0.26090892         11.31524250          0.00042417          0.00506692
   376   L0s     -41534.30584973          0.24613261          9.30134406          0.00042417          0.00494979
   377   L1s     -41534.37191742          0.41229753         26.62354541          0.00034147          0.00398257
   378   L1s     -41534.40933113          0.30637841          9.65913535          0.00019804          0.00232225
   379   L1s     -41534.50630828          0.25571579          7.83206495          0.00051650          0.00608190
   380   L1s     -41534.57735627          0.32877918         15.91943560          0.00038182          0.00445817
   381   L1s     -41534.60425544          0.32345275         16.97084458          0.00014541          0.00167521
   382   L1s     -41534.68758964          0.26531666          8.66887166          0.00045308          0.00500801
   383   L0s     -41534.77257706          0.27191141         10.25932817          0.00045308          0.00478917
   384   L1s     -41534.79919530          0.35587252         21.50200780          0.00014327          0.00147849
   385   L1s     -41534.86562200          0.25705432          9.70193327          0.00036515          0.00365360
   386   L1s     -41534.95244952          0.27849956         11.88899077          0.00048139          0.00453727
   387   L1s     -41534.99330441          0.42397459         26.94071883          0.00022810          0.00207443
   388   L1s     -41535.04870802          0.26096407          9.48100807          0.00031023          0.00254992
   389   L1s     -41535.12953181          0.25347196          8.38853301          0.00045590          0.00381627
   390   L1s     -41535.18273180          0.42431872         28.15938221          0.00030253          0.00257477
   391   L1s     -41535.22300298          0.25525946          7.01318633          0.00022963          0.00203665
   392   L1s     -41535.30012407          0.24358465          6.36228830          0.00044342          0.00408583
   393   L1s     -41535.36687748          0.41204236         27.05035224          0.00038749          0.00361293
   394   L1s     -41535.40150688          0.27332860          8.01100334          0.00020156          0.00192676
   395   L1s     -41535.47547720          0.24918000          9.95104298          0.00043361          0.00424820
   396   L0s     -41535.54857229          0.34129574         17.85680910          0.00043361          0.00428974
   397   L1s     -41535.57529836          0.30303256         14.65826171          0.00015894          0.00158940
   398   L1s     -41535.63927695          0.23442503          9.70088403          0.00038090          0.00385811
   399   L1s     -41535.71171175          0.28562809         11.24562912          0.00043469          0.00442667
   400   L1s     -41535.73997078          0.36850202         21.95512268          0.00017062          0.00174147
   401   L1s     -41535.81333492          0.24286582          8.06654359          0.00044473          0.00453601
   402   L0s     -41535.88491501          0.25811155          8.78176518          0.00044473          0.00451146
   403   L1s     -41535.91475021          0.37922280         24.00161727          0.00018610          0.00190689
   404   L1s     -41535.97002776          0.24639543          9.56322890          0.00034327          0.00362467
   405   L1s     -41536.04319850          0.23637035          7.63696991          0.00045773          0.00497425
   406   L1s     -41536.08524115          0.39868967         25.82326425          0.00026500          0.00290207
   407   L0s     -41536.12485418          0.27178743          9.03453665          0.00026500          0.00293306
   408   L1s     -41536.20261253          0.22920054          5.62326188          0.00055521          0.00616325
   409   L1s     -41536.25453108          0.30365889         17.83714540          0.00034332          0.00379801
   410   L1s     -41536.27487347          0.24869514         10.17296417          0.00013507          0.00148527
   411   L1s     -41536.33315028          0.21883210          4.76297296          0.00038956          0.00428545
   412   L0s     -41536.39497182          0.24504111         11.05065840          0.00038956          0.00427290
   413   L1s     -41536.41620094          0.30814635         17.70618369          0.00013678          0.00151349
   414   L1s     -41536.47460435          0.22920678          4.43918727          0.00039471          0.00442634
   415   L1s     -41536.54222431          0.22993854          6.88166548          0.00046053          0.00552621
   416   L1s     -41536.56902577          0.36232944         23.30793140          0.00018378          0.00225396
   417   L1s     -41536.61960197          0.20240967          3.40356438          0.00034781          0.00438193
   418   L0s     -41536.66940219          0.20916597          5.07310084          0.00034781          0.00455699
   419   L1s     -41536.70078516          0.35973181         23.68686429          0.00022096          0.00291563
   420   L1s     -41536.73633823          0.21757380          4.92385527          0.00025048          0.00330529
   421   L1s     -41536.79372061          0.22019101          8.66749896          0.00040748          0.00537395
   422   L1s     -41536.83444578          0.31564282         19.67040256          0.00029128          0.00383362
   423   L1s     -41536.85636814          0.22806282          7.62006100          0.00015726          0.00205312
   424   L1s     -41536.90593902          0.19556248          4.71482432          0.00035800          0.00451985
   425   L0s     -41536.95351891          0.28966310         15.66124804          0.00035800          0.00450844
   426   L1s     -41536.97222117          0.25319344         11.38864506          0.00013883          0.00174451
   427   L1s     -41537.02349588          0.18935095          2.85688521          0.00036758          0.00447810
   428   L0s     -41537.07688110          0.21636863          7.11026558          0.00036758          0.00451757
   429   L1s     -41537.09983431          0.32975500         21.03909622          0.00016122          0.00197986
   430   L1s     -41537.14377990          0.21172282          4.40643029          0.00031641          0.00379445
   431   L1s     -41537.19657271          0.20499866          5.46372710          0.00038342          0.00475063
   432   L0s     -41537.25186346          0.23886041         11.56295893          0.00038342          0.00484160
   433   L1s     -41537.27023686          0.27815706         15.19171739          0.00013017          0.00166557
   434   L1s     -41537.31354251          0.20277926          5.84609523          0.00032100          0.00418681
   435   L1s     -41537.36492064          0.20228073          5.07525734          0.00038406          0.00507592
   436   L0s     -41537.41480857          0.26208126         13.03960305          0.00038406          0.00510512
   437   L1s     -41537.43228646          0.26590159         13.36158116          0.00013386          0.00178709
   438   L1s     -41537.47884455          0.19272821          3.36570240          0.00035036          0.00468752
   439   L0s     -41537.52926445          0.17341226          2.86525493          0.00035036          0.00463883
   440   L0s     -41537.57792416          0.23172138          8.98065063          0.00035036          0.00459300
   441   L1s     -41537.59648274          0.29817881         17.44285061          0.00013879          0.00180623
   442   L1s     -41537.63839307          0.19431454          3.34401137          0.00030624          0.00389446
   443   L1s     -41537.69240303          0.19655168          3.59652934          0.00039834          0.00491694
   444   L1s     -41537.73900482          0.18782781          5.27090945          0.00034639          0.00411254
   445   L0s     -41537.78180549          0.25786933         12.50280013          0.00034639          0.00400952
   446   L1s     -41537.79576013          0.22819305         11.17138608          0.00010941          0.00122083
   447   L1s     -41537.83005900          0.18172216          6.03578512          0.00024626          0.00257031
   448   L1s     -41537.87196831          0.18918685          4.26490514          0.00030408          0.00295355
   449   L1s     -41537.90259301          0.32257384         21.11033613          0.00022422          0.00216945
   450   L1s     -41537.92552636          0.18727892          4.83878686          0.00016840          0.00160076
   451   L1s     -41537.97414445          0.18440865          4.14123824          0.00036028          0.00331711
   452   L1s     -41538.01375134          0.22129536          9.83039189          0.00029617          0.00265791
   453   L1s     -41538.02783103          0.24895545         14.02924798          0.00010594          0.00093122
   454   L1s     -41538.06741287          0.17498538          4.54105088          0.00029939          0.00252247
   455   L0s     -41538.10434157          0.19587949          6.54450996          0.00029939          0.00243949
   456   L1s     -41538.13585573          0.29416312         18.17884523          0.00025408          0.00204085
   457   L1s     -41538.15381008          0.18833580          6.21116032          0.00014163          0.00109844
   458   L1s     -41538.18981421          0.16988971          4.01221766          0.00028631          0.00224077
   459   L0s     -41538.22716748          0.17385512          4.90658733          0.00028631          0.00231056
   460   L1s     -41538.24580197          0.29168227         19.05616612          0.00014466          0.00118306
   461   L1s     -41538.27328238          0.18162158          4.86714089          0.00021757          0.00186418
   462   L1s     -41538.31322556          0.17702526          5.43529194          0.00031911          0.00289753
   463   L0s     -41538.35279092          0.16364058          4.31214180          0.00031911          0.00303953
   464   L1s     -41538.38233131          0.27829494         17.36683407          0.00024062          0.00228118
   465   L1s     -41538.39858810          0.18939924          6.36771597          0.00013283          0.00122679
   466   L1s     -41538.43318980          0.16779685          7.70159398          0.00028477          0.00264117
   467   L0s     -41538.46459203          0.17976984          8.35267083          0.00028477          0.00264867
   468   L0s     -41538.49605799          0.16874729          5.32271749          0.00028477          0.00260222
   469   L1s     -41538.51000031          0.26178033         16.69044946          0.00011561          0.00106465
   470   L1s     -41538.53605722          0.15623632          2.88178666          0.00021651          0.00203026
   471   L1s     -41538.56698917          0.15640103          3.08906809          0.00025963          0.00245666
   472   L0s     -41538.59912020          0.20103788          9.58253420          0.00025963          0.00245855
   473   L1s     -41538.61104074          0.21933063         12.20243448          0.00009888          0.00093651
   474   L1s     -41538.64232686          0.16910653          6.10289222          0.00027178          0.00256613
   475   L0s     -41538.67352569          0.16394980          6.19915140          0.00027178          0.00253505
   476   L1s     -41538.69565929          0.24993027         15.75411826          0.00019445          0.00179973
   477   L1s     -41538.70919993          0.16523659          5.33932728          0.00011968          0.00108547
   478   L1s     -41538.74041358          0.15591331          3.96553720          0.00027804          0.00247072
   479   L0s     -41538.77172334          0.17165973          6.45144916          0.00027804          0.00241686
   480   L1s     -41538.78305543          0.23251509         14.02529678          0.00010161          0.00087954
   481   L1s     -41538.80898666          0.16124346          3.97432767          0.00023496          0.00203154
   482   L1s     -41538.84117547          0.15519164          3.43529782          0.00029419          0.00252848
   483   L1s     -41538.86581380          0.21600379         12.60554283          0.00022707          0.00193971
   484   L1s     -41538.87619096          0.17739658          7.40133274          0.00009605          0.00081155
   485   L1s     -41538.90185585          0.15530451          5.37472450          0.00023913          0.00197987
   486   L1s     -41538.93153539          0.15686157          4.17965522          0.00027880          0.00225728
   487   L1s     -41538.95069687          0.25590539         16.61598535          0.00018141          0.00145605
   488   L1s     -41538.96578497          0.15539799          3.77126980          0.00014326          0.00112207
   489   L1s     -41538.99494033          0.14574176          3.23750832          0.00027903          0.00212107
----------------------------------------------------------------------------------------------------------------

Minimization converged.

-------------------  Conjugate Gradient Minimizer Statistics -------------------
Iterations             =            489  Function Calls         =            899
--------------------------------------------------------------------------------
