
#-----------------------------------------------------------------------------#
#                                                                             #
#                                EasyHybrid                                   #
#                   - A pDynamo graphical user interface -                    #
#                                                                             #
#-----------------------------------------------------------------------------#
#                                                                             #
#     Developed by Jose Fernando R Bachega and Luis Fernando S M Timmers      #
#                            <ferbachega@gmail.com>                           #
#                                                                             #
#             visit: https://sites.google.com/site/EasyHybrid/                #
#                   Univesity of Sao Paulo - SP, Brazil                       #
#      Pontifical Catholic University of Rio Grande do Sul - RS, Brazil       #
#                                                                             #
#                                                                             #
#   EasyHybrid team:                               Special thanks to:         #
#   - Jose Fernando R Bachega           |         - Fernando V Maluf          #
#   - Michele Silva                     |                                     #
#   - Luis Fernando S M Timmers         |                                     #
#   - Martin Field                      |         - Leonardo R Bachega        #
#   - Troy Wymore                       |         - Lucas Assirati            #
#   - Osmar Norberto de Souza           |         - Richard Garratt           #
#   - Walter R Paixao-Cortes            |                                     #
#                                                                             #
#   Cite this work as:                                                        #
#   J.F.R. Bachega, L.F.S.M. Timmers, L.Assirati, L.B. Bachega, M.J. Field,   #
#   T. Wymore. J. Comput. Chem. 2013, 34, 2190-2196. DOI: 10.1002/jcc.23346   #
#                                                                             #
#-----------------------------------------------------------------------------#

Generated on Wed Nov 29 16:23:51 2017


-------------------------------  Conjugate Gradient Minimizer Options ------------------------------
Beta Type                        =              1  Initial Step                     =            0.1
Line Searcher                    =           None  Log Frequency                    =              1
Maximum Iterations               =           5000  Maximum Theta                    =          1e+10
Minimum Theta                    =          1e-10  RMS Gradient Tolerance           =           0.15
Steepest Descent Tolerance       =          0.001  Use Spectral Theta               =           True
----------------------------------------------------------------------------------------------------

----------------------------------------------------------------------------------------------------------------
  Iteration       Function          RMS Gradient        Max. |Grad.|          RMS Disp.         Max. |Disp.|
----------------------------------------------------------------------------------------------------------------
     0     I     -41537.03696930         18.13170416       1294.24006201          0.00096615          0.06896372
     1   L1s     -41573.62592704          0.91738027         56.28602230          0.00037772          0.02239616
     2   L1s     -41574.85386553          0.75104354         35.24390035          0.00024744          0.01346603
     3   L1s     -41575.29038145          0.62846347         25.99907221          0.00013884          0.00719832
     4   L1s     -41575.53563721          0.91071823         57.52744732          0.00010661          0.00529271
     5   L0s     -41575.74847108          0.59127900         22.48527689          0.00010661          0.00510062
     6   L1s     -41576.10591841          0.45576843         13.58849270          0.00021781          0.01064716
     7   L1s     -41576.22939416          0.66941654         41.20692874          0.00008962          0.00444232
     8   L0s     -41576.35281343          0.38393007         14.40499245          0.00008962          0.00450683
     9   L1s     -41576.49713946          0.30358611          9.26104438          0.00011537          0.00676295
    10   L0s     -41576.59978862          0.56111529         37.83377739          0.00011537          0.00694145
    11   L1s     -41576.65710862          0.32155387         12.27665912          0.00006363          0.00379719
    12   L1s     -41576.72624918          0.21458025          7.67755342          0.00007408          0.00378753
    13   L1s     -41576.75402876          0.30865909         22.28169926          0.00003834          0.00182068
    14   L0s     -41576.77718387          0.21761505          8.94532983          0.00003834          0.00160915
    15   L1s     -41576.81750837          0.17294329          5.39537634          0.00007866          0.00290812
    16   L1s     -41576.84440150          0.19090391          8.66333790          0.00005728          0.00203095
    17   L1s     -41576.85454167          0.19606212          9.94051422          0.00002376          0.00082383
    18   L1s     -41576.87879158          0.14621727          4.74490832          0.00006136          0.00196708
----------------------------------------------------------------------------------------------------------------

Minimization converged.

-------------------  Conjugate Gradient Minimizer Statistics -------------------
Iterations             =             18  Function Calls         =             33
--------------------------------------------------------------------------------
