
#-----------------------------------------------------------------------------#
#                                                                             #
#                                EasyHybrid                                   #
#                   - A pDynamo graphical user interface -                    #
#                                                                             #
#-----------------------------------------------------------------------------#
#                                                                             #
#     Developed by Jose Fernando R Bachega and Luis Fernando S M Timmers      #
#                            <ferbachega@gmail.com>                           #
#                                                                             #
#             visit: https://sites.google.com/site/EasyHybrid/                #
#                   Univesity of Sao Paulo - SP, Brazil                       #
#      Pontifical Catholic University of Rio Grande do Sul - RS, Brazil       #
#                                                                             #
#                                                                             #
#   EasyHybrid team:                               Special thanks to:         #
#   - Jose Fernando R Bachega           |         - Fernando V Maluf          #
#   - Michele Silva                     |                                     #
#   - Luis Fernando S M Timmers         |                                     #
#   - Martin Field                      |         - Leonardo R Bachega        #
#   - Troy Wymore                       |         - Lucas Assirati            #
#   - Osmar Norberto de Souza           |         - Richard Garratt           #
#   - Walter R Paixao-Cortes            |                                     #
#                                                                             #
#   Cite this work as:                                                        #
#   J.F.R. Bachega, L.F.S.M. Timmers, L.Assirati, L.B. Bachega, M.J. Field,   #
#   T. Wymore. J. Comput. Chem. 2013, 34, 2190-2196. DOI: 10.1002/jcc.23346   #
#                                                                             #
#-----------------------------------------------------------------------------#

Generated on Wed Nov 29 16:28:43 2017


-------------------------------  Conjugate Gradient Minimizer Options ------------------------------
Beta Type                        =              1  Initial Step                     =            0.1
Line Searcher                    =           None  Log Frequency                    =              1
Maximum Iterations               =           5000  Maximum Theta                    =          1e+10
Minimum Theta                    =          1e-10  RMS Gradient Tolerance           =           0.15
Steepest Descent Tolerance       =          0.001  Use Spectral Theta               =           True
----------------------------------------------------------------------------------------------------

----------------------------------------------------------------------------------------------------------------
  Iteration       Function          RMS Gradient        Max. |Grad.|          RMS Disp.         Max. |Disp.|
----------------------------------------------------------------------------------------------------------------
     0     I     -41410.09737451         18.91626368       1430.00729342          0.00096615          0.07303774
     1   L1s     -41450.57898664          0.82368147         34.97413198          0.00039678          0.01740235
     2   L1s     -41451.02869214          0.58065273         35.84380009          0.00010210          0.00547991
     3   L1s     -41451.13980819          0.71983447         39.95079479          0.00004323          0.00288201
     4   L1s     -41451.48499839          0.43715849         15.07798085          0.00016170          0.00815712
     5   L1s     -41451.67385957          0.34179302         11.89435509          0.00012122          0.00429752
     6   L0s     -41451.82412067          0.47950938         27.95420968          0.00012122          0.00445082
     7   L1s     -41451.87815920          0.36981332         17.72209056          0.00004968          0.00181979
     8   L1s     -41451.97562917          0.30095505          9.83169616          0.00010840          0.00302044
     9   L1s     -41452.07393108          0.28016754          9.85171390          0.00012507          0.00299604
    10   L1s     -41452.13134596          0.44779998         32.31549669          0.00008227          0.00195168
    11   L0s     -41452.18254938          0.28428614         10.35080790          0.00008227          0.00205519
    12   L1s     -41452.25430980          0.23459184          9.14572319          0.00013432          0.00376333
    13   L1s     -41452.27783989          0.31144005         20.11734151          0.00004466          0.00134399
    14   L1s     -41452.31843345          0.21000751          7.31244614          0.00008083          0.00229791
    15   L1s     -41452.36018606          0.24549469         12.68337537          0.00009119          0.00235459
    16   L1s     -41452.37999596          0.27527050         15.20338997          0.00004581          0.00110958
    17   L1s     -41452.42462596          0.17920941          4.66055190          0.00010756          0.00262721
    18   L1s     -41452.44966724          0.24068123         14.46689977          0.00006573          0.00159721
    19   L1s     -41452.46593520          0.21791956          9.42713593          0.00004452          0.00111017
    20   L1s     -41452.50769089          0.18962210          6.25393165          0.00011977          0.00284556
    21   L1s     -41452.53266890          0.28078389         17.44801730          0.00007572          0.00175813
    22   L1s     -41452.55319402          0.17521400          6.28591984          0.00006371          0.00140752
    23   L1s     -41452.58893119          0.19950422          7.90896701          0.00011726          0.00249001
    24   L1s     -41452.60551533          0.25317943         15.57654600          0.00005656          0.00120234
    25   L1s     -41452.63051247          0.15361767          4.32778077          0.00008721          0.00175424
    26   L0s     -41452.65250964          0.19239535          9.01619578          0.00008721          0.00163949
    27   L1s     -41452.66163638          0.17389557          9.76235929          0.00003620          0.00061516
    28   L1s     -41452.67985191          0.13682320          4.44320379          0.00006937          0.00109729
----------------------------------------------------------------------------------------------------------------

Minimization converged.

-------------------  Conjugate Gradient Minimizer Statistics -------------------
Iterations             =             28  Function Calls         =             54
--------------------------------------------------------------------------------
