
#-----------------------------------------------------------------------------#
#                                                                             #
#                                EasyHybrid                                   #
#                   - A pDynamo graphical user interface -                    #
#                                                                             #
#-----------------------------------------------------------------------------#
#                                                                             #
#     Developed by Jose Fernando R Bachega and Luis Fernando S M Timmers      #
#                            <ferbachega@gmail.com>                           #
#                                                                             #
#             visit: https://sites.google.com/site/EasyHybrid/                #
#                   Univesity of Sao Paulo - SP, Brazil                       #
#      Pontifical Catholic University of Rio Grande do Sul - RS, Brazil       #
#                                                                             #
#                                                                             #
#   EasyHybrid team:                               Special thanks to:         #
#   - Jose Fernando R Bachega           |         - Fernando V Maluf          #
#   - Michele Silva                     |                                     #
#   - Luis Fernando S M Timmers         |                                     #
#   - Martin Field                      |         - Leonardo R Bachega        #
#   - Troy Wymore                       |         - Lucas Assirati            #
#   - Osmar Norberto de Souza           |         - Richard Garratt           #
#   - Walter R Paixao-Cortes            |                                     #
#                                                                             #
#   Cite this work as:                                                        #
#   J.F.R. Bachega, L.F.S.M. Timmers, L.Assirati, L.B. Bachega, M.J. Field,   #
#   T. Wymore. J. Comput. Chem. 2013, 34, 2190-2196. DOI: 10.1002/jcc.23346   #
#                                                                             #
#-----------------------------------------------------------------------------#

Generated on Wed Nov 29 16:27:47 2017


-------------------------------  Conjugate Gradient Minimizer Options ------------------------------
Beta Type                        =              1  Initial Step                     =            0.1
Line Searcher                    =           None  Log Frequency                    =              1
Maximum Iterations               =           5000  Maximum Theta                    =          1e+10
Minimum Theta                    =          1e-10  RMS Gradient Tolerance           =           0.15
Steepest Descent Tolerance       =          0.001  Use Spectral Theta               =           True
----------------------------------------------------------------------------------------------------

----------------------------------------------------------------------------------------------------------------
  Iteration       Function          RMS Gradient        Max. |Grad.|          RMS Disp.         Max. |Disp.|
----------------------------------------------------------------------------------------------------------------
     0     I     -41401.71526363         18.90274473       1430.29163220          0.00096615          0.07310451
     1   L1s     -41442.59612494          0.85501150         26.41685086          0.00040268          0.01308378
     2   L1s     -41443.03295394          0.44310629         21.76571961          0.00009578          0.00469220
     3   L1s     -41443.20940494          0.87092580         52.37801319          0.00008336          0.00512915
     4   L1s     -41443.43653500          0.48759781         15.68256112          0.00011790          0.00549529
     5   L1s     -41443.67967283          0.33200978          9.44033799          0.00015754          0.00475202
     6   L1s     -41443.81818077          0.36493231         12.25986546          0.00011943          0.00386588
     7   L1s     -41443.88367886          0.50652643         32.97337182          0.00006562          0.00208113
     8   L1s     -41443.97068247          0.32827972          9.80199700          0.00009287          0.00238537
     9   L1s     -41444.11431917          0.29184311          7.48993351          0.00017354          0.00399025
    10   L1s     -41444.19591568          0.27772955          9.98350114          0.00011125          0.00283661
    11   L1s     -41444.24194697          0.40830025         28.46271349          0.00006996          0.00182799
    12   L0s     -41444.28836984          0.21903095          4.91873098          0.00006996          0.00188332
    13   L1s     -41444.34875659          0.23940007          8.43279308          0.00009536          0.00255752
    14   L1s     -41444.37757823          0.34415828         22.14486247          0.00005181          0.00135130
    15   L1s     -41444.41753452          0.21798149          6.13943699          0.00007503          0.00174559
    16   L1s     -41444.47465642          0.21295106          7.86309947          0.00011790          0.00270098
    17   L1s     -41444.49535539          0.30263380         19.94667697          0.00004640          0.00105550
    18   L1s     -41444.53079955          0.18078257          6.62428331          0.00008241          0.00196132
    19   L1s     -41444.57372772          0.21187200          8.08360217          0.00010925          0.00245938
    20   L1s     -41444.59101912          0.27515537         17.63470309          0.00004657          0.00098715
    21   L1s     -41444.62866078          0.22762741          8.56193524          0.00010453          0.00202391
    22   L1s     -41444.69032173          0.23942554          8.59679042          0.00017857          0.00344900
    23   L1s     -41444.71669553          0.35106983         23.15093764          0.00007911          0.00151059
    24   L1s     -41444.76982040          0.19061641          3.99103663          0.00016182          0.00302063
    25   L0s     -41444.82313670          0.23873113         13.15312239          0.00016182          0.00299924
    26   L1s     -41444.83980494          0.24606564         13.49377803          0.00005334          0.00096837
    27   L1s     -41444.87872357          0.19973956          8.12441452          0.00013407          0.00273813
    28   L1s     -41444.92296485          0.22670123         10.39871540          0.00015794          0.00316390
    29   L1s     -41444.93993412          0.27511133         16.58847545          0.00006216          0.00122005
    30   L1s     -41444.99458277          0.23137892          6.69646650          0.00020367          0.00408264
    31   L0s     -41445.05141310          0.24856128         11.03024626          0.00020367          0.00417721
    32   L1s     -41445.07545689          0.33096766         20.86509504          0.00008904          0.00183072
    33   L1s     -41445.15488655          0.27079772          6.89635398          0.00030809          0.00598295
    34   L1s     -41445.24701916          0.30714168         13.59728287          0.00036313          0.00744724
    35   L1s     -41445.27853244          0.35530076         21.46373650          0.00012576          0.00264038
    36   L1s     -41445.33823578          0.25270744          6.27747736          0.00024049          0.00467183
    37   L1s     -41445.43702467          0.30912982         12.65959577          0.00040472          0.00801277
    38   L1s     -41445.47669261          0.42760109         26.80911582          0.00016406          0.00327155
    39   L1s     -41445.56619073          0.28066293          7.39168521          0.00037243          0.00719251
    40   L0s     -41445.64581834          0.28264738          9.77952361          0.00037243          0.00716828
    41   L1s     -41445.67466681          0.35241137         22.20870817          0.00013542          0.00260828
    42   L1s     -41445.72437300          0.25427003          7.57489127          0.00022043          0.00426444
    43   L1s     -41445.80030276          0.23935962          6.28515841          0.00034134          0.00633622
    44   L1s     -41445.85935778          0.31866227         20.57698432          0.00026929          0.00507386
    45   L1s     -41445.87967501          0.20919224          7.94133737          0.00009343          0.00183851
    46   L1s     -41445.92820631          0.20155648          4.03997208          0.00022738          0.00411792
    47   L0s     -41445.97894982          0.21998416          9.22905461          0.00022738          0.00429154
    48   L1s     -41446.00115065          0.30251739         18.86973396          0.00010241          0.00197055
    49   L1s     -41446.03870792          0.18758008          6.77010466          0.00018078          0.00337436
    50   L0s     -41446.07848876          0.17616097          4.88330203          0.00018078          0.00326050
    51   L1s     -41446.10540291          0.30494400         20.15275511          0.00012476          0.00225912
    52   L0s     -41446.12961162          0.20555879          7.07389901          0.00012476          0.00230696
    53   L1s     -41446.16965385          0.16908364          3.78601008          0.00022601          0.00383373
    54   L1s     -41446.19711285          0.15482418          4.61216821          0.00014220          0.00246075
    55   L1s     -41446.21137475          0.24289662         16.35272280          0.00007585          0.00131202
    56   L1s     -41446.23157943          0.16037102          3.27359990          0.00010857          0.00175111
    57   L1s     -41446.26457356          0.17031294          4.93385138          0.00018141          0.00295031
    58   L1s     -41446.30054677          0.20368389          7.85593784          0.00020182          0.00329220
    59   L1s     -41446.31621708          0.25340938         16.48106825          0.00008911          0.00145391
    60   L1s     -41446.34689605          0.17935739          4.39884041          0.00017592          0.00285240
    61   L1s     -41446.38836601          0.17679716          3.48702195          0.00024153          0.00393067
    62   L1s     -41446.42364200          0.22918441         12.68598819          0.00020877          0.00341999
    63   L1s     -41446.43718949          0.21060647         10.49844267          0.00008092          0.00133631
    64   L1s     -41446.47041811          0.18067304          5.01170746          0.00020061          0.00333130
    65   L1s     -41446.51108754          0.19638181          4.86821518          0.00024912          0.00414777
    66   L1s     -41446.54621441          0.24461363         15.54710689          0.00021775          0.00362606
    67   L1s     -41446.55950407          0.18440348          7.33618201          0.00008301          0.00138002
    68   L1s     -41446.59338278          0.15845400          2.87504565          0.00021442          0.00351323
    69   L1s     -41446.63328890          0.19233646          4.41023008          0.00025700          0.00417826
    70   L1s     -41446.65741462          0.29193540         20.29241048          0.00015708          0.00254771
    71   L0s     -41446.68119890          0.18068610          4.63349816          0.00015708          0.00254012
    72   L1s     -41446.71538458          0.18423835          5.94976623          0.00023192          0.00375130
    73   L1s     -41446.75367126          0.22023103         10.97623805          0.00026060          0.00422234
    74   L1s     -41446.76844492          0.23595633         13.37002540          0.00010131          0.00164400
    75   L1s     -41446.80185005          0.17208511          4.11193048          0.00023059          0.00374835
    76   L1s     -41446.84625679          0.20985297          5.88272090          0.00031044          0.00506228
    77   L1s     -41446.87839967          0.33122424         21.56738683          0.00022648          0.00370353
    78   L0s     -41446.90765044          0.22531091          8.57550673          0.00022648          0.00373736
    79   L1s     -41446.95135436          0.21183631          6.70920334          0.00037481          0.00624865
    80   L1s     -41446.97475482          0.28747076         18.68808229          0.00018078          0.00302730
    81   L1s     -41447.00241685          0.19524656          5.56949762          0.00021439          0.00361360
    82   L1s     -41447.03370973          0.18913935          7.71792016          0.00024435          0.00412728
    83   L1s     -41447.05036338          0.26419198         16.35518436          0.00013106          0.00221356
    84   L1s     -41447.08373082          0.18452637          4.64914441          0.00026370          0.00443193
    85   L1s     -41447.11065180          0.19186275         10.17057269          0.00021458          0.00358001
    86   L1s     -41447.12163437          0.19531900         10.14118989          0.00008814          0.00145939
    87   L1s     -41447.14944240          0.17614422          4.78336656          0.00022477          0.00369007
    88   L1s     -41447.17400697          0.22361894         12.74758391          0.00020032          0.00327789
    89   L1s     -41447.18754177          0.19007506          9.04704158          0.00011092          0.00181062
    90   L1s     -41447.21483983          0.15361119          3.64421890          0.00022533          0.00368621
    91   L1s     -41447.23226400          0.23688080         15.98219794          0.00014541          0.00238344
    92   L0s     -41447.24841305          0.17896547          6.45182368          0.00014541          0.00239655
    93   L1s     -41447.27299212          0.18883420          7.85480961          0.00023410          0.00387544
    94   L1s     -41447.28944900          0.23424410         14.06063913          0.00014766          0.00245001
    95   L1s     -41447.31016535          0.17365314          5.74211458          0.00018659          0.00310320
    96   L1s     -41447.33612669          0.21441581         11.55046539          0.00023557          0.00391218
    97   L1s     -41447.34984272          0.20031060         10.19239018          0.00012504          0.00207010
    98   L1s     -41447.37672283          0.18375030          6.01732214          0.00024629          0.00404979
    99   L1s     -41447.39689227          0.23625032         14.86989563          0.00018599          0.00304412
   100   L1s     -41447.41373651          0.17954916          6.35405080          0.00015590          0.00255021
   101   L1s     -41447.44088691          0.19413748          8.85997418          0.00025289          0.00416472
   102   L1s     -41447.45575868          0.22633914         13.42337103          0.00013928          0.00230488
   103   L1s     -41447.47897929          0.16749997          4.48108236          0.00021829          0.00364310
   104   L0s     -41447.50059567          0.23993321         15.16808514          0.00021829          0.00365662
   105   L1s     -41447.51613395          0.20291640          7.10232283          0.00015231          0.00256096
   106   L1s     -41447.54824127          0.18457456          6.54799524          0.00028986          0.00488720
   107   L1s     -41447.57068872          0.27156522         17.04419170          0.00020394          0.00344285
   108   L0s     -41447.59236337          0.18486817          6.55716312          0.00020394          0.00345358
   109   L1s     -41447.62032635          0.18757898          8.38055391          0.00027415          0.00465722
   110   L1s     -41447.63351980          0.21387327         12.37557384          0.00012588          0.00214347
   111   L1s     -41447.65450365          0.16808320          5.32591236          0.00020102          0.00343464
   112   L1s     -41447.68017119          0.22340995         12.28433204          0.00024741          0.00423150
   113   L1s     -41447.69366949          0.18433476          9.29685646          0.00013061          0.00223614
   114   L1s     -41447.71594025          0.15838600          4.24876232          0.00021672          0.00371309
   115   L1s     -41447.73193196          0.22436702         15.11885683          0.00015679          0.00268783
   116   L0s     -41447.74787713          0.17218519          4.93462596          0.00015679          0.00269083
   117   L1s     -41447.77664798          0.19660028          9.73698075          0.00028450          0.00488635
   118   L1s     -41447.79096883          0.22051911         12.31447658          0.00014236          0.00244578
   119   L1s     -41447.81268562          0.15969560          4.71643001          0.00021665          0.00372199
   120   L0s     -41447.83365894          0.21169820         12.51558709          0.00021665          0.00372278
   121   L1s     -41447.84528528          0.17195930          7.31228852          0.00011906          0.00204665
   122   L1s     -41447.86634995          0.14837589          4.59062506          0.00020809          0.00358585
----------------------------------------------------------------------------------------------------------------

Minimization converged.

-------------------  Conjugate Gradient Minimizer Statistics -------------------
Iterations             =            122  Function Calls         =            231
--------------------------------------------------------------------------------
