
#-----------------------------------------------------------------------------#
#                                                                             #
#                                EasyHybrid                                   #
#                   - A pDynamo graphical user interface -                    #
#                                                                             #
#-----------------------------------------------------------------------------#
#                                                                             #
#     Developed by Jose Fernando R Bachega and Luis Fernando S M Timmers      #
#                            <ferbachega@gmail.com>                           #
#                                                                             #
#             visit: https://sites.google.com/site/EasyHybrid/                #
#                   Univesity of Sao Paulo - SP, Brazil                       #
#      Pontifical Catholic University of Rio Grande do Sul - RS, Brazil       #
#                                                                             #
#                                                                             #
#   EasyHybrid team:                               Special thanks to:         #
#   - Jose Fernando R Bachega           |         - Fernando V Maluf          #
#   - Michele Silva                     |                                     #
#   - Luis Fernando S M Timmers         |                                     #
#   - Martin Field                      |         - Leonardo R Bachega        #
#   - Troy Wymore                       |         - Lucas Assirati            #
#   - Osmar Norberto de Souza           |         - Richard Garratt           #
#   - Walter R Paixao-Cortes            |                                     #
#                                                                             #
#   Cite this work as:                                                        #
#   J.F.R. Bachega, L.F.S.M. Timmers, L.Assirati, L.B. Bachega, M.J. Field,   #
#   T. Wymore. J. Comput. Chem. 2013, 34, 2190-2196. DOI: 10.1002/jcc.23346   #
#                                                                             #
#-----------------------------------------------------------------------------#

Generated on Wed Nov 29 16:23:17 2017


-------------------------------  Conjugate Gradient Minimizer Options ------------------------------
Beta Type                        =              1  Initial Step                     =            0.1
Line Searcher                    =           None  Log Frequency                    =              1
Maximum Iterations               =           5000  Maximum Theta                    =          1e+10
Minimum Theta                    =          1e-10  RMS Gradient Tolerance           =           0.15
Steepest Descent Tolerance       =          0.001  Use Spectral Theta               =           True
----------------------------------------------------------------------------------------------------

----------------------------------------------------------------------------------------------------------------
  Iteration       Function          RMS Gradient        Max. |Grad.|          RMS Disp.         Max. |Disp.|
----------------------------------------------------------------------------------------------------------------
     0     I     -41541.21898825         17.74130062       1254.07760621          0.00096615          0.06829413
     1   L1s     -41577.44758283          0.97977383         56.54893371          0.00038216          0.02120429
     2   L1s     -41578.91358699          0.72338393         26.57838061          0.00027682          0.01558485
     3   L1s     -41579.40650437          0.72251123         28.94290240          0.00015721          0.00909573
     4   L1s     -41579.57486919          0.78587020         42.36118701          0.00006884          0.00387200
     5   L1s     -41579.86252707          0.56565973         23.57205864          0.00013634          0.00700973
     6   L1s     -41580.18225414          0.39721519         12.71501287          0.00018523          0.00917399
     7   L1s     -41580.34798598          0.49561612         24.02542489          0.00012326          0.00622132
     8   L1s     -41580.41392406          0.45234041         21.94451300          0.00005513          0.00289224
     9   L1s     -41580.51123063          0.27944760          8.90876199          0.00009088          0.00556456
    10   L1s     -41580.64334124          0.25073217         10.34775651          0.00015172          0.00959347
    11   L1s     -41580.68701779          0.32183082         23.06465881          0.00005961          0.00363622
    12   L1s     -41580.70902105          0.19065958          8.52360549          0.00003264          0.00171138
    13   L1s     -41580.74533741          0.19165135          6.70544422          0.00006462          0.00290491
    14   L1s     -41580.78982509          0.16457112          4.55734232          0.00009023          0.00387645
    15   L1s     -41580.80716619          0.26107585         17.01363785          0.00004026          0.00171825
    16   L1s     -41580.82808675          0.17520402          3.90342336          0.00005081          0.00210592
    17   L1s     -41580.86227910          0.14325675          3.43800259          0.00009065          0.00317537
----------------------------------------------------------------------------------------------------------------

Minimization converged.

-------------------  Conjugate Gradient Minimizer Statistics -------------------
Iterations             =             17  Function Calls         =             35
--------------------------------------------------------------------------------
