
#-----------------------------------------------------------------------------#
#                                                                             #
#                                EasyHybrid                                   #
#                   - A pDynamo graphical user interface -                    #
#                                                                             #
#-----------------------------------------------------------------------------#
#                                                                             #
#     Developed by Jose Fernando R Bachega and Luis Fernando S M Timmers      #
#                            <ferbachega@gmail.com>                           #
#                                                                             #
#             visit: https://sites.google.com/site/EasyHybrid/                #
#                   Univesity of Sao Paulo - SP, Brazil                       #
#      Pontifical Catholic University of Rio Grande do Sul - RS, Brazil       #
#                                                                             #
#                                                                             #
#   EasyHybrid team:                               Special thanks to:         #
#   - Jose Fernando R Bachega           |         - Fernando V Maluf          #
#   - Michele Silva                     |                                     #
#   - Luis Fernando S M Timmers         |                                     #
#   - Martin Field                      |         - Leonardo R Bachega        #
#   - Troy Wymore                       |         - Lucas Assirati            #
#   - Osmar Norberto de Souza           |         - Richard Garratt           #
#   - Walter R Paixao-Cortes            |                                     #
#                                                                             #
#   Cite this work as:                                                        #
#   J.F.R. Bachega, L.F.S.M. Timmers, L.Assirati, L.B. Bachega, M.J. Field,   #
#   T. Wymore. J. Comput. Chem. 2013, 34, 2190-2196. DOI: 10.1002/jcc.23346   #
#                                                                             #
#-----------------------------------------------------------------------------#

Generated on Wed Nov 29 16:27:29 2017


-------------------------------  Conjugate Gradient Minimizer Options ------------------------------
Beta Type                        =              1  Initial Step                     =            0.1
Line Searcher                    =           None  Log Frequency                    =              1
Maximum Iterations               =           5000  Maximum Theta                    =          1e+10
Minimum Theta                    =          1e-10  RMS Gradient Tolerance           =           0.15
Steepest Descent Tolerance       =          0.001  Use Spectral Theta               =           True
----------------------------------------------------------------------------------------------------

----------------------------------------------------------------------------------------------------------------
  Iteration       Function          RMS Gradient        Max. |Grad.|          RMS Disp.         Max. |Disp.|
----------------------------------------------------------------------------------------------------------------
     0     I     -41404.99176456         18.86061139       1426.82718550          0.00096615          0.07309035
     1   L1s     -41445.45653955          0.74720736         25.47796494          0.00040117          0.01367521
     2   L1s     -41445.76166658          0.34476094         15.57925701          0.00007656          0.00260765
     3   L1s     -41445.93466020          0.57341217         41.26994004          0.00010341          0.00582697
     4   L1s     -41446.01048144          0.44836700         15.92542094          0.00005157          0.00154587
     5   L1s     -41446.18429882          0.28480502          7.88635185          0.00013857          0.00358133
     6   L1s     -41446.27585308          0.29752218          9.62914102          0.00009448          0.00219481
     7   L1s     -41446.39016049          0.38595704         12.77675495          0.00013817          0.00359920
     8   L1s     -41446.46922614          0.60546720         41.12840789          0.00010279          0.00245424
     9   L1s     -41446.63245164          0.35360434         11.04805088          0.00021795          0.00509215
    10   L1s     -41446.74244935          0.28127366          8.77528796          0.00015739          0.00355441
    11   L0s     -41446.84353090          0.28237613          9.08664056          0.00015739          0.00408364
    12   L1s     -41446.90945648          0.41696965         28.58674825          0.00011169          0.00298836
    13   L1s     -41446.94896384          0.26061401          7.86777516          0.00006955          0.00191000
    14   L1s     -41447.03679199          0.22919523          7.47469702          0.00016711          0.00405172
    15   L0s     -41447.11248673          0.26009625          8.09925668          0.00016711          0.00385190
    16   L1s     -41447.19722672          0.24678109          5.89508099          0.00019288          0.00442618
    17   L1s     -41447.24440527          0.41919530         29.51024567          0.00010733          0.00248148
    18   L0s     -41447.29105692          0.21588460          5.77535888          0.00010733          0.00217971
    19   L1s     -41447.35310084          0.22452209          9.81447474          0.00014968          0.00291745
    20   L1s     -41447.39851662          0.19495768          5.86832741          0.00011636          0.00206786
    21   L1s     -41447.42302178          0.31914346         22.22810766          0.00006701          0.00115815
    22   L1s     -41447.45569154          0.18537134          4.86715071          0.00009136          0.00154482
    23   L1s     -41447.50138965          0.17989866          3.92732495          0.00013588          0.00248327
    24   L1s     -41447.53526215          0.16472840          5.89293795          0.00010667          0.00195605
    25   L1s     -41447.54735772          0.22942106         15.04223722          0.00004048          0.00074888
    26   L1s     -41447.57026947          0.16023091          4.97206726          0.00007892          0.00155594
    27   L1s     -41447.60026907          0.17392070          5.32221574          0.00010912          0.00213017
    28   L1s     -41447.64037608          0.18573955          5.59901936          0.00015209          0.00297577
    29   L1s     -41447.65710045          0.26779042         18.52197250          0.00006556          0.00129399
    30   L1s     -41447.68558338          0.18147745          5.28175914          0.00011343          0.00230019
    31   L1s     -41447.72900892          0.18340993          5.04511456          0.00017862          0.00344261
    32   L0s     -41447.77025687          0.19800193          7.72157266          0.00017862          0.00361114
    33   L1s     -41447.78783206          0.27707388         17.44281663          0.00007764          0.00158628
    34   L1s     -41447.81944681          0.17132962          4.60354937          0.00013978          0.00269677
    35   L1s     -41447.85868780          0.16452287          4.01601467          0.00017870          0.00359424
    36   L0s     -41447.89782951          0.15561564          3.78995821          0.00017870          0.00346804
    37   L1s     -41447.91401572          0.24165697         17.56175401          0.00007634          0.00147830
    38   L0s     -41447.93035056          0.14118236          4.00408135          0.00007634          0.00156322
----------------------------------------------------------------------------------------------------------------

Minimization converged.

-------------------  Conjugate Gradient Minimizer Statistics -------------------
Iterations             =             38  Function Calls         =             71
--------------------------------------------------------------------------------
