
#-----------------------------------------------------------------------------#
#                                                                             #
#                                EasyHybrid                                   #
#                   - A pDynamo graphical user interface -                    #
#                                                                             #
#-----------------------------------------------------------------------------#
#                                                                             #
#     Developed by Jose Fernando R Bachega and Luis Fernando S M Timmers      #
#                            <ferbachega@gmail.com>                           #
#                                                                             #
#             visit: https://sites.google.com/site/EasyHybrid/                #
#                   Univesity of Sao Paulo - SP, Brazil                       #
#      Pontifical Catholic University of Rio Grande do Sul - RS, Brazil       #
#                                                                             #
#                                                                             #
#   EasyHybrid team:                               Special thanks to:         #
#   - Jose Fernando R Bachega           |         - Fernando V Maluf          #
#   - Michele Silva                     |                                     #
#   - Luis Fernando S M Timmers         |                                     #
#   - Martin Field                      |         - Leonardo R Bachega        #
#   - Troy Wymore                       |         - Lucas Assirati            #
#   - Osmar Norberto de Souza           |         - Richard Garratt           #
#   - Walter R Paixao-Cortes            |                                     #
#                                                                             #
#   Cite this work as:                                                        #
#   J.F.R. Bachega, L.F.S.M. Timmers, L.Assirati, L.B. Bachega, M.J. Field,   #
#   T. Wymore. J. Comput. Chem. 2013, 34, 2190-2196. DOI: 10.1002/jcc.23346   #
#                                                                             #
#-----------------------------------------------------------------------------#

Generated on Wed Nov 29 16:25:01 2017


-------------------------------  Conjugate Gradient Minimizer Options ------------------------------
Beta Type                        =              1  Initial Step                     =            0.1
Line Searcher                    =           None  Log Frequency                    =              1
Maximum Iterations               =           5000  Maximum Theta                    =          1e+10
Minimum Theta                    =          1e-10  RMS Gradient Tolerance           =           0.15
Steepest Descent Tolerance       =          0.001  Use Spectral Theta               =           True
----------------------------------------------------------------------------------------------------

----------------------------------------------------------------------------------------------------------------
  Iteration       Function          RMS Gradient        Max. |Grad.|          RMS Disp.         Max. |Disp.|
----------------------------------------------------------------------------------------------------------------
     0     I     -41510.21680634         18.64940754       1352.04638125          0.00096615          0.07004401
     1   L1s     -41547.23982932          0.75820996         50.58490940          0.00037168          0.02419533
     2   L1s     -41548.00360741          0.69430129         40.53388916          0.00018644          0.01157852
     3   L1s     -41548.32690868          0.47597510         20.76757468          0.00011685          0.00512265
     4   L1s     -41548.62927398          0.44185461         18.37593325          0.00016116          0.00702901
     5   L1s     -41548.91982323          0.45801750         17.33373457          0.00019758          0.00831258
     6   L1s     -41548.99610608          0.59724063         35.91431413          0.00006037          0.00264100
     7   L1s     -41549.14987360          0.36628715         12.21227178          0.00013089          0.00645338
     8   L0s     -41549.27876786          0.31337381          9.79629889          0.00013089          0.00755887
     9   L1s     -41549.44131993          0.36154290         10.31858771          0.00019086          0.01135120
    10   L1s     -41549.55692609          0.29813231          8.74657697          0.00014726          0.00837194
    11   L1s     -41549.60506115          0.42371239         30.02081447          0.00006835          0.00377350
    12   L0s     -41549.64910908          0.24138012          6.81143204          0.00006835          0.00346516
    13   L1s     -41549.71356712          0.24352357          8.08881251          0.00011872          0.00553925
    14   L1s     -41549.75290231          0.37798691         23.16323305          0.00007671          0.00344062
    15   L1s     -41549.78669920          0.19408454          5.90621592          0.00006800          0.00258888
    16   L1s     -41549.82550361          0.19469709          6.76959705          0.00008651          0.00333499
    17   L1s     -41549.84880327          0.29264677         17.96053205          0.00005657          0.00228990
    18   L0s     -41549.86977541          0.17195228          5.67917343          0.00005657          0.00259660
    19   L1s     -41549.89625131          0.20117925          8.39683820          0.00008491          0.00394971
    20   L1s     -41549.91111114          0.24432860         13.49052721          0.00004766          0.00220971
    21   L1s     -41549.93713839          0.16588511          5.32714271          0.00008578          0.00389186
    22   L1s     -41549.95772747          0.21454926         11.26548486          0.00007168          0.00318893
    23   L1s     -41549.96871245          0.16621341          7.61471323          0.00003944          0.00167990
    24   L1s     -41549.98892937          0.14591068          4.85786847          0.00007609          0.00291311
----------------------------------------------------------------------------------------------------------------

Minimization converged.

-------------------  Conjugate Gradient Minimizer Statistics -------------------
Iterations             =             24  Function Calls         =             46
--------------------------------------------------------------------------------
