
#-----------------------------------------------------------------------------#
#                                                                             #
#                                EasyHybrid                                   #
#                   - A pDynamo graphical user interface -                    #
#                                                                             #
#-----------------------------------------------------------------------------#
#                                                                             #
#     Developed by Jose Fernando R Bachega and Luis Fernando S M Timmers      #
#                            <ferbachega@gmail.com>                           #
#                                                                             #
#             visit: https://sites.google.com/site/EasyHybrid/                #
#                   Univesity of Sao Paulo - SP, Brazil                       #
#      Pontifical Catholic University of Rio Grande do Sul - RS, Brazil       #
#                                                                             #
#                                                                             #
#   EasyHybrid team:                               Special thanks to:         #
#   - Jose Fernando R Bachega           |         - Fernando V Maluf          #
#   - Michele Silva                     |                                     #
#   - Luis Fernando S M Timmers         |                                     #
#   - Martin Field                      |         - Leonardo R Bachega        #
#   - Troy Wymore                       |         - Lucas Assirati            #
#   - Osmar Norberto de Souza           |         - Richard Garratt           #
#   - Walter R Paixao-Cortes            |                                     #
#                                                                             #
#   Cite this work as:                                                        #
#   J.F.R. Bachega, L.F.S.M. Timmers, L.Assirati, L.B. Bachega, M.J. Field,   #
#   T. Wymore. J. Comput. Chem. 2013, 34, 2190-2196. DOI: 10.1002/jcc.23346   #
#                                                                             #
#-----------------------------------------------------------------------------#

Generated on Wed Nov 29 16:32:44 2017


-------------------------------  Conjugate Gradient Minimizer Options ------------------------------
Beta Type                        =              1  Initial Step                     =            0.1
Line Searcher                    =           None  Log Frequency                    =              1
Maximum Iterations               =           5000  Maximum Theta                    =          1e+10
Minimum Theta                    =          1e-10  RMS Gradient Tolerance           =           0.15
Steepest Descent Tolerance       =          0.001  Use Spectral Theta               =           True
----------------------------------------------------------------------------------------------------

----------------------------------------------------------------------------------------------------------------
  Iteration       Function          RMS Gradient        Max. |Grad.|          RMS Disp.         Max. |Disp.|
----------------------------------------------------------------------------------------------------------------
     0     I     -41480.64864664         18.70044776       1409.95684786          0.00096615          0.07284475
     1   L1s     -41516.30442708          1.11387905         80.49144582          0.00035338          0.02453416
     2   L1s     -41517.78892097          1.07669475         66.43866109          0.00024989          0.01931308
     3   L1s     -41518.01184233          0.86524312         36.16999680          0.00005273          0.00196388
     4   L1s     -41518.38952482          0.45975861         14.94694259          0.00012158          0.00438016
     5   L1s     -41518.68574360          0.52257555         17.08536164          0.00015392          0.00588959
     6   L1s     -41518.85528865          0.71421763         46.16202590          0.00010683          0.00418970
     7   L1s     -41518.95664275          0.40393788         14.06556474          0.00006922          0.00273849
     8   L1s     -41519.12501134          0.30546477          7.60866906          0.00013912          0.00605410
     9   L1s     -41519.22740455          0.36054605         12.39143232          0.00010524          0.00476918
    10   L1s     -41519.27492119          0.48942201         32.05727307          0.00005471          0.00253003
    11   L1s     -41519.38764116          0.32387614          9.49955658          0.00013673          0.00640506
    12   L1s     -41519.54636105          0.34913777         10.72348306          0.00021301          0.00976171
    13   L1s     -41519.65617649          0.52322655         32.44433616          0.00015866          0.00714895
    14   L1s     -41519.71106428          0.36636628         14.09793631          0.00008167          0.00351281
    15   L1s     -41519.82822683          0.26436222          8.71776042          0.00018425          0.00712239
    16   L0s     -41519.93782236          0.29219833         12.51386993          0.00018425          0.00641854
    17   L1s     -41519.96512756          0.36713539         22.67290457          0.00004944          0.00160682
    18   L1s     -41520.04139111          0.28107387          9.16733695          0.00014544          0.00419681
    19   L1s     -41520.12622840          0.22325049          6.63459893          0.00017104          0.00471150
    20   L1s     -41520.15787116          0.29470694         20.65866397          0.00006902          0.00188805
    21   L1s     -41520.17511627          0.18688204          5.60481081          0.00003916          0.00106576
    22   L1s     -41520.22382698          0.22058715          6.79989920          0.00012092          0.00332179
    23   L1s     -41520.27747637          0.21520796          8.53199314          0.00014079          0.00383103
    24   L1s     -41520.28983239          0.24542759         15.83169320          0.00003412          0.00091924
    25   L1s     -41520.33909844          0.21461656          5.84992393          0.00014116          0.00369376
    26   L1s     -41520.43616797          0.26817384          7.98560629          0.00029101          0.00717217
    27   L1s     -41520.47272257          0.43984047         29.47639411          0.00011242          0.00270174
    28   L1s     -41520.54262749          0.24145306          5.70861145          0.00021706          0.00478013
    29   L1s     -41520.63441007          0.30238818          9.00269206          0.00029378          0.00630077
    30   L0s     -41520.71787790          0.46236359         31.49654086          0.00029378          0.00626359
    31   L1s     -41520.75227511          0.28492962          7.67318458          0.00011665          0.00248723
    32   L1s     -41520.84339171          0.32841984         11.18170924          0.00025873          0.00550338
    33   L1s     -41520.92349825          0.59869546         42.91953100          0.00023217          0.00493141
    34   L0s     -41521.01102815          0.30097812          8.39468254          0.00023217          0.00477498
    35   L1s     -41521.08664132          0.34940202         20.77355415          0.00014787          0.00298621
    36   L1s     -41521.11089851          0.28829142         12.45957500          0.00005140          0.00101358
    37   L1s     -41521.17657600          0.24361348          8.84873406          0.00014555          0.00278710
    38   L1s     -41521.20860398          0.39267724         27.50714951          0.00007509          0.00142335
    39   L1s     -41521.24998452          0.21141520          6.51270664          0.00009899          0.00181896
    40   L1s     -41521.30013043          0.31285185         19.30365011          0.00012771          0.00238115
    41   L1s     -41521.31864775          0.23836233          9.68869095          0.00004841          0.00093917
    42   L1s     -41521.36399502          0.19904610          5.93643738          0.00012384          0.00245865
    43   L1s     -41521.38367281          0.32062881         21.88951931          0.00005688          0.00112327
    44   L1s     -41521.41714274          0.20866264          6.53218504          0.00009871          0.00181920
    45   L1s     -41521.47234796          0.34383247         21.94436968          0.00017023          0.00300168
    46   L1s     -41521.49515719          0.26219406          9.84910812          0.00007143          0.00118973
    47   L1s     -41521.54619047          0.20032655          6.64433026          0.00016381          0.00271898
    48   L1s     -41521.56585927          0.33048342         22.79197019          0.00006571          0.00108867
    49   L1s     -41521.60583945          0.21691595          8.76991896          0.00013547          0.00222473
    50   L1s     -41521.65261320          0.30531141         19.69829731          0.00016358          0.00266861
    51   L1s     -41521.66962291          0.21789636          8.99579450          0.00006039          0.00097183
    52   L1s     -41521.70763094          0.18820818          6.66955607          0.00013878          0.00219006
    53   L1s     -41521.72515122          0.30708242         21.48896805          0.00006627          0.00105564
    54   L1s     -41521.75718680          0.18833617          6.15930682          0.00012274          0.00199903
    55   L1s     -41521.79975027          0.32353603         20.38710700          0.00016853          0.00276170
    56   L1s     -41521.82005521          0.24051480          8.96977304          0.00008125          0.00134452
    57   L1s     -41521.87181403          0.21328326          6.20042650          0.00021096          0.00352009
    58   L1s     -41521.89023099          0.30914992         20.94867285          0.00007672          0.00128443
    59   L1s     -41521.92466686          0.19747948          6.51030598          0.00014494          0.00243970
    60   L1s     -41521.96614382          0.30638944         19.68441672          0.00017891          0.00301522
    61   L1s     -41521.98333270          0.21428823          7.50046200          0.00007489          0.00126436
    62   L1s     -41522.02958644          0.21708696          6.80663444          0.00020553          0.00347076
    63   L1s     -41522.04906387          0.32539930         22.99811243          0.00008811          0.00148761
    64   L1s     -41522.09093102          0.20820955          6.11082895          0.00019094          0.00321669
    65   L1s     -41522.13986521          0.37555542         23.54132720          0.00022762          0.00382878
    66   L1s     -41522.16732812          0.26169267          9.08240197          0.00012845          0.00215193
    67   L1s     -41522.23796367          0.27223713          9.16409038          0.00033419          0.00556309
    68   L1s     -41522.26500657          0.37282124         24.68244552          0.00012932          0.00214433
    69   L1s     -41522.31798232          0.20832788          5.31054601          0.00025477          0.00416012
    70   L1s     -41522.35857493          0.35019719         22.21035809          0.00019871          0.00322500
    71   L1s     -41522.38295359          0.24253859          8.55871624          0.00012002          0.00192195
    72   L1s     -41522.44360689          0.24878805          9.90440609          0.00030250          0.00477411
    73   L1s     -41522.46529452          0.33972407         21.22336868          0.00010951          0.00171430
    74   L1s     -41522.51652799          0.20901833          8.13776154          0.00026023          0.00397924
    75   L1s     -41522.55654925          0.35119904         23.37234633          0.00020664          0.00313190
    76   L1s     -41522.57968068          0.20930606          7.17484855          0.00012005          0.00177298
    77   L1s     -41522.62273867          0.22904955          8.68258382          0.00022661          0.00327050
    78   L1s     -41522.64109092          0.30950342         19.65687856          0.00009767          0.00139144
    79   L1s     -41522.68272021          0.18220323          8.79362298          0.00022296          0.00305169
    80   L1s     -41522.71198406          0.31094301         20.81352924          0.00015960          0.00215292
    81   L1s     -41522.73189647          0.21376426          7.74750896          0.00010929          0.00142758
    82   L1s     -41522.78126984          0.21491807          9.21256307          0.00027444          0.00345988
    83   L1s     -41522.79414680          0.25189997         15.01694524          0.00007238          0.00088852
    84   L1s     -41522.82728866          0.17882630          7.75852082          0.00018792          0.00218013
    85   L1s     -41522.85467325          0.30130467         20.22826423          0.00015789          0.00180487
    86   L1s     -41522.87312480          0.19952829          6.77415347          0.00010699          0.00121930
    87   L1s     -41522.91560921          0.20377664          8.72010587          0.00024941          0.00283270
    88   L1s     -41522.92712993          0.23894418         14.33675779          0.00006841          0.00077490
    89   L1s     -41522.95871638          0.18340628          5.24782688          0.00018917          0.00213009
    90   L0s     -41522.98864486          0.31978750         22.10270260          0.00018917          0.00212527
    91   L1s     -41523.00612220          0.16962203          4.60639754          0.00010803          0.00119776
    92   L1s     -41523.03330488          0.20403411         10.00131724          0.00014873          0.00163231
    93   L1s     -41523.04371585          0.22025975         12.15640726          0.00005779          0.00062857
    94   L1s     -41523.07743401          0.17283991          6.06449293          0.00018938          0.00202303
    95   L1s     -41523.09535934          0.29189845         19.75196299          0.00010245          0.00108682
    96   L1s     -41523.11722420          0.16731927          5.69576194          0.00012572          0.00131191
    97   L1s     -41523.14670136          0.23334941         14.21614527          0.00017247          0.00204323
    98   L1s     -41523.15674324          0.17443175          7.24651375          0.00005929          0.00059220
    99   L1s     -41523.17981680          0.14435066          4.71387839          0.00013849          0.00140531
----------------------------------------------------------------------------------------------------------------

Minimization converged.

-------------------  Conjugate Gradient Minimizer Statistics -------------------
Iterations             =             99  Function Calls         =            195
--------------------------------------------------------------------------------
