
#-----------------------------------------------------------------------------#
#                                                                             #
#                                EasyHybrid                                   #
#                   - A pDynamo graphical user interface -                    #
#                                                                             #
#-----------------------------------------------------------------------------#
#                                                                             #
#     Developed by Jose Fernando R Bachega and Luis Fernando S M Timmers      #
#                            <ferbachega@gmail.com>                           #
#                                                                             #
#             visit: https://sites.google.com/site/EasyHybrid/                #
#                   Univesity of Sao Paulo - SP, Brazil                       #
#      Pontifical Catholic University of Rio Grande do Sul - RS, Brazil       #
#                                                                             #
#                                                                             #
#   EasyHybrid team:                               Special thanks to:         #
#   - Jose Fernando R Bachega           |         - Fernando V Maluf          #
#   - Michele Silva                     |                                     #
#   - Luis Fernando S M Timmers         |                                     #
#   - Martin Field                      |         - Leonardo R Bachega        #
#   - Troy Wymore                       |         - Lucas Assirati            #
#   - Osmar Norberto de Souza           |         - Richard Garratt           #
#   - Walter R Paixao-Cortes            |                                     #
#                                                                             #
#   Cite this work as:                                                        #
#   J.F.R. Bachega, L.F.S.M. Timmers, L.Assirati, L.B. Bachega, M.J. Field,   #
#   T. Wymore. J. Comput. Chem. 2013, 34, 2190-2196. DOI: 10.1002/jcc.23346   #
#                                                                             #
#-----------------------------------------------------------------------------#

Generated on Wed Nov 29 16:33:41 2017


-------------------------------  Conjugate Gradient Minimizer Options ------------------------------
Beta Type                        =              1  Initial Step                     =            0.1
Line Searcher                    =           None  Log Frequency                    =              1
Maximum Iterations               =           5000  Maximum Theta                    =          1e+10
Minimum Theta                    =          1e-10  RMS Gradient Tolerance           =           0.15
Steepest Descent Tolerance       =          0.001  Use Spectral Theta               =           True
----------------------------------------------------------------------------------------------------

----------------------------------------------------------------------------------------------------------------
  Iteration       Function          RMS Gradient        Max. |Grad.|          RMS Disp.         Max. |Disp.|
----------------------------------------------------------------------------------------------------------------
     0     I     -41478.61437996         18.65921774       1399.01032565          0.00096615          0.07243891
     1   L1s     -41514.33812154          1.14638456         82.41337132          0.00035487          0.02446684
     2   L1s     -41515.94787732          1.10252196         67.33591672          0.00026333          0.02020006
     3   L1s     -41516.19642537          0.93607891         39.97634322          0.00005729          0.00215900
     4   L1s     -41516.61551770          0.47854816         15.36282396          0.00012841          0.00483955
     5   L1s     -41516.96940371          0.53740055         17.66480032          0.00017625          0.00748153
     6   L1s     -41517.13985240          0.74315274         48.22089665          0.00010336          0.00442311
     7   L1s     -41517.25467373          0.40640638         15.89622842          0.00007545          0.00300714
     8   L1s     -41517.42796330          0.31049891         10.03580938          0.00013916          0.00607851
     9   L1s     -41517.53284230          0.38862292         15.60958696          0.00010516          0.00476822
    10   L1s     -41517.58112017          0.47965026         29.43112172          0.00005370          0.00249234
    11   L1s     -41517.70665236          0.32775034          9.74990972          0.00014796          0.00694982
    12   L1s     -41517.86157433          0.35016866         11.30916612          0.00020253          0.00926891
    13   L1s     -41517.95353613          0.52205597         33.05776309          0.00012983          0.00584693
    14   L1s     -41518.01022943          0.33468060         11.25135894          0.00008257          0.00352747
    15   L1s     -41518.11008993          0.24481428          7.87248511          0.00015570          0.00601307
    16   L0s     -41518.19537035          0.29339236         14.06964912          0.00015570          0.00577048
    17   L1s     -41518.21543745          0.29981766         16.35653895          0.00003803          0.00134967
    18   L1s     -41518.27389581          0.22310327          5.97510469          0.00011188          0.00371059
    19   L0s     -41518.32969464          0.16387373          4.28958066          0.00011188          0.00328956
    20   L1s     -41518.34404962          0.23407692         16.85541039          0.00003253          0.00090249
    21   L0s     -41518.35736302          0.13405914          3.88826212          0.00003253          0.00079119
----------------------------------------------------------------------------------------------------------------

Minimization converged.

-------------------  Conjugate Gradient Minimizer Statistics -------------------
Iterations             =             21  Function Calls         =             40
--------------------------------------------------------------------------------
