
#-----------------------------------------------------------------------------#
#                                                                             #
#                                EasyHybrid                                   #
#                   - A pDynamo graphical user interface -                    #
#                                                                             #
#-----------------------------------------------------------------------------#
#                                                                             #
#     Developed by Jose Fernando R Bachega and Luis Fernando S M Timmers      #
#                            <ferbachega@gmail.com>                           #
#                                                                             #
#             visit: https://sites.google.com/site/EasyHybrid/                #
#                   Univesity of Sao Paulo - SP, Brazil                       #
#      Pontifical Catholic University of Rio Grande do Sul - RS, Brazil       #
#                                                                             #
#                                                                             #
#   EasyHybrid team:                               Special thanks to:         #
#   - Jose Fernando R Bachega           |         - Fernando V Maluf          #
#   - Michele Silva                     |                                     #
#   - Luis Fernando S M Timmers         |                                     #
#   - Martin Field                      |         - Leonardo R Bachega        #
#   - Troy Wymore                       |         - Lucas Assirati            #
#   - Osmar Norberto de Souza           |         - Richard Garratt           #
#   - Walter R Paixao-Cortes            |                                     #
#                                                                             #
#   Cite this work as:                                                        #
#   J.F.R. Bachega, L.F.S.M. Timmers, L.Assirati, L.B. Bachega, M.J. Field,   #
#   T. Wymore. J. Comput. Chem. 2013, 34, 2190-2196. DOI: 10.1002/jcc.23346   #
#                                                                             #
#-----------------------------------------------------------------------------#

Generated on Wed Nov 29 16:32:14 2017


-------------------------------  Conjugate Gradient Minimizer Options ------------------------------
Beta Type                        =              1  Initial Step                     =            0.1
Line Searcher                    =           None  Log Frequency                    =              1
Maximum Iterations               =           5000  Maximum Theta                    =          1e+10
Minimum Theta                    =          1e-10  RMS Gradient Tolerance           =           0.15
Steepest Descent Tolerance       =          0.001  Use Spectral Theta               =           True
----------------------------------------------------------------------------------------------------

----------------------------------------------------------------------------------------------------------------
  Iteration       Function          RMS Gradient        Max. |Grad.|          RMS Disp.         Max. |Disp.|
----------------------------------------------------------------------------------------------------------------
     0     I     -41484.10207804         18.80215804       1403.67039426          0.00096615          0.07212767
     1   L1s     -41520.19351100          1.04682080         74.13923579          0.00035582          0.02427733
     2   L1s     -41521.48813374          1.02566561         63.39020351          0.00023177          0.01781031
     3   L1s     -41521.68756642          0.81061485         32.66644195          0.00004990          0.00189801
     4   L1s     -41522.03061894          0.43905360         11.96593642          0.00011724          0.00417641
     5   L1s     -41522.30844262          0.48145015         12.98428162          0.00015208          0.00601804
     6   L1s     -41522.45942045          0.71474237         46.36603034          0.00010122          0.00423074
     7   L1s     -41522.56625505          0.39805962         12.97602499          0.00007696          0.00364580
     8   L1s     -41522.73145306          0.31339199          8.87068281          0.00014210          0.00743677
     9   L1s     -41522.83833176          0.38334584         14.17783262          0.00011171          0.00606224
    10   L1s     -41522.89079975          0.51020686         32.20461065          0.00006055          0.00334353
    11   L1s     -41523.01205032          0.30319805          9.04518661          0.00014682          0.00821891
    12   L1s     -41523.14311869          0.28889827          7.39307629          0.00017795          0.00980405
    13   L1s     -41523.21221501          0.46856842         30.18539880          0.00010392          0.00566948
    14   L1s     -41523.25678987          0.27594084          8.49089986          0.00006934          0.00363381
    15   L1s     -41523.32187408          0.21300058          6.15271480          0.00011040          0.00537662
    16   L0s     -41523.38377817          0.20858019          9.40733594          0.00011040          0.00492809
    17   L1s     -41523.39687491          0.24557809         14.97933966          0.00002636          0.00111788
    18   L1s     -41523.43425374          0.19034057          5.06219142          0.00008390          0.00329501
    19   L1s     -41523.47284151          0.13927829          3.42457761          0.00009436          0.00333816
----------------------------------------------------------------------------------------------------------------

Minimization converged.

-------------------  Conjugate Gradient Minimizer Statistics -------------------
Iterations             =             19  Function Calls         =             38
--------------------------------------------------------------------------------
