
#-----------------------------------------------------------------------------#
#                                                                             #
#                                EasyHybrid                                   #
#                   - A pDynamo graphical user interface -                    #
#                                                                             #
#-----------------------------------------------------------------------------#
#                                                                             #
#     Developed by Jose Fernando R Bachega and Luis Fernando S M Timmers      #
#                            <ferbachega@gmail.com>                           #
#                                                                             #
#             visit: https://sites.google.com/site/EasyHybrid/                #
#                   Univesity of Sao Paulo - SP, Brazil                       #
#      Pontifical Catholic University of Rio Grande do Sul - RS, Brazil       #
#                                                                             #
#                                                                             #
#   EasyHybrid team:                               Special thanks to:         #
#   - Jose Fernando R Bachega           |         - Fernando V Maluf          #
#   - Michele Silva                     |                                     #
#   - Luis Fernando S M Timmers         |                                     #
#   - Martin Field                      |         - Leonardo R Bachega        #
#   - Troy Wymore                       |         - Lucas Assirati            #
#   - Osmar Norberto de Souza           |         - Richard Garratt           #
#   - Walter R Paixao-Cortes            |                                     #
#                                                                             #
#   Cite this work as:                                                        #
#   J.F.R. Bachega, L.F.S.M. Timmers, L.Assirati, L.B. Bachega, M.J. Field,   #
#   T. Wymore. J. Comput. Chem. 2013, 34, 2190-2196. DOI: 10.1002/jcc.23346   #
#                                                                             #
#-----------------------------------------------------------------------------#

Generated on Wed Nov 29 16:24:53 2017


-------------------------------  Conjugate Gradient Minimizer Options ------------------------------
Beta Type                        =              1  Initial Step                     =            0.1
Line Searcher                    =           None  Log Frequency                    =              1
Maximum Iterations               =           5000  Maximum Theta                    =          1e+10
Minimum Theta                    =          1e-10  RMS Gradient Tolerance           =           0.15
Steepest Descent Tolerance       =          0.001  Use Spectral Theta               =           True
----------------------------------------------------------------------------------------------------

----------------------------------------------------------------------------------------------------------------
  Iteration       Function          RMS Gradient        Max. |Grad.|          RMS Disp.         Max. |Disp.|
----------------------------------------------------------------------------------------------------------------
     0     I     -41518.55657032         18.53667356       1346.15450994          0.00096615          0.07016290
     1   L1s     -41555.24259459          0.78144159         51.70395635          0.00037053          0.02389032
     2   L1s     -41556.11531526          0.67881653         36.68996696          0.00020658          0.01202573
     3   L1s     -41556.43293017          0.50534783         20.89034549          0.00011459          0.00491957
     4   L1s     -41556.74830941          0.51559515         20.61369840          0.00016291          0.00665517
     5   L1s     -41556.86545142          0.76568025         47.77250181          0.00007388          0.00327498
     6   L1s     -41557.11319774          0.40057222         13.02788622          0.00016757          0.00793919
     7   L0s     -41557.30703773          0.39732971         14.63403967          0.00016757          0.00858201
     8   L1s     -41557.43611755          0.32930577         13.72766206          0.00012593          0.00719155
     9   L1s     -41557.47181396          0.42245582         24.78715434          0.00003874          0.00232873
    10   L1s     -41557.59144567          0.28112949          6.10290685          0.00014025          0.00848283
    11   L1s     -41557.65741549          0.21495626          6.33915192          0.00008878          0.00495761
    12   L1s     -41557.69191152          0.30043219         16.48404318          0.00005529          0.00295014
    13   L1s     -41557.71098319          0.20003503          8.24063268          0.00003278          0.00160793
    14   L1s     -41557.75178426          0.17845167          4.89277958          0.00007983          0.00367327
    15   L1s     -41557.78353576          0.16198137          5.81592341          0.00007045          0.00293702
    16   L1s     -41557.79480951          0.23391757         14.44258181          0.00002815          0.00110473
    17   L1s     -41557.81721042          0.14143457          4.46437787          0.00005874          0.00189501
----------------------------------------------------------------------------------------------------------------

Minimization converged.

-------------------  Conjugate Gradient Minimizer Statistics -------------------
Iterations             =             17  Function Calls         =             34
--------------------------------------------------------------------------------
