
#-----------------------------------------------------------------------------#
#                                                                             #
#                                EasyHybrid                                   #
#                   - A pDynamo graphical user interface -                    #
#                                                                             #
#-----------------------------------------------------------------------------#
#                                                                             #
#     Developed by Jose Fernando R Bachega and Luis Fernando S M Timmers      #
#                            <ferbachega@gmail.com>                           #
#                                                                             #
#             visit: https://sites.google.com/site/EasyHybrid/                #
#                   Univesity of Sao Paulo - SP, Brazil                       #
#      Pontifical Catholic University of Rio Grande do Sul - RS, Brazil       #
#                                                                             #
#                                                                             #
#   EasyHybrid team:                               Special thanks to:         #
#   - Jose Fernando R Bachega           |         - Fernando V Maluf          #
#   - Michele Silva                     |                                     #
#   - Luis Fernando S M Timmers         |                                     #
#   - Martin Field                      |         - Leonardo R Bachega        #
#   - Troy Wymore                       |         - Lucas Assirati            #
#   - Osmar Norberto de Souza           |         - Richard Garratt           #
#   - Walter R Paixao-Cortes            |                                     #
#                                                                             #
#   Cite this work as:                                                        #
#   J.F.R. Bachega, L.F.S.M. Timmers, L.Assirati, L.B. Bachega, M.J. Field,   #
#   T. Wymore. J. Comput. Chem. 2013, 34, 2190-2196. DOI: 10.1002/jcc.23346   #
#                                                                             #
#-----------------------------------------------------------------------------#

Generated on Wed Nov 29 16:32:24 2017


-------------------------------  Conjugate Gradient Minimizer Options ------------------------------
Beta Type                        =              1  Initial Step                     =            0.1
Line Searcher                    =           None  Log Frequency                    =              1
Maximum Iterations               =           5000  Maximum Theta                    =          1e+10
Minimum Theta                    =          1e-10  RMS Gradient Tolerance           =           0.15
Steepest Descent Tolerance       =          0.001  Use Spectral Theta               =           True
----------------------------------------------------------------------------------------------------

----------------------------------------------------------------------------------------------------------------
  Iteration       Function          RMS Gradient        Max. |Grad.|          RMS Disp.         Max. |Disp.|
----------------------------------------------------------------------------------------------------------------
     0     I     -41484.02727093         18.75813821       1406.38564186          0.00096615          0.07243678
     1   L1s     -41519.90781123          1.06494917         77.14052283          0.00035455          0.02473501
     2   L1s     -41521.27502114          1.05012386         65.16930042          0.00024069          0.01869631
     3   L1s     -41521.47997258          0.81244915         32.73716857          0.00005021          0.00186503
     4   L1s     -41521.82711262          0.44752545         14.53376211          0.00011722          0.00432445
     5   L1s     -41522.11335418          0.49050390         14.79077521          0.00015409          0.00601210
     6   L1s     -41522.27012217          0.70668540         45.55885321          0.00010325          0.00417169
     7   L1s     -41522.37197184          0.40352045         13.59016059          0.00007237          0.00330003
     8   L1s     -41522.53714658          0.30945596          9.40585496          0.00014025          0.00709860
     9   L1s     -41522.63814114          0.36346299         11.40164990          0.00010516          0.00557096
    10   L1s     -41522.69532848          0.55168259         36.56993431          0.00006643          0.00357885
    11   L1s     -41522.82958190          0.33170720          9.76809347          0.00016244          0.00887198
    12   L1s     -41522.97923027          0.34690189         10.17400037          0.00019943          0.01074175
    13   L1s     -41523.08604228          0.48829218         29.93370935          0.00015345          0.00814001
    14   L1s     -41523.13117921          0.32382460         12.66932868          0.00006710          0.00340501
    15   L1s     -41523.21569129          0.22855476          7.20271357          0.00013469          0.00619435
    16   L0s     -41523.29163595          0.23143840          9.37109850          0.00013469          0.00561798
    17   L1s     -41523.30862534          0.28931853         17.95183789          0.00003317          0.00130211
    18   L1s     -41523.35214458          0.21137440          5.20910341          0.00008993          0.00317512
    19   L1s     -41523.39927393          0.14491315          4.05620440          0.00010568          0.00313226
----------------------------------------------------------------------------------------------------------------

Minimization converged.

-------------------  Conjugate Gradient Minimizer Statistics -------------------
Iterations             =             19  Function Calls         =             38
--------------------------------------------------------------------------------
