
#-----------------------------------------------------------------------------#
#                                                                             #
#                                EasyHybrid                                   #
#                   - A pDynamo graphical user interface -                    #
#                                                                             #
#-----------------------------------------------------------------------------#
#                                                                             #
#     Developed by Jose Fernando R Bachega and Luis Fernando S M Timmers      #
#                            <ferbachega@gmail.com>                           #
#                                                                             #
#             visit: https://sites.google.com/site/EasyHybrid/                #
#                   Univesity of Sao Paulo - SP, Brazil                       #
#      Pontifical Catholic University of Rio Grande do Sul - RS, Brazil       #
#                                                                             #
#                                                                             #
#   EasyHybrid team:                               Special thanks to:         #
#   - Jose Fernando R Bachega           |         - Fernando V Maluf          #
#   - Michele Silva                     |                                     #
#   - Luis Fernando S M Timmers         |                                     #
#   - Martin Field                      |         - Leonardo R Bachega        #
#   - Troy Wymore                       |         - Lucas Assirati            #
#   - Osmar Norberto de Souza           |         - Richard Garratt           #
#   - Walter R Paixao-Cortes            |                                     #
#                                                                             #
#   Cite this work as:                                                        #
#   J.F.R. Bachega, L.F.S.M. Timmers, L.Assirati, L.B. Bachega, M.J. Field,   #
#   T. Wymore. J. Comput. Chem. 2013, 34, 2190-2196. DOI: 10.1002/jcc.23346   #
#                                                                             #
#-----------------------------------------------------------------------------#

Generated on Wed Nov 29 16:31:24 2017


-------------------------------  Conjugate Gradient Minimizer Options ------------------------------
Beta Type                        =              1  Initial Step                     =            0.1
Line Searcher                    =           None  Log Frequency                    =              1
Maximum Iterations               =           5000  Maximum Theta                    =          1e+10
Minimum Theta                    =          1e-10  RMS Gradient Tolerance           =           0.15
Steepest Descent Tolerance       =          0.001  Use Spectral Theta               =           True
----------------------------------------------------------------------------------------------------

----------------------------------------------------------------------------------------------------------------
  Iteration       Function          RMS Gradient        Max. |Grad.|          RMS Disp.         Max. |Disp.|
----------------------------------------------------------------------------------------------------------------
     0     I     -41475.77339264         18.84534592       1413.05257914          0.00096615          0.07244337
     1   L1s     -41512.29570541          0.94935638         67.38404182          0.00035920          0.02465770
     2   L1s     -41513.38903161          1.00149949         64.14004867          0.00021582          0.01680092
     3   L1s     -41513.56305181          0.69863502         25.45033730          0.00004632          0.00170249
     4   L1s     -41513.84522302          0.42098113         11.77836692          0.00010701          0.00353610
     5   L1s     -41514.06544031          0.44521746         12.51768278          0.00012877          0.00515846
     6   L1s     -41514.21307398          0.62839501         39.78071502          0.00010616          0.00453820
     7   L1s     -41514.29052579          0.39480803         13.99351093          0.00006033          0.00291540
     8   L1s     -41514.45130444          0.29810737          8.36498342          0.00014665          0.00784568
     9   L1s     -41514.55341164          0.33366468          9.92946881          0.00011289          0.00630798
    10   L1s     -41514.60531106          0.51420187         34.39393120          0.00006435          0.00364829
    11   L1s     -41514.70273014          0.28111813          8.20466271          0.00012587          0.00725127
    12   L1s     -41514.81558441          0.26841768          7.78008245          0.00016394          0.00931548
    13   L1s     -41514.88254090          0.37271120         21.77973172          0.00010786          0.00603909
    14   L1s     -41514.91069833          0.27775470         12.20926726          0.00004749          0.00257420
    15   L1s     -41514.96385109          0.19999289          5.98742768          0.00009648          0.00487232
    16   L1s     -41515.01865386          0.18445188          5.00065124          0.00011175          0.00515553
    17   L1s     -41515.03538756          0.27364402         18.59468687          0.00003809          0.00168942
    18   L1s     -41515.05805080          0.18602757          4.74583827          0.00005386          0.00221238
    19   L1s     -41515.09526545          0.13365339          4.42443331          0.00009596          0.00346377
----------------------------------------------------------------------------------------------------------------

Minimization converged.

-------------------  Conjugate Gradient Minimizer Statistics -------------------
Iterations             =             19  Function Calls         =             39
--------------------------------------------------------------------------------
