
#-----------------------------------------------------------------------------#
#                                                                             #
#                                EasyHybrid                                   #
#                   - A pDynamo graphical user interface -                    #
#                                                                             #
#-----------------------------------------------------------------------------#
#                                                                             #
#     Developed by Jose Fernando R Bachega and Luis Fernando S M Timmers      #
#                            <ferbachega@gmail.com>                           #
#                                                                             #
#             visit: https://sites.google.com/site/EasyHybrid/                #
#                   Univesity of Sao Paulo - SP, Brazil                       #
#      Pontifical Catholic University of Rio Grande do Sul - RS, Brazil       #
#                                                                             #
#                                                                             #
#   EasyHybrid team:                               Special thanks to:         #
#   - Jose Fernando R Bachega           |         - Fernando V Maluf          #
#   - Michele Silva                     |                                     #
#   - Luis Fernando S M Timmers         |                                     #
#   - Martin Field                      |         - Leonardo R Bachega        #
#   - Troy Wymore                       |         - Lucas Assirati            #
#   - Osmar Norberto de Souza           |         - Richard Garratt           #
#   - Walter R Paixao-Cortes            |                                     #
#                                                                             #
#   Cite this work as:                                                        #
#   J.F.R. Bachega, L.F.S.M. Timmers, L.Assirati, L.B. Bachega, M.J. Field,   #
#   T. Wymore. J. Comput. Chem. 2013, 34, 2190-2196. DOI: 10.1002/jcc.23346   #
#                                                                             #
#-----------------------------------------------------------------------------#

Generated on Wed Nov 29 16:33:32 2017


-------------------------------  Conjugate Gradient Minimizer Options ------------------------------
Beta Type                        =              1  Initial Step                     =            0.1
Line Searcher                    =           None  Log Frequency                    =              1
Maximum Iterations               =           5000  Maximum Theta                    =          1e+10
Minimum Theta                    =          1e-10  RMS Gradient Tolerance           =           0.15
Steepest Descent Tolerance       =          0.001  Use Spectral Theta               =           True
----------------------------------------------------------------------------------------------------

----------------------------------------------------------------------------------------------------------------
  Iteration       Function          RMS Gradient        Max. |Grad.|          RMS Disp.         Max. |Disp.|
----------------------------------------------------------------------------------------------------------------
     0     I     -41481.61252224         18.75046053       1400.40074826          0.00096615          0.07215806
     1   L1s     -41517.66832476          1.11118804         79.33131563          0.00035645          0.02444143
     2   L1s     -41519.15198191          1.07171324         65.12475722          0.00025027          0.01931212
     3   L1s     -41519.38402877          0.89617794         37.88239433          0.00005513          0.00212554
     4   L1s     -41519.76430552          0.46147483         13.10709002          0.00012074          0.00424669
     5   L1s     -41520.05515480          0.52082277         16.29567580          0.00015015          0.00583903
     6   L1s     -41520.22989229          0.70562546         45.34131193          0.00010969          0.00443325
     7   L1s     -41520.32689725          0.39964744         12.77785953          0.00006617          0.00271765
     8   L1s     -41520.49688900          0.31275490          9.49784450          0.00014071          0.00631598
     9   L1s     -41520.59496163          0.35517858         13.08530360          0.00010001          0.00469367
    10   L1s     -41520.63930179          0.47661618         30.22299502          0.00005089          0.00244389
    11   L1s     -41520.76177293          0.28133825          9.00625253          0.00014857          0.00725240
    12   L0s     -41520.87985476          0.26977543          7.20852285          0.00014857          0.00699529
    13   L1s     -41520.93419234          0.45900442         30.28004584          0.00007877          0.00367926
    14   L0s     -41520.98445229          0.27297008          8.25301163          0.00007877          0.00355515
    15   L1s     -41521.05168667          0.21938422          6.29903975          0.00011684          0.00495778
    16   L1s     -41521.10189549          0.34427612         22.48727577          0.00009599          0.00397098
    17   L1s     -41521.12333127          0.20629686          6.80645428          0.00004259          0.00163300
    18   L1s     -41521.16491711          0.19576602          5.93927874          0.00009075          0.00335785
    19   L0s     -41521.20379482          0.21941638         12.03742401          0.00009075          0.00324010
    20   L1s     -41521.21308677          0.16418649          8.38172350          0.00002322          0.00078742
    21   L1s     -41521.23056579          0.11256544          2.99316523          0.00004932          0.00152780
----------------------------------------------------------------------------------------------------------------

Minimization converged.

-------------------  Conjugate Gradient Minimizer Statistics -------------------
Iterations             =             21  Function Calls         =             40
--------------------------------------------------------------------------------
