
#-----------------------------------------------------------------------------#
#                                                                             #
#                                EasyHybrid                                   #
#                   - A pDynamo graphical user interface -                    #
#                                                                             #
#-----------------------------------------------------------------------------#
#                                                                             #
#     Developed by Jose Fernando R Bachega and Luis Fernando S M Timmers      #
#                            <ferbachega@gmail.com>                           #
#                                                                             #
#             visit: https://sites.google.com/site/EasyHybrid/                #
#                   Univesity of Sao Paulo - SP, Brazil                       #
#      Pontifical Catholic University of Rio Grande do Sul - RS, Brazil       #
#                                                                             #
#                                                                             #
#   EasyHybrid team:                               Special thanks to:         #
#   - Jose Fernando R Bachega           |         - Fernando V Maluf          #
#   - Michele Silva                     |                                     #
#   - Luis Fernando S M Timmers         |                                     #
#   - Martin Field                      |         - Leonardo R Bachega        #
#   - Troy Wymore                       |         - Lucas Assirati            #
#   - Osmar Norberto de Souza           |         - Richard Garratt           #
#   - Walter R Paixao-Cortes            |                                     #
#                                                                             #
#   Cite this work as:                                                        #
#   J.F.R. Bachega, L.F.S.M. Timmers, L.Assirati, L.B. Bachega, M.J. Field,   #
#   T. Wymore. J. Comput. Chem. 2013, 34, 2190-2196. DOI: 10.1002/jcc.23346   #
#                                                                             #
#-----------------------------------------------------------------------------#

Generated on Wed Nov 29 16:30:35 2017


-------------------------------  Conjugate Gradient Minimizer Options ------------------------------
Beta Type                        =              1  Initial Step                     =            0.1
Line Searcher                    =           None  Log Frequency                    =              1
Maximum Iterations               =           5000  Maximum Theta                    =          1e+10
Minimum Theta                    =          1e-10  RMS Gradient Tolerance           =           0.15
Steepest Descent Tolerance       =          0.001  Use Spectral Theta               =           True
----------------------------------------------------------------------------------------------------

----------------------------------------------------------------------------------------------------------------
  Iteration       Function          RMS Gradient        Max. |Grad.|          RMS Disp.         Max. |Disp.|
----------------------------------------------------------------------------------------------------------------
     0     I     -41448.95086041         18.89352456       1421.73184863          0.00096615          0.07270247
     1   L1s     -41486.94368860          0.75173308         46.18203441          0.00037252          0.02239962
     2   L1s     -41487.60552187          0.91843201         60.95275106          0.00016473          0.01245267
     3   L1s     -41487.75069819          0.56723964         19.02569098          0.00004593          0.00200473
     4   L1s     -41487.93214423          0.32686762          9.36952167          0.00008322          0.00287716
     5   L1s     -41488.07988634          0.33237037         11.17320589          0.00010860          0.00428919
     6   L1s     -41488.16837809          0.49694512         31.33012668          0.00008192          0.00311511
     7   L1s     -41488.22156622          0.33178107         11.76972342          0.00005316          0.00211357
     8   L1s     -41488.30656138          0.23988521          6.68792787          0.00009749          0.00457908
     9   L0s     -41488.38043847          0.23207573          5.55333002          0.00009749          0.00499318
    10   L1s     -41488.42362354          0.44454831         30.63609080          0.00006735          0.00351682
    11   L1s     -41488.47921272          0.24060466          7.07062116          0.00009070          0.00491449
    12   L1s     -41488.53995461          0.20313675          6.89808159          0.00010971          0.00602383
    13   L1s     -41488.58073571          0.24056842         13.17203276          0.00008264          0.00450278
    14   L1s     -41488.59329130          0.20430295         10.11041704          0.00002725          0.00146526
    15   L1s     -41488.62252207          0.13806339          3.75841534          0.00006884          0.00354022
----------------------------------------------------------------------------------------------------------------

Minimization converged.

-------------------  Conjugate Gradient Minimizer Statistics -------------------
Iterations             =             15  Function Calls         =             30
--------------------------------------------------------------------------------
