
#-----------------------------------------------------------------------------#
#                                                                             #
#                                EasyHybrid                                   #
#                   - A pDynamo graphical user interface -                    #
#                                                                             #
#-----------------------------------------------------------------------------#
#                                                                             #
#     Developed by Jose Fernando R Bachega and Luis Fernando S M Timmers      #
#                            <ferbachega@gmail.com>                           #
#                                                                             #
#             visit: https://sites.google.com/site/EasyHybrid/                #
#                   Univesity of Sao Paulo - SP, Brazil                       #
#      Pontifical Catholic University of Rio Grande do Sul - RS, Brazil       #
#                                                                             #
#                                                                             #
#   EasyHybrid team:                               Special thanks to:         #
#   - Jose Fernando R Bachega           |         - Fernando V Maluf          #
#   - Michele Silva                     |                                     #
#   - Luis Fernando S M Timmers         |                                     #
#   - Martin Field                      |         - Leonardo R Bachega        #
#   - Troy Wymore                       |         - Lucas Assirati            #
#   - Osmar Norberto de Souza           |         - Richard Garratt           #
#   - Walter R Paixao-Cortes            |                                     #
#                                                                             #
#   Cite this work as:                                                        #
#   J.F.R. Bachega, L.F.S.M. Timmers, L.Assirati, L.B. Bachega, M.J. Field,   #
#   T. Wymore. J. Comput. Chem. 2013, 34, 2190-2196. DOI: 10.1002/jcc.23346   #
#                                                                             #
#-----------------------------------------------------------------------------#

Generated on Wed Nov 29 16:23:06 2017


-------------------------------  Conjugate Gradient Minimizer Options ------------------------------
Beta Type                        =              1  Initial Step                     =            0.1
Line Searcher                    =           None  Log Frequency                    =              1
Maximum Iterations               =           5000  Maximum Theta                    =          1e+10
Minimum Theta                    =          1e-10  RMS Gradient Tolerance           =           0.15
Steepest Descent Tolerance       =          0.001  Use Spectral Theta               =           True
----------------------------------------------------------------------------------------------------

----------------------------------------------------------------------------------------------------------------
  Iteration       Function          RMS Gradient        Max. |Grad.|          RMS Disp.         Max. |Disp.|
----------------------------------------------------------------------------------------------------------------
     0     I     -41542.85801346         17.58587496       1240.94345778          0.00096615          0.06817615
     1   L1s     -41578.96678976          1.01036782         56.61644752          0.00038425          0.02064850
     2   L1s     -41580.54192223          0.72955375         28.06988420          0.00028872          0.01685424
     3   L1s     -41581.07614888          0.75568495         36.14256660          0.00016764          0.00977298
     4   L1s     -41581.22883932          0.72203344         34.43295468          0.00006069          0.00345741
     5   L1s     -41581.57285262          0.57383214         20.23888943          0.00016366          0.00831371
     6   L0s     -41581.86553438          0.37548700         12.42895720          0.00016366          0.00802349
     7   L1s     -41582.04140339          0.46285346         20.73179311          0.00012998          0.00665811
     8   L1s     -41582.10217670          0.43727299         22.27241125          0.00005170          0.00280501
     9   L1s     -41582.18420277          0.29769601          9.02176710          0.00007812          0.00484248
    10   L1s     -41582.30684040          0.23796365          9.14217250          0.00013980          0.00890222
    11   L1s     -41582.37190905          0.19803527          8.43391561          0.00008988          0.00475100
    12   L1s     -41582.39779392          0.31572242         16.30867849          0.00004333          0.00213562
    13   L1s     -41582.42779950          0.20228720          6.77362972          0.00005327          0.00231183
    14   L1s     -41582.47292896          0.16001016          4.56761389          0.00009031          0.00401155
    15   L1s     -41582.50786945          0.17749359          4.52384571          0.00008091          0.00349371
    16   L0s     -41582.53738030          0.23342997         12.37384631          0.00008091          0.00324596
    17   L1s     -41582.54942849          0.19678783          7.81467001          0.00003317          0.00116274
    18   L1s     -41582.57972735          0.16091107          4.48415105          0.00008079          0.00228543
    19   L0s     -41582.60801562          0.17863740          6.44440506          0.00008079          0.00243250
    20   L1s     -41582.61949336          0.22138505         13.48288563          0.00003508          0.00096085
    21   L1s     -41582.64814415          0.16972981          5.44320878          0.00009187          0.00244572
    22   L1s     -41582.68150060          0.18400198          6.08587347          0.00011304          0.00308001
    23   L1s     -41582.70362541          0.29329056         19.36257643          0.00007820          0.00233589
    24   L0s     -41582.72746478          0.13463461          3.25614684          0.00007820          0.00201107
----------------------------------------------------------------------------------------------------------------

Minimization converged.

-------------------  Conjugate Gradient Minimizer Statistics -------------------
Iterations             =             24  Function Calls         =             45
--------------------------------------------------------------------------------
