
#-----------------------------------------------------------------------------#
#                                                                             #
#                                EasyHybrid                                   #
#                   - A pDynamo graphical user interface -                    #
#                                                                             #
#-----------------------------------------------------------------------------#
#                                                                             #
#     Developed by Jose Fernando R Bachega and Luis Fernando S M Timmers      #
#                            <ferbachega@gmail.com>                           #
#                                                                             #
#             visit: https://sites.google.com/site/EasyHybrid/                #
#                   Univesity of Sao Paulo - SP, Brazil                       #
#      Pontifical Catholic University of Rio Grande do Sul - RS, Brazil       #
#                                                                             #
#                                                                             #
#   EasyHybrid team:                               Special thanks to:         #
#   - Jose Fernando R Bachega           |         - Fernando V Maluf          #
#   - Michele Silva                     |                                     #
#   - Luis Fernando S M Timmers         |                                     #
#   - Martin Field                      |         - Leonardo R Bachega        #
#   - Troy Wymore                       |         - Lucas Assirati            #
#   - Osmar Norberto de Souza           |         - Richard Garratt           #
#   - Walter R Paixao-Cortes            |                                     #
#                                                                             #
#   Cite this work as:                                                        #
#   J.F.R. Bachega, L.F.S.M. Timmers, L.Assirati, L.B. Bachega, M.J. Field,   #
#   T. Wymore. J. Comput. Chem. 2013, 34, 2190-2196. DOI: 10.1002/jcc.23346   #
#                                                                             #
#-----------------------------------------------------------------------------#

Generated on Wed Nov 29 16:25:23 2017


-------------------------------  Conjugate Gradient Minimizer Options ------------------------------
Beta Type                        =              1  Initial Step                     =            0.1
Line Searcher                    =           None  Log Frequency                    =              1
Maximum Iterations               =           5000  Maximum Theta                    =          1e+10
Minimum Theta                    =          1e-10  RMS Gradient Tolerance           =           0.15
Steepest Descent Tolerance       =          0.001  Use Spectral Theta               =           True
----------------------------------------------------------------------------------------------------

----------------------------------------------------------------------------------------------------------------
  Iteration       Function          RMS Gradient        Max. |Grad.|          RMS Disp.         Max. |Disp.|
----------------------------------------------------------------------------------------------------------------
     0     I     -41491.10108814         18.77774832       1364.55177912          0.00096615          0.07020870
     1   L1s     -41528.40385663          0.67662654         45.06317050          0.00037195          0.02424578
     2   L1s     -41529.00048016          0.61149373         34.35028960          0.00016415          0.01019948
     3   L1s     -41529.24114270          0.40046836         15.64306576          0.00009836          0.00398216
     4   L1s     -41529.46712449          0.38400167         11.64809461          0.00013954          0.00516923
     5   L1s     -41529.60926899          0.71663571         48.73110773          0.00011151          0.00430905
     6   L1s     -41529.72145192          0.36435306         12.36138516          0.00009272          0.00386227
     7   L1s     -41529.86432068          0.34544389         11.88847335          0.00013881          0.00623491
     8   L1s     -41529.96968866          0.24750502          6.84484110          0.00011709          0.00611091
     9   L0s     -41530.06227944          0.29063316          9.12476701          0.00011709          0.00623688
    10   L1s     -41530.11897734          0.39165097         24.55085612          0.00008234          0.00433321
    11   L1s     -41530.14921879          0.20784309          6.25875441          0.00004750          0.00233244
    12   L1s     -41530.19700473          0.18468041          5.13166606          0.00008644          0.00385500
    13   L0s     -41530.23874213          0.34605880         20.40878050          0.00008644          0.00374585
    14   L1s     -41530.26457536          0.24374354          9.13585300          0.00005527          0.00225202
    15   L1s     -41530.31545111          0.19492278          6.24758352          0.00011556          0.00398877
    16   L0s     -41530.35971841          0.27449925         15.01622189          0.00011556          0.00361575
    17   L1s     -41530.37551260          0.23973364         10.16843966          0.00004129          0.00134039
    18   L1s     -41530.41230481          0.17820516          4.95025545          0.00009395          0.00344776
    19   L1s     -41530.45410770          0.25318218         12.67737724          0.00011524          0.00417388
    20   L1s     -41530.47093800          0.26413116         13.73943191          0.00004802          0.00169974
    21   L1s     -41530.51618766          0.18643591          7.92212521          0.00013298          0.00456818
    22   L0s     -41530.55604787          0.24361172         10.77828714          0.00013298          0.00435698
    23   L1s     -41530.57015343          0.24538856         13.08151150          0.00004673          0.00144921
    24   L1s     -41530.60356202          0.16583613          5.94711123          0.00010658          0.00298538
    25   L1s     -41530.62891797          0.17053342          7.93360973          0.00008568          0.00220217
    26   L1s     -41530.63778516          0.20512128         10.98971023          0.00003151          0.00075917
    27   L1s     -41530.66264408          0.14104775          4.87370814          0.00009120          0.00181061
----------------------------------------------------------------------------------------------------------------

Minimization converged.

-------------------  Conjugate Gradient Minimizer Statistics -------------------
Iterations             =             27  Function Calls         =             51
--------------------------------------------------------------------------------
