
#-----------------------------------------------------------------------------#
#                                                                             #
#                                EasyHybrid                                   #
#                   - A pDynamo graphical user interface -                    #
#                                                                             #
#-----------------------------------------------------------------------------#
#                                                                             #
#     Developed by Jose Fernando R Bachega and Luis Fernando S M Timmers      #
#                            <ferbachega@gmail.com>                           #
#                                                                             #
#             visit: https://sites.google.com/site/EasyHybrid/                #
#                   Univesity of Sao Paulo - SP, Brazil                       #
#      Pontifical Catholic University of Rio Grande do Sul - RS, Brazil       #
#                                                                             #
#                                                                             #
#   EasyHybrid team:                               Special thanks to:         #
#   - Jose Fernando R Bachega           |         - Fernando V Maluf          #
#   - Michele Silva                     |                                     #
#   - Luis Fernando S M Timmers         |                                     #
#   - Martin Field                      |         - Leonardo R Bachega        #
#   - Troy Wymore                       |         - Lucas Assirati            #
#   - Osmar Norberto de Souza           |         - Richard Garratt           #
#   - Walter R Paixao-Cortes            |                                     #
#                                                                             #
#   Cite this work as:                                                        #
#   J.F.R. Bachega, L.F.S.M. Timmers, L.Assirati, L.B. Bachega, M.J. Field,   #
#   T. Wymore. J. Comput. Chem. 2013, 34, 2190-2196. DOI: 10.1002/jcc.23346   #
#                                                                             #
#-----------------------------------------------------------------------------#

Generated on Wed Nov 29 16:26:19 2017


-------------------------------  Conjugate Gradient Minimizer Options ------------------------------
Beta Type                        =              1  Initial Step                     =            0.1
Line Searcher                    =           None  Log Frequency                    =              1
Maximum Iterations               =           5000  Maximum Theta                    =          1e+10
Minimum Theta                    =          1e-10  RMS Gradient Tolerance           =           0.15
Steepest Descent Tolerance       =          0.001  Use Spectral Theta               =           True
----------------------------------------------------------------------------------------------------

----------------------------------------------------------------------------------------------------------------
  Iteration       Function          RMS Gradient        Max. |Grad.|          RMS Disp.         Max. |Disp.|
----------------------------------------------------------------------------------------------------------------
     0     I     -41439.71850305         18.89367039       1407.57366473          0.00096615          0.07197791
     1   L1s     -41478.49196185          0.49059095         23.93521104          0.00038442          0.01912198
     2   L1s     -41478.68151748          0.39843820         20.91338484          0.00007226          0.00391233
     3   L1s     -41478.83812538          0.28039845         12.19857105          0.00009458          0.00458525
     4   L1s     -41478.87276396          0.39998417         23.35101063          0.00003098          0.00117190
     5   L1s     -41478.93842055          0.27226293         12.48440495          0.00006626          0.00213079
     6   L1s     -41479.03316961          0.27168707          8.45055020          0.00011546          0.00400915
     7   L0s     -41479.11548581          0.24314673          7.54239875          0.00011546          0.00428531
     8   L1s     -41479.15869013          0.31967923         21.10747803          0.00006905          0.00264427
     9   L1s     -41479.18197245          0.24065738          7.81135804          0.00003956          0.00158361
    10   L1s     -41479.25585423          0.26305896          7.51188480          0.00013808          0.00541582
    11   L0s     -41479.33117923          0.22080165          9.75056274          0.00013808          0.00485824
    12   L1s     -41479.38808044          0.28727602         18.24209127          0.00011252          0.00368244
    13   L1s     -41479.40398505          0.19835014          7.46978724          0.00003448          0.00100498
    14   L1s     -41479.44540240          0.17686982          6.55303831          0.00009792          0.00305941
    15   L1s     -41479.48803669          0.21952988         10.71612603          0.00011045          0.00350499
    16   L1s     -41479.50159552          0.23537917         13.17527823          0.00003698          0.00118031
    17   L1s     -41479.53470239          0.15741544          5.11880314          0.00009404          0.00287924
    18   L0s     -41479.56739614          0.15306124          4.60192250          0.00009404          0.00271226
    19   L1s     -41479.58086810          0.23983360         16.10646537          0.00004227          0.00119666
    20   L1s     -41479.60100608          0.18367752          7.84660716          0.00006677          0.00183237
    21   L1s     -41479.63559955          0.15500786          4.60379740          0.00011997          0.00315752
    22   L1s     -41479.65415843          0.23221199         15.21703219          0.00006810          0.00177001
    23   L1s     -41479.66544907          0.13008403          4.04174403          0.00004241          0.00106811
----------------------------------------------------------------------------------------------------------------

Minimization converged.

-------------------  Conjugate Gradient Minimizer Statistics -------------------
Iterations             =             23  Function Calls         =             44
--------------------------------------------------------------------------------
