
#-----------------------------------------------------------------------------#
#                                                                             #
#                                EasyHybrid                                   #
#                   - A pDynamo graphical user interface -                    #
#                                                                             #
#-----------------------------------------------------------------------------#
#                                                                             #
#     Developed by Jose Fernando R Bachega and Luis Fernando S M Timmers      #
#                            <ferbachega@gmail.com>                           #
#                                                                             #
#             visit: https://sites.google.com/site/EasyHybrid/                #
#                   Univesity of Sao Paulo - SP, Brazil                       #
#      Pontifical Catholic University of Rio Grande do Sul - RS, Brazil       #
#                                                                             #
#                                                                             #
#   EasyHybrid team:                               Special thanks to:         #
#   - Jose Fernando R Bachega           |         - Fernando V Maluf          #
#   - Michele Silva                     |                                     #
#   - Luis Fernando S M Timmers         |                                     #
#   - Martin Field                      |         - Leonardo R Bachega        #
#   - Troy Wymore                       |         - Lucas Assirati            #
#   - Osmar Norberto de Souza           |         - Richard Garratt           #
#   - Walter R Paixao-Cortes            |                                     #
#                                                                             #
#   Cite this work as:                                                        #
#   J.F.R. Bachega, L.F.S.M. Timmers, L.Assirati, L.B. Bachega, M.J. Field,   #
#   T. Wymore. J. Comput. Chem. 2013, 34, 2190-2196. DOI: 10.1002/jcc.23346   #
#                                                                             #
#-----------------------------------------------------------------------------#

Generated on Wed Nov 29 16:30:19 2017


-------------------------------  Conjugate Gradient Minimizer Options ------------------------------
Beta Type                        =              1  Initial Step                     =            0.1
Line Searcher                    =           None  Log Frequency                    =              1
Maximum Iterations               =           5000  Maximum Theta                    =          1e+10
Minimum Theta                    =          1e-10  RMS Gradient Tolerance           =           0.15
Steepest Descent Tolerance       =          0.001  Use Spectral Theta               =           True
----------------------------------------------------------------------------------------------------

----------------------------------------------------------------------------------------------------------------
  Iteration       Function          RMS Gradient        Max. |Grad.|          RMS Disp.         Max. |Disp.|
----------------------------------------------------------------------------------------------------------------
     0     I     -41438.84419325         18.79340540       1413.27622318          0.00096615          0.07265509
     1   L1s     -41477.03206659          0.71302164         42.07828506          0.00037626          0.02261208
     2   L1s     -41477.52657459          0.82747412         52.33225306          0.00012961          0.00917571
     3   L1s     -41477.66555248          0.62776818         23.82385395          0.00004742          0.00259975
     4   L1s     -41477.88076394          0.30996248          8.74167460          0.00009762          0.00374657
     5   L1s     -41478.02612392          0.34627717         10.87131025          0.00011055          0.00448118
     6   L1s     -41478.12449511          0.52144258         32.82234400          0.00009182          0.00368927
     7   L1s     -41478.18322452          0.33991531         11.37121290          0.00005870          0.00209334
     8   L1s     -41478.27458468          0.27237035          7.78714676          0.00010416          0.00335700
     9   L1s     -41478.36908829          0.26218302          6.61413741          0.00012572          0.00451877
    10   L1s     -41478.42864182          0.52829069         36.37675106          0.00008985          0.00328603
    11   L1s     -41478.50852935          0.28089610          6.53609757          0.00012376          0.00465572
    12   L1s     -41478.59607189          0.25000904          6.42981468          0.00014770          0.00552128
    13   L1s     -41478.66543255          0.25847185         10.33523928          0.00012788          0.00463788
    14   L1s     -41478.68931169          0.33628593         20.91982369          0.00004729          0.00168014
    15   L1s     -41478.74536926          0.20612672          4.58706859          0.00011533          0.00378018
    16   L0s     -41478.79745704          0.18301843          5.65657877          0.00011533          0.00331112
    17   L1s     -41478.82959601          0.25415723         15.52964939          0.00007828          0.00209631
    18   L1s     -41478.84456708          0.22185140          9.21542122          0.00003831          0.00093751
    19   L1s     -41478.90057970          0.17602413          5.42534908          0.00015096          0.00318807
    20   L1s     -41478.93135788          0.17415281          6.53547940          0.00008923          0.00178304
    21   L1s     -41478.94909388          0.29110706         18.76990935          0.00005479          0.00107461
    22   L1s     -41478.97890909          0.19692379          7.03350224          0.00009406          0.00200807
    23   L1s     -41479.02098381          0.15082197          4.37956347          0.00013864          0.00252115
    24   L1s     -41479.04441315          0.20103194         13.39547807          0.00008237          0.00154700
    25   L1s     -41479.05381817          0.18232540          6.82479794          0.00003420          0.00069698
    26   L1s     -41479.09058660          0.18323021          4.25710743          0.00013893          0.00274248
    27   L1s     -41479.13459505          0.17454069          5.19368383          0.00017228          0.00334516
    28   L1s     -41479.15013124          0.26304095         17.88990268          0.00006299          0.00121473
    29   L1s     -41479.17219246          0.15929665          3.73677339          0.00009080          0.00171744
    30   L1s     -41479.21326784          0.16633365          4.19831539          0.00017597          0.00343490
    31   L1s     -41479.24658801          0.27183914         16.65322664          0.00014758          0.00273582
    32   L1s     -41479.26271000          0.20991944          8.87147913          0.00007226          0.00132761
    33   L1s     -41479.30013765          0.17141256          5.32613561          0.00017093          0.00313697
    34   L0s     -41479.33410621          0.18217012          6.29354729          0.00017093          0.00313191
    35   L1s     -41479.34946031          0.24262905         15.12394889          0.00007797          0.00143113
    36   L0s     -41479.36517172          0.14544877          4.21759513          0.00007797          0.00144615
----------------------------------------------------------------------------------------------------------------

Minimization converged.

-------------------  Conjugate Gradient Minimizer Statistics -------------------
Iterations             =             36  Function Calls         =             70
--------------------------------------------------------------------------------
