
#-----------------------------------------------------------------------------#
#                                                                             #
#                                EasyHybrid                                   #
#                   - A pDynamo graphical user interface -                    #
#                                                                             #
#-----------------------------------------------------------------------------#
#                                                                             #
#     Developed by Jose Fernando R Bachega and Luis Fernando S M Timmers      #
#                            <ferbachega@gmail.com>                           #
#                                                                             #
#             visit: https://sites.google.com/site/EasyHybrid/                #
#                   Univesity of Sao Paulo - SP, Brazil                       #
#      Pontifical Catholic University of Rio Grande do Sul - RS, Brazil       #
#                                                                             #
#                                                                             #
#   EasyHybrid team:                               Special thanks to:         #
#   - Jose Fernando R Bachega           |         - Fernando V Maluf          #
#   - Michele Silva                     |                                     #
#   - Luis Fernando S M Timmers         |                                     #
#   - Martin Field                      |         - Leonardo R Bachega        #
#   - Troy Wymore                       |         - Lucas Assirati            #
#   - Osmar Norberto de Souza           |         - Richard Garratt           #
#   - Walter R Paixao-Cortes            |                                     #
#                                                                             #
#   Cite this work as:                                                        #
#   J.F.R. Bachega, L.F.S.M. Timmers, L.Assirati, L.B. Bachega, M.J. Field,   #
#   T. Wymore. J. Comput. Chem. 2013, 34, 2190-2196. DOI: 10.1002/jcc.23346   #
#                                                                             #
#-----------------------------------------------------------------------------#

Generated on Wed Nov 29 16:26:30 2017


-------------------------------  Conjugate Gradient Minimizer Options ------------------------------
Beta Type                        =              1  Initial Step                     =            0.1
Line Searcher                    =           None  Log Frequency                    =              1
Maximum Iterations               =           5000  Maximum Theta                    =          1e+10
Minimum Theta                    =          1e-10  RMS Gradient Tolerance           =           0.15
Steepest Descent Tolerance       =          0.001  Use Spectral Theta               =           True
----------------------------------------------------------------------------------------------------

----------------------------------------------------------------------------------------------------------------
  Iteration       Function          RMS Gradient        Max. |Grad.|          RMS Disp.         Max. |Disp.|
----------------------------------------------------------------------------------------------------------------
     0     I     -41424.61389683         18.94562195       1415.26815785          0.00096615          0.07217293
     1   L1s     -41464.16616531          0.51719391         24.47935639          0.00039106          0.01890751
     2   L1s     -41464.33420940          0.34653532         19.22551728          0.00006083          0.00321612
     3   L1s     -41464.48210410          0.35015187         21.75004582          0.00009601          0.00439978
     4   L1s     -41464.51175494          0.32638236         13.89897893          0.00002483          0.00110600
     5   L1s     -41464.58660103          0.25686192          9.47785506          0.00007591          0.00267235
     6   L1s     -41464.67746280          0.27515003          9.54450289          0.00011327          0.00411924
     7   L0s     -41464.75344101          0.27517726         10.16185065          0.00011327          0.00408341
     8   L1s     -41464.77864550          0.31840433         20.21155685          0.00004089          0.00144582
     9   L1s     -41464.81849132          0.19091765          6.12420594          0.00006668          0.00219419
    10   L0s     -41464.85634938          0.16153685          4.25588912          0.00006668          0.00184650
    11   L1s     -41464.89201651          0.20290964         10.37204513          0.00007464          0.00182377
    12   L1s     -41464.90344563          0.21111874         11.13955320          0.00002708          0.00058819
    13   L1s     -41464.93416123          0.15829255          5.58259129          0.00007770          0.00173868
    14   L1s     -41464.97184511          0.17672026          5.73981619          0.00010520          0.00243957
    15   L1s     -41465.01668492          0.23288832          8.39190705          0.00013389          0.00314760
    16   L1s     -41465.03835316          0.30196887         19.45495861          0.00006702          0.00158230
    17   L1s     -41465.07567792          0.18480281          7.41172416          0.00011771          0.00272034
    18   L1s     -41465.11517699          0.20242131          6.29321082          0.00013100          0.00291484
    19   L1s     -41465.16556440          0.20071966          6.45585524          0.00017327          0.00373247
    20   L0s     -41465.20984068          0.39264223         27.24092098          0.00017327          0.00370027
    21   L1s     -41465.23798142          0.21250139          5.28965152          0.00010344          0.00210481
    22   L0s     -41465.27897421          0.18366842          9.06810809          0.00010344          0.00201403
    23   L1s     -41465.29733669          0.27634625         19.90323673          0.00004905          0.00094875
    24   L1s     -41465.32261325          0.17367689          6.90165103          0.00007224          0.00142395
    25   L1s     -41465.35660444          0.18423244          8.18040852          0.00010389          0.00205058
    26   L1s     -41465.36630643          0.20565956         12.27916795          0.00003125          0.00063964
    27   L1s     -41465.39467867          0.15226013          6.98481893          0.00009495          0.00204190
    28   L1s     -41465.41689218          0.22208514         14.06976961          0.00007917          0.00169882
    29   L1s     -41465.42831642          0.18340404          6.82951661          0.00004184          0.00088419
    30   L1s     -41465.46181511          0.15355421          3.82012628          0.00012734          0.00249309
    31   L1s     -41465.47855551          0.26138332         19.39519093          0.00006680          0.00126896
    32   L1s     -41465.49755333          0.16808739          5.68635097          0.00007701          0.00145996
    33   L1s     -41465.52839937          0.17674197          5.57810035          0.00012971          0.00255595
    34   L1s     -41465.54214179          0.25525549         16.93631266          0.00005959          0.00119724
    35   L1s     -41465.56980329          0.16997649          6.11986999          0.00012164          0.00255446
    36   L1s     -41465.60049172          0.20622518         10.44264064          0.00013900          0.00296956
    37   L1s     -41465.61211775          0.21401932         11.67738303          0.00005368          0.00116214
    38   L1s     -41465.64165547          0.17758242          7.38035843          0.00013879          0.00306214
    39   L1s     -41465.67453661          0.24522787         15.23727419          0.00015837          0.00355351
    40   L1s     -41465.68681488          0.17828224          7.19166151          0.00005988          0.00138796
    41   L1s     -41465.71735904          0.16735159          4.39808477          0.00015230          0.00360760
    42   L1s     -41465.74047219          0.29360726         19.96622742          0.00011806          0.00281061
    43   L0s     -41465.76214888          0.19713920          6.66998717          0.00011806          0.00284385
    44   L1s     -41465.80873251          0.18859995          7.56760680          0.00027382          0.00674447
    45   L1s     -41465.83888825          0.29684808         18.87121474          0.00016938          0.00419885
    46   L1s     -41465.85853905          0.18468413          6.42126888          0.00011110          0.00278468
    47   L1s     -41465.89895922          0.18193722          5.49538917          0.00023217          0.00585505
    48   L1s     -41465.93044058          0.28761177         19.01636510          0.00018354          0.00466017
    49   L1s     -41465.94885543          0.19799446          5.92874699          0.00010802          0.00279340
    50   L1s     -41465.99424266          0.18968159          5.31979499          0.00026977          0.00709394
    51   L1s     -41466.03289095          0.29106483         20.92567765          0.00023299          0.00614345
    52   L1s     -41466.05001613          0.18556513          4.88561617          0.00010385          0.00275081
    53   L1s     -41466.08481638          0.17732802          5.55326192          0.00021406          0.00578044
    54   L0s     -41466.11925592          0.25054018         16.61414176          0.00021406          0.00584559
    55   L1s     -41466.13365397          0.20520123          7.58828301          0.00009038          0.00250596
    56   L1s     -41466.17112782          0.16595300          4.41765622          0.00023929          0.00669643
    57   L0s     -41466.20436680          0.25668091         14.70761518          0.00023929          0.00676454
    58   L1s     -41466.21859263          0.22409183          9.35886152          0.00009682          0.00277485
    59   L1s     -41466.25018619          0.18000724          8.39155128          0.00019039          0.00558125
    60   L1s     -41466.28494751          0.22227936         12.36734363          0.00021247          0.00628289
    61   L1s     -41466.29759022          0.21966179         10.99371212          0.00007799          0.00232404
    62   L1s     -41466.34111091          0.18387403          4.21088459          0.00027096          0.00817029
    63   L1s     -41466.37410324          0.23877178         14.22682509          0.00020795          0.00633751
    64   L1s     -41466.38721213          0.20180843          8.95679482          0.00008326          0.00257783
    65   L1s     -41466.42332917          0.17879018          7.87423223          0.00023179          0.00730660
    66   L0s     -41466.46125996          0.26161744         16.56985814          0.00023179          0.00734413
    67   L1s     -41466.47755520          0.19913230          8.82232875          0.00010368          0.00331644
    68   L1s     -41466.51385727          0.18393377          5.20421892          0.00025940          0.00844464
    69   L1s     -41466.56284445          0.21129243          5.57993397          0.00035361          0.01167157
    70   L1s     -41466.58909019          0.33893939         23.62995001          0.00019083          0.00632250
    71   L1s     -41466.62725623          0.19875460          4.24665738          0.00027836          0.00925125
    72   L1s     -41466.67587589          0.19822538          6.33454989          0.00035674          0.01204853
    73   L1s     -41466.71301433          0.25438353         15.23943340          0.00027454          0.00937011
    74   L1s     -41466.73011411          0.24244884         10.82511733          0.00012710          0.00438247
    75   L1s     -41466.77282993          0.18929480          5.84242957          0.00031924          0.01110586
    76   L0s     -41466.81510762          0.18945575          5.54226405          0.00031924          0.01127857
    77   L1s     -41466.84094956          0.31434764         21.37466829          0.00019644          0.00697634
    78   L0s     -41466.86848267          0.19077568          5.63325078          0.00019644          0.00704662
    79   L1s     -41466.91174481          0.20933698          5.57848108          0.00027522          0.00997471
    80   L1s     -41466.93418515          0.33367112         23.71933075          0.00015091          0.00548963
    81   L1s     -41466.98122900          0.20054937          4.46982698          0.00031762          0.01160079
    82   L1s     -41467.03561163          0.27176626         14.48227678          0.00036967          0.01355662
    83   L1s     -41467.05315568          0.25284659         13.11922210          0.00011965          0.00441248
    84   L1s     -41467.11331744          0.23420968          5.37295517          0.00041282          0.01536057
    85   L0s     -41467.16959770          0.38175252         26.84340235          0.00041282          0.01531784
    86   L1s     -41467.19552788          0.22905868          5.10968443          0.00018342          0.00668599
    87   L1s     -41467.25315644          0.24646055          7.77962225          0.00034256          0.01263912
    88   L1s     -41467.27792974          0.33083613         22.37234628          0.00014850          0.00551020
    89   L1s     -41467.31842294          0.18701553          4.47256833          0.00024402          0.00897915
    90   L0s     -41467.35598905          0.29825785         17.87406896          0.00024402          0.00889968
    91   L1s     -41467.37609300          0.26555121         10.53768172          0.00012558          0.00452164
    92   L1s     -41467.42686649          0.21333457          8.16144550          0.00029369          0.01052083
    93   L1s     -41467.45355537          0.31205249         23.05931079          0.00015604          0.00557994
    94   L0s     -41467.47768231          0.20655328          7.19620551          0.00015604          0.00556294
    95   L1s     -41467.52593239          0.20919158          4.66576362          0.00035084          0.01229845
    96   L1s     -41467.55526781          0.34018258         23.55046201          0.00019441          0.00677251
    97   L0s     -41467.58674626          0.18713269          4.09100512          0.00019441          0.00657454
    98   L0s     -41467.62667444          0.21980897         12.00602578          0.00019441          0.00646666
    99   L1s     -41467.64097407          0.23255364         12.71579185          0.00007474          0.00245741
   100   L1s     -41467.67510476          0.18313623          7.15710045          0.00019092          0.00618938
   101   L1s     -41467.70524783          0.26536840         16.60282292          0.00017133          0.00547841
   102   L1s     -41467.72127689          0.20615912          8.31095145          0.00009176          0.00285234
   103   L1s     -41467.75484189          0.17189140          4.69685683          0.00019443          0.00582502
   104   L1s     -41467.77502346          0.27457983         19.08959719          0.00011885          0.00353916
   105   L0s     -41467.79401956          0.17499013          4.86561358          0.00011885          0.00354575
   106   L1s     -41467.82987182          0.16994605          3.86744241          0.00024473          0.00701465
   107   L1s     -41467.84703429          0.27335820         19.10848101          0.00011209          0.00316317
   108   L1s     -41467.87093249          0.17226696          3.30740613          0.00015683          0.00429160
   109   L1s     -41467.90024788          0.16811271          4.96524281          0.00019494          0.00529993
   110   L1s     -41467.91722872          0.26450165         17.72048021          0.00011444          0.00309380
   111   L1s     -41467.93861745          0.17199268          6.55604008          0.00014492          0.00380595
   112   L1s     -41467.96914293          0.18082626          4.27879992          0.00020924          0.00543994
   113   L1s     -41467.99243680          0.30442357         20.83104648          0.00016133          0.00422538
   114   L0s     -41468.01787147          0.16947207          3.61012067          0.00016133          0.00432084
   115   L0s     -41468.04776958          0.21388663         12.29438444          0.00016133          0.00439194
   116   L1s     -41468.05743197          0.18793101          8.30056902          0.00005403          0.00149766
   117   L1s     -41468.08390269          0.16314190          6.69495888          0.00013912          0.00394280
   118   L1s     -41468.10197941          0.27671854         19.91423326          0.00009724          0.00277667
   119   L1s     -41468.12297669          0.16359507          6.50147531          0.00011383          0.00332027
   120   L1s     -41468.14975378          0.18923060         10.50800973          0.00014846          0.00439486
   121   L1s     -41468.15804417          0.17259716          8.65443382          0.00004670          0.00140586
   122   L1s     -41468.17966304          0.14901761          4.76194861          0.00012397          0.00380789
----------------------------------------------------------------------------------------------------------------

Minimization converged.

-------------------  Conjugate Gradient Minimizer Statistics -------------------
Iterations             =            122  Function Calls         =            227
--------------------------------------------------------------------------------
