
#-----------------------------------------------------------------------------#
#                                                                             #
#                                EasyHybrid                                   #
#                   - A pDynamo graphical user interface -                    #
#                                                                             #
#-----------------------------------------------------------------------------#
#                                                                             #
#     Developed by Jose Fernando R Bachega and Luis Fernando S M Timmers      #
#                            <ferbachega@gmail.com>                           #
#                                                                             #
#             visit: https://sites.google.com/site/EasyHybrid/                #
#                   Univesity of Sao Paulo - SP, Brazil                       #
#      Pontifical Catholic University of Rio Grande do Sul - RS, Brazil       #
#                                                                             #
#                                                                             #
#   EasyHybrid team:                               Special thanks to:         #
#   - Jose Fernando R Bachega           |         - Fernando V Maluf          #
#   - Michele Silva                     |                                     #
#   - Luis Fernando S M Timmers         |                                     #
#   - Martin Field                      |         - Leonardo R Bachega        #
#   - Troy Wymore                       |         - Lucas Assirati            #
#   - Osmar Norberto de Souza           |         - Richard Garratt           #
#   - Walter R Paixao-Cortes            |                                     #
#                                                                             #
#   Cite this work as:                                                        #
#   J.F.R. Bachega, L.F.S.M. Timmers, L.Assirati, L.B. Bachega, M.J. Field,   #
#   T. Wymore. J. Comput. Chem. 2013, 34, 2190-2196. DOI: 10.1002/jcc.23346   #
#                                                                             #
#-----------------------------------------------------------------------------#

Generated on Wed Nov 29 16:31:02 2017


-------------------------------  Conjugate Gradient Minimizer Options ------------------------------
Beta Type                        =              1  Initial Step                     =            0.1
Line Searcher                    =           None  Log Frequency                    =              1
Maximum Iterations               =           5000  Maximum Theta                    =          1e+10
Minimum Theta                    =          1e-10  RMS Gradient Tolerance           =           0.15
Steepest Descent Tolerance       =          0.001  Use Spectral Theta               =           True
----------------------------------------------------------------------------------------------------

----------------------------------------------------------------------------------------------------------------
  Iteration       Function          RMS Gradient        Max. |Grad.|          RMS Disp.         Max. |Disp.|
----------------------------------------------------------------------------------------------------------------
     0     I     -41469.68463980         18.91839451       1424.75155901          0.00096615          0.07276111
     1   L1s     -41506.68340174          0.90932914         63.63182491          0.00036244          0.02455533
     2   L1s     -41507.70459772          0.98843740         66.40631133          0.00021049          0.01621800
     3   L1s     -41507.86596901          0.63795904         20.52406062          0.00004423          0.00164794
     4   L1s     -41508.12440988          0.38754566         14.43430282          0.00010428          0.00389248
     5   L1s     -41508.33459807          0.40445196         15.89309700          0.00013234          0.00505150
     6   L1s     -41508.45201766          0.60556202         38.85000961          0.00009158          0.00331554
     7   L1s     -41508.52765228          0.35722602         15.48909849          0.00006348          0.00263264
     8   L1s     -41508.64951673          0.26311885          9.95127718          0.00012059          0.00567472
     9   L0s     -41508.74001313          0.34434967         10.37908594          0.00012059          0.00596035
    10   L1s     -41508.78439611          0.46284543         30.28586779          0.00006081          0.00305104
    11   L1s     -41508.85923805          0.26372128          8.09876304          0.00010287          0.00526211
    12   L1s     -41508.94509213          0.26467503          7.92112999          0.00013255          0.00677384
    13   L0s     -41509.02360097          0.27265974          8.62047694          0.00013255          0.00662955
    14   L1s     -41509.06934560          0.43683629         29.43490057          0.00008344          0.00413241
    15   L0s     -41509.11749601          0.22158278          6.22287620          0.00008344          0.00368912
    16   L1s     -41509.18939333          0.27487719         15.61112088          0.00011346          0.00470526
    17   L1s     -41509.20436641          0.23731421         11.43096603          0.00002634          0.00101993
    18   L1s     -41509.26280286          0.23174004          7.96197710          0.00011270          0.00406443
    19   L1s     -41509.30537090          0.33863250         23.77158693          0.00008905          0.00310364
    20   L1s     -41509.32646087          0.19328424          5.99517370          0.00004561          0.00145093
    21   L1s     -41509.35994276          0.16553555          4.12083398          0.00007934          0.00238741
    22   L1s     -41509.37901052          0.32467161         22.56455278          0.00005005          0.00152112
    23   L1s     -41509.41475267          0.19759875          7.02384792          0.00009604          0.00299704
    24   L0s     -41509.44621949          0.18439392          9.36190578          0.00009604          0.00302770
    25   L1s     -41509.45672733          0.23954477         12.45071200          0.00003383          0.00106634
    26   L1s     -41509.48904845          0.18364694          4.54131952          0.00010317          0.00320916
    27   L1s     -41509.53734291          0.33352310         21.86380214          0.00016179          0.00496245
    28   L1s     -41509.55937849          0.24704436          9.06975719          0.00007483          0.00222273
    29   L1s     -41509.60483868          0.19443804          6.77257263          0.00015814          0.00437167
    30   L1s     -41509.63892890          0.38005714         25.56036734          0.00012284          0.00334008
    31   L0s     -41509.67280828          0.22952202          8.80026273          0.00012284          0.00321662
    32   L1s     -41509.73826325          0.23558398          9.11474468          0.00024215          0.00606257
    33   L1s     -41509.75627445          0.31295877         21.48465986          0.00006844          0.00166549
    34   L1s     -41509.82012313          0.25653103          6.77543461          0.00024556          0.00563917
    35   L1s     -41509.90067630          0.42487225         27.36795304          0.00031397          0.00699945
    36   L1s     -41509.93272907          0.26595563          9.02914579          0.00012573          0.00257149
    37   L1s     -41509.99772106          0.22126419         10.71241453          0.00025874          0.00525870
    38   L1s     -41510.02653764          0.38016463         27.02701811          0.00011716          0.00238079
    39   L1s     -41510.06870651          0.19501906          6.61621002          0.00017272          0.00349638
    40   L1s     -41510.10321562          0.21676859          8.64309803          0.00014513          0.00292265
    41   L1s     -41510.11718512          0.25594796         15.86767469          0.00005995          0.00120227
    42   L1s     -41510.15023691          0.16973248          5.11150577          0.00014390          0.00285037
    43   L0s     -41510.18459234          0.25973433         16.53639841          0.00014390          0.00282974
    44   L1s     -41510.19817275          0.17014496          7.52229918          0.00006014          0.00117050
    45   L1s     -41510.23355141          0.19847052          6.82922677          0.00018839          0.00362835
    46   L1s     -41510.27671029          0.24498470         13.18320537          0.00023354          0.00445384
    47   L1s     -41510.28940690          0.21304955         10.73957108          0.00006933          0.00130388
    48   L1s     -41510.32482770          0.16441420          4.87487073          0.00019592          0.00358545
    49   L0s     -41510.36292692          0.21555432         10.19514700          0.00019592          0.00356847
    50   L1s     -41510.37659486          0.23206288         14.05481493          0.00007431          0.00136770
    51   L1s     -41510.40758333          0.14909261          4.67870236          0.00018511          0.00348310
----------------------------------------------------------------------------------------------------------------

Minimization converged.

-------------------  Conjugate Gradient Minimizer Statistics -------------------
Iterations             =             51  Function Calls         =             96
--------------------------------------------------------------------------------
