
#-----------------------------------------------------------------------------#
#                                                                             #
#                                EasyHybrid                                   #
#                   - A pDynamo graphical user interface -                    #
#                                                                             #
#-----------------------------------------------------------------------------#
#                                                                             #
#     Developed by Jose Fernando R Bachega and Luis Fernando S M Timmers      #
#                            <ferbachega@gmail.com>                           #
#                                                                             #
#             visit: https://sites.google.com/site/EasyHybrid/                #
#                   Univesity of Sao Paulo - SP, Brazil                       #
#      Pontifical Catholic University of Rio Grande do Sul - RS, Brazil       #
#                                                                             #
#                                                                             #
#   EasyHybrid team:                               Special thanks to:         #
#   - Jose Fernando R Bachega           |         - Fernando V Maluf          #
#   - Michele Silva                     |                                     #
#   - Luis Fernando S M Timmers         |                                     #
#   - Martin Field                      |         - Leonardo R Bachega        #
#   - Troy Wymore                       |         - Lucas Assirati            #
#   - Osmar Norberto de Souza           |         - Richard Garratt           #
#   - Walter R Paixao-Cortes            |                                     #
#                                                                             #
#   Cite this work as:                                                        #
#   J.F.R. Bachega, L.F.S.M. Timmers, L.Assirati, L.B. Bachega, M.J. Field,   #
#   T. Wymore. J. Comput. Chem. 2013, 34, 2190-2196. DOI: 10.1002/jcc.23346   #
#                                                                             #
#-----------------------------------------------------------------------------#

Generated on Wed Nov 29 16:30:43 2017


-------------------------------  Conjugate Gradient Minimizer Options ------------------------------
Beta Type                        =              1  Initial Step                     =            0.1
Line Searcher                    =           None  Log Frequency                    =              1
Maximum Iterations               =           5000  Maximum Theta                    =          1e+10
Minimum Theta                    =          1e-10  RMS Gradient Tolerance           =           0.15
Steepest Descent Tolerance       =          0.001  Use Spectral Theta               =           True
----------------------------------------------------------------------------------------------------

----------------------------------------------------------------------------------------------------------------
  Iteration       Function          RMS Gradient        Max. |Grad.|          RMS Disp.         Max. |Disp.|
----------------------------------------------------------------------------------------------------------------
     0     I     -41457.12509151         18.85097069       1419.74911323          0.00096615          0.07276497
     1   L1s     -41494.46435211          0.81241896         52.91573640          0.00036700          0.02317416
     2   L1s     -41495.27804599          0.95992342         64.85508661          0.00018760          0.01443828
     3   L1s     -41495.42828960          0.57167243         17.79909435          0.00004451          0.00172620
     4   L1s     -41495.63218990          0.35099193          9.55425323          0.00009039          0.00323384
     5   L1s     -41495.80778338          0.34746931         10.55150677          0.00012192          0.00503885
     6   L1s     -41495.90840879          0.56884069         37.43515225          0.00008846          0.00389277
     7   L1s     -41495.97543178          0.31956052          9.80549414          0.00006291          0.00321017
     8   L1s     -41496.08264987          0.31177747         10.62176786          0.00011864          0.00659232
     9   L1s     -41496.19549314          0.32309802          8.45597157          0.00014194          0.00820431
    10   L1s     -41496.28215857          0.60451107         42.08792539          0.00012002          0.00697634
    11   L0s     -41496.37278441          0.31528646          8.92082201          0.00012002          0.00674568
    12   L1s     -41496.49015655          0.31758321         15.81225811          0.00014450          0.00784576
    13   L1s     -41496.51662733          0.34604205         19.18307667          0.00003743          0.00198474
    14   L1s     -41496.58754170          0.22673275          6.90271678          0.00010736          0.00532187
    15   L1s     -41496.63278827          0.29233607         17.72450819          0.00007810          0.00371743
    16   L1s     -41496.64909359          0.20903548          8.87523704          0.00003000          0.00133703
    17   L1s     -41496.68425161          0.14582857          4.17015715          0.00007194          0.00282308
----------------------------------------------------------------------------------------------------------------

Minimization converged.

-------------------  Conjugate Gradient Minimizer Statistics -------------------
Iterations             =             17  Function Calls         =             34
--------------------------------------------------------------------------------
