
#-----------------------------------------------------------------------------#
#                                                                             #
#                                EasyHybrid                                   #
#                   - A pDynamo graphical user interface -                    #
#                                                                             #
#-----------------------------------------------------------------------------#
#                                                                             #
#     Developed by Jose Fernando R Bachega and Luis Fernando S M Timmers      #
#                            <ferbachega@gmail.com>                           #
#                                                                             #
#             visit: https://sites.google.com/site/EasyHybrid/                #
#                   Univesity of Sao Paulo - SP, Brazil                       #
#      Pontifical Catholic University of Rio Grande do Sul - RS, Brazil       #
#                                                                             #
#                                                                             #
#   EasyHybrid team:                               Special thanks to:         #
#   - Jose Fernando R Bachega           |         - Fernando V Maluf          #
#   - Michele Silva                     |                                     #
#   - Luis Fernando S M Timmers         |                                     #
#   - Martin Field                      |         - Leonardo R Bachega        #
#   - Troy Wymore                       |         - Lucas Assirati            #
#   - Osmar Norberto de Souza           |         - Richard Garratt           #
#   - Walter R Paixao-Cortes            |                                     #
#                                                                             #
#   Cite this work as:                                                        #
#   J.F.R. Bachega, L.F.S.M. Timmers, L.Assirati, L.B. Bachega, M.J. Field,   #
#   T. Wymore. J. Comput. Chem. 2013, 34, 2190-2196. DOI: 10.1002/jcc.23346   #
#                                                                             #
#-----------------------------------------------------------------------------#

Generated on Wed Nov 29 16:25:12 2017


-------------------------------  Conjugate Gradient Minimizer Options ------------------------------
Beta Type                        =              1  Initial Step                     =            0.1
Line Searcher                    =           None  Log Frequency                    =              1
Maximum Iterations               =           5000  Maximum Theta                    =          1e+10
Minimum Theta                    =          1e-10  RMS Gradient Tolerance           =           0.15
Steepest Descent Tolerance       =          0.001  Use Spectral Theta               =           True
----------------------------------------------------------------------------------------------------

----------------------------------------------------------------------------------------------------------------
  Iteration       Function          RMS Gradient        Max. |Grad.|          RMS Disp.         Max. |Disp.|
----------------------------------------------------------------------------------------------------------------
     0     I     -41501.74178236         18.63923909       1353.10202330          0.00096615          0.07013694
     1   L1s     -41538.54425996          0.70712597         46.95795382          0.00036968          0.02399350
     2   L1s     -41539.23655708          0.63406880         37.64243164          0.00018221          0.01100021
     3   L1s     -41539.50828365          0.44809832         19.91866919          0.00010649          0.00430445
     4   L1s     -41539.76028081          0.47000956         16.61834570          0.00014376          0.00555789
     5   L1s     -41539.84706085          0.66264600         41.40143230          0.00006031          0.00225166
     6   L1s     -41540.06198170          0.35702314         11.24122086          0.00016125          0.00667495
     7   L0s     -41540.22414041          0.36263334         11.67384678          0.00016125          0.00754567
     8   L1s     -41540.32784961          0.25397317          8.53020164          0.00011329          0.00623101
     9   L1s     -41540.43254704          0.28935317          9.67667885          0.00012605          0.00694098
    10   L1s     -41540.46127131          0.34630192         22.19170738          0.00003921          0.00214326
    11   L1s     -41540.50466841          0.21963829          7.23044402          0.00006370          0.00330834
    12   L1s     -41540.55593103          0.18872117          5.21664793          0.00008702          0.00426851
    13   L1s     -41540.60804236          0.21152793          4.84395769          0.00010234          0.00475631
    14   L0s     -41540.65108590          0.25063475         13.14119003          0.00010234          0.00443084
    15   L1s     -41540.66358019          0.22245453          9.73429865          0.00002996          0.00114646
    16   L1s     -41540.70016560          0.17616823          4.50436120          0.00008377          0.00296887
    17   L0s     -41540.73134689          0.18685156          6.52561839          0.00008377          0.00309933
    18   L1s     -41540.74356004          0.24993930         14.95626791          0.00003448          0.00129420
    19   L1s     -41540.77449382          0.18696292          5.75711877          0.00008767          0.00343981
    20   L1s     -41540.81163147          0.16865942          5.04092328          0.00011180          0.00420262
    21   L1s     -41540.83328227          0.30110494         19.50070936          0.00006946          0.00256809
    22   L0s     -41540.85592012          0.15965250          4.28595773          0.00006946          0.00235393
    23   L1s     -41540.88473902          0.16752076          7.47054095          0.00008156          0.00267550
    24   L1s     -41540.89241656          0.18318591         10.31976311          0.00002419          0.00076968
    25   L1s     -41540.90926340          0.12946029          4.45433348          0.00005579          0.00158744
----------------------------------------------------------------------------------------------------------------

Minimization converged.

-------------------  Conjugate Gradient Minimizer Statistics -------------------
Iterations             =             25  Function Calls         =             47
--------------------------------------------------------------------------------
