
#-----------------------------------------------------------------------------#
#                                                                             #
#                                EasyHybrid                                   #
#                   - A pDynamo graphical user interface -                    #
#                                                                             #
#-----------------------------------------------------------------------------#
#                                                                             #
#     Developed by Jose Fernando R Bachega and Luis Fernando S M Timmers      #
#                            <ferbachega@gmail.com>                           #
#                                                                             #
#             visit: https://sites.google.com/site/EasyHybrid/                #
#                   Univesity of Sao Paulo - SP, Brazil                       #
#      Pontifical Catholic University of Rio Grande do Sul - RS, Brazil       #
#                                                                             #
#                                                                             #
#   EasyHybrid team:                               Special thanks to:         #
#   - Jose Fernando R Bachega           |         - Fernando V Maluf          #
#   - Michele Silva                     |                                     #
#   - Luis Fernando S M Timmers         |                                     #
#   - Martin Field                      |         - Leonardo R Bachega        #
#   - Troy Wymore                       |         - Lucas Assirati            #
#   - Osmar Norberto de Souza           |         - Richard Garratt           #
#   - Walter R Paixao-Cortes            |                                     #
#                                                                             #
#   Cite this work as:                                                        #
#   J.F.R. Bachega, L.F.S.M. Timmers, L.Assirati, L.B. Bachega, M.J. Field,   #
#   T. Wymore. J. Comput. Chem. 2013, 34, 2190-2196. DOI: 10.1002/jcc.23346   #
#                                                                             #
#-----------------------------------------------------------------------------#

Generated on Wed Nov 29 16:22:37 2017


--------------------------------------------------------------------------------
                     Summary for System "MtSDH_28_Nov_2017"
--------------------------------------------------------------------------------

---------------------------- Atom Container Summary ----------------------------
Number of Atoms        =           7432  Number of Heavy Atoms  =           3101
Number of Hydrogens    =           4331  Number of Unknowns     =              0
--------------------------------------------------------------------------------

----------------------------- Connectivity Summary -----------------------------
Atoms                  =           7432
--------------------------------------------------------------------------------

------------------------------- Electronic State -------------------------------
Charge                 =              0  Multiplicity           =              1
--------------------------------------------------------------------------------

--------------------------------------------------------------------------------
                 Summary for Energy Model "AMBER/AM1DPHOT/ABFS"
--------------------------------------------------------------------------------

----------------------------------- Summary for MM Model "AMBER" -----------------------------------
LJ 1-4 Scaling                   =          0.500  El. 1-4 Scaling                  =          0.833
Number of MM Atoms               =           7432  Number of MM Atom Types          =             48
Number of Inactive MM Atoms      =             64  Total MM Charge                  =          -5.00
Harmonic Bond Terms              =           7464  Harmonic Bond Parameters         =             71
Harmonic Bond Inactive           =           3759  Fourier Improper Terms           =            707
Fourier Improper Parameters      =              8  Fourier Improper Inactive        =            196
Harmonic Angle Terms             =           6793  Harmonic Angle Parameters        =            102
Harmonic Angle Inactive          =           2038  Fourier Dihedral Terms           =          12480
Fourier Dihedral Parameters      =            183  Fourier Dihedral Inactive        =           3520
Exclusions                       =          23942  1-4 Interactions                 =           9685
LJ Parameters Form               =          AMBER  LJ Parameters Types              =             48
1-4 Lennard-Jones Form           =          AMBER  1-4 Lennard-Jones Types          =             48
----------------------------------------------------------------------------------------------------

------------------------ Summary for QC Model "AM1DPHOT" -----------------------
Number of QC Atoms     =             66  Boundary Atoms         =              2
Nuclear Charge         =            186  Orbital Functions      =            165
Fitting Functions      =              0  Energy Base Line       =      244.02128
QC Parameter Centers   =              4
--------------------------------------------------------------------------------

----------------------------- ABFS NB Model Summary ----------------------------
Dielectric             =       1.000000  El. 1-4 Scaling        =       0.833333
Damping Cutoff         =       0.500000  Inner Cutoff           =       8.000000
List Cutoff            =      13.500000  Outer Cutoff           =      12.000000
QC/MM Coupling         =    RC Coupling  Use Centering          =          False
--------------------------------------------------------------------------------

-------------------------- Pairlist Generator Summary --------------------------
Cell Size              =          6.750  Cutoff                 =         13.500
Cutoff Cell Size Factor =          0.500  Grid Cell/Cell Method  =           True
Minimum Cell Extent    =              2  Minimum Cell Size      =          3.000
Minimum Extent Factor  =          1.500  Minimum Points         =            500
Sort Indices           =          False
--------------------------------------------------------------------------------

---------------------------- Hard Constraint Container Summary ---------------------------
Number of Charge Constraints  =            0  Number of Fixed Atoms         =         3861
------------------------------------------------------------------------------------------

------------------------------- Sequence Summary -------------------------------
Number of Atoms            =       7432  Number of Components       =       1490
Number of Entities         =          1  Number of Linear Polymers  =          0
Number of Links            =          0  Number of Variants         =          0
--------------------------------------------------------------------------------


--------------------------------------------------------------------------------
                              EasyHybrid SCAN
--------------------------------------------------------------------------------

------------------------ EasyHybrid SCAN Multiple-Distance ----------------------
ATOM1                  =           3633  ATOM NAME1             =              C
ATOM2*                 =           3635  ATOM NAME2             =              H
ATOM3                  =           3704  ATOM NAME3             =              C
NWINDOWS               =             40  FORCE CONSTANT         =           4000
DMINIMUM               =       -2.01729  MAX INTERACTIONS       =           5000
STEP SIZE              =      0.1000000  RMS GRAD               =      0.1500000
Sigma atom1 - atom3    =        1.00000  Sigma atom3 - atom1    =       -1.00000
--------------------------------------------------------------------------------

---------------------------------------------------------------------------
      Frame     distance-pK1-pK2      distance-pK2-pK3         Energy      
---------------------------------------------------------------------------
        0       1.129007374791        3.146293177328      -41585.244242569999
        1       1.131080912354        3.048747559099      -41585.338471709998
        2       1.134220340000        2.952490108319      -41584.787696860003
        3       1.134907155909        2.853564941628      -41583.954626510000
        4       1.136961229141        2.756133844216      -41582.727464780000
        5       1.141062780545        2.661249126366      -41580.862279100002
        6       1.141102004882        2.561646663180      -41579.643080360001
        7       1.146873678779        2.468251148672      -41576.878791579999
        8       1.150301554470        2.372804228174      -41573.279542630000
        9       1.156030343868        2.279697923250      -41568.617661969998
       10       1.159620564200        2.184272211762      -41564.448272790003
       11       1.169183012764        2.095970537360      -41557.817210419998
       12       1.175798530844        2.003394484073      -41549.988929370003
       13       1.185766119526        1.915313358043      -41540.909263399997
       14       1.196390372342        1.827329424802      -41530.662644080003
       15       1.207856645705        1.740050586546      -41520.774013080001
       16       1.228138629829        1.662203201761      -41508.162782680003
       17       1.249028625832        1.584469478977      -41494.241569990001
       18       1.274707635241        1.510809094957      -41479.665449070002
       19       1.303500861534        1.437378329174      -41468.179663039999
       20       1.343716623816        1.374758696199      -41455.995806890001
       21       1.393594141633        1.318650019723      -41447.930350559996
       22       1.465229771443        1.279728010223      -41447.866349950003
       23       1.541354848040        1.250752896790      -41452.679851909998
       24       1.625994873466        1.230663417060      -41468.749412520003
       25       1.706271385730        1.211576294380      -41479.365171719997
       26       1.785857546129        1.192516353801      -41488.622522070000
       27       1.870506031345        1.178600564271      -41496.684251610001
       28       1.959281271724        1.169066747212      -41503.683404609998
       29       2.050648631861        1.161228389693      -41510.407583330001
       30       2.139256444115        1.151785715498      -41515.095265450000
       31       2.229741847247        1.144032152205      -41518.233009470001
       32       2.326332535203        1.141231595541      -41522.191710730003
       33       2.417754183548        1.134348166256      -41523.472841510003
       34       2.510821391888        1.128851468489      -41523.399273930001
       35       2.604642474799        1.123907544024      -41522.231086460000
       36       2.707395272748        1.126641410419      -41523.179816800002
       37       2.799669346120        1.120226597916      -41521.230565790000
       38       2.895674274871        1.116983384251      -41518.357363019997
       39       3.006214660481        1.125749753436      -41538.994940329998